wandb: Using wandb-core as the SDK backend.  Please refer to https://wandb.me/wandb-core for more information.
wandb: Currently logged in as: luca_inghilterra (luca_inghilterra-unimore). Use `wandb login --relogin` to force relogin
wandb: Tracking run with wandb version 0.19.1
wandb: Run data is saved locally in /work/tesi_linghilterra/AIforBioinformatics/src/mcat/wandb/run-20241223_134622-byskjg91
wandb: Run `wandb offline` to turn off syncing.
wandb: Syncing run fine-thunder-49
wandb:  View project at https://wandb.ai/luca_inghilterra-unimore/TCGA-BRCA-COMP
wandb:  View run at https://wandb.ai/luca_inghilterra-unimore/TCGA-BRCA-COMP/runs/byskjg91
Traceback (most recent call last):
  File "/work/tesi_linghilterra/AIforBioinformatics/src/mcat/6_mcat.py", line 396, in <module>
    title(f'[{datetime.datetime.now().strftime("%d/%m/%Y - %H:%M:%S")}] - MCAT finished')
  File "/work/tesi_linghilterra/AIforBioinformatics/src/mcat/6_mcat.py", line 368, in main
    validate(epoch, config, device, val_loader, model, loss_function, reg_function)
  File "/work/tesi_linghilterra/AIforBioinformatics/src/mcat/6_mcat.py", line 96, in train
    event_times = event_times.detach().cpu().numpy()
  File "/homes/linghilterra/.conda/envs/MachineLearning/lib/python3.10/site-packages/sksurv/metrics.py", line 216, in concordance_index_censored
    event_indicator, event_time, estimate = _check_inputs(event_indicator, event_time, estimate)
  File "/homes/linghilterra/.conda/envs/MachineLearning/lib/python3.10/site-packages/sksurv/metrics.py", line 47, in _check_inputs
    estimate = _check_estimate_1d(estimate, event_time)
  File "/homes/linghilterra/.conda/envs/MachineLearning/lib/python3.10/site-packages/sksurv/metrics.py", line 36, in _check_estimate_1d
    estimate = check_array(estimate, ensure_2d=False, input_name="estimate")
  File "/homes/linghilterra/.conda/envs/MachineLearning/lib/python3.10/site-packages/sklearn/utils/validation.py", line 1064, in check_array
    _assert_all_finite(
  File "/homes/linghilterra/.conda/envs/MachineLearning/lib/python3.10/site-packages/sklearn/utils/validation.py", line 123, in _assert_all_finite
    _assert_all_finite_element_wise(
  File "/homes/linghilterra/.conda/envs/MachineLearning/lib/python3.10/site-packages/sklearn/utils/validation.py", line 172, in _assert_all_finite_element_wise
    raise ValueError(msg_err)
ValueError: Input estimate contains NaN.
