wandb: Using wandb-core as the SDK backend.  Please refer to https://wandb.me/wandb-core for more information.
wandb: Currently logged in as: luca_inghilterra (luca_inghilterra-unimore). Use `wandb login --relogin` to force relogin
wandb: Tracking run with wandb version 0.19.1
wandb: Run data is saved locally in /work/tesi_linghilterra/AIforBioinformatics/src/mcat/wandb/run-20241220_155329-4378xr6n
wandb: Run `wandb offline` to turn off syncing.
wandb: Syncing run feasible-snow-21
wandb: ⭐️ View project at https://wandb.ai/luca_inghilterra-unimore/TCGA-BRCA-COMP
wandb: 🚀 View run at https://wandb.ai/luca_inghilterra-unimore/TCGA-BRCA-COMP/runs/4378xr6n
/homes/linghilterra/.conda/envs/MachineLearning/lib/python3.10/site-packages/torch/nn/modules/transformer.py:286: UserWarning: enable_nested_tensor is True, but self.use_nested_tensor is False because encoder_layer.self_attn.batch_first was not True(use batch_first for better inference performance)
  warnings.warn(f"enable_nested_tensor is True, but self.use_nested_tensor is False because {why_not_sparsity_fast_path}")
Traceback (most recent call last):
  File "/work/tesi_linghilterra/AIforBioinformatics/src/mcat/6_mcat.py", line 345, in <module>
    main('../../config/files/mcat.yaml')
  File "/work/tesi_linghilterra/AIforBioinformatics/src/mcat/6_mcat.py", line 326, in main
    train(epoch, config, device, train_loader, model, loss_function, optimizer, scheduler, reg_function)
  File "/work/tesi_linghilterra/AIforBioinformatics/src/mcat/6_mcat.py", line 95, in train
    torch.save({
  File "/homes/linghilterra/.conda/envs/MachineLearning/lib/python3.10/site-packages/torch/serialization.py", line 628, in save
    with _open_zipfile_writer(f) as opened_zipfile:
  File "/homes/linghilterra/.conda/envs/MachineLearning/lib/python3.10/site-packages/torch/serialization.py", line 502, in _open_zipfile_writer
    return container(name_or_buffer)
  File "/homes/linghilterra/.conda/envs/MachineLearning/lib/python3.10/site-packages/torch/serialization.py", line 473, in __init__
    super().__init__(torch._C.PyTorchFileWriter(self.name))
RuntimeError: Parent directory checkpoints does not exist.
