wandb: Using wandb-core as the SDK backend.  Please refer to https://wandb.me/wandb-core for more information.
wandb: Currently logged in as: luca_inghilterra (luca_inghilterra-unimore). Use `wandb login --relogin` to force relogin
wandb: Tracking run with wandb version 0.19.1
wandb: Run data is saved locally in /work/tesi_linghilterra/AIforBioinformatics/src/mcat/wandb/run-20241223_133559-caq0bo48
wandb: Run `wandb offline` to turn off syncing.
wandb: Syncing run bumbling-snowflake-48
wandb:  View project at https://wandb.ai/luca_inghilterra-unimore/TCGA-BRCA-COMP
wandb:  View run at https://wandb.ai/luca_inghilterra-unimore/TCGA-BRCA-COMP/runs/caq0bo48
wandb:                                                                                
wandb: 
wandb: Run history:
wandb: train_c_index ▃▄▁▂▃▃▂▂▁▂▂▃▆▃▄▇▆█▆▆
wandb:    train_loss ██▇▇▆▆▅▄▄▃▂▂▂▁▁▁▁▁▁▁
wandb:   val_c_index ▆▃▁▂▄▅▅▃▃▂▂▁▁▁▁▂▃▅▇██
wandb:      val_loss ██▇▇▆▅▅▄▃▃▂▂▁▁▁▁▁▁▁▁▁
wandb: 
wandb: Run summary:
wandb: train_c_index 0.57194
wandb:    train_loss 0.46687
wandb:   val_c_index 0.52823
wandb:      val_loss 0.32704
wandb: 
wandb:  View run bumbling-snowflake-48 at: https://wandb.ai/luca_inghilterra-unimore/TCGA-BRCA-COMP/runs/caq0bo48
wandb:  View project at: https://wandb.ai/luca_inghilterra-unimore/TCGA-BRCA-COMP
wandb: Synced 5 W&B file(s), 0 media file(s), 0 artifact file(s) and 0 other file(s)
wandb: Find logs at: ./wandb/run-20241223_133559-caq0bo48/logs
