wandb: Using wandb-core as the SDK backend.  Please refer to https://wandb.me/wandb-core for more information.
wandb: Currently logged in as: luca_inghilterra (luca_inghilterra-unimore). Use `wandb login --relogin` to force relogin
wandb: Tracking run with wandb version 0.19.1
wandb: Run data is saved locally in /homes/linghilterra/AIforBioinformatics/src/mcat/wandb/run-20250211_214359-4miq74o3
wandb: Run `wandb offline` to turn off syncing.
wandb: Syncing run lucas_job_2527209
wandb:  View project at https://wandb.ai/luca_inghilterra-unimore/TCGA-BRCA-GE-ME-Cross-Validation
wandb:  View run at https://wandb.ai/luca_inghilterra-unimore/TCGA-BRCA-GE-ME-Cross-Validation/runs/4miq74o3
Traceback (most recent call last):
  File "/homes/linghilterra/AIforBioinformatics/src/mcat/7.2_mcat_gene_expression_and_methylation_cross_validation.py", line 361, in <module>
    main(MCAT_MULTIMODAL_YAML)
  File "/homes/linghilterra/AIforBioinformatics/src/mcat/7.2_mcat_gene_expression_and_methylation_cross_validation.py", line 260, in main
    training_loss, training_c_index = training(epoch, config, training_loader, model, loss_function, optimizer, scheduler, reg_function, grid_search=True)
  File "/homes/linghilterra/AIforBioinformatics/src/mcat/gene_expression_and_methylation_modules/training.py", line 70, in training
    loss.backward()
  File "/homes/linghilterra/.conda/envs/MachineLearning/lib/python3.10/site-packages/torch/_tensor.py", line 522, in backward
    torch.autograd.backward(
  File "/homes/linghilterra/.conda/envs/MachineLearning/lib/python3.10/site-packages/torch/autograd/__init__.py", line 266, in backward
    Variable._execution_engine.run_backward(  # Calls into the C++ engine to run the backward pass
  File "/homes/linghilterra/.conda/envs/MachineLearning/lib/python3.10/site-packages/torch/utils/data/_utils/signal_handling.py", line 66, in handler
    _error_if_any_worker_fails()
RuntimeError: DataLoader worker (pid 438434) is killed by signal: Killed. 
slurmstepd: error: Detected 1 oom_kill event in StepId=2527209.batch. Some of the step tasks have been OOM Killed.
