wandb: Using wandb-core as the SDK backend.  Please refer to https://wandb.me/wandb-core for more information.
wandb: Currently logged in as: luca_inghilterra (luca_inghilterra-unimore). Use `wandb login --relogin` to force relogin
wandb: Tracking run with wandb version 0.19.1
wandb: Run data is saved locally in /work/tesi_linghilterra/AIforBioinformatics/src/mcat/wandb/run-20250114_233945-jhd2vn1e
wandb: Run `wandb offline` to turn off syncing.
wandb: Syncing run lucas_job_2506975
wandb:  View project at https://wandb.ai/luca_inghilterra-unimore/TCGA-BRCA-GE-ME-27-Cross-Validation
wandb:  View run at https://wandb.ai/luca_inghilterra-unimore/TCGA-BRCA-GE-ME-27-Cross-Validation/runs/jhd2vn1e
wandb:                                                                                
wandb: 
wandb: Run history:
wandb:   training_c_index ▁▂▃▃▄▆▆▇▂▃▅▆▆▇▇███▂▃▄▅▅▆▆█▁▃▃▅▆▇▇▂▂▅▆▆▇▇
wandb:      training_loss ▄▃▃▃▂█▃▂▂▂▁▁▁▁▁█▅▄▃▂▁▁▁█▅▃▃▂▂▂▅▄▃▃▃▂▂▂▂▁
wandb: validation_c_index ▄▄▆▃▂▄▂▂▆▅▃▃▄▂▄▇▅▇▇█▄▄▆▅▅▅▆▅▂▄▁▃▃▂▇▆▅▅▃▇
wandb:    validation_loss ▇▃▂▂▂▁▂█▅▄▃▃▂▁▁▂▂▂▁█▃▃▃▂▂▂▂▂▃▂▁▁▇▄▃▂▂▂▁▂
wandb: 
wandb: Run summary:
wandb:   training_c_index 0.83631
wandb:      training_loss 0.87236
wandb: validation_c_index 0.62347
wandb:    validation_loss 1.20223
wandb: 
wandb:  View run lucas_job_2506975 at: https://wandb.ai/luca_inghilterra-unimore/TCGA-BRCA-GE-ME-27-Cross-Validation/runs/jhd2vn1e
wandb:  View project at: https://wandb.ai/luca_inghilterra-unimore/TCGA-BRCA-GE-ME-27-Cross-Validation
wandb: Synced 5 W&B file(s), 0 media file(s), 0 artifact file(s) and 0 other file(s)
wandb: Find logs at: ./wandb/run-20250114_233945-jhd2vn1e/logs
