wandb: Using wandb-core as the SDK backend.  Please refer to https://wandb.me/wandb-core for more information.
wandb: Currently logged in as: luca_inghilterra (luca_inghilterra-unimore). Use `wandb login --relogin` to force relogin
wandb: - Waiting for wandb.init()...wandb: \ Waiting for wandb.init()...wandb: Tracking run with wandb version 0.19.1
wandb: Run data is saved locally in /work/tesi_linghilterra/AIforBioinformatics/src/mcat/wandb/run-20250107_044438-t021jnsi
wandb: Run `wandb offline` to turn off syncing.
wandb: Syncing run lucas_job_2503950
wandb:  View project at https://wandb.ai/luca_inghilterra-unimore/TCGA-BRCA-GE-ME-COMP
wandb:  View run at https://wandb.ai/luca_inghilterra-unimore/TCGA-BRCA-GE-ME-COMP/runs/t021jnsi
wandb:                                                                                
wandb: 
wandb: Run history:
wandb:   training_c_index ▁▂▄▃▄▄▆▆▆▆▇▇▇▇▇▇████
wandb:      training_loss █▄▄▃▃▃▂▂▂▂▂▂▁▁▁▁▁▁▁▁
wandb: validation_c_index █▇▆█▆▄▂▃▃▁▁▁▄▁▆▃▃▂▃▄▄
wandb:    validation_loss █▆▄▃▂▁▂▂▂▂▂▂▂▂▂▁▃▃▃▃▃
wandb: 
wandb: Run summary:
wandb:   training_c_index 0.92797
wandb:      training_loss 0.48685
wandb: validation_c_index 0.48329
wandb:    validation_loss 1.0301
wandb: 
wandb:  View run lucas_job_2503950 at: https://wandb.ai/luca_inghilterra-unimore/TCGA-BRCA-GE-ME-COMP/runs/t021jnsi
wandb:  View project at: https://wandb.ai/luca_inghilterra-unimore/TCGA-BRCA-GE-ME-COMP
wandb: Synced 5 W&B file(s), 0 media file(s), 0 artifact file(s) and 0 other file(s)
wandb: Find logs at: ./wandb/run-20250107_044438-t021jnsi/logs
