wandb: Using wandb-core as the SDK backend.  Please refer to https://wandb.me/wandb-core for more information.
wandb: Currently logged in as: luca_inghilterra (luca_inghilterra-unimore). Use `wandb login --relogin` to force relogin
wandb: Tracking run with wandb version 0.19.1
wandb: Run data is saved locally in /homes/linghilterra/AIforBioinformatics/src/mcat/wandb/run-20250116_230446-a1ufdc0q
wandb: Run `wandb offline` to turn off syncing.
wandb: Syncing run lucas_job_2510324
wandb:  View project at https://wandb.ai/luca_inghilterra-unimore/TCGA-BRCA-GE-ME-27-Cross-Validation
wandb:  View run at https://wandb.ai/luca_inghilterra-unimore/TCGA-BRCA-GE-ME-27-Cross-Validation/runs/a1ufdc0q
/homes/linghilterra/AIforBioinformatics/src/mcat/methylation_functions/training_methylation.py:79: UserWarning: To copy construct from a tensor, it is recommended to use sourceTensor.clone().detach() or sourceTensor.clone().detach().requires_grad_(True), rather than torch.tensor(sourceTensor).
  if torch.isnan(torch.tensor(training_loss)):
/homes/linghilterra/AIforBioinformatics/src/mcat/methylation_functions/training_methylation.py:79: UserWarning: To copy construct from a tensor, it is recommended to use sourceTensor.clone().detach() or sourceTensor.clone().detach().requires_grad_(True), rather than torch.tensor(sourceTensor).
  if torch.isnan(torch.tensor(training_loss)):
/homes/linghilterra/AIforBioinformatics/src/mcat/methylation_functions/training_methylation.py:79: UserWarning: To copy construct from a tensor, it is recommended to use sourceTensor.clone().detach() or sourceTensor.clone().detach().requires_grad_(True), rather than torch.tensor(sourceTensor).
  if torch.isnan(torch.tensor(training_loss)):
/homes/linghilterra/AIforBioinformatics/src/mcat/methylation_functions/training_methylation.py:79: UserWarning: To copy construct from a tensor, it is recommended to use sourceTensor.clone().detach() or sourceTensor.clone().detach().requires_grad_(True), rather than torch.tensor(sourceTensor).
  if torch.isnan(torch.tensor(training_loss)):
/homes/linghilterra/AIforBioinformatics/src/mcat/methylation_functions/training_methylation.py:79: UserWarning: To copy construct from a tensor, it is recommended to use sourceTensor.clone().detach() or sourceTensor.clone().detach().requires_grad_(True), rather than torch.tensor(sourceTensor).
  if torch.isnan(torch.tensor(training_loss)):
/homes/linghilterra/AIforBioinformatics/src/mcat/methylation_functions/training_methylation.py:79: UserWarning: To copy construct from a tensor, it is recommended to use sourceTensor.clone().detach() or sourceTensor.clone().detach().requires_grad_(True), rather than torch.tensor(sourceTensor).
  if torch.isnan(torch.tensor(training_loss)):
/homes/linghilterra/AIforBioinformatics/src/mcat/methylation_functions/training_methylation.py:79: UserWarning: To copy construct from a tensor, it is recommended to use sourceTensor.clone().detach() or sourceTensor.clone().detach().requires_grad_(True), rather than torch.tensor(sourceTensor).
  if torch.isnan(torch.tensor(training_loss)):
/homes/linghilterra/AIforBioinformatics/src/mcat/methylation_functions/training_methylation.py:79: UserWarning: To copy construct from a tensor, it is recommended to use sourceTensor.clone().detach() or sourceTensor.clone().detach().requires_grad_(True), rather than torch.tensor(sourceTensor).
  if torch.isnan(torch.tensor(training_loss)):
/homes/linghilterra/AIforBioinformatics/src/mcat/methylation_functions/training_methylation.py:79: UserWarning: To copy construct from a tensor, it is recommended to use sourceTensor.clone().detach() or sourceTensor.clone().detach().requires_grad_(True), rather than torch.tensor(sourceTensor).
  if torch.isnan(torch.tensor(training_loss)):
/homes/linghilterra/AIforBioinformatics/src/mcat/methylation_functions/training_methylation.py:79: UserWarning: To copy construct from a tensor, it is recommended to use sourceTensor.clone().detach() or sourceTensor.clone().detach().requires_grad_(True), rather than torch.tensor(sourceTensor).
  if torch.isnan(torch.tensor(training_loss)):
/homes/linghilterra/AIforBioinformatics/src/mcat/methylation_functions/training_methylation.py:79: UserWarning: To copy construct from a tensor, it is recommended to use sourceTensor.clone().detach() or sourceTensor.clone().detach().requires_grad_(True), rather than torch.tensor(sourceTensor).
  if torch.isnan(torch.tensor(training_loss)):
/homes/linghilterra/AIforBioinformatics/src/mcat/methylation_functions/training_methylation.py:79: UserWarning: To copy construct from a tensor, it is recommended to use sourceTensor.clone().detach() or sourceTensor.clone().detach().requires_grad_(True), rather than torch.tensor(sourceTensor).
  if torch.isnan(torch.tensor(training_loss)):
/homes/linghilterra/AIforBioinformatics/src/mcat/methylation_functions/training_methylation.py:79: UserWarning: To copy construct from a tensor, it is recommended to use sourceTensor.clone().detach() or sourceTensor.clone().detach().requires_grad_(True), rather than torch.tensor(sourceTensor).
  if torch.isnan(torch.tensor(training_loss)):
/homes/linghilterra/AIforBioinformatics/src/mcat/methylation_functions/training_methylation.py:79: UserWarning: To copy construct from a tensor, it is recommended to use sourceTensor.clone().detach() or sourceTensor.clone().detach().requires_grad_(True), rather than torch.tensor(sourceTensor).
  if torch.isnan(torch.tensor(training_loss)):
/homes/linghilterra/AIforBioinformatics/src/mcat/methylation_functions/training_methylation.py:79: UserWarning: To copy construct from a tensor, it is recommended to use sourceTensor.clone().detach() or sourceTensor.clone().detach().requires_grad_(True), rather than torch.tensor(sourceTensor).
  if torch.isnan(torch.tensor(training_loss)):
/homes/linghilterra/AIforBioinformatics/src/mcat/methylation_functions/training_methylation.py:79: UserWarning: To copy construct from a tensor, it is recommended to use sourceTensor.clone().detach() or sourceTensor.clone().detach().requires_grad_(True), rather than torch.tensor(sourceTensor).
  if torch.isnan(torch.tensor(training_loss)):
/homes/linghilterra/AIforBioinformatics/src/mcat/methylation_functions/training_methylation.py:79: UserWarning: To copy construct from a tensor, it is recommended to use sourceTensor.clone().detach() or sourceTensor.clone().detach().requires_grad_(True), rather than torch.tensor(sourceTensor).
  if torch.isnan(torch.tensor(training_loss)):
/homes/linghilterra/AIforBioinformatics/src/mcat/methylation_functions/training_methylation.py:79: UserWarning: To copy construct from a tensor, it is recommended to use sourceTensor.clone().detach() or sourceTensor.clone().detach().requires_grad_(True), rather than torch.tensor(sourceTensor).
  if torch.isnan(torch.tensor(training_loss)):
/homes/linghilterra/AIforBioinformatics/src/mcat/methylation_functions/training_methylation.py:79: UserWarning: To copy construct from a tensor, it is recommended to use sourceTensor.clone().detach() or sourceTensor.clone().detach().requires_grad_(True), rather than torch.tensor(sourceTensor).
  if torch.isnan(torch.tensor(training_loss)):
/homes/linghilterra/AIforBioinformatics/src/mcat/methylation_functions/training_methylation.py:79: UserWarning: To copy construct from a tensor, it is recommended to use sourceTensor.clone().detach() or sourceTensor.clone().detach().requires_grad_(True), rather than torch.tensor(sourceTensor).
  if torch.isnan(torch.tensor(training_loss)):
/homes/linghilterra/AIforBioinformatics/src/mcat/methylation_functions/training_methylation.py:79: UserWarning: To copy construct from a tensor, it is recommended to use sourceTensor.clone().detach() or sourceTensor.clone().detach().requires_grad_(True), rather than torch.tensor(sourceTensor).
  if torch.isnan(torch.tensor(training_loss)):
/homes/linghilterra/AIforBioinformatics/src/mcat/methylation_functions/training_methylation.py:79: UserWarning: To copy construct from a tensor, it is recommended to use sourceTensor.clone().detach() or sourceTensor.clone().detach().requires_grad_(True), rather than torch.tensor(sourceTensor).
  if torch.isnan(torch.tensor(training_loss)):
/homes/linghilterra/AIforBioinformatics/src/mcat/methylation_functions/training_methylation.py:79: UserWarning: To copy construct from a tensor, it is recommended to use sourceTensor.clone().detach() or sourceTensor.clone().detach().requires_grad_(True), rather than torch.tensor(sourceTensor).
  if torch.isnan(torch.tensor(training_loss)):
/homes/linghilterra/AIforBioinformatics/src/mcat/methylation_functions/training_methylation.py:79: UserWarning: To copy construct from a tensor, it is recommended to use sourceTensor.clone().detach() or sourceTensor.clone().detach().requires_grad_(True), rather than torch.tensor(sourceTensor).
  if torch.isnan(torch.tensor(training_loss)):
/homes/linghilterra/AIforBioinformatics/src/mcat/methylation_functions/training_methylation.py:79: UserWarning: To copy construct from a tensor, it is recommended to use sourceTensor.clone().detach() or sourceTensor.clone().detach().requires_grad_(True), rather than torch.tensor(sourceTensor).
  if torch.isnan(torch.tensor(training_loss)):
/homes/linghilterra/AIforBioinformatics/src/mcat/methylation_functions/training_methylation.py:79: UserWarning: To copy construct from a tensor, it is recommended to use sourceTensor.clone().detach() or sourceTensor.clone().detach().requires_grad_(True), rather than torch.tensor(sourceTensor).
  if torch.isnan(torch.tensor(training_loss)):
/homes/linghilterra/AIforBioinformatics/src/mcat/methylation_functions/training_methylation.py:79: UserWarning: To copy construct from a tensor, it is recommended to use sourceTensor.clone().detach() or sourceTensor.clone().detach().requires_grad_(True), rather than torch.tensor(sourceTensor).
  if torch.isnan(torch.tensor(training_loss)):
/homes/linghilterra/AIforBioinformatics/src/mcat/methylation_functions/training_methylation.py:79: UserWarning: To copy construct from a tensor, it is recommended to use sourceTensor.clone().detach() or sourceTensor.clone().detach().requires_grad_(True), rather than torch.tensor(sourceTensor).
  if torch.isnan(torch.tensor(training_loss)):
/homes/linghilterra/AIforBioinformatics/src/mcat/methylation_functions/training_methylation.py:79: UserWarning: To copy construct from a tensor, it is recommended to use sourceTensor.clone().detach() or sourceTensor.clone().detach().requires_grad_(True), rather than torch.tensor(sourceTensor).
  if torch.isnan(torch.tensor(training_loss)):
/homes/linghilterra/AIforBioinformatics/src/mcat/methylation_functions/training_methylation.py:79: UserWarning: To copy construct from a tensor, it is recommended to use sourceTensor.clone().detach() or sourceTensor.clone().detach().requires_grad_(True), rather than torch.tensor(sourceTensor).
  if torch.isnan(torch.tensor(training_loss)):
/homes/linghilterra/AIforBioinformatics/src/mcat/methylation_functions/training_methylation.py:79: UserWarning: To copy construct from a tensor, it is recommended to use sourceTensor.clone().detach() or sourceTensor.clone().detach().requires_grad_(True), rather than torch.tensor(sourceTensor).
  if torch.isnan(torch.tensor(training_loss)):
/homes/linghilterra/AIforBioinformatics/src/mcat/methylation_functions/training_methylation.py:79: UserWarning: To copy construct from a tensor, it is recommended to use sourceTensor.clone().detach() or sourceTensor.clone().detach().requires_grad_(True), rather than torch.tensor(sourceTensor).
  if torch.isnan(torch.tensor(training_loss)):
/homes/linghilterra/AIforBioinformatics/src/mcat/methylation_functions/training_methylation.py:79: UserWarning: To copy construct from a tensor, it is recommended to use sourceTensor.clone().detach() or sourceTensor.clone().detach().requires_grad_(True), rather than torch.tensor(sourceTensor).
  if torch.isnan(torch.tensor(training_loss)):
/homes/linghilterra/AIforBioinformatics/src/mcat/methylation_functions/training_methylation.py:79: UserWarning: To copy construct from a tensor, it is recommended to use sourceTensor.clone().detach() or sourceTensor.clone().detach().requires_grad_(True), rather than torch.tensor(sourceTensor).
  if torch.isnan(torch.tensor(training_loss)):
/homes/linghilterra/AIforBioinformatics/src/mcat/methylation_functions/training_methylation.py:79: UserWarning: To copy construct from a tensor, it is recommended to use sourceTensor.clone().detach() or sourceTensor.clone().detach().requires_grad_(True), rather than torch.tensor(sourceTensor).
  if torch.isnan(torch.tensor(training_loss)):
/homes/linghilterra/AIforBioinformatics/src/mcat/methylation_functions/training_methylation.py:79: UserWarning: To copy construct from a tensor, it is recommended to use sourceTensor.clone().detach() or sourceTensor.clone().detach().requires_grad_(True), rather than torch.tensor(sourceTensor).
  if torch.isnan(torch.tensor(training_loss)):
/homes/linghilterra/AIforBioinformatics/src/mcat/methylation_functions/training_methylation.py:79: UserWarning: To copy construct from a tensor, it is recommended to use sourceTensor.clone().detach() or sourceTensor.clone().detach().requires_grad_(True), rather than torch.tensor(sourceTensor).
  if torch.isnan(torch.tensor(training_loss)):
/homes/linghilterra/AIforBioinformatics/src/mcat/methylation_functions/training_methylation.py:79: UserWarning: To copy construct from a tensor, it is recommended to use sourceTensor.clone().detach() or sourceTensor.clone().detach().requires_grad_(True), rather than torch.tensor(sourceTensor).
  if torch.isnan(torch.tensor(training_loss)):
/homes/linghilterra/AIforBioinformatics/src/mcat/methylation_functions/training_methylation.py:79: UserWarning: To copy construct from a tensor, it is recommended to use sourceTensor.clone().detach() or sourceTensor.clone().detach().requires_grad_(True), rather than torch.tensor(sourceTensor).
  if torch.isnan(torch.tensor(training_loss)):
/homes/linghilterra/AIforBioinformatics/src/mcat/methylation_functions/training_methylation.py:79: UserWarning: To copy construct from a tensor, it is recommended to use sourceTensor.clone().detach() or sourceTensor.clone().detach().requires_grad_(True), rather than torch.tensor(sourceTensor).
  if torch.isnan(torch.tensor(training_loss)):
/homes/linghilterra/AIforBioinformatics/src/mcat/methylation_functions/training_methylation.py:79: UserWarning: To copy construct from a tensor, it is recommended to use sourceTensor.clone().detach() or sourceTensor.clone().detach().requires_grad_(True), rather than torch.tensor(sourceTensor).
  if torch.isnan(torch.tensor(training_loss)):
/homes/linghilterra/AIforBioinformatics/src/mcat/methylation_functions/training_methylation.py:79: UserWarning: To copy construct from a tensor, it is recommended to use sourceTensor.clone().detach() or sourceTensor.clone().detach().requires_grad_(True), rather than torch.tensor(sourceTensor).
  if torch.isnan(torch.tensor(training_loss)):
/homes/linghilterra/AIforBioinformatics/src/mcat/methylation_functions/training_methylation.py:79: UserWarning: To copy construct from a tensor, it is recommended to use sourceTensor.clone().detach() or sourceTensor.clone().detach().requires_grad_(True), rather than torch.tensor(sourceTensor).
  if torch.isnan(torch.tensor(training_loss)):
/homes/linghilterra/AIforBioinformatics/src/mcat/methylation_functions/training_methylation.py:79: UserWarning: To copy construct from a tensor, it is recommended to use sourceTensor.clone().detach() or sourceTensor.clone().detach().requires_grad_(True), rather than torch.tensor(sourceTensor).
  if torch.isnan(torch.tensor(training_loss)):
/homes/linghilterra/AIforBioinformatics/src/mcat/methylation_functions/training_methylation.py:79: UserWarning: To copy construct from a tensor, it is recommended to use sourceTensor.clone().detach() or sourceTensor.clone().detach().requires_grad_(True), rather than torch.tensor(sourceTensor).
  if torch.isnan(torch.tensor(training_loss)):
/homes/linghilterra/AIforBioinformatics/src/mcat/methylation_functions/training_methylation.py:79: UserWarning: To copy construct from a tensor, it is recommended to use sourceTensor.clone().detach() or sourceTensor.clone().detach().requires_grad_(True), rather than torch.tensor(sourceTensor).
  if torch.isnan(torch.tensor(training_loss)):
/homes/linghilterra/AIforBioinformatics/src/mcat/methylation_functions/training_methylation.py:79: UserWarning: To copy construct from a tensor, it is recommended to use sourceTensor.clone().detach() or sourceTensor.clone().detach().requires_grad_(True), rather than torch.tensor(sourceTensor).
  if torch.isnan(torch.tensor(training_loss)):
/homes/linghilterra/AIforBioinformatics/src/mcat/methylation_functions/training_methylation.py:79: UserWarning: To copy construct from a tensor, it is recommended to use sourceTensor.clone().detach() or sourceTensor.clone().detach().requires_grad_(True), rather than torch.tensor(sourceTensor).
  if torch.isnan(torch.tensor(training_loss)):
/homes/linghilterra/AIforBioinformatics/src/mcat/methylation_functions/training_methylation.py:79: UserWarning: To copy construct from a tensor, it is recommended to use sourceTensor.clone().detach() or sourceTensor.clone().detach().requires_grad_(True), rather than torch.tensor(sourceTensor).
  if torch.isnan(torch.tensor(training_loss)):
/homes/linghilterra/AIforBioinformatics/src/mcat/methylation_functions/training_methylation.py:79: UserWarning: To copy construct from a tensor, it is recommended to use sourceTensor.clone().detach() or sourceTensor.clone().detach().requires_grad_(True), rather than torch.tensor(sourceTensor).
  if torch.isnan(torch.tensor(training_loss)):
/homes/linghilterra/AIforBioinformatics/src/mcat/methylation_functions/training_methylation.py:79: UserWarning: To copy construct from a tensor, it is recommended to use sourceTensor.clone().detach() or sourceTensor.clone().detach().requires_grad_(True), rather than torch.tensor(sourceTensor).
  if torch.isnan(torch.tensor(training_loss)):
/homes/linghilterra/AIforBioinformatics/src/mcat/methylation_functions/training_methylation.py:79: UserWarning: To copy construct from a tensor, it is recommended to use sourceTensor.clone().detach() or sourceTensor.clone().detach().requires_grad_(True), rather than torch.tensor(sourceTensor).
  if torch.isnan(torch.tensor(training_loss)):
/homes/linghilterra/AIforBioinformatics/src/mcat/methylation_functions/training_methylation.py:79: UserWarning: To copy construct from a tensor, it is recommended to use sourceTensor.clone().detach() or sourceTensor.clone().detach().requires_grad_(True), rather than torch.tensor(sourceTensor).
  if torch.isnan(torch.tensor(training_loss)):
/homes/linghilterra/AIforBioinformatics/src/mcat/methylation_functions/training_methylation.py:79: UserWarning: To copy construct from a tensor, it is recommended to use sourceTensor.clone().detach() or sourceTensor.clone().detach().requires_grad_(True), rather than torch.tensor(sourceTensor).
  if torch.isnan(torch.tensor(training_loss)):
/homes/linghilterra/AIforBioinformatics/src/mcat/methylation_functions/training_methylation.py:79: UserWarning: To copy construct from a tensor, it is recommended to use sourceTensor.clone().detach() or sourceTensor.clone().detach().requires_grad_(True), rather than torch.tensor(sourceTensor).
  if torch.isnan(torch.tensor(training_loss)):
/homes/linghilterra/AIforBioinformatics/src/mcat/methylation_functions/training_methylation.py:79: UserWarning: To copy construct from a tensor, it is recommended to use sourceTensor.clone().detach() or sourceTensor.clone().detach().requires_grad_(True), rather than torch.tensor(sourceTensor).
  if torch.isnan(torch.tensor(training_loss)):
/homes/linghilterra/AIforBioinformatics/src/mcat/methylation_functions/training_methylation.py:79: UserWarning: To copy construct from a tensor, it is recommended to use sourceTensor.clone().detach() or sourceTensor.clone().detach().requires_grad_(True), rather than torch.tensor(sourceTensor).
  if torch.isnan(torch.tensor(training_loss)):
/homes/linghilterra/AIforBioinformatics/src/mcat/methylation_functions/training_methylation.py:79: UserWarning: To copy construct from a tensor, it is recommended to use sourceTensor.clone().detach() or sourceTensor.clone().detach().requires_grad_(True), rather than torch.tensor(sourceTensor).
  if torch.isnan(torch.tensor(training_loss)):
/homes/linghilterra/AIforBioinformatics/src/mcat/methylation_functions/training_methylation.py:79: UserWarning: To copy construct from a tensor, it is recommended to use sourceTensor.clone().detach() or sourceTensor.clone().detach().requires_grad_(True), rather than torch.tensor(sourceTensor).
  if torch.isnan(torch.tensor(training_loss)):
/homes/linghilterra/AIforBioinformatics/src/mcat/methylation_functions/training_methylation.py:79: UserWarning: To copy construct from a tensor, it is recommended to use sourceTensor.clone().detach() or sourceTensor.clone().detach().requires_grad_(True), rather than torch.tensor(sourceTensor).
  if torch.isnan(torch.tensor(training_loss)):
/homes/linghilterra/AIforBioinformatics/src/mcat/methylation_functions/training_methylation.py:79: UserWarning: To copy construct from a tensor, it is recommended to use sourceTensor.clone().detach() or sourceTensor.clone().detach().requires_grad_(True), rather than torch.tensor(sourceTensor).
  if torch.isnan(torch.tensor(training_loss)):
/homes/linghilterra/AIforBioinformatics/src/mcat/methylation_functions/training_methylation.py:79: UserWarning: To copy construct from a tensor, it is recommended to use sourceTensor.clone().detach() or sourceTensor.clone().detach().requires_grad_(True), rather than torch.tensor(sourceTensor).
  if torch.isnan(torch.tensor(training_loss)):
/homes/linghilterra/AIforBioinformatics/src/mcat/methylation_functions/training_methylation.py:79: UserWarning: To copy construct from a tensor, it is recommended to use sourceTensor.clone().detach() or sourceTensor.clone().detach().requires_grad_(True), rather than torch.tensor(sourceTensor).
  if torch.isnan(torch.tensor(training_loss)):
/homes/linghilterra/.conda/envs/MachineLearning/lib/python3.10/site-packages/sksurv/metrics.py:147: RuntimeWarning: invalid value encountered in scalar divide
  cindex = numerator / denominator
/homes/linghilterra/.conda/envs/MachineLearning/lib/python3.10/site-packages/sksurv/metrics.py:147: RuntimeWarning: invalid value encountered in scalar divide
  cindex = numerator / denominator
/homes/linghilterra/.conda/envs/MachineLearning/lib/python3.10/site-packages/sksurv/metrics.py:147: RuntimeWarning: invalid value encountered in scalar divide
  cindex = numerator / denominator
/homes/linghilterra/.conda/envs/MachineLearning/lib/python3.10/site-packages/sksurv/metrics.py:147: RuntimeWarning: invalid value encountered in scalar divide
  cindex = numerator / denominator
/homes/linghilterra/.conda/envs/MachineLearning/lib/python3.10/site-packages/sksurv/metrics.py:147: RuntimeWarning: invalid value encountered in scalar divide
  cindex = numerator / denominator
/homes/linghilterra/.conda/envs/MachineLearning/lib/python3.10/site-packages/sksurv/metrics.py:147: RuntimeWarning: invalid value encountered in scalar divide
  cindex = numerator / denominator
/homes/linghilterra/.conda/envs/MachineLearning/lib/python3.10/site-packages/sksurv/metrics.py:147: RuntimeWarning: invalid value encountered in scalar divide
  cindex = numerator / denominator
/homes/linghilterra/.conda/envs/MachineLearning/lib/python3.10/site-packages/sksurv/metrics.py:147: RuntimeWarning: invalid value encountered in scalar divide
  cindex = numerator / denominator
/homes/linghilterra/.conda/envs/MachineLearning/lib/python3.10/site-packages/sksurv/metrics.py:147: RuntimeWarning: invalid value encountered in scalar divide
  cindex = numerator / denominator
Traceback (most recent call last):
  File "/homes/linghilterra/AIforBioinformatics/src/mcat/8_mcat_methylation_cross_validation.py", line 309, in <module>
    main(MCAT_METHYLATION_YAML)
  File "/homes/linghilterra/AIforBioinformatics/src/mcat/8_mcat_methylation_cross_validation.py", line 263, in main
    best_model_state = torch.load(f'{config["model"]["checkpoint_best_model"]}_{process_id}_{fold_index}.pt')
  File "/homes/linghilterra/.conda/envs/MachineLearning/lib/python3.10/site-packages/torch/serialization.py", line 998, in load
    with _open_file_like(f, 'rb') as opened_file:
  File "/homes/linghilterra/.conda/envs/MachineLearning/lib/python3.10/site-packages/torch/serialization.py", line 445, in _open_file_like
    return _open_file(name_or_buffer, mode)
  File "/homes/linghilterra/.conda/envs/MachineLearning/lib/python3.10/site-packages/torch/serialization.py", line 426, in __init__
    super().__init__(open(name, mode))
FileNotFoundError: [Errno 2] No such file or directory: '../../src/mcat/checkpoints/model_lucas_job_2510324_4.pt'
