wandb: Using wandb-core as the SDK backend.  Please refer to https://wandb.me/wandb-core for more information.
wandb: Currently logged in as: luca_inghilterra (luca_inghilterra-unimore). Use `wandb login --relogin` to force relogin
wandb: - Waiting for wandb.init()...wandb: \ Waiting for wandb.init()...wandb: Tracking run with wandb version 0.19.1
wandb: Run data is saved locally in /homes/linghilterra/AIforBioinformatics/src/mcat/wandb/run-20250215_111649-bb5jmc0m
wandb: Run `wandb offline` to turn off syncing.
wandb: Syncing run lucas_job_2528551
wandb:  View project at https://wandb.ai/luca_inghilterra-unimore/TCGA-BRCA-GE-ME-Cross-Validation
wandb:  View run at https://wandb.ai/luca_inghilterra-unimore/TCGA-BRCA-GE-ME-Cross-Validation/runs/bb5jmc0m
wandb: uploading output.log
wandb:                                                                                
wandb: 
wandb: Run history:
wandb:   training_c_index ▄▇▃▄▆█▅▂▅▇▇▂▃▁▂▅█▁▅▆▃▇▃█▂▄▆█▆▆▇▃▁▅▅█▇█▇▆
wandb:      training_loss ▂▂▂▂▂▂▂▁▁▂▂▂▃▂▂▁▂▂▂▂▂▃▂▂█▃▂▂▂▂▂▃▃▂▂▂▂▂▂▂
wandb: validation_c_index ▄▄▃▂▅▅▃▇▇▄▆▆▃▄▅▇▆▆▂▂▃▅▅█▂▇▆█▇▁▆▆▄▃▄▇▄▃▄▆
wandb:    validation_loss ▂▂▃▃▃▃▄▁▂▃▂▂▄▄▃▁▂█▃▂▄▁▂▅▃▅▅▂▄▃▃▁▅▆▂▃▃▄▃▄
wandb: 
wandb: Run summary:
wandb:   training_c_index 0.88486
wandb:      training_loss 0.28117
wandb: validation_c_index 0.57822
wandb:    validation_loss 0.4216
wandb: 
wandb:  View run lucas_job_2528551 at: https://wandb.ai/luca_inghilterra-unimore/TCGA-BRCA-GE-ME-Cross-Validation/runs/bb5jmc0m
wandb:  View project at: https://wandb.ai/luca_inghilterra-unimore/TCGA-BRCA-GE-ME-Cross-Validation
wandb: Synced 5 W&B file(s), 0 media file(s), 0 artifact file(s) and 0 other file(s)
wandb: Find logs at: ./wandb/run-20250215_111649-bb5jmc0m/logs
