wandb: Using wandb-core as the SDK backend.  Please refer to https://wandb.me/wandb-core for more information.
wandb: Currently logged in as: luca_inghilterra (luca_inghilterra-unimore). Use `wandb login --relogin` to force relogin
wandb: Tracking run with wandb version 0.19.1
wandb: Run data is saved locally in /work/tesi_linghilterra/AIforBioinformatics/src/mcat/wandb/run-20250107_041126-vobo4oxb
wandb: Run `wandb offline` to turn off syncing.
wandb: Syncing run lucas_job_2503943
wandb:  View project at https://wandb.ai/luca_inghilterra-unimore/TCGA-BRCA-GE-ME-COMP
wandb:  View run at https://wandb.ai/luca_inghilterra-unimore/TCGA-BRCA-GE-ME-COMP/runs/vobo4oxb
wandb: uploading output.log
wandb: uploading history steps 39-40, summary, console lines 1082-1091
wandb:                                                                                
wandb: 
wandb: Run history:
wandb:   training_c_index ▁▁▁▃▃▅▅▆▆▇▇▇▇███████
wandb:      training_loss █▄▄▃▃▂▂▂▂▂▂▂▁▁▁▁▁▁▁▁
wandb: validation_c_index ▄▂▅▁▄▅▂▁▅▃▁▄▄▄▁▄█▆▇▆▆
wandb:    validation_loss █▆▅▄▄▃▃▃▃▃▃▃▂▂▃▃▁▁▁▂▂
wandb: 
wandb: Run summary:
wandb:   training_c_index 0.92301
wandb:      training_loss 0.49661
wandb: validation_c_index 0.64128
wandb:    validation_loss 0.75633
wandb: 
wandb:  View run lucas_job_2503943 at: https://wandb.ai/luca_inghilterra-unimore/TCGA-BRCA-GE-ME-COMP/runs/vobo4oxb
wandb:  View project at: https://wandb.ai/luca_inghilterra-unimore/TCGA-BRCA-GE-ME-COMP
wandb: Synced 5 W&B file(s), 0 media file(s), 0 artifact file(s) and 0 other file(s)
wandb: Find logs at: ./wandb/run-20250107_041126-vobo4oxb/logs
