wandb: Using wandb-core as the SDK backend.  Please refer to https://wandb.me/wandb-core for more information.
wandb: Currently logged in as: luca_inghilterra (luca_inghilterra-unimore). Use `wandb login --relogin` to force relogin
wandb: Tracking run with wandb version 0.19.1
wandb: Run data is saved locally in /homes/linghilterra/AIforBioinformatics/src/mcat/wandb/run-20250116_154226-jyaq9r3s
wandb: Run `wandb offline` to turn off syncing.
wandb: Syncing run lucas_job_2509174
wandb:  View project at https://wandb.ai/luca_inghilterra-unimore/TCGA-BRCA-GE-ME-27-Cross-Validation
wandb:  View run at https://wandb.ai/luca_inghilterra-unimore/TCGA-BRCA-GE-ME-27-Cross-Validation/runs/jyaq9r3s
/homes/linghilterra/.conda/envs/MachineLearning/lib/python3.10/site-packages/numpy/core/fromnumeric.py:3464: RuntimeWarning: Mean of empty slice.
  return _methods._mean(a, axis=axis, dtype=dtype,
/homes/linghilterra/.conda/envs/MachineLearning/lib/python3.10/site-packages/numpy/core/_methods.py:192: RuntimeWarning: invalid value encountered in scalar divide
  ret = ret.dtype.type(ret / rcount)
/homes/linghilterra/.conda/envs/MachineLearning/lib/python3.10/site-packages/numpy/core/fromnumeric.py:3747: RuntimeWarning: Degrees of freedom <= 0 for slice
  return _methods._var(a, axis=axis, dtype=dtype, out=out, ddof=ddof,
/homes/linghilterra/.conda/envs/MachineLearning/lib/python3.10/site-packages/numpy/core/_methods.py:226: RuntimeWarning: invalid value encountered in divide
  arrmean = um.true_divide(arrmean, div, out=arrmean,
/homes/linghilterra/.conda/envs/MachineLearning/lib/python3.10/site-packages/numpy/core/_methods.py:261: RuntimeWarning: invalid value encountered in scalar divide
  ret = ret.dtype.type(ret / rcount)
/homes/linghilterra/.conda/envs/MachineLearning/lib/python3.10/site-packages/numpy/core/_methods.py:269: RuntimeWarning: Degrees of freedom <= 0 for slice
  ret = _var(a, axis=axis, dtype=dtype, out=out, ddof=ddof,
wandb:                                                                                
wandb: 
wandb: Run history:
wandb:   training_c_index ▂▂▅▆▇███▁▁▅▆▆▇▇▁▃▅▅▆███▁▁▃▅▆▇▇▁▁▂▃▄▆▇▇▇█
wandb:      training_loss █▂▁▁▁▁▁▁▇▃▁▁▁▁▁█▄▂▁▁▁▁█▃▂▂▁▁▁▁▃▂▂▂▂▁▁▁▁▁
wandb: validation_c_index ▁▂▅▂▁▃▄▄▃▅▅▅▅▄▅▅▇▅▄▅▄▄▄▄▄▆▆▂▁▁▆▆▅▅▆█▅▃▃▃
wandb:    validation_loss ▇▁▁▁▁▁▁▁▁▁▂▂▂▂▂▂█▂▂▂▂▂▂▂▂▅▁▁▁▁▆▁▁▁▁▁▁▁▂▁
wandb: 
wandb: Run summary:
wandb:   training_c_index 0.90243
wandb:      training_loss 0.29411
wandb: validation_c_index 0.6304
wandb:    validation_loss 0.35154
wandb: 
wandb:  View run lucas_job_2509174 at: https://wandb.ai/luca_inghilterra-unimore/TCGA-BRCA-GE-ME-27-Cross-Validation/runs/jyaq9r3s
wandb:  View project at: https://wandb.ai/luca_inghilterra-unimore/TCGA-BRCA-GE-ME-27-Cross-Validation
wandb: Synced 5 W&B file(s), 0 media file(s), 0 artifact file(s) and 0 other file(s)
wandb: Find logs at: ./wandb/run-20250116_154226-jyaq9r3s/logs
