wandb: Using wandb-core as the SDK backend.  Please refer to https://wandb.me/wandb-core for more information.
wandb: Currently logged in as: luca_inghilterra (luca_inghilterra-unimore). Use `wandb login --relogin` to force relogin
wandb: Tracking run with wandb version 0.19.1
wandb: Run data is saved locally in /work/tesi_linghilterra/AIforBioinformatics/src/mcat/wandb/run-20250105_230334-bszn36b4
wandb: Run `wandb offline` to turn off syncing.
wandb: Syncing run lucas_job_2503652
wandb:  View project at https://wandb.ai/luca_inghilterra-unimore/TCGA-BRCA-COMP
wandb:  View run at https://wandb.ai/luca_inghilterra-unimore/TCGA-BRCA-COMP/runs/bszn36b4
wandb:                                                                                
wandb: 
wandb: Run history:
wandb:   training_c_index ▂▁▁▂▃▄▅▅▆▆▆▇▇▇▇██████████
wandb:      training_loss █▅▄▃▃▂▂▂▂▂▁▁▁▁▁▁▁▁▁▁▁▁▁▁▁
wandb: validation_c_index ▁▄▆▄▅▆▅▇▆▄▅▇█▃▅▆▆▄▄▄▄▅▄▄▄▄
wandb:    validation_loss █▆▅▄▃▃▂▂▂▂▁▁▁▁▁▁▁▁▁▁▁▁▁▁▁▁
wandb: 
wandb: Run summary:
wandb:   training_c_index 0.91984
wandb:      training_loss 0.67969
wandb: validation_c_index 0.66968
wandb:    validation_loss 0.81515
wandb: 
wandb:  View run lucas_job_2503652 at: https://wandb.ai/luca_inghilterra-unimore/TCGA-BRCA-COMP/runs/bszn36b4
wandb:  View project at: https://wandb.ai/luca_inghilterra-unimore/TCGA-BRCA-COMP
wandb: Synced 5 W&B file(s), 0 media file(s), 0 artifact file(s) and 0 other file(s)
wandb: Find logs at: ./wandb/run-20250105_230334-bszn36b4/logs
