wandb: Using wandb-core as the SDK backend.  Please refer to https://wandb.me/wandb-core for more information.
wandb: Currently logged in as: luca_inghilterra (luca_inghilterra-unimore). Use `wandb login --relogin` to force relogin
wandb: Tracking run with wandb version 0.19.1
wandb: Run data is saved locally in /homes/linghilterra/AIforBioinformatics/src/mcat/wandb/run-20250116_223201-10lqhe9t
wandb: Run `wandb offline` to turn off syncing.
wandb: Syncing run lucas_job_2510235
wandb:  View project at https://wandb.ai/luca_inghilterra-unimore/TCGA-BRCA-GE-ME-27-Cross-Validation
wandb:  View run at https://wandb.ai/luca_inghilterra-unimore/TCGA-BRCA-GE-ME-27-Cross-Validation/runs/10lqhe9t
/homes/linghilterra/AIforBioinformatics/src/mcat/methylation_modules/dataset_methylation.py:25: DtypeWarning: Columns (19425) have mixed types. Specify dtype option on import or set low_memory=False.
  self.methylation = pd.read_csv(config['dataset']['methylation'])
Traceback (most recent call last):
  File "/homes/linghilterra/AIforBioinformatics/src/mcat/8_mcat_methylation_cross_validation.py", line 309, in <module>
    main(MCAT_METHYLATION_YAML)
  File "/homes/linghilterra/AIforBioinformatics/src/mcat/8_mcat_methylation_cross_validation.py", line 137, in main
    dataset = MultimodalDataset(config,
  File "/homes/linghilterra/AIforBioinformatics/src/mcat/methylation_modules/dataset_methylation.py", line 78, in __init__
    mean = self.methylation[col].mean()
  File "/homes/linghilterra/.conda/envs/MachineLearning/lib/python3.10/site-packages/pandas/core/series.py", line 6549, in mean
    return NDFrame.mean(self, axis, skipna, numeric_only, **kwargs)
  File "/homes/linghilterra/.conda/envs/MachineLearning/lib/python3.10/site-packages/pandas/core/generic.py", line 12420, in mean
    return self._stat_function(
  File "/homes/linghilterra/.conda/envs/MachineLearning/lib/python3.10/site-packages/pandas/core/generic.py", line 12377, in _stat_function
    return self._reduce(
  File "/homes/linghilterra/.conda/envs/MachineLearning/lib/python3.10/site-packages/pandas/core/series.py", line 6457, in _reduce
    return op(delegate, skipna=skipna, **kwds)
  File "/homes/linghilterra/.conda/envs/MachineLearning/lib/python3.10/site-packages/pandas/core/nanops.py", line 147, in f
    result = alt(values, axis=axis, skipna=skipna, **kwds)
  File "/homes/linghilterra/.conda/envs/MachineLearning/lib/python3.10/site-packages/pandas/core/nanops.py", line 404, in new_func
    result = func(values, axis=axis, skipna=skipna, mask=mask, **kwargs)
  File "/homes/linghilterra/.conda/envs/MachineLearning/lib/python3.10/site-packages/pandas/core/nanops.py", line 719, in nanmean
    the_sum = values.sum(axis, dtype=dtype_sum)
  File "/homes/linghilterra/.conda/envs/MachineLearning/lib/python3.10/site-packages/numpy/core/_methods.py", line 49, in _sum
    return umr_sum(a, axis, dtype, out, keepdims, initial, where)
TypeError: unsupported operand type(s) for +: 'float' and 'str'
