wandb: Using wandb-core as the SDK backend.  Please refer to https://wandb.me/wandb-core for more information.
wandb: Currently logged in as: luca_inghilterra (luca_inghilterra-unimore). Use `wandb login --relogin` to force relogin
wandb: Tracking run with wandb version 0.19.1
wandb: Run data is saved locally in /work/tesi_linghilterra/AIforBioinformatics/src/mcat/wandb/run-20250110_003737-evqoavdr
wandb: Run `wandb offline` to turn off syncing.
wandb: Syncing run lucas_job_2505408
wandb:  View project at https://wandb.ai/luca_inghilterra-unimore/TCGA-BRCA-GE-ME-COMP
wandb:  View run at https://wandb.ai/luca_inghilterra-unimore/TCGA-BRCA-GE-ME-COMP/runs/evqoavdr
wandb:                                                                                
wandb: 
wandb: Run history:
wandb:   training_c_index ▁▂▃▄▃▄▅▅▆▆▇▇▇█▇▇█
wandb:      training_loss █▄▄▃▃▂▂▂▂▂▂▁▁▁▁▁▁
wandb: validation_c_index ▁▁▇▆▆▂█▁▃█▄█▆▇▄▆▄█
wandb:    validation_loss █▆▅▄▃▃▂▃▂▁▂▁▂▁▂▁▁▁
wandb: 
wandb: Run summary:
wandb:   training_c_index 0.91597
wandb:      training_loss 0.55109
wandb: validation_c_index 0.5784
wandb:    validation_loss 0.9238
wandb: 
wandb:  View run lucas_job_2505408 at: https://wandb.ai/luca_inghilterra-unimore/TCGA-BRCA-GE-ME-COMP/runs/evqoavdr
wandb:  View project at: https://wandb.ai/luca_inghilterra-unimore/TCGA-BRCA-GE-ME-COMP
wandb: Synced 5 W&B file(s), 0 media file(s), 0 artifact file(s) and 0 other file(s)
wandb: Find logs at: ./wandb/run-20250110_003737-evqoavdr/logs
