wandb: Using wandb-core as the SDK backend.  Please refer to https://wandb.me/wandb-core for more information.
wandb: Currently logged in as: luca_inghilterra (luca_inghilterra-unimore). Use `wandb login --relogin` to force relogin
wandb: Tracking run with wandb version 0.19.1
wandb: Run data is saved locally in /homes/linghilterra/AIforBioinformatics/src/mcat/wandb/run-20250116_220607-42q2qflw
wandb: Run `wandb offline` to turn off syncing.
wandb: Syncing run lucas_job_2510138
wandb:  View project at https://wandb.ai/luca_inghilterra-unimore/TCGA-BRCA-GE-ME-27-Cross-Validation
wandb:  View run at https://wandb.ai/luca_inghilterra-unimore/TCGA-BRCA-GE-ME-27-Cross-Validation/runs/42q2qflw
/homes/linghilterra/AIforBioinformatics/src/mcat/methylation_functions/training_methylation.py:79: UserWarning: To copy construct from a tensor, it is recommended to use sourceTensor.clone().detach() or sourceTensor.clone().detach().requires_grad_(True), rather than torch.tensor(sourceTensor).
  if torch.isnan(torch.tensor(training_loss)):
/homes/linghilterra/AIforBioinformatics/src/mcat/methylation_functions/training_methylation.py:79: UserWarning: To copy construct from a tensor, it is recommended to use sourceTensor.clone().detach() or sourceTensor.clone().detach().requires_grad_(True), rather than torch.tensor(sourceTensor).
  if torch.isnan(torch.tensor(training_loss)):
/homes/linghilterra/AIforBioinformatics/src/mcat/methylation_functions/training_methylation.py:79: UserWarning: To copy construct from a tensor, it is recommended to use sourceTensor.clone().detach() or sourceTensor.clone().detach().requires_grad_(True), rather than torch.tensor(sourceTensor).
  if torch.isnan(torch.tensor(training_loss)):
/homes/linghilterra/AIforBioinformatics/src/mcat/methylation_functions/training_methylation.py:79: UserWarning: To copy construct from a tensor, it is recommended to use sourceTensor.clone().detach() or sourceTensor.clone().detach().requires_grad_(True), rather than torch.tensor(sourceTensor).
  if torch.isnan(torch.tensor(training_loss)):
/homes/linghilterra/AIforBioinformatics/src/mcat/methylation_functions/training_methylation.py:79: UserWarning: To copy construct from a tensor, it is recommended to use sourceTensor.clone().detach() or sourceTensor.clone().detach().requires_grad_(True), rather than torch.tensor(sourceTensor).
  if torch.isnan(torch.tensor(training_loss)):
/homes/linghilterra/AIforBioinformatics/src/mcat/methylation_functions/training_methylation.py:79: UserWarning: To copy construct from a tensor, it is recommended to use sourceTensor.clone().detach() or sourceTensor.clone().detach().requires_grad_(True), rather than torch.tensor(sourceTensor).
  if torch.isnan(torch.tensor(training_loss)):
/homes/linghilterra/AIforBioinformatics/src/mcat/methylation_functions/training_methylation.py:79: UserWarning: To copy construct from a tensor, it is recommended to use sourceTensor.clone().detach() or sourceTensor.clone().detach().requires_grad_(True), rather than torch.tensor(sourceTensor).
  if torch.isnan(torch.tensor(training_loss)):
/homes/linghilterra/AIforBioinformatics/src/mcat/methylation_functions/training_methylation.py:79: UserWarning: To copy construct from a tensor, it is recommended to use sourceTensor.clone().detach() or sourceTensor.clone().detach().requires_grad_(True), rather than torch.tensor(sourceTensor).
  if torch.isnan(torch.tensor(training_loss)):
/homes/linghilterra/AIforBioinformatics/src/mcat/methylation_functions/training_methylation.py:79: UserWarning: To copy construct from a tensor, it is recommended to use sourceTensor.clone().detach() or sourceTensor.clone().detach().requires_grad_(True), rather than torch.tensor(sourceTensor).
  if torch.isnan(torch.tensor(training_loss)):
/homes/linghilterra/AIforBioinformatics/src/mcat/methylation_functions/training_methylation.py:79: UserWarning: To copy construct from a tensor, it is recommended to use sourceTensor.clone().detach() or sourceTensor.clone().detach().requires_grad_(True), rather than torch.tensor(sourceTensor).
  if torch.isnan(torch.tensor(training_loss)):
/homes/linghilterra/AIforBioinformatics/src/mcat/methylation_functions/training_methylation.py:79: UserWarning: To copy construct from a tensor, it is recommended to use sourceTensor.clone().detach() or sourceTensor.clone().detach().requires_grad_(True), rather than torch.tensor(sourceTensor).
  if torch.isnan(torch.tensor(training_loss)):
/homes/linghilterra/AIforBioinformatics/src/mcat/methylation_functions/training_methylation.py:79: UserWarning: To copy construct from a tensor, it is recommended to use sourceTensor.clone().detach() or sourceTensor.clone().detach().requires_grad_(True), rather than torch.tensor(sourceTensor).
  if torch.isnan(torch.tensor(training_loss)):
/homes/linghilterra/AIforBioinformatics/src/mcat/methylation_functions/training_methylation.py:79: UserWarning: To copy construct from a tensor, it is recommended to use sourceTensor.clone().detach() or sourceTensor.clone().detach().requires_grad_(True), rather than torch.tensor(sourceTensor).
  if torch.isnan(torch.tensor(training_loss)):
/homes/linghilterra/AIforBioinformatics/src/mcat/methylation_functions/training_methylation.py:79: UserWarning: To copy construct from a tensor, it is recommended to use sourceTensor.clone().detach() or sourceTensor.clone().detach().requires_grad_(True), rather than torch.tensor(sourceTensor).
  if torch.isnan(torch.tensor(training_loss)):
/homes/linghilterra/AIforBioinformatics/src/mcat/methylation_functions/training_methylation.py:79: UserWarning: To copy construct from a tensor, it is recommended to use sourceTensor.clone().detach() or sourceTensor.clone().detach().requires_grad_(True), rather than torch.tensor(sourceTensor).
  if torch.isnan(torch.tensor(training_loss)):
/homes/linghilterra/AIforBioinformatics/src/mcat/methylation_functions/training_methylation.py:79: UserWarning: To copy construct from a tensor, it is recommended to use sourceTensor.clone().detach() or sourceTensor.clone().detach().requires_grad_(True), rather than torch.tensor(sourceTensor).
  if torch.isnan(torch.tensor(training_loss)):
/homes/linghilterra/AIforBioinformatics/src/mcat/methylation_functions/training_methylation.py:79: UserWarning: To copy construct from a tensor, it is recommended to use sourceTensor.clone().detach() or sourceTensor.clone().detach().requires_grad_(True), rather than torch.tensor(sourceTensor).
  if torch.isnan(torch.tensor(training_loss)):
/homes/linghilterra/AIforBioinformatics/src/mcat/methylation_functions/training_methylation.py:79: UserWarning: To copy construct from a tensor, it is recommended to use sourceTensor.clone().detach() or sourceTensor.clone().detach().requires_grad_(True), rather than torch.tensor(sourceTensor).
  if torch.isnan(torch.tensor(training_loss)):
/homes/linghilterra/AIforBioinformatics/src/mcat/methylation_functions/training_methylation.py:79: UserWarning: To copy construct from a tensor, it is recommended to use sourceTensor.clone().detach() or sourceTensor.clone().detach().requires_grad_(True), rather than torch.tensor(sourceTensor).
  if torch.isnan(torch.tensor(training_loss)):
/homes/linghilterra/AIforBioinformatics/src/mcat/methylation_functions/training_methylation.py:79: UserWarning: To copy construct from a tensor, it is recommended to use sourceTensor.clone().detach() or sourceTensor.clone().detach().requires_grad_(True), rather than torch.tensor(sourceTensor).
  if torch.isnan(torch.tensor(training_loss)):
/homes/linghilterra/AIforBioinformatics/src/mcat/methylation_functions/training_methylation.py:79: UserWarning: To copy construct from a tensor, it is recommended to use sourceTensor.clone().detach() or sourceTensor.clone().detach().requires_grad_(True), rather than torch.tensor(sourceTensor).
  if torch.isnan(torch.tensor(training_loss)):
/homes/linghilterra/AIforBioinformatics/src/mcat/methylation_functions/training_methylation.py:79: UserWarning: To copy construct from a tensor, it is recommended to use sourceTensor.clone().detach() or sourceTensor.clone().detach().requires_grad_(True), rather than torch.tensor(sourceTensor).
  if torch.isnan(torch.tensor(training_loss)):
/homes/linghilterra/AIforBioinformatics/src/mcat/methylation_functions/training_methylation.py:79: UserWarning: To copy construct from a tensor, it is recommended to use sourceTensor.clone().detach() or sourceTensor.clone().detach().requires_grad_(True), rather than torch.tensor(sourceTensor).
  if torch.isnan(torch.tensor(training_loss)):
/homes/linghilterra/AIforBioinformatics/src/mcat/methylation_functions/training_methylation.py:79: UserWarning: To copy construct from a tensor, it is recommended to use sourceTensor.clone().detach() or sourceTensor.clone().detach().requires_grad_(True), rather than torch.tensor(sourceTensor).
  if torch.isnan(torch.tensor(training_loss)):
/homes/linghilterra/AIforBioinformatics/src/mcat/methylation_functions/training_methylation.py:79: UserWarning: To copy construct from a tensor, it is recommended to use sourceTensor.clone().detach() or sourceTensor.clone().detach().requires_grad_(True), rather than torch.tensor(sourceTensor).
  if torch.isnan(torch.tensor(training_loss)):
/homes/linghilterra/AIforBioinformatics/src/mcat/methylation_functions/training_methylation.py:79: UserWarning: To copy construct from a tensor, it is recommended to use sourceTensor.clone().detach() or sourceTensor.clone().detach().requires_grad_(True), rather than torch.tensor(sourceTensor).
  if torch.isnan(torch.tensor(training_loss)):
/homes/linghilterra/AIforBioinformatics/src/mcat/methylation_functions/training_methylation.py:79: UserWarning: To copy construct from a tensor, it is recommended to use sourceTensor.clone().detach() or sourceTensor.clone().detach().requires_grad_(True), rather than torch.tensor(sourceTensor).
  if torch.isnan(torch.tensor(training_loss)):
/homes/linghilterra/AIforBioinformatics/src/mcat/methylation_functions/training_methylation.py:79: UserWarning: To copy construct from a tensor, it is recommended to use sourceTensor.clone().detach() or sourceTensor.clone().detach().requires_grad_(True), rather than torch.tensor(sourceTensor).
  if torch.isnan(torch.tensor(training_loss)):
/homes/linghilterra/AIforBioinformatics/src/mcat/methylation_functions/training_methylation.py:79: UserWarning: To copy construct from a tensor, it is recommended to use sourceTensor.clone().detach() or sourceTensor.clone().detach().requires_grad_(True), rather than torch.tensor(sourceTensor).
  if torch.isnan(torch.tensor(training_loss)):
/homes/linghilterra/AIforBioinformatics/src/mcat/methylation_functions/training_methylation.py:79: UserWarning: To copy construct from a tensor, it is recommended to use sourceTensor.clone().detach() or sourceTensor.clone().detach().requires_grad_(True), rather than torch.tensor(sourceTensor).
  if torch.isnan(torch.tensor(training_loss)):
/homes/linghilterra/AIforBioinformatics/src/mcat/methylation_functions/training_methylation.py:79: UserWarning: To copy construct from a tensor, it is recommended to use sourceTensor.clone().detach() or sourceTensor.clone().detach().requires_grad_(True), rather than torch.tensor(sourceTensor).
  if torch.isnan(torch.tensor(training_loss)):
/homes/linghilterra/AIforBioinformatics/src/mcat/methylation_functions/training_methylation.py:79: UserWarning: To copy construct from a tensor, it is recommended to use sourceTensor.clone().detach() or sourceTensor.clone().detach().requires_grad_(True), rather than torch.tensor(sourceTensor).
  if torch.isnan(torch.tensor(training_loss)):
/homes/linghilterra/AIforBioinformatics/src/mcat/methylation_functions/training_methylation.py:79: UserWarning: To copy construct from a tensor, it is recommended to use sourceTensor.clone().detach() or sourceTensor.clone().detach().requires_grad_(True), rather than torch.tensor(sourceTensor).
  if torch.isnan(torch.tensor(training_loss)):
/homes/linghilterra/AIforBioinformatics/src/mcat/methylation_functions/training_methylation.py:79: UserWarning: To copy construct from a tensor, it is recommended to use sourceTensor.clone().detach() or sourceTensor.clone().detach().requires_grad_(True), rather than torch.tensor(sourceTensor).
  if torch.isnan(torch.tensor(training_loss)):
/homes/linghilterra/AIforBioinformatics/src/mcat/methylation_functions/training_methylation.py:79: UserWarning: To copy construct from a tensor, it is recommended to use sourceTensor.clone().detach() or sourceTensor.clone().detach().requires_grad_(True), rather than torch.tensor(sourceTensor).
  if torch.isnan(torch.tensor(training_loss)):
/homes/linghilterra/AIforBioinformatics/src/mcat/methylation_functions/training_methylation.py:79: UserWarning: To copy construct from a tensor, it is recommended to use sourceTensor.clone().detach() or sourceTensor.clone().detach().requires_grad_(True), rather than torch.tensor(sourceTensor).
  if torch.isnan(torch.tensor(training_loss)):
/homes/linghilterra/AIforBioinformatics/src/mcat/methylation_functions/training_methylation.py:79: UserWarning: To copy construct from a tensor, it is recommended to use sourceTensor.clone().detach() or sourceTensor.clone().detach().requires_grad_(True), rather than torch.tensor(sourceTensor).
  if torch.isnan(torch.tensor(training_loss)):
slurmstepd: error: *** JOB 2510138 ON helmut CANCELLED AT 2025-01-16T22:24:21 ***
