wandb: Using wandb-core as the SDK backend.  Please refer to https://wandb.me/wandb-core for more information.
wandb: Currently logged in as: luca_inghilterra (luca_inghilterra-unimore). Use `wandb login --relogin` to force relogin
wandb: - Waiting for wandb.init()...wandb: \ Waiting for wandb.init()...wandb: Tracking run with wandb version 0.19.1
wandb: Run data is saved locally in /homes/linghilterra/AIforBioinformatics/src/mcat/wandb/run-20250115_145318-cgwxfowm
wandb: Run `wandb offline` to turn off syncing.
wandb: Syncing run lucas_job_2507113
wandb:  View project at https://wandb.ai/luca_inghilterra-unimore/TCGA-BRCA-GE-ME-27-Cross-Validation
wandb:  View run at https://wandb.ai/luca_inghilterra-unimore/TCGA-BRCA-GE-ME-27-Cross-Validation/runs/cgwxfowm
wandb:                                                                                
wandb: 
wandb: Run history:
wandb:   training_c_index ▂▃▃▅▅▆▇▃▃▅▆▇▇█▇█████▅▅▆▇▇▇▃▄▄▅▆▇▂▁▂▄▅▄▆▇
wandb:      training_loss █▄▃▃▃▂▂▂▅▄▂▂▂▂▂▁▁▁▁▁▅▃▂▂▂▁█▅▃▃▂▂▅▃▃▂▂▂▂▂
wandb: validation_c_index ▅▄▂▆▄▄▃▁▃▆▆▄▄▄▃█▇▆▆█▅▅▆▆▅▆▆▇▄▃▆▄▃▇▄▆▇▅▆▇
wandb:    validation_loss █▃▁▂▁▆▄▄▃▃▁▂▂▂▂▆▄▄▃▃▂▂▃▂▂▅▄▂▂▂▁▁▁█▅▂▂▂▂▂
wandb: 
wandb: Run summary:
wandb:   training_c_index 0.83185
wandb:      training_loss 0.8351
wandb: validation_c_index 0.62453
wandb:    validation_loss 1.1817
wandb: 
wandb:  View run lucas_job_2507113 at: https://wandb.ai/luca_inghilterra-unimore/TCGA-BRCA-GE-ME-27-Cross-Validation/runs/cgwxfowm
wandb:  View project at: https://wandb.ai/luca_inghilterra-unimore/TCGA-BRCA-GE-ME-27-Cross-Validation
wandb: Synced 5 W&B file(s), 0 media file(s), 0 artifact file(s) and 0 other file(s)
wandb: Find logs at: ./wandb/run-20250115_145318-cgwxfowm/logs
