wandb: Using wandb-core as the SDK backend.  Please refer to https://wandb.me/wandb-core for more information.
wandb: Currently logged in as: luca_inghilterra (luca_inghilterra-unimore). Use `wandb login --relogin` to force relogin
wandb: Tracking run with wandb version 0.19.1
wandb: Run data is saved locally in /homes/linghilterra/AIforBioinformatics/src/mcat/wandb/run-20250218_031135-vp8q0uq2
wandb: Run `wandb offline` to turn off syncing.
wandb: Syncing run lucas_job_2529895
wandb:  View project at https://wandb.ai/luca_inghilterra-unimore/TCGA-BRCA-GE-ME-Cross-Validation
wandb:  View run at https://wandb.ai/luca_inghilterra-unimore/TCGA-BRCA-GE-ME-Cross-Validation/runs/vp8q0uq2
Traceback (most recent call last):
  File "/homes/linghilterra/AIforBioinformatics/src/mcat/7.2_mcat_gene_expression_and_methylation_cross_validation.py", line 363, in <module>
    main(MCAT_MULTIMODAL_YAML)
  File "/homes/linghilterra/AIforBioinformatics/src/mcat/7.2_mcat_gene_expression_and_methylation_cross_validation.py", line 301, in main
    best_model_state = torch.load(f'{config["model"]["checkpoint_best_model"]}_{process_id}_{fold_index}.pt')
  File "/homes/linghilterra/.conda/envs/MachineLearning/lib/python3.10/site-packages/torch/serialization.py", line 998, in load
    with _open_file_like(f, 'rb') as opened_file:
  File "/homes/linghilterra/.conda/envs/MachineLearning/lib/python3.10/site-packages/torch/serialization.py", line 445, in _open_file_like
    return _open_file(name_or_buffer, mode)
  File "/homes/linghilterra/.conda/envs/MachineLearning/lib/python3.10/site-packages/torch/serialization.py", line 426, in __init__
    super().__init__(open(name, mode))
FileNotFoundError: [Errno 2] No such file or directory: '../../src/mcat/checkpoints/model_lucas_job_2529895_3.pt'
