wandb: Using wandb-core as the SDK backend.  Please refer to https://wandb.me/wandb-core for more information.
wandb: Currently logged in as: luca_inghilterra (luca_inghilterra-unimore). Use `wandb login --relogin` to force relogin
wandb: Tracking run with wandb version 0.19.1
wandb: Run data is saved locally in /homes/linghilterra/AIforBioinformatics/src/mcat/wandb/run-20250131_003521-asv4kijt
wandb: Run `wandb offline` to turn off syncing.
wandb: Syncing run lucas_job_2522057
wandb:  View project at https://wandb.ai/luca_inghilterra-unimore/TCGA-BRCA-GE-ME-Cross-Validation
wandb:  View run at https://wandb.ai/luca_inghilterra-unimore/TCGA-BRCA-GE-ME-Cross-Validation/runs/asv4kijt
/homes/linghilterra/.conda/envs/MachineLearning/lib/python3.10/site-packages/scipy/stats/_distn_infrastructure.py:2241: RuntimeWarning: invalid value encountered in multiply
  lower_bound = _a * scale + loc
/homes/linghilterra/.conda/envs/MachineLearning/lib/python3.10/site-packages/scipy/stats/_distn_infrastructure.py:2242: RuntimeWarning: invalid value encountered in multiply
  upper_bound = _b * scale + loc
/homes/linghilterra/.conda/envs/MachineLearning/lib/python3.10/site-packages/scipy/stats/_distn_infrastructure.py:2241: RuntimeWarning: invalid value encountered in multiply
  lower_bound = _a * scale + loc
/homes/linghilterra/.conda/envs/MachineLearning/lib/python3.10/site-packages/scipy/stats/_distn_infrastructure.py:2242: RuntimeWarning: invalid value encountered in multiply
  upper_bound = _b * scale + loc
/homes/linghilterra/.conda/envs/MachineLearning/lib/python3.10/site-packages/scipy/stats/_distn_infrastructure.py:2241: RuntimeWarning: invalid value encountered in multiply
  lower_bound = _a * scale + loc
/homes/linghilterra/.conda/envs/MachineLearning/lib/python3.10/site-packages/scipy/stats/_distn_infrastructure.py:2242: RuntimeWarning: invalid value encountered in multiply
  upper_bound = _b * scale + loc
slurmstepd: error: *** JOB 2522057 ON nullazzo CANCELLED AT 2025-02-01T00:38:32 DUE TO TIME LIMIT ***
