wandb: Using wandb-core as the SDK backend.  Please refer to https://wandb.me/wandb-core for more information.
wandb: Currently logged in as: luca_inghilterra (luca_inghilterra-unimore). Use `wandb login --relogin` to force relogin
wandb: Tracking run with wandb version 0.19.1
wandb: Run data is saved locally in /work/tesi_linghilterra/AIforBioinformatics/src/mcat/wandb/run-20250107_012833-g43ftg5y
wandb: Run `wandb offline` to turn off syncing.
wandb: Syncing run lucas_job_2503890
wandb:  View project at https://wandb.ai/luca_inghilterra-unimore/TCGA-BRCA-COMP
wandb:  View run at https://wandb.ai/luca_inghilterra-unimore/TCGA-BRCA-COMP/runs/g43ftg5y
wandb:                                                                                
wandb: 
wandb: Run history:
wandb:   training_c_index ▁▃▃▃▄▅▆▆▆▇▇▇▇████████████
wandb:      training_loss █▄▄▃▃▂▂▂▂▂▂▁▁▁▁▁▁▁▁▁▁▁▁▁▁
wandb: validation_c_index ▄▇▅▁█▂▇▂▃▄▁▂▂▂▁▄▃▂▄▃▃▃▂▂▁▁
wandb:    validation_loss █▆▅▄▃▂▂▂▂▁▁▁▁▁▁▁▁▁▁▁▁▁▁▁▁▁
wandb: 
wandb: Run summary:
wandb:   training_c_index 0.9469
wandb:      training_loss 0.54694
wandb: validation_c_index 0.54084
wandb:    validation_loss 0.82795
wandb: 
wandb:  View run lucas_job_2503890 at: https://wandb.ai/luca_inghilterra-unimore/TCGA-BRCA-COMP/runs/g43ftg5y
wandb:  View project at: https://wandb.ai/luca_inghilterra-unimore/TCGA-BRCA-COMP
wandb: Synced 5 W&B file(s), 0 media file(s), 0 artifact file(s) and 0 other file(s)
wandb: Find logs at: ./wandb/run-20250107_012833-g43ftg5y/logs
