wandb: Using wandb-core as the SDK backend.  Please refer to https://wandb.me/wandb-core for more information.
wandb: Currently logged in as: luca_inghilterra (luca_inghilterra-unimore). Use `wandb login --relogin` to force relogin
wandb: Tracking run with wandb version 0.19.1
wandb: Run data is saved locally in /work/tesi_linghilterra/AIforBioinformatics/src/mcat/wandb/run-20250105_042132-b9k6uw5k
wandb: Run `wandb offline` to turn off syncing.
wandb: Syncing run lucas_job_2503510
wandb:  View project at https://wandb.ai/luca_inghilterra-unimore/TCGA-BRCA-COMP
wandb:  View run at https://wandb.ai/luca_inghilterra-unimore/TCGA-BRCA-COMP/runs/b9k6uw5k
wandb:                                                                                
wandb: 
wandb: Run history:
wandb: train_c_index ▆▆▁▄█▄▆▅▆█▃▄▆▆▆▇▅█▅▄
wandb:    train_loss █▆▄▃▂▂▁▁▁▁▁▁▁▁▁▁▁▁▁▁
wandb:   val_c_index █▆▇▁▃▃▃▃▃▃▃▃▃▃▃▃▃▃▃▃▃
wandb:      val_loss █▆▄▃▂▁▁▁▁▁▁▁▁▁▁▁▁▁▁▁▁
wandb: 
wandb: Run summary:
wandb: train_c_index 0.49359
wandb:    train_loss 3.20828
wandb:   val_c_index 0.5
wandb:      val_loss 3.4879
wandb: 
wandb:  View run lucas_job_2503510 at: https://wandb.ai/luca_inghilterra-unimore/TCGA-BRCA-COMP/runs/b9k6uw5k
wandb:  View project at: https://wandb.ai/luca_inghilterra-unimore/TCGA-BRCA-COMP
wandb: Synced 5 W&B file(s), 0 media file(s), 0 artifact file(s) and 0 other file(s)
wandb: Find logs at: ./wandb/run-20250105_042132-b9k6uw5k/logs
