wandb: Using wandb-core as the SDK backend.  Please refer to https://wandb.me/wandb-core for more information.
wandb: Currently logged in as: luca_inghilterra (luca_inghilterra-unimore). Use `wandb login --relogin` to force relogin
wandb: Tracking run with wandb version 0.19.1
wandb: Run data is saved locally in /homes/linghilterra/AIforBioinformatics/src/mcat/wandb/run-20250116_020841-selbgdw5
wandb: Run `wandb offline` to turn off syncing.
wandb: Syncing run lucas_job_2508095
wandb:  View project at https://wandb.ai/luca_inghilterra-unimore/TCGA-BRCA-GE-ME-27-Cross-Validation
wandb:  View run at https://wandb.ai/luca_inghilterra-unimore/TCGA-BRCA-GE-ME-27-Cross-Validation/runs/selbgdw5
/homes/linghilterra/AIforBioinformatics/src/mcat/methylation_functions/training_methylation.py:79: UserWarning: To copy construct from a tensor, it is recommended to use sourceTensor.clone().detach() or sourceTensor.clone().detach().requires_grad_(True), rather than torch.tensor(sourceTensor).
  if torch.isnan(torch.tensor(training_loss)):
/homes/linghilterra/AIforBioinformatics/src/mcat/methylation_functions/training_methylation.py:79: UserWarning: To copy construct from a tensor, it is recommended to use sourceTensor.clone().detach() or sourceTensor.clone().detach().requires_grad_(True), rather than torch.tensor(sourceTensor).
  if torch.isnan(torch.tensor(training_loss)):
/homes/linghilterra/AIforBioinformatics/src/mcat/methylation_functions/training_methylation.py:79: UserWarning: To copy construct from a tensor, it is recommended to use sourceTensor.clone().detach() or sourceTensor.clone().detach().requires_grad_(True), rather than torch.tensor(sourceTensor).
  if torch.isnan(torch.tensor(training_loss)):
/homes/linghilterra/AIforBioinformatics/src/mcat/methylation_functions/training_methylation.py:79: UserWarning: To copy construct from a tensor, it is recommended to use sourceTensor.clone().detach() or sourceTensor.clone().detach().requires_grad_(True), rather than torch.tensor(sourceTensor).
  if torch.isnan(torch.tensor(training_loss)):
/homes/linghilterra/AIforBioinformatics/src/mcat/methylation_functions/training_methylation.py:79: UserWarning: To copy construct from a tensor, it is recommended to use sourceTensor.clone().detach() or sourceTensor.clone().detach().requires_grad_(True), rather than torch.tensor(sourceTensor).
  if torch.isnan(torch.tensor(training_loss)):
/homes/linghilterra/AIforBioinformatics/src/mcat/methylation_functions/training_methylation.py:79: UserWarning: To copy construct from a tensor, it is recommended to use sourceTensor.clone().detach() or sourceTensor.clone().detach().requires_grad_(True), rather than torch.tensor(sourceTensor).
  if torch.isnan(torch.tensor(training_loss)):
/homes/linghilterra/AIforBioinformatics/src/mcat/methylation_functions/training_methylation.py:79: UserWarning: To copy construct from a tensor, it is recommended to use sourceTensor.clone().detach() or sourceTensor.clone().detach().requires_grad_(True), rather than torch.tensor(sourceTensor).
  if torch.isnan(torch.tensor(training_loss)):
/homes/linghilterra/AIforBioinformatics/src/mcat/methylation_functions/training_methylation.py:79: UserWarning: To copy construct from a tensor, it is recommended to use sourceTensor.clone().detach() or sourceTensor.clone().detach().requires_grad_(True), rather than torch.tensor(sourceTensor).
  if torch.isnan(torch.tensor(training_loss)):
/homes/linghilterra/AIforBioinformatics/src/mcat/methylation_functions/training_methylation.py:79: UserWarning: To copy construct from a tensor, it is recommended to use sourceTensor.clone().detach() or sourceTensor.clone().detach().requires_grad_(True), rather than torch.tensor(sourceTensor).
  if torch.isnan(torch.tensor(training_loss)):
/homes/linghilterra/AIforBioinformatics/src/mcat/methylation_functions/training_methylation.py:79: UserWarning: To copy construct from a tensor, it is recommended to use sourceTensor.clone().detach() or sourceTensor.clone().detach().requires_grad_(True), rather than torch.tensor(sourceTensor).
  if torch.isnan(torch.tensor(training_loss)):
/homes/linghilterra/AIforBioinformatics/src/mcat/methylation_functions/training_methylation.py:79: UserWarning: To copy construct from a tensor, it is recommended to use sourceTensor.clone().detach() or sourceTensor.clone().detach().requires_grad_(True), rather than torch.tensor(sourceTensor).
  if torch.isnan(torch.tensor(training_loss)):
/homes/linghilterra/AIforBioinformatics/src/mcat/methylation_functions/training_methylation.py:79: UserWarning: To copy construct from a tensor, it is recommended to use sourceTensor.clone().detach() or sourceTensor.clone().detach().requires_grad_(True), rather than torch.tensor(sourceTensor).
  if torch.isnan(torch.tensor(training_loss)):
/homes/linghilterra/AIforBioinformatics/src/mcat/methylation_functions/training_methylation.py:79: UserWarning: To copy construct from a tensor, it is recommended to use sourceTensor.clone().detach() or sourceTensor.clone().detach().requires_grad_(True), rather than torch.tensor(sourceTensor).
  if torch.isnan(torch.tensor(training_loss)):
/homes/linghilterra/AIforBioinformatics/src/mcat/methylation_functions/training_methylation.py:79: UserWarning: To copy construct from a tensor, it is recommended to use sourceTensor.clone().detach() or sourceTensor.clone().detach().requires_grad_(True), rather than torch.tensor(sourceTensor).
  if torch.isnan(torch.tensor(training_loss)):
/homes/linghilterra/AIforBioinformatics/src/mcat/methylation_functions/training_methylation.py:79: UserWarning: To copy construct from a tensor, it is recommended to use sourceTensor.clone().detach() or sourceTensor.clone().detach().requires_grad_(True), rather than torch.tensor(sourceTensor).
  if torch.isnan(torch.tensor(training_loss)):
/homes/linghilterra/AIforBioinformatics/src/mcat/methylation_functions/training_methylation.py:79: UserWarning: To copy construct from a tensor, it is recommended to use sourceTensor.clone().detach() or sourceTensor.clone().detach().requires_grad_(True), rather than torch.tensor(sourceTensor).
  if torch.isnan(torch.tensor(training_loss)):
/homes/linghilterra/AIforBioinformatics/src/mcat/methylation_functions/training_methylation.py:79: UserWarning: To copy construct from a tensor, it is recommended to use sourceTensor.clone().detach() or sourceTensor.clone().detach().requires_grad_(True), rather than torch.tensor(sourceTensor).
  if torch.isnan(torch.tensor(training_loss)):
/homes/linghilterra/AIforBioinformatics/src/mcat/methylation_functions/training_methylation.py:79: UserWarning: To copy construct from a tensor, it is recommended to use sourceTensor.clone().detach() or sourceTensor.clone().detach().requires_grad_(True), rather than torch.tensor(sourceTensor).
  if torch.isnan(torch.tensor(training_loss)):
/homes/linghilterra/AIforBioinformatics/src/mcat/methylation_functions/training_methylation.py:79: UserWarning: To copy construct from a tensor, it is recommended to use sourceTensor.clone().detach() or sourceTensor.clone().detach().requires_grad_(True), rather than torch.tensor(sourceTensor).
  if torch.isnan(torch.tensor(training_loss)):
/homes/linghilterra/AIforBioinformatics/src/mcat/methylation_functions/training_methylation.py:79: UserWarning: To copy construct from a tensor, it is recommended to use sourceTensor.clone().detach() or sourceTensor.clone().detach().requires_grad_(True), rather than torch.tensor(sourceTensor).
  if torch.isnan(torch.tensor(training_loss)):
/homes/linghilterra/AIforBioinformatics/src/mcat/methylation_functions/training_methylation.py:79: UserWarning: To copy construct from a tensor, it is recommended to use sourceTensor.clone().detach() or sourceTensor.clone().detach().requires_grad_(True), rather than torch.tensor(sourceTensor).
  if torch.isnan(torch.tensor(training_loss)):
/homes/linghilterra/AIforBioinformatics/src/mcat/methylation_functions/training_methylation.py:79: UserWarning: To copy construct from a tensor, it is recommended to use sourceTensor.clone().detach() or sourceTensor.clone().detach().requires_grad_(True), rather than torch.tensor(sourceTensor).
  if torch.isnan(torch.tensor(training_loss)):
/homes/linghilterra/AIforBioinformatics/src/mcat/methylation_functions/training_methylation.py:79: UserWarning: To copy construct from a tensor, it is recommended to use sourceTensor.clone().detach() or sourceTensor.clone().detach().requires_grad_(True), rather than torch.tensor(sourceTensor).
  if torch.isnan(torch.tensor(training_loss)):
/homes/linghilterra/AIforBioinformatics/src/mcat/methylation_functions/training_methylation.py:79: UserWarning: To copy construct from a tensor, it is recommended to use sourceTensor.clone().detach() or sourceTensor.clone().detach().requires_grad_(True), rather than torch.tensor(sourceTensor).
  if torch.isnan(torch.tensor(training_loss)):
/homes/linghilterra/AIforBioinformatics/src/mcat/methylation_functions/training_methylation.py:79: UserWarning: To copy construct from a tensor, it is recommended to use sourceTensor.clone().detach() or sourceTensor.clone().detach().requires_grad_(True), rather than torch.tensor(sourceTensor).
  if torch.isnan(torch.tensor(training_loss)):
/homes/linghilterra/AIforBioinformatics/src/mcat/methylation_functions/training_methylation.py:79: UserWarning: To copy construct from a tensor, it is recommended to use sourceTensor.clone().detach() or sourceTensor.clone().detach().requires_grad_(True), rather than torch.tensor(sourceTensor).
  if torch.isnan(torch.tensor(training_loss)):
/homes/linghilterra/AIforBioinformatics/src/mcat/methylation_functions/training_methylation.py:79: UserWarning: To copy construct from a tensor, it is recommended to use sourceTensor.clone().detach() or sourceTensor.clone().detach().requires_grad_(True), rather than torch.tensor(sourceTensor).
  if torch.isnan(torch.tensor(training_loss)):
/homes/linghilterra/AIforBioinformatics/src/mcat/methylation_functions/training_methylation.py:79: UserWarning: To copy construct from a tensor, it is recommended to use sourceTensor.clone().detach() or sourceTensor.clone().detach().requires_grad_(True), rather than torch.tensor(sourceTensor).
  if torch.isnan(torch.tensor(training_loss)):
/homes/linghilterra/AIforBioinformatics/src/mcat/methylation_functions/training_methylation.py:79: UserWarning: To copy construct from a tensor, it is recommended to use sourceTensor.clone().detach() or sourceTensor.clone().detach().requires_grad_(True), rather than torch.tensor(sourceTensor).
  if torch.isnan(torch.tensor(training_loss)):
/homes/linghilterra/AIforBioinformatics/src/mcat/methylation_functions/training_methylation.py:79: UserWarning: To copy construct from a tensor, it is recommended to use sourceTensor.clone().detach() or sourceTensor.clone().detach().requires_grad_(True), rather than torch.tensor(sourceTensor).
  if torch.isnan(torch.tensor(training_loss)):
/homes/linghilterra/AIforBioinformatics/src/mcat/methylation_functions/training_methylation.py:79: UserWarning: To copy construct from a tensor, it is recommended to use sourceTensor.clone().detach() or sourceTensor.clone().detach().requires_grad_(True), rather than torch.tensor(sourceTensor).
  if torch.isnan(torch.tensor(training_loss)):
/homes/linghilterra/AIforBioinformatics/src/mcat/methylation_functions/training_methylation.py:79: UserWarning: To copy construct from a tensor, it is recommended to use sourceTensor.clone().detach() or sourceTensor.clone().detach().requires_grad_(True), rather than torch.tensor(sourceTensor).
  if torch.isnan(torch.tensor(training_loss)):
/homes/linghilterra/AIforBioinformatics/src/mcat/methylation_functions/training_methylation.py:79: UserWarning: To copy construct from a tensor, it is recommended to use sourceTensor.clone().detach() or sourceTensor.clone().detach().requires_grad_(True), rather than torch.tensor(sourceTensor).
  if torch.isnan(torch.tensor(training_loss)):
/homes/linghilterra/AIforBioinformatics/src/mcat/methylation_functions/training_methylation.py:79: UserWarning: To copy construct from a tensor, it is recommended to use sourceTensor.clone().detach() or sourceTensor.clone().detach().requires_grad_(True), rather than torch.tensor(sourceTensor).
  if torch.isnan(torch.tensor(training_loss)):
/homes/linghilterra/AIforBioinformatics/src/mcat/methylation_functions/training_methylation.py:79: UserWarning: To copy construct from a tensor, it is recommended to use sourceTensor.clone().detach() or sourceTensor.clone().detach().requires_grad_(True), rather than torch.tensor(sourceTensor).
  if torch.isnan(torch.tensor(training_loss)):
/homes/linghilterra/AIforBioinformatics/src/mcat/methylation_functions/training_methylation.py:79: UserWarning: To copy construct from a tensor, it is recommended to use sourceTensor.clone().detach() or sourceTensor.clone().detach().requires_grad_(True), rather than torch.tensor(sourceTensor).
  if torch.isnan(torch.tensor(training_loss)):
/homes/linghilterra/AIforBioinformatics/src/mcat/methylation_functions/training_methylation.py:79: UserWarning: To copy construct from a tensor, it is recommended to use sourceTensor.clone().detach() or sourceTensor.clone().detach().requires_grad_(True), rather than torch.tensor(sourceTensor).
  if torch.isnan(torch.tensor(training_loss)):
/homes/linghilterra/AIforBioinformatics/src/mcat/methylation_functions/training_methylation.py:79: UserWarning: To copy construct from a tensor, it is recommended to use sourceTensor.clone().detach() or sourceTensor.clone().detach().requires_grad_(True), rather than torch.tensor(sourceTensor).
  if torch.isnan(torch.tensor(training_loss)):
/homes/linghilterra/AIforBioinformatics/src/mcat/methylation_functions/training_methylation.py:79: UserWarning: To copy construct from a tensor, it is recommended to use sourceTensor.clone().detach() or sourceTensor.clone().detach().requires_grad_(True), rather than torch.tensor(sourceTensor).
  if torch.isnan(torch.tensor(training_loss)):
/homes/linghilterra/AIforBioinformatics/src/mcat/methylation_functions/training_methylation.py:79: UserWarning: To copy construct from a tensor, it is recommended to use sourceTensor.clone().detach() or sourceTensor.clone().detach().requires_grad_(True), rather than torch.tensor(sourceTensor).
  if torch.isnan(torch.tensor(training_loss)):
/homes/linghilterra/AIforBioinformatics/src/mcat/methylation_functions/training_methylation.py:79: UserWarning: To copy construct from a tensor, it is recommended to use sourceTensor.clone().detach() or sourceTensor.clone().detach().requires_grad_(True), rather than torch.tensor(sourceTensor).
  if torch.isnan(torch.tensor(training_loss)):
/homes/linghilterra/AIforBioinformatics/src/mcat/methylation_functions/training_methylation.py:79: UserWarning: To copy construct from a tensor, it is recommended to use sourceTensor.clone().detach() or sourceTensor.clone().detach().requires_grad_(True), rather than torch.tensor(sourceTensor).
  if torch.isnan(torch.tensor(training_loss)):
/homes/linghilterra/AIforBioinformatics/src/mcat/methylation_functions/training_methylation.py:79: UserWarning: To copy construct from a tensor, it is recommended to use sourceTensor.clone().detach() or sourceTensor.clone().detach().requires_grad_(True), rather than torch.tensor(sourceTensor).
  if torch.isnan(torch.tensor(training_loss)):
/homes/linghilterra/AIforBioinformatics/src/mcat/methylation_functions/training_methylation.py:79: UserWarning: To copy construct from a tensor, it is recommended to use sourceTensor.clone().detach() or sourceTensor.clone().detach().requires_grad_(True), rather than torch.tensor(sourceTensor).
  if torch.isnan(torch.tensor(training_loss)):
/homes/linghilterra/AIforBioinformatics/src/mcat/methylation_functions/training_methylation.py:79: UserWarning: To copy construct from a tensor, it is recommended to use sourceTensor.clone().detach() or sourceTensor.clone().detach().requires_grad_(True), rather than torch.tensor(sourceTensor).
  if torch.isnan(torch.tensor(training_loss)):
/homes/linghilterra/AIforBioinformatics/src/mcat/methylation_functions/training_methylation.py:79: UserWarning: To copy construct from a tensor, it is recommended to use sourceTensor.clone().detach() or sourceTensor.clone().detach().requires_grad_(True), rather than torch.tensor(sourceTensor).
  if torch.isnan(torch.tensor(training_loss)):
/homes/linghilterra/AIforBioinformatics/src/mcat/methylation_functions/training_methylation.py:79: UserWarning: To copy construct from a tensor, it is recommended to use sourceTensor.clone().detach() or sourceTensor.clone().detach().requires_grad_(True), rather than torch.tensor(sourceTensor).
  if torch.isnan(torch.tensor(training_loss)):
/homes/linghilterra/AIforBioinformatics/src/mcat/methylation_functions/training_methylation.py:79: UserWarning: To copy construct from a tensor, it is recommended to use sourceTensor.clone().detach() or sourceTensor.clone().detach().requires_grad_(True), rather than torch.tensor(sourceTensor).
  if torch.isnan(torch.tensor(training_loss)):
/homes/linghilterra/AIforBioinformatics/src/mcat/methylation_functions/training_methylation.py:79: UserWarning: To copy construct from a tensor, it is recommended to use sourceTensor.clone().detach() or sourceTensor.clone().detach().requires_grad_(True), rather than torch.tensor(sourceTensor).
  if torch.isnan(torch.tensor(training_loss)):
/homes/linghilterra/AIforBioinformatics/src/mcat/methylation_functions/training_methylation.py:79: UserWarning: To copy construct from a tensor, it is recommended to use sourceTensor.clone().detach() or sourceTensor.clone().detach().requires_grad_(True), rather than torch.tensor(sourceTensor).
  if torch.isnan(torch.tensor(training_loss)):
/homes/linghilterra/AIforBioinformatics/src/mcat/methylation_functions/training_methylation.py:79: UserWarning: To copy construct from a tensor, it is recommended to use sourceTensor.clone().detach() or sourceTensor.clone().detach().requires_grad_(True), rather than torch.tensor(sourceTensor).
  if torch.isnan(torch.tensor(training_loss)):
/homes/linghilterra/AIforBioinformatics/src/mcat/methylation_functions/training_methylation.py:79: UserWarning: To copy construct from a tensor, it is recommended to use sourceTensor.clone().detach() or sourceTensor.clone().detach().requires_grad_(True), rather than torch.tensor(sourceTensor).
  if torch.isnan(torch.tensor(training_loss)):
/homes/linghilterra/AIforBioinformatics/src/mcat/methylation_functions/training_methylation.py:79: UserWarning: To copy construct from a tensor, it is recommended to use sourceTensor.clone().detach() or sourceTensor.clone().detach().requires_grad_(True), rather than torch.tensor(sourceTensor).
  if torch.isnan(torch.tensor(training_loss)):
/homes/linghilterra/AIforBioinformatics/src/mcat/methylation_functions/training_methylation.py:79: UserWarning: To copy construct from a tensor, it is recommended to use sourceTensor.clone().detach() or sourceTensor.clone().detach().requires_grad_(True), rather than torch.tensor(sourceTensor).
  if torch.isnan(torch.tensor(training_loss)):
/homes/linghilterra/AIforBioinformatics/src/mcat/methylation_functions/training_methylation.py:79: UserWarning: To copy construct from a tensor, it is recommended to use sourceTensor.clone().detach() or sourceTensor.clone().detach().requires_grad_(True), rather than torch.tensor(sourceTensor).
  if torch.isnan(torch.tensor(training_loss)):
/homes/linghilterra/AIforBioinformatics/src/mcat/methylation_functions/training_methylation.py:79: UserWarning: To copy construct from a tensor, it is recommended to use sourceTensor.clone().detach() or sourceTensor.clone().detach().requires_grad_(True), rather than torch.tensor(sourceTensor).
  if torch.isnan(torch.tensor(training_loss)):
/homes/linghilterra/AIforBioinformatics/src/mcat/methylation_functions/training_methylation.py:79: UserWarning: To copy construct from a tensor, it is recommended to use sourceTensor.clone().detach() or sourceTensor.clone().detach().requires_grad_(True), rather than torch.tensor(sourceTensor).
  if torch.isnan(torch.tensor(training_loss)):
/homes/linghilterra/AIforBioinformatics/src/mcat/methylation_functions/training_methylation.py:79: UserWarning: To copy construct from a tensor, it is recommended to use sourceTensor.clone().detach() or sourceTensor.clone().detach().requires_grad_(True), rather than torch.tensor(sourceTensor).
  if torch.isnan(torch.tensor(training_loss)):
/homes/linghilterra/AIforBioinformatics/src/mcat/methylation_functions/training_methylation.py:79: UserWarning: To copy construct from a tensor, it is recommended to use sourceTensor.clone().detach() or sourceTensor.clone().detach().requires_grad_(True), rather than torch.tensor(sourceTensor).
  if torch.isnan(torch.tensor(training_loss)):
/homes/linghilterra/AIforBioinformatics/src/mcat/methylation_functions/training_methylation.py:79: UserWarning: To copy construct from a tensor, it is recommended to use sourceTensor.clone().detach() or sourceTensor.clone().detach().requires_grad_(True), rather than torch.tensor(sourceTensor).
  if torch.isnan(torch.tensor(training_loss)):
/homes/linghilterra/AIforBioinformatics/src/mcat/methylation_functions/training_methylation.py:79: UserWarning: To copy construct from a tensor, it is recommended to use sourceTensor.clone().detach() or sourceTensor.clone().detach().requires_grad_(True), rather than torch.tensor(sourceTensor).
  if torch.isnan(torch.tensor(training_loss)):
wandb:                                                                                
wandb: 
wandb: Run history:
wandb:   training_c_index ▁▄▃▃▅▇▇▇▇▇▇█▃▅▅▆▆▆▆▇▄▃▅▅▅▃▂▃▄▄▆▆▇▇▃▃▃▅▄▆
wandb:      training_loss █▅▃▃▂▂▂▁▁▁▁▁█▄▃▂▂▂▁▁▁█▃▂▂▁▁▅▃▃▂▂▂▁▁▃▃▂▂▁
wandb: validation_c_index ▁▃▃▃▆▄▆▅▅▆▄▅▂▂▃▅▄▅▅▃▆▅▃▄▃▄▃▃▂▅▃▃▁▂▅█▇▆▄█
wandb:    validation_loss ▇▅▃▂▂▂▁▁▁▁▁█▆▄▃▃▃▃▃▃▃█▄▃▃▃▃▃▃▃▂▂▂▂▂▃▂▂▂▅
wandb: 
wandb: Run summary:
wandb:   training_c_index 0.7363
wandb:      training_loss 0.77687
wandb: validation_c_index 0.65653
wandb:    validation_loss 1.5422
wandb: 
wandb:  View run lucas_job_2508095 at: https://wandb.ai/luca_inghilterra-unimore/TCGA-BRCA-GE-ME-27-Cross-Validation/runs/selbgdw5
wandb:  View project at: https://wandb.ai/luca_inghilterra-unimore/TCGA-BRCA-GE-ME-27-Cross-Validation
wandb: Synced 5 W&B file(s), 0 media file(s), 0 artifact file(s) and 0 other file(s)
wandb: Find logs at: ./wandb/run-20250116_020841-selbgdw5/logs
