wandb: Using wandb-core as the SDK backend.  Please refer to https://wandb.me/wandb-core for more information.
wandb: Currently logged in as: luca_inghilterra (luca_inghilterra-unimore). Use `wandb login --relogin` to force relogin
wandb: - Waiting for wandb.init()...wandb: \ Waiting for wandb.init()...wandb: Tracking run with wandb version 0.19.1
wandb: Run data is saved locally in /work/tesi_linghilterra/AIforBioinformatics/src/mcat/wandb/run-20250105_150800-3sf8qw20
wandb: Run `wandb offline` to turn off syncing.
wandb: Syncing run lucas_job_2503574
wandb:  View project at https://wandb.ai/luca_inghilterra-unimore/TCGA-BRCA-COMP
wandb:  View run at https://wandb.ai/luca_inghilterra-unimore/TCGA-BRCA-COMP/runs/3sf8qw20
wandb:                                                                                
wandb: 
wandb: Run history:
wandb: train_c_index ▁▁▂▄▄▅▆▆▆▇▇▇▇███████
wandb:    train_loss █▄▄▃▃▃▂▂▂▂▂▁▁▁▁▁▁▁▁▁
wandb:   val_c_index ▁▂▄▄▄▅▅▅▅▆▇▆▇▇▇▇▇▇███
wandb:      val_loss █▆▅▄▄▃▃▂▂▂▂▂▁▁▂▂▁▁▁▁▁
wandb: 
wandb: Run summary:
wandb: train_c_index 0.94307
wandb:    train_loss 0.45877
wandb:   val_c_index 0.75652
wandb:      val_loss 0.8267
wandb: 
wandb:  View run lucas_job_2503574 at: https://wandb.ai/luca_inghilterra-unimore/TCGA-BRCA-COMP/runs/3sf8qw20
wandb:  View project at: https://wandb.ai/luca_inghilterra-unimore/TCGA-BRCA-COMP
wandb: Synced 5 W&B file(s), 0 media file(s), 0 artifact file(s) and 0 other file(s)
wandb: Find logs at: ./wandb/run-20250105_150800-3sf8qw20/logs
