wandb: Using wandb-core as the SDK backend.  Please refer to https://wandb.me/wandb-core for more information.
wandb: Currently logged in as: luca_inghilterra (luca_inghilterra-unimore). Use `wandb login --relogin` to force relogin
wandb: Tracking run with wandb version 0.19.1
wandb: Run data is saved locally in /homes/linghilterra/AIforBioinformatics/src/mcat/wandb/run-20250321_200600-bd0jpg1c
wandb: Run `wandb offline` to turn off syncing.
wandb: Syncing run SurvPath_CpG_2545213
wandb:  View project at https://wandb.ai/luca_inghilterra-unimore/TCGA-BRCA-GE-ME-Cross-Validation
wandb:  View run at https://wandb.ai/luca_inghilterra-unimore/TCGA-BRCA-GE-ME-Cross-Validation/runs/bd0jpg1c
/homes/linghilterra/AIforBioinformatics/src/surv_path/gene_expression_and_methylation_modules/testing.py:67: RuntimeWarning: More than 20 figures have been opened. Figures created through the pyplot interface (`matplotlib.pyplot.figure`) are retained until explicitly closed and may consume too much memory. (To control this warning, see the rcParam `figure.max_open_warning`). Consider using `matplotlib.pyplot.close()`.
  plt.figure(figsize=(12, 8))
wandb:                                                                                
wandb: 
wandb: Run history:
wandb:   training_c_index ▁▃▃▆▆▃▇▂▇▂▆▇▇█▃▇▂▁▅▇▂▆▂▆▆▂▄▇█▄▆▆▆▂▃▂▃▂▄█
wandb:      training_loss ▇▇▅█▇▄▆▇██▆▅▂█▆▆▄▇▆▄▇▇▆▅▄▇▅▃▂▁█▇▆▅▇▄▄▆▅▂
wandb: validation_c_index ▄▄▆▄▃▃▅▄▆▁▅▇█▇█▃▅▄▇▆▅▃▃▆▃▃▃▅▇▅▆▄▄▆▆▄▁▄██
wandb:    validation_loss ▂▃▃▃▃▄▂▃▄▅▇▇▇▁▁▃▃▅▅▅▃▄▆▇▃▃▄▃▃▅▆▇██▁▅▄▂▃▄
wandb: 
wandb: Run summary:
wandb:   training_c_index 0.8208
wandb:      training_loss 0.39234
wandb: validation_c_index 0.6249
wandb:    validation_loss 0.61822
wandb: 
wandb:  View run SurvPath_CpG_2545213 at: https://wandb.ai/luca_inghilterra-unimore/TCGA-BRCA-GE-ME-Cross-Validation/runs/bd0jpg1c
wandb:  View project at: https://wandb.ai/luca_inghilterra-unimore/TCGA-BRCA-GE-ME-Cross-Validation
wandb: Synced 5 W&B file(s), 0 media file(s), 0 artifact file(s) and 0 other file(s)
wandb: Find logs at: ./wandb/run-20250321_200600-bd0jpg1c/logs
