Environment conda activated
Job 2500797 started

#################### [23/12/2024 - 12:45:55] - MCAT started ####################
WANDB: setting up for report

CUDA: available
--> Device count: 1
--> Using device: NVIDIA GeForce RTX 2080 Ti
--> Running on CUDA

DATASET: TCGA data only
--> Remaining samples after removing incomplete: 1017
--> Class intervals: [
	0: [0.03 - 2.97]
	1: [2.97 - 9.92]
	2: [9.92 - 12.17]
	3: [12.17 - 13.28]
	4: [13.28 - 15.14]
	5: [15.14 - 17.17]
	6: [17.17 - 18.83]
	7: [18.83 - 20.37]
	8: [20.37 - 23.46]
	9: [23.46 - 26.48]
	10: [26.48 - 31.95]
	11: [31.95 - 35.70]
	12: [35.70 - 40.41]
	13: [40.41 - 48.22]
	14: [48.22 - 54.96]
	15: [54.96 - 65.91]
	16: [65.91 - 77.65]
	17: [77.65 - 93.78]
	18: [93.78 - 109.23]
	19: [109.23 - 282.69]
    ]
--> Standardizing RNA-seq data
--> Signatures size: [16638]
--> Using 80% train, 20% validation
--> Training Set: [814], Validation Set: [203]

MODEL: MCAT
--> Trainable parameters of MCAT: 7556886

LOSS FUNCTION: CrossEntropySurvivalLoss

OPTIMIZER: adam

################## [23/12/2024 - 12:46:32] - Training started ##################
[23/12/2024 - 12:46:32] - Epoch: 1
	batch: 49, loss: 0.5219, label: 2, survival_months: 10.09, risk: -1.0061
		average speed: 0.83s per batch
	batch: 99, loss: 1.4807, label: 8, survival_months: 23.03, risk: -1.1023
		average speed: 0.42s per batch
	batch: 149, loss: 0.1559, label: 0, survival_months: 1.02, risk: -1.1210
		average speed: 0.44s per batch
	batch: 199, loss: 0.7583, label: 4, survival_months: 14.72, risk: -1.2118
		average speed: 0.74s per batch
	batch: 249, loss: 0.8888, label: 5, survival_months: 16.72, risk: -1.2271
		average speed: 0.69s per batch
	batch: 299, loss: 2.2912, label: 4, survival_months: 13.99, risk: -1.4065
		average speed: 0.79s per batch
	batch: 349, loss: 1.0374, label: 7, survival_months: 18.96, risk: -1.5341
		average speed: 0.40s per batch
	batch: 399, loss: 2.0008, label: 15, survival_months: 63.57, risk: -1.7611
		average speed: 0.63s per batch
	batch: 449, loss: 1.6910, label: 15, survival_months: 64.16, risk: -2.1493
		average speed: 0.47s per batch
	batch: 499, loss: 0.8603, label: 8, survival_months: 21.42, risk: -2.1710
		average speed: 0.47s per batch
	batch: 549, loss: 1.0436, label: 12, survival_months: 39.13, risk: -3.0647
		average speed: 0.49s per batch
	batch: 599, loss: 0.7221, label: 10, survival_months: 28.42, risk: -3.4588
		average speed: 0.75s per batch
	batch: 649, loss: 0.2175, label: 4, survival_months: 14.36, risk: -4.9517
		average speed: 0.39s per batch
	batch: 699, loss: 0.4500, label: 11, survival_months: 33.02, risk: -6.0586
		average speed: 0.57s per batch
	batch: 749, loss: 0.2793, label: 10, survival_months: 28.48, risk: -7.7861
		average speed: 0.62s per batch
	batch: 799, loss: 0.1124, label: 6, survival_months: 18.66, risk: -9.4682
		average speed: 0.43s per batch
Epoch: 1, train_loss: 1.6252, train_c_index: 0.5018
Epoch: 1, val_loss: 0.4319, val_c_index: 0.4701
[23/12/2024 - 12:52:32] - Time elapsed for epoch 1: 360s
[23/12/2024 - 12:52:32] - Epoch: 2
	batch: 49, loss: 0.0378, label: 2, survival_months: 10.51, risk: -12.0197
		average speed: 0.46s per batch
	batch: 99, loss: 0.0827, label: 13, survival_months: 47.57, risk: -15.1743
		average speed: 0.43s per batch
	batch: 149, loss: 0.0692, label: 12, survival_months: 38.73, risk: -15.5176
		average speed: 0.57s per batch
	batch: 199, loss: 0.0140, label: 9, survival_months: 26.02, risk: -17.2558
		average speed: 0.55s per batch
	batch: 249, loss: 0.1733, label: 18, survival_months: 101.45, risk: -16.9553
		average speed: 0.62s per batch
	batch: 299, loss: 0.0025, label: 1, survival_months: 4.89, risk: -17.4925
		average speed: 1.02s per batch
	batch: 349, loss: 0.0024, label: 1, survival_months: 8.51, risk: -17.5117
		average speed: 0.58s per batch
	batch: 399, loss: 3.5342, label: 15, survival_months: 63.30, risk: -17.5064
		average speed: 0.52s per batch
	batch: 449, loss: 0.0355, label: 14, survival_months: 53.58, risk: -17.4893
		average speed: 0.72s per batch
	batch: 499, loss: 0.0067, label: 6, survival_months: 18.59, risk: -17.7179
		average speed: 0.84s per batch
	batch: 549, loss: 0.0539, label: 15, survival_months: 56.77, risk: -17.1651
		average speed: 1.06s per batch
	batch: 599, loss: 0.0272, label: 11, survival_months: 34.53, risk: -17.1959
		average speed: 1.00s per batch
	batch: 649, loss: 0.1859, label: 18, survival_months: 94.22, risk: -16.0977
		average speed: 0.49s per batch
	batch: 699, loss: 0.2442, label: 18, survival_months: 99.70, risk: -14.9988
		average speed: 0.43s per batch
	batch: 749, loss: 0.1011, label: 13, survival_months: 41.95, risk: -14.6886
		average speed: 0.69s per batch
	batch: 799, loss: 0.1275, label: 13, survival_months: 40.47, risk: -13.7596
		average speed: 0.93s per batch
Epoch: 2, train_loss: 0.4678, train_c_index: 0.5210
Epoch: 2, val_loss: 0.3897, val_c_index: 0.6295
[23/12/2024 - 13:00:00] - Time elapsed for epoch 2: 448s
[23/12/2024 - 13:00:00] - Epoch: 3
	batch: 49, loss: 0.1083, label: 10, survival_months: 30.58, risk: -12.1923
		average speed: 0.68s per batch
	batch: 99, loss: 0.0552, label: 9, survival_months: 23.78, risk: -13.4743
		average speed: 0.98s per batch
	batch: 149, loss: 0.0374, label: 7, survival_months: 19.42, risk: -13.9986
		average speed: 0.36s per batch
	batch: 199, loss: 0.0463, label: 8, survival_months: 23.03, risk: -13.6796
		average speed: 0.61s per batch
	batch: 249, loss: 2.2390, label: 13, survival_months: 44.84, risk: -13.4478
		average speed: 0.76s per batch
	batch: 299, loss: 0.0006, label: 0, survival_months: 1.12, risk: -13.8916
		average speed: 0.90s per batch
	batch: 349, loss: 0.0520, label: 9, survival_months: 24.97, risk: -13.7908
		average speed: 0.55s per batch
	batch: 399, loss: 0.0253, label: 6, survival_months: 17.28, risk: -15.1539
		average speed: 1.18s per batch
	batch: 449, loss: 0.0004, label: 0, survival_months: 2.60, risk: -14.5255
		average speed: 0.53s per batch
	batch: 499, loss: 0.0388, label: 7, survival_months: 18.96, risk: -14.2694
		average speed: 0.63s per batch
	batch: 549, loss: 0.2145, label: 17, survival_months: 90.64, risk: -14.6665
		average speed: 0.55s per batch
	batch: 599, loss: 0.0225, label: 5, survival_months: 17.05, risk: -14.7650
		average speed: 0.84s per batch
	batch: 649, loss: 0.0914, label: 14, survival_months: 54.60, risk: -15.3880
		average speed: 1.00s per batch
	batch: 699, loss: 3.3686, label: 12, survival_months: 37.02, risk: -15.4589
		average speed: 0.60s per batch
	batch: 749, loss: 3.9271, label: 3, survival_months: 12.39, risk: -13.6922
		average speed: 0.70s per batch
	batch: 799, loss: 0.0313, label: 4, survival_months: 14.16, risk: -13.7828
		average speed: 0.54s per batch
Epoch: 3, train_loss: 0.4360, train_c_index: 0.5365
Epoch: 3, val_loss: 0.3951, val_c_index: 0.5224
[23/12/2024 - 13:07:33] - Time elapsed for epoch 3: 453s
[23/12/2024 - 13:07:33] - Epoch: 4
	batch: 49, loss: 0.0802, label: 12, survival_months: 38.34, risk: -14.3909
		average speed: 0.85s per batch
	batch: 99, loss: 0.2108, label: 17, survival_months: 87.19, risk: -14.6605
		average speed: 0.37s per batch
	batch: 149, loss: 0.0005, label: 0, survival_months: 0.99, risk: -13.8502
		average speed: 0.70s per batch
	batch: 199, loss: 1.3728, label: 19, survival_months: 129.47, risk: -14.2220
		average speed: 0.53s per batch
	batch: 249, loss: 0.0942, label: 13, survival_months: 41.72, risk: -14.5039
		average speed: 0.57s per batch
	batch: 299, loss: 0.0931, label: 12, survival_months: 40.08, risk: -13.9832
		average speed: 1.18s per batch
	batch: 349, loss: 0.1654, label: 16, survival_months: 74.34, risk: -15.1900
		average speed: 0.77s per batch
	batch: 399, loss: 0.2240, label: 18, survival_months: 108.64, risk: -15.3013
		average speed: 0.90s per batch
	batch: 449, loss: 0.0274, label: 7, survival_months: 18.96, risk: -15.4603
		average speed: 0.49s per batch
	batch: 499, loss: 0.1887, label: 17, survival_months: 86.01, risk: -15.0241
		average speed: 0.56s per batch
	batch: 549, loss: 0.0206, label: 5, survival_months: 15.21, risk: -15.0742
		average speed: 0.81s per batch
	batch: 599, loss: 0.0105, label: 1, survival_months: 3.02, risk: -15.7127
		average speed: 0.56s per batch
	batch: 649, loss: 0.0172, label: 3, survival_months: 13.27, risk: -15.2118
		average speed: 0.60s per batch
	batch: 699, loss: 0.1198, label: 14, survival_months: 48.42, risk: -14.3367
		average speed: 0.61s per batch
	batch: 749, loss: 0.0657, label: 11, survival_months: 32.72, risk: -14.9846
		average speed: 0.82s per batch
	batch: 799, loss: 0.0012, label: 0, survival_months: 0.26, risk: -12.1149
		average speed: 0.96s per batch
Epoch: 4, train_loss: 0.4307, train_c_index: 0.5691
Epoch: 4, val_loss: 0.4001, val_c_index: 0.5194
[23/12/2024 - 13:14:54] - Time elapsed for epoch 4: 442s
[23/12/2024 - 13:14:54] - Epoch: 5
	batch: 49, loss: 2.5353, label: 13, survival_months: 47.27, risk: -14.1222
		average speed: 0.63s per batch
	batch: 99, loss: 0.0193, label: 1, survival_months: 7.46, risk: -13.7165
		average speed: 1.19s per batch
	batch: 149, loss: 1.2810, label: 19, survival_months: 113.70, risk: -13.5844
		average speed: 0.88s per batch
	batch: 199, loss: 0.0274, label: 5, survival_months: 17.02, risk: -14.1419
		average speed: 0.54s per batch
	batch: 249, loss: 0.2103, label: 16, survival_months: 67.05, risk: -13.8378
		average speed: 0.59s per batch
	batch: 299, loss: 0.0803, label: 13, survival_months: 43.00, risk: -15.2773
		average speed: 0.63s per batch
	batch: 349, loss: 0.0006, label: 0, survival_months: 1.02, risk: -13.7824
		average speed: 0.80s per batch
	batch: 399, loss: 0.1456, label: 13, survival_months: 40.97, risk: -13.0810
		average speed: 0.49s per batch
	batch: 449, loss: 0.0143, label: 4, survival_months: 13.96, risk: -15.5884
		average speed: 0.72s per batch
	batch: 499, loss: 2.6669, label: 14, survival_months: 49.54, risk: -13.3214
		average speed: 0.62s per batch
	batch: 549, loss: 0.1445, label: 16, survival_months: 75.16, risk: -15.3594
		average speed: 0.57s per batch
	batch: 599, loss: 0.1450, label: 16, survival_months: 70.17, risk: -15.3392
		average speed: 0.32s per batch
	batch: 649, loss: 0.2333, label: 18, survival_months: 94.22, risk: -15.2474
		average speed: 0.78s per batch
	batch: 699, loss: 0.0666, label: 14, survival_months: 48.42, risk: -16.1225
		average speed: 0.75s per batch
	batch: 749, loss: 0.0241, label: 7, survival_months: 18.96, risk: -15.5064
		average speed: 0.98s per batch
	batch: 799, loss: 0.0001, label: 0, survival_months: 1.68, risk: -16.7776
		average speed: 0.76s per batch
Epoch: 5, train_loss: 0.4137, train_c_index: 0.6807
Epoch: 5, val_loss: 0.4098, val_c_index: 0.6657
[23/12/2024 - 13:22:29] - Time elapsed for epoch 5: 454s
[23/12/2024 - 13:22:29] - Epoch: 6
	batch: 49, loss: 2.8468, label: 14, survival_months: 54.17, risk: -15.1741
		average speed: 0.69s per batch
	batch: 99, loss: 0.3918, label: 19, survival_months: 131.57, risk: -16.9167
		average speed: 0.55s per batch
	batch: 149, loss: 0.0105, label: 3, survival_months: 13.24, risk: -16.5575
		average speed: 0.64s per batch
	batch: 199, loss: 0.0500, label: 6, survival_months: 17.77, risk: -12.8411
		average speed: 0.58s per batch
	batch: 249, loss: 0.0612, label: 12, survival_months: 37.42, risk: -15.3165
		average speed: 0.74s per batch
	batch: 299, loss: 0.0664, label: 13, survival_months: 44.78, risk: -15.6105
		average speed: 0.49s per batch
	batch: 349, loss: 2.2936, label: 14, survival_months: 53.94, risk: -15.0975
		average speed: 0.68s per batch
	batch: 399, loss: 0.0178, label: 3, survival_months: 13.01, risk: -15.2308
		average speed: 0.55s per batch
	batch: 449, loss: 0.0172, label: 3, survival_months: 12.65, risk: -15.4186
		average speed: 0.57s per batch
	batch: 499, loss: 0.0403, label: 11, survival_months: 32.88, risk: -15.8325
		average speed: 0.91s per batch
	batch: 549, loss: 1.9211, label: 16, survival_months: 68.89, risk: -15.8709
		average speed: 0.92s per batch
	batch: 599, loss: 0.0752, label: 13, survival_months: 40.93, risk: -15.4095
		average speed: 0.43s per batch
	batch: 649, loss: 0.0677, label: 13, survival_months: 47.21, risk: -15.6369
		average speed: 1.11s per batch
	batch: 699, loss: 0.0109, label: 3, survival_months: 12.98, risk: -16.4072
		average speed: 0.69s per batch
	batch: 749, loss: 0.0115, label: 6, survival_months: 17.97, risk: -16.4928
		average speed: 1.04s per batch
	batch: 799, loss: 0.0082, label: 0, survival_months: 0.33, risk: -7.3226
		average speed: 0.37s per batch
Epoch: 6, train_loss: 0.3676, train_c_index: 0.8662
Epoch: 6, val_loss: 0.4341, val_c_index: 0.5747
[23/12/2024 - 13:29:50] - Time elapsed for epoch 6: 442s
[23/12/2024 - 13:29:50] - Epoch: 7
	batch: 49, loss: 0.0064, label: 5, survival_months: 16.03, risk: -17.2252
		average speed: 0.97s per batch
	batch: 99, loss: 0.0101, label: 8, survival_months: 21.25, risk: -16.7681
		average speed: 0.40s per batch
	batch: 149, loss: 2.0461, label: 15, survival_months: 55.45, risk: -16.4984
		average speed: 0.57s per batch
	batch: 199, loss: 0.0123, label: 9, survival_months: 26.22, risk: -16.7736
		average speed: 0.46s per batch
	batch: 249, loss: 0.0064, label: 7, survival_months: 19.51, risk: -17.2752
		average speed: 1.22s per batch
	batch: 299, loss: 0.0609, label: 7, survival_months: 18.86, risk: -12.0406
		average speed: 0.54s per batch
	batch: 349, loss: 2.7981, label: 16, survival_months: 72.50, risk: -17.1067
		average speed: 0.93s per batch
	batch: 399, loss: 1.4542, label: 2, survival_months: 11.43, risk: -2.9291
		average speed: 0.47s per batch
	batch: 449, loss: 2.9366, label: 16, survival_months: 72.01, risk: -17.8490
		average speed: 0.57s per batch
	batch: 499, loss: 2.5100, label: 13, survival_months: 43.50, risk: -16.5604
		average speed: 0.82s per batch
	batch: 549, loss: 0.0024, label: 1, survival_months: 5.65, risk: -17.5166
		average speed: 0.73s per batch
	batch: 599, loss: 0.3155, label: 17, survival_months: 88.99, risk: -13.7949
		average speed: 0.78s per batch
	batch: 649, loss: 0.1561, label: 17, survival_months: 81.77, risk: -16.7087
		average speed: 0.61s per batch
	batch: 699, loss: 0.1633, label: 18, survival_months: 99.24, risk: -17.5296
		average speed: 0.97s per batch
	batch: 749, loss: 0.2120, label: 18, survival_months: 105.98, risk: -16.7161
		average speed: 0.62s per batch
	batch: 799, loss: 0.0214, label: 11, survival_months: 33.02, risk: -16.6252
		average speed: 0.65s per batch
Epoch: 7, train_loss: 0.3515, train_c_index: 0.8971
Epoch: 7, val_loss: 0.4776, val_c_index: 0.5716
[23/12/2024 - 13:37:32] - Time elapsed for epoch 7: 461s
[23/12/2024 - 13:37:32] - Epoch: 8
	batch: 49, loss: 0.0030, label: 7, survival_months: 19.32, risk: -17.6512
		average speed: 0.72s per batch
	batch: 99, loss: 0.1485, label: 17, survival_months: 89.39, risk: -16.9489
		average speed: 0.77s per batch
	batch: 149, loss: 0.0244, label: 13, survival_months: 44.78, risk: -17.3118
		average speed: 0.50s per batch
	batch: 199, loss: 0.0225, label: 14, survival_months: 50.85, risk: -17.5796
		average speed: 0.90s per batch
	batch: 249, loss: 0.0034, label: 7, survival_months: 18.89, risk: -17.5106
		average speed: 1.17s per batch
	batch: 299, loss: 2.1714, label: 4, survival_months: 13.99, risk: -4.2347
		average speed: 0.71s per batch
	batch: 349, loss: 0.0595, label: 15, survival_months: 55.58, risk: -17.5662
		average speed: 0.62s per batch
	batch: 399, loss: 0.0219, label: 13, survival_months: 48.06, risk: -17.4675
		average speed: 0.75s per batch
	batch: 449, loss: 0.0083, label: 8, survival_months: 21.16, risk: -16.7783
		average speed: 0.97s per batch
	batch: 499, loss: 2.0245, label: 11, survival_months: 32.56, risk: -9.8428
		average speed: 0.88s per batch
	batch: 549, loss: 0.2324, label: 12, survival_months: 39.36, risk: -10.3811
		average speed: 0.79s per batch
	batch: 599, loss: 0.0046, label: 9, survival_months: 24.70, risk: -17.7778
		average speed: 1.03s per batch
	batch: 649, loss: 0.0135, label: 2, survival_months: 11.27, risk: -14.9421
		average speed: 0.85s per batch
	batch: 699, loss: 0.0041, label: 6, survival_months: 17.77, risk: -17.5094
		average speed: 0.79s per batch
	batch: 749, loss: 0.0060, label: 10, survival_months: 28.84, risk: -18.0059
		average speed: 0.93s per batch
	batch: 799, loss: 0.0059, label: 9, survival_months: 25.03, risk: -17.5548
		average speed: 1.10s per batch
Epoch: 8, train_loss: 0.3304, train_c_index: 0.9201
