Environment conda activated
Job 2500709 started

##################### [23/12/2024 - 03:38] - MCAT started ######################

WANDB: setting up for report

CUDA: available
--> Device count: 1
--> Using device: Quadro RTX 6000
--> Running on CUDA

DATASET: TCGA data only
--> Remaining samples after removing incomplete: 1017
--> Class intervals: [
	0: [0.03 - 15.14]
	1: [15.14 - 26.48]
	2: [26.48 - 54.96]
	3: [54.96 - 282.69]
    ]
--> Standardizing RNA-seq data
--> Signatures size: [16638]
--> Using 80% train, 20% validation
--> Training Set: [813], Validation Set: [204]
Trainable parameters of MCAT: 7552774
Using CrossEntropySurvivalLoss during training
Using optimizer: adam
Training started...
Epoch: 1
	batch: 49, loss: 0.1567, label: 0, survival_months: 13.40, risk: -1.0371
		average speed: 1.34s per batch
	batch: 99, loss: 0.1461, label: 0, survival_months: 3.22, risk: -1.1238
		average speed: 0.94s per batch
	batch: 149, loss: 0.1359, label: 0, survival_months: 12.25, risk: -1.2026
		average speed: 0.71s per batch
	batch: 199, loss: 0.3879, label: 2, survival_months: 46.55, risk: -1.3251
		average speed: 1.16s per batch
	batch: 249, loss: 0.2386, label: 1, survival_months: 25.03, risk: -1.3228
		average speed: 1.56s per batch
	batch: 299, loss: 0.1857, label: 1, survival_months: 18.56, risk: -1.5654
		average speed: 0.93s per batch
	batch: 349, loss: 1.4442, label: 3, survival_months: 74.67, risk: -1.7270
		average speed: 0.81s per batch
	batch: 399, loss: 1.2669, label: 2, survival_months: 34.43, risk: -2.0520
		average speed: 0.71s per batch
	batch: 449, loss: 0.3644, label: 3, survival_months: 134.30, risk: -2.1591
		average speed: 0.98s per batch
	batch: 499, loss: 0.3499, label: 3, survival_months: 100.92, risk: -2.2900
		average speed: 0.98s per batch
	batch: 549, loss: 0.0764, label: 1, survival_months: 18.46, risk: -2.3449
		average speed: 0.92s per batch
	batch: 599, loss: 0.0500, label: 1, survival_months: 20.66, risk: -2.6371
		average speed: 0.74s per batch
	batch: 649, loss: 0.0403, label: 1, survival_months: 24.47, risk: -2.7281
		average speed: 0.95s per batch
	batch: 699, loss: 0.0253, label: 0, survival_months: 13.47, risk: -2.6037
		average speed: 0.83s per batch
	batch: 749, loss: 0.0444, label: 1, survival_months: 24.77, risk: -2.6762
		average speed: 1.08s per batch
	batch: 799, loss: 0.9100, label: 3, survival_months: 57.79, risk: -2.7899
		average speed: 1.10s per batch
Epoch: 1, lr: 0.00010000, train_loss: 0.3870, train_c_index: 0.4398
Epoch: 1, val_loss: 0.3675, val_c_index: 0.4017
Time elapsed for epoch 1: 628s
Epoch: 2
	batch: 49, loss: 0.0821, label: 2, survival_months: 50.33, risk: -2.9297
		average speed: 0.90s per batch
	batch: 99, loss: 0.0267, label: 1, survival_months: 19.65, risk: -2.9439
		average speed: 0.93s per batch
	batch: 149, loss: 1.0116, label: 3, survival_months: 129.47, risk: -2.7602
		average speed: 1.27s per batch
	batch: 199, loss: 0.0180, label: 0, survival_months: 14.16, risk: -2.8622
		average speed: 1.02s per batch
	batch: 249, loss: 0.0257, label: 1, survival_months: 24.57, risk: -2.9990
		average speed: 1.02s per batch
	batch: 299, loss: 0.0287, label: 1, survival_months: 16.29, risk: -2.9283
		average speed: 1.16s per batch
	batch: 349, loss: 1.5926, label: 2, survival_months: 54.17, risk: -2.8019
		average speed: 1.05s per batch
	batch: 399, loss: 0.0368, label: 1, survival_months: 21.62, risk: -2.8597
		average speed: 0.91s per batch
	batch: 449, loss: 0.0318, label: 0, survival_months: 7.03, risk: -2.7035
		average speed: 0.57s per batch
	batch: 499, loss: 0.0301, label: 0, survival_months: 0.26, risk: -2.7256
		average speed: 0.71s per batch
	batch: 549, loss: 0.0235, label: 0, survival_months: 11.50, risk: -2.8474
		average speed: 1.18s per batch
	batch: 599, loss: 0.0455, label: 1, survival_months: 19.22, risk: -2.7411
		average speed: 0.76s per batch
	batch: 649, loss: 0.0236, label: 0, survival_months: 10.61, risk: -2.7892
		average speed: 1.14s per batch
	batch: 699, loss: 0.2569, label: 3, survival_months: 131.57, risk: -2.9521
		average speed: 0.65s per batch
	batch: 749, loss: 0.0769, label: 2, survival_months: 52.92, risk: -2.8826
		average speed: 0.83s per batch
	batch: 799, loss: 1.7797, label: 2, survival_months: 53.94, risk: -2.9429
		average speed: 0.94s per batch
Epoch: 2, lr: 0.00010000, train_loss: 0.2868, train_c_index: 0.5345
Epoch: 2, val_loss: 0.3798, val_c_index: 0.5083
Time elapsed for epoch 2: 611s
Epoch: 3
	batch: 49, loss: 0.0141, label: 0, survival_months: 14.49, risk: -2.9766
		average speed: 1.15s per batch
	batch: 99, loss: 0.0707, label: 2, survival_months: 33.28, risk: -2.9699
		average speed: 0.71s per batch
	batch: 149, loss: 0.0152, label: 0, survival_months: 0.36, risk: -3.0025
		average speed: 0.90s per batch
	batch: 199, loss: 0.0896, label: 2, survival_months: 37.78, risk: -2.8845
		average speed: 1.30s per batch
	batch: 249, loss: 0.0921, label: 2, survival_months: 50.92, risk: -2.8452
		average speed: 0.93s per batch
	batch: 299, loss: 0.0428, label: 1, survival_months: 17.05, risk: -2.7078
		average speed: 0.69s per batch
	batch: 349, loss: 0.0256, label: 0, survival_months: 5.58, risk: -2.7184
		average speed: 0.84s per batch
	batch: 399, loss: 0.0313, label: 1, survival_months: 19.65, risk: -2.8620
		average speed: 0.79s per batch
	batch: 449, loss: 0.0203, label: 0, survival_months: 13.99, risk: -2.8344
		average speed: 1.03s per batch
	batch: 499, loss: 0.0474, label: 1, survival_months: 23.49, risk: -2.6956
		average speed: 0.81s per batch
	batch: 549, loss: 0.1046, label: 2, survival_months: 50.76, risk: -2.6763
		average speed: 1.41s per batch
	batch: 599, loss: 0.0210, label: 0, survival_months: 14.68, risk: -2.9172
		average speed: 1.07s per batch
	batch: 649, loss: 0.0349, label: 1, survival_months: 17.51, risk: -2.8960
		average speed: 1.15s per batch
	batch: 699, loss: 0.0239, label: 1, survival_months: 21.65, risk: -3.0140
		average speed: 1.51s per batch
	batch: 749, loss: 0.2293, label: 3, survival_months: 61.63, risk: -3.0693
		average speed: 1.01s per batch
	batch: 799, loss: 0.0128, label: 0, survival_months: 1.61, risk: -3.0637
		average speed: 1.06s per batch
Epoch: 3, lr: 0.00010000, train_loss: 0.2789, train_c_index: 0.6319
Epoch: 3, val_loss: 0.3801, val_c_index: 0.5238
Time elapsed for epoch 3: 649s
Epoch: 4
	batch: 49, loss: 0.2759, label: 3, survival_months: 94.22, risk: -2.6834
		average speed: 1.01s per batch
	batch: 99, loss: 0.9415, label: 3, survival_months: 93.76, risk: -2.8159
		average speed: 0.78s per batch
	batch: 149, loss: 0.2291, label: 3, survival_months: 63.57, risk: -3.0608
		average speed: 1.20s per batch
	batch: 199, loss: 0.0198, label: 0, survival_months: 0.33, risk: -2.8611
		average speed: 0.88s per batch
	batch: 249, loss: 0.0257, label: 1, survival_months: 15.83, risk: -2.9680
		average speed: 1.32s per batch
	batch: 299, loss: 0.0375, label: 1, survival_months: 17.97, risk: -2.7607
		average speed: 0.68s per batch
	batch: 349, loss: 0.2472, label: 3, survival_months: 74.84, risk: -3.0204
		average speed: 0.84s per batch
	batch: 399, loss: 0.0150, label: 0, survival_months: 12.91, risk: -2.9403
		average speed: 0.88s per batch
	batch: 449, loss: 0.0293, label: 0, survival_months: 13.40, risk: -2.6685
		average speed: 1.11s per batch
	batch: 499, loss: 0.0184, label: 1, survival_months: 21.02, risk: -3.0201
		average speed: 1.38s per batch
	batch: 549, loss: 0.0376, label: 1, survival_months: 17.02, risk: -2.7980
		average speed: 1.72s per batch
	batch: 599, loss: 0.0736, label: 2, survival_months: 30.95, risk: -2.9540
		average speed: 1.32s per batch
	batch: 649, loss: 0.0640, label: 1, survival_months: 21.68, risk: -2.4439
		average speed: 1.09s per batch
	batch: 699, loss: 0.2319, label: 3, survival_months: 75.76, risk: -3.0301
		average speed: 0.91s per batch
	batch: 749, loss: 0.0638, label: 2, survival_months: 34.53, risk: -3.0179
		average speed: 0.91s per batch
	batch: 799, loss: 0.2625, label: 3, survival_months: 77.92, risk: -3.0671
		average speed: 0.94s per batch
Epoch: 4, lr: 0.00010000, train_loss: 0.2468, train_c_index: 0.8038
Epoch: 4, val_loss: 0.4201, val_c_index: 0.6256
Time elapsed for epoch 4: 668s
Epoch: 5
	batch: 49, loss: 0.0040, label: 0, survival_months: 12.52, risk: -3.2980
		average speed: 1.15s per batch
	batch: 99, loss: 0.2421, label: 3, survival_months: 61.99, risk: -3.3090
		average speed: 0.71s per batch
	batch: 149, loss: 0.0194, label: 0, survival_months: 12.65, risk: -2.7513
		average speed: 0.75s per batch
	batch: 199, loss: 0.2209, label: 3, survival_months: 76.71, risk: -3.3176
		average speed: 1.57s per batch
	batch: 249, loss: 0.1767, label: 3, survival_months: 90.64, risk: -3.3389
		average speed: 0.84s per batch
	batch: 299, loss: 0.0107, label: 0, survival_months: 7.00, risk: -3.1611
		average speed: 1.12s per batch
	batch: 349, loss: 0.0298, label: 2, survival_months: 31.93, risk: -3.3471
		average speed: 1.22s per batch
	batch: 399, loss: 0.0330, label: 2, survival_months: 32.00, risk: -3.2731
		average speed: 0.88s per batch
	batch: 449, loss: 0.0018, label: 1, survival_months: 24.54, risk: -3.4375
		average speed: 1.18s per batch
	batch: 499, loss: 0.0146, label: 2, survival_months: 29.96, risk: -3.3781
		average speed: 0.91s per batch
	batch: 549, loss: 0.2141, label: 3, survival_months: 56.77, risk: -3.3844
		average speed: 0.76s per batch
	batch: 599, loss: 0.0577, label: 2, survival_months: 35.28, risk: -3.0687
		average speed: 1.16s per batch
	batch: 649, loss: 0.0040, label: 1, survival_months: 17.51, risk: -3.3602
		average speed: 1.18s per batch
	batch: 699, loss: 0.0036, label: 1, survival_months: 20.43, risk: -3.3312
		average speed: 0.88s per batch
	batch: 749, loss: 0.0047, label: 0, survival_months: 7.46, risk: -3.2809
		average speed: 1.18s per batch
	batch: 799, loss: 0.0025, label: 1, survival_months: 21.65, risk: -3.3138
		average speed: 0.88s per batch
Epoch: 5, lr: 0.00010000, train_loss: 0.2019, train_c_index: 0.8936
Epoch: 5, val_loss: 0.5031, val_c_index: 0.6706
Time elapsed for epoch 5: 647s
Epoch: 6
