Environment conda activated
Job 2505418 started

#################### [10/01/2025 - 02:30:04] - MCAT started ####################
HOSTNAME: gervasoni

WANDB: setting up for report

CUDA: available
--> Device count: 1
--> Using device: Quadro RTX 5000
--> Running on CUDA

DATASET: Loading data
--> Remaining samples after removing incomplete: 1039
--> Class intervals: [
	0: [0.00 - 2.57]
	1: [2.57 - 17.70]
	2: [17.70 - 26.37]
	3: [26.37 - 31.25]
	4: [31.25 - 34.71]
	5: [34.71 - 38.03]
	6: [38.03 - 42.94]
	7: [42.94 - 47.45]
	8: [47.45 - 51.69]
	9: [51.69 - 58.17]
	10: [58.17 - 67.10]
	11: [67.10 - 79.80]
	12: [79.80 - 88.56]
	13: [88.56 - 102.25]
	14: [102.25 - 120.62]
	15: [120.62 - 141.88]
	16: [141.88 - 174.40]
	17: [174.40 - 205.88]
	18: [205.88 - 263.29]
	19: [263.29 - 593.83]
    ]
--> Standardizing RNA-seq data
--> Standardizing Methylation Islands beta values
--> Gene Expression Signatures size: [19938]
--> Methylation Signatures size: [4522]
--> Using 80% training, 20% validation
--> Training Set: [831], Testing Set: [208]

MODEL: MCAT
--> Trainable parameters of MCAT: 9362966
--> Loss function: CrossEntropySurvivalLoss
--> Optimizer: adam

################## [10/01/2025 - 02:30:34] - Training started ##################
[10/01/2025 - 02:30:34] - Epoch: 1
--> Batch: 49, Loss: 3.2438, Label: 2, Survival Months: 18.92, Risk: -0.9934
	--> Average Speed: 0.08s per batch
	--> Time from Last Check: 2.50s
--> Batch: 99, Loss: 3.9536, Label: 18, Survival Months: 224.58, Risk: -1.1077
	--> Average Speed: 0.07s per batch
	--> Time from Last Check: 2.26s
--> Batch: 149, Loss: 3.4606, Label: 15, Survival Months: 127.33, Risk: -1.1584
	--> Average Speed: 0.07s per batch
	--> Time from Last Check: 2.27s
--> Batch: 199, Loss: 2.3687, Label: 7, Survival Months: 45.58, Risk: -1.2339
	--> Average Speed: 0.07s per batch
	--> Time from Last Check: 2.28s
--> Batch: 249, Loss: 3.6871, Label: 19, Survival Months: 346.58, Risk: -1.4242
	--> Average Speed: 0.07s per batch
	--> Time from Last Check: 2.28s
--> Batch: 299, Loss: 2.5185, Label: 12, Survival Months: 87.58, Risk: -1.9866
	--> Average Speed: 0.07s per batch
	--> Time from Last Check: 2.28s
--> Batch: 349, Loss: 4.4699, Label: 8, Survival Months: 51.00, Risk: -2.2949
	--> Average Speed: 0.07s per batch
	--> Time from Last Check: 2.24s
--> Batch: 399, Loss: 1.4737, Label: 4, Survival Months: 31.92, Risk: -4.3932
	--> Average Speed: 0.07s per batch
	--> Time from Last Check: 2.23s
--> Batch: 449, Loss: 1.6324, Label: 14, Survival Months: 110.50, Risk: -7.7681
	--> Average Speed: 0.07s per batch
	--> Time from Last Check: 2.23s
--> Batch: 499, Loss: 1.4281, Label: 10, Survival Months: 60.67, Risk: -9.1133
	--> Average Speed: 0.07s per batch
	--> Time from Last Check: 2.25s
--> Batch: 549, Loss: 1.5591, Label: 19, Survival Months: 438.42, Risk: -14.7064
	--> Average Speed: 0.07s per batch
	--> Time from Last Check: 2.24s
--> Batch: 599, Loss: 1.2368, Label: 9, Survival Months: 57.42, Risk: -15.0531
	--> Average Speed: 0.07s per batch
	--> Time from Last Check: 2.23s
--> Batch: 649, Loss: 1.2370, Label: 15, Survival Months: 121.33, Risk: -16.5430
	--> Average Speed: 0.07s per batch
	--> Time from Last Check: 2.24s
--> Batch: 699, Loss: 1.1835, Label: 7, Survival Months: 45.92, Risk: -15.5020
	--> Average Speed: 0.07s per batch
	--> Time from Last Check: 2.25s
--> Batch: 749, Loss: 1.1921, Label: 14, Survival Months: 113.58, Risk: -16.1806
	--> Average Speed: 0.07s per batch
	--> Time from Last Check: 2.22s
--> Batch: 799, Loss: 1.1429, Label: 3, Survival Months: 26.67, Risk: -15.0518
	--> Average Speed: 0.07s per batch
	--> Time from Last Check: 2.23s
[10/01/2025 - 02:31:12] - Epoch: 1, lr: 0.00010000, training_loss: 2.3600, training_c_index: 0.5280
[10/01/2025 - 02:31:14] - Epoch: 1, validation_loss: 1.5174, validation_c_index: 0.5912
--> New BEST Validation Score: 0.4395, validation_loss: 1.5174, validation_c_index: 0.5912
--> Current BEST Score: 0.4395
	--> validation_loss: 1.5174
	--> best validation_c_index: 0.5912
[10/01/2025 - 02:31:14] - Time elapsed for epoch 1: 40s
[10/01/2025 - 02:31:14] - Epoch: 2
--> Batch: 49, Loss: 1.1431, Label: 10, Survival Months: 62.83, Risk: -15.4058
	--> Average Speed: 0.07s per batch
	--> Time from Last Check: 2.23s
--> Batch: 99, Loss: 1.1074, Label: 4, Survival Months: 33.00, Risk: -14.8644
	--> Average Speed: 0.07s per batch
	--> Time from Last Check: 2.24s
--> Batch: 149, Loss: 2.8892, Label: 18, Survival Months: 255.25, Risk: -13.8147
	--> Average Speed: 0.07s per batch
	--> Time from Last Check: 2.24s
--> Batch: 199, Loss: 1.4170, Label: 17, Survival Months: 179.58, Risk: -10.2148
	--> Average Speed: 0.07s per batch
	--> Time from Last Check: 2.16s
--> Batch: 249, Loss: 1.0836, Label: 3, Survival Months: 26.83, Risk: -11.7087
	--> Average Speed: 0.07s per batch
	--> Time from Last Check: 2.25s
--> Batch: 299, Loss: 1.0516, Label: 1, Survival Months: 13.58, Risk: -12.0745
	--> Average Speed: 0.07s per batch
	--> Time from Last Check: 2.26s
--> Batch: 349, Loss: 1.0892, Label: 8, Survival Months: 50.67, Risk: -12.3614
	--> Average Speed: 0.07s per batch
	--> Time from Last Check: 2.24s
--> Batch: 399, Loss: 1.0840, Label: 11, Survival Months: 68.50, Risk: -13.5772
	--> Average Speed: 0.07s per batch
	--> Time from Last Check: 2.25s
--> Batch: 449, Loss: 1.0432, Label: 6, Survival Months: 41.75, Risk: -12.7170
	--> Average Speed: 0.07s per batch
	--> Time from Last Check: 2.24s
--> Batch: 499, Loss: 3.9969, Label: 0, Survival Months: 2.50, Risk: -11.7396
	--> Average Speed: 0.07s per batch
	--> Time from Last Check: 2.26s
--> Batch: 549, Loss: 1.0029, Label: 7, Survival Months: 44.17, Risk: -15.1815
	--> Average Speed: 0.07s per batch
	--> Time from Last Check: 2.26s
--> Batch: 599, Loss: 0.9940, Label: 8, Survival Months: 50.92, Risk: -15.4797
	--> Average Speed: 0.07s per batch
	--> Time from Last Check: 2.25s
--> Batch: 649, Loss: 1.0092, Label: 10, Survival Months: 65.92, Risk: -14.0844
	--> Average Speed: 0.07s per batch
	--> Time from Last Check: 2.26s
--> Batch: 699, Loss: 0.9760, Label: 6, Survival Months: 38.58, Risk: -13.9798
	--> Average Speed: 0.07s per batch
	--> Time from Last Check: 2.26s
--> Batch: 749, Loss: 0.9447, Label: 1, Survival Months: 6.58, Risk: -14.7678
	--> Average Speed: 0.07s per batch
	--> Time from Last Check: 2.27s
--> Batch: 799, Loss: 0.9385, Label: 3, Survival Months: 31.25, Risk: -15.2305
	--> Average Speed: 0.07s per batch
	--> Time from Last Check: 2.24s
[10/01/2025 - 02:31:52] - Epoch: 2, lr: 0.00009900, training_loss: 1.4212, training_c_index: 0.5292
[10/01/2025 - 02:31:54] - Epoch: 2, validation_loss: 1.2952, validation_c_index: 0.5963
--> New BEST Validation Score: 0.4668, validation_loss: 1.2952, validation_c_index: 0.5963
--> Current BEST Score: 0.4668
	--> validation_loss: 1.2952
	--> best validation_c_index: 0.5963
[10/01/2025 - 02:31:54] - Time elapsed for epoch 2: 40s
[10/01/2025 - 02:31:54] - Epoch: 3
--> Batch: 49, Loss: 3.7684, Label: 14, Survival Months: 106.25, Risk: -16.0727
	--> Average Speed: 0.06s per batch
	--> Time from Last Check: 1.92s
--> Batch: 99, Loss: 1.2165, Label: 18, Survival Months: 246.08, Risk: -12.4836
	--> Average Speed: 0.07s per batch
	--> Time from Last Check: 2.27s
--> Batch: 149, Loss: 1.3038, Label: 19, Survival Months: 357.08, Risk: -14.2684
	--> Average Speed: 0.07s per batch
	--> Time from Last Check: 2.26s
--> Batch: 199, Loss: 0.9692, Label: 13, Survival Months: 93.33, Risk: -13.7899
	--> Average Speed: 0.07s per batch
	--> Time from Last Check: 2.26s
--> Batch: 249, Loss: 1.0056, Label: 16, Survival Months: 156.75, Risk: -14.2901
	--> Average Speed: 0.07s per batch
	--> Time from Last Check: 2.23s
--> Batch: 299, Loss: 0.8773, Label: 7, Survival Months: 43.50, Risk: -15.1980
	--> Average Speed: 0.07s per batch
	--> Time from Last Check: 2.27s
--> Batch: 349, Loss: 1.0495, Label: 17, Survival Months: 180.33, Risk: -14.1294
	--> Average Speed: 0.07s per batch
	--> Time from Last Check: 2.25s
--> Batch: 399, Loss: 0.8426, Label: 0, Survival Months: 1.75, Risk: -16.0382
	--> Average Speed: 0.07s per batch
	--> Time from Last Check: 2.23s
--> Batch: 449, Loss: 0.8391, Label: 4, Survival Months: 34.67, Risk: -16.4812
	--> Average Speed: 0.07s per batch
	--> Time from Last Check: 2.27s
--> Batch: 499, Loss: 0.8955, Label: 14, Survival Months: 112.58, Risk: -15.3131
	--> Average Speed: 0.07s per batch
	--> Time from Last Check: 2.27s
--> Batch: 549, Loss: 0.9221, Label: 12, Survival Months: 84.00, Risk: -12.6736
	--> Average Speed: 0.07s per batch
	--> Time from Last Check: 2.24s
--> Batch: 599, Loss: 0.8361, Label: 5, Survival Months: 35.25, Risk: -13.7382
	--> Average Speed: 0.07s per batch
	--> Time from Last Check: 2.25s
--> Batch: 649, Loss: 0.9394, Label: 10, Survival Months: 59.50, Risk: -9.9782
	--> Average Speed: 0.07s per batch
	--> Time from Last Check: 2.26s
--> Batch: 699, Loss: 0.8130, Label: 1, Survival Months: 13.58, Risk: -11.1331
	--> Average Speed: 0.07s per batch
	--> Time from Last Check: 2.28s
--> Batch: 749, Loss: 0.8094, Label: 4, Survival Months: 31.83, Risk: -14.0309
	--> Average Speed: 0.07s per batch
	--> Time from Last Check: 2.24s
--> Batch: 799, Loss: 0.8384, Label: 9, Survival Months: 53.58, Risk: -12.7202
	--> Average Speed: 0.07s per batch
	--> Time from Last Check: 2.26s
[10/01/2025 - 02:32:32] - Epoch: 3, lr: 0.00009801, training_loss: 1.2412, training_c_index: 0.5357
[10/01/2025 - 02:32:34] - Epoch: 3, validation_loss: 1.1683, validation_c_index: 0.5749
--> No improvement in validation_loss or validation_c_index for 1 epoch(s)
--> Current BEST Score: 0.4668
	--> validation_loss: 1.2952
	--> best validation_c_index: 0.5963
[10/01/2025 - 02:32:34] - Time elapsed for epoch 3: 40s
[10/01/2025 - 02:32:34] - Epoch: 4
--> Batch: 49, Loss: 1.9821, Label: 19, Survival Months: 355.58, Risk: -15.8971
	--> Average Speed: 0.06s per batch
	--> Time from Last Check: 1.86s
--> Batch: 99, Loss: 6.2273, Label: 0, Survival Months: 0.08, Risk: -17.8263
	--> Average Speed: 0.07s per batch
	--> Time from Last Check: 2.25s
--> Batch: 149, Loss: 0.7723, Label: 7, Survival Months: 47.25, Risk: -14.6412
	--> Average Speed: 0.07s per batch
	--> Time from Last Check: 2.09s
--> Batch: 199, Loss: 0.8061, Label: 14, Survival Months: 109.00, Risk: -15.3656
	--> Average Speed: 0.07s per batch
	--> Time from Last Check: 2.22s
--> Batch: 249, Loss: 0.7530, Label: 5, Survival Months: 36.58, Risk: -14.7832
	--> Average Speed: 0.07s per batch
	--> Time from Last Check: 2.26s
--> Batch: 299, Loss: 0.7464, Label: 5, Survival Months: 35.17, Risk: -14.7842
	--> Average Speed: 0.07s per batch
	--> Time from Last Check: 2.26s
--> Batch: 349, Loss: 0.7469, Label: 8, Survival Months: 49.83, Risk: -15.2008
	--> Average Speed: 0.07s per batch
	--> Time from Last Check: 2.12s
--> Batch: 399, Loss: 0.7292, Label: 1, Survival Months: 17.50, Risk: -13.2734
	--> Average Speed: 0.07s per batch
	--> Time from Last Check: 2.24s
--> Batch: 449, Loss: 0.7469, Label: 7, Survival Months: 47.33, Risk: -13.3075
	--> Average Speed: 0.07s per batch
	--> Time from Last Check: 2.29s
--> Batch: 499, Loss: 0.7519, Label: 12, Survival Months: 81.17, Risk: -14.7915
	--> Average Speed: 0.07s per batch
	--> Time from Last Check: 2.29s
--> Batch: 549, Loss: 0.7609, Label: 14, Survival Months: 106.42, Risk: -15.1686
	--> Average Speed: 0.07s per batch
	--> Time from Last Check: 2.25s
--> Batch: 599, Loss: 0.9417, Label: 17, Survival Months: 187.92, Risk: -12.3861
	--> Average Speed: 0.07s per batch
	--> Time from Last Check: 2.27s
--> Batch: 649, Loss: 3.1780, Label: 16, Survival Months: 151.00, Risk: -14.2756
	--> Average Speed: 0.07s per batch
	--> Time from Last Check: 2.25s
--> Batch: 699, Loss: 0.6907, Label: 9, Survival Months: 58.17, Risk: -15.9531
	--> Average Speed: 0.07s per batch
	--> Time from Last Check: 2.25s
--> Batch: 749, Loss: 0.8802, Label: 18, Survival Months: 211.25, Risk: -15.2798
	--> Average Speed: 0.07s per batch
	--> Time from Last Check: 2.27s
--> Batch: 799, Loss: 0.7492, Label: 15, Survival Months: 138.50, Risk: -15.3246
	--> Average Speed: 0.07s per batch
	--> Time from Last Check: 2.28s
[10/01/2025 - 02:33:11] - Epoch: 4, lr: 0.00009703, training_loss: 1.1202, training_c_index: 0.4764
[10/01/2025 - 02:33:13] - Epoch: 4, validation_loss: 1.0638, validation_c_index: 0.5084
--> No improvement in validation_loss or validation_c_index for 2 epoch(s)
--> Current BEST Score: 0.4668
	--> validation_loss: 1.2952
	--> best validation_c_index: 0.5963
[10/01/2025 - 02:33:13] - Time elapsed for epoch 4: 39s
[10/01/2025 - 02:33:13] - Epoch: 5
--> Batch: 49, Loss: 0.8270, Label: 17, Survival Months: 197.58, Risk: -14.2989
	--> Average Speed: 0.07s per batch
	--> Time from Last Check: 2.36s
--> Batch: 99, Loss: 0.6783, Label: 8, Survival Months: 50.00, Risk: -14.2218
	--> Average Speed: 0.07s per batch
	--> Time from Last Check: 2.18s
--> Batch: 149, Loss: 0.6919, Label: 2, Survival Months: 17.83, Risk: -8.7163
	--> Average Speed: 0.07s per batch
	--> Time from Last Check: 2.25s
--> Batch: 199, Loss: 0.6481, Label: 9, Survival Months: 52.75, Risk: -16.1606
	--> Average Speed: 0.06s per batch
	--> Time from Last Check: 2.05s
--> Batch: 249, Loss: 0.6563, Label: 8, Survival Months: 48.67, Risk: -14.5678
	--> Average Speed: 0.07s per batch
	--> Time from Last Check: 2.23s
--> Batch: 299, Loss: 0.6268, Label: 9, Survival Months: 52.17, Risk: -16.9632
	--> Average Speed: 0.07s per batch
	--> Time from Last Check: 2.28s
--> Batch: 349, Loss: 0.6843, Label: 15, Survival Months: 134.42, Risk: -15.8494
	--> Average Speed: 0.07s per batch
	--> Time from Last Check: 2.32s
--> Batch: 399, Loss: 0.6138, Label: 2, Survival Months: 23.75, Risk: -15.4788
	--> Average Speed: 0.07s per batch
	--> Time from Last Check: 2.30s
--> Batch: 449, Loss: 0.6383, Label: 12, Survival Months: 83.42, Risk: -15.4560
	--> Average Speed: 0.07s per batch
	--> Time from Last Check: 2.36s
--> Batch: 499, Loss: 2.8754, Label: 15, Survival Months: 139.42, Risk: -14.2490
	--> Average Speed: 0.07s per batch
	--> Time from Last Check: 2.24s
--> Batch: 549, Loss: 0.6500, Label: 9, Survival Months: 56.58, Risk: -12.8811
	--> Average Speed: 0.07s per batch
	--> Time from Last Check: 2.29s
--> Batch: 599, Loss: 0.7986, Label: 16, Survival Months: 156.33, Risk: -12.3111
	--> Average Speed: 0.07s per batch
	--> Time from Last Check: 2.33s
--> Batch: 649, Loss: 0.7994, Label: 12, Survival Months: 86.25, Risk: -8.7781
	--> Average Speed: 0.07s per batch
	--> Time from Last Check: 2.35s
--> Batch: 699, Loss: 0.5736, Label: 6, Survival Months: 41.25, Risk: -17.4280
	--> Average Speed: 0.07s per batch
	--> Time from Last Check: 2.25s
--> Batch: 749, Loss: 0.5669, Label: 0, Survival Months: 2.50, Risk: -15.3779
	--> Average Speed: 0.07s per batch
	--> Time from Last Check: 2.24s
--> Batch: 799, Loss: 0.7740, Label: 18, Survival Months: 221.17, Risk: -15.8321
	--> Average Speed: 0.07s per batch
	--> Time from Last Check: 2.27s
[10/01/2025 - 02:33:51] - Epoch: 5, lr: 0.00009606, training_loss: 0.9916, training_c_index: 0.6130
[10/01/2025 - 02:33:54] - Epoch: 5, validation_loss: 1.0178, validation_c_index: 0.4769
--> No improvement in validation_loss or validation_c_index for 3 epoch(s)
--> Current BEST Score: 0.4668
	--> validation_loss: 1.2952
	--> best validation_c_index: 0.5963
[10/01/2025 - 02:33:54] - Time elapsed for epoch 5: 40s
[10/01/2025 - 02:33:54] - Epoch: 6
--> Batch: 49, Loss: 0.6315, Label: 8, Survival Months: 49.00, Risk: -11.4778
	--> Average Speed: 0.07s per batch
	--> Time from Last Check: 2.39s
--> Batch: 99, Loss: 0.6071, Label: 10, Survival Months: 66.25, Risk: -13.9189
	--> Average Speed: 0.07s per batch
	--> Time from Last Check: 2.28s
--> Batch: 149, Loss: 0.6229, Label: 13, Survival Months: 101.75, Risk: -14.4241
	--> Average Speed: 0.07s per batch
	--> Time from Last Check: 2.27s
--> Batch: 199, Loss: 0.6402, Label: 14, Survival Months: 102.42, Risk: -14.2752
	--> Average Speed: 0.07s per batch
	--> Time from Last Check: 2.28s
--> Batch: 249, Loss: 0.8125, Label: 18, Survival Months: 213.25, Risk: -13.8926
	--> Average Speed: 0.07s per batch
	--> Time from Last Check: 2.27s
--> Batch: 299, Loss: 0.7099, Label: 13, Survival Months: 93.33, Risk: -10.7794
	--> Average Speed: 0.07s per batch
	--> Time from Last Check: 2.26s
--> Batch: 349, Loss: 0.6770, Label: 11, Survival Months: 76.42, Risk: -10.5016
	--> Average Speed: 0.07s per batch
	--> Time from Last Check: 2.28s
--> Batch: 399, Loss: 0.6045, Label: 9, Survival Months: 57.83, Risk: -11.7187
	--> Average Speed: 0.07s per batch
	--> Time from Last Check: 2.28s
--> Batch: 449, Loss: 0.6202, Label: 15, Survival Months: 134.25, Risk: -15.0542
	--> Average Speed: 0.07s per batch
	--> Time from Last Check: 2.26s
--> Batch: 499, Loss: 0.5763, Label: 9, Survival Months: 53.58, Risk: -12.8595
	--> Average Speed: 0.07s per batch
	--> Time from Last Check: 2.27s
--> Batch: 549, Loss: 2.2303, Label: 18, Survival Months: 211.17, Risk: -14.0967
	--> Average Speed: 0.07s per batch
	--> Time from Last Check: 2.28s
--> Batch: 599, Loss: 4.2604, Label: 12, Survival Months: 79.92, Risk: -16.4039
	--> Average Speed: 0.07s per batch
	--> Time from Last Check: 2.27s
--> Batch: 649, Loss: 0.5218, Label: 4, Survival Months: 32.00, Risk: -14.8400
	--> Average Speed: 0.07s per batch
	--> Time from Last Check: 2.27s
--> Batch: 699, Loss: 0.5053, Label: 1, Survival Months: 7.50, Risk: -15.9000
	--> Average Speed: 0.07s per batch
	--> Time from Last Check: 2.29s
--> Batch: 749, Loss: 0.6196, Label: 17, Survival Months: 182.50, Risk: -16.2241
	--> Average Speed: 0.07s per batch
	--> Time from Last Check: 2.28s
--> Batch: 799, Loss: 0.5249, Label: 5, Survival Months: 37.25, Risk: -13.3649
	--> Average Speed: 0.07s per batch
	--> Time from Last Check: 2.28s
[10/01/2025 - 02:34:32] - Epoch: 6, lr: 0.00009510, training_loss: 0.9261, training_c_index: 0.5371
[10/01/2025 - 02:34:34] - Epoch: 6, validation_loss: 0.9214, validation_c_index: 0.5574
--> No improvement in validation_loss or validation_c_index for 4 epoch(s)
--> Current BEST Score: 0.4668
	--> validation_loss: 1.2952
	--> best validation_c_index: 0.5963
[10/01/2025 - 02:34:34] - Time elapsed for epoch 6: 40s
[10/01/2025 - 02:34:34] - Epoch: 7
--> Batch: 49, Loss: 0.5049, Label: 8, Survival Months: 50.67, Risk: -15.9653
	--> Average Speed: 0.07s per batch
	--> Time from Last Check: 2.28s
--> Batch: 99, Loss: 2.0507, Label: 18, Survival Months: 230.25, Risk: -16.2303
	--> Average Speed: 0.07s per batch
	--> Time from Last Check: 2.24s
--> Batch: 149, Loss: 0.6100, Label: 17, Survival Months: 175.67, Risk: -15.9132
	--> Average Speed: 0.07s per batch
	--> Time from Last Check: 2.26s
--> Batch: 199, Loss: 0.5831, Label: 10, Survival Months: 66.00, Risk: -11.0366
	--> Average Speed: 0.07s per batch
	--> Time from Last Check: 2.28s
--> Batch: 249, Loss: 0.5722, Label: 15, Survival Months: 134.42, Risk: -15.2634
	--> Average Speed: 0.07s per batch
	--> Time from Last Check: 2.27s
--> Batch: 299, Loss: 0.5218, Label: 12, Survival Months: 81.17, Risk: -14.8185
	--> Average Speed: 0.07s per batch
	--> Time from Last Check: 2.25s
--> Batch: 349, Loss: 0.9028, Label: 19, Survival Months: 327.33, Risk: -14.5618
	--> Average Speed: 0.07s per batch
	--> Time from Last Check: 2.23s
--> Batch: 399, Loss: 0.5668, Label: 15, Survival Months: 133.75, Risk: -14.8113
	--> Average Speed: 0.07s per batch
	--> Time from Last Check: 2.25s
--> Batch: 449, Loss: 0.5063, Label: 15, Survival Months: 138.75, Risk: -16.9706
	--> Average Speed: 0.07s per batch
	--> Time from Last Check: 2.27s
--> Batch: 499, Loss: 0.5343, Label: 9, Survival Months: 52.75, Risk: -11.7987
	--> Average Speed: 0.07s per batch
	--> Time from Last Check: 2.27s
--> Batch: 549, Loss: 3.5792, Label: 2, Survival Months: 19.92, Risk: -14.0042
	--> Average Speed: 0.07s per batch
	--> Time from Last Check: 2.27s
--> Batch: 599, Loss: 0.6127, Label: 18, Survival Months: 213.25, Risk: -16.5534
	--> Average Speed: 0.07s per batch
	--> Time from Last Check: 2.29s
--> Batch: 649, Loss: 0.4720, Label: 6, Survival Months: 41.33, Risk: -14.2783
	--> Average Speed: 0.07s per batch
	--> Time from Last Check: 2.27s
--> Batch: 699, Loss: 0.4610, Label: 1, Survival Months: 5.67, Risk: -12.2856
	--> Average Speed: 0.07s per batch
	--> Time from Last Check: 2.28s
--> Batch: 749, Loss: 0.6609, Label: 15, Survival Months: 124.33, Risk: -11.7060
	--> Average Speed: 0.07s per batch
	--> Time from Last Check: 2.28s
--> Batch: 799, Loss: 0.4525, Label: 6, Survival Months: 42.58, Risk: -16.0522
	--> Average Speed: 0.07s per batch
	--> Time from Last Check: 2.26s
[10/01/2025 - 02:35:12] - Epoch: 7, lr: 0.00009415, training_loss: 0.8471, training_c_index: 0.6554
[10/01/2025 - 02:35:14] - Epoch: 7, validation_loss: 0.9291, validation_c_index: 0.4949
--> No improvement in validation_loss or validation_c_index for 5 epoch(s)
--> Current BEST Score: 0.4668
	--> validation_loss: 1.2952
	--> best validation_c_index: 0.5963
[10/01/2025 - 02:35:14] - Time elapsed for epoch 7: 40s
[10/01/2025 - 02:35:14] - Epoch: 8
--> Batch: 49, Loss: 0.4563, Label: 7, Survival Months: 43.17, Risk: -15.2444
	--> Average Speed: 0.07s per batch
	--> Time from Last Check: 2.21s
--> Batch: 99, Loss: 0.4368, Label: 3, Survival Months: 26.92, Risk: -17.4259
	--> Average Speed: 0.07s per batch
	--> Time from Last Check: 2.33s
--> Batch: 149, Loss: 0.4359, Label: 4, Survival Months: 31.75, Risk: -16.8879
	--> Average Speed: 0.07s per batch
	--> Time from Last Check: 2.11s
--> Batch: 199, Loss: 0.4413, Label: 7, Survival Months: 43.58, Risk: -15.7521
	--> Average Speed: 0.07s per batch
	--> Time from Last Check: 2.31s
--> Batch: 249, Loss: 0.4447, Label: 3, Survival Months: 31.08, Risk: -14.3933
	--> Average Speed: 0.07s per batch
	--> Time from Last Check: 2.30s
--> Batch: 299, Loss: 0.4332, Label: 9, Survival Months: 51.83, Risk: -16.9491
	--> Average Speed: 0.07s per batch
	--> Time from Last Check: 2.26s
--> Batch: 349, Loss: 0.4266, Label: 6, Survival Months: 41.00, Risk: -16.9963
	--> Average Speed: 0.07s per batch
	--> Time from Last Check: 2.14s
--> Batch: 399, Loss: 0.4252, Label: 2, Survival Months: 20.17, Risk: -16.3581
	--> Average Speed: 0.06s per batch
	--> Time from Last Check: 2.08s
--> Batch: 449, Loss: 0.4524, Label: 14, Survival Months: 107.33, Risk: -17.2245
	--> Average Speed: 0.07s per batch
	--> Time from Last Check: 2.28s
--> Batch: 499, Loss: 0.4512, Label: 1, Survival Months: 14.33, Risk: -8.6628
	--> Average Speed: 0.07s per batch
	--> Time from Last Check: 2.26s
--> Batch: 549, Loss: 0.5566, Label: 16, Survival Months: 172.83, Risk: -14.3770
	--> Average Speed: 0.07s per batch
	--> Time from Last Check: 2.27s
--> Batch: 599, Loss: 0.5480, Label: 14, Survival Months: 103.92, Risk: -13.3032
	--> Average Speed: 0.07s per batch
	--> Time from Last Check: 2.22s
--> Batch: 649, Loss: 0.5075, Label: 4, Survival Months: 33.00, Risk: -8.0370
	--> Average Speed: 0.07s per batch
	--> Time from Last Check: 2.24s
--> Batch: 699, Loss: 0.4522, Label: 13, Survival Months: 100.83, Risk: -16.0143
	--> Average Speed: 0.07s per batch
	--> Time from Last Check: 2.26s
--> Batch: 749, Loss: 0.4303, Label: 1, Survival Months: 6.50, Risk: -11.2912
	--> Average Speed: 0.07s per batch
	--> Time from Last Check: 2.19s
--> Batch: 799, Loss: 0.4427, Label: 11, Survival Months: 68.75, Risk: -15.6114
	--> Average Speed: 0.06s per batch
	--> Time from Last Check: 2.03s
[10/01/2025 - 02:35:51] - Epoch: 8, lr: 0.00009321, training_loss: 0.8113, training_c_index: 0.6329
[10/01/2025 - 02:35:53] - Epoch: 8, validation_loss: 0.8841, validation_c_index: 0.5146
--> No improvement in validation_loss or validation_c_index for 6 epoch(s)
--> Current BEST Score: 0.4668
	--> validation_loss: 1.2952
	--> best validation_c_index: 0.5963
[10/01/2025 - 02:35:53] - Time elapsed for epoch 8: 39s
[10/01/2025 - 02:35:53] - Epoch: 9
--> Batch: 49, Loss: 0.4219, Label: 7, Survival Months: 43.25, Risk: -15.8613
	--> Average Speed: 0.08s per batch
	--> Time from Last Check: 2.42s
--> Batch: 99, Loss: 0.4370, Label: 2, Survival Months: 19.25, Risk: -11.7151
	--> Average Speed: 0.07s per batch
	--> Time from Last Check: 2.18s
--> Batch: 149, Loss: 0.4052, Label: 3, Survival Months: 28.75, Risk: -17.8050
	--> Average Speed: 0.07s per batch
	--> Time from Last Check: 2.33s
--> Batch: 199, Loss: 3.6774, Label: 14, Survival Months: 117.58, Risk: -17.5410
	--> Average Speed: 0.07s per batch
	--> Time from Last Check: 2.34s
--> Batch: 249, Loss: 0.4049, Label: 7, Survival Months: 44.17, Risk: -17.1034
	--> Average Speed: 0.07s per batch
	--> Time from Last Check: 2.34s
--> Batch: 299, Loss: 0.4037, Label: 2, Survival Months: 18.92, Risk: -15.6355
	--> Average Speed: 0.07s per batch
	--> Time from Last Check: 2.27s
--> Batch: 349, Loss: 0.4253, Label: 6, Survival Months: 39.00, Risk: -13.2343
	--> Average Speed: 0.07s per batch
	--> Time from Last Check: 2.27s
--> Batch: 399, Loss: 0.4032, Label: 7, Survival Months: 44.17, Risk: -15.9923
	--> Average Speed: 0.07s per batch
	--> Time from Last Check: 2.27s
--> Batch: 449, Loss: 0.4001, Label: 7, Survival Months: 47.33, Risk: -16.2505
	--> Average Speed: 0.07s per batch
	--> Time from Last Check: 2.27s
--> Batch: 499, Loss: 0.4982, Label: 14, Survival Months: 112.58, Risk: -13.6222
	--> Average Speed: 0.07s per batch
	--> Time from Last Check: 2.25s
--> Batch: 549, Loss: 0.4345, Label: 12, Survival Months: 80.42, Risk: -15.0037
	--> Average Speed: 0.07s per batch
	--> Time from Last Check: 2.30s
--> Batch: 599, Loss: 3.8331, Label: 10, Survival Months: 60.25, Risk: -15.0559
	--> Average Speed: 0.07s per batch
	--> Time from Last Check: 2.23s
--> Batch: 649, Loss: 0.4508, Label: 17, Survival Months: 182.75, Risk: -17.3414
	--> Average Speed: 0.07s per batch
	--> Time from Last Check: 2.24s
--> Batch: 699, Loss: 0.5039, Label: 14, Survival Months: 103.00, Risk: -13.2229
	--> Average Speed: 0.07s per batch
	--> Time from Last Check: 2.23s
--> Batch: 749, Loss: 0.4156, Label: 4, Survival Months: 32.58, Risk: -12.3285
	--> Average Speed: 0.07s per batch
	--> Time from Last Check: 2.27s
--> Batch: 799, Loss: 0.4409, Label: 17, Survival Months: 186.33, Risk: -17.5090
	--> Average Speed: 0.07s per batch
	--> Time from Last Check: 2.29s
[10/01/2025 - 02:36:32] - Epoch: 9, lr: 0.00009227, training_loss: 0.7672, training_c_index: 0.6943
[10/01/2025 - 02:36:34] - Epoch: 9, validation_loss: 0.8746, validation_c_index: 0.4949
--> No improvement in validation_loss or validation_c_index for 7 epoch(s)
--> Current BEST Score: 0.4668
	--> validation_loss: 1.2952
	--> best validation_c_index: 0.5963
--> Early stopping triggered after 7 epochs without improvement
[10/01/2025 - 02:36:34] - Restoring best model from epoch 2

################# [10/01/2025 - 02:36:34] - Training completed #################

################# [10/01/2025 - 02:36:34] - Validation started #################
[10/01/2025 - 02:36:36] - Final Validation, validation_loss: 1.2952, validation_c_index: 0.5963
[10/01/2025 - 02:36:36] - Time elapsed for Validation: 2s

################ [10/01/2025 - 02:36:36] - Validation completed ################

################## [10/01/2025 - 02:36:39] - MCAT terminated ###################
