Environment conda activated
Job 2500983 started

#################### [24/12/2024 - 02:23:24] - MCAT started ####################
WANDB: setting up for report

CUDA: available
--> Device count: 1
--> Using device: NVIDIA GeForce GTX 1080 Ti
--> Running on CUDA

DATASET: TCGA data only
--> Remaining samples after removing incomplete: 1017
--> Class intervals: [
	0: [0.03 - 2.97]
	1: [2.97 - 9.92]
	2: [9.92 - 12.17]
	3: [12.17 - 13.28]
	4: [13.28 - 15.14]
	5: [15.14 - 17.17]
	6: [17.17 - 18.83]
	7: [18.83 - 20.37]
	8: [20.37 - 23.46]
	9: [23.46 - 26.48]
	10: [26.48 - 31.95]
	11: [31.95 - 35.70]
	12: [35.70 - 40.41]
	13: [40.41 - 48.22]
	14: [48.22 - 54.96]
	15: [54.96 - 65.91]
	16: [65.91 - 77.65]
	17: [77.65 - 93.78]
	18: [93.78 - 109.23]
	19: [109.23 - 282.69]
    ]
--> Standardizing RNA-seq data
--> Signatures size: [16638]
--> Using 80% train, 20% validation
--> Training Set: [817], Validation Set: [200]

MODEL: MCAT
--> Trainable parameters of MCAT: 7556886
--> Loss function: CrossEntropySurvivalLoss
--> Optimizer: adam

################## [24/12/2024 - 02:24:04] - Training started ##################
[24/12/2024 - 02:24:04] - Epoch: 1
--> Batch: 49, Loss: 1.1877, Label: 8, Survival Months: 20.57, Risk: -1.0696
	--> Average Speed: 1.67s per batch
	--> Time from Last Check: 53.48s
--> Batch: 99, Loss: 0.2303, Label: 1, Survival Months: 5.58, Risk: -1.2369
	--> Average Speed: 1.64s per batch
	--> Time from Last Check: 52.39s
--> Batch: 149, Loss: 0.7308, Label: 6, Survival Months: 17.94, Risk: -1.4670
	--> Average Speed: 1.58s per batch
	--> Time from Last Check: 50.55s
--> Batch: 199, Loss: 0.2442, Label: 2, Survival Months: 12.09, Risk: -1.9003
	--> Average Speed: 1.06s per batch
	--> Time from Last Check: 33.96s
--> Batch: 249, Loss: 1.1131, Label: 13, Survival Months: 44.78, Risk: -2.4782
	--> Average Speed: 1.39s per batch
	--> Time from Last Check: 44.45s
--> Batch: 299, Loss: 0.2560, Label: 5, Survival Months: 16.72, Risk: -3.9186
	--> Average Speed: 1.83s per batch
	--> Time from Last Check: 58.54s
--> Batch: 349, Loss: 0.3913, Label: 11, Survival Months: 33.05, Risk: -5.7437
	--> Average Speed: 1.30s per batch
	--> Time from Last Check: 41.59s
--> Batch: 399, Loss: 0.0451, Label: 3, Survival Months: 13.01, Risk: -9.1006
	--> Average Speed: 1.62s per batch
	--> Time from Last Check: 51.93s
--> Batch: 449, Loss: 0.0116, Label: 1, Survival Months: 5.35, Risk: -11.7998
	--> Average Speed: 1.21s per batch
	--> Time from Last Check: 38.81s
--> Batch: 499, Loss: 0.0218, Label: 4, Survival Months: 13.30, Risk: -13.1344
	--> Average Speed: 1.79s per batch
	--> Time from Last Check: 57.43s
--> Batch: 549, Loss: 0.0200, Label: 6, Survival Months: 17.28, Risk: -14.8116
	--> Average Speed: 1.49s per batch
	--> Time from Last Check: 47.67s
--> Batch: 599, Loss: 0.0343, Label: 10, Survival Months: 28.25, Risk: -15.4290
	--> Average Speed: 0.60s per batch
	--> Time from Last Check: 19.12s
--> Batch: 649, Loss: 0.0897, Label: 15, Survival Months: 63.57, Risk: -15.7776
	--> Average Speed: 1.18s per batch
	--> Time from Last Check: 37.80s
--> Batch: 699, Loss: 0.0055, Label: 1, Survival Months: 8.48, Risk: -15.2959
	--> Average Speed: 1.81s per batch
	--> Time from Last Check: 58.04s
--> Batch: 749, Loss: 0.0014, Label: 0, Survival Months: 1.02, Risk: -15.4492
	--> Average Speed: 1.18s per batch
	--> Time from Last Check: 37.69s
--> Batch: 799, Loss: 0.0181, Label: 5, Survival Months: 16.39, Risk: -14.5543
	--> Average Speed: 1.03s per batch
	--> Time from Last Check: 32.85s
[24/12/2024 - 02:36:17] - Epoch: 1, lr: 0.00010000, train_loss: 0.9478, train_c_index: 0.5271
[24/12/2024 - 02:39:23] - Epoch: 0, val_loss: 0.3184, val_c_index: 0.5630
[24/12/2024 - 02:39:23] - Time elapsed for epoch 1: 919s
[24/12/2024 - 02:39:23] - Epoch: 2
--> Batch: 49, Loss: 0.0387, Label: 10, Survival Months: 31.70, Risk: -15.4302
	--> Average Speed: 1.86s per batch
	--> Time from Last Check: 59.46s
--> Batch: 99, Loss: 0.1489, Label: 17, Survival Months: 77.92, Risk: -15.2448
	--> Average Speed: 1.47s per batch
	--> Time from Last Check: 47.02s
--> Batch: 149, Loss: 0.1613, Label: 17, Survival Months: 88.93, Risk: -14.9779
	--> Average Speed: 1.79s per batch
	--> Time from Last Check: 57.41s
--> Batch: 199, Loss: 0.0546, Label: 11, Survival Months: 32.98, Risk: -14.7904
	--> Average Speed: 2.04s per batch
	--> Time from Last Check: 65.23s
--> Batch: 249, Loss: 0.0200, Label: 5, Survival Months: 16.29, Risk: -14.3850
	--> Average Speed: 2.02s per batch
	--> Time from Last Check: 64.57s
--> Batch: 299, Loss: 0.1329, Label: 15, Survival Months: 55.45, Risk: -14.2305
	--> Average Speed: 1.25s per batch
	--> Time from Last Check: 39.93s
--> Batch: 349, Loss: 3.1287, Label: 9, Survival Months: 24.77, Risk: -14.0603
	--> Average Speed: 2.12s per batch
	--> Time from Last Check: 67.89s
--> Batch: 399, Loss: 0.0015, Label: 0, Survival Months: 2.76, Risk: -14.5210
	--> Average Speed: 1.67s per batch
	--> Time from Last Check: 53.35s
--> Batch: 449, Loss: 0.0738, Label: 10, Survival Months: 27.00, Risk: -13.3109
	--> Average Speed: 1.34s per batch
	--> Time from Last Check: 42.96s
--> Batch: 499, Loss: 1.4182, Label: 19, Survival Months: 127.23, Risk: -12.9373
	--> Average Speed: 2.29s per batch
	--> Time from Last Check: 73.30s
--> Batch: 549, Loss: 0.0687, Label: 12, Survival Months: 38.96, Risk: -14.5733
	--> Average Speed: 1.21s per batch
	--> Time from Last Check: 38.72s
--> Batch: 599, Loss: 0.0888, Label: 13, Survival Months: 40.51, Risk: -14.1928
	--> Average Speed: 1.60s per batch
	--> Time from Last Check: 51.22s
--> Batch: 649, Loss: 0.0275, Label: 7, Survival Months: 18.89, Risk: -14.7015
	--> Average Speed: 1.47s per batch
	--> Time from Last Check: 47.12s
--> Batch: 699, Loss: 0.0629, Label: 10, Survival Months: 28.12, Risk: -14.0425
	--> Average Speed: 1.84s per batch
	--> Time from Last Check: 58.94s
--> Batch: 749, Loss: 3.7057, Label: 3, Survival Months: 12.39, Risk: -13.8627
	--> Average Speed: 1.46s per batch
	--> Time from Last Check: 46.83s
--> Batch: 799, Loss: 0.1595, Label: 15, Survival Months: 55.26, Risk: -13.2448
	--> Average Speed: 1.37s per batch
	--> Time from Last Check: 43.76s
[24/12/2024 - 02:53:52] - Epoch: 2, lr: 0.00010000, train_loss: 0.4509, train_c_index: 0.6006
[24/12/2024 - 02:58:07] - Epoch: 1, val_loss: 0.3257, val_c_index: 0.5678
[24/12/2024 - 02:58:07] - Time elapsed for epoch 2: 1125s
[24/12/2024 - 02:58:07] - Epoch: 3
--> Batch: 49, Loss: 0.0671, Label: 13, Survival Months: 42.74, Risk: -14.6747
	--> Average Speed: 2.03s per batch
	--> Time from Last Check: 65.08s
--> Batch: 99, Loss: 0.0316, Label: 4, Survival Months: 14.22, Risk: -13.4047
	--> Average Speed: 1.32s per batch
	--> Time from Last Check: 42.21s
--> Batch: 149, Loss: 0.0260, Label: 6, Survival Months: 17.25, Risk: -14.7718
	--> Average Speed: 1.62s per batch
	--> Time from Last Check: 51.94s
--> Batch: 199, Loss: 0.1056, Label: 15, Survival Months: 55.26, Risk: -14.7096
	--> Average Speed: 1.77s per batch
	--> Time from Last Check: 56.50s
--> Batch: 249, Loss: 0.0257, Label: 3, Survival Months: 13.24, Risk: -13.6109
	--> Average Speed: 1.92s per batch
	--> Time from Last Check: 61.52s
--> Batch: 299, Loss: 0.0502, Label: 7, Survival Months: 18.96, Risk: -12.6453
	--> Average Speed: 1.66s per batch
	--> Time from Last Check: 53.09s
--> Batch: 349, Loss: 0.2534, Label: 18, Survival Months: 102.76, Risk: -14.1025
	--> Average Speed: 1.85s per batch
	--> Time from Last Check: 59.07s
--> Batch: 399, Loss: 0.0907, Label: 13, Survival Months: 40.54, Risk: -13.9001
	--> Average Speed: 1.64s per batch
	--> Time from Last Check: 52.47s
--> Batch: 449, Loss: 2.1145, Label: 18, Survival Months: 94.15, Risk: -15.2252
	--> Average Speed: 1.56s per batch
	--> Time from Last Check: 49.87s
--> Batch: 499, Loss: 0.0371, Label: 5, Survival Months: 16.46, Risk: -12.1741
	--> Average Speed: 1.88s per batch
	--> Time from Last Check: 60.15s
--> Batch: 549, Loss: 0.1350, Label: 14, Survival Months: 48.49, Risk: -12.8667
	--> Average Speed: 2.46s per batch
	--> Time from Last Check: 78.81s
--> Batch: 599, Loss: 0.1076, Label: 13, Survival Months: 44.25, Risk: -12.9654
	--> Average Speed: 1.78s per batch
	--> Time from Last Check: 56.83s
--> Batch: 649, Loss: 0.0250, Label: 4, Survival Months: 13.96, Risk: -13.9409
	--> Average Speed: 1.43s per batch
	--> Time from Last Check: 45.80s
--> Batch: 699, Loss: 0.0205, Label: 3, Survival Months: 12.19, Risk: -14.3878
	--> Average Speed: 1.60s per batch
	--> Time from Last Check: 51.32s
--> Batch: 749, Loss: 0.0228, Label: 8, Survival Months: 22.93, Risk: -15.3568
	--> Average Speed: 1.30s per batch
	--> Time from Last Check: 41.76s
--> Batch: 799, Loss: 4.1021, Label: 6, Survival Months: 18.50, Risk: -15.9516
	--> Average Speed: 1.97s per batch
	--> Time from Last Check: 63.10s
[24/12/2024 - 03:13:27] - Epoch: 3, lr: 0.00010000, train_loss: 0.4297, train_c_index: 0.7151
[24/12/2024 - 03:17:48] - Epoch: 2, val_loss: 0.3304, val_c_index: 0.6483
[24/12/2024 - 03:17:48] - Time elapsed for epoch 3: 1180s
[24/12/2024 - 03:17:48] - Epoch: 4
--> Batch: 49, Loss: 0.0377, Label: 6, Survival Months: 17.97, Risk: -13.0974
	--> Average Speed: 1.63s per batch
	--> Time from Last Check: 52.01s
--> Batch: 99, Loss: 0.0201, Label: 8, Survival Months: 20.57, Risk: -15.4684
	--> Average Speed: 2.03s per batch
	--> Time from Last Check: 65.05s
--> Batch: 149, Loss: 0.0076, Label: 5, Survival Months: 16.56, Risk: -16.3372
	--> Average Speed: 1.99s per batch
	--> Time from Last Check: 63.56s
--> Batch: 199, Loss: 0.0215, Label: 6, Survival Months: 18.04, Risk: -14.9051
	--> Average Speed: 1.54s per batch
	--> Time from Last Check: 49.20s
--> Batch: 249, Loss: 0.0083, Label: 4, Survival Months: 14.68, Risk: -16.2262
	--> Average Speed: 1.17s per batch
	--> Time from Last Check: 37.41s
--> Batch: 299, Loss: 0.0002, Label: 0, Survival Months: 0.23, Risk: -15.8251
	--> Average Speed: 1.60s per batch
	--> Time from Last Check: 51.28s
--> Batch: 349, Loss: 0.0168, Label: 5, Survival Months: 15.34, Risk: -14.6030
	--> Average Speed: 1.82s per batch
	--> Time from Last Check: 58.38s
--> Batch: 399, Loss: 3.1710, Label: 11, Survival Months: 32.06, Risk: -14.3645
	--> Average Speed: 2.12s per batch
	--> Time from Last Check: 67.86s
--> Batch: 449, Loss: 0.0181, Label: 7, Survival Months: 18.96, Risk: -15.5215
	--> Average Speed: 2.06s per batch
	--> Time from Last Check: 65.96s
--> Batch: 499, Loss: 0.4194, Label: 19, Survival Months: 134.30, Risk: -16.8222
	--> Average Speed: 2.26s per batch
	--> Time from Last Check: 72.39s
--> Batch: 549, Loss: 0.0813, Label: 14, Survival Months: 52.14, Risk: -14.9360
	--> Average Speed: 1.31s per batch
	--> Time from Last Check: 41.86s
--> Batch: 599, Loss: 0.0661, Label: 15, Survival Months: 63.57, Risk: -16.6302
	--> Average Speed: 1.75s per batch
	--> Time from Last Check: 55.84s
--> Batch: 649, Loss: 0.0655, Label: 15, Survival Months: 58.48, Risk: -16.4939
	--> Average Speed: 1.99s per batch
	--> Time from Last Check: 63.82s
--> Batch: 699, Loss: 0.1367, Label: 18, Survival Months: 98.69, Risk: -17.0636
	--> Average Speed: 1.53s per batch
	--> Time from Last Check: 48.97s
--> Batch: 749, Loss: 0.1268, Label: 16, Survival Months: 71.98, Risk: -15.0393
	--> Average Speed: 1.75s per batch
	--> Time from Last Check: 56.00s
--> Batch: 799, Loss: 0.0103, Label: 8, Survival Months: 21.65, Risk: -16.6611
	--> Average Speed: 1.98s per batch
	--> Time from Last Check: 63.43s
[24/12/2024 - 03:33:18] - Epoch: 4, lr: 0.00010000, train_loss: 0.3913, train_c_index: 0.8625
[24/12/2024 - 03:37:09] - Epoch: 3, val_loss: 0.3560, val_c_index: 0.5750
[24/12/2024 - 03:37:09] - Time elapsed for epoch 4: 1162s
[24/12/2024 - 03:37:09] - Epoch: 5
--> Batch: 49, Loss: 0.0511, Label: 7, Survival Months: 19.19, Risk: -12.3760
	--> Average Speed: 2.13s per batch
	--> Time from Last Check: 68.26s
--> Batch: 99, Loss: 2.9638, Label: 10, Survival Months: 31.50, Risk: -15.6948
	--> Average Speed: 2.20s per batch
	--> Time from Last Check: 70.40s
--> Batch: 149, Loss: 0.0104, Label: 1, Survival Months: 8.21, Risk: -14.3186
	--> Average Speed: 1.85s per batch
	--> Time from Last Check: 59.23s
--> Batch: 199, Loss: 0.0565, Label: 13, Survival Months: 43.00, Risk: -15.6995
	--> Average Speed: 1.60s per batch
	--> Time from Last Check: 51.35s
--> Batch: 249, Loss: 0.0159, Label: 5, Survival Months: 16.69, Risk: -13.9923
	--> Average Speed: 1.11s per batch
	--> Time from Last Check: 35.65s
--> Batch: 299, Loss: 0.0073, Label: 6, Survival Months: 17.48, Risk: -16.4592
	--> Average Speed: 2.05s per batch
	--> Time from Last Check: 65.45s
--> Batch: 349, Loss: 0.0066, Label: 9, Survival Months: 23.72, Risk: -17.3013
	--> Average Speed: 1.81s per batch
	--> Time from Last Check: 57.82s
--> Batch: 399, Loss: 0.0016, Label: 3, Survival Months: 13.07, Risk: -17.7514
	--> Average Speed: 1.76s per batch
	--> Time from Last Check: 56.44s
--> Batch: 449, Loss: 0.0303, Label: 11, Survival Months: 32.72, Risk: -15.9658
	--> Average Speed: 1.83s per batch
	--> Time from Last Check: 58.42s
--> Batch: 499, Loss: 1.9096, Label: 1, Survival Months: 7.85, Risk: -8.2264
	--> Average Speed: 1.25s per batch
	--> Time from Last Check: 39.93s
--> Batch: 549, Loss: 2.3918, Label: 17, Survival Months: 93.76, Risk: -17.4353
	--> Average Speed: 1.66s per batch
	--> Time from Last Check: 53.10s
--> Batch: 599, Loss: 0.1983, Label: 14, Survival Months: 48.42, Risk: -11.5336
	--> Average Speed: 2.08s per batch
	--> Time from Last Check: 66.61s
--> Batch: 649, Loss: 0.0097, Label: 10, Survival Months: 28.75, Risk: -17.2034
	--> Average Speed: 1.75s per batch
	--> Time from Last Check: 56.05s
--> Batch: 699, Loss: 0.1489, Label: 18, Survival Months: 106.96, Risk: -17.3884
	--> Average Speed: 1.22s per batch
	--> Time from Last Check: 39.08s
--> Batch: 749, Loss: 0.1153, Label: 15, Survival Months: 60.68, Risk: -15.0022
	--> Average Speed: 2.20s per batch
	--> Time from Last Check: 70.38s
--> Batch: 799, Loss: 0.0021, Label: 4, Survival Months: 13.60, Risk: -16.8691
	--> Average Speed: 2.58s per batch
	--> Time from Last Check: 82.44s
[24/12/2024 - 03:52:50] - Epoch: 5, lr: 0.00010000, train_loss: 0.3525, train_c_index: 0.9057
[24/12/2024 - 03:57:00] - Epoch: 4, val_loss: 0.3737, val_c_index: 0.5112
[24/12/2024 - 03:57:00] - Time elapsed for epoch 5: 1190s
[24/12/2024 - 03:57:00] - Epoch: 6
--> Batch: 49, Loss: 1.3874, Label: 1, Survival Months: 5.19, Risk: -4.4805
	--> Average Speed: 3.06s per batch
	--> Time from Last Check: 98.01s
--> Batch: 99, Loss: 0.0264, Label: 14, Survival Months: 49.44, Risk: -16.7890
	--> Average Speed: 1.63s per batch
	--> Time from Last Check: 52.12s
--> Batch: 149, Loss: 0.0038, Label: 1, Survival Months: 9.86, Risk: -15.1349
	--> Average Speed: 1.62s per batch
	--> Time from Last Check: 51.72s
--> Batch: 199, Loss: 0.0034, Label: 6, Survival Months: 18.46, Risk: -17.1677
	--> Average Speed: 1.80s per batch
	--> Time from Last Check: 57.63s
--> Batch: 249, Loss: 0.0023, Label: 6, Survival Months: 17.25, Risk: -17.7141
	--> Average Speed: 1.37s per batch
	--> Time from Last Check: 43.93s
--> Batch: 299, Loss: 0.0951, Label: 18, Survival Months: 97.60, Risk: -18.0009
	--> Average Speed: 1.88s per batch
	--> Time from Last Check: 60.10s
--> Batch: 349, Loss: 0.0001, Label: 0, Survival Months: 0.16, Risk: -15.1443
	--> Average Speed: 2.73s per batch
	--> Time from Last Check: 87.24s
--> Batch: 399, Loss: 0.0328, Label: 13, Survival Months: 42.74, Risk: -16.7840
	--> Average Speed: 2.43s per batch
	--> Time from Last Check: 77.76s
--> Batch: 449, Loss: 0.0018, Label: 8, Survival Months: 21.65, Risk: -17.8224
	--> Average Speed: 1.68s per batch
	--> Time from Last Check: 53.79s
--> Batch: 499, Loss: 0.0020, Label: 7, Survival Months: 19.94, Risk: -17.6246
	--> Average Speed: 1.79s per batch
	--> Time from Last Check: 57.30s
--> Batch: 549, Loss: 0.0055, Label: 9, Survival Months: 25.13, Risk: -17.0578
	--> Average Speed: 1.38s per batch
	--> Time from Last Check: 44.30s
--> Batch: 599, Loss: 0.1577, Label: 9, Survival Months: 25.99, Risk: -8.4586
	--> Average Speed: 1.48s per batch
	--> Time from Last Check: 47.28s
--> Batch: 649, Loss: 0.0040, Label: 10, Survival Months: 26.91, Risk: -17.5760
	--> Average Speed: 1.34s per batch
	--> Time from Last Check: 42.91s
--> Batch: 699, Loss: 0.3735, Label: 19, Survival Months: 140.77, Risk: -16.7242
	--> Average Speed: 2.21s per batch
	--> Time from Last Check: 70.61s
--> Batch: 749, Loss: 0.0023, Label: 4, Survival Months: 14.78, Risk: -16.7357
	--> Average Speed: 1.62s per batch
	--> Time from Last Check: 52.00s
--> Batch: 799, Loss: 0.0014, Label: 9, Survival Months: 26.12, Risk: -17.8297
	--> Average Speed: 1.82s per batch
	--> Time from Last Check: 58.37s
[24/12/2024 - 04:13:23] - Epoch: 6, lr: 0.00010000, train_loss: 0.3282, train_c_index: 0.9385
[24/12/2024 - 04:17:30] - Epoch: 5, val_loss: 0.4034, val_c_index: 0.5582
[24/12/2024 - 04:17:30] - Time elapsed for epoch 6: 1231s
[24/12/2024 - 04:17:30] - Epoch: 7
--> Batch: 49, Loss: 0.0051, Label: 11, Survival Months: 31.96, Risk: -17.5656
	--> Average Speed: 1.79s per batch
	--> Time from Last Check: 57.36s
--> Batch: 99, Loss: 0.1710, Label: 18, Survival Months: 101.45, Risk: -17.2404
	--> Average Speed: 1.70s per batch
	--> Time from Last Check: 54.27s
--> Batch: 149, Loss: 0.0005, Label: 7, Survival Months: 18.89, Risk: -18.0650
	--> Average Speed: 2.16s per batch
	--> Time from Last Check: 69.05s
--> Batch: 199, Loss: 0.0571, Label: 15, Survival Months: 56.77, Risk: -16.7516
	--> Average Speed: 0.99s per batch
	--> Time from Last Check: 31.60s
--> Batch: 249, Loss: 0.0000, Label: 0, Survival Months: 0.33, Risk: -16.6909
	--> Average Speed: 1.02s per batch
	--> Time from Last Check: 32.62s
--> Batch: 299, Loss: 0.0087, Label: 8, Survival Months: 23.32, Risk: -16.0635
	--> Average Speed: 1.41s per batch
	--> Time from Last Check: 45.10s
--> Batch: 349, Loss: 0.0005, Label: 2, Survival Months: 9.99, Risk: -17.5990
	--> Average Speed: 1.21s per batch
	--> Time from Last Check: 38.67s
--> Batch: 399, Loss: 0.0002, Label: 5, Survival Months: 15.64, Risk: -18.4258
	--> Average Speed: 1.34s per batch
	--> Time from Last Check: 42.92s
--> Batch: 449, Loss: 0.0002, Label: 2, Survival Months: 11.04, Risk: -18.3148
	--> Average Speed: 1.37s per batch
	--> Time from Last Check: 43.78s
--> Batch: 499, Loss: 0.0001, Label: 1, Survival Months: 3.88, Risk: -18.3869
	--> Average Speed: 1.09s per batch
	--> Time from Last Check: 34.73s
--> Batch: 549, Loss: 0.0252, Label: 3, Survival Months: 12.25, Risk: -11.2026
	--> Average Speed: 1.37s per batch
	--> Time from Last Check: 43.80s
--> Batch: 599, Loss: 0.0165, Label: 14, Survival Months: 50.76, Risk: -17.4822
	--> Average Speed: 1.04s per batch
	--> Time from Last Check: 33.34s
--> Batch: 649, Loss: 2.8411, Label: 14, Survival Months: 50.66, Risk: -6.6224
	--> Average Speed: 0.70s per batch
	--> Time from Last Check: 22.51s
--> Batch: 699, Loss: 0.0068, Label: 8, Survival Months: 20.43, Risk: -15.8958
	--> Average Speed: 1.44s per batch
	--> Time from Last Check: 45.94s
--> Batch: 749, Loss: 0.0003, Label: 2, Survival Months: 11.50, Risk: -17.5920
	--> Average Speed: 1.51s per batch
	--> Time from Last Check: 48.28s
--> Batch: 799, Loss: 0.0005, Label: 4, Survival Months: 13.44, Risk: -17.2970
	--> Average Speed: 0.84s per batch
	--> Time from Last Check: 26.92s
[24/12/2024 - 04:28:54] - Epoch: 7, lr: 0.00010000, train_loss: 0.3209, train_c_index: 0.9322
[24/12/2024 - 04:32:06] - Epoch: 6, val_loss: 0.4274, val_c_index: 0.5343
[24/12/2024 - 04:32:06] - Time elapsed for epoch 7: 876s
[24/12/2024 - 04:32:06] - Epoch: 8
--> Batch: 49, Loss: 0.0002, Label: 4, Survival Months: 13.40, Risk: -17.7801
	--> Average Speed: 1.28s per batch
	--> Time from Last Check: 40.89s
--> Batch: 99, Loss: 0.0016, Label: 11, Survival Months: 32.52, Risk: -18.2188
	--> Average Speed: 1.13s per batch
	--> Time from Last Check: 36.20s
--> Batch: 149, Loss: 0.0003, Label: 6, Survival Months: 17.77, Risk: -17.9966
	--> Average Speed: 0.93s per batch
	--> Time from Last Check: 29.74s
--> Batch: 199, Loss: 0.0011, Label: 6, Survival Months: 18.59, Risk: -17.2408
	--> Average Speed: 1.28s per batch
	--> Time from Last Check: 41.10s
--> Batch: 249, Loss: 0.0024, Label: 9, Survival Months: 25.13, Risk: -17.1789
	--> Average Speed: 1.43s per batch
	--> Time from Last Check: 45.60s
--> Batch: 299, Loss: 0.0096, Label: 14, Survival Months: 50.20, Risk: -18.3490
	--> Average Speed: 0.55s per batch
	--> Time from Last Check: 17.75s
--> Batch: 349, Loss: nan, Label: 15, Survival Months: 59.79, Risk: nan
	--> Average Speed: 1.32s per batch
	--> Time from Last Check: 42.29s
--> Batch: 399, Loss: nan, Label: 2, Survival Months: 10.09, Risk: nan
	--> Average Speed: 1.39s per batch
	--> Time from Last Check: 44.41s
--> Batch: 449, Loss: nan, Label: 10, Survival Months: 30.32, Risk: nan
	--> Average Speed: 1.30s per batch
	--> Time from Last Check: 41.52s
--> Batch: 499, Loss: nan, Label: 13, Survival Months: 42.97, Risk: nan
	--> Average Speed: 0.79s per batch
	--> Time from Last Check: 25.42s
--> Batch: 549, Loss: nan, Label: 12, Survival Months: 40.37, Risk: nan
	--> Average Speed: 1.11s per batch
	--> Time from Last Check: 35.62s
--> Batch: 599, Loss: nan, Label: 12, Survival Months: 40.37, Risk: nan
	--> Average Speed: 1.39s per batch
	--> Time from Last Check: 44.63s
--> Batch: 649, Loss: nan, Label: 11, Survival Months: 35.22, Risk: nan
	--> Average Speed: 1.50s per batch
	--> Time from Last Check: 48.13s
--> Batch: 699, Loss: nan, Label: 6, Survival Months: 18.33, Risk: nan
	--> Average Speed: 2.02s per batch
	--> Time from Last Check: 64.67s
--> Batch: 749, Loss: nan, Label: 12, Survival Months: 37.19, Risk: nan
	--> Average Speed: 1.49s per batch
	--> Time from Last Check: 47.82s
--> Batch: 799, Loss: nan, Label: 2, Survival Months: 10.71, Risk: nan
	--> Average Speed: 1.32s per batch
	--> Time from Last Check: 42.16s
[1;34mwandb[0m: 🚀 View run [33mlucas_job_2500983[0m at: [34mhttps://wandb.ai/luca_inghilterra-unimore/TCGA-BRCA-COMP/runs/xr0rzjt2[0m
[1;34mwandb[0m: Find logs at: [1;35mwandb/run-20241224_022325-xr0rzjt2/logs[0m
