Environment conda activated
Job 2503430 started

#################### [04/01/2025 - 16:13:06] - MCAT started ####################
HOSTNAME: carabbaggio

WANDB: setting up for report

CUDA: available
--> Device count: 1
--> Using device: NVIDIA GeForce GTX 1080 Ti
--> Running on CUDA

DATASET: TCGA data only
--> Remaining samples after removing incomplete: 910
--> Class intervals: [
	0: [0.00 - 4.83]
	1: [4.83 - 20.15]
	2: [20.15 - 28.14]
	3: [28.14 - 32.06]
	4: [32.06 - 35.42]
	5: [35.42 - 39.06]
	6: [39.06 - 43.86]
	7: [43.86 - 48.08]
	8: [48.08 - 52.18]
	9: [52.18 - 58.96]
	10: [58.96 - 68.74]
	11: [68.74 - 81.17]
	12: [81.17 - 93.39]
	13: [93.39 - 105.96]
	14: [105.96 - 124.19]
	15: [124.19 - 146.93]
	16: [146.93 - 179.46]
	17: [179.46 - 207.62]
	18: [207.62 - 269.79]
	19: [269.79 - 593.83]
    ]
--> Standardizing RNA-seq data
--> Signatures size: [19938]
--> Using 80% train, 20% validation
--> Training Set: [728], Validation Set: [182]

MODEL: MCAT
--> Trainable parameters of MCAT: 8401686
--> Loss function: CrossEntropySurvivalLoss
--> Optimizer: adam

################## [04/01/2025 - 16:13:55] - Training started ##################
[04/01/2025 - 16:13:55] - Epoch: 1
--> Batch: 49, Loss: 3.3064, Label: 4, Survival Months: 32.08, Risk: -1.0840
	--> Average Speed: 0.66s per batch
	--> Time from Last Check: 21.23s
--> Batch: 99, Loss: 0.0496, Label: 7, Survival Months: 44.00, Risk: -1.1819
	--> Average Speed: 1.25s per batch
	--> Time from Last Check: 40.14s
--> Batch: 149, Loss: 0.0843, Label: 13, Survival Months: 102.58, Risk: -1.2518
	--> Average Speed: 0.55s per batch
	--> Time from Last Check: 17.67s
--> Batch: 199, Loss: 0.0680, Label: 11, Survival Months: 78.50, Risk: -1.3632
	--> Average Speed: 1.02s per batch
	--> Time from Last Check: 32.60s
--> Batch: 249, Loss: 0.0048, Label: 0, Survival Months: 4.08, Risk: -1.5192
	--> Average Speed: 0.72s per batch
	--> Time from Last Check: 23.01s
--> Batch: 299, Loss: 0.0138, Label: 2, Survival Months: 25.17, Risk: -1.7980
	--> Average Speed: 0.82s per batch
	--> Time from Last Check: 26.36s
--> Batch: 349, Loss: 0.0700, Label: 16, Survival Months: 160.67, Risk: -2.2038
	--> Average Speed: 0.39s per batch
	--> Time from Last Check: 12.52s
--> Batch: 399, Loss: 0.0673, Label: 17, Survival Months: 182.75, Risk: -2.9187
	--> Average Speed: 0.47s per batch
	--> Time from Last Check: 15.15s
--> Batch: 449, Loss: 4.9042, Label: 14, Survival Months: 119.17, Risk: -3.5670
	--> Average Speed: 0.67s per batch
	--> Time from Last Check: 21.43s
--> Batch: 499, Loss: 0.0293, Label: 14, Survival Months: 113.58, Risk: -5.2533
	--> Average Speed: 0.56s per batch
	--> Time from Last Check: 17.81s
--> Batch: 549, Loss: 0.0096, Label: 9, Survival Months: 54.50, Risk: -7.9847
	--> Average Speed: 1.53s per batch
	--> Time from Last Check: 48.90s
--> Batch: 599, Loss: 0.0118, Label: 11, Survival Months: 69.92, Risk: -8.3324
	--> Average Speed: 0.65s per batch
	--> Time from Last Check: 20.75s
--> Batch: 649, Loss: 0.0029, Label: 5, Survival Months: 37.58, Risk: -10.2549
	--> Average Speed: 1.14s per batch
	--> Time from Last Check: 36.56s
--> Batch: 699, Loss: 0.0047, Label: 9, Survival Months: 52.33, Risk: -11.1819
	--> Average Speed: 0.62s per batch
	--> Time from Last Check: 19.95s
[04/01/2025 - 16:20:06] - Epoch: 1, lr: 0.00010000, train_loss: 0.7182, train_c_index: 0.5565
[04/01/2025 - 16:22:01] - Epoch: 1, val_loss: 0.2795, val_c_index: 0.5464
[04/01/2025 - 16:22:01] - Time elapsed for epoch 1: 485s
[04/01/2025 - 16:22:01] - Epoch: 2
--> Batch: 49, Loss: 0.0021, Label: 5, Survival Months: 36.58, Risk: -11.5136
	--> Average Speed: 0.91s per batch
	--> Time from Last Check: 29.23s
--> Batch: 99, Loss: 0.0032, Label: 9, Survival Months: 56.67, Risk: -12.4045
	--> Average Speed: 0.79s per batch
	--> Time from Last Check: 25.30s
--> Batch: 149, Loss: 0.0014, Label: 1, Survival Months: 18.92, Risk: -9.1628
	--> Average Speed: 1.11s per batch
	--> Time from Last Check: 35.53s
--> Batch: 199, Loss: 0.0017, Label: 2, Survival Months: 27.33, Risk: -10.0931
	--> Average Speed: 0.55s per batch
	--> Time from Last Check: 17.61s
--> Batch: 249, Loss: 0.0042, Label: 6, Survival Months: 42.33, Risk: -8.9154
	--> Average Speed: 0.76s per batch
	--> Time from Last Check: 24.30s
--> Batch: 299, Loss: 0.0020, Label: 3, Survival Months: 30.92, Risk: -10.4072
	--> Average Speed: 0.64s per batch
	--> Time from Last Check: 20.53s
--> Batch: 349, Loss: 2.8151, Label: 16, Survival Months: 160.00, Risk: -10.6813
	--> Average Speed: 1.23s per batch
	--> Time from Last Check: 39.21s
--> Batch: 399, Loss: 0.0094, Label: 13, Survival Months: 102.58, Risk: -10.7282
	--> Average Speed: 0.60s per batch
	--> Time from Last Check: 19.34s
--> Batch: 449, Loss: 0.0042, Label: 10, Survival Months: 67.33, Risk: -12.0835
	--> Average Speed: 0.53s per batch
	--> Time from Last Check: 17.04s
--> Batch: 499, Loss: 3.4004, Label: 1, Survival Months: 13.33, Risk: -11.9781
	--> Average Speed: 0.95s per batch
	--> Time from Last Check: 30.35s
--> Batch: 549, Loss: 0.0168, Label: 18, Survival Months: 268.83, Risk: -13.9936
	--> Average Speed: 0.95s per batch
	--> Time from Last Check: 30.46s
--> Batch: 599, Loss: 0.0032, Label: 11, Survival Months: 71.33, Risk: -13.7932
	--> Average Speed: 0.99s per batch
	--> Time from Last Check: 31.70s
--> Batch: 649, Loss: 0.0080, Label: 16, Survival Months: 159.50, Risk: -13.8095
	--> Average Speed: 0.57s per batch
	--> Time from Last Check: 18.09s
--> Batch: 699, Loss: 0.0015, Label: 2, Survival Months: 24.08, Risk: -11.4177
	--> Average Speed: 0.95s per batch
	--> Time from Last Check: 30.42s
[04/01/2025 - 16:28:30] - Epoch: 2, lr: 0.00010000, train_loss: 0.3701, train_c_index: 0.5209
[04/01/2025 - 16:30:22] - Epoch: 2, val_loss: 0.2654, val_c_index: 0.4986
[04/01/2025 - 16:30:22] - Time elapsed for epoch 2: 501s
[04/01/2025 - 16:30:22] - Epoch: 3
--> Batch: 49, Loss: 0.0064, Label: 13, Survival Months: 95.00, Risk: -11.9981
	--> Average Speed: 1.16s per batch
	--> Time from Last Check: 37.21s
--> Batch: 99, Loss: 2.3229, Label: 16, Survival Months: 148.42, Risk: -12.9642
	--> Average Speed: 1.09s per batch
	--> Time from Last Check: 34.82s
--> Batch: 149, Loss: 0.0147, Label: 15, Survival Months: 125.42, Risk: -9.6399
	--> Average Speed: 0.89s per batch
	--> Time from Last Check: 28.56s
--> Batch: 199, Loss: 2.8962, Label: 7, Survival Months: 48.08, Risk: -12.8691
	--> Average Speed: 0.69s per batch
	--> Time from Last Check: 22.14s
--> Batch: 249, Loss: 0.0060, Label: 12, Survival Months: 82.50, Risk: -11.9541
	--> Average Speed: 0.66s per batch
	--> Time from Last Check: 21.12s
--> Batch: 299, Loss: 1.9517, Label: 17, Survival Months: 189.42, Risk: -12.7398
	--> Average Speed: 1.19s per batch
	--> Time from Last Check: 38.07s
--> Batch: 349, Loss: 0.0041, Label: 6, Survival Months: 42.33, Risk: -9.2888
	--> Average Speed: 0.90s per batch
	--> Time from Last Check: 28.85s
--> Batch: 399, Loss: 2.4417, Label: 19, Survival Months: 355.58, Risk: -12.2297
	--> Average Speed: 0.85s per batch
	--> Time from Last Check: 27.04s
--> Batch: 449, Loss: 0.0474, Label: 19, Survival Months: 292.17, Risk: -9.4848
	--> Average Speed: 0.72s per batch
	--> Time from Last Check: 22.96s
--> Batch: 499, Loss: 0.0012, Label: 5, Survival Months: 37.33, Risk: -13.5651
	--> Average Speed: 0.72s per batch
	--> Time from Last Check: 22.90s
--> Batch: 549, Loss: 0.0054, Label: 12, Survival Months: 83.67, Risk: -12.4839
	--> Average Speed: 1.34s per batch
	--> Time from Last Check: 42.99s
--> Batch: 599, Loss: 0.0028, Label: 7, Survival Months: 47.33, Risk: -12.0216
	--> Average Speed: 1.34s per batch
	--> Time from Last Check: 42.90s
--> Batch: 649, Loss: 2.3087, Label: 17, Survival Months: 197.75, Risk: -12.2332
	--> Average Speed: 1.11s per batch
	--> Time from Last Check: 35.48s
--> Batch: 699, Loss: 0.0051, Label: 4, Survival Months: 32.08, Risk: -7.2247
	--> Average Speed: 0.61s per batch
	--> Time from Last Check: 19.57s
[04/01/2025 - 16:37:39] - Epoch: 3, lr: 0.00010000, train_loss: 0.3487, train_c_index: 0.6028
[04/01/2025 - 16:39:31] - Epoch: 3, val_loss: 0.2756, val_c_index: 0.3994
[04/01/2025 - 16:39:31] - Time elapsed for epoch 3: 549s
[04/01/2025 - 16:39:31] - Epoch: 4
--> Batch: 49, Loss: 0.0061, Label: 15, Survival Months: 135.00, Risk: -14.2152
	--> Average Speed: 0.81s per batch
	--> Time from Last Check: 26.08s
--> Batch: 99, Loss: 1.7210, Label: 17, Survival Months: 205.75, Risk: -14.8700
	--> Average Speed: 0.81s per batch
	--> Time from Last Check: 26.08s
--> Batch: 149, Loss: 0.0153, Label: 18, Survival Months: 234.42, Risk: -15.1047
	--> Average Speed: 0.81s per batch
	--> Time from Last Check: 25.94s
--> Batch: 199, Loss: 0.0090, Label: 15, Survival Months: 136.83, Risk: -12.5319
	--> Average Speed: 0.77s per batch
	--> Time from Last Check: 24.66s
--> Batch: 249, Loss: 0.0025, Label: 3, Survival Months: 30.92, Risk: -10.4474
	--> Average Speed: 1.13s per batch
	--> Time from Last Check: 36.02s
--> Batch: 299, Loss: 0.0007, Label: 6, Survival Months: 39.33, Risk: -15.0839
	--> Average Speed: 0.66s per batch
	--> Time from Last Check: 21.21s
--> Batch: 349, Loss: 0.0035, Label: 12, Survival Months: 83.92, Risk: -13.8617
	--> Average Speed: 1.29s per batch
	--> Time from Last Check: 41.38s
--> Batch: 399, Loss: 0.0033, Label: 10, Survival Months: 63.42, Risk: -13.2342
	--> Average Speed: 0.74s per batch
	--> Time from Last Check: 23.63s
--> Batch: 449, Loss: 2.4205, Label: 16, Survival Months: 166.08, Risk: -12.6518
	--> Average Speed: 0.89s per batch
	--> Time from Last Check: 28.44s
--> Batch: 499, Loss: 0.0086, Label: 9, Survival Months: 52.33, Risk: -8.1155
	--> Average Speed: 0.95s per batch
	--> Time from Last Check: 30.40s
--> Batch: 549, Loss: 0.0033, Label: 8, Survival Months: 52.00, Risk: -11.9006
	--> Average Speed: 0.69s per batch
	--> Time from Last Check: 22.07s
--> Batch: 599, Loss: 0.0051, Label: 9, Survival Months: 58.50, Risk: -10.5602
	--> Average Speed: 1.20s per batch
	--> Time from Last Check: 38.44s
--> Batch: 649, Loss: 0.0003, Label: 0, Survival Months: 0.83, Risk: -10.1752
	--> Average Speed: 0.83s per batch
	--> Time from Last Check: 26.42s
--> Batch: 699, Loss: 0.0108, Label: 11, Survival Months: 73.17, Risk: -8.6951
	--> Average Speed: 0.91s per batch
	--> Time from Last Check: 29.01s
[04/01/2025 - 16:46:38] - Epoch: 4, lr: 0.00010000, train_loss: 0.3178, train_c_index: 0.7104
[04/01/2025 - 16:48:27] - Epoch: 4, val_loss: 0.3251, val_c_index: 0.3792
[04/01/2025 - 16:48:27] - Time elapsed for epoch 4: 536s
[04/01/2025 - 16:48:27] - Epoch: 5
--> Batch: 49, Loss: 0.0213, Label: 6, Survival Months: 42.92, Risk: -2.7324
	--> Average Speed: 1.06s per batch
	--> Time from Last Check: 33.95s
--> Batch: 99, Loss: 0.0049, Label: 3, Survival Months: 30.92, Risk: -6.6028
	--> Average Speed: 1.16s per batch
	--> Time from Last Check: 37.25s
--> Batch: 149, Loss: 0.0177, Label: 18, Survival Months: 268.83, Risk: -14.5997
	--> Average Speed: 0.82s per batch
	--> Time from Last Check: 26.35s
--> Batch: 199, Loss: 0.0068, Label: 17, Survival Months: 206.42, Risk: -16.3475
	--> Average Speed: 0.74s per batch
	--> Time from Last Check: 23.60s
--> Batch: 249, Loss: 0.0008, Label: 6, Survival Months: 43.33, Risk: -14.3192
	--> Average Speed: 0.78s per batch
	--> Time from Last Check: 24.94s
--> Batch: 299, Loss: 0.0018, Label: 1, Survival Months: 4.92, Risk: -8.4011
	--> Average Speed: 1.12s per batch
	--> Time from Last Check: 35.90s
--> Batch: 349, Loss: 0.0008, Label: 5, Survival Months: 38.58, Risk: -14.2950
	--> Average Speed: 1.05s per batch
	--> Time from Last Check: 33.60s
--> Batch: 399, Loss: 0.0105, Label: 16, Survival Months: 163.83, Risk: -13.8838
	--> Average Speed: 1.05s per batch
	--> Time from Last Check: 33.66s
--> Batch: 449, Loss: 0.0008, Label: 5, Survival Months: 35.50, Risk: -13.8733
	--> Average Speed: 0.74s per batch
	--> Time from Last Check: 23.68s
--> Batch: 499, Loss: 0.0062, Label: 12, Survival Months: 93.25, Risk: -11.6040
	--> Average Speed: 0.94s per batch
	--> Time from Last Check: 30.06s
--> Batch: 549, Loss: 0.0041, Label: 13, Survival Months: 101.58, Risk: -13.3131
	--> Average Speed: 0.53s per batch
	--> Time from Last Check: 16.83s
--> Batch: 599, Loss: 0.0177, Label: 6, Survival Months: 43.83, Risk: -3.2686
	--> Average Speed: 1.48s per batch
	--> Time from Last Check: 47.32s
--> Batch: 649, Loss: 0.0004, Label: 1, Survival Months: 14.83, Risk: -13.0671
	--> Average Speed: 0.84s per batch
	--> Time from Last Check: 27.04s
--> Batch: 699, Loss: 0.0001, Label: 0, Survival Months: 4.25, Risk: -13.7120
	--> Average Speed: 0.66s per batch
	--> Time from Last Check: 21.05s
[04/01/2025 - 16:55:35] - Epoch: 5, lr: 0.00010000, train_loss: 0.3090, train_c_index: 0.6962
