Environment conda activated
Job 2505424 started

#################### [10/01/2025 - 03:02:34] - MCAT started ####################
HOSTNAME: gervasoni

WANDB: setting up for report

CUDA: available
--> Device count: 1
--> Using device: Quadro RTX 5000
--> Running on CUDA

DATASET: Loading data
--> Remaining samples after removing incomplete: 1039
--> Class intervals: [
	0: [0.00 - 2.57]
	1: [2.57 - 17.70]
	2: [17.70 - 26.37]
	3: [26.37 - 31.25]
	4: [31.25 - 34.71]
	5: [34.71 - 38.03]
	6: [38.03 - 42.94]
	7: [42.94 - 47.45]
	8: [47.45 - 51.69]
	9: [51.69 - 58.17]
	10: [58.17 - 67.10]
	11: [67.10 - 79.80]
	12: [79.80 - 88.56]
	13: [88.56 - 102.25]
	14: [102.25 - 120.62]
	15: [120.62 - 141.88]
	16: [141.88 - 174.40]
	17: [174.40 - 205.88]
	18: [205.88 - 263.29]
	19: [263.29 - 593.83]
    ]
--> Standardizing RNA-seq data
--> Standardizing Methylation Islands beta values
--> Gene Expression Signatures size: [19938]
--> Methylation Signatures size: [4522]
--> Using 80% training, 20% validation
--> Training Set: [831], Testing Set: [208]

MODEL: MCAT
--> Trainable parameters of MCAT: 9362966
--> Loss function: CrossEntropySurvivalLoss
--> Optimizer: adam

################## [10/01/2025 - 03:03:05] - Training started ##################
[10/01/2025 - 03:03:05] - Epoch: 1
--> Batch: 49, Loss: 0.4180, Label: 2, Survival Months: 18.50, Risk: -0.9851
	--> Average Speed: 0.07s per batch
	--> Time from Last Check: 2.21s
--> Batch: 99, Loss: 9.8266, Label: 17, Survival Months: 174.75, Risk: -0.9873
	--> Average Speed: 0.05s per batch
	--> Time from Last Check: 1.49s
--> Batch: 149, Loss: 0.2647, Label: 1, Survival Months: 7.50, Risk: -1.0643
	--> Average Speed: 0.05s per batch
	--> Time from Last Check: 1.47s
--> Batch: 199, Loss: 0.8040, Label: 5, Survival Months: 35.33, Risk: -1.0499
	--> Average Speed: 0.05s per batch
	--> Time from Last Check: 1.47s
--> Batch: 249, Loss: 0.1396, Label: 0, Survival Months: 0.92, Risk: -1.0239
	--> Average Speed: 0.05s per batch
	--> Time from Last Check: 1.48s
--> Batch: 299, Loss: 0.4009, Label: 2, Survival Months: 24.42, Risk: -1.0518
	--> Average Speed: 0.05s per batch
	--> Time from Last Check: 1.46s
--> Batch: 349, Loss: 0.4002, Label: 2, Survival Months: 18.75, Risk: -1.0474
	--> Average Speed: 0.05s per batch
	--> Time from Last Check: 1.46s
--> Batch: 399, Loss: 2.3930, Label: 17, Survival Months: 201.67, Risk: -1.0701
	--> Average Speed: 0.05s per batch
	--> Time from Last Check: 1.50s
--> Batch: 449, Loss: 2.0890, Label: 15, Survival Months: 134.50, Risk: -1.1456
	--> Average Speed: 0.05s per batch
	--> Time from Last Check: 1.51s
--> Batch: 499, Loss: 0.7808, Label: 5, Survival Months: 35.67, Risk: -1.0915
	--> Average Speed: 0.05s per batch
	--> Time from Last Check: 1.49s
--> Batch: 549, Loss: 0.7394, Label: 5, Survival Months: 36.75, Risk: -1.1755
	--> Average Speed: 0.05s per batch
	--> Time from Last Check: 1.45s
--> Batch: 599, Loss: 1.8011, Label: 13, Survival Months: 100.83, Risk: -1.1472
	--> Average Speed: 0.05s per batch
	--> Time from Last Check: 1.46s
--> Batch: 649, Loss: 1.0877, Label: 8, Survival Months: 47.92, Risk: -1.1946
	--> Average Speed: 0.05s per batch
	--> Time from Last Check: 1.49s
--> Batch: 699, Loss: 1.7682, Label: 13, Survival Months: 101.67, Risk: -1.1859
	--> Average Speed: 0.05s per batch
	--> Time from Last Check: 1.47s
--> Batch: 749, Loss: 1.0738, Label: 8, Survival Months: 48.08, Risk: -1.2384
	--> Average Speed: 0.05s per batch
	--> Time from Last Check: 1.45s
--> Batch: 799, Loss: 1.3334, Label: 10, Survival Months: 65.75, Risk: -1.2825
	--> Average Speed: 0.04s per batch
	--> Time from Last Check: 1.44s
[10/01/2025 - 03:03:31] - Epoch: 1, lr: 0.00010000, training_loss: 1.9224, training_c_index: 0.5516
[10/01/2025 - 03:03:32] - Epoch: 1, validation_loss: 1.9528, validation_c_index: 0.5942
--> New BEST Validation Score: 0.3989, validation_loss: 1.9528, validation_c_index: 0.5942
--> Current BEST Score: 0.3989
	--> validation_loss: 1.9528
	--> best validation_c_index: 0.5942
[10/01/2025 - 03:03:32] - Time elapsed for epoch 1: 27s
[10/01/2025 - 03:03:32] - Epoch: 2
--> Batch: 49, Loss: 2.2535, Label: 17, Survival Months: 197.67, Risk: -1.2444
	--> Average Speed: 0.05s per batch
	--> Time from Last Check: 1.61s
--> Batch: 99, Loss: 1.8199, Label: 14, Survival Months: 110.42, Risk: -1.3119
	--> Average Speed: 0.05s per batch
	--> Time from Last Check: 1.45s
--> Batch: 149, Loss: 2.4276, Label: 19, Survival Months: 438.42, Risk: -1.3829
	--> Average Speed: 0.05s per batch
	--> Time from Last Check: 1.49s
--> Batch: 199, Loss: 1.5346, Label: 13, Survival Months: 96.92, Risk: -1.4921
	--> Average Speed: 0.05s per batch
	--> Time from Last Check: 1.50s
--> Batch: 249, Loss: 1.9494, Label: 15, Survival Months: 126.58, Risk: -1.3103
	--> Average Speed: 0.05s per batch
	--> Time from Last Check: 1.50s
--> Batch: 299, Loss: 0.8652, Label: 7, Survival Months: 45.92, Risk: -1.4323
	--> Average Speed: 0.05s per batch
	--> Time from Last Check: 1.50s
--> Batch: 349, Loss: 0.8304, Label: 7, Survival Months: 43.25, Risk: -1.5522
	--> Average Speed: 0.05s per batch
	--> Time from Last Check: 1.46s
--> Batch: 399, Loss: 1.1767, Label: 10, Survival Months: 65.25, Risk: -1.5155
	--> Average Speed: 0.04s per batch
	--> Time from Last Check: 1.42s
--> Batch: 449, Loss: 1.8126, Label: 15, Survival Months: 123.75, Risk: -1.5107
	--> Average Speed: 0.05s per batch
	--> Time from Last Check: 1.50s
--> Batch: 499, Loss: 0.6066, Label: 5, Survival Months: 36.67, Risk: -1.5679
	--> Average Speed: 0.05s per batch
	--> Time from Last Check: 1.51s
--> Batch: 549, Loss: 4.0464, Label: 9, Survival Months: 53.25, Risk: -1.7058
	--> Average Speed: 0.05s per batch
	--> Time from Last Check: 1.45s
--> Batch: 599, Loss: 0.4790, Label: 4, Survival Months: 33.00, Risk: -1.6888
	--> Average Speed: 0.05s per batch
	--> Time from Last Check: 1.48s
--> Batch: 649, Loss: 1.3081, Label: 13, Survival Months: 89.92, Risk: -2.0032
	--> Average Speed: 0.05s per batch
	--> Time from Last Check: 1.52s
--> Batch: 699, Loss: 1.7393, Label: 16, Survival Months: 170.08, Risk: -1.8636
	--> Average Speed: 0.05s per batch
	--> Time from Last Check: 1.50s
--> Batch: 749, Loss: 2.0212, Label: 19, Survival Months: 478.25, Risk: -2.1183
	--> Average Speed: 0.05s per batch
	--> Time from Last Check: 1.49s
--> Batch: 799, Loss: 0.7905, Label: 9, Survival Months: 53.33, Risk: -2.3592
	--> Average Speed: 0.05s per batch
	--> Time from Last Check: 1.47s
[10/01/2025 - 03:03:57] - Epoch: 2, lr: 0.00009000, training_loss: 1.5965, training_c_index: 0.5482
[10/01/2025 - 03:03:59] - Epoch: 2, validation_loss: 1.3757, validation_c_index: 0.5703
--> New BEST Validation Score: 0.4327, validation_loss: 1.3757, validation_c_index: 0.5703
--> Current BEST Score: 0.4327
	--> validation_loss: 1.3757
	--> best validation_c_index: 0.5703
[10/01/2025 - 03:03:59] - Time elapsed for epoch 2: 27s
[10/01/2025 - 03:03:59] - Epoch: 3
--> Batch: 49, Loss: 0.4206, Label: 5, Survival Months: 37.25, Risk: -2.4372
	--> Average Speed: 0.03s per batch
	--> Time from Last Check: 1.01s
--> Batch: 99, Loss: 0.3706, Label: 4, Survival Months: 33.00, Risk: -2.3022
	--> Average Speed: 0.03s per batch
	--> Time from Last Check: 0.83s
--> Batch: 149, Loss: 0.1459, Label: 1, Survival Months: 8.00, Risk: -2.1844
	--> Average Speed: 0.03s per batch
	--> Time from Last Check: 0.85s
--> Batch: 199, Loss: 1.3341, Label: 15, Survival Months: 134.67, Risk: -2.6509
	--> Average Speed: 0.03s per batch
	--> Time from Last Check: 0.87s
--> Batch: 249, Loss: 0.0553, Label: 0, Survival Months: 2.50, Risk: -2.5516
	--> Average Speed: 0.03s per batch
	--> Time from Last Check: 0.90s
--> Batch: 299, Loss: 0.3841, Label: 6, Survival Months: 41.75, Risk: -3.1252
	--> Average Speed: 0.02s per batch
	--> Time from Last Check: 0.68s
--> Batch: 349, Loss: 0.0936, Label: 1, Survival Months: 4.33, Risk: -3.2405
	--> Average Speed: 0.03s per batch
	--> Time from Last Check: 0.81s
--> Batch: 399, Loss: 1.6263, Label: 19, Survival Months: 268.83, Risk: -3.1457
	--> Average Speed: 0.03s per batch
	--> Time from Last Check: 0.88s
--> Batch: 449, Loss: 0.4201, Label: 8, Survival Months: 50.00, Risk: -4.0065
	--> Average Speed: 0.03s per batch
	--> Time from Last Check: 0.88s
--> Batch: 499, Loss: 0.2807, Label: 6, Survival Months: 40.75, Risk: -4.0996
	--> Average Speed: 0.03s per batch
	--> Time from Last Check: 0.81s
--> Batch: 549, Loss: 0.2127, Label: 5, Survival Months: 36.58, Risk: -4.5487
	--> Average Speed: 0.03s per batch
	--> Time from Last Check: 0.85s
--> Batch: 599, Loss: 0.1295, Label: 3, Survival Months: 27.17, Risk: -4.4078
	--> Average Speed: 0.03s per batch
	--> Time from Last Check: 0.89s
--> Batch: 649, Loss: 0.1448, Label: 3, Survival Months: 28.00, Risk: -4.0813
	--> Average Speed: 0.04s per batch
	--> Time from Last Check: 1.18s
--> Batch: 699, Loss: 0.0550, Label: 1, Survival Months: 10.33, Risk: -4.8136
	--> Average Speed: 0.05s per batch
	--> Time from Last Check: 1.50s
--> Batch: 749, Loss: 0.9130, Label: 17, Survival Months: 191.50, Risk: -5.4962
	--> Average Speed: 0.05s per batch
	--> Time from Last Check: 1.52s
--> Batch: 799, Loss: 2.6896, Label: 14, Survival Months: 106.00, Risk: -6.1460
	--> Average Speed: 0.05s per batch
	--> Time from Last Check: 1.48s
[10/01/2025 - 03:04:16] - Epoch: 3, lr: 0.00008100, training_loss: 1.0070, training_c_index: 0.5229
[10/01/2025 - 03:04:17] - Epoch: 3, validation_loss: 0.7154, validation_c_index: 0.5317
--> New BEST Validation Score: 0.4601, validation_loss: 0.7154, validation_c_index: 0.5317
--> Current BEST Score: 0.4601
	--> validation_loss: 0.7154
	--> best validation_c_index: 0.5317
[10/01/2025 - 03:04:18] - Time elapsed for epoch 3: 19s
[10/01/2025 - 03:04:18] - Epoch: 4
--> Batch: 49, Loss: 0.2438, Label: 8, Survival Months: 50.00, Risk: -6.2041
	--> Average Speed: 0.05s per batch
	--> Time from Last Check: 1.61s
--> Batch: 99, Loss: 0.5915, Label: 14, Survival Months: 110.42, Risk: -6.4485
	--> Average Speed: 0.05s per batch
	--> Time from Last Check: 1.49s
--> Batch: 149, Loss: 0.0285, Label: 1, Survival Months: 5.33, Risk: -7.1943
	--> Average Speed: 0.05s per batch
	--> Time from Last Check: 1.48s
--> Batch: 199, Loss: 0.7579, Label: 16, Survival Months: 166.33, Risk: -6.0677
	--> Average Speed: 0.05s per batch
	--> Time from Last Check: 1.49s
--> Batch: 249, Loss: 0.0479, Label: 3, Survival Months: 26.83, Risk: -7.6954
	--> Average Speed: 0.05s per batch
	--> Time from Last Check: 1.48s
--> Batch: 299, Loss: 0.0958, Label: 5, Survival Months: 35.08, Risk: -7.5818
	--> Average Speed: 0.05s per batch
	--> Time from Last Check: 1.47s
--> Batch: 349, Loss: 0.7866, Label: 19, Survival Months: 346.58, Risk: -8.2943
	--> Average Speed: 0.04s per batch
	--> Time from Last Check: 1.42s
--> Batch: 399, Loss: 0.3712, Label: 14, Survival Months: 102.83, Risk: -8.9989
	--> Average Speed: 0.05s per batch
	--> Time from Last Check: 1.46s
--> Batch: 449, Loss: 0.5976, Label: 19, Survival Months: 275.58, Risk: -10.7109
	--> Average Speed: 0.05s per batch
	--> Time from Last Check: 1.46s
--> Batch: 499, Loss: 0.0044, Label: 0, Survival Months: 0.83, Risk: -9.9087
	--> Average Speed: 0.05s per batch
	--> Time from Last Check: 1.51s
--> Batch: 549, Loss: 0.6616, Label: 19, Survival Months: 352.75, Risk: -9.7947
	--> Average Speed: 0.05s per batch
	--> Time from Last Check: 1.48s
--> Batch: 599, Loss: 0.3715, Label: 15, Survival Months: 140.25, Risk: -9.7813
	--> Average Speed: 0.05s per batch
	--> Time from Last Check: 1.49s
--> Batch: 649, Loss: 0.0044, Label: 0, Survival Months: 0.00, Risk: -10.6717
	--> Average Speed: 0.05s per batch
	--> Time from Last Check: 1.54s
--> Batch: 699, Loss: 0.1066, Label: 9, Survival Months: 52.50, Risk: -10.7476
	--> Average Speed: 0.05s per batch
	--> Time from Last Check: 1.47s
--> Batch: 749, Loss: 3.0940, Label: 8, Survival Months: 51.33, Risk: -12.3818
	--> Average Speed: 0.05s per batch
	--> Time from Last Check: 1.48s
--> Batch: 799, Loss: 0.0650, Label: 7, Survival Months: 44.17, Risk: -11.2145
	--> Average Speed: 0.05s per batch
	--> Time from Last Check: 1.45s
[10/01/2025 - 03:04:43] - Epoch: 4, lr: 0.00007290, training_loss: 0.5083, training_c_index: 0.5472
[10/01/2025 - 03:04:44] - Epoch: 4, validation_loss: 0.4900, validation_c_index: 0.5090
--> No improvement in validation_loss or validation_c_index for 1 epoch(s)
--> Current BEST Score: 0.4601
	--> validation_loss: 0.7154
	--> best validation_c_index: 0.5317
[10/01/2025 - 03:04:44] - Time elapsed for epoch 4: 26s
[10/01/2025 - 03:04:44] - Epoch: 5
--> Batch: 49, Loss: 0.1419, Label: 13, Survival Months: 101.67, Risk: -12.2957
	--> Average Speed: 0.04s per batch
	--> Time from Last Check: 1.35s
--> Batch: 99, Loss: 0.0656, Label: 8, Survival Months: 50.92, Risk: -11.7524
	--> Average Speed: 0.05s per batch
	--> Time from Last Check: 1.51s
--> Batch: 149, Loss: 0.0484, Label: 7, Survival Months: 45.58, Risk: -12.5654
	--> Average Speed: 0.05s per batch
	--> Time from Last Check: 1.45s
--> Batch: 199, Loss: 0.1179, Label: 13, Survival Months: 93.25, Risk: -13.1343
	--> Average Speed: 0.05s per batch
	--> Time from Last Check: 1.47s
--> Batch: 249, Loss: 2.4495, Label: 15, Survival Months: 139.42, Risk: -14.4037
	--> Average Speed: 0.05s per batch
	--> Time from Last Check: 1.50s
--> Batch: 299, Loss: 3.0185, Label: 4, Survival Months: 32.08, Risk: -12.8411
	--> Average Speed: 0.05s per batch
	--> Time from Last Check: 1.47s
--> Batch: 349, Loss: 0.0075, Label: 2, Survival Months: 17.75, Risk: -14.1160
	--> Average Speed: 0.05s per batch
	--> Time from Last Check: 1.51s
--> Batch: 399, Loss: 0.2922, Label: 18, Survival Months: 251.83, Risk: -14.0727
	--> Average Speed: 0.05s per batch
	--> Time from Last Check: 1.48s
--> Batch: 449, Loss: 0.0106, Label: 5, Survival Months: 36.75, Risk: -15.2741
	--> Average Speed: 0.05s per batch
	--> Time from Last Check: 1.46s
--> Batch: 499, Loss: 0.0172, Label: 6, Survival Months: 39.33, Risk: -14.3096
	--> Average Speed: 0.05s per batch
	--> Time from Last Check: 1.49s
--> Batch: 549, Loss: 0.0454, Label: 11, Survival Months: 79.33, Risk: -15.1857
	--> Average Speed: 0.05s per batch
	--> Time from Last Check: 1.47s
--> Batch: 599, Loss: 2.8925, Label: 17, Survival Months: 174.75, Risk: -15.2589
	--> Average Speed: 0.05s per batch
	--> Time from Last Check: 1.48s
--> Batch: 649, Loss: 0.1327, Label: 16, Survival Months: 144.00, Risk: -15.0293
	--> Average Speed: 0.05s per batch
	--> Time from Last Check: 1.48s
--> Batch: 699, Loss: 0.0054, Label: 2, Survival Months: 25.75, Risk: -15.2875
	--> Average Speed: 0.05s per batch
	--> Time from Last Check: 1.48s
--> Batch: 749, Loss: 0.0036, Label: 1, Survival Months: 8.17, Risk: -15.3055
	--> Average Speed: 0.05s per batch
	--> Time from Last Check: 1.48s
--> Batch: 799, Loss: 0.0079, Label: 3, Survival Months: 27.83, Risk: -15.1709
	--> Average Speed: 0.05s per batch
	--> Time from Last Check: 1.45s
[10/01/2025 - 03:05:09] - Epoch: 5, lr: 0.00006561, training_loss: 0.3914, training_c_index: 0.4703
[10/01/2025 - 03:05:10] - Epoch: 5, validation_loss: 0.4965, validation_c_index: 0.5025
--> No improvement in validation_loss or validation_c_index for 2 epoch(s)
--> Current BEST Score: 0.4601
	--> validation_loss: 0.7154
	--> best validation_c_index: 0.5317
[10/01/2025 - 03:05:10] - Time elapsed for epoch 5: 26s
[10/01/2025 - 03:05:10] - Epoch: 6
--> Batch: 49, Loss: 0.0096, Label: 4, Survival Months: 33.00, Risk: -15.5126
	--> Average Speed: 0.05s per batch
	--> Time from Last Check: 1.65s
--> Batch: 99, Loss: 0.0103, Label: 5, Survival Months: 34.75, Risk: -15.6053
	--> Average Speed: 0.05s per batch
	--> Time from Last Check: 1.46s
--> Batch: 149, Loss: 0.1410, Label: 16, Survival Months: 148.33, Risk: -14.7355
	--> Average Speed: 0.05s per batch
	--> Time from Last Check: 1.44s
--> Batch: 199, Loss: 0.0544, Label: 11, Survival Months: 68.50, Risk: -14.7283
	--> Average Speed: 0.05s per batch
	--> Time from Last Check: 1.47s
--> Batch: 249, Loss: 0.0181, Label: 8, Survival Months: 50.92, Risk: -15.9528
	--> Average Speed: 0.05s per batch
	--> Time from Last Check: 1.48s
--> Batch: 299, Loss: 0.0490, Label: 11, Survival Months: 75.67, Risk: -15.1540
	--> Average Speed: 0.05s per batch
	--> Time from Last Check: 1.49s
--> Batch: 349, Loss: 0.0871, Label: 15, Survival Months: 126.58, Risk: -15.7503
	--> Average Speed: 0.05s per batch
	--> Time from Last Check: 1.52s
--> Batch: 399, Loss: 0.0027, Label: 1, Survival Months: 6.50, Risk: -16.2915
	--> Average Speed: 0.05s per batch
	--> Time from Last Check: 1.47s
--> Batch: 449, Loss: 0.0193, Label: 8, Survival Months: 51.67, Risk: -15.9016
	--> Average Speed: 0.05s per batch
	--> Time from Last Check: 1.45s
--> Batch: 499, Loss: 0.0394, Label: 12, Survival Months: 84.17, Risk: -16.1290
	--> Average Speed: 0.05s per batch
	--> Time from Last Check: 1.50s
--> Batch: 549, Loss: 3.1747, Label: 12, Survival Months: 82.58, Risk: -15.8319
	--> Average Speed: 0.05s per batch
	--> Time from Last Check: 1.49s
--> Batch: 599, Loss: 1.2867, Label: 18, Survival Months: 233.17, Risk: -15.7064
	--> Average Speed: 0.04s per batch
	--> Time from Last Check: 1.44s
--> Batch: 649, Loss: 0.0013, Label: 0, Survival Months: 2.50, Risk: -15.6516
	--> Average Speed: 0.05s per batch
	--> Time from Last Check: 1.48s
--> Batch: 699, Loss: 0.0249, Label: 8, Survival Months: 49.25, Risk: -15.3475
	--> Average Speed: 0.05s per batch
	--> Time from Last Check: 1.50s
--> Batch: 749, Loss: 0.0252, Label: 9, Survival Months: 56.25, Risk: -15.8043
	--> Average Speed: 0.05s per batch
	--> Time from Last Check: 1.48s
--> Batch: 799, Loss: 0.0195, Label: 7, Survival Months: 43.17, Risk: -15.5110
	--> Average Speed: 0.05s per batch
	--> Time from Last Check: 1.45s
[10/01/2025 - 03:05:35] - Epoch: 6, lr: 0.00005905, training_loss: 0.3834, training_c_index: 0.5166
[10/01/2025 - 03:05:36] - Epoch: 6, validation_loss: 0.4983, validation_c_index: 0.4763
--> No improvement in validation_loss or validation_c_index for 3 epoch(s)
--> Current BEST Score: 0.4601
	--> validation_loss: 0.7154
	--> best validation_c_index: 0.5317
[10/01/2025 - 03:05:36] - Time elapsed for epoch 6: 26s
[10/01/2025 - 03:05:36] - Epoch: 7
--> Batch: 49, Loss: 0.0143, Label: 7, Survival Months: 43.25, Risk: -16.1449
	--> Average Speed: 0.05s per batch
	--> Time from Last Check: 1.57s
--> Batch: 99, Loss: 0.0912, Label: 17, Survival Months: 197.08, Risk: -16.4979
	--> Average Speed: 0.05s per batch
	--> Time from Last Check: 1.47s
--> Batch: 149, Loss: 0.0447, Label: 11, Survival Months: 73.58, Risk: -15.2925
	--> Average Speed: 0.05s per batch
	--> Time from Last Check: 1.46s
--> Batch: 199, Loss: 0.0232, Label: 9, Survival Months: 53.58, Risk: -15.8892
	--> Average Speed: 0.05s per batch
	--> Time from Last Check: 1.46s
--> Batch: 249, Loss: 0.0012, Label: 0, Survival Months: 0.00, Risk: -15.8125
	--> Average Speed: 0.05s per batch
	--> Time from Last Check: 1.46s
--> Batch: 299, Loss: 0.0107, Label: 6, Survival Months: 42.92, Risk: -15.9388
	--> Average Speed: 0.05s per batch
	--> Time from Last Check: 1.50s
--> Batch: 349, Loss: 0.0550, Label: 11, Survival Months: 72.25, Risk: -14.8086
	--> Average Speed: 0.05s per batch
	--> Time from Last Check: 1.52s
--> Batch: 399, Loss: 0.0354, Label: 11, Survival Months: 78.58, Risk: -15.8931
	--> Average Speed: 0.05s per batch
	--> Time from Last Check: 1.52s
--> Batch: 449, Loss: 0.0322, Label: 10, Survival Months: 62.25, Risk: -15.6853
	--> Average Speed: 0.05s per batch
	--> Time from Last Check: 1.56s
--> Batch: 499, Loss: 1.3722, Label: 18, Survival Months: 210.00, Risk: -14.7191
	--> Average Speed: 0.05s per batch
	--> Time from Last Check: 1.53s
--> Batch: 549, Loss: 0.0903, Label: 16, Survival Months: 164.33, Risk: -16.0823
	--> Average Speed: 0.05s per batch
	--> Time from Last Check: 1.51s
--> Batch: 599, Loss: 0.0170, Label: 7, Survival Months: 44.17, Risk: -15.6997
	--> Average Speed: 0.05s per batch
	--> Time from Last Check: 1.50s
--> Batch: 649, Loss: 0.0551, Label: 12, Survival Months: 80.42, Risk: -15.1970
	--> Average Speed: 0.05s per batch
	--> Time from Last Check: 1.48s
--> Batch: 699, Loss: 0.0107, Label: 4, Survival Months: 32.92, Risk: -15.5059
	--> Average Speed: 0.05s per batch
	--> Time from Last Check: 1.50s
--> Batch: 749, Loss: 0.0025, Label: 0, Survival Months: 2.50, Risk: -14.5084
	--> Average Speed: 0.05s per batch
	--> Time from Last Check: 1.45s
--> Batch: 799, Loss: 0.0276, Label: 7, Survival Months: 46.00, Risk: -14.6046
	--> Average Speed: 0.04s per batch
	--> Time from Last Check: 1.42s
[10/01/2025 - 03:06:02] - Epoch: 7, lr: 0.00005314, training_loss: 0.3762, training_c_index: 0.5036
[10/01/2025 - 03:06:03] - Epoch: 7, validation_loss: 0.4838, validation_c_index: 0.4645
--> No improvement in validation_loss or validation_c_index for 4 epoch(s)
--> Current BEST Score: 0.4601
	--> validation_loss: 0.7154
	--> best validation_c_index: 0.5317
[10/01/2025 - 03:06:03] - Time elapsed for epoch 7: 26s
[10/01/2025 - 03:06:03] - Epoch: 8
--> Batch: 49, Loss: 0.0258, Label: 8, Survival Months: 48.67, Risk: -15.1566
	--> Average Speed: 0.04s per batch
	--> Time from Last Check: 1.39s
--> Batch: 99, Loss: 0.1299, Label: 15, Survival Months: 126.58, Risk: -14.2877
	--> Average Speed: 0.05s per batch
	--> Time from Last Check: 1.49s
--> Batch: 149, Loss: 0.0672, Label: 13, Survival Months: 100.67, Risk: -14.9384
	--> Average Speed: 0.05s per batch
	--> Time from Last Check: 1.45s
--> Batch: 199, Loss: 0.0089, Label: 3, Survival Months: 27.83, Risk: -15.3606
	--> Average Speed: 0.04s per batch
	--> Time from Last Check: 1.41s
--> Batch: 249, Loss: 0.0105, Label: 3, Survival Months: 30.42, Risk: -14.9890
	--> Average Speed: 0.05s per batch
	--> Time from Last Check: 1.45s
--> Batch: 299, Loss: 0.0875, Label: 12, Survival Months: 88.50, Risk: -13.7274
	--> Average Speed: 0.05s per batch
	--> Time from Last Check: 1.48s
--> Batch: 349, Loss: 0.0371, Label: 8, Survival Months: 50.67, Risk: -14.2443
	--> Average Speed: 0.05s per batch
	--> Time from Last Check: 1.44s
--> Batch: 399, Loss: 0.0083, Label: 1, Survival Months: 14.17, Risk: -14.2484
	--> Average Speed: 0.05s per batch
	--> Time from Last Check: 1.45s
--> Batch: 449, Loss: 0.0079, Label: 2, Survival Months: 17.75, Risk: -15.4877
	--> Average Speed: 0.05s per batch
	--> Time from Last Check: 1.47s
--> Batch: 499, Loss: 0.0678, Label: 14, Survival Months: 119.50, Risk: -15.7015
	--> Average Speed: 0.05s per batch
	--> Time from Last Check: 1.49s
--> Batch: 549, Loss: 0.0562, Label: 11, Survival Months: 74.58, Risk: -14.7281
	--> Average Speed: 0.05s per batch
	--> Time from Last Check: 1.48s
--> Batch: 599, Loss: 0.1343, Label: 16, Survival Months: 172.83, Risk: -14.7067
	--> Average Speed: 0.05s per batch
	--> Time from Last Check: 1.45s
--> Batch: 649, Loss: 0.4057, Label: 19, Survival Months: 410.75, Risk: -14.3388
	--> Average Speed: 0.05s per batch
	--> Time from Last Check: 1.45s
--> Batch: 699, Loss: 0.0376, Label: 10, Survival Months: 63.67, Risk: -15.2479
	--> Average Speed: 0.05s per batch
	--> Time from Last Check: 1.46s
--> Batch: 749, Loss: 0.0160, Label: 6, Survival Months: 41.75, Risk: -15.0143
	--> Average Speed: 0.05s per batch
	--> Time from Last Check: 1.48s
--> Batch: 799, Loss: 0.1739, Label: 17, Survival Months: 197.08, Risk: -14.3714
	--> Average Speed: 0.05s per batch
	--> Time from Last Check: 1.46s
[10/01/2025 - 03:06:27] - Epoch: 8, lr: 0.00004783, training_loss: 0.3684, training_c_index: 0.5736
[10/01/2025 - 03:06:29] - Epoch: 8, validation_loss: 0.4726, validation_c_index: 0.4356
--> No improvement in validation_loss or validation_c_index for 5 epoch(s)
--> Current BEST Score: 0.4601
	--> validation_loss: 0.7154
	--> best validation_c_index: 0.5317
[10/01/2025 - 03:06:29] - Time elapsed for epoch 8: 26s
[10/01/2025 - 03:06:29] - Epoch: 9
--> Batch: 49, Loss: 4.6305, Label: 3, Survival Months: 29.00, Risk: -15.2070
	--> Average Speed: 0.05s per batch
	--> Time from Last Check: 1.61s
--> Batch: 99, Loss: 0.0424, Label: 10, Survival Months: 63.25, Risk: -14.9003
	--> Average Speed: 0.05s per batch
	--> Time from Last Check: 1.49s
--> Batch: 149, Loss: 0.3602, Label: 19, Survival Months: 281.17, Risk: -15.3114
	--> Average Speed: 0.04s per batch
	--> Time from Last Check: 1.44s
--> Batch: 199, Loss: 0.0334, Label: 8, Survival Months: 49.25, Risk: -14.4674
	--> Average Speed: 0.04s per batch
	--> Time from Last Check: 1.43s
--> Batch: 249, Loss: 0.0839, Label: 14, Survival Months: 110.08, Risk: -15.0254
	--> Average Speed: 0.04s per batch
	--> Time from Last Check: 1.43s
--> Batch: 299, Loss: 1.7234, Label: 19, Survival Months: 549.42, Risk: -14.7299
	--> Average Speed: 0.04s per batch
	--> Time from Last Check: 1.41s
--> Batch: 349, Loss: 2.8093, Label: 11, Survival Months: 76.00, Risk: -14.5340
	--> Average Speed: 0.04s per batch
	--> Time from Last Check: 1.39s
--> Batch: 399, Loss: 0.0191, Label: 6, Survival Months: 42.50, Risk: -14.6736
	--> Average Speed: 0.04s per batch
	--> Time from Last Check: 1.35s
--> Batch: 449, Loss: 0.1408, Label: 17, Survival Months: 190.17, Risk: -15.1854
	--> Average Speed: 0.05s per batch
	--> Time from Last Check: 1.47s
--> Batch: 499, Loss: 0.0106, Label: 1, Survival Months: 6.50, Risk: -13.7163
	--> Average Speed: 0.05s per batch
	--> Time from Last Check: 1.47s
--> Batch: 549, Loss: 0.0481, Label: 11, Survival Months: 72.92, Risk: -15.2440
	--> Average Speed: 0.05s per batch
	--> Time from Last Check: 1.50s
--> Batch: 599, Loss: 2.3950, Label: 17, Survival Months: 201.42, Risk: -14.6757
	--> Average Speed: 0.05s per batch
	--> Time from Last Check: 1.46s
--> Batch: 649, Loss: 0.0849, Label: 14, Survival Months: 102.42, Risk: -14.9838
	--> Average Speed: 0.05s per batch
	--> Time from Last Check: 1.48s
--> Batch: 699, Loss: 0.1965, Label: 17, Survival Months: 190.08, Risk: -13.8604
	--> Average Speed: 0.05s per batch
	--> Time from Last Check: 1.47s
--> Batch: 749, Loss: 0.0139, Label: 2, Survival Months: 24.50, Risk: -14.1258
	--> Average Speed: 0.05s per batch
	--> Time from Last Check: 1.50s
--> Batch: 799, Loss: 0.0155, Label: 3, Survival Months: 27.67, Risk: -14.0794
	--> Average Speed: 0.05s per batch
	--> Time from Last Check: 1.47s
[10/01/2025 - 03:06:53] - Epoch: 9, lr: 0.00004305, training_loss: 0.3653, training_c_index: 0.5946
[10/01/2025 - 03:06:55] - Epoch: 9, validation_loss: 0.4716, validation_c_index: 0.4087
--> No improvement in validation_loss or validation_c_index for 6 epoch(s)
--> Current BEST Score: 0.4601
	--> validation_loss: 0.7154
	--> best validation_c_index: 0.5317
[10/01/2025 - 03:06:55] - Time elapsed for epoch 9: 26s
[10/01/2025 - 03:06:55] - Epoch: 10
--> Batch: 49, Loss: 0.0280, Label: 6, Survival Months: 38.92, Risk: -13.4959
	--> Average Speed: 0.05s per batch
	--> Time from Last Check: 1.46s
--> Batch: 99, Loss: 0.0623, Label: 13, Survival Months: 101.75, Risk: -15.1907
	--> Average Speed: 0.05s per batch
	--> Time from Last Check: 1.51s
--> Batch: 149, Loss: 0.0823, Label: 12, Survival Months: 86.83, Risk: -13.9695
	--> Average Speed: 0.05s per batch
	--> Time from Last Check: 1.47s
--> Batch: 199, Loss: 0.0340, Label: 8, Survival Months: 51.67, Risk: -14.4508
	--> Average Speed: 0.05s per batch
	--> Time from Last Check: 1.46s
--> Batch: 249, Loss: 3.0948, Label: 13, Survival Months: 96.00, Risk: -13.9916
	--> Average Speed: 0.05s per batch
	--> Time from Last Check: 1.47s
--> Batch: 299, Loss: 0.0569, Label: 12, Survival Months: 84.08, Risk: -15.1215
	--> Average Speed: 0.05s per batch
	--> Time from Last Check: 1.50s
--> Batch: 349, Loss: 0.0428, Label: 10, Survival Months: 61.17, Risk: -14.8894
	--> Average Speed: 0.05s per batch
	--> Time from Last Check: 1.48s
--> Batch: 399, Loss: 0.0172, Label: 5, Survival Months: 35.67, Risk: -14.6151
	--> Average Speed: 0.05s per batch
	--> Time from Last Check: 1.46s
--> Batch: 449, Loss: 0.0410, Label: 10, Survival Months: 66.25, Risk: -14.9095
	--> Average Speed: 0.05s per batch
	--> Time from Last Check: 1.48s
--> Batch: 499, Loss: 0.0406, Label: 9, Survival Months: 53.33, Risk: -14.1768
	--> Average Speed: 0.05s per batch
	--> Time from Last Check: 1.47s
--> Batch: 549, Loss: 0.0476, Label: 10, Survival Months: 63.92, Risk: -14.4111
	--> Average Speed: 0.05s per batch
	--> Time from Last Check: 1.50s
--> Batch: 599, Loss: 0.0137, Label: 4, Survival Months: 32.00, Risk: -15.1045
	--> Average Speed: 0.05s per batch
	--> Time from Last Check: 1.44s
--> Batch: 649, Loss: 0.0471, Label: 11, Survival Months: 74.17, Risk: -15.2660
	--> Average Speed: 0.05s per batch
	--> Time from Last Check: 1.47s
--> Batch: 699, Loss: 0.0146, Label: 2, Survival Months: 20.17, Risk: -14.1335
	--> Average Speed: 0.05s per batch
	--> Time from Last Check: 1.46s
--> Batch: 749, Loss: 0.1183, Label: 15, Survival Months: 134.67, Risk: -14.5841
	--> Average Speed: 0.05s per batch
	--> Time from Last Check: 1.52s
--> Batch: 799, Loss: 3.7506, Label: 2, Survival Months: 18.67, Risk: -14.7646
	--> Average Speed: 0.05s per batch
	--> Time from Last Check: 1.47s
[10/01/2025 - 03:07:20] - Epoch: 10, lr: 0.00003874, training_loss: 0.3635, training_c_index: 0.6158
[10/01/2025 - 03:07:21] - Epoch: 10, validation_loss: 0.4723, validation_c_index: 0.3852
--> No improvement in validation_loss or validation_c_index for 7 epoch(s)
--> Current BEST Score: 0.4601
	--> validation_loss: 0.7154
	--> best validation_c_index: 0.5317
--> Early stopping triggered after 7 epochs without improvement
[10/01/2025 - 03:07:21] - Restoring best model from epoch 3

################# [10/01/2025 - 03:07:21] - Training completed #################

################# [10/01/2025 - 03:07:21] - Validation started #################
[10/01/2025 - 03:07:23] - Final Validation, validation_loss: 0.7154, validation_c_index: 0.5317
[10/01/2025 - 03:07:23] - Time elapsed for Validation: 1s

################ [10/01/2025 - 03:07:23] - Validation completed ################

################## [10/01/2025 - 03:07:25] - MCAT terminated ###################
