Environment conda activated
Job 2503900 started

#################### [07/01/2025 - 02:01:38] - MCAT started ####################
HOSTNAME: germano

WANDB: setting up for report

CUDA: available
--> Device count: 1
--> Using device: NVIDIA GeForce RTX 2080 Ti
--> Running on CUDA

DATASET: Loading data
--> Remaining samples after removing incomplete: 742
--> Class intervals: [
	0: [0.00 - 9.68]
	1: [9.68 - 24.60]
	2: [24.60 - 30.34]
	3: [30.34 - 33.52]
	4: [33.52 - 36.60]
	5: [36.60 - 39.75]
	6: [39.75 - 43.45]
	7: [43.45 - 47.78]
	8: [47.78 - 51.67]
	9: [51.67 - 56.66]
	10: [56.66 - 66.00]
	11: [66.00 - 78.32]
	12: [78.32 - 89.10]
	13: [89.10 - 102.75]
	14: [102.75 - 122.04]
	15: [122.04 - 143.07]
	16: [143.07 - 173.40]
	17: [173.40 - 206.80]
	18: [206.80 - 268.52]
	19: [268.52 - 593.83]
    ]
--> Standardizing RNA-seq data
--> Standardizing Methylation Islands beta values
--> Gene Expression Signatures size: [19938]
--> Methylation Signatures size: [33161]
--> Using 80% training, 20% validation
--> Training Set: [593], Validation Set: [149]

MODEL: MCAT
--> Trainable parameters of MCAT: 16694550
--> Loss function: CrossEntropySurvivalLoss
--> Optimizer: adam

################## [07/01/2025 - 02:02:51] - Training started ##################
[07/01/2025 - 02:02:51] - Epoch: 1
--> Batch: 49, Loss: 0.1938, Label: 2, Survival Months: 26.83, Risk: -1.1111
	--> Average Speed: 0.06s per batch
	--> Time from Last Check: 2.04s
--> Batch: 99, Loss: 0.9133, Label: 13, Survival Months: 92.17, Risk: -1.1529
	--> Average Speed: 0.04s per batch
	--> Time from Last Check: 1.42s
--> Batch: 149, Loss: 0.4793, Label: 7, Survival Months: 46.67, Risk: -1.3643
	--> Average Speed: 0.04s per batch
	--> Time from Last Check: 1.35s
--> Batch: 199, Loss: 0.2863, Label: 4, Survival Months: 34.42, Risk: -1.3746
	--> Average Speed: 0.04s per batch
	--> Time from Last Check: 1.32s
--> Batch: 249, Loss: 0.0366, Label: 0, Survival Months: 5.83, Risk: -1.7887
	--> Average Speed: 0.04s per batch
	--> Time from Last Check: 1.39s
--> Batch: 299, Loss: 0.8260, Label: 16, Survival Months: 162.75, Risk: -2.0403
	--> Average Speed: 0.04s per batch
	--> Time from Last Check: 1.30s
--> Batch: 349, Loss: 0.1430, Label: 4, Survival Months: 34.08, Risk: -2.9525
	--> Average Speed: 0.04s per batch
	--> Time from Last Check: 1.42s
--> Batch: 399, Loss: 0.0384, Label: 2, Survival Months: 30.33, Risk: -5.5088
	--> Average Speed: 0.04s per batch
	--> Time from Last Check: 1.32s
--> Batch: 449, Loss: 0.3858, Label: 19, Survival Months: 352.75, Risk: -8.1696
	--> Average Speed: 0.04s per batch
	--> Time from Last Check: 1.36s
--> Batch: 499, Loss: 0.1748, Label: 17, Survival Months: 179.58, Risk: -11.6306
	--> Average Speed: 0.05s per batch
	--> Time from Last Check: 1.44s
--> Batch: 549, Loss: 3.2591, Label: 1, Survival Months: 14.33, Risk: -11.7021
	--> Average Speed: 0.04s per batch
	--> Time from Last Check: 1.34s
[07/01/2025 - 02:03:09] - Epoch: 1, lr: 0.00010000, train_loss: 0.9942, train_c_index: 0.4609
[07/01/2025 - 02:03:10] - Epoch: 1, val_loss: 0.2918, val_c_index: 0.5360
[07/01/2025 - 02:03:10] - Time elapsed for epoch 1: 19s
[07/01/2025 - 02:03:10] - Epoch: 2
--> Batch: 49, Loss: 0.0143, Label: 7, Survival Months: 44.83, Risk: -14.1309
	--> Average Speed: 0.05s per batch
	--> Time from Last Check: 1.62s
--> Batch: 99, Loss: 0.0385, Label: 12, Survival Months: 86.92, Risk: -14.1464
	--> Average Speed: 0.05s per batch
	--> Time from Last Check: 1.46s
--> Batch: 149, Loss: 0.0112, Label: 4, Survival Months: 35.50, Risk: -12.7068
	--> Average Speed: 0.05s per batch
	--> Time from Last Check: 1.45s
--> Batch: 199, Loss: 0.0091, Label: 2, Survival Months: 28.58, Risk: -12.0357
	--> Average Speed: 0.04s per batch
	--> Time from Last Check: 1.43s
--> Batch: 249, Loss: 0.0478, Label: 12, Survival Months: 87.25, Risk: -13.4876
	--> Average Speed: 0.05s per batch
	--> Time from Last Check: 1.44s
--> Batch: 299, Loss: 0.2608, Label: 19, Survival Months: 280.08, Risk: -12.6092
	--> Average Speed: 0.04s per batch
	--> Time from Last Check: 1.38s
--> Batch: 349, Loss: 3.3233, Label: 1, Survival Months: 14.33, Risk: -11.6860
	--> Average Speed: 0.04s per batch
	--> Time from Last Check: 1.42s
--> Batch: 399, Loss: 0.0186, Label: 7, Survival Months: 46.67, Risk: -13.0627
	--> Average Speed: 0.05s per batch
	--> Time from Last Check: 1.46s
--> Batch: 449, Loss: 0.2884, Label: 19, Survival Months: 431.33, Risk: -12.4238
	--> Average Speed: 0.04s per batch
	--> Time from Last Check: 1.43s
--> Batch: 499, Loss: 0.1576, Label: 17, Survival Months: 182.58, Risk: -12.5828
	--> Average Speed: 0.05s per batch
	--> Time from Last Check: 1.69s
--> Batch: 549, Loss: 0.1429, Label: 16, Survival Months: 157.25, Risk: -11.5050
	--> Average Speed: 0.04s per batch
	--> Time from Last Check: 1.44s
[07/01/2025 - 02:03:28] - Epoch: 2, lr: 0.00010000, train_loss: 0.3866, train_c_index: 0.5129
[07/01/2025 - 02:03:29] - Epoch: 2, val_loss: 0.2855, val_c_index: 0.5521
[07/01/2025 - 02:03:29] - Time elapsed for epoch 2: 19s
[07/01/2025 - 02:03:29] - Epoch: 3
--> Batch: 49, Loss: 0.0760, Label: 14, Survival Months: 104.25, Risk: -12.5912
	--> Average Speed: 0.05s per batch
	--> Time from Last Check: 1.66s
--> Batch: 99, Loss: 0.2489, Label: 19, Survival Months: 410.75, Risk: -13.1185
	--> Average Speed: 0.05s per batch
	--> Time from Last Check: 1.49s
--> Batch: 149, Loss: 0.0121, Label: 2, Survival Months: 28.92, Risk: -13.1351
	--> Average Speed: 0.05s per batch
	--> Time from Last Check: 1.48s
--> Batch: 199, Loss: 0.0882, Label: 16, Survival Months: 148.58, Risk: -13.4195
	--> Average Speed: 0.05s per batch
	--> Time from Last Check: 1.46s
--> Batch: 249, Loss: 0.0225, Label: 7, Survival Months: 47.42, Risk: -12.8595
	--> Average Speed: 0.05s per batch
	--> Time from Last Check: 1.45s
--> Batch: 299, Loss: 3.1890, Label: 13, Survival Months: 97.83, Risk: -13.9402
	--> Average Speed: 0.04s per batch
	--> Time from Last Check: 1.36s
--> Batch: 349, Loss: 0.0390, Label: 13, Survival Months: 101.67, Risk: -13.9422
	--> Average Speed: 0.04s per batch
	--> Time from Last Check: 1.40s
--> Batch: 399, Loss: 0.0131, Label: 3, Survival Months: 31.08, Risk: -13.4752
	--> Average Speed: 0.04s per batch
	--> Time from Last Check: 1.35s
--> Batch: 449, Loss: 2.1808, Label: 19, Survival Months: 288.50, Risk: -14.4972
	--> Average Speed: 0.04s per batch
	--> Time from Last Check: 1.42s
--> Batch: 499, Loss: 0.0909, Label: 16, Survival Months: 165.67, Risk: -13.3497
	--> Average Speed: 0.04s per batch
	--> Time from Last Check: 1.43s
--> Batch: 549, Loss: 2.9296, Label: 12, Survival Months: 86.00, Risk: -14.1890
	--> Average Speed: 0.04s per batch
	--> Time from Last Check: 1.39s
[07/01/2025 - 02:03:46] - Epoch: 3, lr: 0.00010000, train_loss: 0.3650, train_c_index: 0.5974
[07/01/2025 - 02:03:47] - Epoch: 3, val_loss: 0.3077, val_c_index: 0.4993
[07/01/2025 - 02:03:47] - Time elapsed for epoch 3: 18s
[07/01/2025 - 02:03:47] - Epoch: 4
--> Batch: 49, Loss: 0.0034, Label: 0, Survival Months: 2.83, Risk: -13.5460
	--> Average Speed: 0.05s per batch
	--> Time from Last Check: 1.56s
--> Batch: 99, Loss: 0.0597, Label: 14, Survival Months: 107.33, Risk: -13.5733
	--> Average Speed: 0.04s per batch
	--> Time from Last Check: 1.41s
--> Batch: 149, Loss: 0.3605, Label: 19, Survival Months: 280.33, Risk: -9.2499
	--> Average Speed: 0.04s per batch
	--> Time from Last Check: 1.28s
--> Batch: 199, Loss: 0.0616, Label: 14, Survival Months: 118.08, Risk: -13.4271
	--> Average Speed: 0.04s per batch
	--> Time from Last Check: 1.39s
--> Batch: 249, Loss: 0.0070, Label: 1, Survival Months: 24.42, Risk: -13.1900
	--> Average Speed: 0.04s per batch
	--> Time from Last Check: 1.40s
--> Batch: 299, Loss: 1.6883, Label: 18, Survival Months: 260.50, Risk: -14.5470
	--> Average Speed: 0.04s per batch
	--> Time from Last Check: 1.34s
--> Batch: 349, Loss: 0.0770, Label: 15, Survival Months: 129.00, Risk: -13.6285
	--> Average Speed: 0.04s per batch
	--> Time from Last Check: 1.38s
--> Batch: 399, Loss: 0.1052, Label: 17, Survival Months: 179.58, Risk: -14.6909
	--> Average Speed: 0.05s per batch
	--> Time from Last Check: 1.46s
--> Batch: 449, Loss: 0.0398, Label: 13, Survival Months: 97.08, Risk: -14.0879
	--> Average Speed: 0.04s per batch
	--> Time from Last Check: 1.37s
--> Batch: 499, Loss: 0.1565, Label: 18, Survival Months: 257.58, Risk: -15.1667
	--> Average Speed: 0.04s per batch
	--> Time from Last Check: 1.32s
--> Batch: 549, Loss: 0.0109, Label: 9, Survival Months: 52.92, Risk: -15.3346
	--> Average Speed: 0.04s per batch
	--> Time from Last Check: 1.40s
[07/01/2025 - 02:04:04] - Epoch: 4, lr: 0.00010000, train_loss: 0.3421, train_c_index: 0.7872
[07/01/2025 - 02:04:05] - Epoch: 4, val_loss: 0.3489, val_c_index: 0.4567
[07/01/2025 - 02:04:05] - Time elapsed for epoch 4: 18s
[07/01/2025 - 02:04:05] - Epoch: 5
--> Batch: 49, Loss: 0.0152, Label: 10, Survival Months: 58.17, Risk: -14.9410
	--> Average Speed: 0.05s per batch
	--> Time from Last Check: 1.61s
--> Batch: 99, Loss: 2.3017, Label: 15, Survival Months: 140.67, Risk: -15.4653
	--> Average Speed: 0.05s per batch
	--> Time from Last Check: 1.45s
--> Batch: 149, Loss: 0.0209, Label: 12, Survival Months: 81.25, Risk: -15.3112
	--> Average Speed: 0.04s per batch
	--> Time from Last Check: 1.42s
--> Batch: 199, Loss: 0.0440, Label: 14, Survival Months: 109.08, Risk: -14.5404
	--> Average Speed: 0.05s per batch
	--> Time from Last Check: 1.46s
--> Batch: 249, Loss: 0.0039, Label: 1, Survival Months: 22.92, Risk: -14.9269
	--> Average Speed: 0.05s per batch
	--> Time from Last Check: 1.45s
--> Batch: 299, Loss: 0.0093, Label: 4, Survival Months: 36.58, Risk: -13.7791
	--> Average Speed: 0.05s per batch
	--> Time from Last Check: 1.46s
--> Batch: 349, Loss: 0.1522, Label: 18, Survival Months: 207.17, Risk: -15.8908
	--> Average Speed: 0.04s per batch
	--> Time from Last Check: 1.42s
--> Batch: 399, Loss: 0.0219, Label: 1, Survival Months: 23.92, Risk: -8.7868
	--> Average Speed: 0.05s per batch
	--> Time from Last Check: 1.44s
--> Batch: 449, Loss: 0.0088, Label: 5, Survival Months: 39.75, Risk: -14.0573
	--> Average Speed: 0.05s per batch
	--> Time from Last Check: 1.46s
--> Batch: 499, Loss: 0.0402, Label: 5, Survival Months: 36.75, Risk: -8.5841
	--> Average Speed: 0.04s per batch
	--> Time from Last Check: 1.44s
--> Batch: 549, Loss: 0.0707, Label: 17, Survival Months: 190.17, Risk: -16.4308
	--> Average Speed: 0.04s per batch
	--> Time from Last Check: 1.42s
[07/01/2025 - 02:04:23] - Epoch: 5, lr: 0.00010000, train_loss: 0.3199, train_c_index: 0.8480
[07/01/2025 - 02:04:24] - Epoch: 5, val_loss: 0.4083, val_c_index: 0.5184
[07/01/2025 - 02:04:24] - Time elapsed for epoch 5: 19s
[07/01/2025 - 02:04:24] - Epoch: 6
--> Batch: 49, Loss: 0.0220, Label: 13, Survival Months: 93.33, Risk: -15.4001
	--> Average Speed: 0.05s per batch
	--> Time from Last Check: 1.57s
--> Batch: 99, Loss: 0.0048, Label: 7, Survival Months: 45.08, Risk: -15.8212
	--> Average Speed: 0.04s per batch
	--> Time from Last Check: 1.38s
--> Batch: 149, Loss: 0.0004, Label: 0, Survival Months: 6.58, Risk: -16.9436
	--> Average Speed: 0.04s per batch
	--> Time from Last Check: 1.40s
--> Batch: 199, Loss: 0.0041, Label: 2, Survival Months: 25.75, Risk: -15.0265
	--> Average Speed: 0.05s per batch
	--> Time from Last Check: 1.47s
--> Batch: 249, Loss: 2.8405, Label: 16, Survival Months: 146.58, Risk: -16.1075
	--> Average Speed: 0.05s per batch
	--> Time from Last Check: 1.50s
--> Batch: 299, Loss: 0.0058, Label: 3, Survival Months: 31.08, Risk: -14.5176
	--> Average Speed: 0.04s per batch
	--> Time from Last Check: 1.41s
--> Batch: 349, Loss: 1.2494, Label: 18, Survival Months: 211.17, Risk: -16.6311
	--> Average Speed: 0.04s per batch
	--> Time from Last Check: 1.40s
--> Batch: 399, Loss: 0.0093, Label: 11, Survival Months: 76.50, Risk: -15.8658
	--> Average Speed: 0.04s per batch
	--> Time from Last Check: 1.39s
--> Batch: 449, Loss: 0.0071, Label: 3, Survival Months: 33.50, Risk: -14.0284
	--> Average Speed: 0.04s per batch
	--> Time from Last Check: 1.41s
--> Batch: 499, Loss: 0.2260, Label: 18, Survival Months: 216.33, Risk: -13.0537
	--> Average Speed: 0.04s per batch
	--> Time from Last Check: 1.40s
--> Batch: 549, Loss: 0.2583, Label: 19, Survival Months: 309.08, Risk: -14.1097
	--> Average Speed: 0.04s per batch
	--> Time from Last Check: 1.41s
[07/01/2025 - 02:04:41] - Epoch: 6, lr: 0.00010000, train_loss: 0.3078, train_c_index: 0.8881
[07/01/2025 - 02:04:43] - Epoch: 6, val_loss: 0.4029, val_c_index: 0.5184
[07/01/2025 - 02:04:43] - Time elapsed for epoch 6: 18s
[07/01/2025 - 02:04:43] - Epoch: 7
--> Batch: 49, Loss: 2.6449, Label: 10, Survival Months: 66.00, Risk: -9.6013
	--> Average Speed: 0.05s per batch
	--> Time from Last Check: 1.52s
--> Batch: 99, Loss: 0.0045, Label: 10, Survival Months: 61.17, Risk: -16.5754
	--> Average Speed: 0.04s per batch
	--> Time from Last Check: 1.38s
--> Batch: 149, Loss: 0.0013, Label: 2, Survival Months: 27.33, Risk: -16.3880
	--> Average Speed: 0.04s per batch
	--> Time from Last Check: 1.41s
--> Batch: 199, Loss: 0.0053, Label: 12, Survival Months: 82.00, Risk: -17.0572
	--> Average Speed: 0.04s per batch
	--> Time from Last Check: 1.38s
--> Batch: 249, Loss: 0.0232, Label: 12, Survival Months: 87.25, Risk: -15.0949
	--> Average Speed: 0.04s per batch
	--> Time from Last Check: 1.36s
--> Batch: 299, Loss: 0.0129, Label: 2, Survival Months: 28.92, Risk: -11.5468
	--> Average Speed: 0.04s per batch
	--> Time from Last Check: 1.38s
--> Batch: 349, Loss: 0.1190, Label: 18, Survival Months: 225.75, Risk: -16.7799
	--> Average Speed: 0.04s per batch
	--> Time from Last Check: 1.38s
--> Batch: 399, Loss: 0.0548, Label: 15, Survival Months: 123.75, Risk: -15.1882
	--> Average Speed: 0.04s per batch
	--> Time from Last Check: 1.35s
--> Batch: 449, Loss: 2.4770, Label: 7, Survival Months: 47.58, Risk: -3.7672
	--> Average Speed: 0.04s per batch
	--> Time from Last Check: 1.39s
--> Batch: 499, Loss: 0.0195, Label: 11, Survival Months: 71.33, Risk: -14.6994
	--> Average Speed: 0.05s per batch
	--> Time from Last Check: 1.45s
--> Batch: 549, Loss: 0.0043, Label: 11, Survival Months: 74.17, Risk: -16.9066
	--> Average Speed: 0.04s per batch
	--> Time from Last Check: 1.36s
[07/01/2025 - 02:04:59] - Epoch: 7, lr: 0.00010000, train_loss: 0.2892, train_c_index: 0.9089
[07/01/2025 - 02:05:01] - Epoch: 7, val_loss: 0.4202, val_c_index: 0.5154
[07/01/2025 - 02:05:01] - Time elapsed for epoch 7: 18s
[07/01/2025 - 02:05:01] - Epoch: 8
--> Batch: 49, Loss: 0.2585, Label: 19, Survival Months: 329.75, Risk: -17.2074
	--> Average Speed: 0.05s per batch
	--> Time from Last Check: 1.59s
--> Batch: 99, Loss: 0.0001, Label: 0, Survival Months: 6.50, Risk: -17.0859
	--> Average Speed: 0.04s per batch
	--> Time from Last Check: 1.40s
--> Batch: 149, Loss: 0.0048, Label: 2, Survival Months: 30.17, Risk: -14.0557
	--> Average Speed: 0.05s per batch
	--> Time from Last Check: 1.52s
--> Batch: 199, Loss: 0.1876, Label: 17, Survival Months: 200.50, Risk: -12.9916
	--> Average Speed: 0.04s per batch
	--> Time from Last Check: 1.43s
--> Batch: 249, Loss: 0.0009, Label: 7, Survival Months: 44.33, Risk: -16.7119
	--> Average Speed: 0.05s per batch
	--> Time from Last Check: 1.46s
--> Batch: 299, Loss: 0.0019, Label: 10, Survival Months: 61.67, Risk: -17.1348
	--> Average Speed: 0.04s per batch
	--> Time from Last Check: 1.42s
--> Batch: 349, Loss: 2.8719, Label: 14, Survival Months: 115.67, Risk: -7.4926
	--> Average Speed: 0.04s per batch
	--> Time from Last Check: 1.44s
--> Batch: 399, Loss: 0.0615, Label: 17, Survival Months: 185.08, Risk: -16.5516
	--> Average Speed: 0.04s per batch
	--> Time from Last Check: 1.43s
--> Batch: 449, Loss: 0.0074, Label: 11, Survival Months: 73.58, Risk: -16.4382
	--> Average Speed: 0.04s per batch
	--> Time from Last Check: 1.42s
--> Batch: 499, Loss: 1.3419, Label: 1, Survival Months: 18.92, Risk: -2.2976
	--> Average Speed: 0.05s per batch
	--> Time from Last Check: 1.46s
--> Batch: 549, Loss: 0.0014, Label: 9, Survival Months: 52.00, Risk: -17.2240
	--> Average Speed: 0.04s per batch
	--> Time from Last Check: 1.43s
[07/01/2025 - 02:05:18] - Epoch: 8, lr: 0.00010000, train_loss: 0.2730, train_c_index: 0.9239
[07/01/2025 - 02:05:20] - Epoch: 8, val_loss: 0.3903, val_c_index: 0.5330
[07/01/2025 - 02:05:20] - Time elapsed for epoch 8: 19s
[07/01/2025 - 02:05:20] - Epoch: 9
--> Batch: 49, Loss: 0.0005, Label: 1, Survival Months: 18.50, Risk: -16.2064
	--> Average Speed: 0.05s per batch
	--> Time from Last Check: 1.69s
--> Batch: 99, Loss: 0.0004, Label: 2, Survival Months: 25.75, Risk: -16.9248
	--> Average Speed: 0.05s per batch
	--> Time from Last Check: 1.47s
--> Batch: 149, Loss: 0.0266, Label: 15, Survival Months: 127.33, Risk: -17.0478
	--> Average Speed: 0.04s per batch
	--> Time from Last Check: 1.44s
--> Batch: 199, Loss: 0.0005, Label: 6, Survival Months: 42.58, Risk: -16.9038
	--> Average Speed: 0.04s per batch
	--> Time from Last Check: 1.41s
--> Batch: 249, Loss: 0.0023, Label: 5, Survival Months: 38.92, Risk: -15.1245
	--> Average Speed: 0.04s per batch
	--> Time from Last Check: 1.37s
--> Batch: 299, Loss: 0.2278, Label: 19, Survival Months: 410.75, Risk: -16.9502
	--> Average Speed: 0.04s per batch
	--> Time from Last Check: 1.38s
--> Batch: 349, Loss: 0.0050, Label: 3, Survival Months: 30.92, Risk: -13.2498
	--> Average Speed: 0.05s per batch
	--> Time from Last Check: 1.45s
--> Batch: 399, Loss: 0.0001, Label: 6, Survival Months: 41.00, Risk: -17.3975
	--> Average Speed: 0.04s per batch
	--> Time from Last Check: 1.44s
--> Batch: 449, Loss: 0.0071, Label: 0, Survival Months: 0.75, Risk: -9.5561
	--> Average Speed: 0.05s per batch
	--> Time from Last Check: 1.46s
--> Batch: 499, Loss: 0.0102, Label: 12, Survival Months: 83.08, Risk: -16.6119
	--> Average Speed: 0.04s per batch
	--> Time from Last Check: 1.43s
--> Batch: 549, Loss: 0.0036, Label: 5, Survival Months: 37.92, Risk: -14.8880
	--> Average Speed: 0.04s per batch
	--> Time from Last Check: 1.44s
[07/01/2025 - 02:05:37] - Epoch: 9, lr: 0.00010000, train_loss: 0.2731, train_c_index: 0.9242
[07/01/2025 - 02:05:38] - Epoch: 9, val_loss: 0.4387, val_c_index: 0.5433
[07/01/2025 - 02:05:38] - Time elapsed for epoch 9: 19s
[07/01/2025 - 02:05:38] - Epoch: 10
--> Batch: 49, Loss: 0.0055, Label: 10, Survival Months: 63.25, Risk: -16.3872
	--> Average Speed: 0.05s per batch
	--> Time from Last Check: 1.64s
--> Batch: 99, Loss: 0.0523, Label: 17, Survival Months: 201.67, Risk: -17.1385
	--> Average Speed: 0.04s per batch
	--> Time from Last Check: 1.41s
--> Batch: 149, Loss: 0.0246, Label: 16, Survival Months: 159.50, Risk: -17.6311
	--> Average Speed: 0.04s per batch
	--> Time from Last Check: 1.36s
--> Batch: 199, Loss: 0.0004, Label: 6, Survival Months: 42.58, Risk: -17.3943
	--> Average Speed: 0.04s per batch
	--> Time from Last Check: 1.37s
--> Batch: 249, Loss: 0.0003, Label: 1, Survival Months: 21.50, Risk: -17.0591
	--> Average Speed: 0.04s per batch
	--> Time from Last Check: 1.34s
--> Batch: 299, Loss: 0.0010, Label: 10, Survival Months: 60.58, Risk: -17.7990
	--> Average Speed: 0.05s per batch
	--> Time from Last Check: 1.46s
--> Batch: 349, Loss: 0.0008, Label: 6, Survival Months: 42.00, Risk: -16.3803
	--> Average Speed: 0.04s per batch
	--> Time from Last Check: 1.39s
--> Batch: 399, Loss: 2.8161, Label: 16, Survival Months: 160.58, Risk: -17.0036
	--> Average Speed: 0.04s per batch
	--> Time from Last Check: 1.40s
--> Batch: 449, Loss: 0.0002, Label: 6, Survival Months: 41.00, Risk: -17.1867
	--> Average Speed: 0.04s per batch
	--> Time from Last Check: 1.39s
--> Batch: 499, Loss: 0.0019, Label: 1, Survival Months: 18.00, Risk: -14.7315
	--> Average Speed: 0.04s per batch
	--> Time from Last Check: 1.43s
--> Batch: 549, Loss: 1.8405, Label: 17, Survival Months: 182.67, Risk: -15.3740
	--> Average Speed: 0.04s per batch
	--> Time from Last Check: 1.40s
[07/01/2025 - 02:05:55] - Epoch: 10, lr: 0.00010000, train_loss: 0.2503, train_c_index: 0.9373
[07/01/2025 - 02:05:57] - Epoch: 10, val_loss: 0.4430, val_c_index: 0.4875
[07/01/2025 - 02:05:57] - Time elapsed for epoch 10: 18s
[07/01/2025 - 02:05:57] - Epoch: 11
--> Batch: 49, Loss: 0.0820, Label: 16, Survival Months: 172.83, Risk: -15.6415
	--> Average Speed: 0.06s per batch
	--> Time from Last Check: 1.90s
--> Batch: 99, Loss: 0.0005, Label: 7, Survival Months: 47.17, Risk: -16.8420
	--> Average Speed: 0.04s per batch
	--> Time from Last Check: 1.37s
--> Batch: 149, Loss: 0.0004, Label: 2, Survival Months: 30.17, Risk: -16.5380
	--> Average Speed: 0.04s per batch
	--> Time from Last Check: 1.36s
--> Batch: 199, Loss: 1.7399, Label: 2, Survival Months: 26.67, Risk: -1.3762
	--> Average Speed: 0.04s per batch
	--> Time from Last Check: 1.36s
--> Batch: 249, Loss: 0.0035, Label: 13, Survival Months: 102.42, Risk: -17.6450
	--> Average Speed: 0.04s per batch
	--> Time from Last Check: 1.40s
--> Batch: 299, Loss: 0.1322, Label: 18, Survival Months: 210.08, Risk: -16.8076
	--> Average Speed: 0.05s per batch
	--> Time from Last Check: 1.47s
--> Batch: 349, Loss: 0.0001, Label: 7, Survival Months: 47.33, Risk: -17.9027
	--> Average Speed: 0.04s per batch
	--> Time from Last Check: 1.41s
--> Batch: 399, Loss: 0.0014, Label: 9, Survival Months: 54.92, Risk: -17.2175
	--> Average Speed: 0.04s per batch
	--> Time from Last Check: 1.38s
--> Batch: 449, Loss: 0.0003, Label: 9, Survival Months: 52.92, Risk: -17.8534
	--> Average Speed: 0.05s per batch
	--> Time from Last Check: 1.53s
--> Batch: 499, Loss: 0.0672, Label: 17, Survival Months: 179.58, Risk: -17.0779
	--> Average Speed: 0.05s per batch
	--> Time from Last Check: 1.49s
--> Batch: 549, Loss: 1.8580, Label: 19, Survival Months: 288.42, Risk: -17.2363
	--> Average Speed: 0.04s per batch
	--> Time from Last Check: 1.40s
[07/01/2025 - 02:06:14] - Epoch: 11, lr: 0.00010000, train_loss: 0.2350, train_c_index: 0.9473
[07/01/2025 - 02:06:16] - Epoch: 11, val_loss: 0.4646, val_c_index: 0.5683
[07/01/2025 - 02:06:16] - Time elapsed for epoch 11: 19s
[07/01/2025 - 02:06:16] - Epoch: 12
--> Batch: 49, Loss: 0.0023, Label: 9, Survival Months: 55.00, Risk: -16.4373
	--> Average Speed: 0.05s per batch
	--> Time from Last Check: 1.59s
--> Batch: 99, Loss: 2.2340, Label: 10, Survival Months: 60.25, Risk: -6.8416
	--> Average Speed: 0.05s per batch
	--> Time from Last Check: 1.45s
--> Batch: 149, Loss: 0.0009, Label: 3, Survival Months: 31.25, Risk: -15.7612
	--> Average Speed: 0.05s per batch
	--> Time from Last Check: 1.45s
--> Batch: 199, Loss: 0.0024, Label: 2, Survival Months: 29.00, Risk: -14.0523
	--> Average Speed: 0.04s per batch
	--> Time from Last Check: 1.42s
--> Batch: 249, Loss: 0.0325, Label: 16, Survival Months: 162.75, Risk: -17.3873
	--> Average Speed: 0.04s per batch
	--> Time from Last Check: 1.41s
--> Batch: 299, Loss: 0.0016, Label: 6, Survival Months: 39.83, Risk: -13.6784
	--> Average Speed: 0.04s per batch
	--> Time from Last Check: 1.43s
--> Batch: 349, Loss: 0.0005, Label: 5, Survival Months: 36.75, Risk: -15.8129
	--> Average Speed: 0.04s per batch
	--> Time from Last Check: 1.40s
--> Batch: 399, Loss: 0.0001, Label: 6, Survival Months: 42.50, Risk: -17.3950
	--> Average Speed: 0.04s per batch
	--> Time from Last Check: 1.33s
--> Batch: 449, Loss: 0.0010, Label: 12, Survival Months: 82.00, Risk: -18.2982
	--> Average Speed: 0.04s per batch
	--> Time from Last Check: 1.38s
--> Batch: 499, Loss: 0.0001, Label: 2, Survival Months: 28.42, Risk: -17.3843
	--> Average Speed: 0.04s per batch
	--> Time from Last Check: 1.42s
--> Batch: 549, Loss: 2.2456, Label: 8, Survival Months: 51.17, Risk: -12.8333
	--> Average Speed: 0.04s per batch
	--> Time from Last Check: 1.39s
[07/01/2025 - 02:06:33] - Epoch: 12, lr: 0.00010000, train_loss: 0.2150, train_c_index: 0.9491
[07/01/2025 - 02:06:34] - Epoch: 12, val_loss: 0.5584, val_c_index: 0.5286
[07/01/2025 - 02:06:34] - Time elapsed for epoch 12: 18s
[07/01/2025 - 02:06:34] - Epoch: 13
--> Batch: 49, Loss: 0.0278, Label: 17, Survival Months: 190.75, Risk: -17.9017
	--> Average Speed: 0.05s per batch
	--> Time from Last Check: 1.66s
--> Batch: 99, Loss: 0.0001, Label: 2, Survival Months: 26.25, Risk: -17.3755
	--> Average Speed: 0.04s per batch
	--> Time from Last Check: 1.39s
--> Batch: 149, Loss: 0.8646, Label: 17, Survival Months: 201.42, Risk: -16.8182
	--> Average Speed: 0.04s per batch
	--> Time from Last Check: 1.40s
--> Batch: 199, Loss: 0.0018, Label: 11, Survival Months: 66.50, Risk: -17.6770
	--> Average Speed: 0.04s per batch
	--> Time from Last Check: 1.40s
--> Batch: 249, Loss: 0.0860, Label: 17, Survival Months: 197.67, Risk: -17.3382
	--> Average Speed: 0.04s per batch
	--> Time from Last Check: 1.42s
--> Batch: 299, Loss: 0.0001, Label: 1, Survival Months: 18.08, Risk: -17.2371
	--> Average Speed: 0.05s per batch
	--> Time from Last Check: 1.54s
--> Batch: 349, Loss: 1.1218, Label: 0, Survival Months: 0.08, Risk: -1.6660
	--> Average Speed: 0.04s per batch
	--> Time from Last Check: 1.39s
--> Batch: 399, Loss: 0.1349, Label: 18, Survival Months: 251.42, Risk: -17.4965
	--> Average Speed: 0.04s per batch
	--> Time from Last Check: 1.35s
--> Batch: 449, Loss: 0.0059, Label: 13, Survival Months: 99.67, Risk: -17.2466
	--> Average Speed: 0.04s per batch
	--> Time from Last Check: 1.35s
--> Batch: 499, Loss: 0.0114, Label: 15, Survival Months: 129.17, Risk: -17.0000
	--> Average Speed: 0.04s per batch
	--> Time from Last Check: 1.33s
--> Batch: 549, Loss: 0.0000, Label: 1, Survival Months: 21.75, Risk: -16.9459
	--> Average Speed: 0.04s per batch
	--> Time from Last Check: 1.37s
[07/01/2025 - 02:06:51] - Epoch: 13, lr: 0.00010000, train_loss: 0.2025, train_c_index: 0.9618
[07/01/2025 - 02:06:52] - Epoch: 13, val_loss: 0.5755, val_c_index: 0.4758
[07/01/2025 - 02:06:52] - Time elapsed for epoch 13: 19s
[07/01/2025 - 02:06:52] - Epoch: 14
--> Batch: 49, Loss: 1.0292, Label: 14, Survival Months: 119.92, Risk: -14.8726
	--> Average Speed: 0.05s per batch
	--> Time from Last Check: 1.55s
--> Batch: 99, Loss: 0.0009, Label: 12, Survival Months: 83.92, Risk: -18.0250
	--> Average Speed: 0.04s per batch
	--> Time from Last Check: 1.42s
--> Batch: 149, Loss: 1.0975, Label: 17, Survival Months: 201.42, Risk: -15.4406
	--> Average Speed: 0.04s per batch
	--> Time from Last Check: 1.38s
--> Batch: 199, Loss: 0.0046, Label: 7, Survival Months: 45.08, Risk: -13.7340
	--> Average Speed: 0.04s per batch
	--> Time from Last Check: 1.34s
--> Batch: 249, Loss: 0.0094, Label: 2, Survival Months: 25.17, Risk: -11.3764
	--> Average Speed: 0.05s per batch
	--> Time from Last Check: 1.46s
--> Batch: 299, Loss: 0.0000, Label: 2, Survival Months: 25.58, Risk: -16.5776
	--> Average Speed: 0.04s per batch
	--> Time from Last Check: 1.39s
--> Batch: 349, Loss: 0.0052, Label: 12, Survival Months: 79.33, Risk: -16.5627
	--> Average Speed: 0.05s per batch
	--> Time from Last Check: 1.44s
--> Batch: 399, Loss: 0.2446, Label: 19, Survival Months: 410.75, Risk: -16.0762
	--> Average Speed: 0.04s per batch
	--> Time from Last Check: 1.40s
--> Batch: 449, Loss: 0.0123, Label: 13, Survival Months: 93.25, Risk: -16.5881
	--> Average Speed: 0.05s per batch
	--> Time from Last Check: 1.50s
--> Batch: 499, Loss: 0.0161, Label: 16, Survival Months: 162.75, Risk: -17.7535
	--> Average Speed: 0.04s per batch
	--> Time from Last Check: 1.40s
--> Batch: 549, Loss: 0.0021, Label: 14, Survival Months: 109.83, Risk: -17.8291
	--> Average Speed: 0.04s per batch
	--> Time from Last Check: 1.36s
[07/01/2025 - 02:07:09] - Epoch: 14, lr: 0.00010000, train_loss: 0.1939, train_c_index: 0.9561
[07/01/2025 - 02:07:11] - Epoch: 14, val_loss: 0.5997, val_c_index: 0.4934
[07/01/2025 - 02:07:11] - Time elapsed for epoch 14: 18s
[07/01/2025 - 02:07:11] - Epoch: 15
--> Batch: 49, Loss: 0.0005, Label: 12, Survival Months: 82.00, Risk: -18.2591
	--> Average Speed: 0.05s per batch
	--> Time from Last Check: 1.58s
--> Batch: 99, Loss: 0.0000, Label: 7, Survival Months: 44.33, Risk: -18.2534
	--> Average Speed: 0.04s per batch
	--> Time from Last Check: 1.32s
--> Batch: 149, Loss: 0.0002, Label: 10, Survival Months: 63.50, Risk: -18.2866
	--> Average Speed: 0.04s per batch
	--> Time from Last Check: 1.35s
--> Batch: 199, Loss: 0.0008, Label: 14, Survival Months: 107.33, Risk: -18.4995
	--> Average Speed: 0.05s per batch
	--> Time from Last Check: 1.48s
--> Batch: 249, Loss: 0.0013, Label: 11, Survival Months: 71.33, Risk: -17.6502
	--> Average Speed: 0.04s per batch
	--> Time from Last Check: 1.38s
--> Batch: 299, Loss: 0.0008, Label: 10, Survival Months: 59.42, Risk: -17.8762
	--> Average Speed: 0.04s per batch
	--> Time from Last Check: 1.43s
--> Batch: 349, Loss: 0.0011, Label: 11, Survival Months: 72.08, Risk: -17.9973
	--> Average Speed: 0.04s per batch
	--> Time from Last Check: 1.38s
--> Batch: 399, Loss: 0.0883, Label: 11, Survival Months: 76.00, Risk: -11.1338
	--> Average Speed: 0.04s per batch
	--> Time from Last Check: 1.35s
--> Batch: 449, Loss: 0.0038, Label: 1, Survival Months: 15.58, Risk: -12.4850
	--> Average Speed: 0.04s per batch
	--> Time from Last Check: 1.39s
--> Batch: 499, Loss: 0.2162, Label: 19, Survival Months: 280.33, Risk: -16.8503
	--> Average Speed: 0.04s per batch
	--> Time from Last Check: 1.36s
--> Batch: 549, Loss: 0.5448, Label: 17, Survival Months: 197.75, Risk: -16.9038
	--> Average Speed: 0.04s per batch
	--> Time from Last Check: 1.32s
[07/01/2025 - 02:07:27] - Epoch: 15, lr: 0.00010000, train_loss: 0.1862, train_c_index: 0.9578
[07/01/2025 - 02:07:29] - Epoch: 15, val_loss: 0.6389, val_c_index: 0.5066
[07/01/2025 - 02:07:29] - Time elapsed for epoch 15: 18s
[07/01/2025 - 02:07:29] - Epoch: 16
--> Batch: 49, Loss: 0.0650, Label: 16, Survival Months: 156.83, Risk: -15.4664
	--> Average Speed: 0.05s per batch
	--> Time from Last Check: 1.55s
--> Batch: 99, Loss: 0.0022, Label: 12, Survival Months: 84.00, Risk: -16.8711
	--> Average Speed: 0.04s per batch
	--> Time from Last Check: 1.33s
--> Batch: 149, Loss: 0.0000, Label: 2, Survival Months: 24.75, Risk: -17.4536
	--> Average Speed: 0.04s per batch
	--> Time from Last Check: 1.31s
--> Batch: 199, Loss: 0.0001, Label: 9, Survival Months: 54.50, Risk: -18.2648
	--> Average Speed: 0.04s per batch
	--> Time from Last Check: 1.26s
--> Batch: 249, Loss: 0.0003, Label: 6, Survival Months: 42.92, Risk: -13.7258
	--> Average Speed: 0.04s per batch
	--> Time from Last Check: 1.33s
--> Batch: 299, Loss: 0.0194, Label: 13, Survival Months: 100.67, Risk: -15.1232
	--> Average Speed: 0.04s per batch
	--> Time from Last Check: 1.29s
--> Batch: 349, Loss: 0.0196, Label: 16, Survival Months: 172.83, Risk: -17.8577
	--> Average Speed: 0.04s per batch
	--> Time from Last Check: 1.34s
--> Batch: 399, Loss: 0.0557, Label: 17, Survival Months: 194.08, Risk: -17.9194
	--> Average Speed: 0.04s per batch
	--> Time from Last Check: 1.29s
--> Batch: 449, Loss: 0.0173, Label: 16, Survival Months: 164.33, Risk: -18.1439
	--> Average Speed: 0.04s per batch
	--> Time from Last Check: 1.33s
--> Batch: 499, Loss: 0.0066, Label: 15, Survival Months: 133.75, Risk: -17.2409
	--> Average Speed: 0.04s per batch
	--> Time from Last Check: 1.32s
--> Batch: 549, Loss: 0.0001, Label: 4, Survival Months: 35.33, Risk: -16.7829
	--> Average Speed: 0.04s per batch
	--> Time from Last Check: 1.32s
[07/01/2025 - 02:07:44] - Epoch: 16, lr: 0.00010000, train_loss: 0.1737, train_c_index: 0.9580
[07/01/2025 - 02:07:46] - Epoch: 16, val_loss: 0.6396, val_c_index: 0.4493
[07/01/2025 - 02:07:46] - Time elapsed for epoch 16: 17s
[07/01/2025 - 02:07:46] - Epoch: 17
--> Batch: 49, Loss: 0.0001, Label: 1, Survival Months: 18.50, Risk: -15.8343
	--> Average Speed: 0.05s per batch
	--> Time from Last Check: 1.55s
--> Batch: 99, Loss: 0.0000, Label: 1, Survival Months: 20.83, Risk: -17.7783
	--> Average Speed: 0.05s per batch
	--> Time from Last Check: 1.54s
--> Batch: 149, Loss: 0.0001, Label: 6, Survival Months: 43.00, Risk: -17.0585
	--> Average Speed: 0.04s per batch
	--> Time from Last Check: 1.40s
--> Batch: 199, Loss: 0.0001, Label: 10, Survival Months: 62.25, Risk: -18.2839
	--> Average Speed: 0.04s per batch
	--> Time from Last Check: 1.42s
--> Batch: 249, Loss: 0.0000, Label: 1, Survival Months: 11.17, Risk: -18.3087
	--> Average Speed: 0.04s per batch
	--> Time from Last Check: 1.37s
--> Batch: 299, Loss: 1.3514, Label: 17, Survival Months: 177.25, Risk: -18.5805
	--> Average Speed: 0.04s per batch
	--> Time from Last Check: 1.34s
--> Batch: 349, Loss: 0.0030, Label: 13, Survival Months: 93.25, Risk: -17.2480
	--> Average Speed: 0.04s per batch
	--> Time from Last Check: 1.36s
--> Batch: 399, Loss: 0.0102, Label: 14, Survival Months: 103.92, Risk: -17.0233
	--> Average Speed: 0.04s per batch
	--> Time from Last Check: 1.34s
--> Batch: 449, Loss: 0.0013, Label: 14, Survival Months: 108.50, Risk: -18.1941
	--> Average Speed: 0.04s per batch
	--> Time from Last Check: 1.37s
--> Batch: 499, Loss: 0.0000, Label: 5, Survival Months: 38.00, Risk: -17.7223
	--> Average Speed: 0.04s per batch
	--> Time from Last Check: 1.42s
--> Batch: 549, Loss: 0.0185, Label: 16, Survival Months: 144.17, Risk: -17.9317
	--> Average Speed: 0.04s per batch
	--> Time from Last Check: 1.35s
[07/01/2025 - 02:08:03] - Epoch: 17, lr: 0.00010000, train_loss: 0.1470, train_c_index: 0.9692
[07/01/2025 - 02:08:04] - Epoch: 17, val_loss: 0.6478, val_c_index: 0.5272
[07/01/2025 - 02:08:04] - Time elapsed for epoch 17: 18s
[07/01/2025 - 02:08:04] - Epoch: 18
--> Batch: 49, Loss: 0.0000, Label: 6, Survival Months: 41.75, Risk: -17.7189
	--> Average Speed: 0.05s per batch
	--> Time from Last Check: 1.61s
--> Batch: 99, Loss: 0.6083, Label: 8, Survival Months: 51.33, Risk: -8.9782
	--> Average Speed: 0.04s per batch
	--> Time from Last Check: 1.36s
--> Batch: 149, Loss: 0.0004, Label: 2, Survival Months: 30.00, Risk: -12.8582
	--> Average Speed: 0.04s per batch
	--> Time from Last Check: 1.36s
--> Batch: 199, Loss: 0.0000, Label: 5, Survival Months: 37.83, Risk: -17.2438
	--> Average Speed: 0.04s per batch
	--> Time from Last Check: 1.35s
--> Batch: 249, Loss: 0.0000, Label: 2, Survival Months: 27.67, Risk: -18.5265
	--> Average Speed: 0.04s per batch
	--> Time from Last Check: 1.38s
--> Batch: 299, Loss: 0.0661, Label: 11, Survival Months: 69.08, Risk: -12.1804
	--> Average Speed: 0.04s per batch
	--> Time from Last Check: 1.33s
--> Batch: 349, Loss: 0.6020, Label: 19, Survival Months: 289.33, Risk: -18.6317
	--> Average Speed: 0.04s per batch
	--> Time from Last Check: 1.38s
--> Batch: 399, Loss: 0.0000, Label: 3, Survival Months: 33.25, Risk: -18.7317
	--> Average Speed: 0.04s per batch
	--> Time from Last Check: 1.40s
--> Batch: 449, Loss: 0.0002, Label: 12, Survival Months: 79.33, Risk: -18.3861
	--> Average Speed: 0.05s per batch
	--> Time from Last Check: 1.49s
--> Batch: 499, Loss: 0.3297, Label: 17, Survival Months: 177.25, Risk: -16.8924
	--> Average Speed: 0.04s per batch
	--> Time from Last Check: 1.43s
--> Batch: 549, Loss: 0.0018, Label: 16, Survival Months: 172.67, Risk: -17.7929
	--> Average Speed: 0.04s per batch
	--> Time from Last Check: 1.40s
[07/01/2025 - 02:08:21] - Epoch: 18, lr: 0.00010000, train_loss: 0.1378, train_c_index: 0.9728
[07/01/2025 - 02:08:22] - Epoch: 18, val_loss: 0.7131, val_c_index: 0.4978
[07/01/2025 - 02:08:22] - Time elapsed for epoch 18: 18s
[07/01/2025 - 02:08:22] - Epoch: 19
--> Batch: 49, Loss: 0.1610, Label: 18, Survival Months: 210.00, Risk: -17.8043
	--> Average Speed: 0.05s per batch
	--> Time from Last Check: 1.75s
--> Batch: 99, Loss: 0.0456, Label: 0, Survival Months: 2.83, Risk: -1.1446
	--> Average Speed: 0.05s per batch
	--> Time from Last Check: 1.51s
--> Batch: 149, Loss: 0.0005, Label: 16, Survival Months: 166.33, Risk: -18.3628
	--> Average Speed: 0.05s per batch
	--> Time from Last Check: 1.50s
--> Batch: 199, Loss: 0.0001, Label: 10, Survival Months: 59.00, Risk: -17.0933
	--> Average Speed: 0.05s per batch
	--> Time from Last Check: 1.50s
--> Batch: 249, Loss: 0.0000, Label: 5, Survival Months: 36.75, Risk: -18.5863
	--> Average Speed: 0.05s per batch
	--> Time from Last Check: 1.50s
--> Batch: 299, Loss: 0.0032, Label: 7, Survival Months: 46.92, Risk: -11.4266
	--> Average Speed: 0.05s per batch
	--> Time from Last Check: 1.49s
--> Batch: 349, Loss: 0.0001, Label: 4, Survival Months: 33.58, Risk: -16.8256
	--> Average Speed: 0.05s per batch
	--> Time from Last Check: 1.47s
--> Batch: 399, Loss: 0.0046, Label: 17, Survival Months: 178.00, Risk: -18.7229
	--> Average Speed: 0.05s per batch
	--> Time from Last Check: 1.52s
--> Batch: 449, Loss: 0.0000, Label: 7, Survival Months: 47.33, Risk: -18.5029
	--> Average Speed: 0.05s per batch
	--> Time from Last Check: 1.52s
--> Batch: 499, Loss: 0.0066, Label: 12, Survival Months: 82.50, Risk: -17.4848
	--> Average Speed: 0.05s per batch
	--> Time from Last Check: 1.47s
--> Batch: 549, Loss: 0.0000, Label: 7, Survival Months: 44.33, Risk: -18.5932
	--> Average Speed: 0.04s per batch
	--> Time from Last Check: 1.42s
[07/01/2025 - 02:08:40] - Epoch: 19, lr: 0.00010000, train_loss: 0.1218, train_c_index: 0.9750
[07/01/2025 - 02:08:42] - Epoch: 19, val_loss: nan, val_c_index: 0.4890
[07/01/2025 - 02:08:42] - Time elapsed for epoch 19: 19s
[07/01/2025 - 02:08:42] - Epoch: 20
--> Batch: 49, Loss: 1.3633, Label: 13, Survival Months: 92.00, Risk: -13.8905
	--> Average Speed: 0.05s per batch
	--> Time from Last Check: 1.68s
--> Batch: 99, Loss: 0.0000, Label: 6, Survival Months: 41.75, Risk: -15.6658
	--> Average Speed: 0.05s per batch
	--> Time from Last Check: 1.50s
--> Batch: 149, Loss: 0.0003, Label: 11, Survival Months: 75.58, Risk: -18.9048
	--> Average Speed: 0.05s per batch
	--> Time from Last Check: 1.51s
--> Batch: 199, Loss: 0.0202, Label: 18, Survival Months: 220.42, Risk: -19.2393
	--> Average Speed: 0.05s per batch
	--> Time from Last Check: 1.44s
--> Batch: 249, Loss: 0.0000, Label: 3, Survival Months: 30.50, Risk: -18.2624
	--> Average Speed: 0.05s per batch
	--> Time from Last Check: 1.47s
--> Batch: 299, Loss: 0.0023, Label: 13, Survival Months: 97.08, Risk: -16.1169
	--> Average Speed: 0.05s per batch
	--> Time from Last Check: 1.50s
--> Batch: 349, Loss: 0.0005, Label: 1, Survival Months: 24.42, Risk: -8.9497
	--> Average Speed: 0.05s per batch
	--> Time from Last Check: 1.50s
--> Batch: 399, Loss: 0.0000, Label: 3, Survival Months: 31.25, Risk: -16.3667
	--> Average Speed: 0.05s per batch
	--> Time from Last Check: 1.48s
--> Batch: 449, Loss: 1.1113, Label: 0, Survival Months: 9.67, Risk: -1.2415
	--> Average Speed: 0.05s per batch
	--> Time from Last Check: 1.49s
--> Batch: 499, Loss: 0.0010, Label: 13, Survival Months: 102.00, Risk: -17.9280
	--> Average Speed: 0.05s per batch
	--> Time from Last Check: 1.51s
--> Batch: 549, Loss: 0.0003, Label: 13, Survival Months: 100.67, Risk: -18.6792
	--> Average Speed: 0.04s per batch
	--> Time from Last Check: 1.42s
[07/01/2025 - 02:09:00] - Epoch: 20, lr: 0.00010000, train_loss: 0.1183, train_c_index: 0.9770
--> Saving model into checkpoints/MCAT_TCGA-BRCA-GE-ME_E20_202501070209.pt
[07/01/2025 - 02:09:02] - Epoch: 20, val_loss: 0.8514, val_c_index: 0.4391
[07/01/2025 - 02:09:02] - Time elapsed for epoch 20: 20s

################# [07/01/2025 - 02:09:02] - Training completed #################

################# [07/01/2025 - 02:09:02] - Validation started #################
[07/01/2025 - 02:09:03] - Final Validation, val_loss: 0.8514, val_c_index: 0.4391
[07/01/2025 - 02:09:03] - Time elapsed for Validation: 1s

################ [07/01/2025 - 02:09:03] - Validation completed ################

################## [07/01/2025 - 02:09:05] - MCAT terminated ###################
