Environment conda activated
Job 2500917 started

#################### [23/12/2024 - 17:49:50] - MCAT started ####################
WANDB: setting up for report

CUDA: available
--> Device count: 1
--> Using device: NVIDIA GeForce RTX 2080 Ti
--> Running on CUDA

DATASET: TCGA data only
--> Remaining samples after removing incomplete: 1017
--> Class intervals: [
	0: [0.03 - 2.97]
	1: [2.97 - 9.92]
	2: [9.92 - 12.17]
	3: [12.17 - 13.28]
	4: [13.28 - 15.14]
	5: [15.14 - 17.17]
	6: [17.17 - 18.83]
	7: [18.83 - 20.37]
	8: [20.37 - 23.46]
	9: [23.46 - 26.48]
	10: [26.48 - 31.95]
	11: [31.95 - 35.70]
	12: [35.70 - 40.41]
	13: [40.41 - 48.22]
	14: [48.22 - 54.96]
	15: [54.96 - 65.91]
	16: [65.91 - 77.65]
	17: [77.65 - 93.78]
	18: [93.78 - 109.23]
	19: [109.23 - 282.69]
    ]
--> Standardizing RNA-seq data
--> Signatures size: [16638]
--> Using 80% train, 20% validation
--> Training Set: [817], Validation Set: [200]
--> Leave One Out available: testing patient dbb2da92-99dd-400c-bc05-e87d7273656c

MODEL: MCAT
--> Trainable parameters of MCAT: 7556886
--> Loss function: CrossEntropySurvivalLoss
--> Optimizer: adam

################## [23/12/2024 - 17:51:00] - Training started ##################
[23/12/2024 - 17:51:00] - Epoch: 1
--> Batch: 49, Loss: 114.6475, Label: 13, Survival Months: 42.74, Risk: -1.0127
	--> Average Speed: 1.11s per batch
	--> Time from Last Check: 35.57s
--> Batch: 99, Loss: 110.6840, Label: 16, Survival Months: 70.83, Risk: -1.0091
	--> Average Speed: 0.49s per batch
	--> Time from Last Check: 15.68s
--> Batch: 149, Loss: 106.7542, Label: 16, Survival Months: 74.84, Risk: -0.9921
	--> Average Speed: 1.01s per batch
	--> Time from Last Check: 32.20s
--> Batch: 199, Loss: 103.8259, Label: 2, Survival Months: 11.04, Risk: -0.9913
	--> Average Speed: 1.01s per batch
	--> Time from Last Check: 32.22s
--> Batch: 249, Loss: 97.8620, Label: 0, Survival Months: 0.69, Risk: -0.9980
	--> Average Speed: 2.05s per batch
	--> Time from Last Check: 65.52s
--> Batch: 299, Loss: 94.7357, Label: 2, Survival Months: 11.43, Risk: -1.0066
	--> Average Speed: 1.50s per batch
	--> Time from Last Check: 47.84s
--> Batch: 349, Loss: 92.7948, Label: 18, Survival Months: 101.91, Risk: -1.0176
	--> Average Speed: 1.48s per batch
	--> Time from Last Check: 47.43s
--> Batch: 399, Loss: 89.4689, Label: 11, Survival Months: 34.13, Risk: -1.0177
	--> Average Speed: 1.48s per batch
	--> Time from Last Check: 47.40s
--> Batch: 449, Loss: 86.4994, Label: 12, Survival Months: 38.96, Risk: -1.0220
	--> Average Speed: 1.31s per batch
	--> Time from Last Check: 42.04s
--> Batch: 499, Loss: 84.4803, Label: 17, Survival Months: 78.94, Risk: -1.0243
	--> Average Speed: 0.84s per batch
	--> Time from Last Check: 26.84s
--> Batch: 549, Loss: 81.5052, Label: 5, Survival Months: 16.29, Risk: -1.0106
	--> Average Speed: 0.94s per batch
	--> Time from Last Check: 30.22s
--> Batch: 599, Loss: 79.2974, Label: 1, Survival Months: 7.13, Risk: -1.0181
	--> Average Speed: 1.17s per batch
	--> Time from Last Check: 37.59s
--> Batch: 649, Loss: 78.1541, Label: 14, Survival Months: 51.35, Risk: -1.0101
	--> Average Speed: 0.64s per batch
	--> Time from Last Check: 20.39s
--> Batch: 699, Loss: 80.3091, Label: 7, Survival Months: 20.11, Risk: -1.0241
	--> Average Speed: 1.64s per batch
	--> Time from Last Check: 52.45s
--> Batch: 749, Loss: 74.9676, Label: 18, Survival Months: 106.96, Risk: -1.0112
	--> Average Speed: 1.23s per batch
	--> Time from Last Check: 39.43s
--> Batch: 799, Loss: 73.0930, Label: 15, Survival Months: 58.48, Risk: -1.0207
	--> Average Speed: 0.92s per batch
	--> Time from Last Check: 29.46s
[23/12/2024 - 18:01:19] - Epoch: 1, lr: 0.00010000, train_loss: 91.9641, train_c_index: 0.5636
Epoch: 1, val_loss: 73.0575, val_c_index: 0.4549
[23/12/2024 - 18:03:23] - Time elapsed for epoch 1: 742s
[23/12/2024 - 18:03:23] - Epoch: 2
--> Batch: 49, Loss: 70.0298, Label: 6, Survival Months: 17.67, Risk: -1.0232
	--> Average Speed: 1.58s per batch
	--> Time from Last Check: 50.61s
--> Batch: 99, Loss: 68.3600, Label: 5, Survival Months: 16.52, Risk: -1.0186
	--> Average Speed: 0.86s per batch
	--> Time from Last Check: 27.43s
--> Batch: 149, Loss: 67.5342, Label: 16, Survival Months: 72.17, Risk: -1.0311
	--> Average Speed: 1.38s per batch
	--> Time from Last Check: 44.15s
--> Batch: 199, Loss: 65.2404, Label: 5, Survival Months: 16.39, Risk: -1.0150
	--> Average Speed: 1.28s per batch
	--> Time from Last Check: 40.95s
--> Batch: 249, Loss: 63.6048, Label: 7, Survival Months: 19.32, Risk: -1.0211
	--> Average Speed: 0.71s per batch
	--> Time from Last Check: 22.56s
--> Batch: 299, Loss: 62.2395, Label: 9, Survival Months: 23.85, Risk: -1.0182
	--> Average Speed: 1.19s per batch
	--> Time from Last Check: 38.20s
--> Batch: 349, Loss: 60.8998, Label: 11, Survival Months: 35.28, Risk: -1.0268
	--> Average Speed: 1.14s per batch
	--> Time from Last Check: 36.38s
--> Batch: 399, Loss: 59.0370, Label: 5, Survival Months: 16.49, Risk: -1.0263
	--> Average Speed: 1.37s per batch
	--> Time from Last Check: 43.71s
--> Batch: 449, Loss: 58.0495, Label: 15, Survival Months: 60.87, Risk: -1.0259
	--> Average Speed: 0.83s per batch
	--> Time from Last Check: 26.50s
--> Batch: 499, Loss: 55.8894, Label: 4, Survival Months: 14.82, Risk: -1.0265
	--> Average Speed: 1.12s per batch
	--> Time from Last Check: 35.76s
--> Batch: 549, Loss: 54.7757, Label: 8, Survival Months: 21.88, Risk: -1.0346
	--> Average Speed: 0.47s per batch
	--> Time from Last Check: 15.04s
--> Batch: 599, Loss: 53.8858, Label: 15, Survival Months: 58.48, Risk: -1.0222
	--> Average Speed: 1.06s per batch
	--> Time from Last Check: 33.93s
--> Batch: 649, Loss: 52.1096, Label: 12, Survival Months: 37.42, Risk: -1.0258
	--> Average Speed: 1.18s per batch
	--> Time from Last Check: 37.75s
--> Batch: 699, Loss: 51.0624, Label: 16, Survival Months: 68.69, Risk: -1.0245
	--> Average Speed: 1.22s per batch
	--> Time from Last Check: 39.12s
--> Batch: 749, Loss: 48.9432, Label: 4, Survival Months: 14.16, Risk: -1.0259
	--> Average Speed: 1.07s per batch
	--> Time from Last Check: 34.36s
--> Batch: 799, Loss: 55.8920, Label: 13, Survival Months: 44.84, Risk: -1.0259
	--> Average Speed: 1.53s per batch
	--> Time from Last Check: 49.09s
[23/12/2024 - 18:13:17] - Epoch: 2, lr: 0.00010000, train_loss: 60.0752, train_c_index: 0.4943
Epoch: 2, val_loss: 48.5656, val_c_index: 0.3830
[23/12/2024 - 18:15:24] - Time elapsed for epoch 2: 722s
[23/12/2024 - 18:15:24] - Epoch: 3
--> Batch: 49, Loss: 45.8459, Label: 5, Survival Months: 16.52, Risk: -1.0249
	--> Average Speed: 1.60s per batch
	--> Time from Last Check: 51.26s
--> Batch: 99, Loss: 53.4329, Label: 14, Survival Months: 54.17, Risk: -1.0270
	--> Average Speed: 1.16s per batch
	--> Time from Last Check: 37.02s
--> Batch: 149, Loss: 43.0558, Label: 0, Survival Months: 0.16, Risk: -1.0262
	--> Average Speed: 2.30s per batch
	--> Time from Last Check: 73.50s
--> Batch: 199, Loss: 42.6158, Label: 11, Survival Months: 34.89, Risk: -1.0251
	--> Average Speed: 0.69s per batch
	--> Time from Last Check: 22.07s
--> Batch: 249, Loss: 40.9933, Label: 7, Survival Months: 20.30, Risk: -1.0268
	--> Average Speed: 1.04s per batch
	--> Time from Last Check: 33.32s
--> Batch: 299, Loss: 39.5012, Label: 2, Survival Months: 11.99, Risk: -1.0276
	--> Average Speed: 1.26s per batch
	--> Time from Last Check: 40.16s
--> Batch: 349, Loss: 39.5527, Label: 19, Survival Months: 115.18, Risk: -1.0261
	--> Average Speed: 1.05s per batch
	--> Time from Last Check: 33.66s
--> Batch: 399, Loss: 37.4971, Label: 5, Survival Months: 15.67, Risk: -1.0282
	--> Average Speed: 1.05s per batch
	--> Time from Last Check: 33.57s
--> Batch: 449, Loss: 36.7131, Label: 12, Survival Months: 37.71, Risk: -1.0299
	--> Average Speed: 1.04s per batch
	--> Time from Last Check: 33.24s
--> Batch: 499, Loss: 35.8676, Label: 15, Survival Months: 59.79, Risk: -1.0296
	--> Average Speed: 1.41s per batch
	--> Time from Last Check: 44.99s
--> Batch: 549, Loss: 44.7647, Label: 17, Survival Months: 77.96, Risk: -1.0297
	--> Average Speed: 1.48s per batch
	--> Time from Last Check: 47.39s
--> Batch: 599, Loss: 33.0805, Label: 4, Survival Months: 14.95, Risk: -1.0307
	--> Average Speed: 1.58s per batch
	--> Time from Last Check: 50.55s
--> Batch: 649, Loss: 32.5360, Label: 13, Survival Months: 44.78, Risk: -1.0315
	--> Average Speed: 0.57s per batch
	--> Time from Last Check: 18.13s
--> Batch: 699, Loss: 30.9574, Label: 4, Survival Months: 14.06, Risk: -1.0315
	--> Average Speed: 0.73s per batch
	--> Time from Last Check: 23.38s
--> Batch: 749, Loss: 30.4186, Label: 10, Survival Months: 28.42, Risk: -1.0324
	--> Average Speed: 0.81s per batch
	--> Time from Last Check: 25.91s
--> Batch: 799, Loss: 29.2310, Label: 6, Survival Months: 17.77, Risk: -1.0320
	--> Average Speed: 1.52s per batch
	--> Time from Last Check: 48.67s
[23/12/2024 - 18:25:49] - Epoch: 3, lr: 0.00010000, train_loss: 38.6203, train_c_index: 0.5362
Epoch: 3, val_loss: 30.1666, val_c_index: 0.4308
[23/12/2024 - 18:28:01] - Time elapsed for epoch 3: 757s
[23/12/2024 - 18:28:01] - Epoch: 4
--> Batch: 49, Loss: 27.6020, Label: 2, Survival Months: 10.78, Risk: -1.0324
	--> Average Speed: 1.25s per batch
	--> Time from Last Check: 39.93s
--> Batch: 99, Loss: 27.1402, Label: 8, Survival Months: 21.42, Risk: -1.0332
	--> Average Speed: 0.76s per batch
	--> Time from Last Check: 24.21s
--> Batch: 149, Loss: 26.2771, Label: 8, Survival Months: 21.71, Risk: -1.0333
	--> Average Speed: 1.08s per batch
	--> Time from Last Check: 34.63s
--> Batch: 199, Loss: 25.3697, Label: 7, Survival Months: 20.11, Risk: -1.0336
	--> Average Speed: 1.19s per batch
	--> Time from Last Check: 38.23s
--> Batch: 249, Loss: 24.5457, Label: 9, Survival Months: 25.20, Risk: -1.0339
	--> Average Speed: 0.95s per batch
	--> Time from Last Check: 30.28s
--> Batch: 299, Loss: 24.0180, Label: 13, Survival Months: 45.04, Risk: -1.0341
	--> Average Speed: 1.25s per batch
	--> Time from Last Check: 40.14s
--> Batch: 349, Loss: 23.4435, Label: 16, Survival Months: 75.76, Risk: -1.0343
	--> Average Speed: 1.22s per batch
	--> Time from Last Check: 38.94s
--> Batch: 399, Loss: 21.7984, Label: 3, Survival Months: 12.98, Risk: -1.0347
	--> Average Speed: 1.44s per batch
	--> Time from Last Check: 46.03s
--> Batch: 449, Loss: 20.9985, Label: 4, Survival Months: 14.68, Risk: -1.0352
	--> Average Speed: 0.50s per batch
	--> Time from Last Check: 15.91s
--> Batch: 499, Loss: 20.1381, Label: 2, Survival Months: 11.76, Risk: -1.0355
	--> Average Speed: 1.11s per batch
	--> Time from Last Check: 35.56s
--> Batch: 549, Loss: 20.3827, Label: 16, Survival Months: 76.51, Risk: -1.0358
	--> Average Speed: 1.47s per batch
	--> Time from Last Check: 47.08s
--> Batch: 599, Loss: 18.8181, Label: 3, Survival Months: 13.24, Risk: -1.0364
	--> Average Speed: 0.79s per batch
	--> Time from Last Check: 25.13s
--> Batch: 649, Loss: 27.5809, Label: 15, Survival Months: 59.53, Risk: -1.0370
	--> Average Speed: 1.67s per batch
	--> Time from Last Check: 53.45s
--> Batch: 699, Loss: 18.2645, Label: 16, Survival Months: 72.17, Risk: -1.0374
	--> Average Speed: 1.07s per batch
	--> Time from Last Check: 34.28s
--> Batch: 749, Loss: 16.5522, Label: 0, Survival Months: 0.33, Risk: -1.0379
	--> Average Speed: 1.23s per batch
	--> Time from Last Check: 39.45s
--> Batch: 799, Loss: 16.2830, Label: 5, Survival Months: 16.46, Risk: -1.0383
	--> Average Speed: 1.37s per batch
	--> Time from Last Check: 43.82s
[23/12/2024 - 18:37:54] - Epoch: 4, lr: 0.00010000, train_loss: 23.1063, train_c_index: 0.5045
Epoch: 4, val_loss: 17.4384, val_c_index: 0.5765
[23/12/2024 - 18:40:30] - Time elapsed for epoch 4: 750s
[23/12/2024 - 18:40:30] - Epoch: 5
--> Batch: 49, Loss: 16.0706, Label: 15, Survival Months: 64.16, Risk: -1.0390
	--> Average Speed: 1.04s per batch
	--> Time from Last Check: 33.32s
--> Batch: 99, Loss: 15.1616, Label: 10, Survival Months: 27.56, Risk: -1.0397
	--> Average Speed: 0.93s per batch
	--> Time from Last Check: 29.65s
--> Batch: 149, Loss: 15.2204, Label: 19, Survival Months: 188.53, Risk: -1.0402
	--> Average Speed: 1.61s per batch
	--> Time from Last Check: 51.57s
--> Batch: 199, Loss: 14.1356, Label: 11, Survival Months: 35.45, Risk: -1.0407
	--> Average Speed: 1.50s per batch
	--> Time from Last Check: 47.98s
--> Batch: 249, Loss: 13.3395, Label: 8, Survival Months: 23.23, Risk: -1.0411
	--> Average Speed: 1.91s per batch
	--> Time from Last Check: 61.10s
--> Batch: 299, Loss: 13.5193, Label: 18, Survival Months: 105.26, Risk: -1.0413
	--> Average Speed: 1.76s per batch
	--> Time from Last Check: 56.35s
--> Batch: 349, Loss: 23.9601, Label: 19, Survival Months: 212.09, Risk: -1.0416
	--> Average Speed: 1.20s per batch
	--> Time from Last Check: 38.30s
--> Batch: 399, Loss: 11.8964, Label: 8, Survival Months: 20.99, Risk: -1.0421
	--> Average Speed: 1.84s per batch
	--> Time from Last Check: 58.88s
--> Batch: 449, Loss: 11.5598, Label: 11, Survival Months: 33.08, Risk: -1.0425
	--> Average Speed: 1.33s per batch
	--> Time from Last Check: 42.43s
--> Batch: 499, Loss: 11.1230, Label: 11, Survival Months: 33.08, Risk: -1.0429
	--> Average Speed: 1.02s per batch
	--> Time from Last Check: 32.67s
--> Batch: 549, Loss: 10.2907, Label: 5, Survival Months: 17.12, Risk: -1.0432
	--> Average Speed: 1.65s per batch
	--> Time from Last Check: 52.81s
--> Batch: 599, Loss: 10.6199, Label: 16, Survival Months: 69.91, Risk: -1.0436
	--> Average Speed: 1.39s per batch
	--> Time from Last Check: 44.50s
--> Batch: 649, Loss: 9.8101, Label: 11, Survival Months: 33.02, Risk: -1.0439
	--> Average Speed: 1.00s per batch
	--> Time from Last Check: 31.84s
--> Batch: 699, Loss: 9.6228, Label: 14, Survival Months: 50.00, Risk: -1.0443
	--> Average Speed: 1.66s per batch
	--> Time from Last Check: 53.15s
--> Batch: 749, Loss: 8.3716, Label: 1, Survival Months: 7.46, Risk: -1.0447
	--> Average Speed: 1.34s per batch
	--> Time from Last Check: 42.95s
--> Batch: 799, Loss: 8.4222, Label: 7, Survival Months: 19.55, Risk: -1.0451
	--> Average Speed: 1.78s per batch
	--> Time from Last Check: 56.98s
[23/12/2024 - 18:52:54] - Epoch: 5, lr: 0.00010000, train_loss: 12.8791, train_c_index: 0.4827
Epoch: 5, val_loss: 9.5575, val_c_index: 0.5000
[23/12/2024 - 18:55:43] - Time elapsed for epoch 5: 913s
[23/12/2024 - 18:55:43] - Epoch: 6
--> Batch: 49, Loss: 8.7118, Label: 19, Survival Months: 139.06, Risk: -1.0456
	--> Average Speed: 1.15s per batch
	--> Time from Last Check: 36.91s
--> Batch: 99, Loss: 7.5025, Label: 6, Survival Months: 17.48, Risk: -1.0459
	--> Average Speed: 1.52s per batch
	--> Time from Last Check: 48.55s
--> Batch: 149, Loss: 7.5087, Label: 11, Survival Months: 34.79, Risk: -1.0461
	--> Average Speed: 1.41s per batch
	--> Time from Last Check: 45.23s
--> Batch: 199, Loss: 7.3319, Label: 13, Survival Months: 41.59, Risk: -1.0465
	--> Average Speed: 1.04s per batch
	--> Time from Last Check: 33.18s
--> Batch: 249, Loss: 16.9657, Label: 17, Survival Months: 93.76, Risk: -1.0469
	--> Average Speed: 1.78s per batch
	--> Time from Last Check: 57.05s
--> Batch: 299, Loss: 5.9035, Label: 1, Survival Months: 9.86, Risk: -1.0473
	--> Average Speed: 1.31s per batch
	--> Time from Last Check: 42.00s
--> Batch: 349, Loss: 5.9838, Label: 6, Survival Months: 18.79, Risk: -1.0478
	--> Average Speed: 1.84s per batch
	--> Time from Last Check: 58.98s
--> Batch: 399, Loss: 5.8623, Label: 8, Survival Months: 21.12, Risk: -1.0484
	--> Average Speed: 1.31s per batch
	--> Time from Last Check: 41.96s
--> Batch: 449, Loss: 10.5362, Label: 8, Survival Months: 20.99, Risk: -1.0491
	--> Average Speed: 1.99s per batch
	--> Time from Last Check: 63.57s
--> Batch: 499, Loss: 4.9452, Label: 2, Survival Months: 10.78, Risk: -1.0496
	--> Average Speed: 1.56s per batch
	--> Time from Last Check: 50.07s
--> Batch: 549, Loss: 4.6642, Label: 1, Survival Months: 7.03, Risk: -1.0501
	--> Average Speed: 1.09s per batch
	--> Time from Last Check: 35.04s
--> Batch: 599, Loss: 4.4005, Label: 0, Survival Months: 0.79, Risk: -1.0505
	--> Average Speed: 0.99s per batch
	--> Time from Last Check: 31.80s
--> Batch: 649, Loss: 4.7820, Label: 9, Survival Months: 25.53, Risk: -1.0510
	--> Average Speed: 2.73s per batch
	--> Time from Last Check: 87.44s
--> Batch: 699, Loss: 10.6537, Label: 10, Survival Months: 28.25, Risk: -1.0514
	--> Average Speed: 1.58s per batch
	--> Time from Last Check: 50.67s
--> Batch: 749, Loss: 4.5073, Label: 10, Survival Months: 31.70, Risk: -1.0519
	--> Average Speed: 1.34s per batch
	--> Time from Last Check: 43.03s
--> Batch: 799, Loss: 4.6316, Label: 14, Survival Months: 51.64, Risk: -1.0524
	--> Average Speed: 0.86s per batch
	--> Time from Last Check: 27.42s
[23/12/2024 - 19:08:30] - Epoch: 6, lr: 0.00010000, train_loss: 6.8848, train_c_index: 0.4775
Epoch: 6, val_loss: 5.4052, val_c_index: 0.5000
[23/12/2024 - 19:11:04] - Time elapsed for epoch 6: 921s
[23/12/2024 - 19:11:04] - Epoch: 7
