Environment conda activated
Job 2500955 started

#################### [23/12/2024 - 21:20:42] - MCAT started ####################
WANDB: setting up for report

CUDA: available
--> Device count: 1
--> Using device: Quadro RTX 6000
--> Running on CUDA

DATASET: TCGA data only
--> Remaining samples after removing incomplete: 1017
--> Class intervals: [
	0: [0.03 - 2.97]
	1: [2.97 - 9.92]
	2: [9.92 - 12.17]
	3: [12.17 - 13.28]
	4: [13.28 - 15.14]
	5: [15.14 - 17.17]
	6: [17.17 - 18.83]
	7: [18.83 - 20.37]
	8: [20.37 - 23.46]
	9: [23.46 - 26.48]
	10: [26.48 - 31.95]
	11: [31.95 - 35.70]
	12: [35.70 - 40.41]
	13: [40.41 - 48.22]
	14: [48.22 - 54.96]
	15: [54.96 - 65.91]
	16: [65.91 - 77.65]
	17: [77.65 - 93.78]
	18: [93.78 - 109.23]
	19: [109.23 - 282.69]
    ]
--> Standardizing RNA-seq data
--> Signatures size: [16638]
--> Using 80% train, 20% validation
--> Training Set: [811], Validation Set: [206]

MODEL: MCAT
--> Trainable parameters of MCAT: 7556886
--> Loss function: CrossEntropySurvivalLoss
--> Optimizer: adam

################## [23/12/2024 - 21:21:26] - Training started ##################
[23/12/2024 - 21:21:26] - Epoch: 1
--> Batch: 49, Loss: 1.6218, Label: 15, Survival Months: 61.53, Risk: -1.0545
	--> Average Speed: 1.19s per batch
	--> Time from Last Check: 38.20s
--> Batch: 99, Loss: 1.7721, Label: 17, Survival Months: 88.93, Risk: -1.1343
	--> Average Speed: 1.01s per batch
	--> Time from Last Check: 32.23s
--> Batch: 149, Loss: 0.6276, Label: 6, Survival Months: 18.20, Risk: -1.2891
	--> Average Speed: 0.81s per batch
	--> Time from Last Check: 25.81s
--> Batch: 199, Loss: 1.0307, Label: 12, Survival Months: 40.08, Risk: -1.6235
	--> Average Speed: 1.55s per batch
	--> Time from Last Check: 49.68s
--> Batch: 249, Loss: 0.2732, Label: 4, Survival Months: 13.70, Risk: -2.2954
	--> Average Speed: 0.97s per batch
	--> Time from Last Check: 31.05s
--> Batch: 299, Loss: 0.7371, Label: 13, Survival Months: 44.78, Risk: -2.9060
	--> Average Speed: 1.79s per batch
	--> Time from Last Check: 57.27s
--> Batch: 349, Loss: 0.4762, Label: 11, Survival Months: 35.02, Risk: -4.2373
	--> Average Speed: 1.41s per batch
	--> Time from Last Check: 45.03s
--> Batch: 399, Loss: 0.1860, Label: 8, Survival Months: 23.09, Risk: -5.9717
	--> Average Speed: 1.38s per batch
	--> Time from Last Check: 44.26s
--> Batch: 449, Loss: 0.0781, Label: 7, Survival Months: 18.89, Risk: -9.0787
	--> Average Speed: 0.65s per batch
	--> Time from Last Check: 20.73s
--> Batch: 499, Loss: 0.2253, Label: 17, Survival Months: 88.53, Risk: -12.5258
	--> Average Speed: 0.94s per batch
	--> Time from Last Check: 30.02s
--> Batch: 549, Loss: 0.0855, Label: 14, Survival Months: 50.00, Risk: -13.7573
	--> Average Speed: 1.03s per batch
	--> Time from Last Check: 32.89s
--> Batch: 599, Loss: 0.0226, Label: 6, Survival Months: 18.46, Risk: -13.5549
	--> Average Speed: 1.07s per batch
	--> Time from Last Check: 34.17s
--> Batch: 649, Loss: 1.7421, Label: 15, Survival Months: 58.90, Risk: -14.1423
	--> Average Speed: 1.52s per batch
	--> Time from Last Check: 48.67s
--> Batch: 699, Loss: 0.1493, Label: 17, Survival Months: 81.77, Risk: -14.4465
	--> Average Speed: 0.86s per batch
	--> Time from Last Check: 27.39s
--> Batch: 749, Loss: 0.0073, Label: 3, Survival Months: 12.35, Risk: -15.3730
	--> Average Speed: 0.98s per batch
	--> Time from Last Check: 31.47s
--> Batch: 799, Loss: 2.7155, Label: 14, Survival Months: 54.96, Risk: -14.4711
	--> Average Speed: 2.07s per batch
	--> Time from Last Check: 66.13s
[23/12/2024 - 21:31:42] - Epoch: 1, lr: 0.00010000, train_loss: 0.9871, train_c_index: 0.5148
Epoch: 0, val_loss: 0.3552, val_c_index: 0.5604
[23/12/2024 - 21:33:41] - Time elapsed for epoch 1: 734s
[23/12/2024 - 21:33:41] - Epoch: 2
--> Batch: 49, Loss: 2.2547, Label: 18, Survival Months: 100.62, Risk: -14.0683
	--> Average Speed: 1.22s per batch
	--> Time from Last Check: 39.07s
--> Batch: 99, Loss: 1.5962, Label: 15, Survival Months: 63.30, Risk: -14.2556
	--> Average Speed: 0.87s per batch
	--> Time from Last Check: 27.89s
--> Batch: 149, Loss: 3.6551, Label: 1, Survival Months: 5.26, Risk: -15.1681
	--> Average Speed: 1.23s per batch
	--> Time from Last Check: 39.36s
--> Batch: 199, Loss: 3.4059, Label: 7, Survival Months: 20.17, Risk: -13.9846
	--> Average Speed: 0.90s per batch
	--> Time from Last Check: 28.91s
--> Batch: 249, Loss: 0.0308, Label: 6, Survival Months: 17.51, Risk: -12.8198
	--> Average Speed: 0.74s per batch
	--> Time from Last Check: 23.73s
--> Batch: 299, Loss: 0.0470, Label: 11, Survival Months: 32.98, Risk: -14.0421
	--> Average Speed: 0.81s per batch
	--> Time from Last Check: 25.94s
--> Batch: 349, Loss: 0.2265, Label: 18, Survival Months: 107.98, Risk: -12.9828
	--> Average Speed: 0.79s per batch
	--> Time from Last Check: 25.19s
--> Batch: 399, Loss: 0.0175, Label: 4, Survival Months: 14.68, Risk: -13.2804
	--> Average Speed: 0.94s per batch
	--> Time from Last Check: 30.03s
--> Batch: 449, Loss: 0.0774, Label: 14, Survival Months: 50.85, Risk: -13.8072
	--> Average Speed: 1.18s per batch
	--> Time from Last Check: 37.84s
--> Batch: 499, Loss: 0.0013, Label: 0, Survival Months: 0.03, Risk: -11.7785
	--> Average Speed: 1.15s per batch
	--> Time from Last Check: 36.88s
--> Batch: 549, Loss: 0.0014, Label: 0, Survival Months: 2.50, Risk: -12.0196
	--> Average Speed: 1.47s per batch
	--> Time from Last Check: 47.05s
--> Batch: 599, Loss: 0.0391, Label: 5, Survival Months: 16.49, Risk: -10.5644
	--> Average Speed: 1.42s per batch
	--> Time from Last Check: 45.41s
--> Batch: 649, Loss: 0.0300, Label: 10, Survival Months: 26.91, Risk: -15.0235
	--> Average Speed: 1.15s per batch
	--> Time from Last Check: 36.67s
--> Batch: 699, Loss: 0.0004, Label: 0, Survival Months: 0.33, Risk: -14.7448
	--> Average Speed: 0.65s per batch
	--> Time from Last Check: 20.89s
--> Batch: 749, Loss: 0.0003, Label: 0, Survival Months: 0.33, Risk: -14.8529
	--> Average Speed: 0.57s per batch
	--> Time from Last Check: 18.25s
--> Batch: 799, Loss: 3.4585, Label: 11, Survival Months: 33.97, Risk: -14.0224
	--> Average Speed: 1.25s per batch
	--> Time from Last Check: 40.03s
[23/12/2024 - 21:42:28] - Epoch: 2, lr: 0.00010000, train_loss: 0.4453, train_c_index: 0.4732
Epoch: 1, val_loss: 0.3398, val_c_index: 0.6342
[23/12/2024 - 21:44:06] - Time elapsed for epoch 2: 626s
[23/12/2024 - 21:44:06] - Epoch: 3
--> Batch: 49, Loss: 0.0303, Label: 6, Survival Months: 18.13, Risk: -12.7518
	--> Average Speed: 0.78s per batch
	--> Time from Last Check: 24.99s
--> Batch: 99, Loss: 0.0309, Label: 4, Survival Months: 13.90, Risk: -11.2068
	--> Average Speed: 1.33s per batch
	--> Time from Last Check: 42.61s
--> Batch: 149, Loss: 0.0328, Label: 7, Survival Months: 19.38, Risk: -13.0645
	--> Average Speed: 1.10s per batch
	--> Time from Last Check: 35.12s
--> Batch: 199, Loss: 0.0728, Label: 14, Survival Months: 52.92, Risk: -14.3084
	--> Average Speed: 0.96s per batch
	--> Time from Last Check: 30.82s
--> Batch: 249, Loss: 0.0767, Label: 13, Survival Months: 40.51, Risk: -13.5868
	--> Average Speed: 0.78s per batch
	--> Time from Last Check: 25.10s
--> Batch: 299, Loss: 0.0627, Label: 14, Survival Months: 54.14, Risk: -14.8251
	--> Average Speed: 1.03s per batch
	--> Time from Last Check: 33.02s
--> Batch: 349, Loss: 1.2333, Label: 19, Survival Months: 122.73, Risk: -14.5875
	--> Average Speed: 1.26s per batch
	--> Time from Last Check: 40.36s
--> Batch: 399, Loss: 0.1084, Label: 16, Survival Months: 73.59, Risk: -14.4084
	--> Average Speed: 0.52s per batch
	--> Time from Last Check: 16.79s
--> Batch: 449, Loss: 3.2310, Label: 2, Survival Months: 11.89, Risk: -11.6879
	--> Average Speed: 1.32s per batch
	--> Time from Last Check: 42.16s
--> Batch: 499, Loss: 0.0303, Label: 3, Survival Months: 12.65, Risk: -11.2755
	--> Average Speed: 0.64s per batch
	--> Time from Last Check: 20.63s
--> Batch: 549, Loss: 0.1063, Label: 15, Survival Months: 64.78, Risk: -14.0458
	--> Average Speed: 0.78s per batch
	--> Time from Last Check: 24.95s
--> Batch: 599, Loss: 0.0073, Label: 2, Survival Months: 11.07, Risk: -14.9356
	--> Average Speed: 0.91s per batch
	--> Time from Last Check: 29.09s
--> Batch: 649, Loss: 0.0114, Label: 3, Survival Months: 12.48, Risk: -14.5605
	--> Average Speed: 1.11s per batch
	--> Time from Last Check: 35.61s
--> Batch: 699, Loss: 3.5188, Label: 2, Survival Months: 11.04, Risk: -12.9151
	--> Average Speed: 1.32s per batch
	--> Time from Last Check: 42.33s
--> Batch: 749, Loss: 0.0138, Label: 5, Survival Months: 15.31, Risk: -14.4848
	--> Average Speed: 0.73s per batch
	--> Time from Last Check: 23.28s
--> Batch: 799, Loss: 0.0321, Label: 4, Survival Months: 14.68, Risk: -11.4217
	--> Average Speed: 0.85s per batch
	--> Time from Last Check: 27.32s
[23/12/2024 - 21:52:30] - Epoch: 3, lr: 0.00010000, train_loss: 0.4288, train_c_index: 0.6281
Epoch: 2, val_loss: 0.3320, val_c_index: 0.6720
[23/12/2024 - 21:53:40] - Time elapsed for epoch 3: 573s
[23/12/2024 - 21:53:40] - Epoch: 4
--> Batch: 49, Loss: 0.0848, Label: 14, Survival Months: 50.79, Risk: -13.5254
	--> Average Speed: 0.75s per batch
	--> Time from Last Check: 23.91s
--> Batch: 99, Loss: 0.0114, Label: 6, Survival Months: 17.18, Risk: -15.5645
	--> Average Speed: 0.51s per batch
	--> Time from Last Check: 16.17s
--> Batch: 149, Loss: 0.0186, Label: 8, Survival Months: 21.81, Risk: -14.8182
	--> Average Speed: 0.56s per batch
	--> Time from Last Check: 17.77s
--> Batch: 199, Loss: 0.0727, Label: 8, Survival Months: 23.46, Risk: -10.0416
	--> Average Speed: 0.90s per batch
	--> Time from Last Check: 28.75s
--> Batch: 249, Loss: 1.4557, Label: 19, Survival Months: 244.91, Risk: -14.5707
	--> Average Speed: 0.57s per batch
	--> Time from Last Check: 18.11s
--> Batch: 299, Loss: 0.0105, Label: 1, Survival Months: 7.95, Risk: -12.9693
	--> Average Speed: 1.07s per batch
	--> Time from Last Check: 34.09s
--> Batch: 349, Loss: 0.0070, Label: 3, Survival Months: 13.24, Risk: -15.7986
	--> Average Speed: 0.98s per batch
	--> Time from Last Check: 31.42s
--> Batch: 399, Loss: 0.0275, Label: 6, Survival Months: 18.50, Risk: -13.0595
	--> Average Speed: 0.87s per batch
	--> Time from Last Check: 27.76s
--> Batch: 449, Loss: 0.0055, Label: 2, Survival Months: 11.99, Risk: -15.7859
	--> Average Speed: 0.66s per batch
	--> Time from Last Check: 20.97s
--> Batch: 499, Loss: 0.0541, Label: 15, Survival Months: 61.63, Risk: -16.2856
	--> Average Speed: 0.94s per batch
	--> Time from Last Check: 30.16s
--> Batch: 549, Loss: 0.0071, Label: 5, Survival Months: 15.21, Risk: -15.9237
	--> Average Speed: 0.56s per batch
	--> Time from Last Check: 18.04s
--> Batch: 599, Loss: 0.0317, Label: 13, Survival Months: 42.41, Risk: -16.0341
	--> Average Speed: 1.20s per batch
	--> Time from Last Check: 38.40s
--> Batch: 649, Loss: 0.0704, Label: 5, Survival Months: 15.31, Risk: -7.8092
	--> Average Speed: 0.68s per batch
	--> Time from Last Check: 21.84s
--> Batch: 699, Loss: 0.0226, Label: 4, Survival Months: 13.99, Risk: -12.2681
	--> Average Speed: 0.69s per batch
	--> Time from Last Check: 22.06s
--> Batch: 749, Loss: 0.0454, Label: 4, Survival Months: 14.72, Risk: -9.3900
	--> Average Speed: 1.14s per batch
	--> Time from Last Check: 36.39s
--> Batch: 799, Loss: 2.4702, Label: 7, Survival Months: 20.11, Risk: -4.9849
	--> Average Speed: 0.74s per batch
	--> Time from Last Check: 23.78s
[23/12/2024 - 22:00:32] - Epoch: 4, lr: 0.00010000, train_loss: 0.3964, train_c_index: 0.7724
Epoch: 3, val_loss: 0.3634, val_c_index: 0.6517
[23/12/2024 - 22:01:53] - Time elapsed for epoch 4: 493s
[23/12/2024 - 22:01:53] - Epoch: 5
--> Batch: 49, Loss: 0.0492, Label: 6, Survival Months: 17.48, Risk: -10.5131
	--> Average Speed: 0.46s per batch
	--> Time from Last Check: 14.68s
--> Batch: 99, Loss: 2.6196, Label: 6, Survival Months: 18.50, Risk: -10.1695
	--> Average Speed: 0.91s per batch
	--> Time from Last Check: 29.28s
--> Batch: 149, Loss: 0.0840, Label: 11, Survival Months: 35.45, Risk: -11.6236
	--> Average Speed: 1.04s per batch
	--> Time from Last Check: 33.35s
--> Batch: 199, Loss: 0.0722, Label: 15, Survival Months: 56.77, Risk: -15.9715
	--> Average Speed: 0.72s per batch
	--> Time from Last Check: 23.01s
--> Batch: 249, Loss: 0.0165, Label: 12, Survival Months: 37.98, Risk: -15.9285
	--> Average Speed: 0.78s per batch
	--> Time from Last Check: 25.02s
--> Batch: 299, Loss: 0.0459, Label: 13, Survival Months: 44.38, Risk: -15.3694
	--> Average Speed: 1.48s per batch
	--> Time from Last Check: 47.35s
--> Batch: 349, Loss: 0.0037, Label: 6, Survival Months: 18.20, Risk: -16.6835
	--> Average Speed: 0.77s per batch
	--> Time from Last Check: 24.63s
--> Batch: 399, Loss: 0.0364, Label: 14, Survival Months: 49.80, Risk: -15.9648
	--> Average Speed: 0.41s per batch
	--> Time from Last Check: 13.05s
--> Batch: 449, Loss: 0.0235, Label: 6, Survival Months: 18.20, Risk: -13.0920
	--> Average Speed: 0.85s per batch
	--> Time from Last Check: 27.23s
--> Batch: 499, Loss: 0.0062, Label: 4, Survival Months: 14.68, Risk: -15.4170
	--> Average Speed: 0.40s per batch
	--> Time from Last Check: 12.78s
--> Batch: 549, Loss: 0.3612, Label: 19, Survival Months: 255.49, Risk: -16.7758
	--> Average Speed: 1.27s per batch
	--> Time from Last Check: 40.54s
--> Batch: 599, Loss: 0.0174, Label: 13, Survival Months: 46.62, Risk: -16.8155
	--> Average Speed: 0.80s per batch
	--> Time from Last Check: 25.67s
--> Batch: 649, Loss: 4.6087, Label: 11, Survival Months: 33.97, Risk: -16.3963
	--> Average Speed: 0.82s per batch
	--> Time from Last Check: 26.35s
--> Batch: 699, Loss: 0.0937, Label: 17, Survival Months: 80.22, Risk: -16.9224
	--> Average Speed: 0.99s per batch
	--> Time from Last Check: 31.74s
--> Batch: 749, Loss: 0.2291, Label: 18, Survival Months: 107.98, Risk: -14.0238
	--> Average Speed: 0.48s per batch
	--> Time from Last Check: 15.39s
--> Batch: 799, Loss: 0.3469, Label: 19, Survival Months: 281.08, Risk: -16.7356
	--> Average Speed: 0.68s per batch
	--> Time from Last Check: 21.72s
[23/12/2024 - 22:08:49] - Epoch: 5, lr: 0.00010000, train_loss: 0.3694, train_c_index: 0.8502
Epoch: 4, val_loss: 0.4090, val_c_index: 0.6381
[23/12/2024 - 22:10:17] - Time elapsed for epoch 5: 504s
[23/12/2024 - 22:10:17] - Epoch: 6
--> Batch: 49, Loss: 1.9148, Label: 17, Survival Months: 89.09, Risk: -16.6071
	--> Average Speed: 1.17s per batch
	--> Time from Last Check: 37.30s
--> Batch: 99, Loss: 2.3028, Label: 18, Survival Months: 107.16, Risk: -13.8749
	--> Average Speed: 0.74s per batch
	--> Time from Last Check: 23.78s
--> Batch: 149, Loss: 0.0062, Label: 9, Survival Months: 25.13, Risk: -16.1840
	--> Average Speed: 0.95s per batch
	--> Time from Last Check: 30.56s
--> Batch: 199, Loss: 0.0709, Label: 14, Survival Months: 54.60, Risk: -14.6637
	--> Average Speed: 0.84s per batch
	--> Time from Last Check: 26.83s
--> Batch: 249, Loss: 0.0377, Label: 14, Survival Months: 50.03, Risk: -16.1647
	--> Average Speed: 0.82s per batch
	--> Time from Last Check: 26.11s
--> Batch: 299, Loss: 0.3873, Label: 19, Survival Months: 125.07, Risk: -16.0091
	--> Average Speed: 1.06s per batch
	--> Time from Last Check: 33.83s
--> Batch: 349, Loss: 0.0017, Label: 3, Survival Months: 12.32, Risk: -16.4718
	--> Average Speed: 0.68s per batch
	--> Time from Last Check: 21.85s
--> Batch: 399, Loss: 0.0009, Label: 2, Survival Months: 10.28, Risk: -16.8742
	--> Average Speed: 0.69s per batch
	--> Time from Last Check: 22.09s
--> Batch: 449, Loss: 0.0010, Label: 2, Survival Months: 11.99, Risk: -16.7977
	--> Average Speed: 0.58s per batch
	--> Time from Last Check: 18.69s
--> Batch: 499, Loss: 0.0080, Label: 12, Survival Months: 38.21, Risk: -17.0966
	--> Average Speed: 0.84s per batch
	--> Time from Last Check: 26.92s
--> Batch: 549, Loss: 0.0499, Label: 15, Survival Months: 55.39, Risk: -16.9743
	--> Average Speed: 0.84s per batch
	--> Time from Last Check: 26.76s
--> Batch: 599, Loss: 0.0000, Label: 0, Survival Months: 0.33, Risk: -17.3715
	--> Average Speed: 1.18s per batch
	--> Time from Last Check: 37.91s
--> Batch: 649, Loss: 0.0064, Label: 3, Survival Months: 12.32, Risk: -14.5710
	--> Average Speed: 0.82s per batch
	--> Time from Last Check: 26.16s
--> Batch: 699, Loss: 0.0016, Label: 6, Survival Months: 18.20, Risk: -17.0570
	--> Average Speed: 0.62s per batch
	--> Time from Last Check: 19.78s
--> Batch: 749, Loss: 0.0920, Label: 4, Survival Months: 14.78, Risk: -5.9749
	--> Average Speed: 0.48s per batch
	--> Time from Last Check: 15.36s
--> Batch: 799, Loss: 0.0246, Label: 14, Survival Months: 54.01, Risk: -16.5904
	--> Average Speed: 0.70s per batch
	--> Time from Last Check: 22.43s
[23/12/2024 - 22:17:15] - Epoch: 6, lr: 0.00010000, train_loss: 0.3465, train_c_index: 0.8958
Epoch: 5, val_loss: 0.4242, val_c_index: 0.5796
[23/12/2024 - 22:18:41] - Time elapsed for epoch 6: 504s
[23/12/2024 - 22:18:41] - Epoch: 7
--> Batch: 49, Loss: 0.0013, Label: 5, Survival Months: 17.05, Risk: -16.9973
	--> Average Speed: 0.54s per batch
	--> Time from Last Check: 17.31s
--> Batch: 99, Loss: 0.0061, Label: 9, Survival Months: 25.20, Risk: -16.7938
	--> Average Speed: 1.39s per batch
	--> Time from Last Check: 44.41s
--> Batch: 149, Loss: 0.0153, Label: 13, Survival Months: 41.10, Risk: -17.1079
	--> Average Speed: 0.85s per batch
	--> Time from Last Check: 27.17s
--> Batch: 199, Loss: 1.8128, Label: 3, Survival Months: 12.39, Risk: -3.0277
	--> Average Speed: 0.56s per batch
	--> Time from Last Check: 17.79s
--> Batch: 249, Loss: 0.0029, Label: 10, Survival Months: 30.06, Risk: -17.6300
	--> Average Speed: 1.00s per batch
	--> Time from Last Check: 31.94s
--> Batch: 299, Loss: 0.0015, Label: 8, Survival Months: 21.12, Risk: -17.6048
	--> Average Speed: 0.79s per batch
	--> Time from Last Check: 25.14s
--> Batch: 349, Loss: 0.8926, Label: 19, Survival Months: 127.23, Risk: -17.5592
	--> Average Speed: 1.30s per batch
	--> Time from Last Check: 41.55s
--> Batch: 399, Loss: 1.8390, Label: 16, Survival Months: 74.67, Risk: -15.8094
	--> Average Speed: 0.71s per batch
	--> Time from Last Check: 22.71s
--> Batch: 449, Loss: 0.0089, Label: 3, Survival Months: 13.04, Risk: -13.7126
	--> Average Speed: 0.87s per batch
	--> Time from Last Check: 27.87s
--> Batch: 499, Loss: 0.0043, Label: 7, Survival Months: 19.65, Risk: -16.3452
	--> Average Speed: 0.85s per batch
	--> Time from Last Check: 27.09s
--> Batch: 549, Loss: 0.0992, Label: 16, Survival Months: 70.83, Risk: -15.9175
	--> Average Speed: 0.96s per batch
	--> Time from Last Check: 30.70s
--> Batch: 599, Loss: 0.0000, Label: 0, Survival Months: 0.33, Risk: -17.3156
	--> Average Speed: 1.38s per batch
	--> Time from Last Check: 44.02s
--> Batch: 649, Loss: 0.0173, Label: 10, Survival Months: 30.98, Risk: -15.3851
	--> Average Speed: 0.81s per batch
	--> Time from Last Check: 26.00s
--> Batch: 699, Loss: 0.0046, Label: 8, Survival Months: 23.23, Risk: -16.2622
	--> Average Speed: 0.64s per batch
	--> Time from Last Check: 20.51s
--> Batch: 749, Loss: 1.0467, Label: 19, Survival Months: 146.39, Risk: -17.1972
	--> Average Speed: 0.79s per batch
	--> Time from Last Check: 25.28s
--> Batch: 799, Loss: 0.0138, Label: 14, Survival Months: 49.01, Risk: -16.9477
	--> Average Speed: 0.45s per batch
	--> Time from Last Check: 14.25s
[23/12/2024 - 22:26:07] - Epoch: 7, lr: 0.00010000, train_loss: 0.3324, train_c_index: 0.9099
Epoch: 6, val_loss: 0.4480, val_c_index: 0.6129
[23/12/2024 - 22:27:18] - Time elapsed for epoch 7: 517s
[23/12/2024 - 22:27:18] - Epoch: 8
--> Batch: 49, Loss: 0.0013, Label: 6, Survival Months: 17.94, Risk: -16.6393
	--> Average Speed: 0.51s per batch
	--> Time from Last Check: 16.43s
--> Batch: 99, Loss: 0.0002, Label: 5, Survival Months: 17.05, Risk: -17.1210
	--> Average Speed: 0.67s per batch
	--> Time from Last Check: 21.54s
--> Batch: 149, Loss: 0.0043, Label: 11, Survival Months: 34.40, Risk: -17.0101
	--> Average Speed: 0.52s per batch
	--> Time from Last Check: 16.71s
--> Batch: 199, Loss: 0.0657, Label: 13, Survival Months: 40.51, Risk: -14.1770
	--> Average Speed: 0.55s per batch
	--> Time from Last Check: 17.63s
--> Batch: 249, Loss: 0.0057, Label: 9, Survival Months: 24.57, Risk: -15.7003
	--> Average Speed: 0.87s per batch
	--> Time from Last Check: 27.68s
--> Batch: 299, Loss: 0.0021, Label: 4, Survival Months: 14.49, Risk: -15.1512
	--> Average Speed: 0.53s per batch
	--> Time from Last Check: 17.11s
--> Batch: 349, Loss: 0.0003, Label: 4, Survival Months: 13.47, Risk: -17.1094
	--> Average Speed: 0.75s per batch
	--> Time from Last Check: 23.95s
--> Batch: 399, Loss: 0.0002, Label: 3, Survival Months: 12.25, Risk: -17.6264
	--> Average Speed: 0.85s per batch
	--> Time from Last Check: 27.19s
--> Batch: 449, Loss: 0.0010, Label: 7, Survival Months: 19.22, Risk: -17.5364
	--> Average Speed: 0.46s per batch
	--> Time from Last Check: 14.62s
--> Batch: 499, Loss: 0.0104, Label: 14, Survival Months: 50.43, Risk: -17.7267
	--> Average Speed: 0.46s per batch
	--> Time from Last Check: 14.79s
--> Batch: 549, Loss: 2.2014, Label: 13, Survival Months: 43.50, Risk: -13.3255
	--> Average Speed: 0.68s per batch
	--> Time from Last Check: 21.79s
--> Batch: 599, Loss: 0.0008, Label: 5, Survival Months: 15.67, Risk: -16.7112
	--> Average Speed: 0.69s per batch
	--> Time from Last Check: 22.22s
--> Batch: 649, Loss: 0.0015, Label: 2, Survival Months: 9.99, Risk: -15.8578
	--> Average Speed: 0.64s per batch
	--> Time from Last Check: 20.39s
--> Batch: 699, Loss: 1.8728, Label: 10, Survival Months: 29.01, Risk: -6.7953
	--> Average Speed: 0.76s per batch
	--> Time from Last Check: 24.26s
--> Batch: 749, Loss: 0.0002, Label: 5, Survival Months: 16.46, Risk: -17.3239
	--> Average Speed: 0.71s per batch
	--> Time from Last Check: 22.80s
--> Batch: 799, Loss: 0.8378, Label: 19, Survival Months: 140.18, Risk: -17.4926
	--> Average Speed: 0.54s per batch
	--> Time from Last Check: 17.21s
[23/12/2024 - 22:32:45] - Epoch: 8, lr: 0.00010000, train_loss: 0.3237, train_c_index: 0.9114
Epoch: 7, val_loss: 0.4659, val_c_index: 0.6271
[23/12/2024 - 22:33:59] - Time elapsed for epoch 8: 401s
[23/12/2024 - 22:33:59] - Epoch: 9
--> Batch: 49, Loss: 0.1041, Label: 18, Survival Months: 99.28, Risk: -17.5678
	--> Average Speed: 0.64s per batch
	--> Time from Last Check: 20.57s
--> Batch: 99, Loss: 0.0618, Label: 16, Survival Months: 77.60, Risk: -17.2511
	--> Average Speed: 0.62s per batch
	--> Time from Last Check: 19.88s
--> Batch: 149, Loss: 0.0012, Label: 10, Survival Months: 31.80, Risk: -17.1933
	--> Average Speed: 0.62s per batch
	--> Time from Last Check: 19.83s
--> Batch: 199, Loss: 0.0007, Label: 9, Survival Months: 26.22, Risk: -17.1785
	--> Average Speed: 0.59s per batch
	--> Time from Last Check: 18.74s
--> Batch: 249, Loss: 0.0001, Label: 2, Survival Months: 10.28, Risk: -17.4689
	--> Average Speed: 0.79s per batch
	--> Time from Last Check: 25.14s
--> Batch: 299, Loss: 0.0034, Label: 11, Survival Months: 32.52, Risk: -17.1834
	--> Average Speed: 0.85s per batch
	--> Time from Last Check: 27.18s
--> Batch: 349, Loss: 0.0616, Label: 16, Survival Months: 74.34, Risk: -16.9752
	--> Average Speed: 0.77s per batch
	--> Time from Last Check: 24.63s
--> Batch: 399, Loss: 0.0002, Label: 4, Survival Months: 14.45, Risk: -17.4205
	--> Average Speed: 0.71s per batch
	--> Time from Last Check: 22.69s
--> Batch: 449, Loss: 2.3700, Label: 7, Survival Months: 20.24, Risk: -10.2423
	--> Average Speed: 0.73s per batch
	--> Time from Last Check: 23.24s
--> Batch: 499, Loss: 0.0914, Label: 17, Survival Months: 86.89, Risk: -17.1977
	--> Average Speed: 0.88s per batch
	--> Time from Last Check: 28.16s
--> Batch: 549, Loss: 0.0462, Label: 16, Survival Months: 69.25, Risk: -17.5318
	--> Average Speed: 0.48s per batch
	--> Time from Last Check: 15.48s
--> Batch: 599, Loss: 0.0011, Label: 7, Survival Months: 19.19, Risk: -17.1411
	--> Average Speed: 1.07s per batch
	--> Time from Last Check: 34.37s
--> Batch: 649, Loss: 0.0019, Label: 2, Survival Months: 12.16, Risk: -15.0133
	--> Average Speed: 0.65s per batch
	--> Time from Last Check: 20.69s
--> Batch: 699, Loss: nan, Label: 2, Survival Months: 12.09, Risk: nan
	--> Average Speed: 0.44s per batch
	--> Time from Last Check: 14.21s
--> Batch: 749, Loss: nan, Label: 1, Survival Months: 5.19, Risk: nan
	--> Average Speed: 0.45s per batch
	--> Time from Last Check: 14.42s
--> Batch: 799, Loss: nan, Label: 6, Survival Months: 18.20, Risk: nan
	--> Average Speed: 0.38s per batch
	--> Time from Last Check: 12.01s
[1;34mwandb[0m: 🚀 View run [33msmart-resonance-60[0m at: [34mhttps://wandb.ai/luca_inghilterra-unimore/TCGA-BRCA-COMP/runs/lfmk0blt[0m
[1;34mwandb[0m: Find logs at: [1;35mwandb/run-20241223_212043-lfmk0blt/logs[0m
