Environment conda activated
Job 2503602 started

#################### [05/01/2025 - 17:56:57] - MCAT started ####################
HOSTNAME: germano

WANDB: setting up for report

CUDA: available
--> Device count: 1
--> Using device: NVIDIA GeForce RTX 2080 Ti
--> Running on CUDA

DATASET: TCGA data only
--> Remaining samples after removing incomplete: 910
--> Class intervals: [
	0: [0.00 - 4.83]
	1: [4.83 - 20.15]
	2: [20.15 - 28.14]
	3: [28.14 - 32.06]
	4: [32.06 - 35.42]
	5: [35.42 - 39.06]
	6: [39.06 - 43.86]
	7: [43.86 - 48.08]
	8: [48.08 - 52.18]
	9: [52.18 - 58.96]
	10: [58.96 - 68.74]
	11: [68.74 - 81.17]
	12: [81.17 - 93.39]
	13: [93.39 - 105.96]
	14: [105.96 - 124.19]
	15: [124.19 - 146.93]
	16: [146.93 - 179.46]
	17: [179.46 - 207.62]
	18: [207.62 - 269.79]
	19: [269.79 - 593.83]
    ]
--> Standardizing RNA-seq data
--> Signatures size: [19938]
--> Using 80% training, 20% validation
--> Training Set: [728], Validation Set: [182]

MODEL: MCAT
--> Trainable parameters of MCAT: 8401686
--> Loss function: CrossEntropySurvivalLoss
--> Optimizer: adam

################## [05/01/2025 - 17:57:40] - Training started ##################
[05/01/2025 - 17:57:40] - Epoch: 1
--> Batch: 49, Loss: 2.3798, Label: 11, Survival Months: 68.75, Risk: -1.0321
	--> Average Speed: 1.34s per batch
	--> Time from Last Check: 43.04s
--> Batch: 99, Loss: 2.9880, Label: 18, Survival Months: 260.08, Risk: -1.1154
	--> Average Speed: 0.68s per batch
	--> Time from Last Check: 21.61s
--> Batch: 149, Loss: 2.7214, Label: 17, Survival Months: 179.58, Risk: -1.3395
	--> Average Speed: 0.91s per batch
	--> Time from Last Check: 29.15s
--> Batch: 199, Loss: 1.1611, Label: 0, Survival Months: 2.50, Risk: -1.5261
	--> Average Speed: 0.91s per batch
	--> Time from Last Check: 29.24s
--> Batch: 249, Loss: 2.2392, Label: 16, Survival Months: 163.83, Risk: -2.0420
	--> Average Speed: 0.81s per batch
	--> Time from Last Check: 26.02s
--> Batch: 299, Loss: 1.3085, Label: 5, Survival Months: 38.83, Risk: -2.7556
	--> Average Speed: 0.61s per batch
	--> Time from Last Check: 19.59s
--> Batch: 349, Loss: 1.0398, Label: 0, Survival Months: 0.67, Risk: -4.3935
	--> Average Speed: 0.61s per batch
	--> Time from Last Check: 19.46s
--> Batch: 399, Loss: 4.0341, Label: 10, Survival Months: 62.83, Risk: -6.8576
	--> Average Speed: 0.78s per batch
	--> Time from Last Check: 25.10s
--> Batch: 449, Loss: 0.9787, Label: 0, Survival Months: 0.83, Risk: -8.5090
	--> Average Speed: 0.72s per batch
	--> Time from Last Check: 23.00s
--> Batch: 499, Loss: 0.9581, Label: 0, Survival Months: 2.83, Risk: -10.0908
	--> Average Speed: 0.82s per batch
	--> Time from Last Check: 26.14s
--> Batch: 549, Loss: 0.9998, Label: 10, Survival Months: 59.58, Risk: -12.4547
	--> Average Speed: 0.53s per batch
	--> Time from Last Check: 16.82s
--> Batch: 599, Loss: 0.9267, Label: 2, Survival Months: 25.33, Risk: -13.8802
	--> Average Speed: 0.78s per batch
	--> Time from Last Check: 25.08s
--> Batch: 649, Loss: 0.9030, Label: 0, Survival Months: 0.00, Risk: -14.7450
	--> Average Speed: 1.08s per batch
	--> Time from Last Check: 34.59s
--> Batch: 699, Loss: 0.9796, Label: 14, Survival Months: 114.25, Risk: -13.4762
	--> Average Speed: 0.48s per batch
	--> Time from Last Check: 15.37s
[05/01/2025 - 18:03:50] - Epoch: 1, lr: 0.00010000, train_loss: 1.9577, train_c_index: 0.4665
[05/01/2025 - 18:05:36] - Epoch: 1, val_loss: 1.2465, val_c_index: 0.6189
[05/01/2025 - 18:05:36] - Time elapsed for epoch 1: 476s
[05/01/2025 - 18:05:36] - Epoch: 2
--> Batch: 49, Loss: 0.9935, Label: 17, Survival Months: 207.17, Risk: -14.3885
	--> Average Speed: 1.02s per batch
	--> Time from Last Check: 32.68s
--> Batch: 99, Loss: 0.9423, Label: 15, Survival Months: 135.25, Risk: -14.1171
	--> Average Speed: 0.81s per batch
	--> Time from Last Check: 25.85s
--> Batch: 149, Loss: 0.9250, Label: 12, Survival Months: 86.92, Risk: -12.9324
	--> Average Speed: 0.67s per batch
	--> Time from Last Check: 21.41s
--> Batch: 199, Loss: 0.8520, Label: 2, Survival Months: 25.75, Risk: -12.4448
	--> Average Speed: 0.76s per batch
	--> Time from Last Check: 24.24s
--> Batch: 249, Loss: 0.8936, Label: 13, Survival Months: 96.42, Risk: -13.9713
	--> Average Speed: 1.00s per batch
	--> Time from Last Check: 32.15s
--> Batch: 299, Loss: 0.8387, Label: 6, Survival Months: 43.33, Risk: -13.8740
	--> Average Speed: 0.79s per batch
	--> Time from Last Check: 25.33s
--> Batch: 349, Loss: 0.8236, Label: 6, Survival Months: 41.33, Risk: -14.7667
	--> Average Speed: 0.94s per batch
	--> Time from Last Check: 30.09s
--> Batch: 399, Loss: 0.9424, Label: 16, Survival Months: 159.50, Risk: -13.1887
	--> Average Speed: 1.10s per batch
	--> Time from Last Check: 35.12s
--> Batch: 449, Loss: 3.7674, Label: 10, Survival Months: 62.83, Risk: -13.2929
	--> Average Speed: 0.85s per batch
	--> Time from Last Check: 27.18s
--> Batch: 499, Loss: 0.8437, Label: 13, Survival Months: 94.83, Risk: -14.0399
	--> Average Speed: 0.61s per batch
	--> Time from Last Check: 19.54s
--> Batch: 549, Loss: 0.8034, Label: 8, Survival Months: 52.17, Risk: -14.0001
	--> Average Speed: 1.08s per batch
	--> Time from Last Check: 34.68s
--> Batch: 599, Loss: 0.7778, Label: 4, Survival Months: 33.50, Risk: -14.4826
	--> Average Speed: 0.85s per batch
	--> Time from Last Check: 27.06s
--> Batch: 649, Loss: 0.7956, Label: 9, Survival Months: 55.50, Risk: -13.5217
	--> Average Speed: 0.62s per batch
	--> Time from Last Check: 19.79s
--> Batch: 699, Loss: 0.8549, Label: 17, Survival Months: 182.58, Risk: -15.1548
	--> Average Speed: 0.49s per batch
	--> Time from Last Check: 15.63s
[05/01/2025 - 18:11:57] - Epoch: 2, lr: 0.00008000, train_loss: 1.1968, train_c_index: 0.4861
[05/01/2025 - 18:13:32] - Epoch: 2, val_loss: 1.1080, val_c_index: 0.4564
[05/01/2025 - 18:13:32] - Time elapsed for epoch 2: 476s
[05/01/2025 - 18:13:32] - Epoch: 3
--> Batch: 49, Loss: 0.7609, Label: 8, Survival Months: 52.17, Risk: -14.5835
	--> Average Speed: 0.94s per batch
	--> Time from Last Check: 30.02s
--> Batch: 99, Loss: 3.8512, Label: 10, Survival Months: 66.00, Risk: -14.5451
	--> Average Speed: 0.57s per batch
	--> Time from Last Check: 18.35s
--> Batch: 149, Loss: 0.8364, Label: 15, Survival Months: 131.17, Risk: -12.9315
	--> Average Speed: 0.78s per batch
	--> Time from Last Check: 25.12s
--> Batch: 199, Loss: 1.0572, Label: 19, Survival Months: 272.75, Risk: -14.4756
	--> Average Speed: 0.77s per batch
	--> Time from Last Check: 24.69s
--> Batch: 249, Loss: 0.7400, Label: 9, Survival Months: 54.58, Risk: -14.3016
	--> Average Speed: 0.81s per batch
	--> Time from Last Check: 25.92s
--> Batch: 299, Loss: 0.7395, Label: 9, Survival Months: 53.33, Risk: -13.7809
	--> Average Speed: 0.49s per batch
	--> Time from Last Check: 15.62s
--> Batch: 349, Loss: 0.7461, Label: 8, Survival Months: 49.58, Risk: -12.4087
	--> Average Speed: 0.84s per batch
	--> Time from Last Check: 26.80s
--> Batch: 399, Loss: 0.7445, Label: 12, Survival Months: 89.92, Risk: -14.2707
	--> Average Speed: 1.03s per batch
	--> Time from Last Check: 33.01s
--> Batch: 449, Loss: 1.0562, Label: 19, Survival Months: 273.92, Risk: -13.2407
	--> Average Speed: 0.58s per batch
	--> Time from Last Check: 18.59s
--> Batch: 499, Loss: 0.7733, Label: 12, Survival Months: 88.58, Risk: -11.8864
	--> Average Speed: 0.64s per batch
	--> Time from Last Check: 20.55s
--> Batch: 549, Loss: 0.6996, Label: 4, Survival Months: 33.58, Risk: -12.7671
	--> Average Speed: 0.58s per batch
	--> Time from Last Check: 18.49s
--> Batch: 599, Loss: 0.7128, Label: 10, Survival Months: 67.17, Risk: -13.7303
	--> Average Speed: 0.86s per batch
	--> Time from Last Check: 27.37s
--> Batch: 649, Loss: 0.7059, Label: 11, Survival Months: 74.58, Risk: -14.3378
	--> Average Speed: 0.90s per batch
	--> Time from Last Check: 28.72s
--> Batch: 699, Loss: 0.6654, Label: 1, Survival Months: 14.17, Risk: -13.7793
	--> Average Speed: 0.75s per batch
	--> Time from Last Check: 24.04s
[05/01/2025 - 18:19:23] - Epoch: 3, lr: 0.00006400, train_loss: 1.0841, train_c_index: 0.4888
[05/01/2025 - 18:21:09] - Epoch: 3, val_loss: 1.0268, val_c_index: 0.4087
[05/01/2025 - 18:21:09] - Time elapsed for epoch 3: 458s
[05/01/2025 - 18:21:09] - Epoch: 4
--> Batch: 49, Loss: 0.6556, Label: 2, Survival Months: 22.75, Risk: -15.1226
	--> Average Speed: 0.70s per batch
	--> Time from Last Check: 22.41s
--> Batch: 99, Loss: 0.8701, Label: 18, Survival Months: 230.58, Risk: -13.3607
	--> Average Speed: 0.72s per batch
	--> Time from Last Check: 23.11s
--> Batch: 149, Loss: 0.6402, Label: 0, Survival Months: 0.42, Risk: -14.9179
	--> Average Speed: 0.45s per batch
	--> Time from Last Check: 14.44s
--> Batch: 199, Loss: 0.6812, Label: 11, Survival Months: 71.33, Risk: -13.7876
	--> Average Speed: 0.84s per batch
	--> Time from Last Check: 26.79s
--> Batch: 249, Loss: 0.6766, Label: 11, Survival Months: 75.67, Risk: -13.8900
	--> Average Speed: 1.69s per batch
	--> Time from Last Check: 54.05s
--> Batch: 299, Loss: 0.6394, Label: 3, Survival Months: 30.42, Risk: -14.2295
	--> Average Speed: 0.77s per batch
	--> Time from Last Check: 24.65s
--> Batch: 349, Loss: 0.6375, Label: 4, Survival Months: 33.58, Risk: -13.9748
	--> Average Speed: 0.92s per batch
	--> Time from Last Check: 29.57s
--> Batch: 399, Loss: 0.6741, Label: 11, Survival Months: 80.42, Risk: -13.1779
	--> Average Speed: 0.73s per batch
	--> Time from Last Check: 23.20s
--> Batch: 449, Loss: 0.6212, Label: 2, Survival Months: 27.33, Risk: -14.7740
	--> Average Speed: 0.88s per batch
	--> Time from Last Check: 28.13s
--> Batch: 499, Loss: 0.6336, Label: 7, Survival Months: 47.83, Risk: -14.1146
	--> Average Speed: 0.79s per batch
	--> Time from Last Check: 25.29s
--> Batch: 549, Loss: 0.6224, Label: 6, Survival Months: 41.75, Risk: -14.1693
	--> Average Speed: 0.67s per batch
	--> Time from Last Check: 21.31s
--> Batch: 599, Loss: 0.6224, Label: 7, Survival Months: 44.00, Risk: -14.3501
	--> Average Speed: 0.94s per batch
	--> Time from Last Check: 30.08s
--> Batch: 649, Loss: 0.6425, Label: 14, Survival Months: 109.08, Risk: -15.5335
	--> Average Speed: 1.07s per batch
	--> Time from Last Check: 34.38s
--> Batch: 699, Loss: 2.8009, Label: 17, Survival Months: 189.42, Risk: -14.8153
	--> Average Speed: 0.74s per batch
	--> Time from Last Check: 23.78s
[05/01/2025 - 18:27:46] - Epoch: 4, lr: 0.00005120, train_loss: 0.9986, train_c_index: 0.5837
[05/01/2025 - 18:30:05] - Epoch: 4, val_loss: 0.9687, val_c_index: 0.4772
[05/01/2025 - 18:30:05] - Time elapsed for epoch 4: 536s
[05/01/2025 - 18:30:05] - Epoch: 5
--> Batch: 49, Loss: 0.6107, Label: 8, Survival Months: 48.75, Risk: -14.5309
	--> Average Speed: 0.89s per batch
	--> Time from Last Check: 28.49s
--> Batch: 99, Loss: 0.6292, Label: 13, Survival Months: 95.83, Risk: -14.8500
	--> Average Speed: 1.12s per batch
	--> Time from Last Check: 35.95s
--> Batch: 149, Loss: 0.6429, Label: 15, Survival Months: 138.75, Risk: -15.1267
	--> Average Speed: 1.16s per batch
	--> Time from Last Check: 37.09s
--> Batch: 199, Loss: 0.6012, Label: 9, Survival Months: 52.75, Risk: -14.5730
	--> Average Speed: 1.35s per batch
	--> Time from Last Check: 43.05s
--> Batch: 249, Loss: 3.7114, Label: 8, Survival Months: 51.33, Risk: -13.6531
	--> Average Speed: 0.94s per batch
	--> Time from Last Check: 30.01s
--> Batch: 299, Loss: 0.8759, Label: 19, Survival Months: 273.00, Risk: -15.5646
	--> Average Speed: 1.36s per batch
	--> Time from Last Check: 43.37s
--> Batch: 349, Loss: 0.6284, Label: 12, Survival Months: 83.42, Risk: -13.6086
	--> Average Speed: 0.75s per batch
	--> Time from Last Check: 23.98s
--> Batch: 399, Loss: 0.5669, Label: 1, Survival Months: 17.50, Risk: -14.9826
	--> Average Speed: 0.98s per batch
	--> Time from Last Check: 31.49s
--> Batch: 449, Loss: 0.6403, Label: 7, Survival Months: 47.92, Risk: -9.1844
	--> Average Speed: 0.63s per batch
	--> Time from Last Check: 20.12s
--> Batch: 499, Loss: 0.5575, Label: 0, Survival Months: 2.58, Risk: -14.1582
	--> Average Speed: 1.11s per batch
	--> Time from Last Check: 35.43s
--> Batch: 549, Loss: 0.8699, Label: 19, Survival Months: 273.83, Risk: -14.9708
	--> Average Speed: 1.34s per batch
	--> Time from Last Check: 43.01s
--> Batch: 599, Loss: 0.5993, Label: 12, Survival Months: 83.42, Risk: -14.4375
	--> Average Speed: 0.79s per batch
	--> Time from Last Check: 25.35s
--> Batch: 649, Loss: 0.5601, Label: 3, Survival Months: 30.42, Risk: -13.8485
	--> Average Speed: 0.66s per batch
	--> Time from Last Check: 21.18s
--> Batch: 699, Loss: 0.5533, Label: 3, Survival Months: 29.00, Risk: -14.7615
	--> Average Speed: 0.97s per batch
	--> Time from Last Check: 31.19s
[05/01/2025 - 18:37:53] - Epoch: 5, lr: 0.00004096, train_loss: 0.9347, train_c_index: 0.6770
[05/01/2025 - 18:40:08] - Epoch: 5, val_loss: 0.9091, val_c_index: 0.5304
[05/01/2025 - 18:40:08] - Time elapsed for epoch 5: 602s
[05/01/2025 - 18:40:08] - Epoch: 6
--> Batch: 49, Loss: 3.9150, Label: 10, Survival Months: 65.42, Risk: -14.8980
	--> Average Speed: 1.05s per batch
	--> Time from Last Check: 33.67s
--> Batch: 99, Loss: 0.5389, Label: 0, Survival Months: 0.00, Risk: -12.7831
	--> Average Speed: 0.89s per batch
	--> Time from Last Check: 28.58s
--> Batch: 149, Loss: 3.4196, Label: 13, Survival Months: 95.17, Risk: -12.1157
	--> Average Speed: 1.05s per batch
	--> Time from Last Check: 33.52s
--> Batch: 199, Loss: 0.5519, Label: 6, Survival Months: 43.25, Risk: -13.7269
	--> Average Speed: 0.79s per batch
	--> Time from Last Check: 25.27s
--> Batch: 249, Loss: 0.5389, Label: 2, Survival Months: 25.25, Risk: -14.0575
	--> Average Speed: 0.56s per batch
	--> Time from Last Check: 17.81s
--> Batch: 299, Loss: 0.6148, Label: 14, Survival Months: 114.50, Risk: -13.4329
	--> Average Speed: 0.66s per batch
	--> Time from Last Check: 21.23s
--> Batch: 349, Loss: 0.6217, Label: 12, Survival Months: 83.42, Risk: -11.6944
	--> Average Speed: 1.17s per batch
	--> Time from Last Check: 37.36s
--> Batch: 399, Loss: 0.5548, Label: 8, Survival Months: 51.83, Risk: -13.7066
	--> Average Speed: 1.14s per batch
	--> Time from Last Check: 36.46s
--> Batch: 449, Loss: 0.8412, Label: 19, Survival Months: 352.75, Risk: -15.2186
	--> Average Speed: 0.56s per batch
	--> Time from Last Check: 18.03s
--> Batch: 499, Loss: 0.5256, Label: 4, Survival Months: 33.00, Risk: -15.1575
	--> Average Speed: 0.56s per batch
	--> Time from Last Check: 17.93s
--> Batch: 549, Loss: 0.5710, Label: 13, Survival Months: 94.83, Risk: -14.1726
	--> Average Speed: 1.02s per batch
	--> Time from Last Check: 32.64s
--> Batch: 599, Loss: 0.5260, Label: 7, Survival Months: 47.42, Risk: -15.4631
	--> Average Speed: 0.40s per batch
	--> Time from Last Check: 12.73s
--> Batch: 649, Loss: 3.7181, Label: 8, Survival Months: 51.33, Risk: -13.9119
	--> Average Speed: 0.85s per batch
	--> Time from Last Check: 27.11s
--> Batch: 699, Loss: 2.5767, Label: 16, Survival Months: 160.00, Risk: -14.8626
	--> Average Speed: 0.70s per batch
	--> Time from Last Check: 22.34s
[05/01/2025 - 18:46:21] - Epoch: 6, lr: 0.00003277, train_loss: 0.8875, train_c_index: 0.6610
[05/01/2025 - 18:47:48] - Epoch: 6, val_loss: 0.8660, val_c_index: 0.5913
[05/01/2025 - 18:47:48] - Time elapsed for epoch 6: 460s
[05/01/2025 - 18:47:48] - Epoch: 7
--> Batch: 49, Loss: 0.5311, Label: 11, Survival Months: 68.75, Risk: -15.4357
	--> Average Speed: 0.90s per batch
	--> Time from Last Check: 28.89s
--> Batch: 99, Loss: 0.5184, Label: 8, Survival Months: 51.67, Risk: -15.5586
	--> Average Speed: 0.79s per batch
	--> Time from Last Check: 25.36s
--> Batch: 149, Loss: 2.7200, Label: 17, Survival Months: 206.92, Risk: -15.2343
	--> Average Speed: 0.61s per batch
	--> Time from Last Check: 19.67s
--> Batch: 199, Loss: 0.5320, Label: 8, Survival Months: 51.83, Risk: -13.6965
	--> Average Speed: 0.85s per batch
	--> Time from Last Check: 27.17s
--> Batch: 249, Loss: 0.5271, Label: 11, Survival Months: 69.08, Risk: -15.1955
	--> Average Speed: 0.52s per batch
	--> Time from Last Check: 16.77s
--> Batch: 299, Loss: 0.5026, Label: 3, Survival Months: 30.17, Risk: -15.2388
	--> Average Speed: 0.75s per batch
	--> Time from Last Check: 23.96s
--> Batch: 349, Loss: 0.5907, Label: 16, Survival Months: 155.92, Risk: -14.6646
	--> Average Speed: 0.90s per batch
	--> Time from Last Check: 28.82s
--> Batch: 399, Loss: 0.5076, Label: 6, Survival Months: 40.67, Risk: -14.4297
	--> Average Speed: 0.68s per batch
	--> Time from Last Check: 21.74s
--> Batch: 449, Loss: 0.5132, Label: 6, Survival Months: 43.17, Risk: -13.2784
	--> Average Speed: 0.72s per batch
	--> Time from Last Check: 23.08s
--> Batch: 499, Loss: 0.5357, Label: 8, Survival Months: 49.50, Risk: -12.4217
	--> Average Speed: 0.86s per batch
	--> Time from Last Check: 27.61s
--> Batch: 549, Loss: 0.4960, Label: 4, Survival Months: 33.00, Risk: -15.0028
	--> Average Speed: 0.83s per batch
	--> Time from Last Check: 26.66s
--> Batch: 599, Loss: 0.4878, Label: 1, Survival Months: 10.33, Risk: -15.5920
	--> Average Speed: 0.72s per batch
	--> Time from Last Check: 23.00s
--> Batch: 649, Loss: 0.5658, Label: 9, Survival Months: 58.25, Risk: -10.1741
	--> Average Speed: 0.68s per batch
	--> Time from Last Check: 21.65s
--> Batch: 699, Loss: 0.5693, Label: 6, Survival Months: 42.58, Risk: -7.8831
	--> Average Speed: 0.49s per batch
	--> Time from Last Check: 15.59s
[05/01/2025 - 18:53:26] - Epoch: 7, lr: 0.00002621, train_loss: 0.8448, train_c_index: 0.7532
[05/01/2025 - 18:55:03] - Epoch: 7, val_loss: 0.8503, val_c_index: 0.6065
[05/01/2025 - 18:55:03] - Time elapsed for epoch 7: 435s
[05/01/2025 - 18:55:03] - Epoch: 8
--> Batch: 49, Loss: 0.5361, Label: 14, Survival Months: 108.42, Risk: -15.0399
	--> Average Speed: 0.88s per batch
	--> Time from Last Check: 28.11s
--> Batch: 99, Loss: 0.4837, Label: 3, Survival Months: 30.17, Risk: -15.6559
	--> Average Speed: 0.48s per batch
	--> Time from Last Check: 15.35s
--> Batch: 149, Loss: 0.8063, Label: 19, Survival Months: 279.17, Risk: -14.6753
	--> Average Speed: 0.94s per batch
	--> Time from Last Check: 30.15s
--> Batch: 199, Loss: 0.4830, Label: 7, Survival Months: 47.92, Risk: -16.2039
	--> Average Speed: 0.73s per batch
	--> Time from Last Check: 23.22s
--> Batch: 249, Loss: 0.4794, Label: 2, Survival Months: 23.92, Risk: -15.1226
	--> Average Speed: 1.23s per batch
	--> Time from Last Check: 39.51s
--> Batch: 299, Loss: 0.5616, Label: 15, Survival Months: 138.50, Risk: -13.9750
	--> Average Speed: 1.00s per batch
	--> Time from Last Check: 32.14s
--> Batch: 349, Loss: 3.0835, Label: 11, Survival Months: 68.75, Risk: -11.8908
	--> Average Speed: 0.57s per batch
	--> Time from Last Check: 18.33s
--> Batch: 399, Loss: 0.6231, Label: 18, Survival Months: 226.50, Risk: -16.0357
	--> Average Speed: 0.81s per batch
	--> Time from Last Check: 25.93s
--> Batch: 449, Loss: 0.4817, Label: 10, Survival Months: 63.33, Risk: -16.1081
	--> Average Speed: 0.65s per batch
	--> Time from Last Check: 20.86s
--> Batch: 499, Loss: 0.4653, Label: 0, Survival Months: 0.83, Risk: -16.2797
	--> Average Speed: 0.67s per batch
	--> Time from Last Check: 21.35s
--> Batch: 549, Loss: 0.4680, Label: 3, Survival Months: 29.33, Risk: -16.4610
	--> Average Speed: 0.62s per batch
	--> Time from Last Check: 19.79s
--> Batch: 599, Loss: 0.4864, Label: 11, Survival Months: 76.00, Risk: -15.6224
	--> Average Speed: 0.90s per batch
	--> Time from Last Check: 28.79s
--> Batch: 649, Loss: 0.4963, Label: 13, Survival Months: 97.08, Risk: -15.6401
	--> Average Speed: 0.95s per batch
	--> Time from Last Check: 30.45s
--> Batch: 699, Loss: 0.4681, Label: 2, Survival Months: 25.33, Risk: -14.9249
	--> Average Speed: 0.50s per batch
	--> Time from Last Check: 15.86s
[05/01/2025 - 19:01:04] - Epoch: 8, lr: 0.00002097, train_loss: 0.8074, train_c_index: 0.8193
[05/01/2025 - 19:02:56] - Epoch: 8, val_loss: 0.8133, val_c_index: 0.6604
[05/01/2025 - 19:02:56] - Time elapsed for epoch 8: 473s
[05/01/2025 - 19:02:56] - Epoch: 9
--> Batch: 49, Loss: 0.5697, Label: 16, Survival Months: 163.67, Risk: -14.3431
	--> Average Speed: 0.61s per batch
	--> Time from Last Check: 19.41s
--> Batch: 99, Loss: 0.4612, Label: 2, Survival Months: 25.25, Risk: -16.1400
	--> Average Speed: 0.74s per batch
	--> Time from Last Check: 23.80s
--> Batch: 149, Loss: 0.4723, Label: 6, Survival Months: 41.75, Risk: -14.2849
	--> Average Speed: 0.67s per batch
	--> Time from Last Check: 21.47s
--> Batch: 199, Loss: 0.5158, Label: 16, Survival Months: 169.25, Risk: -16.4534
	--> Average Speed: 1.14s per batch
	--> Time from Last Check: 36.62s
--> Batch: 249, Loss: 0.4658, Label: 9, Survival Months: 53.58, Risk: -16.2433
	--> Average Speed: 0.61s per batch
	--> Time from Last Check: 19.47s
--> Batch: 299, Loss: 0.4622, Label: 5, Survival Months: 37.08, Risk: -15.4931
	--> Average Speed: 0.67s per batch
	--> Time from Last Check: 21.35s
--> Batch: 349, Loss: 0.4845, Label: 14, Survival Months: 118.50, Risk: -16.4816
	--> Average Speed: 1.02s per batch
	--> Time from Last Check: 32.49s
--> Batch: 399, Loss: 0.5871, Label: 18, Survival Months: 211.25, Risk: -16.7433
	--> Average Speed: 1.11s per batch
	--> Time from Last Check: 35.48s
--> Batch: 449, Loss: 0.5587, Label: 6, Survival Months: 42.58, Risk: -6.8890
	--> Average Speed: 0.70s per batch
	--> Time from Last Check: 22.43s
--> Batch: 499, Loss: 0.4654, Label: 1, Survival Months: 5.67, Risk: -11.1911
	--> Average Speed: 0.68s per batch
	--> Time from Last Check: 21.72s
--> Batch: 549, Loss: 0.4487, Label: 0, Survival Months: 0.83, Risk: -15.1215
	--> Average Speed: 0.58s per batch
	--> Time from Last Check: 18.45s
--> Batch: 599, Loss: 0.8582, Label: 19, Survival Months: 448.58, Risk: -12.6199
	--> Average Speed: 0.64s per batch
	--> Time from Last Check: 20.42s
--> Batch: 649, Loss: 0.4852, Label: 14, Survival Months: 112.25, Risk: -16.1086
	--> Average Speed: 0.69s per batch
	--> Time from Last Check: 22.16s
--> Batch: 699, Loss: 0.4710, Label: 12, Survival Months: 89.33, Risk: -15.8944
	--> Average Speed: 0.66s per batch
	--> Time from Last Check: 20.99s
[05/01/2025 - 19:08:56] - Epoch: 9, lr: 0.00001678, train_loss: 0.7817, train_c_index: 0.8296
[05/01/2025 - 19:11:06] - Epoch: 9, val_loss: 0.8029, val_c_index: 0.6708
[05/01/2025 - 19:11:06] - Time elapsed for epoch 9: 489s
[05/01/2025 - 19:11:06] - Epoch: 10
--> Batch: 49, Loss: 0.4679, Label: 8, Survival Months: 49.17, Risk: -14.5607
	--> Average Speed: 0.90s per batch
	--> Time from Last Check: 28.70s
--> Batch: 99, Loss: 0.7741, Label: 19, Survival Months: 277.75, Risk: -15.4457
	--> Average Speed: 0.93s per batch
	--> Time from Last Check: 29.70s
--> Batch: 149, Loss: 0.4444, Label: 3, Survival Months: 28.42, Risk: -16.7693
	--> Average Speed: 0.67s per batch
	--> Time from Last Check: 21.36s
--> Batch: 199, Loss: 0.4454, Label: 3, Survival Months: 30.42, Risk: -16.2723
	--> Average Speed: 0.90s per batch
	--> Time from Last Check: 28.65s
--> Batch: 249, Loss: 0.4463, Label: 4, Survival Months: 35.42, Risk: -15.8476
	--> Average Speed: 0.66s per batch
	--> Time from Last Check: 20.97s
--> Batch: 299, Loss: 1.8230, Label: 18, Survival Months: 214.42, Risk: -16.6325
	--> Average Speed: 0.67s per batch
	--> Time from Last Check: 21.54s
--> Batch: 349, Loss: 0.4437, Label: 1, Survival Months: 16.33, Risk: -14.7777
	--> Average Speed: 0.72s per batch
	--> Time from Last Check: 22.96s
--> Batch: 399, Loss: 0.4439, Label: 1, Survival Months: 13.58, Risk: -14.5851
	--> Average Speed: 0.67s per batch
	--> Time from Last Check: 21.40s
--> Batch: 449, Loss: 0.5062, Label: 13, Survival Months: 94.83, Risk: -13.5229
	--> Average Speed: 0.50s per batch
	--> Time from Last Check: 16.01s
--> Batch: 499, Loss: 0.4856, Label: 15, Survival Months: 133.75, Risk: -15.8542
	--> Average Speed: 0.58s per batch
	--> Time from Last Check: 18.71s
--> Batch: 549, Loss: 0.4485, Label: 7, Survival Months: 44.17, Risk: -15.4247
	--> Average Speed: 0.63s per batch
	--> Time from Last Check: 20.06s
--> Batch: 599, Loss: 0.4348, Label: 0, Survival Months: 0.83, Risk: -15.5851
	--> Average Speed: 0.73s per batch
	--> Time from Last Check: 23.21s
--> Batch: 649, Loss: 2.8921, Label: 12, Survival Months: 86.17, Risk: -11.1501
	--> Average Speed: 0.86s per batch
	--> Time from Last Check: 27.52s
--> Batch: 699, Loss: 0.5189, Label: 16, Survival Months: 178.00, Risk: -15.5370
	--> Average Speed: 0.93s per batch
	--> Time from Last Check: 29.78s
[05/01/2025 - 19:16:56] - Epoch: 10, lr: 0.00001342, train_loss: 0.7584, train_c_index: 0.8550
[05/01/2025 - 19:18:31] - Epoch: 10, val_loss: 0.8010, val_c_index: 0.6791
[05/01/2025 - 19:18:31] - Time elapsed for epoch 10: 445s
[05/01/2025 - 19:18:31] - Epoch: 11
--> Batch: 49, Loss: 0.4808, Label: 14, Survival Months: 114.50, Risk: -15.6259
	--> Average Speed: 0.68s per batch
	--> Time from Last Check: 21.91s
--> Batch: 99, Loss: 0.4392, Label: 7, Survival Months: 46.17, Risk: -16.2680
	--> Average Speed: 0.48s per batch
	--> Time from Last Check: 15.30s
--> Batch: 149, Loss: 0.4435, Label: 7, Survival Months: 48.08, Risk: -15.4462
	--> Average Speed: 1.11s per batch
	--> Time from Last Check: 35.50s
--> Batch: 199, Loss: 1.5161, Label: 19, Survival Months: 289.33, Risk: -16.6455
	--> Average Speed: 0.78s per batch
	--> Time from Last Check: 25.04s
--> Batch: 249, Loss: 0.4343, Label: 5, Survival Months: 39.00, Risk: -16.2233
	--> Average Speed: 0.76s per batch
	--> Time from Last Check: 24.18s
--> Batch: 299, Loss: 0.4667, Label: 12, Survival Months: 82.00, Risk: -15.1037
	--> Average Speed: 0.92s per batch
	--> Time from Last Check: 29.46s
--> Batch: 349, Loss: 0.4938, Label: 14, Survival Months: 117.42, Risk: -14.7186
	--> Average Speed: 0.46s per batch
	--> Time from Last Check: 14.82s
--> Batch: 399, Loss: 0.4402, Label: 3, Survival Months: 28.75, Risk: -13.8932
	--> Average Speed: 0.59s per batch
	--> Time from Last Check: 18.93s
--> Batch: 449, Loss: 0.4987, Label: 15, Survival Months: 142.33, Risk: -14.8700
	--> Average Speed: 0.83s per batch
	--> Time from Last Check: 26.61s
--> Batch: 499, Loss: 0.5738, Label: 18, Survival Months: 211.25, Risk: -16.3581
	--> Average Speed: 1.01s per batch
	--> Time from Last Check: 32.24s
--> Batch: 549, Loss: 0.4637, Label: 9, Survival Months: 53.58, Risk: -13.2233
	--> Average Speed: 0.84s per batch
	--> Time from Last Check: 26.77s
--> Batch: 599, Loss: 0.4347, Label: 5, Survival Months: 37.92, Risk: -15.2340
	--> Average Speed: 0.78s per batch
	--> Time from Last Check: 24.96s
--> Batch: 649, Loss: 0.4301, Label: 3, Survival Months: 31.25, Risk: -15.6297
	--> Average Speed: 1.30s per batch
	--> Time from Last Check: 41.67s
--> Batch: 699, Loss: 0.5372, Label: 17, Survival Months: 197.08, Risk: -15.5508
	--> Average Speed: 0.69s per batch
	--> Time from Last Check: 22.06s
[05/01/2025 - 19:24:50] - Epoch: 11, lr: 0.00001074, train_loss: 0.7455, train_c_index: 0.8456
[05/01/2025 - 19:27:01] - Epoch: 11, val_loss: 0.7867, val_c_index: 0.6846
[05/01/2025 - 19:27:01] - Time elapsed for epoch 11: 511s
[05/01/2025 - 19:27:01] - Epoch: 12
--> Batch: 49, Loss: 0.4330, Label: 7, Survival Months: 46.92, Risk: -15.9521
	--> Average Speed: 0.84s per batch
	--> Time from Last Check: 26.84s
--> Batch: 99, Loss: 0.5860, Label: 18, Survival Months: 217.67, Risk: -15.9016
	--> Average Speed: 0.69s per batch
	--> Time from Last Check: 21.94s
--> Batch: 149, Loss: 2.5800, Label: 14, Survival Months: 113.75, Risk: -13.9522
	--> Average Speed: 0.97s per batch
	--> Time from Last Check: 31.02s
--> Batch: 199, Loss: 0.4682, Label: 15, Survival Months: 133.75, Risk: -16.1284
	--> Average Speed: 0.84s per batch
	--> Time from Last Check: 27.01s
--> Batch: 249, Loss: 0.4512, Label: 11, Survival Months: 81.08, Risk: -15.0503
	--> Average Speed: 1.18s per batch
	--> Time from Last Check: 37.71s
--> Batch: 299, Loss: 0.4501, Label: 10, Survival Months: 63.92, Risk: -14.4525
	--> Average Speed: 0.85s per batch
	--> Time from Last Check: 27.26s
--> Batch: 349, Loss: 0.4645, Label: 10, Survival Months: 62.33, Risk: -13.2430
	--> Average Speed: 1.22s per batch
	--> Time from Last Check: 38.94s
--> Batch: 399, Loss: 0.4346, Label: 9, Survival Months: 57.83, Risk: -15.6891
	--> Average Speed: 0.93s per batch
	--> Time from Last Check: 29.92s
--> Batch: 449, Loss: 0.4562, Label: 8, Survival Months: 49.67, Risk: -13.2342
	--> Average Speed: 1.05s per batch
	--> Time from Last Check: 33.67s
--> Batch: 499, Loss: 0.4945, Label: 16, Survival Months: 175.67, Risk: -15.9431
	--> Average Speed: 0.85s per batch
	--> Time from Last Check: 27.10s
--> Batch: 549, Loss: 0.4372, Label: 13, Survival Months: 105.83, Risk: -16.6778
	--> Average Speed: 1.04s per batch
	--> Time from Last Check: 33.29s
--> Batch: 599, Loss: 0.4323, Label: 11, Survival Months: 80.42, Risk: -16.4977
	--> Average Speed: 1.27s per batch
	--> Time from Last Check: 40.79s
--> Batch: 649, Loss: 0.4199, Label: 2, Survival Months: 26.08, Risk: -16.3899
	--> Average Speed: 0.76s per batch
	--> Time from Last Check: 24.41s
--> Batch: 699, Loss: 0.4787, Label: 13, Survival Months: 100.25, Risk: -13.8940
	--> Average Speed: 1.06s per batch
	--> Time from Last Check: 34.06s
[05/01/2025 - 19:34:31] - Epoch: 12, lr: 0.00000859, train_loss: 0.7287, train_c_index: 0.8675
[05/01/2025 - 19:36:44] - Epoch: 12, val_loss: 0.7787, val_c_index: 0.6708
[05/01/2025 - 19:36:44] - Time elapsed for epoch 12: 583s
[05/01/2025 - 19:36:44] - Epoch: 13
--> Batch: 49, Loss: 0.5091, Label: 17, Survival Months: 194.17, Risk: -16.3072
	--> Average Speed: 1.34s per batch
	--> Time from Last Check: 42.96s
--> Batch: 99, Loss: 0.4396, Label: 6, Survival Months: 41.75, Risk: -13.0531
	--> Average Speed: 1.18s per batch
	--> Time from Last Check: 37.61s
--> Batch: 149, Loss: 0.4642, Label: 13, Survival Months: 96.33, Risk: -14.7836
	--> Average Speed: 0.97s per batch
	--> Time from Last Check: 31.03s
--> Batch: 199, Loss: 0.4258, Label: 8, Survival Months: 49.58, Risk: -16.1587
	--> Average Speed: 1.15s per batch
	--> Time from Last Check: 36.74s
--> Batch: 249, Loss: 0.4176, Label: 0, Survival Months: 0.08, Risk: -12.1776
	--> Average Speed: 0.75s per batch
	--> Time from Last Check: 23.92s
--> Batch: 299, Loss: 0.4537, Label: 15, Survival Months: 131.17, Risk: -16.5574
	--> Average Speed: 1.32s per batch
	--> Time from Last Check: 42.17s
--> Batch: 349, Loss: 3.4904, Label: 6, Survival Months: 43.67, Risk: -9.3074
	--> Average Speed: 0.89s per batch
	--> Time from Last Check: 28.50s
--> Batch: 399, Loss: 0.4127, Label: 0, Survival Months: 0.00, Risk: -16.6793
	--> Average Speed: 0.74s per batch
	--> Time from Last Check: 23.76s
--> Batch: 449, Loss: 0.7374, Label: 19, Survival Months: 272.75, Risk: -16.0895
	--> Average Speed: 0.98s per batch
	--> Time from Last Check: 31.21s
--> Batch: 499, Loss: 0.4360, Label: 8, Survival Months: 51.67, Risk: -14.5802
	--> Average Speed: 0.93s per batch
	--> Time from Last Check: 29.66s
--> Batch: 549, Loss: 0.4185, Label: 4, Survival Months: 35.08, Risk: -15.5394
	--> Average Speed: 0.81s per batch
	--> Time from Last Check: 26.00s
--> Batch: 599, Loss: 0.4531, Label: 11, Survival Months: 80.67, Risk: -14.1620
	--> Average Speed: 0.84s per batch
	--> Time from Last Check: 26.85s
--> Batch: 649, Loss: 0.4309, Label: 13, Survival Months: 93.42, Risk: -16.6373
	--> Average Speed: 0.82s per batch
	--> Time from Last Check: 26.21s
--> Batch: 699, Loss: 0.4164, Label: 8, Survival Months: 50.58, Risk: -17.0397
	--> Average Speed: 1.19s per batch
	--> Time from Last Check: 38.17s
[05/01/2025 - 19:44:26] - Epoch: 13, lr: 0.00000687, train_loss: 0.7151, train_c_index: 0.8966
[05/01/2025 - 19:46:24] - Epoch: 13, val_loss: 0.7700, val_c_index: 0.6743
[05/01/2025 - 19:46:24] - Time elapsed for epoch 13: 581s
[05/01/2025 - 19:46:24] - Epoch: 14
--> Batch: 49, Loss: 0.4581, Label: 8, Survival Months: 49.67, Risk: -12.2497
	--> Average Speed: 1.19s per batch
	--> Time from Last Check: 38.07s
--> Batch: 99, Loss: 0.5294, Label: 17, Survival Months: 207.17, Risk: -15.3643
	--> Average Speed: 1.01s per batch
	--> Time from Last Check: 32.34s
--> Batch: 149, Loss: 0.4213, Label: 9, Survival Months: 57.42, Risk: -16.0969
	--> Average Speed: 0.64s per batch
	--> Time from Last Check: 20.63s
--> Batch: 199, Loss: 2.4379, Label: 16, Survival Months: 148.42, Risk: -15.7526
	--> Average Speed: 0.91s per batch
	--> Time from Last Check: 29.11s
--> Batch: 249, Loss: 0.4206, Label: 1, Survival Months: 18.75, Risk: -12.0648
	--> Average Speed: 0.77s per batch
	--> Time from Last Check: 24.65s
--> Batch: 299, Loss: 0.4116, Label: 5, Survival Months: 36.75, Risk: -16.8144
	--> Average Speed: 0.52s per batch
	--> Time from Last Check: 16.74s
--> Batch: 349, Loss: 0.4131, Label: 7, Survival Months: 48.08, Risk: -16.9153
	--> Average Speed: 0.87s per batch
	--> Time from Last Check: 27.89s
--> Batch: 399, Loss: 0.4183, Label: 4, Survival Months: 33.00, Risk: -14.5568
	--> Average Speed: 0.59s per batch
	--> Time from Last Check: 19.02s
--> Batch: 449, Loss: 0.4259, Label: 3, Survival Months: 30.50, Risk: -12.6965
	--> Average Speed: 0.82s per batch
	--> Time from Last Check: 26.28s
--> Batch: 499, Loss: 0.4783, Label: 16, Survival Months: 172.83, Risk: -16.1835
	--> Average Speed: 1.08s per batch
	--> Time from Last Check: 34.55s
--> Batch: 549, Loss: 2.9685, Label: 10, Survival Months: 62.83, Risk: -8.5010
	--> Average Speed: 1.13s per batch
	--> Time from Last Check: 36.25s
--> Batch: 599, Loss: 0.4154, Label: 11, Survival Months: 69.08, Risk: -17.1305
	--> Average Speed: 0.99s per batch
	--> Time from Last Check: 31.59s
--> Batch: 649, Loss: 1.7096, Label: 19, Survival Months: 322.75, Risk: -16.2975
	--> Average Speed: 1.57s per batch
	--> Time from Last Check: 50.22s
--> Batch: 699, Loss: 0.4179, Label: 4, Survival Months: 34.75, Risk: -14.2998
	--> Average Speed: 0.97s per batch
	--> Time from Last Check: 30.92s
[05/01/2025 - 19:53:37] - Epoch: 14, lr: 0.00000550, train_loss: 0.7057, train_c_index: 0.8952
[05/01/2025 - 19:55:37] - Epoch: 14, val_loss: 0.7720, val_c_index: 0.6680
[05/01/2025 - 19:55:37] - Time elapsed for epoch 14: 552s
[05/01/2025 - 19:55:37] - Epoch: 15
--> Batch: 49, Loss: 0.4482, Label: 15, Survival Months: 143.25, Risk: -16.4430
	--> Average Speed: 0.89s per batch
	--> Time from Last Check: 28.58s
--> Batch: 99, Loss: 0.4163, Label: 8, Survival Months: 49.50, Risk: -16.1777
	--> Average Speed: 1.45s per batch
	--> Time from Last Check: 46.47s
--> Batch: 149, Loss: 0.4173, Label: 11, Survival Months: 75.42, Risk: -16.7602
	--> Average Speed: 0.85s per batch
	--> Time from Last Check: 27.07s
--> Batch: 199, Loss: 0.4074, Label: 5, Survival Months: 36.08, Risk: -17.0303
	--> Average Speed: 1.15s per batch
	--> Time from Last Check: 36.95s
--> Batch: 249, Loss: 0.4129, Label: 7, Survival Months: 45.08, Risk: -16.1735
	--> Average Speed: 0.76s per batch
	--> Time from Last Check: 24.47s
--> Batch: 299, Loss: 0.4199, Label: 8, Survival Months: 51.83, Risk: -15.5223
	--> Average Speed: 0.84s per batch
	--> Time from Last Check: 26.83s
--> Batch: 349, Loss: 0.4280, Label: 7, Survival Months: 45.00, Risk: -13.8163
	--> Average Speed: 1.04s per batch
	--> Time from Last Check: 33.41s
--> Batch: 399, Loss: 0.4118, Label: 10, Survival Months: 59.50, Risk: -16.9166
	--> Average Speed: 1.09s per batch
	--> Time from Last Check: 34.82s
--> Batch: 449, Loss: 0.4088, Label: 8, Survival Months: 52.17, Risk: -17.1716
	--> Average Speed: 0.96s per batch
	--> Time from Last Check: 30.80s
--> Batch: 499, Loss: 0.4069, Label: 6, Survival Months: 41.58, Risk: -16.8243
	--> Average Speed: 0.89s per batch
	--> Time from Last Check: 28.49s
--> Batch: 549, Loss: 0.4032, Label: 0, Survival Months: 0.67, Risk: -16.0848
	--> Average Speed: 0.74s per batch
	--> Time from Last Check: 23.71s
--> Batch: 599, Loss: 0.4783, Label: 17, Survival Months: 186.33, Risk: -16.8899
	--> Average Speed: 1.02s per batch
	--> Time from Last Check: 32.59s
--> Batch: 649, Loss: 0.5428, Label: 18, Survival Months: 230.58, Risk: -16.7246
	--> Average Speed: 0.84s per batch
	--> Time from Last Check: 26.88s
--> Batch: 699, Loss: 0.4328, Label: 13, Survival Months: 96.42, Risk: -15.9372
	--> Average Speed: 1.42s per batch
	--> Time from Last Check: 45.44s
[05/01/2025 - 20:03:37] - Epoch: 15, lr: 0.00000440, train_loss: 0.7000, train_c_index: 0.8945
[05/01/2025 - 20:05:40] - Epoch: 15, val_loss: 0.7731, val_c_index: 0.6570
[05/01/2025 - 20:05:41] - Time elapsed for epoch 15: 604s
[05/01/2025 - 20:05:41] - Epoch: 16
--> Batch: 49, Loss: 0.4739, Label: 10, Survival Months: 63.50, Risk: -11.4171
	--> Average Speed: 1.07s per batch
	--> Time from Last Check: 34.13s
--> Batch: 99, Loss: 0.4577, Label: 15, Survival Months: 131.00, Risk: -15.8043
	--> Average Speed: 0.93s per batch
	--> Time from Last Check: 29.68s
--> Batch: 149, Loss: 0.4228, Label: 10, Survival Months: 63.50, Risk: -15.2031
	--> Average Speed: 1.00s per batch
	--> Time from Last Check: 32.07s
--> Batch: 199, Loss: 0.4045, Label: 2, Survival Months: 22.75, Risk: -16.2478
	--> Average Speed: 0.88s per batch
	--> Time from Last Check: 28.17s
--> Batch: 249, Loss: 0.5479, Label: 12, Survival Months: 88.83, Risk: -9.8350
	--> Average Speed: 1.18s per batch
	--> Time from Last Check: 37.88s
--> Batch: 299, Loss: 0.4032, Label: 2, Survival Months: 23.92, Risk: -16.6950
	--> Average Speed: 0.94s per batch
	--> Time from Last Check: 29.95s
--> Batch: 349, Loss: 2.4893, Label: 17, Survival Months: 191.33, Risk: -16.5611
	--> Average Speed: 0.75s per batch
	--> Time from Last Check: 24.12s
--> Batch: 399, Loss: 0.4087, Label: 8, Survival Months: 49.58, Risk: -16.6437
	--> Average Speed: 0.86s per batch
	--> Time from Last Check: 27.45s
--> Batch: 449, Loss: 0.4457, Label: 13, Survival Months: 93.92, Risk: -14.9678
	--> Average Speed: 0.91s per batch
	--> Time from Last Check: 29.12s
--> Batch: 499, Loss: 3.9772, Label: 12, Survival Months: 82.58, Risk: -17.1419
	--> Average Speed: 0.85s per batch
	--> Time from Last Check: 27.35s
--> Batch: 549, Loss: 0.4427, Label: 13, Survival Months: 97.08, Risk: -15.1387
	--> Average Speed: 0.59s per batch
	--> Time from Last Check: 18.98s
--> Batch: 599, Loss: 0.4114, Label: 9, Survival Months: 56.92, Risk: -16.1204
	--> Average Speed: 1.06s per batch
	--> Time from Last Check: 33.83s
--> Batch: 649, Loss: 2.7817, Label: 5, Survival Months: 39.00, Risk: -4.4530
	--> Average Speed: 1.26s per batch
	--> Time from Last Check: 40.42s
--> Batch: 699, Loss: 0.4416, Label: 12, Survival Months: 87.58, Risk: -14.8211
	--> Average Speed: 0.81s per batch
	--> Time from Last Check: 26.03s
[05/01/2025 - 20:12:52] - Epoch: 16, lr: 0.00000352, train_loss: 0.6921, train_c_index: 0.9089
[05/01/2025 - 20:15:04] - Epoch: 16, val_loss: 0.7686, val_c_index: 0.6611
[05/01/2025 - 20:15:04] - Time elapsed for epoch 16: 563s
[05/01/2025 - 20:15:04] - Epoch: 17
--> Batch: 49, Loss: 0.4844, Label: 10, Survival Months: 64.42, Risk: -10.6222
	--> Average Speed: 1.17s per batch
	--> Time from Last Check: 37.36s
--> Batch: 99, Loss: 0.4077, Label: 9, Survival Months: 55.50, Risk: -16.6004
	--> Average Speed: 0.73s per batch
	--> Time from Last Check: 23.21s
--> Batch: 149, Loss: 0.5334, Label: 17, Survival Months: 182.75, Risk: -15.0946
	--> Average Speed: 1.11s per batch
	--> Time from Last Check: 35.52s
--> Batch: 199, Loss: 0.4378, Label: 15, Survival Months: 129.17, Risk: -16.5812
	--> Average Speed: 1.03s per batch
	--> Time from Last Check: 33.00s
--> Batch: 249, Loss: 0.4362, Label: 15, Survival Months: 144.17, Risk: -16.6106
	--> Average Speed: 1.18s per batch
	--> Time from Last Check: 37.88s
--> Batch: 299, Loss: 0.4015, Label: 3, Survival Months: 30.92, Risk: -16.5056
	--> Average Speed: 1.03s per batch
	--> Time from Last Check: 32.95s
--> Batch: 349, Loss: 0.4000, Label: 4, Survival Months: 34.50, Risk: -17.1502
	--> Average Speed: 1.03s per batch
	--> Time from Last Check: 32.91s
--> Batch: 399, Loss: 0.6064, Label: 18, Survival Months: 257.83, Risk: -15.1411
	--> Average Speed: 0.92s per batch
	--> Time from Last Check: 29.46s
--> Batch: 449, Loss: 0.4007, Label: 2, Survival Months: 27.50, Risk: -16.4174
	--> Average Speed: 1.24s per batch
	--> Time from Last Check: 39.61s
--> Batch: 499, Loss: 0.4311, Label: 15, Survival Months: 130.08, Risk: -16.9041
	--> Average Speed: 0.75s per batch
	--> Time from Last Check: 24.00s
--> Batch: 549, Loss: 0.5046, Label: 17, Survival Months: 186.33, Risk: -15.8525
	--> Average Speed: 0.90s per batch
	--> Time from Last Check: 28.75s
--> Batch: 599, Loss: 0.4014, Label: 3, Survival Months: 29.83, Risk: -16.2630
	--> Average Speed: 0.91s per batch
	--> Time from Last Check: 29.06s
--> Batch: 649, Loss: 3.1701, Label: 15, Survival Months: 141.17, Risk: -15.2499
	--> Average Speed: 0.79s per batch
	--> Time from Last Check: 25.24s
--> Batch: 699, Loss: 0.3983, Label: 3, Survival Months: 30.42, Risk: -17.3363
	--> Average Speed: 1.27s per batch
	--> Time from Last Check: 40.59s
[05/01/2025 - 20:22:43] - Epoch: 17, lr: 0.00000281, train_loss: 0.6889, train_c_index: 0.9084
[05/01/2025 - 20:25:13] - Epoch: 17, val_loss: 0.7702, val_c_index: 0.6549
[05/01/2025 - 20:25:13] - Time elapsed for epoch 17: 609s
[05/01/2025 - 20:25:13] - Epoch: 18
--> Batch: 49, Loss: 0.4910, Label: 17, Survival Months: 193.00, Risk: -16.3923
	--> Average Speed: 0.80s per batch
	--> Time from Last Check: 25.49s
--> Batch: 99, Loss: 0.4093, Label: 11, Survival Months: 75.42, Risk: -16.6623
	--> Average Speed: 0.85s per batch
	--> Time from Last Check: 27.34s
--> Batch: 149, Loss: 0.4032, Label: 8, Survival Months: 50.67, Risk: -16.8449
	--> Average Speed: 1.14s per batch
	--> Time from Last Check: 36.33s
--> Batch: 199, Loss: 0.4007, Label: 1, Survival Months: 17.83, Risk: -15.1889
	--> Average Speed: 0.72s per batch
	--> Time from Last Check: 22.94s
--> Batch: 249, Loss: 0.4073, Label: 7, Survival Months: 47.83, Risk: -15.7260
	--> Average Speed: 0.94s per batch
	--> Time from Last Check: 30.12s
--> Batch: 299, Loss: 3.1446, Label: 8, Survival Months: 51.00, Risk: -3.9712
	--> Average Speed: 1.18s per batch
	--> Time from Last Check: 37.70s
--> Batch: 349, Loss: 0.4018, Label: 1, Survival Months: 16.67, Risk: -14.4717
	--> Average Speed: 0.87s per batch
	--> Time from Last Check: 27.88s
--> Batch: 399, Loss: 0.4046, Label: 11, Survival Months: 69.08, Risk: -17.1900
	--> Average Speed: 1.16s per batch
	--> Time from Last Check: 37.08s
--> Batch: 449, Loss: 0.3985, Label: 6, Survival Months: 42.33, Risk: -16.9713
	--> Average Speed: 1.05s per batch
	--> Time from Last Check: 33.47s
--> Batch: 499, Loss: 0.4209, Label: 15, Survival Months: 135.00, Risk: -17.3167
	--> Average Speed: 0.85s per batch
	--> Time from Last Check: 27.12s
--> Batch: 549, Loss: 1.8254, Label: 18, Survival Months: 242.58, Risk: -15.9957
	--> Average Speed: 0.71s per batch
	--> Time from Last Check: 22.88s
--> Batch: 599, Loss: 2.9301, Label: 7, Survival Months: 47.58, Risk: -10.7295
	--> Average Speed: 0.90s per batch
	--> Time from Last Check: 28.94s
--> Batch: 649, Loss: 0.3963, Label: 0, Survival Months: 0.42, Risk: -15.0052
	--> Average Speed: 0.75s per batch
	--> Time from Last Check: 24.15s
--> Batch: 699, Loss: 2.6564, Label: 7, Survival Months: 45.67, Risk: -5.3188
	--> Average Speed: 1.11s per batch
	--> Time from Last Check: 35.43s
[05/01/2025 - 20:32:28] - Epoch: 18, lr: 0.00000225, train_loss: 0.6840, train_c_index: 0.9172
[05/01/2025 - 20:34:58] - Epoch: 18, val_loss: 0.7697, val_c_index: 0.6591
[05/01/2025 - 20:34:58] - Time elapsed for epoch 18: 584s
[05/01/2025 - 20:34:58] - Epoch: 19
--> Batch: 49, Loss: 0.4033, Label: 9, Survival Months: 56.25, Risk: -16.6275
	--> Average Speed: 1.24s per batch
	--> Time from Last Check: 39.58s
--> Batch: 99, Loss: 0.3976, Label: 5, Survival Months: 35.92, Risk: -16.9182
	--> Average Speed: 1.06s per batch
	--> Time from Last Check: 33.92s
--> Batch: 149, Loss: 0.4436, Label: 16, Survival Months: 157.25, Risk: -17.1725
	--> Average Speed: 1.22s per batch
	--> Time from Last Check: 39.09s
--> Batch: 199, Loss: 0.4673, Label: 17, Survival Months: 194.58, Risk: -17.0685
	--> Average Speed: 1.05s per batch
	--> Time from Last Check: 33.55s
--> Batch: 249, Loss: 0.4365, Label: 11, Survival Months: 80.42, Risk: -14.1508
	--> Average Speed: 1.10s per batch
	--> Time from Last Check: 35.26s
--> Batch: 299, Loss: 0.3971, Label: 4, Survival Months: 35.25, Risk: -16.8137
	--> Average Speed: 0.90s per batch
	--> Time from Last Check: 28.96s
--> Batch: 349, Loss: 0.4111, Label: 11, Survival Months: 80.67, Risk: -16.2076
	--> Average Speed: 0.80s per batch
	--> Time from Last Check: 25.47s
--> Batch: 399, Loss: 0.3973, Label: 2, Survival Months: 23.75, Risk: -16.3340
	--> Average Speed: 0.73s per batch
	--> Time from Last Check: 23.38s
--> Batch: 449, Loss: 0.4170, Label: 12, Survival Months: 82.00, Risk: -16.2549
	--> Average Speed: 1.37s per batch
	--> Time from Last Check: 43.73s
--> Batch: 499, Loss: 0.4120, Label: 11, Survival Months: 77.58, Risk: -16.0003
	--> Average Speed: 0.66s per batch
	--> Time from Last Check: 21.00s
--> Batch: 549, Loss: 0.4073, Label: 13, Survival Months: 99.25, Risk: -17.2327
	--> Average Speed: 1.16s per batch
	--> Time from Last Check: 37.22s
--> Batch: 599, Loss: 0.4020, Label: 10, Survival Months: 65.25, Risk: -16.7923
	--> Average Speed: 1.07s per batch
	--> Time from Last Check: 34.22s
--> Batch: 649, Loss: 0.4181, Label: 7, Survival Months: 46.17, Risk: -13.7300
	--> Average Speed: 1.02s per batch
	--> Time from Last Check: 32.79s
--> Batch: 699, Loss: 0.5400, Label: 18, Survival Months: 210.08, Risk: -16.7136
	--> Average Speed: 1.42s per batch
	--> Time from Last Check: 45.35s
[05/01/2025 - 20:43:07] - Epoch: 19, lr: 0.00000180, train_loss: 0.6791, train_c_index: 0.9161
[05/01/2025 - 20:45:16] - Epoch: 19, val_loss: 0.7695, val_c_index: 0.6598
[05/01/2025 - 20:45:17] - Time elapsed for epoch 19: 619s
[05/01/2025 - 20:45:17] - Epoch: 20
--> Batch: 49, Loss: 0.3940, Label: 0, Survival Months: 0.00, Risk: -16.1912
	--> Average Speed: 0.75s per batch
	--> Time from Last Check: 24.00s
--> Batch: 99, Loss: 0.4259, Label: 14, Survival Months: 109.00, Risk: -16.5898
	--> Average Speed: 1.05s per batch
	--> Time from Last Check: 33.64s
--> Batch: 149, Loss: 0.4241, Label: 12, Survival Months: 88.58, Risk: -15.6290
	--> Average Speed: 0.98s per batch
	--> Time from Last Check: 31.51s
--> Batch: 199, Loss: 0.6747, Label: 19, Survival Months: 270.67, Risk: -17.2293
	--> Average Speed: 1.15s per batch
	--> Time from Last Check: 36.65s
--> Batch: 249, Loss: 0.3957, Label: 5, Survival Months: 35.92, Risk: -17.0731
	--> Average Speed: 0.73s per batch
	--> Time from Last Check: 23.35s
--> Batch: 299, Loss: 0.4374, Label: 8, Survival Months: 50.00, Risk: -12.5243
	--> Average Speed: 0.89s per batch
	--> Time from Last Check: 28.61s
--> Batch: 349, Loss: 0.4815, Label: 16, Survival Months: 148.58, Risk: -15.6141
	--> Average Speed: 0.91s per batch
	--> Time from Last Check: 29.20s
--> Batch: 399, Loss: 0.3967, Label: 2, Survival Months: 27.50, Risk: -16.0639
	--> Average Speed: 0.98s per batch
	--> Time from Last Check: 31.45s
--> Batch: 449, Loss: 0.3959, Label: 4, Survival Months: 33.50, Risk: -16.6638
	--> Average Speed: 1.46s per batch
	--> Time from Last Check: 46.75s
--> Batch: 499, Loss: 2.7908, Label: 5, Survival Months: 35.50, Risk: -2.9309
	--> Average Speed: 1.10s per batch
	--> Time from Last Check: 35.11s
--> Batch: 549, Loss: 0.4105, Label: 13, Survival Months: 93.42, Risk: -16.8247
	--> Average Speed: 0.81s per batch
	--> Time from Last Check: 25.94s
--> Batch: 599, Loss: 0.3964, Label: 3, Survival Months: 31.83, Risk: -16.3094
	--> Average Speed: 0.98s per batch
	--> Time from Last Check: 31.30s
--> Batch: 649, Loss: 0.4118, Label: 12, Survival Months: 93.25, Risk: -16.4807
	--> Average Speed: 0.89s per batch
	--> Time from Last Check: 28.32s
--> Batch: 699, Loss: 0.4069, Label: 1, Survival Months: 18.08, Risk: -11.2677
	--> Average Speed: 0.90s per batch
	--> Time from Last Check: 28.95s
[05/01/2025 - 20:52:46] - Epoch: 20, lr: 0.00000144, train_loss: 0.6782, train_c_index: 0.9263
--> Saving model into checkpoints/MCAT_TCGA-BRCA_E20_202501052052.pt
[05/01/2025 - 20:55:10] - Epoch: 20, val_loss: 0.7649, val_c_index: 0.6687
[05/01/2025 - 20:55:10] - Time elapsed for epoch 20: 593s
[05/01/2025 - 20:55:10] - Epoch: 21
--> Batch: 49, Loss: 0.4573, Label: 16, Survival Months: 151.67, Risk: -16.4176
	--> Average Speed: 0.94s per batch
	--> Time from Last Check: 30.20s
--> Batch: 99, Loss: 0.4889, Label: 17, Survival Months: 206.92, Risk: -16.2854
	--> Average Speed: 0.91s per batch
	--> Time from Last Check: 29.26s
--> Batch: 149, Loss: 0.3948, Label: 6, Survival Months: 41.58, Risk: -17.1339
	--> Average Speed: 1.13s per batch
	--> Time from Last Check: 36.00s
--> Batch: 199, Loss: 0.4769, Label: 16, Survival Months: 166.33, Risk: -15.7917
	--> Average Speed: 0.84s per batch
	--> Time from Last Check: 26.92s
--> Batch: 249, Loss: 0.4089, Label: 10, Survival Months: 64.08, Risk: -15.6888
	--> Average Speed: 1.07s per batch
	--> Time from Last Check: 34.24s
--> Batch: 299, Loss: 0.3938, Label: 1, Survival Months: 18.17, Risk: -16.6457
	--> Average Speed: 1.01s per batch
	--> Time from Last Check: 32.42s
--> Batch: 349, Loss: 0.3968, Label: 7, Survival Months: 47.25, Risk: -16.9081
	--> Average Speed: 1.10s per batch
	--> Time from Last Check: 35.16s
--> Batch: 399, Loss: 0.3948, Label: 6, Survival Months: 39.75, Risk: -17.0105
	--> Average Speed: 1.07s per batch
	--> Time from Last Check: 34.17s
--> Batch: 449, Loss: 0.3981, Label: 8, Survival Months: 50.92, Risk: -16.9400
	--> Average Speed: 1.22s per batch
	--> Time from Last Check: 39.11s
--> Batch: 499, Loss: 0.4051, Label: 10, Survival Months: 61.17, Risk: -16.1620
	--> Average Speed: 0.72s per batch
	--> Time from Last Check: 23.14s
--> Batch: 549, Loss: 0.4036, Label: 9, Survival Months: 53.58, Risk: -16.0707
	--> Average Speed: 0.84s per batch
	--> Time from Last Check: 26.81s
--> Batch: 599, Loss: 1.9000, Label: 18, Survival Months: 210.00, Risk: -16.5539
	--> Average Speed: 1.19s per batch
	--> Time from Last Check: 37.95s
--> Batch: 649, Loss: 0.6720, Label: 19, Survival Months: 270.58, Risk: -16.9908
	--> Average Speed: 1.14s per batch
	--> Time from Last Check: 36.42s
--> Batch: 699, Loss: 0.4111, Label: 11, Survival Months: 69.08, Risk: -15.8959
	--> Average Speed: 0.93s per batch
	--> Time from Last Check: 29.77s
[05/01/2025 - 21:02:57] - Epoch: 21, lr: 0.00000115, train_loss: 0.6765, train_c_index: 0.9217
[05/01/2025 - 21:05:21] - Epoch: 21, val_loss: 0.7681, val_c_index: 0.6577
[05/01/2025 - 21:05:21] - Time elapsed for epoch 21: 611s
[05/01/2025 - 21:05:21] - Epoch: 22
--> Batch: 49, Loss: 1.0253, Label: 19, Survival Months: 473.08, Risk: -8.0654
	--> Average Speed: 0.86s per batch
	--> Time from Last Check: 27.61s
--> Batch: 99, Loss: 3.1834, Label: 13, Survival Months: 93.92, Risk: -9.7686
	--> Average Speed: 0.77s per batch
	--> Time from Last Check: 24.52s
--> Batch: 149, Loss: 0.3966, Label: 6, Survival Months: 41.00, Risk: -16.2491
	--> Average Speed: 0.98s per batch
	--> Time from Last Check: 31.20s
--> Batch: 199, Loss: 0.5194, Label: 18, Survival Months: 268.83, Risk: -17.1353
	--> Average Speed: 0.87s per batch
	--> Time from Last Check: 27.71s
--> Batch: 249, Loss: 0.3941, Label: 2, Survival Months: 28.08, Risk: -16.4867
	--> Average Speed: 0.70s per batch
	--> Time from Last Check: 22.41s
--> Batch: 299, Loss: 0.4019, Label: 10, Survival Months: 60.58, Risk: -16.5264
	--> Average Speed: 1.11s per batch
	--> Time from Last Check: 35.40s
--> Batch: 349, Loss: 0.3926, Label: 1, Survival Months: 15.50, Risk: -16.7985
	--> Average Speed: 1.34s per batch
	--> Time from Last Check: 42.97s
--> Batch: 399, Loss: 0.3940, Label: 5, Survival Months: 36.58, Risk: -16.8820
	--> Average Speed: 1.00s per batch
	--> Time from Last Check: 31.86s
--> Batch: 449, Loss: 0.3922, Label: 2, Survival Months: 28.08, Risk: -17.3667
	--> Average Speed: 0.96s per batch
	--> Time from Last Check: 30.73s
--> Batch: 499, Loss: 0.4001, Label: 2, Survival Months: 22.17, Risk: -14.0613
	--> Average Speed: 0.93s per batch
	--> Time from Last Check: 29.67s
--> Batch: 549, Loss: 0.3976, Label: 3, Survival Months: 31.25, Risk: -15.3651
	--> Average Speed: 1.24s per batch
	--> Time from Last Check: 39.69s
--> Batch: 599, Loss: 0.4401, Label: 15, Survival Months: 137.33, Risk: -16.1417
	--> Average Speed: 0.69s per batch
	--> Time from Last Check: 22.16s
--> Batch: 649, Loss: 0.4047, Label: 11, Survival Months: 71.33, Risk: -16.5735
	--> Average Speed: 1.21s per batch
	--> Time from Last Check: 38.59s
--> Batch: 699, Loss: 0.4922, Label: 12, Survival Months: 88.83, Risk: -11.6340
	--> Average Speed: 1.45s per batch
	--> Time from Last Check: 46.39s
[05/01/2025 - 21:13:19] - Epoch: 22, lr: 0.00000092, train_loss: 0.6775, train_c_index: 0.9210
[05/01/2025 - 21:15:40] - Epoch: 22, val_loss: 0.7662, val_c_index: 0.6674
[05/01/2025 - 21:15:40] - Time elapsed for epoch 22: 619s
[05/01/2025 - 21:15:40] - Epoch: 23
--> Batch: 49, Loss: 0.3973, Label: 8, Survival Months: 51.50, Risk: -16.8760
	--> Average Speed: 0.58s per batch
	--> Time from Last Check: 18.54s
--> Batch: 99, Loss: 0.3973, Label: 7, Survival Months: 46.17, Risk: -16.5031
	--> Average Speed: 0.87s per batch
	--> Time from Last Check: 27.81s
--> Batch: 149, Loss: 0.4049, Label: 11, Survival Months: 75.92, Risk: -16.4784
	--> Average Speed: 0.94s per batch
	--> Time from Last Check: 30.13s
--> Batch: 199, Loss: 0.4357, Label: 5, Survival Months: 35.67, Risk: -10.2271
	--> Average Speed: 0.71s per batch
	--> Time from Last Check: 22.68s
--> Batch: 249, Loss: 0.3916, Label: 2, Survival Months: 25.75, Risk: -17.4787
	--> Average Speed: 1.19s per batch
	--> Time from Last Check: 38.06s
--> Batch: 299, Loss: 0.8479, Label: 19, Survival Months: 309.08, Risk: -11.8692
	--> Average Speed: 0.73s per batch
	--> Time from Last Check: 23.38s
--> Batch: 349, Loss: 0.4103, Label: 3, Survival Months: 28.75, Risk: -12.2546
	--> Average Speed: 1.36s per batch
	--> Time from Last Check: 43.50s
--> Batch: 399, Loss: 0.4752, Label: 17, Survival Months: 182.58, Risk: -16.6326
	--> Average Speed: 0.86s per batch
	--> Time from Last Check: 27.38s
--> Batch: 449, Loss: 0.3950, Label: 7, Survival Months: 45.50, Risk: -16.8966
	--> Average Speed: 1.35s per batch
	--> Time from Last Check: 43.23s
--> Batch: 499, Loss: 1.8679, Label: 1, Survival Months: 18.67, Risk: -3.3480
	--> Average Speed: 1.28s per batch
	--> Time from Last Check: 40.94s
--> Batch: 549, Loss: 0.4810, Label: 17, Survival Months: 186.33, Risk: -16.5149
	--> Average Speed: 1.01s per batch
	--> Time from Last Check: 32.36s
--> Batch: 599, Loss: 0.3922, Label: 1, Survival Months: 13.58, Risk: -16.5359
	--> Average Speed: 0.82s per batch
	--> Time from Last Check: 26.15s
--> Batch: 649, Loss: 0.3941, Label: 10, Survival Months: 62.83, Risk: -17.5315
	--> Average Speed: 1.18s per batch
	--> Time from Last Check: 37.70s
--> Batch: 699, Loss: 3.1869, Label: 13, Survival Months: 95.17, Risk: -12.5012
	--> Average Speed: 1.32s per batch
	--> Time from Last Check: 42.12s
[05/01/2025 - 21:23:41] - Epoch: 23, lr: 0.00000074, train_loss: 0.6781, train_c_index: 0.9166
[05/01/2025 - 21:25:52] - Epoch: 23, val_loss: 0.7664, val_c_index: 0.6667
[05/01/2025 - 21:25:52] - Time elapsed for epoch 23: 611s
[05/01/2025 - 21:25:52] - Epoch: 24
--> Batch: 49, Loss: 0.4774, Label: 17, Survival Months: 207.17, Risk: -16.5372
	--> Average Speed: 1.01s per batch
	--> Time from Last Check: 32.20s
--> Batch: 99, Loss: 0.3967, Label: 1, Survival Months: 5.67, Risk: -13.8893
	--> Average Speed: 1.15s per batch
	--> Time from Last Check: 36.84s
--> Batch: 149, Loss: 0.4376, Label: 9, Survival Months: 56.25, Risk: -12.3984
	--> Average Speed: 0.97s per batch
	--> Time from Last Check: 30.95s
--> Batch: 199, Loss: 0.3943, Label: 1, Survival Months: 17.83, Risk: -15.2115
	--> Average Speed: 0.67s per batch
	--> Time from Last Check: 21.56s
--> Batch: 249, Loss: 0.3923, Label: 5, Survival Months: 36.75, Risk: -17.1056
	--> Average Speed: 0.47s per batch
	--> Time from Last Check: 14.94s
--> Batch: 299, Loss: 0.3954, Label: 6, Survival Months: 42.58, Risk: -16.1997
	--> Average Speed: 0.98s per batch
	--> Time from Last Check: 31.24s
--> Batch: 349, Loss: 1.4774, Label: 19, Survival Months: 329.92, Risk: -17.1987
	--> Average Speed: 0.94s per batch
	--> Time from Last Check: 30.13s
--> Batch: 399, Loss: 0.4209, Label: 13, Survival Months: 94.33, Risk: -15.8261
	--> Average Speed: 0.98s per batch
	--> Time from Last Check: 31.31s
--> Batch: 449, Loss: 0.3964, Label: 7, Survival Months: 47.08, Risk: -16.5106
	--> Average Speed: 0.54s per batch
	--> Time from Last Check: 17.38s
--> Batch: 499, Loss: 0.4253, Label: 14, Survival Months: 118.08, Risk: -16.4542
	--> Average Speed: 0.78s per batch
	--> Time from Last Check: 25.04s
--> Batch: 549, Loss: 0.3921, Label: 1, Survival Months: 15.50, Risk: -16.2551
	--> Average Speed: 0.84s per batch
	--> Time from Last Check: 26.80s
--> Batch: 599, Loss: 2.7679, Label: 14, Survival Months: 113.75, Risk: -16.1850
	--> Average Speed: 0.93s per batch
	--> Time from Last Check: 29.70s
--> Batch: 649, Loss: 0.4119, Label: 12, Survival Months: 83.67, Risk: -16.2730
	--> Average Speed: 0.48s per batch
	--> Time from Last Check: 15.21s
--> Batch: 699, Loss: 0.4259, Label: 15, Survival Months: 132.08, Risk: -16.8417
	--> Average Speed: 0.51s per batch
	--> Time from Last Check: 16.36s
[05/01/2025 - 21:32:03] - Epoch: 24, lr: 0.00000059, train_loss: 0.6739, train_c_index: 0.9235
[05/01/2025 - 21:33:43] - Epoch: 24, val_loss: 0.7660, val_c_index: 0.6632
[05/01/2025 - 21:33:43] - Time elapsed for epoch 24: 471s
[05/01/2025 - 21:33:43] - Epoch: 25
--> Batch: 49, Loss: 0.4408, Label: 14, Survival Months: 110.83, Risk: -15.5319
	--> Average Speed: 0.98s per batch
	--> Time from Last Check: 31.35s
--> Batch: 99, Loss: 0.4316, Label: 7, Survival Months: 44.00, Risk: -11.8502
	--> Average Speed: 0.51s per batch
	--> Time from Last Check: 16.16s
--> Batch: 149, Loss: 0.3949, Label: 6, Survival Months: 43.25, Risk: -16.3126
	--> Average Speed: 0.86s per batch
	--> Time from Last Check: 27.40s
--> Batch: 199, Loss: 0.3901, Label: 0, Survival Months: 0.58, Risk: -16.0390
	--> Average Speed: 0.93s per batch
	--> Time from Last Check: 29.63s
--> Batch: 249, Loss: 0.5305, Label: 16, Survival Months: 162.75, Risk: -13.8998
	--> Average Speed: 0.53s per batch
	--> Time from Last Check: 17.05s
--> Batch: 299, Loss: 0.3980, Label: 8, Survival Months: 51.83, Risk: -16.4368
	--> Average Speed: 0.80s per batch
	--> Time from Last Check: 25.45s
--> Batch: 349, Loss: 0.4318, Label: 15, Survival Months: 138.75, Risk: -16.4871
	--> Average Speed: 0.99s per batch
	--> Time from Last Check: 31.65s
--> Batch: 399, Loss: 0.4517, Label: 15, Survival Months: 129.92, Risk: -15.5783
	--> Average Speed: 0.91s per batch
	--> Time from Last Check: 29.19s
--> Batch: 449, Loss: 0.4102, Label: 13, Survival Months: 101.00, Risk: -16.5275
	--> Average Speed: 0.63s per batch
	--> Time from Last Check: 20.18s
--> Batch: 499, Loss: 3.1648, Label: 13, Survival Months: 93.92, Risk: -11.2741
	--> Average Speed: 0.52s per batch
	--> Time from Last Check: 16.58s
--> Batch: 549, Loss: 0.4730, Label: 16, Survival Months: 156.75, Risk: -15.7538
	--> Average Speed: 0.53s per batch
	--> Time from Last Check: 16.96s
--> Batch: 599, Loss: 0.3932, Label: 6, Survival Months: 42.33, Risk: -16.7257
	--> Average Speed: 0.60s per batch
	--> Time from Last Check: 19.23s
--> Batch: 649, Loss: 0.4545, Label: 17, Survival Months: 179.58, Risk: -17.2349
	--> Average Speed: 0.81s per batch
	--> Time from Last Check: 25.91s
--> Batch: 699, Loss: 0.3897, Label: 0, Survival Months: 2.50, Risk: -16.4153
	--> Average Speed: 1.18s per batch
	--> Time from Last Check: 37.65s
[05/01/2025 - 21:39:41] - Epoch: 25, lr: 0.00000047, train_loss: 0.6726, train_c_index: 0.9173
[05/01/2025 - 21:41:07] - Epoch: 25, val_loss: 0.7661, val_c_index: 0.6687
[05/01/2025 - 21:41:07] - Time elapsed for epoch 25: 445s

################# [05/01/2025 - 21:41:07] - Training completed #################

################# [05/01/2025 - 21:41:07] - Validation started #################
[05/01/2025 - 21:42:57] - Final Validation, val_loss: 0.7661, val_c_index: 0.6687
[05/01/2025 - 21:42:57] - Time elapsed for Validation: 109s

################ [05/01/2025 - 21:42:57] - Validation completed ################

################## [05/01/2025 - 21:42:59] - MCAT terminated ###################
