Environment conda activated
Job 2505425 started

#################### [10/01/2025 - 03:08:05] - MCAT started ####################
HOSTNAME: ajeje

WANDB: setting up for report

CUDA: available
--> Device count: 1
--> Using device: NVIDIA GeForce RTX 2080 Ti
--> Running on CUDA

DATASET: Loading data
--> Remaining samples after removing incomplete: 1039
--> Class intervals: [
	0: [0.00 - 2.57]
	1: [2.57 - 17.70]
	2: [17.70 - 26.37]
	3: [26.37 - 31.25]
	4: [31.25 - 34.71]
	5: [34.71 - 38.03]
	6: [38.03 - 42.94]
	7: [42.94 - 47.45]
	8: [47.45 - 51.69]
	9: [51.69 - 58.17]
	10: [58.17 - 67.10]
	11: [67.10 - 79.80]
	12: [79.80 - 88.56]
	13: [88.56 - 102.25]
	14: [102.25 - 120.62]
	15: [120.62 - 141.88]
	16: [141.88 - 174.40]
	17: [174.40 - 205.88]
	18: [205.88 - 263.29]
	19: [263.29 - 593.83]
    ]
--> Standardizing RNA-seq data
--> Standardizing Methylation Islands beta values
--> Gene Expression Signatures size: [19938]
--> Methylation Signatures size: [4522]
--> Using 80% training, 20% validation
--> Training Set: [831], Testing Set: [208]

MODEL: MCAT
--> Trainable parameters of MCAT: 9362966
--> Loss function: CrossEntropySurvivalLoss
--> Optimizer: adam

################## [10/01/2025 - 03:08:32] - Training started ##################
[10/01/2025 - 03:08:32] - Epoch: 1
--> Batch: 49, Loss: 0.0000, Label: 5, Survival Months: 36.75, Risk: -1.0033
	--> Average Speed: 0.06s per batch
	--> Time from Last Check: 1.93s
--> Batch: 99, Loss: 0.0000, Label: 19, Survival Months: 478.25, Risk: -1.0613
	--> Average Speed: 0.04s per batch
	--> Time from Last Check: 1.35s
--> Batch: 149, Loss: 12.3482, Label: 17, Survival Months: 189.42, Risk: -1.0254
	--> Average Speed: 0.04s per batch
	--> Time from Last Check: 1.32s
--> Batch: 199, Loss: 10.0258, Label: 14, Survival Months: 107.17, Risk: -1.0630
	--> Average Speed: 0.04s per batch
	--> Time from Last Check: 1.36s
--> Batch: 249, Loss: 0.0000, Label: 5, Survival Months: 35.92, Risk: -1.0727
	--> Average Speed: 0.04s per batch
	--> Time from Last Check: 1.32s
--> Batch: 299, Loss: 0.0000, Label: 11, Survival Months: 70.75, Risk: -1.0498
	--> Average Speed: 0.04s per batch
	--> Time from Last Check: 1.36s
--> Batch: 349, Loss: 0.0000, Label: 5, Survival Months: 37.33, Risk: -1.0814
	--> Average Speed: 0.04s per batch
	--> Time from Last Check: 1.30s
--> Batch: 399, Loss: 0.0000, Label: 13, Survival Months: 88.58, Risk: -1.1888
	--> Average Speed: 0.04s per batch
	--> Time from Last Check: 1.44s
--> Batch: 449, Loss: 0.0000, Label: 3, Survival Months: 29.83, Risk: -1.2633
	--> Average Speed: 0.04s per batch
	--> Time from Last Check: 1.40s
--> Batch: 499, Loss: 0.0000, Label: 7, Survival Months: 47.42, Risk: -1.3237
	--> Average Speed: 0.05s per batch
	--> Time from Last Check: 1.49s
--> Batch: 549, Loss: 0.0000, Label: 11, Survival Months: 76.42, Risk: -1.3945
	--> Average Speed: 0.04s per batch
	--> Time from Last Check: 1.41s
--> Batch: 599, Loss: 0.0000, Label: 1, Survival Months: 6.50, Risk: -1.6746
	--> Average Speed: 0.04s per batch
	--> Time from Last Check: 1.43s
--> Batch: 649, Loss: 0.0000, Label: 19, Survival Months: 479.08, Risk: -1.5748
	--> Average Speed: 0.04s per batch
	--> Time from Last Check: 1.37s
--> Batch: 699, Loss: 0.0000, Label: 3, Survival Months: 30.42, Risk: -1.5697
	--> Average Speed: 0.05s per batch
	--> Time from Last Check: 1.44s
--> Batch: 749, Loss: 0.0000, Label: 10, Survival Months: 63.50, Risk: -1.4957
	--> Average Speed: 0.04s per batch
	--> Time from Last Check: 1.42s
--> Batch: 799, Loss: 0.0000, Label: 4, Survival Months: 32.08, Risk: -1.7719
	--> Average Speed: 0.04s per batch
	--> Time from Last Check: 1.42s
[10/01/2025 - 03:08:56] - Epoch: 1, lr: 0.00010000, training_loss: 0.9654, training_c_index: 0.5467
[10/01/2025 - 03:08:58] - Epoch: 1, validation_loss: 0.5655, validation_c_index: 0.3355
--> New BEST Validation Score: 0.2790, validation_loss: 0.5655, validation_c_index: 0.3355
--> Current BEST Score: 0.2790
	--> validation_loss: 0.5655
	--> best validation_c_index: 0.3355
[10/01/2025 - 03:08:58] - Time elapsed for epoch 1: 26s
[10/01/2025 - 03:08:58] - Epoch: 2
--> Batch: 49, Loss: 0.0000, Label: 13, Survival Months: 96.92, Risk: -2.2539
	--> Average Speed: 0.05s per batch
	--> Time from Last Check: 1.76s
--> Batch: 99, Loss: 0.0000, Label: 8, Survival Months: 48.67, Risk: -3.3881
	--> Average Speed: 0.04s per batch
	--> Time from Last Check: 1.43s
--> Batch: 149, Loss: 0.0000, Label: 5, Survival Months: 37.92, Risk: -3.4166
	--> Average Speed: 0.05s per batch
	--> Time from Last Check: 1.47s
--> Batch: 199, Loss: 0.0000, Label: 3, Survival Months: 30.50, Risk: -5.4243
	--> Average Speed: 0.05s per batch
	--> Time from Last Check: 1.45s
--> Batch: 249, Loss: 0.0000, Label: 12, Survival Months: 83.67, Risk: -4.7082
	--> Average Speed: 0.04s per batch
	--> Time from Last Check: 1.41s
--> Batch: 299, Loss: 0.0000, Label: 11, Survival Months: 78.58, Risk: -7.3676
	--> Average Speed: 0.04s per batch
	--> Time from Last Check: 1.42s
--> Batch: 349, Loss: 0.0000, Label: 14, Survival Months: 109.17, Risk: -9.0349
	--> Average Speed: 0.04s per batch
	--> Time from Last Check: 1.43s
--> Batch: 399, Loss: 0.0000, Label: 18, Survival Months: 233.00, Risk: -8.5031
	--> Average Speed: 0.04s per batch
	--> Time from Last Check: 1.44s
--> Batch: 449, Loss: 0.0000, Label: 7, Survival Months: 44.17, Risk: -11.0919
	--> Average Speed: 0.05s per batch
	--> Time from Last Check: 1.46s
--> Batch: 499, Loss: 2.4595, Label: 18, Survival Months: 226.00, Risk: -11.2181
	--> Average Speed: 0.04s per batch
	--> Time from Last Check: 1.40s
--> Batch: 549, Loss: 0.0000, Label: 11, Survival Months: 74.17, Risk: -12.2359
	--> Average Speed: 0.04s per batch
	--> Time from Last Check: 1.30s
--> Batch: 599, Loss: 0.0000, Label: 15, Survival Months: 128.50, Risk: -9.6731
	--> Average Speed: 0.05s per batch
	--> Time from Last Check: 1.45s
--> Batch: 649, Loss: 0.0000, Label: 3, Survival Months: 29.83, Risk: -11.8854
	--> Average Speed: 0.04s per batch
	--> Time from Last Check: 1.41s
--> Batch: 699, Loss: 0.0000, Label: 3, Survival Months: 30.92, Risk: -10.0891
	--> Average Speed: 0.05s per batch
	--> Time from Last Check: 1.44s
--> Batch: 749, Loss: 0.0000, Label: 3, Survival Months: 28.92, Risk: -12.4059
	--> Average Speed: 0.04s per batch
	--> Time from Last Check: 1.41s
--> Batch: 799, Loss: 2.3582, Label: 19, Survival Months: 371.33, Risk: -13.8174
	--> Average Speed: 0.04s per batch
	--> Time from Last Check: 1.39s
[10/01/2025 - 03:09:22] - Epoch: 2, lr: 0.00009000, training_loss: 0.4492, training_c_index: 0.4616
[10/01/2025 - 03:09:24] - Epoch: 2, validation_loss: 0.2929, validation_c_index: 0.3157
--> New BEST Validation Score: 0.2864, validation_loss: 0.2929, validation_c_index: 0.3157
--> Current BEST Score: 0.2864
	--> validation_loss: 0.2929
	--> best validation_c_index: 0.3157
[10/01/2025 - 03:09:25] - Time elapsed for epoch 2: 26s
[10/01/2025 - 03:09:25] - Epoch: 3
--> Batch: 49, Loss: 0.0000, Label: 15, Survival Months: 134.42, Risk: -11.3212
	--> Average Speed: 0.05s per batch
	--> Time from Last Check: 1.74s
--> Batch: 99, Loss: 0.0000, Label: 14, Survival Months: 118.50, Risk: -7.6874
	--> Average Speed: 0.05s per batch
	--> Time from Last Check: 1.46s
--> Batch: 149, Loss: 0.0000, Label: 10, Survival Months: 61.67, Risk: -12.7386
	--> Average Speed: 0.04s per batch
	--> Time from Last Check: 1.41s
--> Batch: 199, Loss: 0.0000, Label: 0, Survival Months: 0.83, Risk: -12.2509
	--> Average Speed: 0.04s per batch
	--> Time from Last Check: 1.41s
--> Batch: 249, Loss: 0.0000, Label: 12, Survival Months: 86.92, Risk: -12.4514
	--> Average Speed: 0.04s per batch
	--> Time from Last Check: 1.42s
--> Batch: 299, Loss: 0.0000, Label: 11, Survival Months: 67.33, Risk: -12.2400
	--> Average Speed: 0.04s per batch
	--> Time from Last Check: 1.41s
--> Batch: 349, Loss: 0.0000, Label: 11, Survival Months: 78.58, Risk: -13.8867
	--> Average Speed: 0.04s per batch
	--> Time from Last Check: 1.38s
--> Batch: 399, Loss: 2.4378, Label: 16, Survival Months: 166.08, Risk: -13.2446
	--> Average Speed: 0.05s per batch
	--> Time from Last Check: 1.49s
--> Batch: 449, Loss: 0.0000, Label: 6, Survival Months: 39.25, Risk: -12.9609
	--> Average Speed: 0.04s per batch
	--> Time from Last Check: 1.39s
--> Batch: 499, Loss: 0.0000, Label: 17, Survival Months: 200.50, Risk: -7.1919
	--> Average Speed: 0.05s per batch
	--> Time from Last Check: 1.46s
--> Batch: 549, Loss: 1.7500, Label: 18, Survival Months: 206.92, Risk: -12.9873
	--> Average Speed: 0.04s per batch
	--> Time from Last Check: 1.43s
--> Batch: 599, Loss: 3.1698, Label: 2, Survival Months: 24.58, Risk: -11.1203
	--> Average Speed: 0.04s per batch
	--> Time from Last Check: 1.44s
--> Batch: 649, Loss: 0.0000, Label: 4, Survival Months: 31.33, Risk: -12.1825
	--> Average Speed: 0.05s per batch
	--> Time from Last Check: 1.48s
--> Batch: 699, Loss: 2.9204, Label: 15, Survival Months: 122.33, Risk: -12.3238
	--> Average Speed: 0.05s per batch
	--> Time from Last Check: 1.44s
--> Batch: 749, Loss: 0.0000, Label: 7, Survival Months: 46.00, Risk: -12.4976
	--> Average Speed: 0.04s per batch
	--> Time from Last Check: 1.41s
--> Batch: 799, Loss: 0.0000, Label: 2, Survival Months: 23.92, Risk: -12.0853
	--> Average Speed: 0.05s per batch
	--> Time from Last Check: 1.45s
[10/01/2025 - 03:09:49] - Epoch: 3, lr: 0.00008100, training_loss: 0.3443, training_c_index: 0.5072
[10/01/2025 - 03:09:51] - Epoch: 3, validation_loss: 0.2960, validation_c_index: 0.3179
--> New BEST Validation Score: 0.2883, validation_loss: 0.2960, validation_c_index: 0.3179
--> Current BEST Score: 0.2883
	--> validation_loss: 0.2960
	--> best validation_c_index: 0.3179
[10/01/2025 - 03:09:51] - Time elapsed for epoch 3: 27s
[10/01/2025 - 03:09:51] - Epoch: 4
--> Batch: 49, Loss: 0.0000, Label: 16, Survival Months: 159.50, Risk: -12.6785
	--> Average Speed: 0.05s per batch
	--> Time from Last Check: 1.67s
--> Batch: 99, Loss: 0.0000, Label: 8, Survival Months: 48.00, Risk: -11.7971
	--> Average Speed: 0.04s per batch
	--> Time from Last Check: 1.42s
--> Batch: 149, Loss: 0.0000, Label: 18, Survival Months: 206.92, Risk: -10.5803
	--> Average Speed: 0.04s per batch
	--> Time from Last Check: 1.43s
--> Batch: 199, Loss: 0.0000, Label: 17, Survival Months: 175.67, Risk: -6.2605
	--> Average Speed: 0.05s per batch
	--> Time from Last Check: 1.48s
--> Batch: 249, Loss: 0.0000, Label: 4, Survival Months: 31.75, Risk: -12.4059
	--> Average Speed: 0.04s per batch
	--> Time from Last Check: 1.43s
--> Batch: 299, Loss: 0.0000, Label: 9, Survival Months: 55.00, Risk: -12.8191
	--> Average Speed: 0.04s per batch
	--> Time from Last Check: 1.38s
--> Batch: 349, Loss: 0.0000, Label: 0, Survival Months: 0.83, Risk: -13.1635
	--> Average Speed: 0.04s per batch
	--> Time from Last Check: 1.40s
--> Batch: 399, Loss: 0.0000, Label: 1, Survival Months: 13.58, Risk: -7.1868
	--> Average Speed: 0.04s per batch
	--> Time from Last Check: 1.40s
--> Batch: 449, Loss: 0.0000, Label: 12, Survival Months: 83.67, Risk: -10.2486
	--> Average Speed: 0.04s per batch
	--> Time from Last Check: 1.40s
--> Batch: 499, Loss: 0.0000, Label: 13, Survival Months: 89.92, Risk: -11.3384
	--> Average Speed: 0.04s per batch
	--> Time from Last Check: 1.43s
--> Batch: 549, Loss: 0.0000, Label: 17, Survival Months: 182.50, Risk: -7.3988
	--> Average Speed: 0.05s per batch
	--> Time from Last Check: 1.45s
--> Batch: 599, Loss: 0.0000, Label: 3, Survival Months: 28.42, Risk: -13.2656
	--> Average Speed: 0.04s per batch
	--> Time from Last Check: 1.32s
--> Batch: 649, Loss: 2.7015, Label: 16, Survival Months: 148.42, Risk: -12.9693
	--> Average Speed: 0.04s per batch
	--> Time from Last Check: 1.39s
--> Batch: 699, Loss: 2.4166, Label: 0, Survival Months: 2.50, Risk: -7.0703
	--> Average Speed: 0.04s per batch
	--> Time from Last Check: 1.44s
--> Batch: 749, Loss: 0.0000, Label: 14, Survival Months: 110.83, Risk: -10.9677
	--> Average Speed: 0.05s per batch
	--> Time from Last Check: 1.46s
--> Batch: 799, Loss: 0.0000, Label: 1, Survival Months: 16.67, Risk: -9.1145
	--> Average Speed: 0.04s per batch
	--> Time from Last Check: 1.39s
[10/01/2025 - 03:10:15] - Epoch: 4, lr: 0.00007290, training_loss: 0.3266, training_c_index: 0.5636
[10/01/2025 - 03:10:17] - Epoch: 4, validation_loss: 0.3029, validation_c_index: 0.3098
--> No improvement in validation_loss or validation_c_index for 1 epoch(s)
--> Current BEST Score: 0.2883
	--> validation_loss: 0.2960
	--> best validation_c_index: 0.3179
[10/01/2025 - 03:10:17] - Time elapsed for epoch 4: 26s
[10/01/2025 - 03:10:17] - Epoch: 5
--> Batch: 49, Loss: 0.0000, Label: 9, Survival Months: 51.83, Risk: -11.7267
	--> Average Speed: 0.05s per batch
	--> Time from Last Check: 1.72s
--> Batch: 99, Loss: 0.0000, Label: 4, Survival Months: 33.00, Risk: -11.8541
	--> Average Speed: 0.04s per batch
	--> Time from Last Check: 1.40s
--> Batch: 149, Loss: 0.0000, Label: 7, Survival Months: 44.00, Risk: -5.1218
	--> Average Speed: 0.04s per batch
	--> Time from Last Check: 1.40s
--> Batch: 199, Loss: 0.0000, Label: 15, Survival Months: 134.50, Risk: -13.5541
	--> Average Speed: 0.05s per batch
	--> Time from Last Check: 1.47s
--> Batch: 249, Loss: 0.0000, Label: 9, Survival Months: 54.00, Risk: -12.7167
	--> Average Speed: 0.04s per batch
	--> Time from Last Check: 1.42s
--> Batch: 299, Loss: 0.0000, Label: 14, Survival Months: 109.83, Risk: -10.5858
	--> Average Speed: 0.04s per batch
	--> Time from Last Check: 1.40s
--> Batch: 349, Loss: 1.6682, Label: 18, Survival Months: 210.00, Risk: -13.6374
	--> Average Speed: 0.05s per batch
	--> Time from Last Check: 1.45s
--> Batch: 399, Loss: 0.0000, Label: 19, Survival Months: 593.83, Risk: -3.4493
	--> Average Speed: 0.05s per batch
	--> Time from Last Check: 1.45s
--> Batch: 449, Loss: 0.0000, Label: 8, Survival Months: 47.92, Risk: -11.8783
	--> Average Speed: 0.05s per batch
	--> Time from Last Check: 1.44s
--> Batch: 499, Loss: 0.0000, Label: 3, Survival Months: 30.42, Risk: -11.6477
	--> Average Speed: 0.05s per batch
	--> Time from Last Check: 1.44s
--> Batch: 549, Loss: 0.0000, Label: 9, Survival Months: 52.92, Risk: -11.9326
	--> Average Speed: 0.04s per batch
	--> Time from Last Check: 1.40s
--> Batch: 599, Loss: 3.2651, Label: 11, Survival Months: 73.25, Risk: -4.9015
	--> Average Speed: 0.04s per batch
	--> Time from Last Check: 1.36s
--> Batch: 649, Loss: 0.0000, Label: 17, Survival Months: 187.92, Risk: -12.3875
	--> Average Speed: 0.04s per batch
	--> Time from Last Check: 1.41s
--> Batch: 699, Loss: 0.0000, Label: 5, Survival Months: 36.75, Risk: -11.4603
	--> Average Speed: 0.05s per batch
	--> Time from Last Check: 1.49s
--> Batch: 749, Loss: 0.0000, Label: 16, Survival Months: 143.25, Risk: -13.3730
	--> Average Speed: 0.05s per batch
	--> Time from Last Check: 1.47s
--> Batch: 799, Loss: 2.3903, Label: 16, Survival Months: 149.42, Risk: -14.0607
	--> Average Speed: 0.05s per batch
	--> Time from Last Check: 1.45s
[10/01/2025 - 03:10:41] - Epoch: 5, lr: 0.00006561, training_loss: 0.3141, training_c_index: 0.6121
[10/01/2025 - 03:10:43] - Epoch: 5, validation_loss: 0.3004, validation_c_index: 0.3260
--> New BEST Validation Score: 0.2960, validation_loss: 0.3004, validation_c_index: 0.3260
--> Current BEST Score: 0.2960
	--> validation_loss: 0.3004
	--> best validation_c_index: 0.3260
[10/01/2025 - 03:10:43] - Time elapsed for epoch 5: 26s
[10/01/2025 - 03:10:43] - Epoch: 6
--> Batch: 49, Loss: 0.0000, Label: 4, Survival Months: 33.58, Risk: -10.4902
	--> Average Speed: 0.05s per batch
	--> Time from Last Check: 1.74s
--> Batch: 99, Loss: 0.0000, Label: 17, Survival Months: 200.50, Risk: -6.5471
	--> Average Speed: 0.05s per batch
	--> Time from Last Check: 1.47s
--> Batch: 149, Loss: 0.0000, Label: 17, Survival Months: 185.17, Risk: -11.8737
	--> Average Speed: 0.04s per batch
	--> Time from Last Check: 1.43s
--> Batch: 199, Loss: 0.0000, Label: 16, Survival Months: 153.50, Risk: -12.4025
	--> Average Speed: 0.04s per batch
	--> Time from Last Check: 1.38s
--> Batch: 249, Loss: 0.0000, Label: 12, Survival Months: 86.17, Risk: -7.5874
	--> Average Speed: 0.05s per batch
	--> Time from Last Check: 1.45s
--> Batch: 299, Loss: 2.7720, Label: 11, Survival Months: 78.58, Risk: -13.1369
	--> Average Speed: 0.04s per batch
	--> Time from Last Check: 1.44s
--> Batch: 349, Loss: 0.0000, Label: 10, Survival Months: 59.58, Risk: -12.3210
	--> Average Speed: 0.04s per batch
	--> Time from Last Check: 1.41s
--> Batch: 399, Loss: 0.0000, Label: 6, Survival Months: 41.83, Risk: -8.3145
	--> Average Speed: 0.04s per batch
	--> Time from Last Check: 1.39s
--> Batch: 449, Loss: 0.0000, Label: 15, Survival Months: 128.92, Risk: -13.5424
	--> Average Speed: 0.04s per batch
	--> Time from Last Check: 1.37s
--> Batch: 499, Loss: 0.0000, Label: 16, Survival Months: 169.25, Risk: -14.6994
	--> Average Speed: 0.05s per batch
	--> Time from Last Check: 1.47s
--> Batch: 549, Loss: 0.0000, Label: 14, Survival Months: 113.58, Risk: -13.4793
	--> Average Speed: 0.04s per batch
	--> Time from Last Check: 1.43s
--> Batch: 599, Loss: 0.0000, Label: 15, Survival Months: 129.00, Risk: -2.1303
	--> Average Speed: 0.04s per batch
	--> Time from Last Check: 1.37s
--> Batch: 649, Loss: 0.0000, Label: 7, Survival Months: 43.25, Risk: -14.1065
	--> Average Speed: 0.04s per batch
	--> Time from Last Check: 1.39s
--> Batch: 699, Loss: 0.0000, Label: 15, Survival Months: 140.25, Risk: -14.5141
	--> Average Speed: 0.04s per batch
	--> Time from Last Check: 1.40s
--> Batch: 749, Loss: 0.0000, Label: 4, Survival Months: 32.83, Risk: -14.1153
	--> Average Speed: 0.04s per batch
	--> Time from Last Check: 1.36s
--> Batch: 799, Loss: 0.0000, Label: 7, Survival Months: 45.42, Risk: -4.3260
	--> Average Speed: 0.05s per batch
	--> Time from Last Check: 1.47s
[10/01/2025 - 03:11:07] - Epoch: 6, lr: 0.00005905, training_loss: 0.2986, training_c_index: 0.6471
[10/01/2025 - 03:11:09] - Epoch: 6, validation_loss: 0.3135, validation_c_index: 0.3407
--> New BEST Validation Score: 0.3093, validation_loss: 0.3135, validation_c_index: 0.3407
--> Current BEST Score: 0.3093
	--> validation_loss: 0.3135
	--> best validation_c_index: 0.3407
[10/01/2025 - 03:11:10] - Time elapsed for epoch 6: 26s
[10/01/2025 - 03:11:10] - Epoch: 7
--> Batch: 49, Loss: 0.0000, Label: 17, Survival Months: 178.00, Risk: -8.3285
	--> Average Speed: 0.05s per batch
	--> Time from Last Check: 1.72s
--> Batch: 99, Loss: 0.0000, Label: 16, Survival Months: 169.42, Risk: -9.6300
	--> Average Speed: 0.04s per batch
	--> Time from Last Check: 1.37s
--> Batch: 149, Loss: 0.0000, Label: 19, Survival Months: 268.83, Risk: -13.2029
	--> Average Speed: 0.05s per batch
	--> Time from Last Check: 1.45s
--> Batch: 199, Loss: 0.0000, Label: 10, Survival Months: 63.25, Risk: -8.5581
	--> Average Speed: 0.05s per batch
	--> Time from Last Check: 1.46s
--> Batch: 249, Loss: 0.0000, Label: 1, Survival Months: 7.00, Risk: -11.9428
	--> Average Speed: 0.05s per batch
	--> Time from Last Check: 1.45s
--> Batch: 299, Loss: 0.0000, Label: 0, Survival Months: 0.83, Risk: -9.7183
	--> Average Speed: 0.05s per batch
	--> Time from Last Check: 1.45s
--> Batch: 349, Loss: 2.5237, Label: 12, Survival Months: 83.67, Risk: -11.2201
	--> Average Speed: 0.04s per batch
	--> Time from Last Check: 1.38s
--> Batch: 399, Loss: 0.0000, Label: 19, Survival Months: 479.08, Risk: -15.0022
	--> Average Speed: 0.04s per batch
	--> Time from Last Check: 1.40s
--> Batch: 449, Loss: 0.0000, Label: 8, Survival Months: 48.75, Risk: -14.2866
	--> Average Speed: 0.04s per batch
	--> Time from Last Check: 1.44s
--> Batch: 499, Loss: 0.0000, Label: 12, Survival Months: 86.92, Risk: -15.8265
	--> Average Speed: 0.04s per batch
	--> Time from Last Check: 1.44s
--> Batch: 549, Loss: 0.0000, Label: 0, Survival Months: 0.42, Risk: -11.0961
	--> Average Speed: 0.04s per batch
	--> Time from Last Check: 1.44s
--> Batch: 599, Loss: 0.0000, Label: 6, Survival Months: 39.75, Risk: -5.3192
	--> Average Speed: 0.05s per batch
	--> Time from Last Check: 1.45s
--> Batch: 649, Loss: 2.3095, Label: 14, Survival Months: 115.67, Risk: -14.0097
	--> Average Speed: 0.04s per batch
	--> Time from Last Check: 1.40s
--> Batch: 699, Loss: 0.0000, Label: 5, Survival Months: 35.17, Risk: -12.8276
	--> Average Speed: 0.05s per batch
	--> Time from Last Check: 1.45s
--> Batch: 749, Loss: 0.0000, Label: 5, Survival Months: 37.25, Risk: -11.1105
	--> Average Speed: 0.04s per batch
	--> Time from Last Check: 1.43s
--> Batch: 799, Loss: 0.0000, Label: 13, Survival Months: 101.00, Risk: -14.2087
	--> Average Speed: 0.05s per batch
	--> Time from Last Check: 1.46s
[10/01/2025 - 03:11:34] - Epoch: 7, lr: 0.00005314, training_loss: 0.2853, training_c_index: 0.6953
[10/01/2025 - 03:11:36] - Epoch: 7, validation_loss: 0.3265, validation_c_index: 0.4413
--> New BEST Validation Score: 0.4086, validation_loss: 0.3265, validation_c_index: 0.4413
--> Current BEST Score: 0.4086
	--> validation_loss: 0.3265
	--> best validation_c_index: 0.4413
[10/01/2025 - 03:11:36] - Time elapsed for epoch 7: 27s
[10/01/2025 - 03:11:36] - Epoch: 8
--> Batch: 49, Loss: 0.0000, Label: 10, Survival Months: 63.67, Risk: -7.4645
	--> Average Speed: 0.05s per batch
	--> Time from Last Check: 1.72s
--> Batch: 99, Loss: 0.0000, Label: 2, Survival Months: 25.33, Risk: -1.7588
	--> Average Speed: 0.04s per batch
	--> Time from Last Check: 1.39s
--> Batch: 149, Loss: 0.0000, Label: 18, Survival Months: 220.42, Risk: -7.1654
	--> Average Speed: 0.04s per batch
	--> Time from Last Check: 1.44s
--> Batch: 199, Loss: 0.0000, Label: 5, Survival Months: 35.67, Risk: -13.2246
	--> Average Speed: 0.05s per batch
	--> Time from Last Check: 1.48s
--> Batch: 249, Loss: 0.0000, Label: 13, Survival Months: 101.42, Risk: -9.4820
	--> Average Speed: 0.04s per batch
	--> Time from Last Check: 1.40s
--> Batch: 299, Loss: 0.0000, Label: 10, Survival Months: 59.50, Risk: -7.5429
	--> Average Speed: 0.04s per batch
	--> Time from Last Check: 1.43s
--> Batch: 349, Loss: 0.0000, Label: 8, Survival Months: 49.67, Risk: -7.7180
	--> Average Speed: 0.05s per batch
	--> Time from Last Check: 1.47s
--> Batch: 399, Loss: 0.0000, Label: 11, Survival Months: 74.17, Risk: -6.8501
	--> Average Speed: 0.05s per batch
	--> Time from Last Check: 1.45s
--> Batch: 449, Loss: 0.0000, Label: 6, Survival Months: 39.17, Risk: -4.1113
	--> Average Speed: 0.05s per batch
	--> Time from Last Check: 1.44s
--> Batch: 499, Loss: 0.0000, Label: 19, Survival Months: 352.75, Risk: -6.6213
	--> Average Speed: 0.04s per batch
	--> Time from Last Check: 1.41s
--> Batch: 549, Loss: 0.0000, Label: 16, Survival Months: 162.75, Risk: -15.1733
	--> Average Speed: 0.05s per batch
	--> Time from Last Check: 1.45s
--> Batch: 599, Loss: 0.0000, Label: 16, Survival Months: 172.67, Risk: -13.8703
	--> Average Speed: 0.04s per batch
	--> Time from Last Check: 1.44s
--> Batch: 649, Loss: 0.0000, Label: 19, Survival Months: 410.75, Risk: -12.1737
	--> Average Speed: 0.04s per batch
	--> Time from Last Check: 1.42s
--> Batch: 699, Loss: 0.0000, Label: 16, Survival Months: 172.00, Risk: -1.6289
	--> Average Speed: 0.05s per batch
	--> Time from Last Check: 1.48s
--> Batch: 749, Loss: 0.0000, Label: 15, Survival Months: 128.50, Risk: -7.0594
	--> Average Speed: 0.04s per batch
	--> Time from Last Check: 1.38s
--> Batch: 799, Loss: 0.0000, Label: 6, Survival Months: 39.83, Risk: -16.1629
	--> Average Speed: 0.04s per batch
	--> Time from Last Check: 1.32s
[10/01/2025 - 03:12:00] - Epoch: 8, lr: 0.00004783, training_loss: 0.2754, training_c_index: 0.7310
[10/01/2025 - 03:12:02] - Epoch: 8, validation_loss: 0.3142, validation_c_index: 0.4655
--> New BEST Validation Score: 0.4341, validation_loss: 0.3142, validation_c_index: 0.4655
--> Current BEST Score: 0.4341
	--> validation_loss: 0.3142
	--> best validation_c_index: 0.4655
[10/01/2025 - 03:12:03] - Time elapsed for epoch 8: 26s
[10/01/2025 - 03:12:03] - Epoch: 9
--> Batch: 49, Loss: 2.4141, Label: 16, Survival Months: 166.08, Risk: -14.3824
	--> Average Speed: 0.05s per batch
	--> Time from Last Check: 1.74s
--> Batch: 99, Loss: 0.0000, Label: 0, Survival Months: 0.83, Risk: -15.6699
	--> Average Speed: 0.05s per batch
	--> Time from Last Check: 1.46s
--> Batch: 149, Loss: 0.0000, Label: 4, Survival Months: 33.00, Risk: -9.0312
	--> Average Speed: 0.04s per batch
	--> Time from Last Check: 1.42s
--> Batch: 199, Loss: 1.2760, Label: 18, Survival Months: 255.25, Risk: -16.0278
	--> Average Speed: 0.05s per batch
	--> Time from Last Check: 1.47s
--> Batch: 249, Loss: 0.0000, Label: 5, Survival Months: 35.67, Risk: -10.3307
	--> Average Speed: 0.05s per batch
	--> Time from Last Check: 1.46s
--> Batch: 299, Loss: 2.7147, Label: 10, Survival Months: 62.83, Risk: -12.3731
	--> Average Speed: 0.05s per batch
	--> Time from Last Check: 1.47s
--> Batch: 349, Loss: 0.0000, Label: 14, Survival Months: 117.42, Risk: -7.2609
	--> Average Speed: 0.04s per batch
	--> Time from Last Check: 1.38s
--> Batch: 399, Loss: 0.0000, Label: 0, Survival Months: 0.83, Risk: -14.2995
	--> Average Speed: 0.04s per batch
	--> Time from Last Check: 1.42s
--> Batch: 449, Loss: 0.0000, Label: 16, Survival Months: 166.50, Risk: -12.0647
	--> Average Speed: 0.04s per batch
	--> Time from Last Check: 1.38s
--> Batch: 499, Loss: 0.0000, Label: 7, Survival Months: 45.50, Risk: -9.0502
	--> Average Speed: 0.05s per batch
	--> Time from Last Check: 1.45s
--> Batch: 549, Loss: 0.0000, Label: 12, Survival Months: 80.42, Risk: -15.3833
	--> Average Speed: 0.05s per batch
	--> Time from Last Check: 1.46s
--> Batch: 599, Loss: 0.0000, Label: 11, Survival Months: 74.17, Risk: -6.3107
	--> Average Speed: 0.05s per batch
	--> Time from Last Check: 1.46s
--> Batch: 649, Loss: 0.0000, Label: 13, Survival Months: 94.83, Risk: -15.2663
	--> Average Speed: 0.05s per batch
	--> Time from Last Check: 1.47s
--> Batch: 699, Loss: 1.4110, Label: 18, Survival Months: 242.58, Risk: -15.7421
	--> Average Speed: 0.04s per batch
	--> Time from Last Check: 1.40s
--> Batch: 749, Loss: 2.4045, Label: 15, Survival Months: 136.83, Risk: -15.0303
	--> Average Speed: 0.05s per batch
	--> Time from Last Check: 1.47s
--> Batch: 799, Loss: 2.2254, Label: 19, Survival Months: 328.42, Risk: -15.3473
	--> Average Speed: 0.05s per batch
	--> Time from Last Check: 1.48s
[10/01/2025 - 03:12:27] - Epoch: 9, lr: 0.00004305, training_loss: 0.2684, training_c_index: 0.7101
[10/01/2025 - 03:12:29] - Epoch: 9, validation_loss: 0.3340, validation_c_index: 0.4545
--> No improvement in validation_loss or validation_c_index for 1 epoch(s)
--> Current BEST Score: 0.4341
	--> validation_loss: 0.3142
	--> best validation_c_index: 0.4655
[10/01/2025 - 03:12:29] - Time elapsed for epoch 9: 26s
[10/01/2025 - 03:12:29] - Epoch: 10
--> Batch: 49, Loss: 0.0000, Label: 7, Survival Months: 47.42, Risk: -12.5583
	--> Average Speed: 0.05s per batch
	--> Time from Last Check: 1.67s
--> Batch: 99, Loss: 0.0000, Label: 4, Survival Months: 34.17, Risk: -12.7497
	--> Average Speed: 0.04s per batch
	--> Time from Last Check: 1.41s
--> Batch: 149, Loss: 0.0000, Label: 1, Survival Months: 6.67, Risk: -11.2308
	--> Average Speed: 0.05s per batch
	--> Time from Last Check: 1.45s
--> Batch: 199, Loss: 0.0000, Label: 4, Survival Months: 31.92, Risk: -8.4327
	--> Average Speed: 0.05s per batch
	--> Time from Last Check: 1.46s
--> Batch: 249, Loss: 0.0000, Label: 7, Survival Months: 47.42, Risk: -2.6797
	--> Average Speed: 0.05s per batch
	--> Time from Last Check: 1.44s
--> Batch: 299, Loss: 0.0000, Label: 18, Survival Months: 206.92, Risk: -15.1368
	--> Average Speed: 0.04s per batch
	--> Time from Last Check: 1.40s
--> Batch: 349, Loss: 0.0000, Label: 9, Survival Months: 56.58, Risk: -9.7165
	--> Average Speed: 0.04s per batch
	--> Time from Last Check: 1.38s
--> Batch: 399, Loss: 0.0000, Label: 4, Survival Months: 32.25, Risk: -15.2607
	--> Average Speed: 0.05s per batch
	--> Time from Last Check: 1.46s
--> Batch: 449, Loss: 0.0000, Label: 8, Survival Months: 48.00, Risk: -5.2978
	--> Average Speed: 0.05s per batch
	--> Time from Last Check: 1.45s
--> Batch: 499, Loss: 0.0000, Label: 6, Survival Months: 38.58, Risk: -4.0484
	--> Average Speed: 0.05s per batch
	--> Time from Last Check: 1.46s
--> Batch: 549, Loss: 0.0000, Label: 5, Survival Months: 36.08, Risk: -7.5303
	--> Average Speed: 0.05s per batch
	--> Time from Last Check: 1.46s
--> Batch: 599, Loss: 0.0000, Label: 18, Survival Months: 210.08, Risk: -12.2230
	--> Average Speed: 0.04s per batch
	--> Time from Last Check: 1.39s
--> Batch: 649, Loss: 0.0000, Label: 7, Survival Months: 44.17, Risk: -15.0713
	--> Average Speed: 0.04s per batch
	--> Time from Last Check: 1.40s
--> Batch: 699, Loss: 0.0000, Label: 13, Survival Months: 95.00, Risk: -15.3841
	--> Average Speed: 0.05s per batch
	--> Time from Last Check: 1.46s
--> Batch: 749, Loss: 0.0000, Label: 8, Survival Months: 51.50, Risk: -14.1074
	--> Average Speed: 0.04s per batch
	--> Time from Last Check: 1.43s
--> Batch: 799, Loss: 0.0000, Label: 7, Survival Months: 43.25, Risk: -14.5571
	--> Average Speed: 0.04s per batch
	--> Time from Last Check: 1.40s
[10/01/2025 - 03:12:53] - Epoch: 10, lr: 0.00003874, training_loss: 0.2673, training_c_index: 0.7361
[10/01/2025 - 03:12:55] - Epoch: 10, validation_loss: 0.3442, validation_c_index: 0.3414
--> No improvement in validation_loss or validation_c_index for 2 epoch(s)
--> Current BEST Score: 0.4341
	--> validation_loss: 0.3142
	--> best validation_c_index: 0.4655
[10/01/2025 - 03:12:55] - Time elapsed for epoch 10: 26s
[10/01/2025 - 03:12:55] - Epoch: 11
--> Batch: 49, Loss: 0.0000, Label: 0, Survival Months: 0.00, Risk: -13.7691
	--> Average Speed: 0.05s per batch
	--> Time from Last Check: 1.72s
--> Batch: 99, Loss: 0.0000, Label: 9, Survival Months: 52.17, Risk: -13.1644
	--> Average Speed: 0.05s per batch
	--> Time from Last Check: 1.45s
--> Batch: 149, Loss: 0.0000, Label: 6, Survival Months: 42.33, Risk: -11.1294
	--> Average Speed: 0.05s per batch
	--> Time from Last Check: 1.47s
--> Batch: 199, Loss: 0.0000, Label: 2, Survival Months: 25.33, Risk: -13.7421
	--> Average Speed: 0.04s per batch
	--> Time from Last Check: 1.42s
--> Batch: 249, Loss: 0.0000, Label: 0, Survival Months: 0.83, Risk: -4.6242
	--> Average Speed: 0.04s per batch
	--> Time from Last Check: 1.34s
--> Batch: 299, Loss: 2.1671, Label: 12, Survival Months: 79.92, Risk: -14.3041
	--> Average Speed: 0.04s per batch
	--> Time from Last Check: 1.40s
--> Batch: 349, Loss: 0.0000, Label: 12, Survival Months: 81.17, Risk: -14.6588
	--> Average Speed: 0.04s per batch
	--> Time from Last Check: 1.41s
--> Batch: 399, Loss: 0.0000, Label: 1, Survival Months: 14.00, Risk: -9.3668
	--> Average Speed: 0.04s per batch
	--> Time from Last Check: 1.41s
--> Batch: 449, Loss: 0.0000, Label: 4, Survival Months: 33.50, Risk: -6.2408
	--> Average Speed: 0.05s per batch
	--> Time from Last Check: 1.48s
--> Batch: 499, Loss: 2.6095, Label: 10, Survival Months: 66.00, Risk: -12.4878
	--> Average Speed: 0.04s per batch
	--> Time from Last Check: 1.35s
--> Batch: 549, Loss: 0.0000, Label: 7, Survival Months: 43.17, Risk: -8.5155
	--> Average Speed: 0.04s per batch
	--> Time from Last Check: 1.35s
--> Batch: 599, Loss: 0.0000, Label: 0, Survival Months: 0.00, Risk: -11.0237
	--> Average Speed: 0.04s per batch
	--> Time from Last Check: 1.42s
--> Batch: 649, Loss: 0.0000, Label: 0, Survival Months: 0.00, Risk: -13.3850
	--> Average Speed: 0.05s per batch
	--> Time from Last Check: 1.47s
--> Batch: 699, Loss: 1.8153, Label: 19, Survival Months: 329.92, Risk: -16.1210
	--> Average Speed: 0.05s per batch
	--> Time from Last Check: 1.47s
--> Batch: 749, Loss: 0.0000, Label: 14, Survival Months: 110.50, Risk: -15.3358
	--> Average Speed: 0.05s per batch
	--> Time from Last Check: 1.47s
--> Batch: 799, Loss: 0.0000, Label: 3, Survival Months: 31.25, Risk: -6.8169
	--> Average Speed: 0.04s per batch
	--> Time from Last Check: 1.36s
[10/01/2025 - 03:13:19] - Epoch: 11, lr: 0.00003487, training_loss: 0.2637, training_c_index: 0.7407
[10/01/2025 - 03:13:21] - Epoch: 11, validation_loss: 0.3357, validation_c_index: 0.3598
--> No improvement in validation_loss or validation_c_index for 3 epoch(s)
--> Current BEST Score: 0.4341
	--> validation_loss: 0.3142
	--> best validation_c_index: 0.4655
[10/01/2025 - 03:13:21] - Time elapsed for epoch 11: 26s
[10/01/2025 - 03:13:21] - Epoch: 12
--> Batch: 49, Loss: 0.0000, Label: 13, Survival Months: 97.83, Risk: -10.3565
	--> Average Speed: 0.05s per batch
	--> Time from Last Check: 1.74s
--> Batch: 99, Loss: 0.0000, Label: 2, Survival Months: 21.00, Risk: -3.4473
	--> Average Speed: 0.05s per batch
	--> Time from Last Check: 1.47s
--> Batch: 149, Loss: 0.0000, Label: 0, Survival Months: 0.00, Risk: -14.8668
	--> Average Speed: 0.04s per batch
	--> Time from Last Check: 1.41s
--> Batch: 199, Loss: 2.1036, Label: 12, Survival Months: 83.67, Risk: -13.4463
	--> Average Speed: 0.04s per batch
	--> Time from Last Check: 1.43s
--> Batch: 249, Loss: 0.0000, Label: 12, Survival Months: 81.25, Risk: -8.2797
	--> Average Speed: 0.05s per batch
	--> Time from Last Check: 1.46s
--> Batch: 299, Loss: 0.0000, Label: 15, Survival Months: 132.25, Risk: -15.6432
	--> Average Speed: 0.05s per batch
	--> Time from Last Check: 1.47s
--> Batch: 349, Loss: 0.0000, Label: 19, Survival Months: 438.42, Risk: -14.9756
	--> Average Speed: 0.05s per batch
	--> Time from Last Check: 1.48s
--> Batch: 399, Loss: 0.0000, Label: 12, Survival Months: 80.42, Risk: -12.3070
	--> Average Speed: 0.04s per batch
	--> Time from Last Check: 1.42s
--> Batch: 449, Loss: 2.2523, Label: 15, Survival Months: 139.42, Risk: -15.3068
	--> Average Speed: 0.04s per batch
	--> Time from Last Check: 1.39s
--> Batch: 499, Loss: 0.0000, Label: 14, Survival Months: 106.42, Risk: -10.2596
	--> Average Speed: 0.05s per batch
	--> Time from Last Check: 1.47s
--> Batch: 549, Loss: 0.0000, Label: 13, Survival Months: 89.92, Risk: -14.5124
	--> Average Speed: 0.05s per batch
	--> Time from Last Check: 1.47s
--> Batch: 599, Loss: 0.0000, Label: 9, Survival Months: 53.33, Risk: -11.7416
	--> Average Speed: 0.04s per batch
	--> Time from Last Check: 1.41s
--> Batch: 649, Loss: 0.0000, Label: 15, Survival Months: 128.50, Risk: -8.2174
	--> Average Speed: 0.05s per batch
	--> Time from Last Check: 1.46s
--> Batch: 699, Loss: 0.0000, Label: 9, Survival Months: 57.42, Risk: -4.2993
	--> Average Speed: 0.04s per batch
	--> Time from Last Check: 1.43s
--> Batch: 749, Loss: 0.0000, Label: 2, Survival Months: 18.75, Risk: -6.0273
	--> Average Speed: 0.04s per batch
	--> Time from Last Check: 1.39s
--> Batch: 799, Loss: 0.0000, Label: 18, Survival Months: 221.17, Risk: -14.7558
	--> Average Speed: 0.04s per batch
	--> Time from Last Check: 1.39s
[10/01/2025 - 03:13:46] - Epoch: 12, lr: 0.00003138, training_loss: 0.2536, training_c_index: 0.7529
[10/01/2025 - 03:13:47] - Epoch: 12, validation_loss: 0.3621, validation_c_index: 0.4016
--> No improvement in validation_loss or validation_c_index for 4 epoch(s)
--> Current BEST Score: 0.4341
	--> validation_loss: 0.3142
	--> best validation_c_index: 0.4655
[10/01/2025 - 03:13:47] - Time elapsed for epoch 12: 26s
[10/01/2025 - 03:13:47] - Epoch: 13
--> Batch: 49, Loss: 0.0000, Label: 16, Survival Months: 163.83, Risk: -13.4648
	--> Average Speed: 0.05s per batch
	--> Time from Last Check: 1.66s
--> Batch: 99, Loss: 0.0000, Label: 17, Survival Months: 185.17, Risk: -15.9873
	--> Average Speed: 0.04s per batch
	--> Time from Last Check: 1.36s
--> Batch: 149, Loss: 0.0000, Label: 6, Survival Months: 39.75, Risk: -15.0076
	--> Average Speed: 0.04s per batch
	--> Time from Last Check: 1.40s
--> Batch: 199, Loss: 0.0000, Label: 12, Survival Months: 86.17, Risk: -7.4932
	--> Average Speed: 0.04s per batch
	--> Time from Last Check: 1.41s
--> Batch: 249, Loss: 0.0000, Label: 15, Survival Months: 132.08, Risk: -4.4688
	--> Average Speed: 0.05s per batch
	--> Time from Last Check: 1.45s
--> Batch: 299, Loss: 0.0000, Label: 18, Survival Months: 216.33, Risk: -10.8198
	--> Average Speed: 0.05s per batch
	--> Time from Last Check: 1.47s
--> Batch: 349, Loss: 0.0000, Label: 5, Survival Months: 36.58, Risk: -13.4933
	--> Average Speed: 0.04s per batch
	--> Time from Last Check: 1.34s
--> Batch: 399, Loss: 0.0000, Label: 19, Survival Months: 410.75, Risk: -8.3559
	--> Average Speed: 0.04s per batch
	--> Time from Last Check: 1.35s
--> Batch: 449, Loss: 0.0000, Label: 1, Survival Months: 11.17, Risk: -15.5764
	--> Average Speed: 0.04s per batch
	--> Time from Last Check: 1.39s
--> Batch: 499, Loss: 2.2691, Label: 3, Survival Months: 29.00, Risk: -9.5989
	--> Average Speed: 0.05s per batch
	--> Time from Last Check: 1.47s
--> Batch: 549, Loss: 0.0000, Label: 3, Survival Months: 31.25, Risk: -11.4118
	--> Average Speed: 0.05s per batch
	--> Time from Last Check: 1.49s
--> Batch: 599, Loss: 1.8794, Label: 19, Survival Months: 328.42, Risk: -16.4723
	--> Average Speed: 0.04s per batch
	--> Time from Last Check: 1.43s
--> Batch: 649, Loss: 0.0000, Label: 4, Survival Months: 32.92, Risk: -14.6449
	--> Average Speed: 0.04s per batch
	--> Time from Last Check: 1.43s
--> Batch: 699, Loss: 0.0000, Label: 2, Survival Months: 21.00, Risk: -15.2488
	--> Average Speed: 0.05s per batch
	--> Time from Last Check: 1.49s
--> Batch: 749, Loss: 0.0000, Label: 16, Survival Months: 173.50, Risk: -12.4158
	--> Average Speed: 0.04s per batch
	--> Time from Last Check: 1.44s
--> Batch: 799, Loss: 2.4842, Label: 14, Survival Months: 110.33, Risk: -16.5062
	--> Average Speed: 0.05s per batch
	--> Time from Last Check: 1.48s
[10/01/2025 - 03:14:12] - Epoch: 13, lr: 0.00002824, training_loss: 0.2517, training_c_index: 0.7520
[10/01/2025 - 03:14:14] - Epoch: 13, validation_loss: 0.3584, validation_c_index: 0.4038
--> No improvement in validation_loss or validation_c_index for 5 epoch(s)
--> Current BEST Score: 0.4341
	--> validation_loss: 0.3142
	--> best validation_c_index: 0.4655
[10/01/2025 - 03:14:14] - Time elapsed for epoch 13: 26s
[10/01/2025 - 03:14:14] - Epoch: 14
--> Batch: 49, Loss: 2.6768, Label: 10, Survival Months: 60.25, Risk: -7.3832
	--> Average Speed: 0.06s per batch
	--> Time from Last Check: 1.78s
--> Batch: 99, Loss: 0.0000, Label: 8, Survival Months: 48.75, Risk: -14.2830
	--> Average Speed: 0.05s per batch
	--> Time from Last Check: 1.47s
--> Batch: 149, Loss: 0.0000, Label: 11, Survival Months: 75.92, Risk: -9.2339
	--> Average Speed: 0.05s per batch
	--> Time from Last Check: 1.46s
--> Batch: 199, Loss: 0.0000, Label: 16, Survival Months: 172.00, Risk: -1.9764
	--> Average Speed: 0.04s per batch
	--> Time from Last Check: 1.39s
--> Batch: 249, Loss: 0.0000, Label: 14, Survival Months: 107.33, Risk: -13.8528
	--> Average Speed: 0.04s per batch
	--> Time from Last Check: 1.39s
--> Batch: 299, Loss: 0.0000, Label: 8, Survival Months: 49.00, Risk: -15.9949
	--> Average Speed: 0.04s per batch
	--> Time from Last Check: 1.42s
--> Batch: 349, Loss: 0.0000, Label: 6, Survival Months: 41.58, Risk: -8.4086
	--> Average Speed: 0.04s per batch
	--> Time from Last Check: 1.44s
--> Batch: 399, Loss: 0.0000, Label: 16, Survival Months: 160.42, Risk: -14.0631
	--> Average Speed: 0.05s per batch
	--> Time from Last Check: 1.47s
--> Batch: 449, Loss: 2.1735, Label: 13, Survival Months: 96.00, Risk: -13.3502
	--> Average Speed: 0.04s per batch
	--> Time from Last Check: 1.43s
--> Batch: 499, Loss: 0.0000, Label: 8, Survival Months: 49.67, Risk: -13.9885
	--> Average Speed: 0.04s per batch
	--> Time from Last Check: 1.42s
--> Batch: 549, Loss: 0.0000, Label: 5, Survival Months: 35.42, Risk: -10.6077
	--> Average Speed: 0.04s per batch
	--> Time from Last Check: 1.34s
--> Batch: 599, Loss: 0.0000, Label: 11, Survival Months: 69.92, Risk: -10.5444
	--> Average Speed: 0.04s per batch
	--> Time from Last Check: 1.40s
--> Batch: 649, Loss: 0.0000, Label: 15, Survival Months: 128.92, Risk: -13.1471
	--> Average Speed: 0.05s per batch
	--> Time from Last Check: 1.44s
--> Batch: 699, Loss: 0.0000, Label: 1, Survival Months: 14.17, Risk: -14.5381
	--> Average Speed: 0.05s per batch
	--> Time from Last Check: 1.45s
--> Batch: 749, Loss: 0.0000, Label: 6, Survival Months: 39.00, Risk: -13.7440
	--> Average Speed: 0.04s per batch
	--> Time from Last Check: 1.44s
--> Batch: 799, Loss: 2.0845, Label: 17, Survival Months: 201.42, Risk: -15.6698
	--> Average Speed: 0.04s per batch
	--> Time from Last Check: 1.38s
[10/01/2025 - 03:14:38] - Epoch: 14, lr: 0.00002542, training_loss: 0.2513, training_c_index: 0.7383
[10/01/2025 - 03:14:40] - Epoch: 14, validation_loss: 0.3393, validation_c_index: 0.4163
--> No improvement in validation_loss or validation_c_index for 6 epoch(s)
--> Current BEST Score: 0.4341
	--> validation_loss: 0.3142
	--> best validation_c_index: 0.4655
[10/01/2025 - 03:14:40] - Time elapsed for epoch 14: 26s
[10/01/2025 - 03:14:40] - Epoch: 15
--> Batch: 49, Loss: 0.0000, Label: 1, Survival Months: 2.58, Risk: -12.3308
	--> Average Speed: 0.05s per batch
	--> Time from Last Check: 1.68s
--> Batch: 99, Loss: 2.3675, Label: 11, Survival Months: 76.00, Risk: -9.8035
	--> Average Speed: 0.05s per batch
	--> Time from Last Check: 1.48s
--> Batch: 149, Loss: 0.0000, Label: 11, Survival Months: 77.92, Risk: -15.7125
	--> Average Speed: 0.05s per batch
	--> Time from Last Check: 1.46s
--> Batch: 199, Loss: 0.0000, Label: 14, Survival Months: 106.42, Risk: -11.4807
	--> Average Speed: 0.04s per batch
	--> Time from Last Check: 1.37s
--> Batch: 249, Loss: 0.0000, Label: 5, Survival Months: 37.92, Risk: -3.0023
	--> Average Speed: 0.04s per batch
	--> Time from Last Check: 1.42s
--> Batch: 299, Loss: 0.0000, Label: 8, Survival Months: 48.25, Risk: -13.7168
	--> Average Speed: 0.04s per batch
	--> Time from Last Check: 1.42s
--> Batch: 349, Loss: 0.0000, Label: 0, Survival Months: 0.83, Risk: -14.7812
	--> Average Speed: 0.05s per batch
	--> Time from Last Check: 1.45s
--> Batch: 399, Loss: 0.0000, Label: 11, Survival Months: 75.92, Risk: -10.5565
	--> Average Speed: 0.05s per batch
	--> Time from Last Check: 1.45s
--> Batch: 449, Loss: 0.0000, Label: 17, Survival Months: 183.08, Risk: -13.2229
	--> Average Speed: 0.04s per batch
	--> Time from Last Check: 1.43s
--> Batch: 499, Loss: 0.0000, Label: 14, Survival Months: 113.58, Risk: -11.7900
	--> Average Speed: 0.04s per batch
	--> Time from Last Check: 1.43s
--> Batch: 549, Loss: 2.7536, Label: 10, Survival Months: 60.25, Risk: -11.5123
	--> Average Speed: 0.05s per batch
	--> Time from Last Check: 1.45s
--> Batch: 599, Loss: 0.0000, Label: 13, Survival Months: 94.92, Risk: -15.2243
	--> Average Speed: 0.05s per batch
	--> Time from Last Check: 1.45s
--> Batch: 649, Loss: 0.0000, Label: 5, Survival Months: 36.75, Risk: -12.8144
	--> Average Speed: 0.05s per batch
	--> Time from Last Check: 1.49s
--> Batch: 699, Loss: 1.7011, Label: 19, Survival Months: 322.75, Risk: -16.2173
	--> Average Speed: 0.04s per batch
	--> Time from Last Check: 1.44s
--> Batch: 749, Loss: 0.0000, Label: 3, Survival Months: 27.33, Risk: -15.1179
	--> Average Speed: 0.04s per batch
	--> Time from Last Check: 1.38s
--> Batch: 799, Loss: 0.0000, Label: 15, Survival Months: 135.00, Risk: -7.2491
	--> Average Speed: 0.05s per batch
	--> Time from Last Check: 1.49s
[10/01/2025 - 03:15:04] - Epoch: 15, lr: 0.00002288, training_loss: 0.2450, training_c_index: 0.7567
[10/01/2025 - 03:15:06] - Epoch: 15, validation_loss: 0.3495, validation_c_index: 0.4222
--> No improvement in validation_loss or validation_c_index for 7 epoch(s)
--> Current BEST Score: 0.4341
	--> validation_loss: 0.3142
	--> best validation_c_index: 0.4655
--> Early stopping triggered after 7 epochs without improvement
[10/01/2025 - 03:15:06] - Restoring best model from epoch 8

################# [10/01/2025 - 03:15:06] - Training completed #################

################# [10/01/2025 - 03:15:06] - Validation started #################
[10/01/2025 - 03:15:08] - Final Validation, validation_loss: 0.3142, validation_c_index: 0.4655
[10/01/2025 - 03:15:08] - Time elapsed for Validation: 2s

################ [10/01/2025 - 03:15:08] - Validation completed ################

################## [10/01/2025 - 03:15:11] - MCAT terminated ###################
