Environment conda activated
Job 2505371 started

#################### [09/01/2025 - 20:10:04] - MCAT started ####################
HOSTNAME: gervasoni

WANDB: setting up for report

CUDA: available
--> Device count: 1
--> Using device: Quadro RTX 5000
--> Running on CUDA

DATASET: Loading data
--> Remaining samples after removing incomplete: 1039
--> Class intervals: [
	0: [0.00 - 2.57]
	1: [2.57 - 17.70]
	2: [17.70 - 26.37]
	3: [26.37 - 31.25]
	4: [31.25 - 34.71]
	5: [34.71 - 38.03]
	6: [38.03 - 42.94]
	7: [42.94 - 47.45]
	8: [47.45 - 51.69]
	9: [51.69 - 58.17]
	10: [58.17 - 67.10]
	11: [67.10 - 79.80]
	12: [79.80 - 88.56]
	13: [88.56 - 102.25]
	14: [102.25 - 120.62]
	15: [120.62 - 141.88]
	16: [141.88 - 174.40]
	17: [174.40 - 205.88]
	18: [205.88 - 263.29]
	19: [263.29 - 593.83]
    ]
--> Standardizing RNA-seq data
--> Standardizing Methylation Islands beta values
--> Gene Expression Signatures size: [19938]
--> Methylation Signatures size: [4522]
--> Using 80% training, 20% validation
--> Training Set: [831], Testing Set: [208]

MODEL: MCAT
--> Trainable parameters of MCAT: 9362966
--> Loss function: CrossEntropySurvivalLoss
--> Optimizer: adam

################## [09/01/2025 - 20:10:36] - Training started ##################
[09/01/2025 - 20:10:36] - Epoch: 1
--> Batch: 49, Loss: 2.8729, Label: 9, Survival Months: 54.92, Risk: -1.0543
	--> Average Speed: 0.09s per batch
	--> Time from Last Check: 2.85s
--> Batch: 99, Loss: 2.9266, Label: 10, Survival Months: 63.50, Risk: -1.1000
	--> Average Speed: 0.07s per batch
	--> Time from Last Check: 2.18s
--> Batch: 149, Loss: 2.9316, Label: 11, Survival Months: 72.50, Risk: -1.1780
	--> Average Speed: 0.06s per batch
	--> Time from Last Check: 1.93s
--> Batch: 199, Loss: 1.8697, Label: 3, Survival Months: 30.00, Risk: -1.2797
	--> Average Speed: 0.07s per batch
	--> Time from Last Check: 2.19s
--> Batch: 249, Loss: 2.1051, Label: 6, Survival Months: 39.08, Risk: -1.4683
	--> Average Speed: 0.07s per batch
	--> Time from Last Check: 2.12s
--> Batch: 299, Loss: 1.7745, Label: 4, Survival Months: 32.08, Risk: -1.8603
	--> Average Speed: 0.07s per batch
	--> Time from Last Check: 2.21s
--> Batch: 349, Loss: 2.8501, Label: 18, Survival Months: 209.42, Risk: -2.6155
	--> Average Speed: 0.07s per batch
	--> Time from Last Check: 2.24s
--> Batch: 399, Loss: 1.6389, Label: 5, Survival Months: 35.83, Risk: -2.9619
	--> Average Speed: 0.07s per batch
	--> Time from Last Check: 2.20s
--> Batch: 449, Loss: 1.6901, Label: 13, Survival Months: 101.00, Risk: -6.4598
	--> Average Speed: 0.06s per batch
	--> Time from Last Check: 2.04s
--> Batch: 499, Loss: 4.0503, Label: 11, Survival Months: 78.58, Risk: -12.0044
	--> Average Speed: 0.07s per batch
	--> Time from Last Check: 2.30s
--> Batch: 549, Loss: 1.2751, Label: 8, Survival Months: 51.67, Risk: -13.5818
	--> Average Speed: 0.07s per batch
	--> Time from Last Check: 2.24s
--> Batch: 599, Loss: 1.2164, Label: 1, Survival Months: 6.67, Risk: -14.7538
	--> Average Speed: 0.07s per batch
	--> Time from Last Check: 2.19s
--> Batch: 649, Loss: 1.2139, Label: 6, Survival Months: 38.83, Risk: -14.8090
	--> Average Speed: 0.07s per batch
	--> Time from Last Check: 2.15s
--> Batch: 699, Loss: 1.2290, Label: 13, Survival Months: 96.33, Risk: -15.4277
	--> Average Speed: 0.07s per batch
	--> Time from Last Check: 2.20s
--> Batch: 749, Loss: 3.1935, Label: 17, Survival Months: 189.42, Risk: -14.0251
	--> Average Speed: 0.07s per batch
	--> Time from Last Check: 2.13s
--> Batch: 799, Loss: 1.1549, Label: 5, Survival Months: 36.67, Risk: -14.9886
	--> Average Speed: 0.07s per batch
	--> Time from Last Check: 2.23s
[09/01/2025 - 20:11:13] - Epoch: 1, lr: 0.00010000, training_loss: 2.3795, training_c_index: 0.5073
[09/01/2025 - 20:11:15] - Epoch: 1, validation_loss: 1.5021, validation_c_index: 0.4538
--> New BEST Validation Score: 0.3036, validation_loss: 1.5021, validation_c_index: 0.4538
--> Current BEST Score: 0.3036
	--> validation_loss: 1.5021
	--> best validation_c_index: 0.4538
[09/01/2025 - 20:11:15] - Time elapsed for epoch 1: 39s
[09/01/2025 - 20:11:15] - Epoch: 2
--> Batch: 49, Loss: 1.2372, Label: 12, Survival Months: 80.42, Risk: -11.9872
	--> Average Speed: 0.06s per batch
	--> Time from Last Check: 1.88s
--> Batch: 99, Loss: 1.1394, Label: 8, Survival Months: 50.92, Risk: -14.2318
	--> Average Speed: 0.07s per batch
	--> Time from Last Check: 2.22s
--> Batch: 149, Loss: 1.2203, Label: 17, Survival Months: 179.25, Risk: -15.5911
	--> Average Speed: 0.07s per batch
	--> Time from Last Check: 2.21s
--> Batch: 199, Loss: 1.1086, Label: 6, Survival Months: 41.33, Risk: -13.0196
	--> Average Speed: 0.07s per batch
	--> Time from Last Check: 2.24s
--> Batch: 249, Loss: 1.0740, Label: 7, Survival Months: 45.58, Risk: -15.5962
	--> Average Speed: 0.06s per batch
	--> Time from Last Check: 2.03s
--> Batch: 299, Loss: 1.0478, Label: 1, Survival Months: 7.67, Risk: -15.3600
	--> Average Speed: 0.06s per batch
	--> Time from Last Check: 1.81s
--> Batch: 349, Loss: 1.0576, Label: 4, Survival Months: 31.33, Risk: -13.7071
	--> Average Speed: 0.05s per batch
	--> Time from Last Check: 1.61s
--> Batch: 399, Loss: 1.0840, Label: 8, Survival Months: 49.00, Risk: -12.8221
	--> Average Speed: 0.07s per batch
	--> Time from Last Check: 2.22s
--> Batch: 449, Loss: 1.0252, Label: 4, Survival Months: 34.67, Risk: -15.3371
	--> Average Speed: 0.07s per batch
	--> Time from Last Check: 2.16s
--> Batch: 499, Loss: 2.7846, Label: 18, Survival Months: 247.08, Risk: -14.3157
	--> Average Speed: 0.07s per batch
	--> Time from Last Check: 2.24s
--> Batch: 549, Loss: 1.0148, Label: 3, Survival Months: 30.50, Risk: -13.1305
	--> Average Speed: 0.07s per batch
	--> Time from Last Check: 2.22s
--> Batch: 599, Loss: 1.1639, Label: 17, Survival Months: 182.58, Risk: -13.8760
	--> Average Speed: 0.06s per batch
	--> Time from Last Check: 2.07s
--> Batch: 649, Loss: 1.0957, Label: 16, Survival Months: 173.50, Risk: -14.6296
	--> Average Speed: 0.07s per batch
	--> Time from Last Check: 2.19s
--> Batch: 699, Loss: 3.3404, Label: 14, Survival Months: 107.17, Risk: -14.2522
	--> Average Speed: 0.07s per batch
	--> Time from Last Check: 2.18s
--> Batch: 749, Loss: 1.3350, Label: 19, Survival Months: 275.58, Risk: -15.2879
	--> Average Speed: 0.07s per batch
	--> Time from Last Check: 2.11s
--> Batch: 799, Loss: 0.9544, Label: 8, Survival Months: 48.08, Risk: -15.7691
	--> Average Speed: 0.06s per batch
	--> Time from Last Check: 2.01s
[09/01/2025 - 20:11:50] - Epoch: 2, lr: 0.00009900, training_loss: 1.4252, training_c_index: 0.5197
[09/01/2025 - 20:11:52] - Epoch: 2, validation_loss: 1.3281, validation_c_index: 0.3456
--> No improvement in validation_loss or validation_c_index for 1 epoch(s)
--> Current BEST Score: 0.3036
	--> validation_loss: 1.5021
	--> best validation_c_index: 0.4538
[09/01/2025 - 20:11:52] - Time elapsed for epoch 2: 37s
[09/01/2025 - 20:11:52] - Epoch: 3
--> Batch: 49, Loss: 3.0970, Label: 14, Survival Months: 119.92, Risk: -15.3178
	--> Average Speed: 0.07s per batch
	--> Time from Last Check: 2.24s
--> Batch: 99, Loss: 0.9520, Label: 11, Survival Months: 67.17, Risk: -14.8822
	--> Average Speed: 0.07s per batch
	--> Time from Last Check: 2.23s
--> Batch: 149, Loss: 0.9356, Label: 8, Survival Months: 50.00, Risk: -14.2087
	--> Average Speed: 0.05s per batch
	--> Time from Last Check: 1.53s
--> Batch: 199, Loss: 1.0250, Label: 14, Survival Months: 109.00, Risk: -13.2039
	--> Average Speed: 0.05s per batch
	--> Time from Last Check: 1.73s
--> Batch: 249, Loss: 2.9393, Label: 14, Survival Months: 106.25, Risk: -13.9252
	--> Average Speed: 0.07s per batch
	--> Time from Last Check: 2.21s
--> Batch: 299, Loss: 0.8917, Label: 4, Survival Months: 32.83, Risk: -13.7898
	--> Average Speed: 0.07s per batch
	--> Time from Last Check: 2.22s
--> Batch: 349, Loss: 0.9800, Label: 14, Survival Months: 112.58, Risk: -14.0307
	--> Average Speed: 0.07s per batch
	--> Time from Last Check: 2.20s
--> Batch: 399, Loss: 0.8621, Label: 2, Survival Months: 25.25, Risk: -15.3139
	--> Average Speed: 0.07s per batch
	--> Time from Last Check: 2.20s
--> Batch: 449, Loss: 0.8632, Label: 2, Survival Months: 18.50, Risk: -12.7953
	--> Average Speed: 0.07s per batch
	--> Time from Last Check: 2.25s
--> Batch: 499, Loss: 1.0540, Label: 17, Survival Months: 186.67, Risk: -13.0886
	--> Average Speed: 0.07s per batch
	--> Time from Last Check: 2.23s
--> Batch: 549, Loss: 0.8333, Label: 2, Survival Months: 25.00, Risk: -16.2072
	--> Average Speed: 0.07s per batch
	--> Time from Last Check: 2.19s
--> Batch: 599, Loss: 0.8596, Label: 9, Survival Months: 52.00, Risk: -14.1861
	--> Average Speed: 0.07s per batch
	--> Time from Last Check: 2.17s
--> Batch: 649, Loss: 0.8489, Label: 6, Survival Months: 39.83, Risk: -12.9400
	--> Average Speed: 0.07s per batch
	--> Time from Last Check: 2.20s
--> Batch: 699, Loss: 2.3567, Label: 18, Survival Months: 206.92, Risk: -13.7773
	--> Average Speed: 0.07s per batch
	--> Time from Last Check: 2.20s
--> Batch: 749, Loss: 2.6640, Label: 18, Survival Months: 255.25, Risk: -11.4743
	--> Average Speed: 0.07s per batch
	--> Time from Last Check: 2.23s
--> Batch: 799, Loss: 0.8225, Label: 13, Survival Months: 96.33, Risk: -16.4027
	--> Average Speed: 0.07s per batch
	--> Time from Last Check: 2.22s
[09/01/2025 - 20:12:28] - Epoch: 3, lr: 0.00009801, training_loss: 1.2522, training_c_index: 0.5002
[09/01/2025 - 20:12:30] - Epoch: 3, validation_loss: 1.1818, validation_c_index: 0.4691
--> New BEST Validation Score: 0.3509, validation_loss: 1.1818, validation_c_index: 0.4691
--> Current BEST Score: 0.3509
	--> validation_loss: 1.1818
	--> best validation_c_index: 0.4691
[09/01/2025 - 20:12:31] - Time elapsed for epoch 3: 39s
[09/01/2025 - 20:12:31] - Epoch: 4
--> Batch: 49, Loss: 0.7742, Label: 1, Survival Months: 2.58, Risk: -17.1157
	--> Average Speed: 0.07s per batch
	--> Time from Last Check: 2.11s
--> Batch: 99, Loss: 0.8438, Label: 14, Survival Months: 112.58, Risk: -15.0099
	--> Average Speed: 0.07s per batch
	--> Time from Last Check: 2.16s
--> Batch: 149, Loss: 0.8584, Label: 17, Survival Months: 189.83, Risk: -16.0167
	--> Average Speed: 0.07s per batch
	--> Time from Last Check: 2.22s
--> Batch: 199, Loss: 0.7828, Label: 9, Survival Months: 51.83, Risk: -14.8996
	--> Average Speed: 0.07s per batch
	--> Time from Last Check: 2.11s
--> Batch: 249, Loss: 1.9377, Label: 18, Survival Months: 260.50, Risk: -15.9698
	--> Average Speed: 0.07s per batch
	--> Time from Last Check: 2.15s
--> Batch: 299, Loss: 0.7493, Label: 6, Survival Months: 42.00, Risk: -15.6413
	--> Average Speed: 0.06s per batch
	--> Time from Last Check: 2.02s
--> Batch: 349, Loss: 0.7720, Label: 11, Survival Months: 68.75, Risk: -15.1363
	--> Average Speed: 0.06s per batch
	--> Time from Last Check: 2.03s
--> Batch: 399, Loss: 0.8203, Label: 13, Survival Months: 96.92, Risk: -13.0762
	--> Average Speed: 0.07s per batch
	--> Time from Last Check: 2.25s
--> Batch: 449, Loss: 0.8897, Label: 16, Survival Months: 151.67, Risk: -13.4909
	--> Average Speed: 0.07s per batch
	--> Time from Last Check: 2.23s
--> Batch: 499, Loss: 0.7190, Label: 7, Survival Months: 43.25, Risk: -16.3927
	--> Average Speed: 0.07s per batch
	--> Time from Last Check: 2.25s
--> Batch: 549, Loss: 4.4554, Label: 7, Survival Months: 43.67, Risk: -14.9466
	--> Average Speed: 0.07s per batch
	--> Time from Last Check: 2.22s
--> Batch: 599, Loss: 0.7762, Label: 17, Survival Months: 197.67, Risk: -16.8563
	--> Average Speed: 0.07s per batch
	--> Time from Last Check: 2.25s
--> Batch: 649, Loss: 3.3813, Label: 12, Survival Months: 86.17, Risk: -14.5016
	--> Average Speed: 0.07s per batch
	--> Time from Last Check: 2.26s
--> Batch: 699, Loss: 3.9639, Label: 8, Survival Months: 48.08, Risk: -15.3218
	--> Average Speed: 0.07s per batch
	--> Time from Last Check: 2.25s
--> Batch: 749, Loss: 0.7479, Label: 12, Survival Months: 83.67, Risk: -14.2473
	--> Average Speed: 0.07s per batch
	--> Time from Last Check: 2.18s
--> Batch: 799, Loss: 0.6800, Label: 2, Survival Months: 22.83, Risk: -14.7592
	--> Average Speed: 0.07s per batch
	--> Time from Last Check: 2.23s
[09/01/2025 - 20:13:07] - Epoch: 4, lr: 0.00009703, training_loss: 1.1207, training_c_index: 0.5583
[09/01/2025 - 20:13:10] - Epoch: 4, validation_loss: 1.0880, validation_c_index: 0.4410
--> No improvement in validation_loss or validation_c_index for 1 epoch(s)
--> Current BEST Score: 0.3509
	--> validation_loss: 1.1818
	--> best validation_c_index: 0.4691
[09/01/2025 - 20:13:10] - Time elapsed for epoch 4: 39s
[09/01/2025 - 20:13:10] - Epoch: 5
--> Batch: 49, Loss: 0.6938, Label: 8, Survival Months: 49.58, Risk: -14.4690
	--> Average Speed: 0.07s per batch
	--> Time from Last Check: 2.29s
--> Batch: 99, Loss: 0.6625, Label: 3, Survival Months: 29.17, Risk: -15.4750
	--> Average Speed: 0.06s per batch
	--> Time from Last Check: 2.00s
--> Batch: 149, Loss: 2.0247, Label: 18, Survival Months: 214.42, Risk: -15.7679
	--> Average Speed: 0.07s per batch
	--> Time from Last Check: 2.12s
--> Batch: 199, Loss: 3.4159, Label: 12, Survival Months: 82.58, Risk: -15.6752
	--> Average Speed: 0.07s per batch
	--> Time from Last Check: 2.21s
--> Batch: 249, Loss: 0.6457, Label: 8, Survival Months: 49.50, Risk: -16.2659
	--> Average Speed: 0.07s per batch
	--> Time from Last Check: 2.21s
--> Batch: 299, Loss: 0.7329, Label: 16, Survival Months: 169.42, Risk: -15.4520
	--> Average Speed: 0.07s per batch
	--> Time from Last Check: 2.23s
--> Batch: 349, Loss: 1.0123, Label: 19, Survival Months: 279.17, Risk: -15.7163
	--> Average Speed: 0.07s per batch
	--> Time from Last Check: 2.25s
--> Batch: 399, Loss: 0.6787, Label: 13, Survival Months: 96.92, Risk: -15.3384
	--> Average Speed: 0.07s per batch
	--> Time from Last Check: 2.24s
--> Batch: 449, Loss: 0.6115, Label: 0, Survival Months: 0.83, Risk: -15.8864
	--> Average Speed: 0.07s per batch
	--> Time from Last Check: 2.19s
--> Batch: 499, Loss: 0.6455, Label: 6, Survival Months: 42.58, Risk: -12.1337
	--> Average Speed: 0.07s per batch
	--> Time from Last Check: 2.15s
--> Batch: 549, Loss: 0.8244, Label: 18, Survival Months: 246.08, Risk: -14.4292
	--> Average Speed: 0.07s per batch
	--> Time from Last Check: 2.13s
--> Batch: 599, Loss: 0.6506, Label: 10, Survival Months: 58.92, Risk: -13.8021
	--> Average Speed: 0.07s per batch
	--> Time from Last Check: 2.13s
--> Batch: 649, Loss: 0.5919, Label: 0, Survival Months: 0.83, Risk: -13.0006
	--> Average Speed: 0.06s per batch
	--> Time from Last Check: 1.97s
--> Batch: 699, Loss: 0.7720, Label: 17, Survival Months: 197.67, Risk: -13.8914
	--> Average Speed: 0.06s per batch
	--> Time from Last Check: 1.80s
--> Batch: 749, Loss: 0.8525, Label: 18, Survival Months: 221.17, Risk: -13.7818
	--> Average Speed: 0.03s per batch
	--> Time from Last Check: 1.05s
--> Batch: 799, Loss: 0.6236, Label: 11, Survival Months: 73.17, Risk: -14.7450
	--> Average Speed: 0.04s per batch
	--> Time from Last Check: 1.39s
[09/01/2025 - 20:13:43] - Epoch: 5, lr: 0.00009606, training_loss: 1.0121, training_c_index: 0.5729
[09/01/2025 - 20:13:45] - Epoch: 5, validation_loss: 0.9908, validation_c_index: 0.4599
--> New BEST Validation Score: 0.3609, validation_loss: 0.9908, validation_c_index: 0.4599
--> Current BEST Score: 0.3609
	--> validation_loss: 0.9908
	--> best validation_c_index: 0.4599
[09/01/2025 - 20:13:46] - Time elapsed for epoch 5: 36s
[09/01/2025 - 20:13:46] - Epoch: 6
--> Batch: 49, Loss: 0.6768, Label: 7, Survival Months: 43.17, Risk: -9.1115
	--> Average Speed: 0.07s per batch
	--> Time from Last Check: 2.10s
--> Batch: 99, Loss: 0.5722, Label: 1, Survival Months: 6.00, Risk: -13.4191
	--> Average Speed: 0.07s per batch
	--> Time from Last Check: 2.23s
--> Batch: 149, Loss: 0.7583, Label: 18, Survival Months: 232.00, Risk: -15.7051
	--> Average Speed: 0.07s per batch
	--> Time from Last Check: 2.23s
--> Batch: 199, Loss: 0.5649, Label: 4, Survival Months: 33.50, Risk: -15.7410
	--> Average Speed: 0.07s per batch
	--> Time from Last Check: 2.18s
--> Batch: 249, Loss: 0.5723, Label: 11, Survival Months: 67.33, Risk: -16.0515
	--> Average Speed: 0.07s per batch
	--> Time from Last Check: 2.20s
--> Batch: 299, Loss: 0.5755, Label: 6, Survival Months: 40.75, Risk: -13.5016
	--> Average Speed: 0.07s per batch
	--> Time from Last Check: 2.21s
--> Batch: 349, Loss: 0.7477, Label: 17, Survival Months: 193.08, Risk: -13.2965
	--> Average Speed: 0.07s per batch
	--> Time from Last Check: 2.24s
--> Batch: 399, Loss: 0.6275, Label: 3, Survival Months: 30.42, Risk: -7.7199
	--> Average Speed: 0.07s per batch
	--> Time from Last Check: 2.27s
--> Batch: 449, Loss: 0.5712, Label: 10, Survival Months: 62.67, Risk: -14.5412
	--> Average Speed: 0.07s per batch
	--> Time from Last Check: 2.24s
--> Batch: 499, Loss: 0.5517, Label: 6, Survival Months: 42.00, Risk: -14.0804
	--> Average Speed: 0.07s per batch
	--> Time from Last Check: 2.25s
--> Batch: 549, Loss: 1.1288, Label: 19, Survival Months: 559.92, Risk: -10.2123
	--> Average Speed: 0.07s per batch
	--> Time from Last Check: 2.24s
--> Batch: 599, Loss: 0.6943, Label: 18, Survival Months: 206.42, Risk: -16.2671
	--> Average Speed: 0.07s per batch
	--> Time from Last Check: 2.24s
--> Batch: 649, Loss: 0.6487, Label: 17, Survival Months: 182.58, Risk: -15.5099
	--> Average Speed: 0.07s per batch
	--> Time from Last Check: 2.22s
--> Batch: 699, Loss: 0.5839, Label: 12, Survival Months: 81.17, Risk: -14.0400
	--> Average Speed: 0.07s per batch
	--> Time from Last Check: 2.21s
--> Batch: 749, Loss: 0.5561, Label: 14, Survival Months: 109.83, Risk: -16.2795
	--> Average Speed: 0.07s per batch
	--> Time from Last Check: 2.24s
--> Batch: 799, Loss: 0.6843, Label: 18, Survival Months: 221.17, Risk: -16.3160
	--> Average Speed: 0.07s per batch
	--> Time from Last Check: 2.23s
[09/01/2025 - 20:14:23] - Epoch: 6, lr: 0.00009510, training_loss: 0.9196, training_c_index: 0.6419
[09/01/2025 - 20:14:25] - Epoch: 6, validation_loss: 0.9406, validation_c_index: 0.4661
--> New BEST Validation Score: 0.3720, validation_loss: 0.9406, validation_c_index: 0.4661
--> Current BEST Score: 0.3720
	--> validation_loss: 0.9406
	--> best validation_c_index: 0.4661
[09/01/2025 - 20:14:25] - Time elapsed for epoch 6: 40s
[09/01/2025 - 20:14:25] - Epoch: 7
--> Batch: 49, Loss: 0.5110, Label: 4, Survival Months: 33.00, Risk: -15.3192
	--> Average Speed: 0.07s per batch
	--> Time from Last Check: 2.38s
--> Batch: 99, Loss: 0.5053, Label: 4, Survival Months: 32.75, Risk: -16.1135
	--> Average Speed: 0.07s per batch
	--> Time from Last Check: 2.26s
--> Batch: 149, Loss: 1.8287, Label: 19, Survival Months: 322.75, Risk: -15.8310
	--> Average Speed: 0.07s per batch
	--> Time from Last Check: 2.27s
--> Batch: 199, Loss: 0.5145, Label: 8, Survival Months: 50.67, Risk: -15.5606
	--> Average Speed: 0.07s per batch
	--> Time from Last Check: 2.32s
--> Batch: 249, Loss: 0.7139, Label: 15, Survival Months: 136.83, Risk: -11.1112
	--> Average Speed: 0.07s per batch
	--> Time from Last Check: 2.28s
--> Batch: 299, Loss: 4.4506, Label: 0, Survival Months: 2.50, Risk: -14.6966
	--> Average Speed: 0.07s per batch
	--> Time from Last Check: 2.21s
--> Batch: 349, Loss: 0.5623, Label: 11, Survival Months: 77.58, Risk: -13.0860
	--> Average Speed: 0.07s per batch
	--> Time from Last Check: 2.32s
--> Batch: 399, Loss: 0.5776, Label: 15, Survival Months: 129.00, Risk: -15.0252
	--> Average Speed: 0.07s per batch
	--> Time from Last Check: 2.29s
--> Batch: 449, Loss: 0.4811, Label: 3, Survival Months: 29.83, Risk: -16.2813
	--> Average Speed: 0.06s per batch
	--> Time from Last Check: 2.06s
--> Batch: 499, Loss: 0.4783, Label: 2, Survival Months: 18.00, Risk: -15.4355
	--> Average Speed: 0.07s per batch
	--> Time from Last Check: 2.17s
--> Batch: 549, Loss: 3.4705, Label: 8, Survival Months: 51.33, Risk: -14.3145
	--> Average Speed: 0.07s per batch
	--> Time from Last Check: 2.19s
--> Batch: 599, Loss: 0.6369, Label: 16, Survival Months: 159.50, Risk: -13.3867
	--> Average Speed: 0.07s per batch
	--> Time from Last Check: 2.23s
--> Batch: 649, Loss: 0.7152, Label: 18, Survival Months: 210.42, Risk: -14.4901
	--> Average Speed: 0.07s per batch
	--> Time from Last Check: 2.25s
--> Batch: 699, Loss: 0.4988, Label: 4, Survival Months: 33.75, Risk: -11.8978
	--> Average Speed: 0.07s per batch
	--> Time from Last Check: 2.23s
--> Batch: 749, Loss: 0.6105, Label: 17, Survival Months: 178.50, Risk: -14.6849
	--> Average Speed: 0.07s per batch
	--> Time from Last Check: 2.22s
--> Batch: 799, Loss: 0.5548, Label: 11, Survival Months: 67.17, Risk: -12.0514
	--> Average Speed: 0.07s per batch
	--> Time from Last Check: 2.26s
[09/01/2025 - 20:15:03] - Epoch: 7, lr: 0.00009415, training_loss: 0.8678, training_c_index: 0.6141
[09/01/2025 - 20:15:05] - Epoch: 7, validation_loss: 0.9948, validation_c_index: 0.3596
--> No improvement in validation_loss or validation_c_index for 1 epoch(s)
--> Current BEST Score: 0.3720
	--> validation_loss: 0.9406
	--> best validation_c_index: 0.4661
[09/01/2025 - 20:15:05] - Time elapsed for epoch 7: 40s
[09/01/2025 - 20:15:05] - Epoch: 8
--> Batch: 49, Loss: 0.5274, Label: 17, Survival Months: 182.00, Risk: -17.0155
	--> Average Speed: 0.07s per batch
	--> Time from Last Check: 2.25s
--> Batch: 99, Loss: 0.4524, Label: 1, Survival Months: 10.42, Risk: -14.5201
	--> Average Speed: 0.07s per batch
	--> Time from Last Check: 2.27s
--> Batch: 149, Loss: 1.6520, Label: 19, Survival Months: 288.42, Risk: -17.1121
	--> Average Speed: 0.07s per batch
	--> Time from Last Check: 2.24s
--> Batch: 199, Loss: 3.0015, Label: 14, Survival Months: 107.17, Risk: -14.6781
	--> Average Speed: 0.07s per batch
	--> Time from Last Check: 2.21s
--> Batch: 249, Loss: 0.4618, Label: 6, Survival Months: 42.58, Risk: -14.4385
	--> Average Speed: 0.07s per batch
	--> Time from Last Check: 2.16s
--> Batch: 299, Loss: 0.6255, Label: 14, Survival Months: 117.42, Risk: -11.3157
	--> Average Speed: 0.07s per batch
	--> Time from Last Check: 2.23s
--> Batch: 349, Loss: 1.9823, Label: 19, Survival Months: 305.75, Risk: -15.5308
	--> Average Speed: 0.07s per batch
	--> Time from Last Check: 2.11s
--> Batch: 399, Loss: 0.5554, Label: 16, Survival Months: 145.50, Risk: -15.2316
	--> Average Speed: 0.07s per batch
	--> Time from Last Check: 2.15s
--> Batch: 449, Loss: 0.6043, Label: 17, Survival Months: 179.58, Risk: -14.4152
	--> Average Speed: 0.07s per batch
	--> Time from Last Check: 2.25s
--> Batch: 499, Loss: 0.5195, Label: 16, Survival Months: 169.42, Risk: -16.1451
	--> Average Speed: 0.07s per batch
	--> Time from Last Check: 2.24s
--> Batch: 549, Loss: 2.9872, Label: 2, Survival Months: 18.92, Risk: -11.6496
	--> Average Speed: 0.07s per batch
	--> Time from Last Check: 2.10s
--> Batch: 599, Loss: 0.5610, Label: 16, Survival Months: 165.67, Risk: -14.8074
	--> Average Speed: 0.07s per batch
	--> Time from Last Check: 2.22s
--> Batch: 649, Loss: 0.8640, Label: 19, Survival Months: 293.25, Risk: -13.9450
	--> Average Speed: 0.06s per batch
	--> Time from Last Check: 1.98s
--> Batch: 699, Loss: 0.6914, Label: 10, Survival Months: 59.58, Risk: -6.5125
	--> Average Speed: 0.07s per batch
	--> Time from Last Check: 2.14s
--> Batch: 749, Loss: 0.4379, Label: 4, Survival Months: 34.33, Risk: -14.1805
	--> Average Speed: 0.07s per batch
	--> Time from Last Check: 2.22s
--> Batch: 799, Loss: 0.5135, Label: 16, Survival Months: 160.67, Risk: -15.9933
	--> Average Speed: 0.07s per batch
	--> Time from Last Check: 2.22s
[09/01/2025 - 20:15:42] - Epoch: 8, lr: 0.00009321, training_loss: 0.8219, training_c_index: 0.6333
[09/01/2025 - 20:15:44] - Epoch: 8, validation_loss: 0.9178, validation_c_index: 0.4031
--> No improvement in validation_loss or validation_c_index for 2 epoch(s)
--> Current BEST Score: 0.3720
	--> validation_loss: 0.9406
	--> best validation_c_index: 0.4661
[09/01/2025 - 20:15:44] - Time elapsed for epoch 8: 39s
[09/01/2025 - 20:15:44] - Epoch: 9
--> Batch: 49, Loss: 0.4607, Label: 7, Survival Months: 47.25, Risk: -12.4208
	--> Average Speed: 0.07s per batch
	--> Time from Last Check: 2.30s
--> Batch: 99, Loss: 0.5006, Label: 11, Survival Months: 74.08, Risk: -12.4055
	--> Average Speed: 0.07s per batch
	--> Time from Last Check: 2.25s
--> Batch: 149, Loss: 3.1034, Label: 5, Survival Months: 35.50, Risk: -5.6587
	--> Average Speed: 0.07s per batch
	--> Time from Last Check: 2.20s
--> Batch: 199, Loss: 0.4452, Label: 13, Survival Months: 97.83, Risk: -16.4007
	--> Average Speed: 0.07s per batch
	--> Time from Last Check: 2.22s
--> Batch: 249, Loss: 0.4254, Label: 6, Survival Months: 41.83, Risk: -14.5259
	--> Average Speed: 0.07s per batch
	--> Time from Last Check: 2.26s
--> Batch: 299, Loss: 0.4079, Label: 5, Survival Months: 35.25, Risk: -16.8273
	--> Average Speed: 0.07s per batch
	--> Time from Last Check: 2.16s
--> Batch: 349, Loss: 0.4146, Label: 10, Survival Months: 58.92, Risk: -16.9769
	--> Average Speed: 0.07s per batch
	--> Time from Last Check: 2.20s
--> Batch: 399, Loss: 0.4022, Label: 7, Survival Months: 45.08, Risk: -17.8119
	--> Average Speed: 0.07s per batch
	--> Time from Last Check: 2.23s
--> Batch: 449, Loss: 0.4289, Label: 16, Survival Months: 155.42, Risk: -18.0622
	--> Average Speed: 0.07s per batch
	--> Time from Last Check: 2.17s
--> Batch: 499, Loss: 4.0080, Label: 10, Survival Months: 66.00, Risk: -15.8169
	--> Average Speed: 0.07s per batch
	--> Time from Last Check: 2.20s
--> Batch: 549, Loss: 0.5902, Label: 18, Survival Months: 210.08, Risk: -16.1522
	--> Average Speed: 0.07s per batch
	--> Time from Last Check: 2.24s
--> Batch: 599, Loss: 0.8518, Label: 19, Survival Months: 270.67, Risk: -13.6388
	--> Average Speed: 0.07s per batch
	--> Time from Last Check: 2.17s
--> Batch: 649, Loss: 0.5558, Label: 13, Survival Months: 97.08, Risk: -11.2503
	--> Average Speed: 0.07s per batch
	--> Time from Last Check: 2.26s
--> Batch: 699, Loss: 0.3902, Label: 0, Survival Months: 0.83, Risk: -18.0167
	--> Average Speed: 0.07s per batch
	--> Time from Last Check: 2.26s
--> Batch: 749, Loss: 3.5026, Label: 15, Survival Months: 139.42, Risk: -5.9280
	--> Average Speed: 0.06s per batch
	--> Time from Last Check: 2.07s
--> Batch: 799, Loss: 0.3953, Label: 9, Survival Months: 54.58, Risk: -17.5546
	--> Average Speed: 0.07s per batch
	--> Time from Last Check: 2.19s
[09/01/2025 - 20:16:21] - Epoch: 9, lr: 0.00009227, training_loss: 0.7713, training_c_index: 0.7589
[09/01/2025 - 20:16:23] - Epoch: 9, validation_loss: 0.9015, validation_c_index: 0.4333
--> No improvement in validation_loss or validation_c_index for 3 epoch(s)
--> Current BEST Score: 0.3720
	--> validation_loss: 0.9406
	--> best validation_c_index: 0.4661
[09/01/2025 - 20:16:23] - Time elapsed for epoch 9: 39s
[09/01/2025 - 20:16:23] - Epoch: 10
--> Batch: 49, Loss: 0.9187, Label: 19, Survival Months: 275.58, Risk: -12.4848
	--> Average Speed: 0.07s per batch
	--> Time from Last Check: 2.26s
--> Batch: 99, Loss: 0.4273, Label: 17, Survival Months: 197.08, Risk: -18.0778
	--> Average Speed: 0.07s per batch
	--> Time from Last Check: 2.25s
--> Batch: 149, Loss: 0.4000, Label: 11, Survival Months: 72.08, Risk: -16.8466
	--> Average Speed: 0.07s per batch
	--> Time from Last Check: 2.21s
--> Batch: 199, Loss: 0.3848, Label: 4, Survival Months: 33.50, Risk: -16.9345
	--> Average Speed: 0.07s per batch
	--> Time from Last Check: 2.26s
--> Batch: 249, Loss: 2.6985, Label: 8, Survival Months: 51.17, Risk: -9.0500
	--> Average Speed: 0.07s per batch
	--> Time from Last Check: 2.23s
--> Batch: 299, Loss: 0.3804, Label: 6, Survival Months: 39.08, Risk: -17.2102
	--> Average Speed: 0.07s per batch
	--> Time from Last Check: 2.20s
--> Batch: 349, Loss: 0.4035, Label: 13, Survival Months: 90.42, Risk: -16.8359
	--> Average Speed: 0.07s per batch
	--> Time from Last Check: 2.27s
--> Batch: 399, Loss: 0.5175, Label: 15, Survival Months: 123.75, Risk: -13.7606
	--> Average Speed: 0.07s per batch
	--> Time from Last Check: 2.21s
--> Batch: 449, Loss: 0.3803, Label: 8, Survival Months: 48.00, Risk: -17.2190
	--> Average Speed: 0.07s per batch
	--> Time from Last Check: 2.25s
--> Batch: 499, Loss: 0.3935, Label: 7, Survival Months: 44.33, Risk: -14.6252
	--> Average Speed: 0.07s per batch
	--> Time from Last Check: 2.29s
--> Batch: 549, Loss: 0.3944, Label: 7, Survival Months: 46.17, Risk: -14.2830
	--> Average Speed: 0.07s per batch
	--> Time from Last Check: 2.27s
--> Batch: 599, Loss: 0.3942, Label: 9, Survival Months: 55.17, Risk: -15.1641
	--> Average Speed: 0.07s per batch
	--> Time from Last Check: 2.20s
--> Batch: 649, Loss: 0.5244, Label: 15, Survival Months: 124.33, Risk: -13.2627
	--> Average Speed: 0.07s per batch
	--> Time from Last Check: 2.26s
--> Batch: 699, Loss: 0.4060, Label: 7, Survival Months: 43.25, Risk: -12.8447
	--> Average Speed: 0.07s per batch
	--> Time from Last Check: 2.22s
--> Batch: 749, Loss: 0.3665, Label: 0, Survival Months: 0.83, Risk: -16.3311
	--> Average Speed: 0.07s per batch
	--> Time from Last Check: 2.24s
--> Batch: 799, Loss: 0.3927, Label: 8, Survival Months: 51.67, Risk: -14.7363
	--> Average Speed: 0.07s per batch
	--> Time from Last Check: 2.27s
[09/01/2025 - 20:17:01] - Epoch: 10, lr: 0.00009135, training_loss: 0.7406, training_c_index: 0.7541
[09/01/2025 - 20:17:03] - Epoch: 10, validation_loss: 0.8704, validation_c_index: 0.5535
--> New BEST Validation Score: 0.4665, validation_loss: 0.8704, validation_c_index: 0.5535
--> Current BEST Score: 0.4665
	--> validation_loss: 0.8704
	--> best validation_c_index: 0.5535
[09/01/2025 - 20:17:03] - Time elapsed for epoch 10: 40s
[09/01/2025 - 20:17:03] - Epoch: 11
--> Batch: 49, Loss: 0.4052, Label: 7, Survival Months: 47.08, Risk: -12.5758
	--> Average Speed: 0.06s per batch
	--> Time from Last Check: 2.06s
--> Batch: 99, Loss: 0.3768, Label: 4, Survival Months: 34.00, Risk: -14.3286
	--> Average Speed: 0.07s per batch
	--> Time from Last Check: 2.24s
--> Batch: 149, Loss: 2.4610, Label: 14, Survival Months: 106.00, Risk: -11.8090
	--> Average Speed: 0.07s per batch
	--> Time from Last Check: 2.23s
--> Batch: 199, Loss: 0.3929, Label: 12, Survival Months: 81.08, Risk: -15.7942
	--> Average Speed: 0.07s per batch
	--> Time from Last Check: 2.26s
--> Batch: 249, Loss: 0.3777, Label: 10, Survival Months: 65.92, Risk: -15.5875
	--> Average Speed: 0.07s per batch
	--> Time from Last Check: 2.27s
--> Batch: 299, Loss: 0.3505, Label: 1, Survival Months: 10.42, Risk: -18.1083
	--> Average Speed: 0.07s per batch
	--> Time from Last Check: 2.22s
--> Batch: 349, Loss: 0.3608, Label: 9, Survival Months: 57.83, Risk: -16.8527
	--> Average Speed: 0.07s per batch
	--> Time from Last Check: 2.25s
--> Batch: 399, Loss: 0.3703, Label: 16, Survival Months: 165.92, Risk: -18.4195
	--> Average Speed: 0.07s per batch
	--> Time from Last Check: 2.22s
--> Batch: 449, Loss: 0.3700, Label: 16, Survival Months: 150.58, Risk: -18.3571
	--> Average Speed: 0.07s per batch
	--> Time from Last Check: 2.26s
--> Batch: 499, Loss: 2.5947, Label: 16, Survival Months: 166.08, Risk: -14.8415
	--> Average Speed: 0.07s per batch
	--> Time from Last Check: 2.25s
--> Batch: 549, Loss: 1.9848, Label: 1, Survival Months: 13.33, Risk: -3.5030
	--> Average Speed: 0.07s per batch
	--> Time from Last Check: 2.19s
--> Batch: 599, Loss: 0.4259, Label: 15, Survival Months: 134.42, Risk: -15.9514
	--> Average Speed: 0.07s per batch
	--> Time from Last Check: 2.23s
--> Batch: 649, Loss: 3.2273, Label: 15, Survival Months: 122.33, Risk: -17.4967
	--> Average Speed: 0.07s per batch
	--> Time from Last Check: 2.18s
--> Batch: 699, Loss: 2.8223, Label: 18, Survival Months: 255.25, Risk: -9.4330
	--> Average Speed: 0.07s per batch
	--> Time from Last Check: 2.23s
--> Batch: 749, Loss: 3.0830, Label: 16, Survival Months: 160.00, Risk: -8.0602
	--> Average Speed: 0.07s per batch
	--> Time from Last Check: 2.24s
--> Batch: 799, Loss: 3.6645, Label: 1, Survival Months: 8.17, Risk: -12.2855
	--> Average Speed: 0.07s per batch
	--> Time from Last Check: 2.26s
[09/01/2025 - 20:17:40] - Epoch: 11, lr: 0.00009044, training_loss: 0.7014, training_c_index: 0.7949
[09/01/2025 - 20:17:43] - Epoch: 11, validation_loss: 0.9456, validation_c_index: 0.3505
--> No improvement in validation_loss or validation_c_index for 1 epoch(s)
--> Current BEST Score: 0.4665
	--> validation_loss: 0.8704
	--> best validation_c_index: 0.5535
[09/01/2025 - 20:17:43] - Time elapsed for epoch 11: 39s
[09/01/2025 - 20:17:43] - Epoch: 12
--> Batch: 49, Loss: 0.3702, Label: 5, Survival Months: 35.08, Risk: -13.1254
	--> Average Speed: 0.07s per batch
	--> Time from Last Check: 2.22s
--> Batch: 99, Loss: 0.3481, Label: 12, Survival Months: 81.17, Risk: -17.9755
	--> Average Speed: 0.07s per batch
	--> Time from Last Check: 2.26s
--> Batch: 149, Loss: 2.7071, Label: 15, Survival Months: 141.58, Risk: -14.8150
	--> Average Speed: 0.07s per batch
	--> Time from Last Check: 2.27s
--> Batch: 199, Loss: 0.3516, Label: 4, Survival Months: 34.33, Risk: -14.6973
	--> Average Speed: 0.07s per batch
	--> Time from Last Check: 2.25s
--> Batch: 249, Loss: 0.4211, Label: 12, Survival Months: 83.67, Risk: -13.5415
	--> Average Speed: 0.07s per batch
	--> Time from Last Check: 2.24s
--> Batch: 299, Loss: 0.8814, Label: 19, Survival Months: 362.83, Risk: -12.7490
	--> Average Speed: 0.07s per batch
	--> Time from Last Check: 2.27s
--> Batch: 349, Loss: 3.1684, Label: 14, Survival Months: 106.25, Risk: -6.1967
	--> Average Speed: 0.07s per batch
	--> Time from Last Check: 2.23s
--> Batch: 399, Loss: 2.7575, Label: 1, Survival Months: 13.33, Risk: -8.3432
	--> Average Speed: 0.07s per batch
	--> Time from Last Check: 2.20s
--> Batch: 449, Loss: 0.3503, Label: 15, Survival Months: 125.42, Risk: -18.1074
	--> Average Speed: 0.07s per batch
	--> Time from Last Check: 2.26s
--> Batch: 499, Loss: 0.3502, Label: 11, Survival Months: 68.25, Risk: -16.5732
	--> Average Speed: 0.07s per batch
	--> Time from Last Check: 2.25s
--> Batch: 549, Loss: 0.3373, Label: 7, Survival Months: 46.83, Risk: -16.4982
	--> Average Speed: 0.07s per batch
	--> Time from Last Check: 2.31s
--> Batch: 599, Loss: 0.4477, Label: 18, Survival Months: 220.83, Risk: -17.7088
	--> Average Speed: 0.07s per batch
	--> Time from Last Check: 2.32s
--> Batch: 649, Loss: 0.3236, Label: 0, Survival Months: 0.83, Risk: -17.7037
	--> Average Speed: 0.07s per batch
	--> Time from Last Check: 2.31s
--> Batch: 699, Loss: 0.3227, Label: 5, Survival Months: 37.92, Risk: -17.8390
	--> Average Speed: 0.07s per batch
	--> Time from Last Check: 2.33s
--> Batch: 749, Loss: 0.3974, Label: 15, Survival Months: 138.75, Risk: -16.0487
	--> Average Speed: 0.07s per batch
	--> Time from Last Check: 2.32s
--> Batch: 799, Loss: 0.3737, Label: 13, Survival Months: 93.25, Risk: -15.2195
	--> Average Speed: 0.07s per batch
	--> Time from Last Check: 2.31s
[09/01/2025 - 20:18:21] - Epoch: 12, lr: 0.00008953, training_loss: 0.6638, training_c_index: 0.8621
[09/01/2025 - 20:18:23] - Epoch: 12, validation_loss: 0.9490, validation_c_index: 0.3896
--> No improvement in validation_loss or validation_c_index for 2 epoch(s)
--> Current BEST Score: 0.4665
	--> validation_loss: 0.8704
	--> best validation_c_index: 0.5535
[09/01/2025 - 20:18:23] - Time elapsed for epoch 12: 40s
[09/01/2025 - 20:18:23] - Epoch: 13
--> Batch: 49, Loss: 0.3360, Label: 2, Survival Months: 18.67, Risk: -12.5502
	--> Average Speed: 0.07s per batch
	--> Time from Last Check: 2.28s
--> Batch: 99, Loss: 0.3128, Label: 0, Survival Months: 0.92, Risk: -18.2638
	--> Average Speed: 0.07s per batch
	--> Time from Last Check: 2.16s
--> Batch: 149, Loss: 0.3296, Label: 5, Survival Months: 37.58, Risk: -14.4283
	--> Average Speed: 0.07s per batch
	--> Time from Last Check: 2.20s
--> Batch: 199, Loss: 0.3454, Label: 14, Survival Months: 107.92, Risk: -17.1480
	--> Average Speed: 0.07s per batch
	--> Time from Last Check: 2.19s
--> Batch: 249, Loss: 0.3109, Label: 0, Survival Months: 0.08, Risk: -18.0794
	--> Average Speed: 0.07s per batch
	--> Time from Last Check: 2.20s
--> Batch: 299, Loss: 0.3122, Label: 0, Survival Months: 0.00, Risk: -13.8997
	--> Average Speed: 0.07s per batch
	--> Time from Last Check: 2.17s
--> Batch: 349, Loss: 0.3128, Label: 5, Survival Months: 37.25, Risk: -17.1228
	--> Average Speed: 0.07s per batch
	--> Time from Last Check: 2.27s
--> Batch: 399, Loss: 1.1096, Label: 18, Survival Months: 251.83, Risk: -6.7401
	--> Average Speed: 0.07s per batch
	--> Time from Last Check: 2.21s
--> Batch: 449, Loss: 0.4796, Label: 9, Survival Months: 52.17, Risk: -7.9501
	--> Average Speed: 0.07s per batch
	--> Time from Last Check: 2.17s
--> Batch: 499, Loss: 0.5860, Label: 18, Survival Months: 225.75, Risk: -15.5735
	--> Average Speed: 0.07s per batch
	--> Time from Last Check: 2.20s
--> Batch: 549, Loss: 0.3153, Label: 2, Survival Months: 20.17, Risk: -15.4901
	--> Average Speed: 0.07s per batch
	--> Time from Last Check: 2.10s
--> Batch: 599, Loss: 0.3455, Label: 13, Survival Months: 97.83, Risk: -15.8654
	--> Average Speed: 0.06s per batch
	--> Time from Last Check: 1.99s
--> Batch: 649, Loss: 0.3250, Label: 13, Survival Months: 96.92, Risk: -17.0374
	--> Average Speed: 0.06s per batch
	--> Time from Last Check: 1.77s
--> Batch: 699, Loss: 0.3048, Label: 4, Survival Months: 31.83, Risk: -17.2836
	--> Average Speed: 0.07s per batch
	--> Time from Last Check: 2.23s
--> Batch: 749, Loss: 0.3132, Label: 3, Survival Months: 28.00, Risk: -14.6467
	--> Average Speed: 0.06s per batch
	--> Time from Last Check: 1.90s
--> Batch: 799, Loss: 0.5014, Label: 18, Survival Months: 248.00, Risk: -16.7759
	--> Average Speed: 0.06s per batch
	--> Time from Last Check: 1.95s
[09/01/2025 - 20:18:59] - Epoch: 13, lr: 0.00008864, training_loss: 0.6326, training_c_index: 0.8757
[09/01/2025 - 20:19:01] - Epoch: 13, validation_loss: 0.9330, validation_c_index: 0.3688
--> No improvement in validation_loss or validation_c_index for 3 epoch(s)
--> Current BEST Score: 0.4665
	--> validation_loss: 0.8704
	--> best validation_c_index: 0.5535
[09/01/2025 - 20:19:01] - Time elapsed for epoch 13: 38s
[09/01/2025 - 20:19:01] - Epoch: 14
--> Batch: 49, Loss: 0.3095, Label: 4, Survival Months: 33.17, Risk: -14.3753
	--> Average Speed: 0.06s per batch
	--> Time from Last Check: 1.78s
--> Batch: 99, Loss: 1.6507, Label: 18, Survival Months: 247.08, Risk: -17.1409
	--> Average Speed: 0.07s per batch
	--> Time from Last Check: 2.22s
--> Batch: 149, Loss: 0.3280, Label: 14, Survival Months: 119.75, Risk: -17.0375
	--> Average Speed: 0.07s per batch
	--> Time from Last Check: 2.26s
--> Batch: 199, Loss: 0.3210, Label: 14, Survival Months: 109.08, Risk: -17.4068
	--> Average Speed: 0.07s per batch
	--> Time from Last Check: 2.23s
--> Batch: 249, Loss: 0.6847, Label: 19, Survival Months: 379.17, Risk: -16.1540
	--> Average Speed: 0.07s per batch
	--> Time from Last Check: 2.15s
--> Batch: 299, Loss: 0.3408, Label: 16, Survival Months: 160.67, Risk: -17.7399
	--> Average Speed: 0.07s per batch
	--> Time from Last Check: 2.25s
--> Batch: 349, Loss: 0.2936, Label: 5, Survival Months: 36.58, Risk: -18.0164
	--> Average Speed: 0.07s per batch
	--> Time from Last Check: 2.20s
--> Batch: 399, Loss: 0.2963, Label: 0, Survival Months: 0.83, Risk: -12.8193
	--> Average Speed: 0.07s per batch
	--> Time from Last Check: 2.22s
--> Batch: 449, Loss: 0.3213, Label: 15, Survival Months: 138.50, Risk: -17.7469
	--> Average Speed: 0.07s per batch
	--> Time from Last Check: 2.27s
--> Batch: 499, Loss: 0.2901, Label: 8, Survival Months: 48.75, Risk: -18.4264
	--> Average Speed: 0.07s per batch
	--> Time from Last Check: 2.26s
--> Batch: 549, Loss: 0.3014, Label: 3, Survival Months: 26.42, Risk: -14.7550
	--> Average Speed: 0.07s per batch
	--> Time from Last Check: 2.25s
--> Batch: 599, Loss: 0.3100, Label: 7, Survival Months: 47.17, Risk: -14.0941
	--> Average Speed: 0.07s per batch
	--> Time from Last Check: 2.23s
--> Batch: 649, Loss: 3.9712, Label: 3, Survival Months: 29.00, Risk: -13.4962
	--> Average Speed: 0.07s per batch
	--> Time from Last Check: 2.26s
--> Batch: 699, Loss: 2.7221, Label: 12, Survival Months: 82.58, Risk: -14.9245
	--> Average Speed: 0.07s per batch
	--> Time from Last Check: 2.25s
--> Batch: 749, Loss: 0.3012, Label: 7, Survival Months: 44.42, Risk: -14.8377
	--> Average Speed: 0.07s per batch
	--> Time from Last Check: 2.26s
--> Batch: 799, Loss: 0.6142, Label: 11, Survival Months: 69.08, Risk: -6.2945
	--> Average Speed: 0.07s per batch
	--> Time from Last Check: 2.29s
[09/01/2025 - 20:19:38] - Epoch: 14, lr: 0.00008775, training_loss: 0.6151, training_c_index: 0.8650
[09/01/2025 - 20:19:40] - Epoch: 14, validation_loss: 0.9478, validation_c_index: 0.4208
--> No improvement in validation_loss or validation_c_index for 4 epoch(s)
--> Current BEST Score: 0.4665
	--> validation_loss: 0.8704
	--> best validation_c_index: 0.5535
[09/01/2025 - 20:19:40] - Time elapsed for epoch 14: 39s
[09/01/2025 - 20:19:40] - Epoch: 15
--> Batch: 49, Loss: 0.3121, Label: 12, Survival Months: 83.08, Risk: -16.5423
	--> Average Speed: 0.04s per batch
	--> Time from Last Check: 1.42s
--> Batch: 99, Loss: 0.2874, Label: 6, Survival Months: 38.08, Risk: -16.2709
	--> Average Speed: 0.03s per batch
	--> Time from Last Check: 1.11s
--> Batch: 149, Loss: 0.2997, Label: 2, Survival Months: 20.17, Risk: -12.7929
	--> Average Speed: 0.05s per batch
	--> Time from Last Check: 1.61s
--> Batch: 199, Loss: 0.2920, Label: 7, Survival Months: 43.00, Risk: -15.2566
	--> Average Speed: 0.06s per batch
	--> Time from Last Check: 1.98s
--> Batch: 249, Loss: 2.5510, Label: 7, Survival Months: 43.67, Risk: -6.2593
	--> Average Speed: 0.04s per batch
	--> Time from Last Check: 1.28s
--> Batch: 299, Loss: 0.3694, Label: 17, Survival Months: 187.33, Risk: -17.1282
	--> Average Speed: 0.04s per batch
	--> Time from Last Check: 1.21s
--> Batch: 349, Loss: 0.2807, Label: 4, Survival Months: 31.75, Risk: -16.5008
	--> Average Speed: 0.04s per batch
	--> Time from Last Check: 1.21s
--> Batch: 399, Loss: 0.6186, Label: 9, Survival Months: 54.33, Risk: -4.7241
	--> Average Speed: 0.04s per batch
	--> Time from Last Check: 1.20s
--> Batch: 449, Loss: 0.2767, Label: 2, Survival Months: 22.92, Risk: -16.9159
	--> Average Speed: 0.04s per batch
	--> Time from Last Check: 1.37s
--> Batch: 499, Loss: 3.0456, Label: 0, Survival Months: 2.50, Risk: -8.6955
	--> Average Speed: 0.07s per batch
	--> Time from Last Check: 2.11s
--> Batch: 549, Loss: 0.2869, Label: 6, Survival Months: 42.00, Risk: -15.1044
	--> Average Speed: 0.07s per batch
	--> Time from Last Check: 2.22s
--> Batch: 599, Loss: 0.2944, Label: 3, Survival Months: 30.17, Risk: -13.6968
	--> Average Speed: 0.06s per batch
	--> Time from Last Check: 2.05s
--> Batch: 649, Loss: 0.2983, Label: 8, Survival Months: 50.67, Risk: -15.0227
	--> Average Speed: 0.07s per batch
	--> Time from Last Check: 2.24s
--> Batch: 699, Loss: 0.2748, Label: 11, Survival Months: 76.00, Risk: -18.5574
	--> Average Speed: 0.07s per batch
	--> Time from Last Check: 2.23s
--> Batch: 749, Loss: 0.2821, Label: 9, Survival Months: 54.83, Risk: -16.5406
	--> Average Speed: 0.07s per batch
	--> Time from Last Check: 2.20s
--> Batch: 799, Loss: 0.2724, Label: 4, Survival Months: 33.00, Risk: -17.5113
	--> Average Speed: 0.07s per batch
	--> Time from Last Check: 2.30s
[09/01/2025 - 20:20:10] - Epoch: 15, lr: 0.00008687, training_loss: 0.5922, training_c_index: 0.8979
[09/01/2025 - 20:20:12] - Epoch: 15, validation_loss: 0.9965, validation_c_index: 0.3908
--> No improvement in validation_loss or validation_c_index for 5 epoch(s)
--> Current BEST Score: 0.4665
	--> validation_loss: 0.8704
	--> best validation_c_index: 0.5535
[09/01/2025 - 20:20:12] - Time elapsed for epoch 15: 32s
[09/01/2025 - 20:20:12] - Epoch: 16
--> Batch: 49, Loss: 0.2693, Label: 11, Survival Months: 76.00, Risk: -18.1488
	--> Average Speed: 0.06s per batch
	--> Time from Last Check: 1.93s
--> Batch: 99, Loss: 1.4554, Label: 18, Survival Months: 242.58, Risk: -16.9944
	--> Average Speed: 0.06s per batch
	--> Time from Last Check: 1.87s
--> Batch: 149, Loss: 0.2678, Label: 9, Survival Months: 52.00, Risk: -18.0648
	--> Average Speed: 0.07s per batch
	--> Time from Last Check: 2.13s
--> Batch: 199, Loss: 2.6771, Label: 10, Survival Months: 62.42, Risk: -11.2283
	--> Average Speed: 0.07s per batch
	--> Time from Last Check: 2.25s
--> Batch: 249, Loss: 0.2651, Label: 5, Survival Months: 35.67, Risk: -17.5622
	--> Average Speed: 0.07s per batch
	--> Time from Last Check: 2.24s
--> Batch: 299, Loss: 0.2660, Label: 8, Survival Months: 47.83, Risk: -17.1261
	--> Average Speed: 0.07s per batch
	--> Time from Last Check: 2.18s
--> Batch: 349, Loss: 0.2605, Label: 1, Survival Months: 2.58, Risk: -18.3232
	--> Average Speed: 0.07s per batch
	--> Time from Last Check: 2.24s
--> Batch: 399, Loss: 0.2656, Label: 9, Survival Months: 56.58, Risk: -16.7109
	--> Average Speed: 0.07s per batch
	--> Time from Last Check: 2.19s
--> Batch: 449, Loss: 0.2595, Label: 2, Survival Months: 18.75, Risk: -18.1933
	--> Average Speed: 0.07s per batch
	--> Time from Last Check: 2.12s
--> Batch: 499, Loss: 0.2588, Label: 9, Survival Months: 53.75, Risk: -18.3337
	--> Average Speed: 0.07s per batch
	--> Time from Last Check: 2.12s
--> Batch: 549, Loss: 0.2581, Label: 1, Survival Months: 6.00, Risk: -15.5389
	--> Average Speed: 0.07s per batch
	--> Time from Last Check: 2.22s
--> Batch: 599, Loss: 0.2566, Label: 4, Survival Months: 33.50, Risk: -18.1286
	--> Average Speed: 0.07s per batch
	--> Time from Last Check: 2.09s
--> Batch: 649, Loss: 0.3487, Label: 11, Survival Months: 77.58, Risk: -12.0802
	--> Average Speed: 0.07s per batch
	--> Time from Last Check: 2.15s
--> Batch: 699, Loss: 0.2570, Label: 6, Survival Months: 41.92, Risk: -18.1679
	--> Average Speed: 0.07s per batch
	--> Time from Last Check: 2.25s
--> Batch: 749, Loss: 0.3378, Label: 16, Survival Months: 155.42, Risk: -16.8261
	--> Average Speed: 0.06s per batch
	--> Time from Last Check: 1.87s
--> Batch: 799, Loss: 0.2803, Label: 13, Survival Months: 95.00, Risk: -17.0897
	--> Average Speed: 0.06s per batch
	--> Time from Last Check: 2.05s
[09/01/2025 - 20:20:48] - Epoch: 16, lr: 0.00008601, training_loss: 0.5698, training_c_index: 0.9037
[09/01/2025 - 20:20:50] - Epoch: 16, validation_loss: 0.9360, validation_c_index: 0.4373
--> No improvement in validation_loss or validation_c_index for 6 epoch(s)
--> Current BEST Score: 0.4665
	--> validation_loss: 0.8704
	--> best validation_c_index: 0.5535
[09/01/2025 - 20:20:50] - Time elapsed for epoch 16: 38s
[09/01/2025 - 20:20:50] - Epoch: 17
--> Batch: 49, Loss: 0.2608, Label: 1, Survival Months: 5.33, Risk: -14.1494
	--> Average Speed: 0.07s per batch
	--> Time from Last Check: 2.38s
--> Batch: 99, Loss: 0.5582, Label: 19, Survival Months: 536.25, Risk: -17.7159
	--> Average Speed: 0.07s per batch
	--> Time from Last Check: 2.20s
--> Batch: 149, Loss: 0.2538, Label: 4, Survival Months: 31.33, Risk: -18.8562
	--> Average Speed: 0.07s per batch
	--> Time from Last Check: 2.24s
--> Batch: 199, Loss: 0.3174, Label: 6, Survival Months: 42.42, Risk: -9.8789
	--> Average Speed: 0.06s per batch
	--> Time from Last Check: 2.05s
--> Batch: 249, Loss: 0.2681, Label: 16, Survival Months: 160.83, Risk: -18.6707
	--> Average Speed: 0.07s per batch
	--> Time from Last Check: 2.24s
--> Batch: 299, Loss: 0.2744, Label: 10, Survival Months: 63.25, Risk: -15.1412
	--> Average Speed: 0.07s per batch
	--> Time from Last Check: 2.21s
--> Batch: 349, Loss: 0.2651, Label: 4, Survival Months: 33.50, Risk: -14.0676
	--> Average Speed: 0.07s per batch
	--> Time from Last Check: 2.24s
--> Batch: 399, Loss: 0.4677, Label: 12, Survival Months: 85.50, Risk: -9.6735
	--> Average Speed: 0.07s per batch
	--> Time from Last Check: 2.26s
--> Batch: 449, Loss: 0.3387, Label: 16, Survival Months: 172.00, Risk: -16.7454
	--> Average Speed: 0.07s per batch
	--> Time from Last Check: 2.31s
--> Batch: 499, Loss: 0.2780, Label: 15, Survival Months: 126.58, Risk: -17.8954
	--> Average Speed: 0.07s per batch
	--> Time from Last Check: 2.28s
--> Batch: 549, Loss: 0.2561, Label: 10, Survival Months: 65.92, Risk: -17.1352
	--> Average Speed: 0.07s per batch
	--> Time from Last Check: 2.18s
--> Batch: 599, Loss: 0.3479, Label: 16, Survival Months: 172.83, Risk: -16.4832
	--> Average Speed: 0.07s per batch
	--> Time from Last Check: 2.09s
--> Batch: 649, Loss: 0.3801, Label: 17, Survival Months: 197.67, Risk: -16.2862
	--> Average Speed: 0.07s per batch
	--> Time from Last Check: 2.27s
--> Batch: 699, Loss: 0.2464, Label: 10, Survival Months: 60.58, Risk: -18.0202
	--> Average Speed: 0.07s per batch
	--> Time from Last Check: 2.22s
--> Batch: 749, Loss: 0.4815, Label: 18, Survival Months: 262.67, Risk: -16.6917
	--> Average Speed: 0.07s per batch
	--> Time from Last Check: 2.28s
--> Batch: 799, Loss: 0.4488, Label: 14, Survival Months: 112.58, Risk: -12.0320
	--> Average Speed: 0.07s per batch
	--> Time from Last Check: 2.21s
[09/01/2025 - 20:21:27] - Epoch: 17, lr: 0.00008515, training_loss: 0.5598, training_c_index: 0.8949
[09/01/2025 - 20:21:30] - Epoch: 17, validation_loss: 0.9599, validation_c_index: 0.4232
--> No improvement in validation_loss or validation_c_index for 7 epoch(s)
--> Current BEST Score: 0.4665
	--> validation_loss: 0.8704
	--> best validation_c_index: 0.5535
--> Early stopping triggered after 7 epochs without improvement
[09/01/2025 - 20:21:30] - Restoring best model from epoch 1

################# [09/01/2025 - 20:21:30] - Training completed #################

################# [09/01/2025 - 20:21:30] - Validation started #################
[09/01/2025 - 20:21:32] - Final Validation, validation_loss: 1.4847, validation_c_index: 0.5358
[09/01/2025 - 20:21:32] - Time elapsed for Validation: 2s

################ [09/01/2025 - 20:21:32] - Validation completed ################

################## [09/01/2025 - 20:21:35] - MCAT terminated ###################
