Environment conda activated
Job 2503933 started

#################### [07/01/2025 - 03:43:17] - MCAT started ####################
HOSTNAME: germano

WANDB: setting up for report

CUDA: available
--> Device count: 1
--> Using device: NVIDIA GeForce RTX 2080 Ti
--> Running on CUDA

DATASET: Loading data
--> Remaining samples after removing incomplete: 1039
--> Class intervals: [
	0: [0.00 - 2.57]
	1: [2.57 - 17.70]
	2: [17.70 - 26.37]
	3: [26.37 - 31.25]
	4: [31.25 - 34.71]
	5: [34.71 - 38.03]
	6: [38.03 - 42.94]
	7: [42.94 - 47.45]
	8: [47.45 - 51.69]
	9: [51.69 - 58.17]
	10: [58.17 - 67.10]
	11: [67.10 - 79.80]
	12: [79.80 - 88.56]
	13: [88.56 - 102.25]
	14: [102.25 - 120.62]
	15: [120.62 - 141.88]
	16: [141.88 - 174.40]
	17: [174.40 - 205.88]
	18: [205.88 - 263.29]
	19: [263.29 - 593.83]
    ]
--> Standardizing RNA-seq data
--> Standardizing Methylation Islands beta values
--> Gene Expression Signatures size: [19938]
--> Methylation Signatures size: [4522]
--> Using 80% training, 20% validation
--> Training Set: [831], Validation Set: [208]

MODEL: MCAT
--> Trainable parameters of MCAT: 9362966
--> Loss function: CrossEntropySurvivalLoss
--> Optimizer: adam

################## [07/01/2025 - 03:43:47] - Training started ##################
[07/01/2025 - 03:43:47] - Epoch: 1
--> Batch: 49, Loss: 0.5333, Label: 2, Survival Months: 17.83, Risk: -1.0482
	--> Average Speed: 0.09s per batch
	--> Time from Last Check: 2.91s
--> Batch: 99, Loss: 2.3419, Label: 3, Survival Months: 28.00, Risk: -1.0799
	--> Average Speed: 0.06s per batch
	--> Time from Last Check: 1.80s
--> Batch: 149, Loss: 0.4989, Label: 2, Survival Months: 18.75, Risk: -1.1792
	--> Average Speed: 0.06s per batch
	--> Time from Last Check: 1.79s
--> Batch: 199, Loss: 0.5750, Label: 3, Survival Months: 28.42, Risk: -1.3246
	--> Average Speed: 0.06s per batch
	--> Time from Last Check: 1.78s
--> Batch: 249, Loss: 1.7135, Label: 2, Survival Months: 19.92, Risk: -1.5735
	--> Average Speed: 0.06s per batch
	--> Time from Last Check: 1.83s
--> Batch: 299, Loss: 0.5406, Label: 5, Survival Months: 36.42, Risk: -2.2810
	--> Average Speed: 0.06s per batch
	--> Time from Last Check: 1.80s
--> Batch: 349, Loss: 0.2937, Label: 2, Survival Months: 25.33, Risk: -2.9535
	--> Average Speed: 0.06s per batch
	--> Time from Last Check: 1.78s
--> Batch: 399, Loss: 3.0551, Label: 12, Survival Months: 82.58, Risk: -4.7059
	--> Average Speed: 0.05s per batch
	--> Time from Last Check: 1.72s
--> Batch: 449, Loss: 0.1991, Label: 6, Survival Months: 39.67, Risk: -10.4179
	--> Average Speed: 0.06s per batch
	--> Time from Last Check: 1.85s
--> Batch: 499, Loss: 0.1720, Label: 8, Survival Months: 47.83, Risk: -13.3205
	--> Average Speed: 0.06s per batch
	--> Time from Last Check: 1.79s
--> Batch: 549, Loss: 0.1371, Label: 7, Survival Months: 43.33, Risk: -15.8855
	--> Average Speed: 0.06s per batch
	--> Time from Last Check: 1.91s
--> Batch: 599, Loss: 0.2489, Label: 18, Survival Months: 207.17, Risk: -16.8438
	--> Average Speed: 0.06s per batch
	--> Time from Last Check: 1.93s
--> Batch: 649, Loss: 0.1200, Label: 1, Survival Months: 6.50, Risk: -15.9461
	--> Average Speed: 0.06s per batch
	--> Time from Last Check: 1.83s
--> Batch: 699, Loss: 0.1455, Label: 13, Survival Months: 101.33, Risk: -16.9487
	--> Average Speed: 0.06s per batch
	--> Time from Last Check: 1.79s
--> Batch: 749, Loss: 4.1340, Label: 3, Survival Months: 29.00, Risk: -15.8626
	--> Average Speed: 0.06s per batch
	--> Time from Last Check: 1.92s
--> Batch: 799, Loss: 0.2725, Label: 18, Survival Months: 259.33, Risk: -16.4068
	--> Average Speed: 0.06s per batch
	--> Time from Last Check: 2.01s
[07/01/2025 - 03:44:19] - Epoch: 1, lr: 0.00010000, train_loss: 1.1468, train_c_index: 0.5395
[07/01/2025 - 03:44:22] - Epoch: 1, val_loss: 0.6009, val_c_index: 0.5878
[07/01/2025 - 03:44:22] - Time elapsed for epoch 1: 34s
[07/01/2025 - 03:44:22] - Epoch: 2
--> Batch: 49, Loss: 0.4976, Label: 19, Survival Months: 559.92, Risk: -14.9942
	--> Average Speed: 0.06s per batch
	--> Time from Last Check: 2.03s
--> Batch: 99, Loss: 0.1622, Label: 12, Survival Months: 84.58, Risk: -15.5452
	--> Average Speed: 0.06s per batch
	--> Time from Last Check: 1.91s
--> Batch: 149, Loss: 0.1304, Label: 5, Survival Months: 36.58, Risk: -14.9791
	--> Average Speed: 0.05s per batch
	--> Time from Last Check: 1.73s
--> Batch: 199, Loss: 0.1833, Label: 14, Survival Months: 107.33, Risk: -15.2622
	--> Average Speed: 0.06s per batch
	--> Time from Last Check: 1.80s
--> Batch: 249, Loss: 1.5578, Label: 19, Survival Months: 284.08, Risk: -14.5434
	--> Average Speed: 0.06s per batch
	--> Time from Last Check: 1.83s
--> Batch: 299, Loss: 0.2976, Label: 16, Survival Months: 148.33, Risk: -12.6465
	--> Average Speed: 0.06s per batch
	--> Time from Last Check: 1.88s
--> Batch: 349, Loss: 0.1632, Label: 12, Survival Months: 80.42, Risk: -15.4330
	--> Average Speed: 0.05s per batch
	--> Time from Last Check: 1.76s
--> Batch: 399, Loss: 0.4647, Label: 19, Survival Months: 410.75, Risk: -15.6310
	--> Average Speed: 0.06s per batch
	--> Time from Last Check: 1.86s
--> Batch: 449, Loss: 2.8818, Label: 15, Survival Months: 137.42, Risk: -15.0142
	--> Average Speed: 0.06s per batch
	--> Time from Last Check: 1.90s
--> Batch: 499, Loss: 0.1346, Label: 10, Survival Months: 63.42, Risk: -15.8206
	--> Average Speed: 0.06s per batch
	--> Time from Last Check: 1.84s
--> Batch: 549, Loss: 0.1135, Label: 1, Survival Months: 4.75, Risk: -13.5563
	--> Average Speed: 0.06s per batch
	--> Time from Last Check: 1.84s
--> Batch: 599, Loss: 0.1080, Label: 0, Survival Months: 0.83, Risk: -14.1797
	--> Average Speed: 0.06s per batch
	--> Time from Last Check: 1.92s
--> Batch: 649, Loss: 0.3512, Label: 16, Survival Months: 156.83, Risk: -11.2043
	--> Average Speed: 0.06s per batch
	--> Time from Last Check: 1.88s
--> Batch: 699, Loss: 0.1140, Label: 3, Survival Months: 30.17, Risk: -15.8122
	--> Average Speed: 0.06s per batch
	--> Time from Last Check: 1.92s
--> Batch: 749, Loss: 0.1391, Label: 10, Survival Months: 66.25, Risk: -15.1698
	--> Average Speed: 0.06s per batch
	--> Time from Last Check: 1.80s
--> Batch: 799, Loss: 0.1217, Label: 3, Survival Months: 31.08, Risk: -13.7744
	--> Average Speed: 0.06s per batch
	--> Time from Last Check: 1.98s
[07/01/2025 - 03:44:53] - Epoch: 2, lr: 0.00009900, train_loss: 0.4912, train_c_index: 0.4915
[07/01/2025 - 03:44:55] - Epoch: 2, val_loss: 0.5866, val_c_index: 0.4438
[07/01/2025 - 03:44:55] - Time elapsed for epoch 2: 34s
[07/01/2025 - 03:44:55] - Epoch: 3
--> Batch: 49, Loss: 0.1123, Label: 3, Survival Months: 30.17, Risk: -15.4557
	--> Average Speed: 0.06s per batch
	--> Time from Last Check: 1.97s
--> Batch: 99, Loss: 0.1077, Label: 2, Survival Months: 20.83, Risk: -15.6108
	--> Average Speed: 0.06s per batch
	--> Time from Last Check: 1.82s
--> Batch: 149, Loss: 0.1740, Label: 14, Survival Months: 102.83, Risk: -15.2614
	--> Average Speed: 0.06s per batch
	--> Time from Last Check: 1.77s
--> Batch: 199, Loss: 4.2437, Label: 3, Survival Months: 28.00, Risk: -15.8082
	--> Average Speed: 0.06s per batch
	--> Time from Last Check: 1.88s
--> Batch: 249, Loss: 0.1502, Label: 12, Survival Months: 83.42, Risk: -15.4981
	--> Average Speed: 0.06s per batch
	--> Time from Last Check: 1.89s
--> Batch: 299, Loss: 0.1047, Label: 1, Survival Months: 8.25, Risk: -14.2411
	--> Average Speed: 0.06s per batch
	--> Time from Last Check: 1.83s
--> Batch: 349, Loss: 2.6271, Label: 14, Survival Months: 115.67, Risk: -12.1325
	--> Average Speed: 0.06s per batch
	--> Time from Last Check: 1.85s
--> Batch: 399, Loss: 0.1121, Label: 5, Survival Months: 37.83, Risk: -15.4965
	--> Average Speed: 0.06s per batch
	--> Time from Last Check: 1.88s
--> Batch: 449, Loss: 0.4423, Label: 19, Survival Months: 473.08, Risk: -15.7558
	--> Average Speed: 0.06s per batch
	--> Time from Last Check: 1.91s
--> Batch: 499, Loss: 0.1378, Label: 7, Survival Months: 43.58, Risk: -12.8353
	--> Average Speed: 0.06s per batch
	--> Time from Last Check: 1.90s
--> Batch: 549, Loss: 0.1169, Label: 3, Survival Months: 31.08, Risk: -13.4276
	--> Average Speed: 0.06s per batch
	--> Time from Last Check: 1.79s
--> Batch: 599, Loss: 0.1605, Label: 13, Survival Months: 93.33, Risk: -15.3690
	--> Average Speed: 0.06s per batch
	--> Time from Last Check: 1.81s
--> Batch: 649, Loss: 0.1221, Label: 9, Survival Months: 55.00, Risk: -15.7005
	--> Average Speed: 0.06s per batch
	--> Time from Last Check: 1.87s
--> Batch: 699, Loss: 0.0986, Label: 1, Survival Months: 2.83, Risk: -14.5169
	--> Average Speed: 0.06s per batch
	--> Time from Last Check: 1.88s
--> Batch: 749, Loss: 0.2106, Label: 15, Survival Months: 129.00, Risk: -14.5470
	--> Average Speed: 0.06s per batch
	--> Time from Last Check: 1.98s
--> Batch: 799, Loss: 0.1607, Label: 12, Survival Months: 83.08, Risk: -14.8061
	--> Average Speed: 0.06s per batch
	--> Time from Last Check: 1.88s
[07/01/2025 - 03:45:27] - Epoch: 3, lr: 0.00009801, train_loss: 0.4640, train_c_index: 0.6232
[07/01/2025 - 03:45:29] - Epoch: 3, val_loss: 0.6293, val_c_index: 0.4007
[07/01/2025 - 03:45:29] - Time elapsed for epoch 3: 34s
[07/01/2025 - 03:45:29] - Epoch: 4
--> Batch: 49, Loss: 0.1395, Label: 11, Survival Months: 75.92, Risk: -15.0261
	--> Average Speed: 0.06s per batch
	--> Time from Last Check: 1.99s
--> Batch: 99, Loss: 0.1200, Label: 4, Survival Months: 32.08, Risk: -13.0468
	--> Average Speed: 0.06s per batch
	--> Time from Last Check: 1.82s
--> Batch: 149, Loss: 0.4254, Label: 19, Survival Months: 270.67, Risk: -16.3940
	--> Average Speed: 0.06s per batch
	--> Time from Last Check: 1.82s
--> Batch: 199, Loss: 0.1166, Label: 9, Survival Months: 53.92, Risk: -15.2559
	--> Average Speed: 0.06s per batch
	--> Time from Last Check: 1.85s
--> Batch: 249, Loss: 0.1507, Label: 15, Survival Months: 139.42, Risk: -16.5927
	--> Average Speed: 0.05s per batch
	--> Time from Last Check: 1.75s
--> Batch: 299, Loss: 0.1046, Label: 9, Survival Months: 54.67, Risk: -16.4263
	--> Average Speed: 0.05s per batch
	--> Time from Last Check: 1.75s
--> Batch: 349, Loss: 0.1875, Label: 12, Survival Months: 87.25, Risk: -13.5377
	--> Average Speed: 0.06s per batch
	--> Time from Last Check: 1.78s
--> Batch: 399, Loss: 0.2914, Label: 18, Survival Months: 224.58, Risk: -15.4695
	--> Average Speed: 0.06s per batch
	--> Time from Last Check: 1.88s
--> Batch: 449, Loss: 0.0942, Label: 1, Survival Months: 13.50, Risk: -14.1616
	--> Average Speed: 0.06s per batch
	--> Time from Last Check: 1.79s
--> Batch: 499, Loss: 0.2905, Label: 18, Survival Months: 232.00, Risk: -16.0769
	--> Average Speed: 0.06s per batch
	--> Time from Last Check: 1.80s
--> Batch: 549, Loss: 0.1233, Label: 12, Survival Months: 81.25, Risk: -16.1732
	--> Average Speed: 0.05s per batch
	--> Time from Last Check: 1.73s
--> Batch: 599, Loss: 2.4331, Label: 15, Survival Months: 136.83, Risk: -15.3399
	--> Average Speed: 0.06s per batch
	--> Time from Last Check: 1.82s
--> Batch: 649, Loss: 3.4606, Label: 11, Survival Months: 78.58, Risk: -16.7038
	--> Average Speed: 0.06s per batch
	--> Time from Last Check: 1.91s
--> Batch: 699, Loss: 0.0956, Label: 7, Survival Months: 45.58, Risk: -16.5324
	--> Average Speed: 0.05s per batch
	--> Time from Last Check: 1.76s
--> Batch: 749, Loss: 0.0961, Label: 10, Survival Months: 59.58, Risk: -17.2609
	--> Average Speed: 0.06s per batch
	--> Time from Last Check: 1.97s
--> Batch: 799, Loss: 0.0907, Label: 4, Survival Months: 33.75, Risk: -17.0677
	--> Average Speed: 0.06s per batch
	--> Time from Last Check: 1.88s
[07/01/2025 - 03:46:00] - Epoch: 4, lr: 0.00009703, train_loss: 0.4215, train_c_index: 0.8126
[07/01/2025 - 03:46:02] - Epoch: 4, val_loss: 0.6688, val_c_index: 0.4528
[07/01/2025 - 03:46:03] - Time elapsed for epoch 4: 33s
[07/01/2025 - 03:46:03] - Epoch: 5
--> Batch: 49, Loss: 0.1113, Label: 6, Survival Months: 39.75, Risk: -13.8158
	--> Average Speed: 0.06s per batch
	--> Time from Last Check: 2.00s
--> Batch: 99, Loss: 0.0951, Label: 10, Survival Months: 59.00, Risk: -17.3823
	--> Average Speed: 0.06s per batch
	--> Time from Last Check: 1.84s
--> Batch: 149, Loss: 0.0939, Label: 9, Survival Months: 57.42, Risk: -17.4378
	--> Average Speed: 0.06s per batch
	--> Time from Last Check: 1.90s
--> Batch: 199, Loss: 0.1650, Label: 7, Survival Months: 44.17, Risk: -10.0449
	--> Average Speed: 0.06s per batch
	--> Time from Last Check: 1.88s
--> Batch: 249, Loss: 0.1570, Label: 13, Survival Months: 93.92, Risk: -15.0740
	--> Average Speed: 0.06s per batch
	--> Time from Last Check: 1.90s
--> Batch: 299, Loss: 0.1149, Label: 8, Survival Months: 50.92, Risk: -14.9143
	--> Average Speed: 0.06s per batch
	--> Time from Last Check: 1.82s
--> Batch: 349, Loss: 0.1440, Label: 16, Survival Months: 156.75, Risk: -17.0571
	--> Average Speed: 0.06s per batch
	--> Time from Last Check: 1.83s
--> Batch: 399, Loss: 0.0865, Label: 6, Survival Months: 38.58, Risk: -17.6141
	--> Average Speed: 0.06s per batch
	--> Time from Last Check: 1.86s
--> Batch: 449, Loss: 0.5871, Label: 19, Survival Months: 410.75, Risk: -13.2748
	--> Average Speed: 0.06s per batch
	--> Time from Last Check: 1.89s
--> Batch: 499, Loss: 2.8906, Label: 1, Survival Months: 13.33, Risk: -9.4610
	--> Average Speed: 0.06s per batch
	--> Time from Last Check: 1.83s
--> Batch: 549, Loss: 0.1735, Label: 17, Survival Months: 186.67, Risk: -17.0421
	--> Average Speed: 0.06s per batch
	--> Time from Last Check: 1.86s
--> Batch: 599, Loss: 0.0962, Label: 1, Survival Months: 10.42, Risk: -11.5280
	--> Average Speed: 0.06s per batch
	--> Time from Last Check: 1.87s
--> Batch: 649, Loss: 1.5698, Label: 19, Survival Months: 328.42, Risk: -17.0699
	--> Average Speed: 0.06s per batch
	--> Time from Last Check: 1.77s
--> Batch: 699, Loss: 0.1007, Label: 1, Survival Months: 2.58, Risk: -9.9592
	--> Average Speed: 0.06s per batch
	--> Time from Last Check: 1.99s
--> Batch: 749, Loss: 2.3787, Label: 14, Survival Months: 107.17, Risk: -9.5650
	--> Average Speed: 0.06s per batch
	--> Time from Last Check: 1.83s
--> Batch: 799, Loss: 0.0966, Label: 11, Survival Months: 77.58, Risk: -17.3221
	--> Average Speed: 0.06s per batch
	--> Time from Last Check: 1.85s
[07/01/2025 - 03:46:34] - Epoch: 5, lr: 0.00009606, train_loss: 0.4030, train_c_index: 0.8590
[07/01/2025 - 03:46:36] - Epoch: 5, val_loss: 0.7326, val_c_index: 0.5045
[07/01/2025 - 03:46:36] - Time elapsed for epoch 5: 34s
[07/01/2025 - 03:46:36] - Epoch: 6
--> Batch: 49, Loss: 0.0862, Label: 9, Survival Months: 53.67, Risk: -17.7218
	--> Average Speed: 0.06s per batch
	--> Time from Last Check: 2.06s
--> Batch: 99, Loss: 0.1545, Label: 17, Survival Months: 186.33, Risk: -17.2146
	--> Average Speed: 0.06s per batch
	--> Time from Last Check: 1.91s
--> Batch: 149, Loss: 0.1700, Label: 9, Survival Months: 52.17, Risk: -11.1314
	--> Average Speed: 0.06s per batch
	--> Time from Last Check: 1.77s
--> Batch: 199, Loss: 0.3115, Label: 18, Survival Months: 260.08, Risk: -15.8867
	--> Average Speed: 0.06s per batch
	--> Time from Last Check: 1.94s
--> Batch: 249, Loss: 2.6120, Label: 16, Survival Months: 151.00, Risk: -14.0418
	--> Average Speed: 0.06s per batch
	--> Time from Last Check: 1.79s
--> Batch: 299, Loss: 0.0890, Label: 8, Survival Months: 50.67, Risk: -16.9748
	--> Average Speed: 0.06s per batch
	--> Time from Last Check: 1.92s
--> Batch: 349, Loss: 0.0837, Label: 7, Survival Months: 45.50, Risk: -17.1834
	--> Average Speed: 0.06s per batch
	--> Time from Last Check: 1.88s
--> Batch: 399, Loss: 0.0823, Label: 7, Survival Months: 43.17, Risk: -17.5721
	--> Average Speed: 0.06s per batch
	--> Time from Last Check: 1.80s
--> Batch: 449, Loss: 0.0803, Label: 0, Survival Months: 0.00, Risk: -16.9948
	--> Average Speed: 0.06s per batch
	--> Time from Last Check: 1.79s
--> Batch: 499, Loss: 0.0986, Label: 12, Survival Months: 86.17, Risk: -17.3385
	--> Average Speed: 0.06s per batch
	--> Time from Last Check: 1.83s
--> Batch: 549, Loss: 0.0804, Label: 7, Survival Months: 43.25, Risk: -17.9253
	--> Average Speed: 0.06s per batch
	--> Time from Last Check: 1.86s
--> Batch: 599, Loss: 0.0873, Label: 8, Survival Months: 50.00, Risk: -16.9248
	--> Average Speed: 0.06s per batch
	--> Time from Last Check: 1.87s
--> Batch: 649, Loss: 0.2695, Label: 16, Survival Months: 158.58, Risk: -13.6390
	--> Average Speed: 0.06s per batch
	--> Time from Last Check: 1.80s
--> Batch: 699, Loss: 0.0813, Label: 3, Survival Months: 30.75, Risk: -16.8584
	--> Average Speed: 0.06s per batch
	--> Time from Last Check: 1.90s
--> Batch: 749, Loss: 0.0826, Label: 6, Survival Months: 38.17, Risk: -16.6081
	--> Average Speed: 0.05s per batch
	--> Time from Last Check: 1.72s
--> Batch: 799, Loss: 0.4265, Label: 19, Survival Months: 478.25, Risk: -17.1817
	--> Average Speed: 0.06s per batch
	--> Time from Last Check: 1.84s
[07/01/2025 - 03:47:07] - Epoch: 6, lr: 0.00009510, train_loss: 0.3821, train_c_index: 0.8747
[07/01/2025 - 03:47:10] - Epoch: 6, val_loss: 0.7587, val_c_index: 0.5705
[07/01/2025 - 03:47:10] - Time elapsed for epoch 6: 33s
[07/01/2025 - 03:47:10] - Epoch: 7
--> Batch: 49, Loss: 0.0799, Label: 6, Survival Months: 40.17, Risk: -17.4973
	--> Average Speed: 0.06s per batch
	--> Time from Last Check: 2.03s
--> Batch: 99, Loss: 0.0783, Label: 1, Survival Months: 6.00, Risk: -17.8824
	--> Average Speed: 0.06s per batch
	--> Time from Last Check: 1.84s
--> Batch: 149, Loss: 0.0819, Label: 2, Survival Months: 24.42, Risk: -15.8894
	--> Average Speed: 0.06s per batch
	--> Time from Last Check: 1.87s
--> Batch: 199, Loss: 0.0788, Label: 4, Survival Months: 32.00, Risk: -17.7904
	--> Average Speed: 0.06s per batch
	--> Time from Last Check: 1.85s
--> Batch: 249, Loss: 0.0874, Label: 11, Survival Months: 78.58, Risk: -17.7229
	--> Average Speed: 0.06s per batch
	--> Time from Last Check: 1.87s
--> Batch: 299, Loss: 0.1108, Label: 15, Survival Months: 129.92, Risk: -17.8616
	--> Average Speed: 0.06s per batch
	--> Time from Last Check: 1.89s
--> Batch: 349, Loss: 0.0782, Label: 3, Survival Months: 30.42, Risk: -17.7601
	--> Average Speed: 0.06s per batch
	--> Time from Last Check: 1.85s
--> Batch: 399, Loss: 0.0797, Label: 9, Survival Months: 54.00, Risk: -17.7709
	--> Average Speed: 0.06s per batch
	--> Time from Last Check: 1.90s
--> Batch: 449, Loss: 0.1311, Label: 16, Survival Months: 155.50, Risk: -16.9854
	--> Average Speed: 0.06s per batch
	--> Time from Last Check: 1.86s
--> Batch: 499, Loss: 0.1216, Label: 17, Survival Months: 200.50, Risk: -17.7484
	--> Average Speed: 0.06s per batch
	--> Time from Last Check: 1.89s
--> Batch: 549, Loss: 0.0793, Label: 2, Survival Months: 24.08, Risk: -16.0204
	--> Average Speed: 0.06s per batch
	--> Time from Last Check: 1.78s
--> Batch: 599, Loss: 0.1024, Label: 14, Survival Months: 102.58, Risk: -17.5037
	--> Average Speed: 0.06s per batch
	--> Time from Last Check: 1.84s
--> Batch: 649, Loss: 0.0771, Label: 5, Survival Months: 36.58, Risk: -17.6946
	--> Average Speed: 0.06s per batch
	--> Time from Last Check: 1.93s
--> Batch: 699, Loss: 0.1405, Label: 17, Survival Months: 175.67, Risk: -17.8557
	--> Average Speed: 0.06s per batch
	--> Time from Last Check: 1.81s
--> Batch: 749, Loss: 0.0765, Label: 5, Survival Months: 35.92, Risk: -18.0462
	--> Average Speed: 0.06s per batch
	--> Time from Last Check: 1.86s
--> Batch: 799, Loss: 0.0762, Label: 2, Survival Months: 22.75, Risk: -18.0877
	--> Average Speed: 0.06s per batch
	--> Time from Last Check: 1.83s
[07/01/2025 - 03:47:41] - Epoch: 7, lr: 0.00009415, train_loss: 0.3551, train_c_index: 0.9138
[07/01/2025 - 03:47:44] - Epoch: 7, val_loss: 0.8356, val_c_index: 0.5250
[07/01/2025 - 03:47:44] - Time elapsed for epoch 7: 34s
[07/01/2025 - 03:47:44] - Epoch: 8
--> Batch: 49, Loss: 2.9198, Label: 0, Survival Months: 0.00, Risk: -7.8878
	--> Average Speed: 0.08s per batch
	--> Time from Last Check: 2.41s
--> Batch: 99, Loss: 0.0774, Label: 2, Survival Months: 22.75, Risk: -16.7790
	--> Average Speed: 0.06s per batch
	--> Time from Last Check: 1.82s
--> Batch: 149, Loss: 2.0135, Label: 11, Survival Months: 73.25, Risk: -10.5132
	--> Average Speed: 0.06s per batch
	--> Time from Last Check: 1.85s
--> Batch: 199, Loss: 0.2564, Label: 18, Survival Months: 216.33, Risk: -17.2314
	--> Average Speed: 0.06s per batch
	--> Time from Last Check: 1.87s
--> Batch: 249, Loss: 1.6870, Label: 17, Survival Months: 205.75, Risk: -16.4490
	--> Average Speed: 0.06s per batch
	--> Time from Last Check: 1.90s
--> Batch: 299, Loss: 0.0866, Label: 8, Survival Months: 49.17, Risk: -16.1472
	--> Average Speed: 0.06s per batch
	--> Time from Last Check: 1.83s
--> Batch: 349, Loss: 0.1832, Label: 17, Survival Months: 190.17, Risk: -17.3858
	--> Average Speed: 0.06s per batch
	--> Time from Last Check: 1.84s
--> Batch: 399, Loss: 0.0929, Label: 16, Survival Months: 157.25, Risk: -17.9487
	--> Average Speed: 0.06s per batch
	--> Time from Last Check: 1.92s
--> Batch: 449, Loss: 2.8931, Label: 2, Survival Months: 18.92, Risk: -10.2632
	--> Average Speed: 0.06s per batch
	--> Time from Last Check: 1.87s
--> Batch: 499, Loss: 0.0751, Label: 0, Survival Months: 0.83, Risk: -17.7482
	--> Average Speed: 0.05s per batch
	--> Time from Last Check: 1.72s
--> Batch: 549, Loss: 0.0768, Label: 8, Survival Months: 48.67, Risk: -17.7102
	--> Average Speed: 0.06s per batch
	--> Time from Last Check: 1.83s
--> Batch: 599, Loss: 0.0752, Label: 1, Survival Months: 13.50, Risk: -16.7315
	--> Average Speed: 0.06s per batch
	--> Time from Last Check: 1.90s
--> Batch: 649, Loss: 0.0879, Label: 14, Survival Months: 110.50, Risk: -17.8871
	--> Average Speed: 0.06s per batch
	--> Time from Last Check: 1.99s
--> Batch: 699, Loss: 0.0750, Label: 3, Survival Months: 27.50, Risk: -18.1092
	--> Average Speed: 0.06s per batch
	--> Time from Last Check: 1.85s
--> Batch: 749, Loss: 0.0748, Label: 2, Survival Months: 23.92, Risk: -18.2445
	--> Average Speed: 0.06s per batch
	--> Time from Last Check: 1.80s
--> Batch: 799, Loss: 0.0824, Label: 13, Survival Months: 90.42, Risk: -18.1051
	--> Average Speed: 0.06s per batch
	--> Time from Last Check: 1.85s
[07/01/2025 - 03:48:15] - Epoch: 8, lr: 0.00009321, train_loss: 0.3395, train_c_index: 0.9466
[07/01/2025 - 03:48:18] - Epoch: 8, val_loss: 0.9530, val_c_index: 0.5148
[07/01/2025 - 03:48:18] - Time elapsed for epoch 8: 34s
[07/01/2025 - 03:48:18] - Epoch: 9
--> Batch: 49, Loss: 0.0745, Label: 0, Survival Months: 0.00, Risk: -16.8174
	--> Average Speed: 0.06s per batch
	--> Time from Last Check: 1.98s
--> Batch: 99, Loss: 0.0786, Label: 11, Survival Months: 73.17, Risk: -18.2570
	--> Average Speed: 0.05s per batch
	--> Time from Last Check: 1.69s
--> Batch: 149, Loss: 0.0775, Label: 13, Survival Months: 93.25, Risk: -18.3498
	--> Average Speed: 0.06s per batch
	--> Time from Last Check: 1.83s
--> Batch: 199, Loss: 0.1987, Label: 17, Survival Months: 191.50, Risk: -16.6978
	--> Average Speed: 0.06s per batch
	--> Time from Last Check: 1.84s
--> Batch: 249, Loss: 2.0365, Label: 12, Survival Months: 79.92, Risk: -10.3025
	--> Average Speed: 0.06s per batch
	--> Time from Last Check: 1.89s
--> Batch: 299, Loss: 0.0775, Label: 7, Survival Months: 43.58, Risk: -16.6113
	--> Average Speed: 0.06s per batch
	--> Time from Last Check: 1.94s
--> Batch: 349, Loss: 0.0742, Label: 2, Survival Months: 25.00, Risk: -17.9316
	--> Average Speed: 0.06s per batch
	--> Time from Last Check: 1.81s
--> Batch: 399, Loss: 0.0835, Label: 14, Survival Months: 109.83, Risk: -17.8875
	--> Average Speed: 0.06s per batch
	--> Time from Last Check: 1.85s
--> Batch: 449, Loss: 0.2330, Label: 18, Survival Months: 225.75, Risk: -18.1700
	--> Average Speed: 0.06s per batch
	--> Time from Last Check: 1.85s
--> Batch: 499, Loss: 0.0737, Label: 6, Survival Months: 42.58, Risk: -18.2882
	--> Average Speed: 0.06s per batch
	--> Time from Last Check: 1.83s
--> Batch: 549, Loss: 0.0944, Label: 16, Survival Months: 166.33, Risk: -18.3410
	--> Average Speed: 0.06s per batch
	--> Time from Last Check: 1.87s
--> Batch: 599, Loss: 0.2063, Label: 18, Survival Months: 257.33, Risk: -18.0453
	--> Average Speed: 0.06s per batch
	--> Time from Last Check: 2.03s
--> Batch: 649, Loss: 0.0751, Label: 10, Survival Months: 62.25, Risk: -18.0682
	--> Average Speed: 0.06s per batch
	--> Time from Last Check: 1.77s
--> Batch: 699, Loss: 2.6200, Label: 16, Survival Months: 160.58, Risk: -12.1005
	--> Average Speed: 0.06s per batch
	--> Time from Last Check: 1.83s
--> Batch: 749, Loss: 0.0935, Label: 8, Survival Months: 47.92, Risk: -14.5739
	--> Average Speed: 0.06s per batch
	--> Time from Last Check: 1.82s
--> Batch: 799, Loss: 0.0829, Label: 15, Survival Months: 135.92, Risk: -18.2351
	--> Average Speed: 0.06s per batch
	--> Time from Last Check: 1.87s
[07/01/2025 - 03:48:49] - Epoch: 9, lr: 0.00009227, train_loss: 0.3370, train_c_index: 0.9303
[07/01/2025 - 03:48:51] - Epoch: 9, val_loss: 0.9178, val_c_index: 0.5098
[07/01/2025 - 03:48:51] - Time elapsed for epoch 9: 33s
[07/01/2025 - 03:48:51] - Epoch: 10
--> Batch: 49, Loss: 0.0735, Label: 3, Survival Months: 31.25, Risk: -18.2720
	--> Average Speed: 0.07s per batch
	--> Time from Last Check: 2.11s
--> Batch: 99, Loss: 0.0745, Label: 9, Survival Months: 56.67, Risk: -18.1164
	--> Average Speed: 0.06s per batch
	--> Time from Last Check: 1.84s
--> Batch: 149, Loss: 0.0805, Label: 14, Survival Months: 105.83, Risk: -18.3565
	--> Average Speed: 0.06s per batch
	--> Time from Last Check: 1.87s
--> Batch: 199, Loss: 0.0744, Label: 7, Survival Months: 44.00, Risk: -17.2634
	--> Average Speed: 0.06s per batch
	--> Time from Last Check: 1.86s
--> Batch: 249, Loss: 0.0732, Label: 3, Survival Months: 30.50, Risk: -18.2878
	--> Average Speed: 0.06s per batch
	--> Time from Last Check: 1.84s
--> Batch: 299, Loss: 0.0753, Label: 8, Survival Months: 50.92, Risk: -17.5569
	--> Average Speed: 0.06s per batch
	--> Time from Last Check: 1.81s
--> Batch: 349, Loss: 0.0742, Label: 7, Survival Months: 45.08, Risk: -16.8922
	--> Average Speed: 0.05s per batch
	--> Time from Last Check: 1.71s
--> Batch: 399, Loss: 0.0728, Label: 0, Survival Months: 0.83, Risk: -17.7370
	--> Average Speed: 0.06s per batch
	--> Time from Last Check: 1.79s
--> Batch: 449, Loss: 0.2071, Label: 18, Survival Months: 232.00, Risk: -17.9614
	--> Average Speed: 0.06s per batch
	--> Time from Last Check: 1.80s
--> Batch: 499, Loss: 0.0728, Label: 5, Survival Months: 37.25, Risk: -17.8543
	--> Average Speed: 0.06s per batch
	--> Time from Last Check: 1.88s
--> Batch: 549, Loss: 0.2308, Label: 18, Survival Months: 220.42, Risk: -18.0662
	--> Average Speed: 0.06s per batch
	--> Time from Last Check: 1.81s
--> Batch: 599, Loss: 0.0738, Label: 10, Survival Months: 66.00, Risk: -18.0823
	--> Average Speed: 0.06s per batch
	--> Time from Last Check: 1.95s
--> Batch: 649, Loss: 0.0873, Label: 16, Survival Months: 165.92, Risk: -18.1240
	--> Average Speed: 0.06s per batch
	--> Time from Last Check: 1.83s
--> Batch: 699, Loss: 0.1262, Label: 17, Survival Months: 193.08, Risk: -18.1505
	--> Average Speed: 0.06s per batch
	--> Time from Last Check: 1.79s
--> Batch: 749, Loss: 0.0737, Label: 8, Survival Months: 50.67, Risk: -18.4111
	--> Average Speed: 0.06s per batch
	--> Time from Last Check: 1.90s
--> Batch: 799, Loss: 0.0731, Label: 4, Survival Months: 33.33, Risk: -17.5612
	--> Average Speed: 0.06s per batch
	--> Time from Last Check: 1.86s
[07/01/2025 - 03:49:22] - Epoch: 10, lr: 0.00009135, train_loss: 0.3313, train_c_index: 0.9305
[07/01/2025 - 03:49:24] - Epoch: 10, val_loss: 0.9295, val_c_index: 0.4274
[07/01/2025 - 03:49:24] - Time elapsed for epoch 10: 33s
[07/01/2025 - 03:49:24] - Epoch: 11
--> Batch: 49, Loss: 0.0728, Label: 4, Survival Months: 34.33, Risk: -18.3698
	--> Average Speed: 0.06s per batch
	--> Time from Last Check: 2.01s
--> Batch: 99, Loss: 0.0728, Label: 2, Survival Months: 17.75, Risk: -17.7033
	--> Average Speed: 0.06s per batch
	--> Time from Last Check: 1.83s
--> Batch: 149, Loss: 0.1264, Label: 17, Survival Months: 190.75, Risk: -18.2645
	--> Average Speed: 0.06s per batch
	--> Time from Last Check: 1.86s
--> Batch: 199, Loss: 0.0814, Label: 11, Survival Months: 79.33, Risk: -17.3272
	--> Average Speed: 0.06s per batch
	--> Time from Last Check: 1.81s
--> Batch: 249, Loss: 0.0728, Label: 3, Survival Months: 28.58, Risk: -18.2821
	--> Average Speed: 0.06s per batch
	--> Time from Last Check: 1.85s
--> Batch: 299, Loss: 0.1216, Label: 16, Survival Months: 162.75, Risk: -17.8044
	--> Average Speed: 0.05s per batch
	--> Time from Last Check: 1.75s
--> Batch: 349, Loss: 0.0725, Label: 3, Survival Months: 29.83, Risk: -18.4364
	--> Average Speed: 0.06s per batch
	--> Time from Last Check: 1.81s
--> Batch: 399, Loss: 0.0766, Label: 12, Survival Months: 86.25, Risk: -18.5667
	--> Average Speed: 0.06s per batch
	--> Time from Last Check: 1.82s
--> Batch: 449, Loss: 0.1039, Label: 17, Survival Months: 193.00, Risk: -18.5967
	--> Average Speed: 0.06s per batch
	--> Time from Last Check: 1.95s
--> Batch: 499, Loss: 0.0740, Label: 9, Survival Months: 51.83, Risk: -17.7321
	--> Average Speed: 0.06s per batch
	--> Time from Last Check: 1.91s
--> Batch: 549, Loss: 0.0721, Label: 7, Survival Months: 44.00, Risk: -18.6201
	--> Average Speed: 0.06s per batch
	--> Time from Last Check: 2.00s
--> Batch: 599, Loss: 0.0720, Label: 2, Survival Months: 24.42, Risk: -18.2808
	--> Average Speed: 0.06s per batch
	--> Time from Last Check: 1.96s
--> Batch: 649, Loss: 0.0770, Label: 1, Survival Months: 7.00, Risk: -10.3408
	--> Average Speed: 0.06s per batch
	--> Time from Last Check: 1.87s
--> Batch: 699, Loss: 2.2214, Label: 17, Survival Months: 191.33, Risk: -18.0636
	--> Average Speed: 0.05s per batch
	--> Time from Last Check: 1.72s
--> Batch: 749, Loss: 0.0719, Label: 1, Survival Months: 6.50, Risk: -17.4103
	--> Average Speed: 0.06s per batch
	--> Time from Last Check: 1.77s
--> Batch: 799, Loss: 0.0720, Label: 4, Survival Months: 33.00, Risk: -17.7889
	--> Average Speed: 0.06s per batch
	--> Time from Last Check: 1.79s
[07/01/2025 - 03:49:56] - Epoch: 11, lr: 0.00009044, train_loss: 0.3229, train_c_index: 0.9322
[07/01/2025 - 03:49:58] - Epoch: 11, val_loss: 0.9294, val_c_index: 0.5593
[07/01/2025 - 03:49:58] - Time elapsed for epoch 11: 33s
[07/01/2025 - 03:49:58] - Epoch: 12
--> Batch: 49, Loss: 0.0720, Label: 8, Survival Months: 50.67, Risk: -18.0311
	--> Average Speed: 0.06s per batch
	--> Time from Last Check: 1.99s
--> Batch: 99, Loss: 1.8340, Label: 11, Survival Months: 67.58, Risk: -10.6457
	--> Average Speed: 0.06s per batch
	--> Time from Last Check: 1.83s
--> Batch: 149, Loss: 0.0795, Label: 14, Survival Months: 102.58, Risk: -18.2078
	--> Average Speed: 0.06s per batch
	--> Time from Last Check: 1.90s
--> Batch: 199, Loss: 0.0716, Label: 3, Survival Months: 29.83, Risk: -18.4821
	--> Average Speed: 0.06s per batch
	--> Time from Last Check: 1.97s
--> Batch: 249, Loss: 0.0753, Label: 8, Survival Months: 48.08, Risk: -16.7674
	--> Average Speed: 0.06s per batch
	--> Time from Last Check: 1.88s
--> Batch: 299, Loss: 1.3535, Label: 19, Survival Months: 328.42, Risk: -18.0348
	--> Average Speed: 0.06s per batch
	--> Time from Last Check: 1.80s
--> Batch: 349, Loss: 0.1758, Label: 17, Survival Months: 175.67, Risk: -17.9573
	--> Average Speed: 0.06s per batch
	--> Time from Last Check: 1.91s
--> Batch: 399, Loss: 0.3166, Label: 18, Survival Months: 234.42, Risk: -16.1602
	--> Average Speed: 0.06s per batch
	--> Time from Last Check: 1.84s
--> Batch: 449, Loss: 0.0794, Label: 3, Survival Months: 27.83, Risk: -13.6563
	--> Average Speed: 0.05s per batch
	--> Time from Last Check: 1.74s
--> Batch: 499, Loss: 0.0719, Label: 9, Survival Months: 52.00, Risk: -18.3910
	--> Average Speed: 0.05s per batch
	--> Time from Last Check: 1.76s
--> Batch: 549, Loss: 0.0716, Label: 7, Survival Months: 47.42, Risk: -18.0055
	--> Average Speed: 0.06s per batch
	--> Time from Last Check: 1.94s
--> Batch: 599, Loss: 1.2707, Label: 19, Survival Months: 305.75, Risk: -18.5342
	--> Average Speed: 0.06s per batch
	--> Time from Last Check: 1.87s
--> Batch: 649, Loss: 0.0717, Label: 5, Survival Months: 37.50, Risk: -17.8209
	--> Average Speed: 0.06s per batch
	--> Time from Last Check: 1.84s
--> Batch: 699, Loss: 0.1232, Label: 17, Survival Months: 194.17, Risk: -18.3616
	--> Average Speed: 0.06s per batch
	--> Time from Last Check: 1.86s
--> Batch: 749, Loss: 0.0715, Label: 8, Survival Months: 51.67, Risk: -18.6626
	--> Average Speed: 0.06s per batch
	--> Time from Last Check: 1.81s
--> Batch: 799, Loss: 0.0737, Label: 11, Survival Months: 75.67, Risk: -18.2328
	--> Average Speed: 0.06s per batch
	--> Time from Last Check: 1.80s
[07/01/2025 - 03:50:29] - Epoch: 12, lr: 0.00008953, train_loss: 0.3133, train_c_index: 0.9385
[07/01/2025 - 03:50:31] - Epoch: 12, val_loss: 1.0019, val_c_index: 0.5574
[07/01/2025 - 03:50:31] - Time elapsed for epoch 12: 34s
[07/01/2025 - 03:50:31] - Epoch: 13
--> Batch: 49, Loss: 0.0764, Label: 5, Survival Months: 35.67, Risk: -14.7700
	--> Average Speed: 0.06s per batch
	--> Time from Last Check: 2.05s
--> Batch: 99, Loss: 2.7972, Label: 11, Survival Months: 73.25, Risk: -16.6180
	--> Average Speed: 0.06s per batch
	--> Time from Last Check: 1.89s
--> Batch: 149, Loss: 0.1991, Label: 17, Survival Months: 179.25, Risk: -16.5356
	--> Average Speed: 0.06s per batch
	--> Time from Last Check: 1.78s
--> Batch: 199, Loss: 1.6700, Label: 8, Survival Months: 48.08, Risk: -6.8200
	--> Average Speed: 0.06s per batch
	--> Time from Last Check: 1.76s
--> Batch: 249, Loss: 0.0708, Label: 6, Survival Months: 38.83, Risk: -18.6605
	--> Average Speed: 0.06s per batch
	--> Time from Last Check: 1.82s
--> Batch: 299, Loss: 0.0708, Label: 3, Survival Months: 26.67, Risk: -18.3234
	--> Average Speed: 0.06s per batch
	--> Time from Last Check: 1.94s
--> Batch: 349, Loss: 0.0778, Label: 10, Survival Months: 63.33, Risk: -16.2195
	--> Average Speed: 0.06s per batch
	--> Time from Last Check: 1.95s
--> Batch: 399, Loss: 0.0707, Label: 5, Survival Months: 37.50, Risk: -18.1886
	--> Average Speed: 0.06s per batch
	--> Time from Last Check: 1.91s
--> Batch: 449, Loss: 0.0762, Label: 11, Survival Months: 76.00, Risk: -18.2458
	--> Average Speed: 0.06s per batch
	--> Time from Last Check: 1.88s
--> Batch: 499, Loss: 0.0715, Label: 2, Survival Months: 17.75, Risk: -14.0331
	--> Average Speed: 0.06s per batch
	--> Time from Last Check: 1.99s
--> Batch: 549, Loss: 0.0738, Label: 13, Survival Months: 91.92, Risk: -18.5019
	--> Average Speed: 0.06s per batch
	--> Time from Last Check: 2.07s
--> Batch: 599, Loss: 1.7814, Label: 11, Survival Months: 71.67, Risk: -9.9932
	--> Average Speed: 0.06s per batch
	--> Time from Last Check: 1.89s
--> Batch: 649, Loss: 0.5348, Label: 18, Survival Months: 210.00, Risk: -18.0578
	--> Average Speed: 0.06s per batch
	--> Time from Last Check: 1.83s
--> Batch: 699, Loss: 0.0702, Label: 2, Survival Months: 25.33, Risk: -16.8136
	--> Average Speed: 0.06s per batch
	--> Time from Last Check: 1.93s
--> Batch: 749, Loss: 0.0701, Label: 4, Survival Months: 33.00, Risk: -18.4553
	--> Average Speed: 0.05s per batch
	--> Time from Last Check: 1.74s
--> Batch: 799, Loss: 0.1065, Label: 17, Survival Months: 200.25, Risk: -18.5263
	--> Average Speed: 0.06s per batch
	--> Time from Last Check: 1.79s
[07/01/2025 - 03:51:03] - Epoch: 13, lr: 0.00008864, train_loss: 0.2953, train_c_index: 0.9464
[07/01/2025 - 03:51:05] - Epoch: 13, val_loss: 1.0899, val_c_index: 0.5539
[07/01/2025 - 03:51:05] - Time elapsed for epoch 13: 34s
[07/01/2025 - 03:51:05] - Epoch: 14
--> Batch: 49, Loss: 0.0761, Label: 7, Survival Months: 45.08, Risk: -14.1236
	--> Average Speed: 0.06s per batch
	--> Time from Last Check: 1.99s
--> Batch: 99, Loss: 0.0773, Label: 14, Survival Months: 113.58, Risk: -18.2413
	--> Average Speed: 0.06s per batch
	--> Time from Last Check: 1.80s
--> Batch: 149, Loss: 0.0721, Label: 8, Survival Months: 51.50, Risk: -17.1419
	--> Average Speed: 0.05s per batch
	--> Time from Last Check: 1.76s
--> Batch: 199, Loss: 0.0789, Label: 16, Survival Months: 143.25, Risk: -18.4079
	--> Average Speed: 0.06s per batch
	--> Time from Last Check: 1.78s
--> Batch: 249, Loss: 0.0704, Label: 14, Survival Months: 118.08, Risk: -18.4226
	--> Average Speed: 0.06s per batch
	--> Time from Last Check: 1.81s
--> Batch: 299, Loss: 0.0695, Label: 5, Survival Months: 36.50, Risk: -18.0035
	--> Average Speed: 0.06s per batch
	--> Time from Last Check: 1.98s
--> Batch: 349, Loss: 0.0694, Label: 7, Survival Months: 43.83, Risk: -18.0566
	--> Average Speed: 0.06s per batch
	--> Time from Last Check: 2.02s
--> Batch: 399, Loss: 0.0694, Label: 10, Survival Months: 62.25, Risk: -18.1230
	--> Average Speed: 0.06s per batch
	--> Time from Last Check: 2.02s
--> Batch: 449, Loss: 0.0739, Label: 14, Survival Months: 106.42, Risk: -18.5990
	--> Average Speed: 0.06s per batch
	--> Time from Last Check: 1.94s
--> Batch: 499, Loss: 0.0702, Label: 11, Survival Months: 73.58, Risk: -18.7276
	--> Average Speed: 0.07s per batch
	--> Time from Last Check: 2.12s
--> Batch: 549, Loss: 0.0693, Label: 5, Survival Months: 37.33, Risk: -18.4614
	--> Average Speed: 0.06s per batch
	--> Time from Last Check: 2.05s
--> Batch: 599, Loss: 0.0718, Label: 13, Survival Months: 90.42, Risk: -18.2083
	--> Average Speed: 0.06s per batch
	--> Time from Last Check: 2.01s
--> Batch: 649, Loss: 0.0706, Label: 14, Survival Months: 112.42, Risk: -18.9085
	--> Average Speed: 0.06s per batch
	--> Time from Last Check: 2.00s
--> Batch: 699, Loss: 0.0692, Label: 2, Survival Months: 21.75, Risk: -17.8228
	--> Average Speed: 0.06s per batch
	--> Time from Last Check: 2.01s
--> Batch: 749, Loss: 0.0691, Label: 1, Survival Months: 2.58, Risk: -19.2664
	--> Average Speed: 0.06s per batch
	--> Time from Last Check: 1.97s
--> Batch: 799, Loss: 0.0779, Label: 13, Survival Months: 93.25, Risk: -18.2105
	--> Average Speed: 0.06s per batch
	--> Time from Last Check: 1.99s
[07/01/2025 - 03:51:38] - Epoch: 14, lr: 0.00008775, train_loss: 0.2758, train_c_index: 0.9672
[07/01/2025 - 03:51:40] - Epoch: 14, val_loss: 1.1474, val_c_index: 0.4779
[07/01/2025 - 03:51:40] - Time elapsed for epoch 14: 35s
[07/01/2025 - 03:51:40] - Epoch: 15
--> Batch: 49, Loss: 0.0690, Label: 6, Survival Months: 39.67, Risk: -18.9031
	--> Average Speed: 0.07s per batch
	--> Time from Last Check: 2.21s
--> Batch: 99, Loss: 0.0863, Label: 16, Survival Months: 156.83, Risk: -18.2383
	--> Average Speed: 0.06s per batch
	--> Time from Last Check: 2.00s
--> Batch: 149, Loss: 0.0692, Label: 8, Survival Months: 48.75, Risk: -18.2547
	--> Average Speed: 0.06s per batch
	--> Time from Last Check: 1.97s
--> Batch: 199, Loss: 0.4739, Label: 19, Survival Months: 288.50, Risk: -18.8173
	--> Average Speed: 0.06s per batch
	--> Time from Last Check: 1.93s
--> Batch: 249, Loss: 0.0689, Label: 1, Survival Months: 14.17, Risk: -16.5131
	--> Average Speed: 0.06s per batch
	--> Time from Last Check: 1.88s
--> Batch: 299, Loss: 0.0743, Label: 2, Survival Months: 24.42, Risk: -12.2849
	--> Average Speed: 0.06s per batch
	--> Time from Last Check: 2.00s
--> Batch: 349, Loss: 0.0706, Label: 13, Survival Months: 90.42, Risk: -18.2292
	--> Average Speed: 0.06s per batch
	--> Time from Last Check: 1.98s
--> Batch: 399, Loss: 0.0969, Label: 17, Survival Months: 178.00, Risk: -18.4114
	--> Average Speed: 0.06s per batch
	--> Time from Last Check: 1.98s
--> Batch: 449, Loss: 0.0982, Label: 12, Survival Months: 83.67, Risk: -15.6221
	--> Average Speed: 0.06s per batch
	--> Time from Last Check: 1.98s
--> Batch: 499, Loss: 0.0698, Label: 11, Survival Months: 69.92, Risk: -18.5451
	--> Average Speed: 0.07s per batch
	--> Time from Last Check: 2.09s
--> Batch: 549, Loss: 0.0746, Label: 16, Survival Months: 172.67, Risk: -18.3504
	--> Average Speed: 0.06s per batch
	--> Time from Last Check: 2.01s
--> Batch: 599, Loss: 0.1342, Label: 18, Survival Months: 206.42, Risk: -18.7003
	--> Average Speed: 0.06s per batch
	--> Time from Last Check: 1.97s
--> Batch: 649, Loss: 0.0758, Label: 11, Survival Months: 69.75, Risk: -17.5151
	--> Average Speed: 0.06s per batch
	--> Time from Last Check: 1.98s
--> Batch: 699, Loss: 0.0744, Label: 12, Survival Months: 84.17, Risk: -17.9351
	--> Average Speed: 0.06s per batch
	--> Time from Last Check: 1.95s
--> Batch: 749, Loss: 1.2723, Label: 19, Survival Months: 549.42, Risk: -18.8282
	--> Average Speed: 0.06s per batch
	--> Time from Last Check: 2.02s
--> Batch: 799, Loss: 0.0685, Label: 0, Survival Months: 0.00, Risk: -15.0119
	--> Average Speed: 0.06s per batch
	--> Time from Last Check: 1.98s
[07/01/2025 - 03:52:13] - Epoch: 15, lr: 0.00008687, train_loss: 0.2673, train_c_index: 0.9578
[07/01/2025 - 03:52:16] - Epoch: 15, val_loss: nan, val_c_index: 0.5197
[07/01/2025 - 03:52:16] - Time elapsed for epoch 15: 36s
[07/01/2025 - 03:52:16] - Epoch: 16
--> Batch: 49, Loss: 0.0687, Label: 6, Survival Months: 40.67, Risk: -17.6360
	--> Average Speed: 0.07s per batch
	--> Time from Last Check: 2.14s
--> Batch: 99, Loss: 0.0915, Label: 9, Survival Months: 55.33, Risk: -13.2337
	--> Average Speed: 0.06s per batch
	--> Time from Last Check: 2.01s
--> Batch: 149, Loss: 0.0764, Label: 10, Survival Months: 63.25, Risk: -15.7117
	--> Average Speed: 0.06s per batch
	--> Time from Last Check: 1.98s
--> Batch: 199, Loss: 0.0685, Label: 2, Survival Months: 26.25, Risk: -19.0950
	--> Average Speed: 0.06s per batch
	--> Time from Last Check: 1.82s
--> Batch: 249, Loss: 0.0789, Label: 16, Survival Months: 156.33, Risk: -18.9787
	--> Average Speed: 0.06s per batch
	--> Time from Last Check: 1.97s
--> Batch: 299, Loss: 0.0696, Label: 13, Survival Months: 91.92, Risk: -18.8656
	--> Average Speed: 0.06s per batch
	--> Time from Last Check: 1.99s
--> Batch: 349, Loss: 2.0335, Label: 11, Survival Months: 76.00, Risk: -13.4191
	--> Average Speed: 0.06s per batch
	--> Time from Last Check: 1.93s
--> Batch: 399, Loss: 0.0685, Label: 9, Survival Months: 55.00, Risk: -18.6769
	--> Average Speed: 0.07s per batch
	--> Time from Last Check: 2.13s
--> Batch: 449, Loss: 0.0684, Label: 8, Survival Months: 50.67, Risk: -18.7463
	--> Average Speed: 0.06s per batch
	--> Time from Last Check: 2.00s
--> Batch: 499, Loss: 0.0742, Label: 16, Survival Months: 163.83, Risk: -18.5656
	--> Average Speed: 0.06s per batch
	--> Time from Last Check: 2.02s
--> Batch: 549, Loss: 0.0703, Label: 11, Survival Months: 73.17, Risk: -18.4600
	--> Average Speed: 0.06s per batch
	--> Time from Last Check: 2.02s
--> Batch: 599, Loss: 0.0683, Label: 7, Survival Months: 44.17, Risk: -18.1702
	--> Average Speed: 0.06s per batch
	--> Time from Last Check: 2.02s
--> Batch: 649, Loss: 0.0683, Label: 8, Survival Months: 48.67, Risk: -18.7557
	--> Average Speed: 0.06s per batch
	--> Time from Last Check: 2.00s
--> Batch: 699, Loss: 0.0684, Label: 2, Survival Months: 20.83, Risk: -16.2646
	--> Average Speed: 0.06s per batch
	--> Time from Last Check: 2.00s
--> Batch: 749, Loss: 2.3128, Label: 14, Survival Months: 107.17, Risk: -9.2593
	--> Average Speed: 0.06s per batch
	--> Time from Last Check: 2.03s
--> Batch: 799, Loss: 0.0684, Label: 0, Survival Months: 0.83, Risk: -14.5582
	--> Average Speed: 0.06s per batch
	--> Time from Last Check: 2.00s
[07/01/2025 - 03:52:49] - Epoch: 16, lr: 0.00008601, train_loss: 0.2609, train_c_index: 0.9640
[07/01/2025 - 03:52:51] - Epoch: 16, val_loss: nan, val_c_index: 0.4594
[07/01/2025 - 03:52:51] - Time elapsed for epoch 16: 36s
[07/01/2025 - 03:52:51] - Epoch: 17
--> Batch: 49, Loss: 0.0684, Label: 7, Survival Months: 47.42, Risk: -18.1872
	--> Average Speed: 0.07s per batch
	--> Time from Last Check: 2.15s
--> Batch: 99, Loss: 0.0684, Label: 2, Survival Months: 24.50, Risk: -18.0681
	--> Average Speed: 0.06s per batch
	--> Time from Last Check: 2.01s
--> Batch: 149, Loss: nan, Label: 11, Survival Months: 73.58, Risk: nan
	--> Average Speed: 0.06s per batch
	--> Time from Last Check: 2.00s
--> Batch: 199, Loss: nan, Label: 8, Survival Months: 49.50, Risk: nan
	--> Average Speed: 0.06s per batch
	--> Time from Last Check: 1.94s
--> Batch: 249, Loss: nan, Label: 5, Survival Months: 35.92, Risk: nan
	--> Average Speed: 0.06s per batch
	--> Time from Last Check: 1.94s
--> Batch: 299, Loss: nan, Label: 16, Survival Months: 160.42, Risk: nan
	--> Average Speed: 0.06s per batch
	--> Time from Last Check: 1.98s
--> Batch: 349, Loss: nan, Label: 11, Survival Months: 75.50, Risk: nan
	--> Average Speed: 0.07s per batch
	--> Time from Last Check: 2.12s
--> Batch: 399, Loss: nan, Label: 14, Survival Months: 109.08, Risk: nan
	--> Average Speed: 0.06s per batch
	--> Time from Last Check: 2.00s
--> Batch: 449, Loss: nan, Label: 3, Survival Months: 28.75, Risk: nan
	--> Average Speed: 0.06s per batch
	--> Time from Last Check: 2.00s
--> Batch: 499, Loss: nan, Label: 4, Survival Months: 31.33, Risk: nan
	--> Average Speed: 0.06s per batch
	--> Time from Last Check: 1.98s
--> Batch: 549, Loss: nan, Label: 13, Survival Months: 96.00, Risk: nan
	--> Average Speed: 0.06s per batch
	--> Time from Last Check: 1.99s
--> Batch: 599, Loss: nan, Label: 8, Survival Months: 47.92, Risk: nan
	--> Average Speed: 0.06s per batch
	--> Time from Last Check: 2.01s
--> Batch: 649, Loss: nan, Label: 5, Survival Months: 35.08, Risk: nan
	--> Average Speed: 0.06s per batch
	--> Time from Last Check: 2.02s
--> Batch: 699, Loss: nan, Label: 12, Survival Months: 79.92, Risk: nan
	--> Average Speed: 0.06s per batch
	--> Time from Last Check: 1.94s
--> Batch: 749, Loss: nan, Label: 10, Survival Months: 59.17, Risk: nan
	--> Average Speed: 0.06s per batch
	--> Time from Last Check: 1.98s
--> Batch: 799, Loss: nan, Label: 17, Survival Months: 182.75, Risk: nan
	--> Average Speed: 0.06s per batch
	--> Time from Last Check: 2.02s
[1;34mwandb[0m: 🚀 View run [33mlucas_job_2503933[0m at: [34mhttps://wandb.ai/luca_inghilterra-unimore/TCGA-BRCA-GE-ME-COMP/runs/al9ai7e5[0m
[1;34mwandb[0m: Find logs at: [1;35mwandb/run-20250107_034318-al9ai7e5/logs[0m
