Environment conda activated
Job 2503941 started

#################### [07/01/2025 - 04:05:29] - MCAT started ####################
HOSTNAME: germano

WANDB: setting up for report

CUDA: available
--> Device count: 1
--> Using device: NVIDIA GeForce RTX 2080 Ti
--> Running on CUDA

DATASET: Loading data
--> Remaining samples after removing incomplete: 1039
--> Class intervals: [
	0: [0.00 - 2.57]
	1: [2.57 - 17.70]
	2: [17.70 - 26.37]
	3: [26.37 - 31.25]
	4: [31.25 - 34.71]
	5: [34.71 - 38.03]
	6: [38.03 - 42.94]
	7: [42.94 - 47.45]
	8: [47.45 - 51.69]
	9: [51.69 - 58.17]
	10: [58.17 - 67.10]
	11: [67.10 - 79.80]
	12: [79.80 - 88.56]
	13: [88.56 - 102.25]
	14: [102.25 - 120.62]
	15: [120.62 - 141.88]
	16: [141.88 - 174.40]
	17: [174.40 - 205.88]
	18: [205.88 - 263.29]
	19: [263.29 - 593.83]
    ]
--> Standardizing RNA-seq data
--> Standardizing Methylation Islands beta values
--> Gene Expression Signatures size: [19938]
--> Methylation Signatures size: [4522]
--> Using 80% training, 20% validation
--> Training Set: [831], Validation Set: [208]

MODEL: MCAT
--> Trainable parameters of MCAT: 9362966
--> Loss function: CrossEntropySurvivalLoss
--> Optimizer: adam

################## [07/01/2025 - 04:05:57] - Training started ##################
[07/01/2025 - 04:05:57] - Epoch: 1
--> Batch: 49, Loss: 3.9749, Label: 3, Survival Months: 29.00, Risk: -1.0889
	--> Average Speed: 0.09s per batch
	--> Time from Last Check: 3.04s
--> Batch: 99, Loss: 3.0672, Label: 9, Survival Months: 52.00, Risk: -1.1789
	--> Average Speed: 0.06s per batch
	--> Time from Last Check: 1.98s
--> Batch: 149, Loss: 3.5159, Label: 13, Survival Months: 94.83, Risk: -1.2170
	--> Average Speed: 0.06s per batch
	--> Time from Last Check: 1.92s
--> Batch: 199, Loss: 4.1613, Label: 19, Survival Months: 329.75, Risk: -1.3193
	--> Average Speed: 0.06s per batch
	--> Time from Last Check: 1.95s
--> Batch: 249, Loss: 7.5331, Label: 12, Survival Months: 79.92, Risk: -1.5795
	--> Average Speed: 0.06s per batch
	--> Time from Last Check: 1.91s
--> Batch: 299, Loss: 3.1578, Label: 16, Survival Months: 172.67, Risk: -2.1983
	--> Average Speed: 0.06s per batch
	--> Time from Last Check: 1.98s
--> Batch: 349, Loss: 2.2435, Label: 8, Survival Months: 51.00, Risk: -2.4436
	--> Average Speed: 0.06s per batch
	--> Time from Last Check: 1.99s
--> Batch: 399, Loss: 2.3117, Label: 15, Survival Months: 131.00, Risk: -4.9295
	--> Average Speed: 0.06s per batch
	--> Time from Last Check: 1.90s
--> Batch: 449, Loss: 2.0891, Label: 14, Survival Months: 105.00, Risk: -6.1204
	--> Average Speed: 0.06s per batch
	--> Time from Last Check: 1.91s
--> Batch: 499, Loss: 1.7859, Label: 16, Survival Months: 155.50, Risk: -11.8547
	--> Average Speed: 0.06s per batch
	--> Time from Last Check: 1.89s
--> Batch: 549, Loss: 5.4908, Label: 0, Survival Months: 2.50, Risk: -12.9073
	--> Average Speed: 0.06s per batch
	--> Time from Last Check: 1.93s
--> Batch: 599, Loss: 1.5251, Label: 15, Survival Months: 137.00, Risk: -15.2577
	--> Average Speed: 0.06s per batch
	--> Time from Last Check: 1.93s
--> Batch: 649, Loss: 1.7171, Label: 16, Survival Months: 169.42, Risk: -10.2634
	--> Average Speed: 0.06s per batch
	--> Time from Last Check: 2.00s
--> Batch: 699, Loss: 1.4036, Label: 7, Survival Months: 43.17, Risk: -16.2181
	--> Average Speed: 0.06s per batch
	--> Time from Last Check: 2.00s
--> Batch: 749, Loss: 1.4059, Label: 10, Survival Months: 58.92, Risk: -15.3026
	--> Average Speed: 0.06s per batch
	--> Time from Last Check: 1.99s
--> Batch: 799, Loss: 1.5773, Label: 19, Survival Months: 275.58, Risk: -15.8857
	--> Average Speed: 0.06s per batch
	--> Time from Last Check: 1.99s
[07/01/2025 - 04:06:31] - Epoch: 1, lr: 0.00010000, train_loss: 2.6403, train_c_index: 0.5632
[07/01/2025 - 04:06:33] - Epoch: 1, val_loss: 1.8321, val_c_index: 0.4985
[07/01/2025 - 04:06:33] - Time elapsed for epoch 1: 36s
[07/01/2025 - 04:06:33] - Epoch: 2
--> Batch: 49, Loss: 1.3250, Label: 7, Survival Months: 47.42, Risk: -16.5676
	--> Average Speed: 0.07s per batch
	--> Time from Last Check: 2.19s
--> Batch: 99, Loss: 1.2985, Label: 2, Survival Months: 26.25, Risk: -16.2976
	--> Average Speed: 0.06s per batch
	--> Time from Last Check: 1.98s
--> Batch: 149, Loss: 1.3061, Label: 10, Survival Months: 63.25, Risk: -15.8263
	--> Average Speed: 0.06s per batch
	--> Time from Last Check: 2.02s
--> Batch: 199, Loss: 1.3438, Label: 15, Survival Months: 135.00, Risk: -15.4396
	--> Average Speed: 0.06s per batch
	--> Time from Last Check: 1.99s
--> Batch: 249, Loss: 1.2713, Label: 3, Survival Months: 27.67, Risk: -12.4200
	--> Average Speed: 0.06s per batch
	--> Time from Last Check: 1.93s
--> Batch: 299, Loss: 1.4118, Label: 13, Survival Months: 88.58, Risk: -11.1934
	--> Average Speed: 0.06s per batch
	--> Time from Last Check: 1.98s
--> Batch: 349, Loss: 1.2391, Label: 4, Survival Months: 31.75, Risk: -13.2890
	--> Average Speed: 0.06s per batch
	--> Time from Last Check: 2.00s
--> Batch: 399, Loss: 1.3169, Label: 13, Survival Months: 89.92, Risk: -13.1730
	--> Average Speed: 0.06s per batch
	--> Time from Last Check: 1.97s
--> Batch: 449, Loss: 4.0191, Label: 12, Survival Months: 82.58, Risk: -13.8040
	--> Average Speed: 0.06s per batch
	--> Time from Last Check: 1.88s
--> Batch: 499, Loss: 1.4027, Label: 18, Survival Months: 216.33, Risk: -15.6031
	--> Average Speed: 0.06s per batch
	--> Time from Last Check: 1.85s
--> Batch: 549, Loss: 1.1671, Label: 2, Survival Months: 25.17, Risk: -15.7153
	--> Average Speed: 0.06s per batch
	--> Time from Last Check: 1.95s
--> Batch: 599, Loss: 1.1573, Label: 2, Survival Months: 24.08, Risk: -15.4351
	--> Average Speed: 0.06s per batch
	--> Time from Last Check: 1.89s
--> Batch: 649, Loss: 1.1950, Label: 11, Survival Months: 74.17, Risk: -14.3287
	--> Average Speed: 0.06s per batch
	--> Time from Last Check: 1.94s
--> Batch: 699, Loss: 1.1457, Label: 5, Survival Months: 34.83, Risk: -14.3265
	--> Average Speed: 0.06s per batch
	--> Time from Last Check: 1.98s
--> Batch: 749, Loss: 1.3875, Label: 18, Survival Months: 230.58, Risk: -13.7603
	--> Average Speed: 0.06s per batch
	--> Time from Last Check: 1.90s
--> Batch: 799, Loss: 1.1192, Label: 8, Survival Months: 51.00, Risk: -15.8195
	--> Average Speed: 0.06s per batch
	--> Time from Last Check: 1.80s
[07/01/2025 - 04:07:06] - Epoch: 2, lr: 0.00009800, train_loss: 1.5899, train_c_index: 0.5601
[07/01/2025 - 04:07:08] - Epoch: 2, val_loss: 1.6029, val_c_index: 0.4546
[07/01/2025 - 04:07:09] - Time elapsed for epoch 2: 35s
[07/01/2025 - 04:07:09] - Epoch: 3
--> Batch: 49, Loss: 1.0849, Label: 3, Survival Months: 28.75, Risk: -15.4878
	--> Average Speed: 0.06s per batch
	--> Time from Last Check: 2.08s
--> Batch: 99, Loss: 1.0883, Label: 11, Survival Months: 73.17, Risk: -16.2490
	--> Average Speed: 0.06s per batch
	--> Time from Last Check: 1.95s
--> Batch: 149, Loss: 1.1042, Label: 12, Survival Months: 86.92, Risk: -15.0453
	--> Average Speed: 0.06s per batch
	--> Time from Last Check: 1.99s
--> Batch: 199, Loss: 1.1175, Label: 14, Survival Months: 107.33, Risk: -15.0756
	--> Average Speed: 0.06s per batch
	--> Time from Last Check: 2.00s
--> Batch: 249, Loss: 4.5166, Label: 3, Survival Months: 28.00, Risk: -13.3218
	--> Average Speed: 0.06s per batch
	--> Time from Last Check: 1.99s
--> Batch: 299, Loss: 1.0878, Label: 13, Survival Months: 101.67, Risk: -14.4595
	--> Average Speed: 0.06s per batch
	--> Time from Last Check: 1.84s
--> Batch: 349, Loss: 1.0662, Label: 4, Survival Months: 33.00, Risk: -9.7815
	--> Average Speed: 0.06s per batch
	--> Time from Last Check: 1.90s
--> Batch: 399, Loss: 3.6750, Label: 12, Survival Months: 82.58, Risk: -10.0608
	--> Average Speed: 0.06s per batch
	--> Time from Last Check: 1.94s
--> Batch: 449, Loss: 1.0186, Label: 13, Survival Months: 89.92, Risk: -16.2700
	--> Average Speed: 0.06s per batch
	--> Time from Last Check: 1.83s
--> Batch: 499, Loss: 0.9823, Label: 0, Survival Months: 2.50, Risk: -12.8464
	--> Average Speed: 0.06s per batch
	--> Time from Last Check: 1.80s
--> Batch: 549, Loss: 0.9772, Label: 2, Survival Months: 21.75, Risk: -14.4569
	--> Average Speed: 0.06s per batch
	--> Time from Last Check: 1.93s
--> Batch: 599, Loss: 1.0387, Label: 16, Survival Months: 156.75, Risk: -16.1489
	--> Average Speed: 0.06s per batch
	--> Time from Last Check: 1.87s
--> Batch: 649, Loss: 0.9499, Label: 1, Survival Months: 2.58, Risk: -14.6601
	--> Average Speed: 0.06s per batch
	--> Time from Last Check: 1.88s
--> Batch: 699, Loss: 0.9806, Label: 11, Survival Months: 67.33, Risk: -15.3196
	--> Average Speed: 0.06s per batch
	--> Time from Last Check: 1.84s
--> Batch: 749, Loss: 1.3651, Label: 19, Survival Months: 593.83, Risk: -13.2605
	--> Average Speed: 0.06s per batch
	--> Time from Last Check: 1.78s
--> Batch: 799, Loss: 1.0042, Label: 16, Survival Months: 169.25, Risk: -15.8284
	--> Average Speed: 0.06s per batch
	--> Time from Last Check: 1.87s
[07/01/2025 - 04:07:41] - Epoch: 3, lr: 0.00009604, train_loss: 1.3861, train_c_index: 0.4978
[07/01/2025 - 04:07:43] - Epoch: 3, val_loss: 1.4289, val_c_index: 0.4710
[07/01/2025 - 04:07:43] - Time elapsed for epoch 3: 34s
[07/01/2025 - 04:07:43] - Epoch: 4
--> Batch: 49, Loss: 0.9175, Label: 3, Survival Months: 30.17, Risk: -14.5675
	--> Average Speed: 0.07s per batch
	--> Time from Last Check: 2.22s
--> Batch: 99, Loss: 3.2838, Label: 16, Survival Months: 160.58, Risk: -15.6375
	--> Average Speed: 0.06s per batch
	--> Time from Last Check: 1.95s
--> Batch: 149, Loss: 0.9545, Label: 13, Survival Months: 94.92, Risk: -14.4763
	--> Average Speed: 0.06s per batch
	--> Time from Last Check: 1.99s
--> Batch: 199, Loss: 0.8893, Label: 9, Survival Months: 52.17, Risk: -16.3899
	--> Average Speed: 0.06s per batch
	--> Time from Last Check: 1.95s
--> Batch: 249, Loss: 0.8822, Label: 6, Survival Months: 41.33, Risk: -14.8118
	--> Average Speed: 0.06s per batch
	--> Time from Last Check: 1.95s
--> Batch: 299, Loss: 0.8655, Label: 4, Survival Months: 33.08, Risk: -15.6014
	--> Average Speed: 0.06s per batch
	--> Time from Last Check: 2.00s
--> Batch: 349, Loss: 0.8543, Label: 1, Survival Months: 6.50, Risk: -14.0187
	--> Average Speed: 0.06s per batch
	--> Time from Last Check: 2.02s
--> Batch: 399, Loss: 0.9415, Label: 11, Survival Months: 71.33, Risk: -11.9689
	--> Average Speed: 0.06s per batch
	--> Time from Last Check: 1.98s
--> Batch: 449, Loss: 0.8298, Label: 0, Survival Months: 0.67, Risk: -15.5965
	--> Average Speed: 0.06s per batch
	--> Time from Last Check: 1.91s
--> Batch: 499, Loss: 0.8339, Label: 3, Survival Months: 30.42, Risk: -14.6308
	--> Average Speed: 0.06s per batch
	--> Time from Last Check: 1.79s
--> Batch: 549, Loss: 0.8162, Label: 3, Survival Months: 26.83, Risk: -16.8780
	--> Average Speed: 0.06s per batch
	--> Time from Last Check: 1.90s
--> Batch: 599, Loss: 0.8351, Label: 11, Survival Months: 72.08, Risk: -15.8159
	--> Average Speed: 0.06s per batch
	--> Time from Last Check: 1.93s
--> Batch: 649, Loss: 0.9398, Label: 18, Survival Months: 257.33, Risk: -17.3520
	--> Average Speed: 0.06s per batch
	--> Time from Last Check: 1.91s
--> Batch: 699, Loss: 1.0131, Label: 18, Survival Months: 224.58, Risk: -15.1800
	--> Average Speed: 0.06s per batch
	--> Time from Last Check: 1.93s
--> Batch: 749, Loss: 0.8795, Label: 13, Survival Months: 97.83, Risk: -13.2072
	--> Average Speed: 0.06s per batch
	--> Time from Last Check: 1.98s
--> Batch: 799, Loss: 1.0269, Label: 18, Survival Months: 210.42, Risk: -14.3757
	--> Average Speed: 0.07s per batch
	--> Time from Last Check: 2.10s
[07/01/2025 - 04:08:16] - Epoch: 4, lr: 0.00009412, train_loss: 1.2131, train_c_index: 0.5696
[07/01/2025 - 04:08:18] - Epoch: 4, val_loss: 1.3565, val_c_index: 0.4955
[07/01/2025 - 04:08:18] - Time elapsed for epoch 4: 35s
[07/01/2025 - 04:08:18] - Epoch: 5
--> Batch: 49, Loss: 1.0071, Label: 18, Survival Months: 216.33, Risk: -15.0305
	--> Average Speed: 0.07s per batch
	--> Time from Last Check: 2.14s
--> Batch: 99, Loss: 0.7575, Label: 0, Survival Months: 0.83, Risk: -14.0659
	--> Average Speed: 0.06s per batch
	--> Time from Last Check: 1.97s
--> Batch: 149, Loss: 1.3434, Label: 19, Survival Months: 292.17, Risk: -10.9441
	--> Average Speed: 0.06s per batch
	--> Time from Last Check: 1.98s
--> Batch: 199, Loss: 1.1363, Label: 18, Survival Months: 209.42, Risk: -12.0163
	--> Average Speed: 0.06s per batch
	--> Time from Last Check: 2.01s
--> Batch: 249, Loss: 0.8032, Label: 16, Survival Months: 168.25, Risk: -16.5001
	--> Average Speed: 0.06s per batch
	--> Time from Last Check: 2.00s
--> Batch: 299, Loss: 0.7259, Label: 0, Survival Months: 0.00, Risk: -15.7319
	--> Average Speed: 0.06s per batch
	--> Time from Last Check: 2.02s
--> Batch: 349, Loss: 0.7468, Label: 10, Survival Months: 63.50, Risk: -15.7867
	--> Average Speed: 0.06s per batch
	--> Time from Last Check: 2.02s
--> Batch: 399, Loss: 0.7256, Label: 7, Survival Months: 43.42, Risk: -16.4382
	--> Average Speed: 0.06s per batch
	--> Time from Last Check: 2.02s
--> Batch: 449, Loss: 0.7320, Label: 9, Survival Months: 55.00, Risk: -15.4890
	--> Average Speed: 0.06s per batch
	--> Time from Last Check: 1.93s
--> Batch: 499, Loss: 0.7304, Label: 9, Survival Months: 54.92, Risk: -14.8388
	--> Average Speed: 0.06s per batch
	--> Time from Last Check: 1.90s
--> Batch: 549, Loss: 0.8310, Label: 17, Survival Months: 182.58, Risk: -15.3629
	--> Average Speed: 0.06s per batch
	--> Time from Last Check: 1.92s
--> Batch: 599, Loss: 0.7715, Label: 10, Survival Months: 62.25, Risk: -12.1092
	--> Average Speed: 0.06s per batch
	--> Time from Last Check: 1.88s
--> Batch: 649, Loss: 0.7595, Label: 10, Survival Months: 59.42, Risk: -12.3463
	--> Average Speed: 0.06s per batch
	--> Time from Last Check: 1.82s
--> Batch: 699, Loss: 0.6846, Label: 8, Survival Months: 49.67, Risk: -16.5760
	--> Average Speed: 0.06s per batch
	--> Time from Last Check: 1.77s
--> Batch: 749, Loss: 0.7092, Label: 13, Survival Months: 93.67, Risk: -15.8465
	--> Average Speed: 0.08s per batch
	--> Time from Last Check: 2.51s
--> Batch: 799, Loss: 3.4306, Label: 12, Survival Months: 82.58, Risk: -13.8404
	--> Average Speed: 0.06s per batch
	--> Time from Last Check: 1.86s
[07/01/2025 - 04:08:51] - Epoch: 5, lr: 0.00009224, train_loss: 1.0950, train_c_index: 0.5397
[07/01/2025 - 04:08:54] - Epoch: 5, val_loss: 1.2762, val_c_index: 0.4594
[07/01/2025 - 04:08:54] - Time elapsed for epoch 5: 36s
[07/01/2025 - 04:08:54] - Epoch: 6
--> Batch: 49, Loss: 0.6520, Label: 3, Survival Months: 30.42, Risk: -17.0740
	--> Average Speed: 0.07s per batch
	--> Time from Last Check: 2.10s
--> Batch: 99, Loss: 0.6489, Label: 1, Survival Months: 2.58, Risk: -13.9562
	--> Average Speed: 0.06s per batch
	--> Time from Last Check: 1.88s
--> Batch: 149, Loss: 0.7754, Label: 12, Survival Months: 83.92, Risk: -11.6054
	--> Average Speed: 0.06s per batch
	--> Time from Last Check: 1.89s
--> Batch: 199, Loss: 0.8275, Label: 18, Survival Months: 207.42, Risk: -15.7695
	--> Average Speed: 0.06s per batch
	--> Time from Last Check: 1.99s
--> Batch: 249, Loss: 3.0739, Label: 14, Survival Months: 115.67, Risk: -9.6014
	--> Average Speed: 0.05s per batch
	--> Time from Last Check: 1.76s
--> Batch: 299, Loss: 0.6868, Label: 16, Survival Months: 162.33, Risk: -16.5032
	--> Average Speed: 0.06s per batch
	--> Time from Last Check: 1.88s
--> Batch: 349, Loss: 0.6305, Label: 7, Survival Months: 45.92, Risk: -16.2887
	--> Average Speed: 0.06s per batch
	--> Time from Last Check: 1.88s
--> Batch: 399, Loss: 0.6177, Label: 2, Survival Months: 18.75, Risk: -15.7780
	--> Average Speed: 0.06s per batch
	--> Time from Last Check: 1.91s
--> Batch: 449, Loss: 3.7719, Label: 13, Survival Months: 92.00, Risk: -13.3448
	--> Average Speed: 0.06s per batch
	--> Time from Last Check: 1.86s
--> Batch: 499, Loss: 0.6638, Label: 12, Survival Months: 82.25, Risk: -14.7141
	--> Average Speed: 0.06s per batch
	--> Time from Last Check: 1.85s
--> Batch: 549, Loss: 0.6786, Label: 8, Survival Months: 50.58, Risk: -11.4491
	--> Average Speed: 0.06s per batch
	--> Time from Last Check: 1.92s
--> Batch: 599, Loss: 0.6133, Label: 5, Survival Months: 36.58, Risk: -14.8988
	--> Average Speed: 0.06s per batch
	--> Time from Last Check: 1.86s
--> Batch: 649, Loss: 0.6199, Label: 10, Survival Months: 63.33, Risk: -15.3435
	--> Average Speed: 0.06s per batch
	--> Time from Last Check: 1.92s
--> Batch: 699, Loss: 0.5996, Label: 8, Survival Months: 51.33, Risk: -16.2073
	--> Average Speed: 0.06s per batch
	--> Time from Last Check: 1.84s
--> Batch: 749, Loss: 0.5836, Label: 2, Survival Months: 18.67, Risk: -16.5582
	--> Average Speed: 0.06s per batch
	--> Time from Last Check: 1.99s
--> Batch: 799, Loss: 0.6211, Label: 8, Survival Months: 51.00, Risk: -13.4422
	--> Average Speed: 0.06s per batch
	--> Time from Last Check: 1.92s
[07/01/2025 - 04:09:25] - Epoch: 6, lr: 0.00009039, train_loss: 0.9939, train_c_index: 0.5792
[07/01/2025 - 04:09:28] - Epoch: 6, val_loss: 1.1595, val_c_index: 0.4409
[07/01/2025 - 04:09:28] - Time elapsed for epoch 6: 34s
[07/01/2025 - 04:09:28] - Epoch: 7
--> Batch: 49, Loss: 0.5718, Label: 5, Survival Months: 36.75, Risk: -16.8446
	--> Average Speed: 0.06s per batch
	--> Time from Last Check: 2.06s
--> Batch: 99, Loss: 3.3031, Label: 15, Survival Months: 141.58, Risk: -16.0516
	--> Average Speed: 0.05s per batch
	--> Time from Last Check: 1.75s
--> Batch: 149, Loss: 0.5747, Label: 7, Survival Months: 47.08, Risk: -15.6784
	--> Average Speed: 0.06s per batch
	--> Time from Last Check: 1.81s
--> Batch: 199, Loss: 0.5820, Label: 8, Survival Months: 48.08, Risk: -14.8306
	--> Average Speed: 0.06s per batch
	--> Time from Last Check: 1.84s
--> Batch: 249, Loss: 0.7754, Label: 11, Survival Months: 73.58, Risk: -8.2755
	--> Average Speed: 0.06s per batch
	--> Time from Last Check: 1.88s
--> Batch: 299, Loss: 0.5549, Label: 1, Survival Months: 2.58, Risk: -14.1115
	--> Average Speed: 0.06s per batch
	--> Time from Last Check: 1.81s
--> Batch: 349, Loss: 0.5736, Label: 8, Survival Months: 47.92, Risk: -15.0715
	--> Average Speed: 0.06s per batch
	--> Time from Last Check: 1.79s
--> Batch: 399, Loss: 0.6087, Label: 9, Survival Months: 54.17, Risk: -12.3525
	--> Average Speed: 0.06s per batch
	--> Time from Last Check: 1.82s
--> Batch: 449, Loss: 0.6965, Label: 15, Survival Months: 134.42, Risk: -13.0529
	--> Average Speed: 0.06s per batch
	--> Time from Last Check: 1.78s
--> Batch: 499, Loss: 0.5383, Label: 3, Survival Months: 26.92, Risk: -15.9354
	--> Average Speed: 0.06s per batch
	--> Time from Last Check: 1.88s
--> Batch: 549, Loss: 0.6177, Label: 17, Survival Months: 182.58, Risk: -16.8753
	--> Average Speed: 0.06s per batch
	--> Time from Last Check: 1.89s
--> Batch: 599, Loss: 0.5490, Label: 14, Survival Months: 109.08, Risk: -17.3512
	--> Average Speed: 0.06s per batch
	--> Time from Last Check: 1.88s
--> Batch: 649, Loss: 0.6503, Label: 15, Survival Months: 131.00, Risk: -13.8656
	--> Average Speed: 0.06s per batch
	--> Time from Last Check: 1.80s
--> Batch: 699, Loss: 0.5198, Label: 6, Survival Months: 41.25, Risk: -17.4568
	--> Average Speed: 0.06s per batch
	--> Time from Last Check: 1.93s
--> Batch: 749, Loss: 0.5229, Label: 2, Survival Months: 18.50, Risk: -15.5142
	--> Average Speed: 0.05s per batch
	--> Time from Last Check: 1.75s
--> Batch: 799, Loss: 0.5422, Label: 9, Survival Months: 52.92, Risk: -15.0358
	--> Average Speed: 0.06s per batch
	--> Time from Last Check: 1.83s
[07/01/2025 - 04:09:59] - Epoch: 7, lr: 0.00008858, train_loss: 0.9242, train_c_index: 0.5729
[07/01/2025 - 04:10:01] - Epoch: 7, val_loss: 1.1100, val_c_index: 0.4727
[07/01/2025 - 04:10:01] - Time elapsed for epoch 7: 33s
[07/01/2025 - 04:10:01] - Epoch: 8
--> Batch: 49, Loss: 0.5106, Label: 2, Survival Months: 23.92, Risk: -17.0954
	--> Average Speed: 0.06s per batch
	--> Time from Last Check: 2.08s
--> Batch: 99, Loss: 0.5062, Label: 1, Survival Months: 2.83, Risk: -16.5073
	--> Average Speed: 0.06s per batch
	--> Time from Last Check: 2.00s
--> Batch: 149, Loss: 0.5057, Label: 1, Survival Months: 5.83, Risk: -15.0162
	--> Average Speed: 0.06s per batch
	--> Time from Last Check: 1.96s
--> Batch: 199, Loss: 0.5445, Label: 14, Survival Months: 105.83, Risk: -16.4423
	--> Average Speed: 0.06s per batch
	--> Time from Last Check: 1.85s
--> Batch: 249, Loss: 3.4123, Label: 11, Survival Months: 68.75, Risk: -14.9100
	--> Average Speed: 0.06s per batch
	--> Time from Last Check: 1.80s
--> Batch: 299, Loss: 0.8625, Label: 19, Survival Months: 275.58, Risk: -15.3831
	--> Average Speed: 0.06s per batch
	--> Time from Last Check: 1.93s
--> Batch: 349, Loss: 0.5041, Label: 9, Survival Months: 53.25, Risk: -16.2123
	--> Average Speed: 0.06s per batch
	--> Time from Last Check: 1.83s
--> Batch: 399, Loss: 0.4845, Label: 0, Survival Months: 0.67, Risk: -16.1548
	--> Average Speed: 0.05s per batch
	--> Time from Last Check: 1.76s
--> Batch: 449, Loss: 0.4978, Label: 6, Survival Months: 39.83, Risk: -15.2236
	--> Average Speed: 0.06s per batch
	--> Time from Last Check: 1.78s
--> Batch: 499, Loss: 0.5262, Label: 11, Survival Months: 68.25, Risk: -15.0826
	--> Average Speed: 0.06s per batch
	--> Time from Last Check: 1.82s
--> Batch: 549, Loss: 0.4900, Label: 6, Survival Months: 42.17, Risk: -16.0058
	--> Average Speed: 0.06s per batch
	--> Time from Last Check: 1.93s
--> Batch: 599, Loss: 0.4841, Label: 5, Survival Months: 35.42, Risk: -16.7984
	--> Average Speed: 0.06s per batch
	--> Time from Last Check: 1.80s
--> Batch: 649, Loss: 0.4829, Label: 9, Survival Months: 52.92, Risk: -17.4087
	--> Average Speed: 0.06s per batch
	--> Time from Last Check: 1.86s
--> Batch: 699, Loss: 0.8510, Label: 12, Survival Months: 88.25, Risk: -6.2188
	--> Average Speed: 0.06s per batch
	--> Time from Last Check: 1.91s
--> Batch: 749, Loss: 0.4690, Label: 1, Survival Months: 2.58, Risk: -17.0934
	--> Average Speed: 0.05s per batch
	--> Time from Last Check: 1.72s
--> Batch: 799, Loss: 0.4944, Label: 8, Survival Months: 48.67, Risk: -14.9180
	--> Average Speed: 0.06s per batch
	--> Time from Last Check: 1.82s
[07/01/2025 - 04:10:33] - Epoch: 8, lr: 0.00008681, train_loss: 0.8587, train_c_index: 0.6682
[07/01/2025 - 04:10:35] - Epoch: 8, val_loss: 1.1238, val_c_index: 0.4211
[07/01/2025 - 04:10:35] - Time elapsed for epoch 8: 34s
[07/01/2025 - 04:10:35] - Epoch: 9
--> Batch: 49, Loss: 0.4735, Label: 7, Survival Months: 44.17, Risk: -16.5168
	--> Average Speed: 0.06s per batch
	--> Time from Last Check: 2.04s
--> Batch: 99, Loss: 0.4732, Label: 2, Survival Months: 25.25, Risk: -14.2665
	--> Average Speed: 0.06s per batch
	--> Time from Last Check: 1.77s
--> Batch: 149, Loss: 0.4589, Label: 4, Survival Months: 33.25, Risk: -17.5640
	--> Average Speed: 0.06s per batch
	--> Time from Last Check: 1.78s
--> Batch: 199, Loss: 0.4974, Label: 15, Survival Months: 140.33, Risk: -17.2172
	--> Average Speed: 0.06s per batch
	--> Time from Last Check: 1.83s
--> Batch: 249, Loss: 0.4606, Label: 2, Survival Months: 18.67, Risk: -14.9238
	--> Average Speed: 0.06s per batch
	--> Time from Last Check: 1.86s
--> Batch: 299, Loss: 0.4682, Label: 9, Survival Months: 56.92, Risk: -15.7985
	--> Average Speed: 0.06s per batch
	--> Time from Last Check: 1.85s
--> Batch: 349, Loss: 0.4638, Label: 9, Survival Months: 56.67, Risk: -16.0000
	--> Average Speed: 0.06s per batch
	--> Time from Last Check: 1.84s
--> Batch: 399, Loss: 0.4678, Label: 1, Survival Months: 14.17, Risk: -10.1565
	--> Average Speed: 0.06s per batch
	--> Time from Last Check: 1.84s
--> Batch: 449, Loss: 0.4737, Label: 15, Survival Months: 134.42, Risk: -17.5806
	--> Average Speed: 0.06s per batch
	--> Time from Last Check: 1.81s
--> Batch: 499, Loss: 0.4730, Label: 13, Survival Months: 97.08, Risk: -16.4431
	--> Average Speed: 0.06s per batch
	--> Time from Last Check: 1.85s
--> Batch: 549, Loss: 0.4639, Label: 7, Survival Months: 43.33, Risk: -14.8797
	--> Average Speed: 0.06s per batch
	--> Time from Last Check: 1.95s
--> Batch: 599, Loss: 1.7232, Label: 19, Survival Months: 289.33, Risk: -17.1745
	--> Average Speed: 0.06s per batch
	--> Time from Last Check: 1.87s
--> Batch: 649, Loss: 0.5881, Label: 15, Survival Months: 128.92, Risk: -13.5400
	--> Average Speed: 0.06s per batch
	--> Time from Last Check: 2.03s
--> Batch: 699, Loss: 0.5757, Label: 18, Survival Months: 224.58, Risk: -17.9363
	--> Average Speed: 0.06s per batch
	--> Time from Last Check: 1.86s
--> Batch: 749, Loss: 0.4811, Label: 3, Survival Months: 27.67, Risk: -11.3732
	--> Average Speed: 0.06s per batch
	--> Time from Last Check: 1.97s
--> Batch: 799, Loss: 0.4666, Label: 13, Survival Months: 100.83, Risk: -16.6103
	--> Average Speed: 0.05s per batch
	--> Time from Last Check: 1.75s
[07/01/2025 - 04:11:06] - Epoch: 9, lr: 0.00008508, train_loss: 0.8101, train_c_index: 0.6826
[07/01/2025 - 04:11:09] - Epoch: 9, val_loss: 1.0756, val_c_index: 0.4357
[07/01/2025 - 04:11:09] - Time elapsed for epoch 9: 34s
[07/01/2025 - 04:11:09] - Epoch: 10
--> Batch: 49, Loss: 0.4353, Label: 0, Survival Months: 0.83, Risk: -13.6526
	--> Average Speed: 0.06s per batch
	--> Time from Last Check: 2.03s
--> Batch: 99, Loss: 0.4545, Label: 10, Survival Months: 62.08, Risk: -15.5527
	--> Average Speed: 0.06s per batch
	--> Time from Last Check: 1.86s
--> Batch: 149, Loss: 2.6044, Label: 15, Survival Months: 122.33, Risk: -11.4709
	--> Average Speed: 0.06s per batch
	--> Time from Last Check: 1.91s
--> Batch: 199, Loss: 0.4359, Label: 2, Survival Months: 20.83, Risk: -13.9517
	--> Average Speed: 0.06s per batch
	--> Time from Last Check: 1.83s
--> Batch: 249, Loss: 0.4294, Label: 13, Survival Months: 101.75, Risk: -17.7364
	--> Average Speed: 0.06s per batch
	--> Time from Last Check: 1.84s
--> Batch: 299, Loss: 0.4955, Label: 16, Survival Months: 154.42, Risk: -16.4909
	--> Average Speed: 0.06s per batch
	--> Time from Last Check: 1.76s
--> Batch: 349, Loss: 0.4650, Label: 15, Survival Months: 129.17, Risk: -16.8465
	--> Average Speed: 0.06s per batch
	--> Time from Last Check: 1.84s
--> Batch: 399, Loss: 4.0717, Label: 3, Survival Months: 29.00, Risk: -14.0634
	--> Average Speed: 0.06s per batch
	--> Time from Last Check: 1.77s
--> Batch: 449, Loss: 0.4200, Label: 7, Survival Months: 43.25, Risk: -16.7490
	--> Average Speed: 0.06s per batch
	--> Time from Last Check: 1.84s
--> Batch: 499, Loss: 0.4154, Label: 4, Survival Months: 34.33, Risk: -16.6954
	--> Average Speed: 0.06s per batch
	--> Time from Last Check: 1.86s
--> Batch: 549, Loss: 1.7298, Label: 18, Survival Months: 214.42, Risk: -15.9729
	--> Average Speed: 0.06s per batch
	--> Time from Last Check: 1.79s
--> Batch: 599, Loss: 2.8874, Label: 12, Survival Months: 83.67, Risk: -10.9152
	--> Average Speed: 0.06s per batch
	--> Time from Last Check: 1.82s
--> Batch: 649, Loss: 0.4433, Label: 2, Survival Months: 21.00, Risk: -10.5115
	--> Average Speed: 0.06s per batch
	--> Time from Last Check: 2.00s
--> Batch: 699, Loss: 2.4514, Label: 17, Survival Months: 182.67, Risk: -15.7054
	--> Average Speed: 0.06s per batch
	--> Time from Last Check: 1.78s
--> Batch: 749, Loss: 0.4507, Label: 4, Survival Months: 31.33, Risk: -11.2914
	--> Average Speed: 0.06s per batch
	--> Time from Last Check: 1.89s
--> Batch: 799, Loss: 0.4115, Label: 6, Survival Months: 42.42, Risk: -17.0590
	--> Average Speed: 0.05s per batch
	--> Time from Last Check: 1.54s
[07/01/2025 - 04:11:40] - Epoch: 10, lr: 0.00008337, train_loss: 0.7563, train_c_index: 0.7754
[07/01/2025 - 04:11:42] - Epoch: 10, val_loss: 1.1073, val_c_index: 0.4185
[07/01/2025 - 04:11:42] - Time elapsed for epoch 10: 33s
[07/01/2025 - 04:11:42] - Epoch: 11
--> Batch: 49, Loss: 0.6245, Label: 15, Survival Months: 137.00, Risk: -11.5524
	--> Average Speed: 0.06s per batch
	--> Time from Last Check: 1.98s
--> Batch: 99, Loss: 0.7596, Label: 19, Survival Months: 329.75, Risk: -17.0566
	--> Average Speed: 0.06s per batch
	--> Time from Last Check: 1.78s
--> Batch: 149, Loss: 0.6694, Label: 18, Survival Months: 215.83, Risk: -14.8151
	--> Average Speed: 0.05s per batch
	--> Time from Last Check: 1.76s
--> Batch: 199, Loss: 0.4899, Label: 17, Survival Months: 203.50, Risk: -17.0892
	--> Average Speed: 0.06s per batch
	--> Time from Last Check: 1.77s
--> Batch: 249, Loss: 0.4441, Label: 15, Survival Months: 137.33, Risk: -16.7430
	--> Average Speed: 0.05s per batch
	--> Time from Last Check: 1.74s
--> Batch: 299, Loss: 0.4842, Label: 16, Survival Months: 169.25, Risk: -16.2837
	--> Average Speed: 0.06s per batch
	--> Time from Last Check: 1.81s
--> Batch: 349, Loss: 0.4047, Label: 12, Survival Months: 84.08, Risk: -17.3848
	--> Average Speed: 0.06s per batch
	--> Time from Last Check: 1.81s
--> Batch: 399, Loss: 3.5790, Label: 12, Survival Months: 82.58, Risk: -15.5599
	--> Average Speed: 0.06s per batch
	--> Time from Last Check: 1.99s
--> Batch: 449, Loss: 1.6758, Label: 18, Survival Months: 255.25, Risk: -16.9613
	--> Average Speed: 0.06s per batch
	--> Time from Last Check: 1.95s
--> Batch: 499, Loss: 0.4213, Label: 13, Survival Months: 96.83, Risk: -16.2813
	--> Average Speed: 0.06s per batch
	--> Time from Last Check: 1.90s
--> Batch: 549, Loss: 0.6722, Label: 6, Survival Months: 41.33, Risk: -3.9578
	--> Average Speed: 0.06s per batch
	--> Time from Last Check: 1.94s
--> Batch: 599, Loss: 0.4104, Label: 11, Survival Months: 76.42, Risk: -16.2645
	--> Average Speed: 0.06s per batch
	--> Time from Last Check: 1.97s
--> Batch: 649, Loss: 0.7906, Label: 19, Survival Months: 292.17, Risk: -16.3674
	--> Average Speed: 0.06s per batch
	--> Time from Last Check: 2.01s
--> Batch: 699, Loss: 3.1376, Label: 16, Survival Months: 160.58, Risk: -17.3163
	--> Average Speed: 0.06s per batch
	--> Time from Last Check: 1.97s
--> Batch: 749, Loss: 0.4227, Label: 11, Survival Months: 69.75, Risk: -15.2143
	--> Average Speed: 0.06s per batch
	--> Time from Last Check: 2.00s
--> Batch: 799, Loss: 0.4243, Label: 8, Survival Months: 50.67, Risk: -13.3870
	--> Average Speed: 0.06s per batch
	--> Time from Last Check: 2.01s
[07/01/2025 - 04:12:14] - Epoch: 11, lr: 0.00008171, train_loss: 0.7185, train_c_index: 0.8298
[07/01/2025 - 04:12:16] - Epoch: 11, val_loss: 1.1749, val_c_index: 0.4000
[07/01/2025 - 04:12:16] - Time elapsed for epoch 11: 34s
[07/01/2025 - 04:12:16] - Epoch: 12
--> Batch: 49, Loss: 0.3966, Label: 13, Survival Months: 99.67, Risk: -17.0578
	--> Average Speed: 0.07s per batch
	--> Time from Last Check: 2.22s
--> Batch: 99, Loss: 0.4388, Label: 14, Survival Months: 102.83, Risk: -15.4706
	--> Average Speed: 0.06s per batch
	--> Time from Last Check: 1.89s
--> Batch: 149, Loss: 0.4004, Label: 12, Survival Months: 83.42, Risk: -16.3888
	--> Average Speed: 0.06s per batch
	--> Time from Last Check: 1.92s
--> Batch: 199, Loss: 0.8673, Label: 9, Survival Months: 57.83, Risk: -3.4615
	--> Average Speed: 0.06s per batch
	--> Time from Last Check: 1.98s
--> Batch: 249, Loss: 0.3680, Label: 4, Survival Months: 32.58, Risk: -18.2617
	--> Average Speed: 0.06s per batch
	--> Time from Last Check: 1.93s
--> Batch: 299, Loss: 0.4189, Label: 11, Survival Months: 79.33, Risk: -14.4509
	--> Average Speed: 0.06s per batch
	--> Time from Last Check: 1.93s
--> Batch: 349, Loss: 0.3687, Label: 1, Survival Months: 6.50, Risk: -17.6552
	--> Average Speed: 0.06s per batch
	--> Time from Last Check: 1.85s
--> Batch: 399, Loss: 0.3731, Label: 0, Survival Months: 0.00, Risk: -11.6514
	--> Average Speed: 0.06s per batch
	--> Time from Last Check: 1.97s
--> Batch: 449, Loss: 2.4637, Label: 2, Survival Months: 25.17, Risk: -7.6443
	--> Average Speed: 0.06s per batch
	--> Time from Last Check: 1.92s
--> Batch: 499, Loss: 0.3647, Label: 2, Survival Months: 22.75, Risk: -17.2280
	--> Average Speed: 0.06s per batch
	--> Time from Last Check: 2.02s
--> Batch: 549, Loss: 0.7033, Label: 19, Survival Months: 333.75, Risk: -18.0446
	--> Average Speed: 0.06s per batch
	--> Time from Last Check: 2.02s
--> Batch: 599, Loss: 4.5453, Label: 8, Survival Months: 51.33, Risk: -16.0571
	--> Average Speed: 0.06s per batch
	--> Time from Last Check: 1.92s
--> Batch: 649, Loss: 0.3968, Label: 10, Survival Months: 66.25, Risk: -14.8978
	--> Average Speed: 0.06s per batch
	--> Time from Last Check: 1.90s
--> Batch: 699, Loss: 0.3639, Label: 5, Survival Months: 35.33, Risk: -17.6143
	--> Average Speed: 0.06s per batch
	--> Time from Last Check: 1.93s
--> Batch: 749, Loss: 3.5068, Label: 15, Survival Months: 141.58, Risk: -5.7691
	--> Average Speed: 0.06s per batch
	--> Time from Last Check: 1.98s
--> Batch: 799, Loss: 2.5700, Label: 3, Survival Months: 28.00, Risk: -6.8487
	--> Average Speed: 0.06s per batch
	--> Time from Last Check: 1.91s
[07/01/2025 - 04:12:49] - Epoch: 12, lr: 0.00008007, train_loss: 0.6936, train_c_index: 0.8312
[07/01/2025 - 04:12:51] - Epoch: 12, val_loss: 1.1204, val_c_index: 0.4206
[07/01/2025 - 04:12:51] - Time elapsed for epoch 12: 35s
[07/01/2025 - 04:12:51] - Epoch: 13
--> Batch: 49, Loss: 0.4988, Label: 12, Survival Months: 88.25, Risk: -11.5239
	--> Average Speed: 0.07s per batch
	--> Time from Last Check: 2.16s
--> Batch: 99, Loss: 0.5704, Label: 16, Survival Months: 163.67, Risk: -12.9276
	--> Average Speed: 0.06s per batch
	--> Time from Last Check: 1.95s
--> Batch: 149, Loss: 0.3539, Label: 4, Survival Months: 32.58, Risk: -17.3873
	--> Average Speed: 0.06s per batch
	--> Time from Last Check: 1.96s
--> Batch: 199, Loss: 0.3564, Label: 0, Survival Months: 0.83, Risk: -11.4938
	--> Average Speed: 0.06s per batch
	--> Time from Last Check: 1.96s
--> Batch: 249, Loss: 0.5804, Label: 18, Survival Months: 251.42, Risk: -16.0466
	--> Average Speed: 0.06s per batch
	--> Time from Last Check: 1.98s
--> Batch: 299, Loss: 0.3490, Label: 9, Survival Months: 52.75, Risk: -18.5419
	--> Average Speed: 0.06s per batch
	--> Time from Last Check: 1.95s
--> Batch: 349, Loss: 0.3492, Label: 2, Survival Months: 25.00, Risk: -17.1831
	--> Average Speed: 0.06s per batch
	--> Time from Last Check: 1.83s
--> Batch: 399, Loss: 0.3495, Label: 8, Survival Months: 47.92, Risk: -17.8151
	--> Average Speed: 0.06s per batch
	--> Time from Last Check: 1.94s
--> Batch: 449, Loss: 0.3539, Label: 3, Survival Months: 30.50, Risk: -15.3006
	--> Average Speed: 0.06s per batch
	--> Time from Last Check: 1.88s
--> Batch: 499, Loss: 0.3563, Label: 3, Survival Months: 29.33, Risk: -14.4560
	--> Average Speed: 0.06s per batch
	--> Time from Last Check: 1.89s
--> Batch: 549, Loss: 0.3633, Label: 14, Survival Months: 106.42, Risk: -17.6537
	--> Average Speed: 0.06s per batch
	--> Time from Last Check: 1.93s
--> Batch: 599, Loss: 0.3670, Label: 10, Survival Months: 62.25, Risk: -15.5545
	--> Average Speed: 0.06s per batch
	--> Time from Last Check: 1.94s
--> Batch: 649, Loss: 0.3524, Label: 4, Survival Months: 32.75, Risk: -14.9202
	--> Average Speed: 0.06s per batch
	--> Time from Last Check: 1.93s
--> Batch: 699, Loss: 0.3534, Label: 6, Survival Months: 42.92, Risk: -14.8352
	--> Average Speed: 0.06s per batch
	--> Time from Last Check: 1.97s
--> Batch: 749, Loss: 0.3400, Label: 9, Survival Months: 52.92, Risk: -18.1689
	--> Average Speed: 0.06s per batch
	--> Time from Last Check: 2.00s
--> Batch: 799, Loss: 0.3381, Label: 4, Survival Months: 31.75, Risk: -17.7195
	--> Average Speed: 0.06s per batch
	--> Time from Last Check: 1.96s
[07/01/2025 - 04:13:24] - Epoch: 13, lr: 0.00007847, train_loss: 0.6708, train_c_index: 0.8398
[07/01/2025 - 04:13:26] - Epoch: 13, val_loss: 1.1699, val_c_index: 0.3632
[07/01/2025 - 04:13:26] - Time elapsed for epoch 13: 35s
[07/01/2025 - 04:13:26] - Epoch: 14
--> Batch: 49, Loss: 0.3356, Label: 0, Survival Months: 0.83, Risk: -15.5757
	--> Average Speed: 0.07s per batch
	--> Time from Last Check: 2.12s
--> Batch: 99, Loss: 0.3352, Label: 9, Survival Months: 56.58, Risk: -18.0245
	--> Average Speed: 0.06s per batch
	--> Time from Last Check: 1.93s
--> Batch: 149, Loss: 0.5173, Label: 14, Survival Months: 103.00, Risk: -12.0023
	--> Average Speed: 0.06s per batch
	--> Time from Last Check: 2.01s
--> Batch: 199, Loss: 0.3717, Label: 15, Survival Months: 131.00, Risk: -17.3427
	--> Average Speed: 0.06s per batch
	--> Time from Last Check: 2.00s
--> Batch: 249, Loss: 0.3872, Label: 15, Survival Months: 132.25, Risk: -16.7172
	--> Average Speed: 0.06s per batch
	--> Time from Last Check: 1.98s
--> Batch: 299, Loss: 0.5267, Label: 18, Survival Months: 210.42, Risk: -17.1887
	--> Average Speed: 0.06s per batch
	--> Time from Last Check: 1.99s
--> Batch: 349, Loss: 0.3449, Label: 15, Survival Months: 128.92, Risk: -18.0227
	--> Average Speed: 0.06s per batch
	--> Time from Last Check: 1.87s
--> Batch: 399, Loss: 2.5797, Label: 7, Survival Months: 44.83, Risk: -10.4046
	--> Average Speed: 0.06s per batch
	--> Time from Last Check: 1.90s
--> Batch: 449, Loss: 0.3226, Label: 1, Survival Months: 2.58, Risk: -16.6989
	--> Average Speed: 0.06s per batch
	--> Time from Last Check: 1.95s
--> Batch: 499, Loss: 1.2609, Label: 18, Survival Months: 255.25, Risk: -18.4110
	--> Average Speed: 0.06s per batch
	--> Time from Last Check: 2.07s
--> Batch: 549, Loss: 0.3318, Label: 12, Survival Months: 84.58, Risk: -17.3990
	--> Average Speed: 0.06s per batch
	--> Time from Last Check: 1.92s
--> Batch: 599, Loss: 0.3585, Label: 16, Survival Months: 159.92, Risk: -17.7629
	--> Average Speed: 0.06s per batch
	--> Time from Last Check: 2.02s
--> Batch: 649, Loss: 0.3199, Label: 2, Survival Months: 22.75, Risk: -16.4473
	--> Average Speed: 0.06s per batch
	--> Time from Last Check: 2.01s
--> Batch: 699, Loss: 4.7472, Label: 6, Survival Months: 39.00, Risk: -13.6103
	--> Average Speed: 0.06s per batch
	--> Time from Last Check: 1.98s
--> Batch: 749, Loss: 0.3389, Label: 11, Survival Months: 71.50, Risk: -16.2828
	--> Average Speed: 0.06s per batch
	--> Time from Last Check: 2.01s
--> Batch: 799, Loss: 0.4605, Label: 14, Survival Months: 109.00, Risk: -13.2795
	--> Average Speed: 0.06s per batch
	--> Time from Last Check: 2.00s
[07/01/2025 - 04:13:59] - Epoch: 14, lr: 0.00007690, train_loss: 0.6306, train_c_index: 0.8818
[07/01/2025 - 04:14:01] - Epoch: 14, val_loss: 1.1914, val_c_index: 0.3910
[07/01/2025 - 04:14:01] - Time elapsed for epoch 14: 35s
[07/01/2025 - 04:14:01] - Epoch: 15
--> Batch: 49, Loss: 3.1549, Label: 18, Survival Months: 247.08, Risk: -8.7084
	--> Average Speed: 0.07s per batch
	--> Time from Last Check: 2.21s
--> Batch: 99, Loss: 0.3143, Label: 1, Survival Months: 10.33, Risk: -17.6614
	--> Average Speed: 0.06s per batch
	--> Time from Last Check: 1.95s
--> Batch: 149, Loss: 0.3175, Label: 3, Survival Months: 29.00, Risk: -16.1737
	--> Average Speed: 0.06s per batch
	--> Time from Last Check: 1.97s
--> Batch: 199, Loss: 2.4205, Label: 14, Survival Months: 110.33, Risk: -10.9909
	--> Average Speed: 0.06s per batch
	--> Time from Last Check: 1.99s
--> Batch: 249, Loss: 0.3110, Label: 10, Survival Months: 59.58, Risk: -18.5691
	--> Average Speed: 0.06s per batch
	--> Time from Last Check: 2.01s
--> Batch: 299, Loss: 0.3111, Label: 4, Survival Months: 33.25, Risk: -18.4914
	--> Average Speed: 0.06s per batch
	--> Time from Last Check: 2.00s
--> Batch: 349, Loss: 0.3116, Label: 4, Survival Months: 33.50, Risk: -18.1515
	--> Average Speed: 0.06s per batch
	--> Time from Last Check: 1.89s
--> Batch: 399, Loss: 0.3456, Label: 16, Survival Months: 166.33, Risk: -17.7136
	--> Average Speed: 0.06s per batch
	--> Time from Last Check: 1.96s
--> Batch: 449, Loss: 0.3177, Label: 8, Survival Months: 49.83, Risk: -16.7525
	--> Average Speed: 0.06s per batch
	--> Time from Last Check: 1.98s
--> Batch: 499, Loss: 0.3852, Label: 17, Survival Months: 187.92, Risk: -17.5041
	--> Average Speed: 0.06s per batch
	--> Time from Last Check: 1.87s
--> Batch: 549, Loss: 0.3550, Label: 17, Survival Months: 175.67, Risk: -18.1180
	--> Average Speed: 0.06s per batch
	--> Time from Last Check: 1.94s
--> Batch: 599, Loss: 0.3394, Label: 16, Survival Months: 165.92, Risk: -17.8561
	--> Average Speed: 0.06s per batch
	--> Time from Last Check: 1.95s
--> Batch: 649, Loss: 0.3162, Label: 11, Survival Months: 75.92, Risk: -17.1701
	--> Average Speed: 0.06s per batch
	--> Time from Last Check: 1.91s
--> Batch: 699, Loss: 0.3224, Label: 7, Survival Months: 46.17, Risk: -14.8721
	--> Average Speed: 0.06s per batch
	--> Time from Last Check: 2.00s
--> Batch: 749, Loss: 0.3012, Label: 3, Survival Months: 31.25, Risk: -18.0123
	--> Average Speed: 0.06s per batch
	--> Time from Last Check: 1.91s
--> Batch: 799, Loss: 1.3678, Label: 19, Survival Months: 288.50, Risk: -18.4236
	--> Average Speed: 0.06s per batch
	--> Time from Last Check: 1.87s
[07/01/2025 - 04:14:34] - Epoch: 15, lr: 0.00007536, train_loss: 0.6138, train_c_index: 0.8851
[07/01/2025 - 04:14:37] - Epoch: 15, val_loss: 1.2280, val_c_index: 0.3811
[07/01/2025 - 04:14:37] - Time elapsed for epoch 15: 35s
[07/01/2025 - 04:14:37] - Epoch: 16
--> Batch: 49, Loss: 0.3488, Label: 14, Survival Months: 114.50, Risk: -16.2358
	--> Average Speed: 0.07s per batch
	--> Time from Last Check: 2.14s
--> Batch: 99, Loss: 0.3552, Label: 14, Survival Months: 119.50, Risk: -15.9766
	--> Average Speed: 0.06s per batch
	--> Time from Last Check: 2.03s
--> Batch: 149, Loss: 0.2979, Label: 4, Survival Months: 32.58, Risk: -17.4365
	--> Average Speed: 0.06s per batch
	--> Time from Last Check: 1.95s
--> Batch: 199, Loss: 0.3067, Label: 13, Survival Months: 88.83, Risk: -17.7061
	--> Average Speed: 0.06s per batch
	--> Time from Last Check: 1.98s
--> Batch: 249, Loss: 0.3270, Label: 2, Survival Months: 22.92, Risk: -10.0746
	--> Average Speed: 0.06s per batch
	--> Time from Last Check: 1.99s
--> Batch: 299, Loss: 0.2992, Label: 4, Survival Months: 33.33, Risk: -15.7019
	--> Average Speed: 0.06s per batch
	--> Time from Last Check: 2.00s
--> Batch: 349, Loss: 0.6822, Label: 19, Survival Months: 333.75, Risk: -16.6380
	--> Average Speed: 0.06s per batch
	--> Time from Last Check: 2.02s
--> Batch: 399, Loss: 0.3153, Label: 15, Survival Months: 137.33, Risk: -17.8861
	--> Average Speed: 0.06s per batch
	--> Time from Last Check: 1.98s
--> Batch: 449, Loss: 0.4140, Label: 16, Survival Months: 163.67, Risk: -15.7367
	--> Average Speed: 0.06s per batch
	--> Time from Last Check: 1.97s
--> Batch: 499, Loss: 0.6148, Label: 19, Survival Months: 473.08, Risk: -17.9795
	--> Average Speed: 0.06s per batch
	--> Time from Last Check: 2.00s
--> Batch: 549, Loss: 1.5421, Label: 19, Survival Months: 355.58, Risk: -17.2511
	--> Average Speed: 0.06s per batch
	--> Time from Last Check: 1.96s
--> Batch: 599, Loss: 0.2879, Label: 10, Survival Months: 62.08, Risk: -18.3135
	--> Average Speed: 0.06s per batch
	--> Time from Last Check: 2.03s
--> Batch: 649, Loss: 0.2869, Label: 2, Survival Months: 18.67, Risk: -17.0734
	--> Average Speed: 0.06s per batch
	--> Time from Last Check: 1.98s
--> Batch: 699, Loss: 0.3027, Label: 12, Survival Months: 80.42, Risk: -16.9396
	--> Average Speed: 0.06s per batch
	--> Time from Last Check: 2.00s
--> Batch: 749, Loss: 0.3080, Label: 13, Survival Months: 88.67, Risk: -16.7891
	--> Average Speed: 0.06s per batch
	--> Time from Last Check: 1.99s
--> Batch: 799, Loss: 0.3589, Label: 16, Survival Months: 145.50, Risk: -16.8627
	--> Average Speed: 0.06s per batch
	--> Time from Last Check: 1.94s
[07/01/2025 - 04:15:10] - Epoch: 16, lr: 0.00007386, train_loss: 0.5925, train_c_index: 0.8872
[07/01/2025 - 04:15:12] - Epoch: 16, val_loss: 1.2277, val_c_index: 0.3966
[07/01/2025 - 04:15:12] - Time elapsed for epoch 16: 36s
[07/01/2025 - 04:15:12] - Epoch: 17
--> Batch: 49, Loss: 0.5955, Label: 19, Survival Months: 593.83, Risk: -17.8714
	--> Average Speed: 0.07s per batch
	--> Time from Last Check: 2.17s
--> Batch: 99, Loss: 0.3523, Label: 4, Survival Months: 32.08, Risk: -8.7008
	--> Average Speed: 0.06s per batch
	--> Time from Last Check: 1.92s
--> Batch: 149, Loss: 2.7471, Label: 5, Survival Months: 35.50, Risk: -2.5495
	--> Average Speed: 0.06s per batch
	--> Time from Last Check: 1.98s
--> Batch: 199, Loss: 0.3357, Label: 16, Survival Months: 150.58, Risk: -17.3330
	--> Average Speed: 0.06s per batch
	--> Time from Last Check: 2.00s
--> Batch: 249, Loss: 0.2833, Label: 12, Survival Months: 87.25, Risk: -18.3756
	--> Average Speed: 0.06s per batch
	--> Time from Last Check: 2.00s
--> Batch: 299, Loss: 0.3236, Label: 15, Survival Months: 140.33, Risk: -17.3588
	--> Average Speed: 0.06s per batch
	--> Time from Last Check: 2.01s
--> Batch: 349, Loss: 0.2794, Label: 1, Survival Months: 5.83, Risk: -18.0421
	--> Average Speed: 0.06s per batch
	--> Time from Last Check: 1.98s
--> Batch: 399, Loss: 0.3423, Label: 15, Survival Months: 121.92, Risk: -16.8392
	--> Average Speed: 0.06s per batch
	--> Time from Last Check: 1.93s
--> Batch: 449, Loss: 0.2805, Label: 10, Survival Months: 65.92, Risk: -17.7024
	--> Average Speed: 0.06s per batch
	--> Time from Last Check: 1.98s
--> Batch: 499, Loss: 0.3676, Label: 5, Survival Months: 37.92, Risk: -8.0038
	--> Average Speed: 0.06s per batch
	--> Time from Last Check: 1.95s
--> Batch: 549, Loss: 0.3049, Label: 13, Survival Months: 100.67, Risk: -16.3780
	--> Average Speed: 0.06s per batch
	--> Time from Last Check: 1.89s
--> Batch: 599, Loss: 0.2993, Label: 14, Survival Months: 109.00, Risk: -17.2832
	--> Average Speed: 0.06s per batch
	--> Time from Last Check: 2.02s
--> Batch: 649, Loss: 3.1419, Label: 8, Survival Months: 51.00, Risk: -12.9522
	--> Average Speed: 0.06s per batch
	--> Time from Last Check: 2.02s
--> Batch: 699, Loss: 0.3077, Label: 16, Survival Months: 165.92, Risk: -17.9726
	--> Average Speed: 0.06s per batch
	--> Time from Last Check: 1.98s
--> Batch: 749, Loss: 0.4527, Label: 18, Survival Months: 224.58, Risk: -17.7083
	--> Average Speed: 0.06s per batch
	--> Time from Last Check: 2.02s
--> Batch: 799, Loss: 0.2852, Label: 15, Survival Months: 123.08, Risk: -18.2842
	--> Average Speed: 0.06s per batch
	--> Time from Last Check: 2.00s
[07/01/2025 - 04:15:45] - Epoch: 17, lr: 0.00007238, train_loss: 0.5886, train_c_index: 0.8714
[07/01/2025 - 04:15:48] - Epoch: 17, val_loss: 1.2164, val_c_index: 0.3751
[07/01/2025 - 04:15:48] - Time elapsed for epoch 17: 36s
[07/01/2025 - 04:15:48] - Epoch: 18
--> Batch: 49, Loss: 0.2693, Label: 0, Survival Months: 2.50, Risk: -16.5548
	--> Average Speed: 0.07s per batch
	--> Time from Last Check: 2.20s
--> Batch: 99, Loss: 0.2728, Label: 2, Survival Months: 25.33, Risk: -15.4888
	--> Average Speed: 0.06s per batch
	--> Time from Last Check: 1.98s
--> Batch: 149, Loss: 0.2828, Label: 15, Survival Months: 131.00, Risk: -18.2681
	--> Average Speed: 0.06s per batch
	--> Time from Last Check: 2.01s
--> Batch: 199, Loss: 0.2680, Label: 1, Survival Months: 11.17, Risk: -16.0464
	--> Average Speed: 0.06s per batch
	--> Time from Last Check: 1.99s
--> Batch: 249, Loss: 0.2835, Label: 11, Survival Months: 74.17, Risk: -16.4097
	--> Average Speed: 0.06s per batch
	--> Time from Last Check: 1.95s
--> Batch: 299, Loss: 0.2655, Label: 0, Survival Months: 0.83, Risk: -16.4661
	--> Average Speed: 0.06s per batch
	--> Time from Last Check: 2.02s
--> Batch: 349, Loss: 0.3174, Label: 17, Survival Months: 187.92, Risk: -18.1933
	--> Average Speed: 0.06s per batch
	--> Time from Last Check: 1.99s
--> Batch: 399, Loss: 0.2667, Label: 12, Survival Months: 83.67, Risk: -18.3126
	--> Average Speed: 0.06s per batch
	--> Time from Last Check: 1.88s
--> Batch: 449, Loss: 0.2665, Label: 12, Survival Months: 83.08, Risk: -18.5158
	--> Average Speed: 0.06s per batch
	--> Time from Last Check: 1.94s
--> Batch: 499, Loss: 0.2691, Label: 10, Survival Months: 62.83, Risk: -17.9020
	--> Average Speed: 0.06s per batch
	--> Time from Last Check: 1.97s
--> Batch: 549, Loss: 0.3348, Label: 16, Survival Months: 172.67, Risk: -17.0797
	--> Average Speed: 0.06s per batch
	--> Time from Last Check: 2.02s
--> Batch: 599, Loss: 0.2681, Label: 3, Survival Months: 31.08, Risk: -16.5195
	--> Average Speed: 0.06s per batch
	--> Time from Last Check: 1.93s
--> Batch: 649, Loss: 0.2713, Label: 1, Survival Months: 10.42, Risk: -13.3259
	--> Average Speed: 0.06s per batch
	--> Time from Last Check: 1.92s
--> Batch: 699, Loss: 0.3236, Label: 13, Survival Months: 100.83, Risk: -15.0613
	--> Average Speed: 0.06s per batch
	--> Time from Last Check: 1.87s
--> Batch: 749, Loss: 0.2718, Label: 8, Survival Months: 51.33, Risk: -16.3071
	--> Average Speed: 0.06s per batch
	--> Time from Last Check: 1.98s
--> Batch: 799, Loss: 0.2624, Label: 9, Survival Months: 52.75, Risk: -18.4368
	--> Average Speed: 0.06s per batch
	--> Time from Last Check: 1.99s
[07/01/2025 - 04:16:21] - Epoch: 18, lr: 0.00007093, train_loss: 0.5752, train_c_index: 0.8829
[07/01/2025 - 04:16:23] - Epoch: 18, val_loss: 1.1910, val_c_index: 0.4004
[07/01/2025 - 04:16:23] - Time elapsed for epoch 18: 35s
[07/01/2025 - 04:16:23] - Epoch: 19
--> Batch: 49, Loss: 0.3486, Label: 15, Survival Months: 129.17, Risk: -15.8324
	--> Average Speed: 0.07s per batch
	--> Time from Last Check: 2.21s
--> Batch: 99, Loss: 2.1561, Label: 2, Survival Months: 25.17, Risk: -5.2848
	--> Average Speed: 0.06s per batch
	--> Time from Last Check: 1.91s
--> Batch: 149, Loss: 0.3187, Label: 16, Survival Months: 154.42, Risk: -17.3076
	--> Average Speed: 0.06s per batch
	--> Time from Last Check: 1.83s
--> Batch: 199, Loss: 0.2673, Label: 14, Survival Months: 110.50, Risk: -18.0614
	--> Average Speed: 0.06s per batch
	--> Time from Last Check: 2.03s
--> Batch: 249, Loss: 3.0574, Label: 7, Survival Months: 46.50, Risk: -2.2876
	--> Average Speed: 0.06s per batch
	--> Time from Last Check: 1.98s
--> Batch: 299, Loss: 0.2570, Label: 0, Survival Months: 2.50, Risk: -15.1076
	--> Average Speed: 0.06s per batch
	--> Time from Last Check: 1.98s
--> Batch: 349, Loss: 0.5228, Label: 19, Survival Months: 473.08, Risk: -18.5571
	--> Average Speed: 0.06s per batch
	--> Time from Last Check: 1.98s
--> Batch: 399, Loss: 0.4897, Label: 16, Survival Months: 169.25, Risk: -13.1576
	--> Average Speed: 0.06s per batch
	--> Time from Last Check: 1.86s
--> Batch: 449, Loss: 0.2654, Label: 9, Survival Months: 53.58, Risk: -16.0788
	--> Average Speed: 0.06s per batch
	--> Time from Last Check: 1.99s
--> Batch: 499, Loss: 0.2529, Label: 1, Survival Months: 15.50, Risk: -16.3251
	--> Average Speed: 0.06s per batch
	--> Time from Last Check: 1.99s
--> Batch: 549, Loss: 0.2743, Label: 14, Survival Months: 107.92, Risk: -17.5110
	--> Average Speed: 0.06s per batch
	--> Time from Last Check: 2.01s
--> Batch: 599, Loss: 0.4830, Label: 18, Survival Months: 257.83, Risk: -16.1066
	--> Average Speed: 0.06s per batch
	--> Time from Last Check: 2.06s
--> Batch: 649, Loss: 0.3363, Label: 18, Survival Months: 207.17, Risk: -18.7570
	--> Average Speed: 0.06s per batch
	--> Time from Last Check: 2.00s
--> Batch: 699, Loss: 0.2574, Label: 6, Survival Months: 38.83, Risk: -15.3252
	--> Average Speed: 0.06s per batch
	--> Time from Last Check: 1.95s
--> Batch: 749, Loss: 0.2551, Label: 8, Survival Months: 48.75, Risk: -16.7212
	--> Average Speed: 0.06s per batch
	--> Time from Last Check: 1.99s
--> Batch: 799, Loss: 0.2472, Label: 3, Survival Months: 26.67, Risk: -18.0451
	--> Average Speed: 0.06s per batch
	--> Time from Last Check: 2.01s
[07/01/2025 - 04:16:56] - Epoch: 19, lr: 0.00006951, train_loss: 0.5565, train_c_index: 0.8913
[07/01/2025 - 04:16:58] - Epoch: 19, val_loss: 1.2497, val_c_index: 0.3768
[07/01/2025 - 04:16:59] - Time elapsed for epoch 19: 36s
[07/01/2025 - 04:16:59] - Epoch: 20
--> Batch: 49, Loss: 0.2719, Label: 15, Survival Months: 133.00, Risk: -17.7872
	--> Average Speed: 0.07s per batch
	--> Time from Last Check: 2.14s
--> Batch: 99, Loss: 0.2676, Label: 10, Survival Months: 62.83, Risk: -15.4825
	--> Average Speed: 0.06s per batch
	--> Time from Last Check: 1.95s
--> Batch: 149, Loss: 3.6052, Label: 12, Survival Months: 82.58, Risk: -17.1162
	--> Average Speed: 0.07s per batch
	--> Time from Last Check: 2.12s
--> Batch: 199, Loss: 0.7744, Label: 19, Survival Months: 280.33, Risk: -13.9382
	--> Average Speed: 0.06s per batch
	--> Time from Last Check: 1.94s
--> Batch: 249, Loss: 0.2443, Label: 6, Survival Months: 42.92, Risk: -17.2450
	--> Average Speed: 0.06s per batch
	--> Time from Last Check: 2.02s
--> Batch: 299, Loss: 0.2613, Label: 13, Survival Months: 101.58, Risk: -17.3047
	--> Average Speed: 0.06s per batch
	--> Time from Last Check: 1.94s
--> Batch: 349, Loss: 0.4624, Label: 17, Survival Months: 175.67, Risk: -14.8362
	--> Average Speed: 0.06s per batch
	--> Time from Last Check: 1.97s
--> Batch: 399, Loss: 0.2836, Label: 16, Survival Months: 142.33, Risk: -17.8388
	--> Average Speed: 0.06s per batch
	--> Time from Last Check: 1.93s
--> Batch: 449, Loss: 0.3316, Label: 16, Survival Months: 160.42, Risk: -16.6999
	--> Average Speed: 0.06s per batch
	--> Time from Last Check: 1.97s
--> Batch: 499, Loss: 0.2729, Label: 10, Survival Months: 60.50, Risk: -14.5396
	--> Average Speed: 0.06s per batch
	--> Time from Last Check: 1.99s
--> Batch: 549, Loss: 0.2644, Label: 11, Survival Months: 73.42, Risk: -15.8176
	--> Average Speed: 0.06s per batch
	--> Time from Last Check: 1.99s
--> Batch: 599, Loss: 0.2475, Label: 4, Survival Months: 33.50, Risk: -14.9023
	--> Average Speed: 0.06s per batch
	--> Time from Last Check: 1.97s
--> Batch: 649, Loss: 0.2404, Label: 4, Survival Months: 34.33, Risk: -17.3507
	--> Average Speed: 0.06s per batch
	--> Time from Last Check: 1.95s
--> Batch: 699, Loss: 0.2439, Label: 4, Survival Months: 32.00, Risk: -16.0325
	--> Average Speed: 0.06s per batch
	--> Time from Last Check: 1.96s
--> Batch: 749, Loss: 0.2866, Label: 15, Survival Months: 135.92, Risk: -17.2261
	--> Average Speed: 0.06s per batch
	--> Time from Last Check: 2.01s
--> Batch: 799, Loss: 0.2387, Label: 4, Survival Months: 33.75, Risk: -17.2516
	--> Average Speed: 0.06s per batch
	--> Time from Last Check: 2.02s
[07/01/2025 - 04:17:32] - Epoch: 20, lr: 0.00006812, train_loss: 0.5439, train_c_index: 0.8725
--> Saving model into checkpoints/MCAT_TCGA-BRCA-GE-ME_E20_202501070417.pt
[07/01/2025 - 04:17:34] - Epoch: 20, val_loss: 1.2313, val_c_index: 0.3905
[07/01/2025 - 04:17:34] - Time elapsed for epoch 20: 36s

################# [07/01/2025 - 04:17:34] - Training completed #################

################# [07/01/2025 - 04:17:34] - Validation started #################
[07/01/2025 - 04:17:36] - Final Validation, val_loss: 1.2313, val_c_index: 0.3905
[07/01/2025 - 04:17:36] - Time elapsed for Validation: 2s

################ [07/01/2025 - 04:17:36] - Validation completed ################

################## [07/01/2025 - 04:17:39] - MCAT terminated ###################
