Environment conda activated
Job 2505430 started

#################### [10/01/2025 - 03:21:04] - MCAT started ####################
HOSTNAME: gervasoni

WANDB: setting up for report

CUDA: available
--> Device count: 1
--> Using device: Quadro RTX 5000
--> Running on CUDA

DATASET: Loading data
--> Remaining samples after removing incomplete: 1039
--> Class intervals: [
	0: [0.00 - 2.57]
	1: [2.57 - 17.70]
	2: [17.70 - 26.37]
	3: [26.37 - 31.25]
	4: [31.25 - 34.71]
	5: [34.71 - 38.03]
	6: [38.03 - 42.94]
	7: [42.94 - 47.45]
	8: [47.45 - 51.69]
	9: [51.69 - 58.17]
	10: [58.17 - 67.10]
	11: [67.10 - 79.80]
	12: [79.80 - 88.56]
	13: [88.56 - 102.25]
	14: [102.25 - 120.62]
	15: [120.62 - 141.88]
	16: [141.88 - 174.40]
	17: [174.40 - 205.88]
	18: [205.88 - 263.29]
	19: [263.29 - 593.83]
    ]
--> Standardizing RNA-seq data
--> Standardizing Methylation Islands beta values
--> Gene Expression Signatures size: [19938]
--> Methylation Signatures size: [4522]
--> Using 80% training, 20% validation
--> Training Set: [831], Testing Set: [208]

MODEL: MCAT
--> Trainable parameters of MCAT: 9362966
--> Loss function: CrossEntropySurvivalLoss
--> Optimizer: adam

################## [10/01/2025 - 03:21:34] - Training started ##################
[10/01/2025 - 03:21:34] - Epoch: 1
--> Batch: 49, Loss: 1.5209, Label: 8, Survival Months: 51.33, Risk: -1.0541
	--> Average Speed: 0.07s per batch
	--> Time from Last Check: 2.21s
--> Batch: 99, Loss: 1.1787, Label: 6, Survival Months: 41.75, Risk: -1.0687
	--> Average Speed: 0.05s per batch
	--> Time from Last Check: 1.51s
--> Batch: 149, Loss: 0.9926, Label: 5, Survival Months: 35.50, Risk: -1.0859
	--> Average Speed: 0.05s per batch
	--> Time from Last Check: 1.49s
--> Batch: 199, Loss: 2.0719, Label: 12, Survival Months: 85.50, Risk: -1.2130
	--> Average Speed: 0.05s per batch
	--> Time from Last Check: 1.49s
--> Batch: 249, Loss: 2.6934, Label: 16, Survival Months: 156.75, Risk: -1.1823
	--> Average Speed: 0.05s per batch
	--> Time from Last Check: 1.50s
--> Batch: 299, Loss: 0.1456, Label: 0, Survival Months: 0.42, Risk: -1.2116
	--> Average Speed: 0.05s per batch
	--> Time from Last Check: 1.49s
--> Batch: 349, Loss: 1.9939, Label: 13, Survival Months: 96.92, Risk: -1.3918
	--> Average Speed: 0.05s per batch
	--> Time from Last Check: 1.50s
--> Batch: 399, Loss: 1.4693, Label: 10, Survival Months: 63.33, Risk: -1.4459
	--> Average Speed: 0.05s per batch
	--> Time from Last Check: 1.52s
--> Batch: 449, Loss: 1.0668, Label: 8, Survival Months: 48.67, Risk: -1.6509
	--> Average Speed: 0.05s per batch
	--> Time from Last Check: 1.47s
--> Batch: 499, Loss: 2.3148, Label: 18, Survival Months: 259.33, Risk: -2.0144
	--> Average Speed: 0.05s per batch
	--> Time from Last Check: 1.46s
--> Batch: 549, Loss: 0.4244, Label: 4, Survival Months: 33.25, Risk: -2.5589
	--> Average Speed: 0.05s per batch
	--> Time from Last Check: 1.50s
--> Batch: 599, Loss: 0.4852, Label: 6, Survival Months: 42.42, Risk: -3.1651
	--> Average Speed: 0.05s per batch
	--> Time from Last Check: 1.51s
--> Batch: 649, Loss: 0.2343, Label: 6, Survival Months: 39.75, Risk: -6.0306
	--> Average Speed: 0.05s per batch
	--> Time from Last Check: 1.47s
--> Batch: 699, Loss: 0.2482, Label: 8, Survival Months: 47.83, Risk: -6.5695
	--> Average Speed: 0.05s per batch
	--> Time from Last Check: 1.46s
--> Batch: 749, Loss: 0.1257, Label: 5, Survival Months: 37.50, Risk: -8.5762
	--> Average Speed: 0.05s per batch
	--> Time from Last Check: 1.51s
--> Batch: 799, Loss: 0.0536, Label: 5, Survival Months: 36.58, Risk: -12.2501
	--> Average Speed: 0.05s per batch
	--> Time from Last Check: 1.51s
[10/01/2025 - 03:22:00] - Epoch: 1, lr: 0.00010000, training_loss: 1.5484, training_c_index: 0.5212
[10/01/2025 - 03:22:02] - Epoch: 1, validation_loss: 0.5773, validation_c_index: 0.4120
--> New BEST Validation Score: 0.3542, validation_loss: 0.5773, validation_c_index: 0.4120
--> Current BEST Score: 0.3542
	--> validation_loss: 0.5773
	--> best validation_c_index: 0.4120
[10/01/2025 - 03:22:02] - Time elapsed for epoch 1: 28s
[10/01/2025 - 03:22:02] - Epoch: 2
--> Batch: 49, Loss: 0.0223, Label: 5, Survival Months: 36.75, Risk: -14.9707
	--> Average Speed: 0.04s per batch
	--> Time from Last Check: 1.17s
--> Batch: 99, Loss: 0.0206, Label: 8, Survival Months: 49.58, Risk: -15.6935
	--> Average Speed: 0.05s per batch
	--> Time from Last Check: 1.45s
--> Batch: 149, Loss: 0.0388, Label: 12, Survival Months: 88.25, Risk: -16.3591
	--> Average Speed: 0.05s per batch
	--> Time from Last Check: 1.53s
--> Batch: 199, Loss: 0.0248, Label: 11, Survival Months: 78.58, Risk: -16.7870
	--> Average Speed: 0.05s per batch
	--> Time from Last Check: 1.56s
--> Batch: 249, Loss: 0.1282, Label: 16, Survival Months: 156.83, Risk: -15.4802
	--> Average Speed: 0.05s per batch
	--> Time from Last Check: 1.52s
--> Batch: 299, Loss: 0.0080, Label: 3, Survival Months: 30.00, Risk: -16.6853
	--> Average Speed: 0.05s per batch
	--> Time from Last Check: 1.58s
--> Batch: 349, Loss: 0.0428, Label: 13, Survival Months: 96.42, Risk: -16.6934
	--> Average Speed: 0.05s per batch
	--> Time from Last Check: 1.54s
--> Batch: 399, Loss: 0.0605, Label: 15, Survival Months: 126.58, Risk: -16.7463
	--> Average Speed: 0.05s per batch
	--> Time from Last Check: 1.51s
--> Batch: 449, Loss: 0.0140, Label: 8, Survival Months: 50.92, Risk: -17.0633
	--> Average Speed: 0.05s per batch
	--> Time from Last Check: 1.45s
--> Batch: 499, Loss: 0.0655, Label: 15, Survival Months: 135.92, Risk: -16.6641
	--> Average Speed: 0.05s per batch
	--> Time from Last Check: 1.49s
--> Batch: 549, Loss: 3.1362, Label: 15, Survival Months: 141.17, Risk: -16.5668
	--> Average Speed: 0.05s per batch
	--> Time from Last Check: 1.51s
--> Batch: 599, Loss: 0.0118, Label: 4, Survival Months: 31.83, Risk: -16.6030
	--> Average Speed: 0.05s per batch
	--> Time from Last Check: 1.52s
--> Batch: 649, Loss: 4.0589, Label: 2, Survival Months: 18.67, Risk: -16.1303
	--> Average Speed: 0.04s per batch
	--> Time from Last Check: 1.43s
--> Batch: 699, Loss: 0.0065, Label: 1, Survival Months: 2.67, Risk: -15.5452
	--> Average Speed: 0.05s per batch
	--> Time from Last Check: 1.45s
--> Batch: 749, Loss: 3.4588, Label: 10, Survival Months: 62.83, Risk: -15.7979
	--> Average Speed: 0.05s per batch
	--> Time from Last Check: 1.50s
--> Batch: 799, Loss: 0.0030, Label: 0, Survival Months: 1.58, Risk: -15.2409
	--> Average Speed: 0.05s per batch
	--> Time from Last Check: 1.51s
[10/01/2025 - 03:22:27] - Epoch: 2, lr: 0.00009000, training_loss: 0.3693, training_c_index: 0.5294
[10/01/2025 - 03:22:28] - Epoch: 2, validation_loss: 0.5938, validation_c_index: 0.4621
--> New BEST Validation Score: 0.4027, validation_loss: 0.5938, validation_c_index: 0.4621
--> Current BEST Score: 0.4027
	--> validation_loss: 0.5938
	--> best validation_c_index: 0.4621
[10/01/2025 - 03:22:29] - Time elapsed for epoch 2: 27s
[10/01/2025 - 03:22:29] - Epoch: 3
--> Batch: 49, Loss: 0.0880, Label: 14, Survival Months: 103.83, Risk: -15.4301
	--> Average Speed: 0.04s per batch
	--> Time from Last Check: 1.39s
--> Batch: 99, Loss: 2.5176, Label: 14, Survival Months: 119.17, Risk: -14.8609
	--> Average Speed: 0.05s per batch
	--> Time from Last Check: 1.58s
--> Batch: 149, Loss: 0.0459, Label: 9, Survival Months: 56.92, Risk: -14.6140
	--> Average Speed: 0.04s per batch
	--> Time from Last Check: 1.13s
--> Batch: 199, Loss: 0.0753, Label: 11, Survival Months: 75.50, Risk: -14.2972
	--> Average Speed: 0.04s per batch
	--> Time from Last Check: 1.37s
--> Batch: 249, Loss: 3.8069, Label: 8, Survival Months: 51.33, Risk: -15.3459
	--> Average Speed: 0.04s per batch
	--> Time from Last Check: 1.43s
--> Batch: 299, Loss: 1.4329, Label: 19, Survival Months: 284.08, Risk: -14.9669
	--> Average Speed: 0.04s per batch
	--> Time from Last Check: 1.14s
--> Batch: 349, Loss: 0.0035, Label: 0, Survival Months: 0.58, Risk: -15.1985
	--> Average Speed: 0.03s per batch
	--> Time from Last Check: 0.95s
--> Batch: 399, Loss: 0.0039, Label: 0, Survival Months: 0.83, Risk: -15.1707
	--> Average Speed: 0.03s per batch
	--> Time from Last Check: 0.87s
--> Batch: 449, Loss: 0.1471, Label: 17, Survival Months: 201.67, Risk: -15.7118
	--> Average Speed: 0.03s per batch
	--> Time from Last Check: 0.85s
--> Batch: 499, Loss: 0.0456, Label: 9, Survival Months: 52.17, Risk: -14.5687
	--> Average Speed: 0.03s per batch
	--> Time from Last Check: 1.04s
--> Batch: 549, Loss: 3.7916, Label: 2, Survival Months: 22.17, Risk: -16.2805
	--> Average Speed: 0.04s per batch
	--> Time from Last Check: 1.38s
--> Batch: 599, Loss: 0.0165, Label: 4, Survival Months: 32.08, Risk: -16.0213
	--> Average Speed: 0.04s per batch
	--> Time from Last Check: 1.43s
--> Batch: 649, Loss: 0.1312, Label: 15, Survival Months: 134.42, Risk: -14.6699
	--> Average Speed: 0.05s per batch
	--> Time from Last Check: 1.50s
--> Batch: 699, Loss: 0.2117, Label: 18, Survival Months: 233.00, Risk: -16.2348
	--> Average Speed: 0.05s per batch
	--> Time from Last Check: 1.52s
--> Batch: 749, Loss: 0.2326, Label: 18, Survival Months: 234.42, Risk: -15.5914
	--> Average Speed: 0.05s per batch
	--> Time from Last Check: 1.49s
--> Batch: 799, Loss: 0.0748, Label: 13, Survival Months: 88.67, Risk: -15.0582
	--> Average Speed: 0.05s per batch
	--> Time from Last Check: 1.47s
[10/01/2025 - 03:22:50] - Epoch: 3, lr: 0.00008100, training_loss: 0.3524, training_c_index: 0.4674
[10/01/2025 - 03:22:52] - Epoch: 3, validation_loss: 0.6007, validation_c_index: 0.4927
--> New BEST Validation Score: 0.4326, validation_loss: 0.6007, validation_c_index: 0.4927
--> Current BEST Score: 0.4326
	--> validation_loss: 0.6007
	--> best validation_c_index: 0.4927
[10/01/2025 - 03:22:52] - Time elapsed for epoch 3: 23s
[10/01/2025 - 03:22:52] - Epoch: 4
--> Batch: 49, Loss: 0.0325, Label: 6, Survival Months: 39.58, Risk: -14.6875
	--> Average Speed: 0.04s per batch
	--> Time from Last Check: 1.36s
--> Batch: 99, Loss: 0.4461, Label: 19, Survival Months: 273.83, Risk: -14.1226
	--> Average Speed: 0.04s per batch
	--> Time from Last Check: 1.26s
--> Batch: 149, Loss: 0.0212, Label: 2, Survival Months: 24.17, Risk: -14.9352
	--> Average Speed: 0.04s per batch
	--> Time from Last Check: 1.20s
--> Batch: 199, Loss: 0.0889, Label: 13, Survival Months: 88.67, Risk: -14.6035
	--> Average Speed: 0.05s per batch
	--> Time from Last Check: 1.50s
--> Batch: 249, Loss: 0.0307, Label: 5, Survival Months: 35.08, Risk: -14.8834
	--> Average Speed: 0.05s per batch
	--> Time from Last Check: 1.50s
--> Batch: 299, Loss: 0.2330, Label: 18, Survival Months: 206.92, Risk: -15.6692
	--> Average Speed: 0.05s per batch
	--> Time from Last Check: 1.51s
--> Batch: 349, Loss: 0.0603, Label: 11, Survival Months: 72.92, Risk: -14.9458
	--> Average Speed: 0.05s per batch
	--> Time from Last Check: 1.46s
--> Batch: 399, Loss: 0.0267, Label: 7, Survival Months: 46.17, Risk: -15.5923
	--> Average Speed: 0.05s per batch
	--> Time from Last Check: 1.46s
--> Batch: 449, Loss: 0.0744, Label: 11, Survival Months: 76.25, Risk: -14.4056
	--> Average Speed: 0.04s per batch
	--> Time from Last Check: 1.38s
--> Batch: 499, Loss: 2.4424, Label: 14, Survival Months: 106.00, Risk: -15.2190
	--> Average Speed: 0.04s per batch
	--> Time from Last Check: 1.43s
--> Batch: 549, Loss: 0.0294, Label: 8, Survival Months: 50.00, Risk: -15.8728
	--> Average Speed: 0.05s per batch
	--> Time from Last Check: 1.47s
--> Batch: 599, Loss: 0.1104, Label: 17, Survival Months: 198.75, Risk: -16.3627
	--> Average Speed: 0.04s per batch
	--> Time from Last Check: 1.39s
--> Batch: 649, Loss: 0.0218, Label: 8, Survival Months: 50.83, Risk: -16.4340
	--> Average Speed: 0.04s per batch
	--> Time from Last Check: 1.34s
--> Batch: 699, Loss: 0.1009, Label: 14, Survival Months: 113.58, Risk: -15.0227
	--> Average Speed: 0.04s per batch
	--> Time from Last Check: 1.41s
--> Batch: 749, Loss: 0.0687, Label: 13, Survival Months: 101.58, Risk: -15.5714
	--> Average Speed: 0.04s per batch
	--> Time from Last Check: 1.43s
--> Batch: 799, Loss: 0.0608, Label: 12, Survival Months: 87.58, Risk: -15.4729
	--> Average Speed: 0.03s per batch
	--> Time from Last Check: 0.97s
[10/01/2025 - 03:23:15] - Epoch: 4, lr: 0.00007290, training_loss: 0.3417, training_c_index: 0.6432
[10/01/2025 - 03:23:16] - Epoch: 4, validation_loss: 0.6295, validation_c_index: 0.4927
--> No improvement in validation_loss or validation_c_index for 1 epoch(s)
--> Current BEST Score: 0.4326
	--> validation_loss: 0.6007
	--> best validation_c_index: 0.4927
[10/01/2025 - 03:23:16] - Time elapsed for epoch 4: 24s
[10/01/2025 - 03:23:16] - Epoch: 5
--> Batch: 49, Loss: 0.0599, Label: 12, Survival Months: 88.50, Risk: -15.5235
	--> Average Speed: 0.05s per batch
	--> Time from Last Check: 1.62s
--> Batch: 99, Loss: 0.0619, Label: 13, Survival Months: 97.25, Risk: -15.8464
	--> Average Speed: 0.05s per batch
	--> Time from Last Check: 1.48s
--> Batch: 149, Loss: 0.0053, Label: 0, Survival Months: 0.42, Risk: -15.2272
	--> Average Speed: 0.05s per batch
	--> Time from Last Check: 1.50s
--> Batch: 199, Loss: 3.2684, Label: 11, Survival Months: 71.67, Risk: -15.8215
	--> Average Speed: 0.05s per batch
	--> Time from Last Check: 1.47s
--> Batch: 249, Loss: 0.0186, Label: 6, Survival Months: 38.17, Risk: -16.1130
	--> Average Speed: 0.05s per batch
	--> Time from Last Check: 1.52s
--> Batch: 299, Loss: 0.1515, Label: 15, Survival Months: 134.67, Risk: -14.2250
	--> Average Speed: 0.05s per batch
	--> Time from Last Check: 1.54s
--> Batch: 349, Loss: 0.0874, Label: 16, Survival Months: 155.42, Risk: -16.5889
	--> Average Speed: 0.05s per batch
	--> Time from Last Check: 1.47s
--> Batch: 399, Loss: 0.0167, Label: 3, Survival Months: 30.17, Risk: -16.0004
	--> Average Speed: 0.05s per batch
	--> Time from Last Check: 1.49s
--> Batch: 449, Loss: 0.0408, Label: 9, Survival Months: 53.92, Risk: -15.1191
	--> Average Speed: 0.05s per batch
	--> Time from Last Check: 1.52s
--> Batch: 499, Loss: 0.0747, Label: 10, Survival Months: 60.67, Risk: -13.5626
	--> Average Speed: 0.05s per batch
	--> Time from Last Check: 1.51s
--> Batch: 549, Loss: 0.1193, Label: 12, Survival Months: 83.83, Risk: -13.1111
	--> Average Speed: 0.05s per batch
	--> Time from Last Check: 1.53s
--> Batch: 599, Loss: 0.0343, Label: 3, Survival Months: 29.17, Risk: -13.7482
	--> Average Speed: 0.05s per batch
	--> Time from Last Check: 1.48s
--> Batch: 649, Loss: 0.0258, Label: 6, Survival Months: 39.83, Risk: -15.1923
	--> Average Speed: 0.05s per batch
	--> Time from Last Check: 1.51s
--> Batch: 699, Loss: 0.0134, Label: 1, Survival Months: 2.58, Risk: -14.2547
	--> Average Speed: 0.05s per batch
	--> Time from Last Check: 1.56s
--> Batch: 749, Loss: 0.0310, Label: 9, Survival Months: 55.33, Risk: -15.6160
	--> Average Speed: 0.05s per batch
	--> Time from Last Check: 1.55s
--> Batch: 799, Loss: 0.0169, Label: 5, Survival Months: 35.83, Risk: -16.0300
	--> Average Speed: 0.05s per batch
	--> Time from Last Check: 1.51s
[10/01/2025 - 03:23:42] - Epoch: 5, lr: 0.00006561, training_loss: 0.3324, training_c_index: 0.6749
[10/01/2025 - 03:23:43] - Epoch: 5, validation_loss: 0.6285, validation_c_index: 0.5130
--> New BEST Validation Score: 0.4501, validation_loss: 0.6285, validation_c_index: 0.5130
--> Current BEST Score: 0.4501
	--> validation_loss: 0.6285
	--> best validation_c_index: 0.5130
[10/01/2025 - 03:23:44] - Time elapsed for epoch 5: 27s
[10/01/2025 - 03:23:44] - Epoch: 6
--> Batch: 49, Loss: 0.0160, Label: 5, Survival Months: 36.75, Risk: -16.2163
	--> Average Speed: 0.05s per batch
	--> Time from Last Check: 1.45s
--> Batch: 99, Loss: 3.4342, Label: 13, Survival Months: 93.92, Risk: -16.2139
	--> Average Speed: 0.05s per batch
	--> Time from Last Check: 1.52s
--> Batch: 149, Loss: 0.3594, Label: 19, Survival Months: 275.58, Risk: -16.3195
	--> Average Speed: 0.05s per batch
	--> Time from Last Check: 1.50s
--> Batch: 199, Loss: 0.0568, Label: 11, Survival Months: 76.25, Risk: -15.0344
	--> Average Speed: 0.05s per batch
	--> Time from Last Check: 1.49s
--> Batch: 249, Loss: 0.0254, Label: 5, Survival Months: 35.17, Risk: -15.1639
	--> Average Speed: 0.05s per batch
	--> Time from Last Check: 1.52s
--> Batch: 299, Loss: 0.0834, Label: 15, Survival Months: 126.83, Risk: -16.3454
	--> Average Speed: 0.05s per batch
	--> Time from Last Check: 1.54s
--> Batch: 349, Loss: 0.0144, Label: 7, Survival Months: 43.17, Risk: -16.7411
	--> Average Speed: 0.05s per batch
	--> Time from Last Check: 1.51s
--> Batch: 399, Loss: 0.4179, Label: 19, Survival Months: 333.75, Risk: -14.8189
	--> Average Speed: 0.05s per batch
	--> Time from Last Check: 1.49s
--> Batch: 449, Loss: 0.0598, Label: 14, Survival Months: 110.42, Risk: -16.5455
	--> Average Speed: 0.05s per batch
	--> Time from Last Check: 1.55s
--> Batch: 499, Loss: 0.0222, Label: 5, Survival Months: 35.67, Risk: -15.5167
	--> Average Speed: 0.05s per batch
	--> Time from Last Check: 1.56s
--> Batch: 549, Loss: 0.0348, Label: 6, Survival Months: 41.33, Risk: -14.2496
	--> Average Speed: 0.05s per batch
	--> Time from Last Check: 1.53s
--> Batch: 599, Loss: 0.0653, Label: 15, Survival Months: 135.00, Risk: -16.8825
	--> Average Speed: 0.05s per batch
	--> Time from Last Check: 1.53s
--> Batch: 649, Loss: 0.0735, Label: 16, Survival Months: 164.33, Risk: -17.1671
	--> Average Speed: 0.05s per batch
	--> Time from Last Check: 1.58s
--> Batch: 699, Loss: 0.0604, Label: 16, Survival Months: 170.08, Risk: -17.5340
	--> Average Speed: 0.05s per batch
	--> Time from Last Check: 1.60s
--> Batch: 749, Loss: 0.0272, Label: 13, Survival Months: 93.25, Risk: -17.3999
	--> Average Speed: 0.05s per batch
	--> Time from Last Check: 1.54s
--> Batch: 799, Loss: 0.4113, Label: 19, Survival Months: 536.25, Risk: -15.3312
	--> Average Speed: 0.05s per batch
	--> Time from Last Check: 1.47s
[10/01/2025 - 03:24:09] - Epoch: 6, lr: 0.00005905, training_loss: 0.3086, training_c_index: 0.8039
[10/01/2025 - 03:24:11] - Epoch: 6, validation_loss: 0.6638, validation_c_index: 0.5296
--> New BEST Validation Score: 0.4632, validation_loss: 0.6638, validation_c_index: 0.5296
--> Current BEST Score: 0.4632
	--> validation_loss: 0.6638
	--> best validation_c_index: 0.5296
[10/01/2025 - 03:24:11] - Time elapsed for epoch 6: 28s
[10/01/2025 - 03:24:11] - Epoch: 7
--> Batch: 49, Loss: 0.1139, Label: 17, Survival Months: 190.17, Risk: -16.4736
	--> Average Speed: 0.05s per batch
	--> Time from Last Check: 1.59s
--> Batch: 99, Loss: 0.0224, Label: 9, Survival Months: 52.92, Risk: -16.2251
	--> Average Speed: 0.05s per batch
	--> Time from Last Check: 1.49s
--> Batch: 149, Loss: 0.0648, Label: 14, Survival Months: 102.42, Risk: -16.3154
	--> Average Speed: 0.05s per batch
	--> Time from Last Check: 1.46s
--> Batch: 199, Loss: 0.0192, Label: 9, Survival Months: 56.67, Risk: -16.4309
	--> Average Speed: 0.05s per batch
	--> Time from Last Check: 1.50s
--> Batch: 249, Loss: 2.6109, Label: 12, Survival Months: 86.17, Risk: -13.5519
	--> Average Speed: 0.05s per batch
	--> Time from Last Check: 1.52s
--> Batch: 299, Loss: 0.0343, Label: 7, Survival Months: 45.08, Risk: -14.4668
	--> Average Speed: 0.05s per batch
	--> Time from Last Check: 1.47s
--> Batch: 349, Loss: 0.0068, Label: 0, Survival Months: 0.00, Risk: -13.9968
	--> Average Speed: 0.05s per batch
	--> Time from Last Check: 1.46s
--> Batch: 399, Loss: 0.0152, Label: 7, Survival Months: 43.17, Risk: -16.5238
	--> Average Speed: 0.05s per batch
	--> Time from Last Check: 1.52s
--> Batch: 449, Loss: 0.0043, Label: 0, Survival Months: 0.00, Risk: -15.3178
	--> Average Speed: 0.05s per batch
	--> Time from Last Check: 1.51s
--> Batch: 499, Loss: 0.0271, Label: 12, Survival Months: 86.92, Risk: -17.0958
	--> Average Speed: 0.05s per batch
	--> Time from Last Check: 1.51s
--> Batch: 549, Loss: 0.0018, Label: 0, Survival Months: 0.42, Risk: -17.0642
	--> Average Speed: 0.05s per batch
	--> Time from Last Check: 1.46s
--> Batch: 599, Loss: 0.0267, Label: 12, Survival Months: 80.67, Risk: -17.1954
	--> Average Speed: 0.05s per batch
	--> Time from Last Check: 1.51s
--> Batch: 649, Loss: 0.0633, Label: 14, Survival Months: 113.25, Risk: -16.5114
	--> Average Speed: 0.05s per batch
	--> Time from Last Check: 1.52s
--> Batch: 699, Loss: 0.0053, Label: 5, Survival Months: 34.83, Risk: -17.6845
	--> Average Speed: 0.05s per batch
	--> Time from Last Check: 1.52s
--> Batch: 749, Loss: 0.0584, Label: 15, Survival Months: 126.58, Risk: -17.1656
	--> Average Speed: 0.05s per batch
	--> Time from Last Check: 1.49s
--> Batch: 799, Loss: 0.0206, Label: 13, Survival Months: 95.00, Risk: -17.6533
	--> Average Speed: 0.05s per batch
	--> Time from Last Check: 1.45s
[10/01/2025 - 03:24:36] - Epoch: 7, lr: 0.00005314, training_loss: 0.2879, training_c_index: 0.8740
[10/01/2025 - 03:24:38] - Epoch: 7, validation_loss: 0.7021, validation_c_index: 0.5412
--> New BEST Validation Score: 0.4710, validation_loss: 0.7021, validation_c_index: 0.5412
--> Current BEST Score: 0.4710
	--> validation_loss: 0.7021
	--> best validation_c_index: 0.5412
[10/01/2025 - 03:24:38] - Time elapsed for epoch 7: 27s
[10/01/2025 - 03:24:38] - Epoch: 8
--> Batch: 49, Loss: 2.3129, Label: 11, Survival Months: 76.00, Risk: -9.2251
	--> Average Speed: 0.05s per batch
	--> Time from Last Check: 1.52s
--> Batch: 99, Loss: 0.3005, Label: 19, Survival Months: 309.08, Risk: -17.7347
	--> Average Speed: 0.05s per batch
	--> Time from Last Check: 1.46s
--> Batch: 149, Loss: 0.0402, Label: 11, Survival Months: 67.17, Risk: -15.9425
	--> Average Speed: 0.05s per batch
	--> Time from Last Check: 1.45s
--> Batch: 199, Loss: 0.3579, Label: 19, Survival Months: 272.75, Risk: -17.4411
	--> Average Speed: 0.05s per batch
	--> Time from Last Check: 1.49s
--> Batch: 249, Loss: 0.0233, Label: 8, Survival Months: 50.92, Risk: -15.7112
	--> Average Speed: 0.04s per batch
	--> Time from Last Check: 1.35s
--> Batch: 299, Loss: 0.0187, Label: 8, Survival Months: 48.00, Risk: -16.2561
	--> Average Speed: 0.05s per batch
	--> Time from Last Check: 1.48s
--> Batch: 349, Loss: 0.0633, Label: 10, Survival Months: 63.67, Risk: -14.1436
	--> Average Speed: 0.05s per batch
	--> Time from Last Check: 1.47s
--> Batch: 399, Loss: 0.0147, Label: 10, Survival Months: 58.58, Risk: -17.3411
	--> Average Speed: 0.05s per batch
	--> Time from Last Check: 1.51s
--> Batch: 449, Loss: 0.0180, Label: 11, Survival Months: 68.75, Risk: -17.3629
	--> Average Speed: 0.05s per batch
	--> Time from Last Check: 1.52s
--> Batch: 499, Loss: 0.0795, Label: 10, Survival Months: 62.25, Risk: -13.2612
	--> Average Speed: 0.05s per batch
	--> Time from Last Check: 1.51s
--> Batch: 549, Loss: 0.0201, Label: 12, Survival Months: 81.25, Risk: -17.4824
	--> Average Speed: 0.05s per batch
	--> Time from Last Check: 1.49s
--> Batch: 599, Loss: 0.0231, Label: 12, Survival Months: 87.58, Risk: -17.2154
	--> Average Speed: 0.05s per batch
	--> Time from Last Check: 1.49s
--> Batch: 649, Loss: 2.5073, Label: 16, Survival Months: 146.58, Risk: -16.1898
	--> Average Speed: 0.05s per batch
	--> Time from Last Check: 1.53s
--> Batch: 699, Loss: 0.0010, Label: 0, Survival Months: 0.42, Risk: -17.3689
	--> Average Speed: 0.05s per batch
	--> Time from Last Check: 1.51s
--> Batch: 749, Loss: 0.0215, Label: 13, Survival Months: 92.17, Risk: -17.5791
	--> Average Speed: 0.05s per batch
	--> Time from Last Check: 1.51s
--> Batch: 799, Loss: 0.0228, Label: 10, Survival Months: 62.83, Risk: -16.6082
	--> Average Speed: 0.05s per batch
	--> Time from Last Check: 1.47s
[10/01/2025 - 03:25:03] - Epoch: 8, lr: 0.00004783, training_loss: 0.2757, training_c_index: 0.9127
[10/01/2025 - 03:25:04] - Epoch: 8, validation_loss: 0.7284, validation_c_index: 0.5249
--> No improvement in validation_loss or validation_c_index for 1 epoch(s)
--> Current BEST Score: 0.4710
	--> validation_loss: 0.7021
	--> best validation_c_index: 0.5412
[10/01/2025 - 03:25:04] - Time elapsed for epoch 8: 26s
[10/01/2025 - 03:25:04] - Epoch: 9
--> Batch: 49, Loss: 0.0044, Label: 6, Survival Months: 41.33, Risk: -17.7381
	--> Average Speed: 0.05s per batch
	--> Time from Last Check: 1.69s
--> Batch: 99, Loss: 0.0085, Label: 10, Survival Months: 58.25, Risk: -17.7983
	--> Average Speed: 0.04s per batch
	--> Time from Last Check: 1.27s
--> Batch: 149, Loss: 0.0070, Label: 7, Survival Months: 43.17, Risk: -17.5090
	--> Average Speed: 0.04s per batch
	--> Time from Last Check: 1.32s
--> Batch: 199, Loss: 0.0083, Label: 10, Survival Months: 63.33, Risk: -17.8607
	--> Average Speed: 0.05s per batch
	--> Time from Last Check: 1.49s
--> Batch: 249, Loss: 0.0020, Label: 2, Survival Months: 21.50, Risk: -18.1184
	--> Average Speed: 0.05s per batch
	--> Time from Last Check: 1.50s
--> Batch: 299, Loss: 0.0305, Label: 14, Survival Months: 113.58, Risk: -17.7440
	--> Average Speed: 0.05s per batch
	--> Time from Last Check: 1.47s
--> Batch: 349, Loss: 0.0720, Label: 17, Survival Months: 185.08, Risk: -17.6718
	--> Average Speed: 0.05s per batch
	--> Time from Last Check: 1.46s
--> Batch: 399, Loss: 0.0681, Label: 11, Survival Months: 73.17, Risk: -14.4380
	--> Average Speed: 0.05s per batch
	--> Time from Last Check: 1.52s
--> Batch: 449, Loss: 0.0089, Label: 4, Survival Months: 33.33, Risk: -16.9665
	--> Average Speed: 0.05s per batch
	--> Time from Last Check: 1.51s
--> Batch: 499, Loss: 0.0273, Label: 13, Survival Months: 93.25, Risk: -17.2696
	--> Average Speed: 0.05s per batch
	--> Time from Last Check: 1.48s
--> Batch: 549, Loss: 0.0662, Label: 17, Survival Months: 186.33, Risk: -17.8974
	--> Average Speed: 0.05s per batch
	--> Time from Last Check: 1.45s
--> Batch: 599, Loss: 0.0098, Label: 8, Survival Months: 50.50, Risk: -17.3630
	--> Average Speed: 0.05s per batch
	--> Time from Last Check: 1.47s
--> Batch: 649, Loss: 0.1072, Label: 15, Survival Months: 128.92, Risk: -15.6021
	--> Average Speed: 0.05s per batch
	--> Time from Last Check: 1.51s
--> Batch: 699, Loss: 0.0720, Label: 16, Survival Months: 169.42, Risk: -17.4226
	--> Average Speed: 0.05s per batch
	--> Time from Last Check: 1.54s
--> Batch: 749, Loss: 0.0089, Label: 7, Survival Months: 45.00, Risk: -17.1855
	--> Average Speed: 0.05s per batch
	--> Time from Last Check: 1.46s
--> Batch: 799, Loss: 0.0069, Label: 8, Survival Months: 49.00, Risk: -17.6355
	--> Average Speed: 0.05s per batch
	--> Time from Last Check: 1.49s
[10/01/2025 - 03:25:29] - Epoch: 9, lr: 0.00004305, training_loss: 0.2582, training_c_index: 0.9375
[10/01/2025 - 03:25:31] - Epoch: 9, validation_loss: 0.7411, validation_c_index: 0.5385
--> No improvement in validation_loss or validation_c_index for 2 epoch(s)
--> Current BEST Score: 0.4710
	--> validation_loss: 0.7021
	--> best validation_c_index: 0.5412
[10/01/2025 - 03:25:31] - Time elapsed for epoch 9: 26s
[10/01/2025 - 03:25:31] - Epoch: 10
--> Batch: 49, Loss: 0.0151, Label: 12, Survival Months: 81.00, Risk: -17.7004
	--> Average Speed: 0.05s per batch
	--> Time from Last Check: 1.52s
--> Batch: 99, Loss: 0.0025, Label: 2, Survival Months: 21.00, Risk: -17.7895
	--> Average Speed: 0.05s per batch
	--> Time from Last Check: 1.49s
--> Batch: 149, Loss: 0.0028, Label: 3, Survival Months: 30.92, Risk: -17.9607
	--> Average Speed: 0.05s per batch
	--> Time from Last Check: 1.50s
--> Batch: 199, Loss: 0.0185, Label: 13, Survival Months: 94.83, Risk: -17.7165
	--> Average Speed: 0.05s per batch
	--> Time from Last Check: 1.52s
--> Batch: 249, Loss: 0.0262, Label: 14, Survival Months: 108.50, Risk: -17.8393
	--> Average Speed: 0.05s per batch
	--> Time from Last Check: 1.50s
--> Batch: 299, Loss: 0.0093, Label: 8, Survival Months: 51.33, Risk: -17.1868
	--> Average Speed: 0.05s per batch
	--> Time from Last Check: 1.48s
--> Batch: 349, Loss: 0.0051, Label: 5, Survival Months: 37.58, Risk: -17.5226
	--> Average Speed: 0.05s per batch
	--> Time from Last Check: 1.55s
--> Batch: 399, Loss: 0.0087, Label: 7, Survival Months: 44.17, Risk: -17.1598
	--> Average Speed: 0.04s per batch
	--> Time from Last Check: 1.42s
--> Batch: 449, Loss: 0.0104, Label: 8, Survival Months: 47.83, Risk: -17.0460
	--> Average Speed: 0.05s per batch
	--> Time from Last Check: 1.49s
--> Batch: 499, Loss: 0.0156, Label: 4, Survival Months: 34.33, Risk: -15.7909
	--> Average Speed: 0.05s per batch
	--> Time from Last Check: 1.49s
--> Batch: 549, Loss: 0.0190, Label: 3, Survival Months: 29.83, Risk: -14.9630
	--> Average Speed: 0.05s per batch
	--> Time from Last Check: 1.47s
--> Batch: 599, Loss: 0.0070, Label: 9, Survival Months: 52.00, Risk: -17.6128
	--> Average Speed: 0.05s per batch
	--> Time from Last Check: 1.50s
--> Batch: 649, Loss: 0.0125, Label: 11, Survival Months: 76.00, Risk: -17.6117
	--> Average Speed: 0.05s per batch
	--> Time from Last Check: 1.51s
--> Batch: 699, Loss: 0.0036, Label: 5, Survival Months: 35.67, Risk: -17.8720
	--> Average Speed: 0.05s per batch
	--> Time from Last Check: 1.51s
--> Batch: 749, Loss: 0.0040, Label: 11, Survival Months: 76.25, Risk: -18.4057
	--> Average Speed: 0.05s per batch
	--> Time from Last Check: 1.44s
--> Batch: 799, Loss: 0.0031, Label: 6, Survival Months: 39.00, Risk: -17.8899
	--> Average Speed: 0.05s per batch
	--> Time from Last Check: 1.48s
[10/01/2025 - 03:25:56] - Epoch: 10, lr: 0.00003874, training_loss: 0.2484, training_c_index: 0.9451
[10/01/2025 - 03:25:57] - Epoch: 10, validation_loss: 0.8116, validation_c_index: 0.5306
--> No improvement in validation_loss or validation_c_index for 3 epoch(s)
--> Current BEST Score: 0.4710
	--> validation_loss: 0.7021
	--> best validation_c_index: 0.5412
[10/01/2025 - 03:25:57] - Time elapsed for epoch 10: 26s
[10/01/2025 - 03:25:57] - Epoch: 11
--> Batch: 49, Loss: 0.0413, Label: 16, Survival Months: 162.33, Risk: -18.0647
	--> Average Speed: 0.05s per batch
	--> Time from Last Check: 1.72s
--> Batch: 99, Loss: 0.0041, Label: 8, Survival Months: 47.92, Risk: -17.9379
	--> Average Speed: 0.05s per batch
	--> Time from Last Check: 1.46s
--> Batch: 149, Loss: 0.1630, Label: 18, Survival Months: 216.33, Risk: -18.1099
	--> Average Speed: 0.05s per batch
	--> Time from Last Check: 1.50s
--> Batch: 199, Loss: 0.0601, Label: 13, Survival Months: 93.33, Risk: -15.6185
	--> Average Speed: 0.05s per batch
	--> Time from Last Check: 1.52s
--> Batch: 249, Loss: 0.0054, Label: 10, Survival Months: 65.25, Risk: -18.0489
	--> Average Speed: 0.05s per batch
	--> Time from Last Check: 1.54s
--> Batch: 299, Loss: 0.0113, Label: 13, Survival Months: 96.33, Risk: -18.0125
	--> Average Speed: 0.05s per batch
	--> Time from Last Check: 1.50s
--> Batch: 349, Loss: 0.0009, Label: 1, Survival Months: 7.67, Risk: -17.8864
	--> Average Speed: 0.05s per batch
	--> Time from Last Check: 1.51s
--> Batch: 399, Loss: 0.0153, Label: 9, Survival Months: 54.92, Risk: -16.3925
	--> Average Speed: 0.05s per batch
	--> Time from Last Check: 1.50s
--> Batch: 449, Loss: 0.0047, Label: 3, Survival Months: 31.25, Risk: -17.3652
	--> Average Speed: 0.05s per batch
	--> Time from Last Check: 1.52s
--> Batch: 499, Loss: 0.0043, Label: 5, Survival Months: 37.08, Risk: -17.4674
	--> Average Speed: 0.05s per batch
	--> Time from Last Check: 1.50s
--> Batch: 549, Loss: 0.0265, Label: 12, Survival Months: 85.42, Risk: -16.6931
	--> Average Speed: 0.05s per batch
	--> Time from Last Check: 1.52s
--> Batch: 599, Loss: 0.0022, Label: 8, Survival Months: 48.08, Risk: -18.1658
	--> Average Speed: 0.05s per batch
	--> Time from Last Check: 1.53s
--> Batch: 649, Loss: 0.0048, Label: 10, Survival Months: 58.92, Risk: -17.9054
	--> Average Speed: 0.05s per batch
	--> Time from Last Check: 1.54s
--> Batch: 699, Loss: 0.0019, Label: 7, Survival Months: 43.17, Risk: -18.1354
	--> Average Speed: 0.05s per batch
	--> Time from Last Check: 1.47s
--> Batch: 749, Loss: 0.0055, Label: 10, Survival Months: 62.67, Risk: -17.8475
	--> Average Speed: 0.05s per batch
	--> Time from Last Check: 1.48s
--> Batch: 799, Loss: 0.0052, Label: 9, Survival Months: 53.75, Risk: -17.7506
	--> Average Speed: 0.05s per batch
	--> Time from Last Check: 1.52s
[10/01/2025 - 03:26:23] - Epoch: 11, lr: 0.00003487, training_loss: 0.2431, training_c_index: 0.9540
[10/01/2025 - 03:26:24] - Epoch: 11, validation_loss: 0.8287, validation_c_index: 0.5252
--> No improvement in validation_loss or validation_c_index for 4 epoch(s)
--> Current BEST Score: 0.4710
	--> validation_loss: 0.7021
	--> best validation_c_index: 0.5412
[10/01/2025 - 03:26:24] - Time elapsed for epoch 11: 27s
[10/01/2025 - 03:26:24] - Epoch: 12
--> Batch: 49, Loss: 1.8431, Label: 1, Survival Months: 9.67, Risk: -6.3961
	--> Average Speed: 0.04s per batch
	--> Time from Last Check: 1.26s
--> Batch: 99, Loss: 0.0032, Label: 6, Survival Months: 42.58, Risk: -17.8151
	--> Average Speed: 0.05s per batch
	--> Time from Last Check: 1.48s
--> Batch: 149, Loss: 0.0023, Label: 7, Survival Months: 44.00, Risk: -18.2008
	--> Average Speed: 0.05s per batch
	--> Time from Last Check: 1.52s
--> Batch: 199, Loss: 0.0504, Label: 16, Survival Months: 158.58, Risk: -17.9968
	--> Average Speed: 0.05s per batch
	--> Time from Last Check: 1.53s
--> Batch: 249, Loss: 0.0046, Label: 10, Survival Months: 63.42, Risk: -18.2869
	--> Average Speed: 0.05s per batch
	--> Time from Last Check: 1.54s
--> Batch: 299, Loss: 1.4359, Label: 18, Survival Months: 255.25, Risk: -18.2431
	--> Average Speed: 0.05s per batch
	--> Time from Last Check: 1.52s
--> Batch: 349, Loss: 0.0017, Label: 4, Survival Months: 33.17, Risk: -18.3370
	--> Average Speed: 0.05s per batch
	--> Time from Last Check: 1.52s
--> Batch: 399, Loss: 2.7747, Label: 4, Survival Months: 32.08, Risk: -8.2107
	--> Average Speed: 0.05s per batch
	--> Time from Last Check: 1.50s
--> Batch: 449, Loss: 0.0042, Label: 5, Survival Months: 36.17, Risk: -17.6878
	--> Average Speed: 0.05s per batch
	--> Time from Last Check: 1.53s
--> Batch: 499, Loss: 0.0059, Label: 12, Survival Months: 86.92, Risk: -18.3643
	--> Average Speed: 0.05s per batch
	--> Time from Last Check: 1.50s
--> Batch: 549, Loss: 0.0023, Label: 9, Survival Months: 57.42, Risk: -18.3194
	--> Average Speed: 0.05s per batch
	--> Time from Last Check: 1.45s
--> Batch: 599, Loss: 0.0004, Label: 0, Survival Months: 0.00, Risk: -17.9768
	--> Average Speed: 0.05s per batch
	--> Time from Last Check: 1.52s
--> Batch: 649, Loss: 0.0067, Label: 7, Survival Months: 46.92, Risk: -17.2228
	--> Average Speed: 0.05s per batch
	--> Time from Last Check: 1.49s
--> Batch: 699, Loss: 0.0011, Label: 7, Survival Months: 46.83, Risk: -18.4968
	--> Average Speed: 0.04s per batch
	--> Time from Last Check: 1.40s
--> Batch: 749, Loss: 0.2883, Label: 19, Survival Months: 275.58, Risk: -18.1590
	--> Average Speed: 0.05s per batch
	--> Time from Last Check: 1.49s
--> Batch: 799, Loss: 0.0073, Label: 12, Survival Months: 81.17, Risk: -18.1041
	--> Average Speed: 0.05s per batch
	--> Time from Last Check: 1.51s
[10/01/2025 - 03:26:49] - Epoch: 12, lr: 0.00003138, training_loss: 0.2334, training_c_index: 0.9572
[10/01/2025 - 03:26:50] - Epoch: 12, validation_loss: 0.8554, validation_c_index: 0.5379
--> No improvement in validation_loss or validation_c_index for 5 epoch(s)
--> Current BEST Score: 0.4710
	--> validation_loss: 0.7021
	--> best validation_c_index: 0.5412
[10/01/2025 - 03:26:50] - Time elapsed for epoch 12: 26s
[10/01/2025 - 03:26:50] - Epoch: 13
--> Batch: 49, Loss: 0.3406, Label: 19, Survival Months: 268.83, Risk: -17.8786
	--> Average Speed: 0.04s per batch
	--> Time from Last Check: 1.16s
--> Batch: 99, Loss: 0.0002, Label: 0, Survival Months: 0.00, Risk: -18.3416
	--> Average Speed: 0.03s per batch
	--> Time from Last Check: 0.88s
--> Batch: 149, Loss: 0.0181, Label: 7, Survival Months: 44.17, Risk: -15.7863
	--> Average Speed: 0.03s per batch
	--> Time from Last Check: 0.88s
--> Batch: 199, Loss: 0.1621, Label: 18, Survival Months: 257.58, Risk: -18.0926
	--> Average Speed: 0.04s per batch
	--> Time from Last Check: 1.40s
--> Batch: 249, Loss: 0.0017, Label: 3, Survival Months: 27.67, Risk: -18.0061
	--> Average Speed: 0.05s per batch
	--> Time from Last Check: 1.52s
--> Batch: 299, Loss: 0.0211, Label: 9, Survival Months: 54.83, Risk: -15.6785
	--> Average Speed: 0.05s per batch
	--> Time from Last Check: 1.52s
--> Batch: 349, Loss: 0.0010, Label: 6, Survival Months: 41.33, Risk: -18.3814
	--> Average Speed: 0.05s per batch
	--> Time from Last Check: 1.51s
--> Batch: 399, Loss: 0.0042, Label: 10, Survival Months: 63.92, Risk: -18.1329
	--> Average Speed: 0.05s per batch
	--> Time from Last Check: 1.53s
--> Batch: 449, Loss: 0.0009, Label: 3, Survival Months: 30.42, Risk: -18.4881
	--> Average Speed: 0.05s per batch
	--> Time from Last Check: 1.52s
--> Batch: 499, Loss: 0.0013, Label: 4, Survival Months: 31.83, Risk: -18.2811
	--> Average Speed: 0.05s per batch
	--> Time from Last Check: 1.52s
--> Batch: 549, Loss: 0.0078, Label: 11, Survival Months: 77.92, Risk: -17.7836
	--> Average Speed: 0.05s per batch
	--> Time from Last Check: 1.50s
--> Batch: 599, Loss: 0.1304, Label: 18, Survival Months: 220.83, Risk: -18.5122
	--> Average Speed: 0.05s per batch
	--> Time from Last Check: 1.54s
--> Batch: 649, Loss: 0.0020, Label: 5, Survival Months: 37.50, Risk: -18.0113
	--> Average Speed: 0.05s per batch
	--> Time from Last Check: 1.49s
--> Batch: 699, Loss: 0.0001, Label: 0, Survival Months: 0.83, Risk: -18.4762
	--> Average Speed: 0.05s per batch
	--> Time from Last Check: 1.47s
--> Batch: 749, Loss: 0.0017, Label: 6, Survival Months: 42.00, Risk: -18.1788
	--> Average Speed: 0.05s per batch
	--> Time from Last Check: 1.56s
--> Batch: 799, Loss: 0.0222, Label: 15, Survival Months: 140.25, Risk: -18.2867
	--> Average Speed: 0.05s per batch
	--> Time from Last Check: 1.52s
[10/01/2025 - 03:27:14] - Epoch: 13, lr: 0.00002824, training_loss: 0.2290, training_c_index: 0.9659
[10/01/2025 - 03:27:15] - Epoch: 13, validation_loss: 0.8697, validation_c_index: 0.5146
--> No improvement in validation_loss or validation_c_index for 6 epoch(s)
--> Current BEST Score: 0.4710
	--> validation_loss: 0.7021
	--> best validation_c_index: 0.5412
[10/01/2025 - 03:27:15] - Time elapsed for epoch 13: 25s
[10/01/2025 - 03:27:15] - Epoch: 14
--> Batch: 49, Loss: 0.0074, Label: 13, Survival Months: 101.00, Risk: -18.1539
	--> Average Speed: 0.03s per batch
	--> Time from Last Check: 1.08s
--> Batch: 99, Loss: 0.0005, Label: 0, Survival Months: 0.92, Risk: -17.7284
	--> Average Speed: 0.03s per batch
	--> Time from Last Check: 1.05s
--> Batch: 149, Loss: 2.3609, Label: 15, Survival Months: 139.42, Risk: -7.8871
	--> Average Speed: 0.05s per batch
	--> Time from Last Check: 1.48s
--> Batch: 199, Loss: 0.0015, Label: 9, Survival Months: 54.67, Risk: -18.4275
	--> Average Speed: 0.05s per batch
	--> Time from Last Check: 1.50s
--> Batch: 249, Loss: 2.4642, Label: 3, Survival Months: 30.17, Risk: -9.4275
	--> Average Speed: 0.04s per batch
	--> Time from Last Check: 1.15s
--> Batch: 299, Loss: 0.0185, Label: 15, Survival Months: 139.42, Risk: -18.4205
	--> Average Speed: 0.03s per batch
	--> Time from Last Check: 0.90s
--> Batch: 349, Loss: 0.0406, Label: 17, Survival Months: 190.17, Risk: -18.2926
	--> Average Speed: 0.03s per batch
	--> Time from Last Check: 0.86s
--> Batch: 399, Loss: 0.0091, Label: 13, Survival Months: 96.42, Risk: -18.0626
	--> Average Speed: 0.04s per batch
	--> Time from Last Check: 1.17s
--> Batch: 449, Loss: 0.0136, Label: 14, Survival Months: 109.83, Risk: -18.2670
	--> Average Speed: 0.05s per batch
	--> Time from Last Check: 1.45s
--> Batch: 499, Loss: 0.0011, Label: 6, Survival Months: 38.92, Risk: -18.2741
	--> Average Speed: 0.05s per batch
	--> Time from Last Check: 1.52s
--> Batch: 549, Loss: 1.8506, Label: 2, Survival Months: 18.92, Risk: -6.1539
	--> Average Speed: 0.05s per batch
	--> Time from Last Check: 1.52s
--> Batch: 599, Loss: 0.0056, Label: 13, Survival Months: 95.83, Risk: -18.2794
	--> Average Speed: 0.05s per batch
	--> Time from Last Check: 1.51s
--> Batch: 649, Loss: 0.0017, Label: 8, Survival Months: 50.50, Risk: -18.2436
	--> Average Speed: 0.05s per batch
	--> Time from Last Check: 1.52s
--> Batch: 699, Loss: 0.0215, Label: 15, Survival Months: 130.08, Risk: -18.2588
	--> Average Speed: 0.05s per batch
	--> Time from Last Check: 1.51s
--> Batch: 749, Loss: 0.0094, Label: 14, Survival Months: 117.42, Risk: -18.4682
	--> Average Speed: 0.05s per batch
	--> Time from Last Check: 1.45s
--> Batch: 799, Loss: 0.0005, Label: 3, Survival Months: 29.00, Risk: -18.4659
	--> Average Speed: 0.04s per batch
	--> Time from Last Check: 1.24s
[10/01/2025 - 03:27:37] - Epoch: 14, lr: 0.00002542, training_loss: 0.2250, training_c_index: 0.9633
[10/01/2025 - 03:27:39] - Epoch: 14, validation_loss: 0.9263, validation_c_index: 0.5203
--> No improvement in validation_loss or validation_c_index for 7 epoch(s)
--> Current BEST Score: 0.4710
	--> validation_loss: 0.7021
	--> best validation_c_index: 0.5412
[10/01/2025 - 03:27:39] - Time elapsed for epoch 14: 24s
[10/01/2025 - 03:27:39] - Epoch: 15
--> Batch: 49, Loss: 0.0007, Label: 5, Survival Months: 36.75, Risk: -18.5082
	--> Average Speed: 0.05s per batch
	--> Time from Last Check: 1.54s
--> Batch: 99, Loss: 0.0336, Label: 17, Survival Months: 182.58, Risk: -18.5198
	--> Average Speed: 0.05s per batch
	--> Time from Last Check: 1.52s
--> Batch: 149, Loss: 0.0011, Label: 3, Survival Months: 30.00, Risk: -18.2356
	--> Average Speed: 0.05s per batch
	--> Time from Last Check: 1.48s
--> Batch: 199, Loss: 0.0428, Label: 17, Survival Months: 194.17, Risk: -18.4115
	--> Average Speed: 0.04s per batch
	--> Time from Last Check: 1.42s
--> Batch: 249, Loss: 0.0344, Label: 16, Survival Months: 154.42, Risk: -18.3156
	--> Average Speed: 0.05s per batch
	--> Time from Last Check: 1.50s
--> Batch: 299, Loss: 0.0010, Label: 2, Survival Months: 25.33, Risk: -18.2169
	--> Average Speed: 0.05s per batch
	--> Time from Last Check: 1.52s
--> Batch: 349, Loss: 0.0002, Label: 1, Survival Months: 6.00, Risk: -18.4948
	--> Average Speed: 0.05s per batch
	--> Time from Last Check: 1.51s
--> Batch: 399, Loss: 0.0025, Label: 11, Survival Months: 73.17, Risk: -18.4689
	--> Average Speed: 0.05s per batch
	--> Time from Last Check: 1.51s
--> Batch: 449, Loss: 2.1259, Label: 12, Survival Months: 82.58, Risk: -7.7310
	--> Average Speed: 0.05s per batch
	--> Time from Last Check: 1.52s
--> Batch: 499, Loss: 0.0035, Label: 13, Survival Months: 93.25, Risk: -18.5344
	--> Average Speed: 0.05s per batch
	--> Time from Last Check: 1.51s
--> Batch: 549, Loss: 0.0055, Label: 11, Survival Months: 73.17, Risk: -17.9933
	--> Average Speed: 0.05s per batch
	--> Time from Last Check: 1.53s
--> Batch: 599, Loss: 0.0006, Label: 7, Survival Months: 44.33, Risk: -18.5637
	--> Average Speed: 0.05s per batch
	--> Time from Last Check: 1.55s
--> Batch: 649, Loss: 0.0166, Label: 15, Survival Months: 131.17, Risk: -18.5555
	--> Average Speed: 0.05s per batch
	--> Time from Last Check: 1.51s
--> Batch: 699, Loss: 0.0005, Label: 4, Survival Months: 34.33, Risk: -18.5628
	--> Average Speed: 0.05s per batch
	--> Time from Last Check: 1.52s
--> Batch: 749, Loss: 0.0819, Label: 6, Survival Months: 42.42, Risk: -10.1351
	--> Average Speed: 0.05s per batch
	--> Time from Last Check: 1.49s
--> Batch: 799, Loss: 0.0010, Label: 7, Survival Months: 47.25, Risk: -18.3624
	--> Average Speed: 0.05s per batch
	--> Time from Last Check: 1.53s
[10/01/2025 - 03:28:04] - Epoch: 15, lr: 0.00002288, training_loss: 0.2217, training_c_index: 0.9629
[10/01/2025 - 03:28:06] - Epoch: 15, validation_loss: 0.9379, validation_c_index: 0.5252
--> No improvement in validation_loss or validation_c_index for 8 epoch(s)
--> Current BEST Score: 0.4710
	--> validation_loss: 0.7021
	--> best validation_c_index: 0.5412
[10/01/2025 - 03:28:06] - Time elapsed for epoch 15: 27s
[10/01/2025 - 03:28:06] - Epoch: 16
--> Batch: 49, Loss: 0.2845, Label: 19, Survival Months: 268.83, Risk: -18.5641
	--> Average Speed: 0.04s per batch
	--> Time from Last Check: 1.38s
--> Batch: 99, Loss: 0.3104, Label: 19, Survival Months: 273.83, Risk: -18.2674
	--> Average Speed: 0.05s per batch
	--> Time from Last Check: 1.49s
--> Batch: 149, Loss: 0.0001, Label: 1, Survival Months: 2.58, Risk: -18.5882
	--> Average Speed: 0.05s per batch
	--> Time from Last Check: 1.52s
--> Batch: 199, Loss: 0.2872, Label: 19, Survival Months: 280.33, Risk: -18.4979
	--> Average Speed: 0.05s per batch
	--> Time from Last Check: 1.52s
--> Batch: 249, Loss: 0.0004, Label: 1, Survival Months: 13.50, Risk: -18.0556
	--> Average Speed: 0.05s per batch
	--> Time from Last Check: 1.57s
--> Batch: 299, Loss: 0.0007, Label: 3, Survival Months: 30.92, Risk: -18.4299
	--> Average Speed: 0.05s per batch
	--> Time from Last Check: 1.54s
--> Batch: 349, Loss: 0.0015, Label: 2, Survival Months: 24.42, Risk: -17.7734
	--> Average Speed: 0.05s per batch
	--> Time from Last Check: 1.45s
--> Batch: 399, Loss: 2.0673, Label: 12, Survival Months: 83.67, Risk: -7.8226
	--> Average Speed: 0.05s per batch
	--> Time from Last Check: 1.58s
--> Batch: 449, Loss: 0.0005, Label: 3, Survival Months: 31.25, Risk: -18.5950
	--> Average Speed: 0.05s per batch
	--> Time from Last Check: 1.59s
--> Batch: 499, Loss: 0.3081, Label: 19, Survival Months: 327.33, Risk: -18.4126
	--> Average Speed: 0.05s per batch
	--> Time from Last Check: 1.52s
--> Batch: 549, Loss: 0.0044, Label: 6, Survival Months: 42.58, Risk: -17.2442
	--> Average Speed: 0.05s per batch
	--> Time from Last Check: 1.50s
--> Batch: 599, Loss: 0.0004, Label: 6, Survival Months: 39.75, Risk: -18.5421
	--> Average Speed: 0.05s per batch
	--> Time from Last Check: 1.48s
--> Batch: 649, Loss: 0.0016, Label: 7, Survival Months: 45.50, Risk: -18.0551
	--> Average Speed: 0.05s per batch
	--> Time from Last Check: 1.52s
--> Batch: 699, Loss: 0.0005, Label: 9, Survival Months: 54.92, Risk: -18.6668
	--> Average Speed: 0.05s per batch
	--> Time from Last Check: 1.50s
--> Batch: 749, Loss: 0.0062, Label: 9, Survival Months: 53.25, Risk: -17.2069
	--> Average Speed: 0.05s per batch
	--> Time from Last Check: 1.55s
--> Batch: 799, Loss: 0.0030, Label: 1, Survival Months: 4.25, Risk: -16.1433
	--> Average Speed: 0.05s per batch
	--> Time from Last Check: 1.58s
[10/01/2025 - 03:28:31] - Epoch: 16, lr: 0.00002059, training_loss: 0.2124, training_c_index: 0.9662
[10/01/2025 - 03:28:33] - Epoch: 16, validation_loss: 0.9666, validation_c_index: 0.5110
--> No improvement in validation_loss or validation_c_index for 9 epoch(s)
--> Current BEST Score: 0.4710
	--> validation_loss: 0.7021
	--> best validation_c_index: 0.5412
[10/01/2025 - 03:28:33] - Time elapsed for epoch 16: 27s
[10/01/2025 - 03:28:33] - Epoch: 17
--> Batch: 49, Loss: 0.0036, Label: 13, Survival Months: 96.92, Risk: -18.4805
	--> Average Speed: 0.04s per batch
	--> Time from Last Check: 1.23s
--> Batch: 99, Loss: 0.1287, Label: 18, Survival Months: 216.33, Risk: -18.6336
	--> Average Speed: 0.05s per batch
	--> Time from Last Check: 1.48s
--> Batch: 149, Loss: 0.0312, Label: 17, Survival Months: 187.92, Risk: -18.5526
	--> Average Speed: 0.05s per batch
	--> Time from Last Check: 1.48s
--> Batch: 199, Loss: 0.0127, Label: 9, Survival Months: 54.92, Risk: -16.2657
	--> Average Speed: 0.04s per batch
	--> Time from Last Check: 1.44s
--> Batch: 249, Loss: 0.0023, Label: 11, Survival Months: 67.17, Risk: -18.3360
	--> Average Speed: 0.05s per batch
	--> Time from Last Check: 1.45s
--> Batch: 299, Loss: 0.0001, Label: 1, Survival Months: 5.83, Risk: -18.4474
	--> Average Speed: 0.05s per batch
	--> Time from Last Check: 1.49s
--> Batch: 349, Loss: 0.0115, Label: 14, Survival Months: 102.42, Risk: -18.3509
	--> Average Speed: 0.04s per batch
	--> Time from Last Check: 1.29s
--> Batch: 399, Loss: 0.3216, Label: 19, Survival Months: 362.83, Risk: -18.2115
	--> Average Speed: 0.05s per batch
	--> Time from Last Check: 1.48s
--> Batch: 449, Loss: 0.0002, Label: 1, Survival Months: 2.83, Risk: -18.3064
	--> Average Speed: 0.05s per batch
	--> Time from Last Check: 1.51s
--> Batch: 499, Loss: 0.0004, Label: 6, Survival Months: 39.75, Risk: -18.4805
	--> Average Speed: 0.05s per batch
	--> Time from Last Check: 1.46s
--> Batch: 549, Loss: 0.0011, Label: 1, Survival Months: 14.00, Risk: -17.0672
	--> Average Speed: 0.05s per batch
	--> Time from Last Check: 1.50s
--> Batch: 599, Loss: 0.0003, Label: 2, Survival Months: 24.50, Risk: -18.3525
	--> Average Speed: 0.04s per batch
	--> Time from Last Check: 1.22s
--> Batch: 649, Loss: 0.0005, Label: 6, Survival Months: 39.75, Risk: -18.4296
	--> Average Speed: 0.05s per batch
	--> Time from Last Check: 1.49s
--> Batch: 699, Loss: 0.0001, Label: 0, Survival Months: 0.75, Risk: -18.1612
	--> Average Speed: 0.05s per batch
	--> Time from Last Check: 1.50s
--> Batch: 749, Loss: 0.0007, Label: 6, Survival Months: 40.67, Risk: -18.3858
	--> Average Speed: 0.04s per batch
	--> Time from Last Check: 1.41s
--> Batch: 799, Loss: 1.7539, Label: 14, Survival Months: 117.58, Risk: -10.5328
	--> Average Speed: 0.04s per batch
	--> Time from Last Check: 1.43s
[10/01/2025 - 03:28:57] - Epoch: 17, lr: 0.00001853, training_loss: 0.2154, training_c_index: 0.9677
[10/01/2025 - 03:28:58] - Epoch: 17, validation_loss: 0.9880, validation_c_index: 0.5076
--> No improvement in validation_loss or validation_c_index for 10 epoch(s)
--> Current BEST Score: 0.4710
	--> validation_loss: 0.7021
	--> best validation_c_index: 0.5412
[10/01/2025 - 03:28:58] - Time elapsed for epoch 17: 26s
[10/01/2025 - 03:28:58] - Epoch: 18
--> Batch: 49, Loss: 0.0015, Label: 3, Survival Months: 30.00, Risk: -18.1382
	--> Average Speed: 0.05s per batch
	--> Time from Last Check: 1.70s
--> Batch: 99, Loss: 0.0024, Label: 5, Survival Months: 37.25, Risk: -17.7823
	--> Average Speed: 0.05s per batch
	--> Time from Last Check: 1.49s
--> Batch: 149, Loss: 1.4778, Label: 2, Survival Months: 18.67, Risk: -1.4711
	--> Average Speed: 0.05s per batch
	--> Time from Last Check: 1.51s
--> Batch: 199, Loss: 0.0031, Label: 13, Survival Months: 94.83, Risk: -18.6365
	--> Average Speed: 0.04s per batch
	--> Time from Last Check: 1.41s
--> Batch: 249, Loss: 0.0008, Label: 9, Survival Months: 52.75, Risk: -18.4667
	--> Average Speed: 0.05s per batch
	--> Time from Last Check: 1.52s
--> Batch: 299, Loss: 0.0003, Label: 4, Survival Months: 33.50, Risk: -18.7549
	--> Average Speed: 0.05s per batch
	--> Time from Last Check: 1.52s
--> Batch: 349, Loss: 0.0007, Label: 5, Survival Months: 35.33, Risk: -18.2767
	--> Average Speed: 0.04s per batch
	--> Time from Last Check: 1.17s
--> Batch: 399, Loss: 0.0574, Label: 17, Survival Months: 179.58, Risk: -18.2015
	--> Average Speed: 0.05s per batch
	--> Time from Last Check: 1.51s
--> Batch: 449, Loss: 0.0006, Label: 6, Survival Months: 38.92, Risk: -18.4185
	--> Average Speed: 0.05s per batch
	--> Time from Last Check: 1.50s
--> Batch: 499, Loss: 0.0017, Label: 9, Survival Months: 53.25, Risk: -18.2211
	--> Average Speed: 0.05s per batch
	--> Time from Last Check: 1.45s
--> Batch: 549, Loss: 0.0007, Label: 7, Survival Months: 45.08, Risk: -18.4987
	--> Average Speed: 0.05s per batch
	--> Time from Last Check: 1.50s
--> Batch: 599, Loss: 0.0004, Label: 8, Survival Months: 51.17, Risk: -18.7313
	--> Average Speed: 0.05s per batch
	--> Time from Last Check: 1.49s
--> Batch: 649, Loss: 0.0348, Label: 16, Survival Months: 165.67, Risk: -18.3938
	--> Average Speed: 0.05s per batch
	--> Time from Last Check: 1.51s
--> Batch: 699, Loss: 2.0408, Label: 12, Survival Months: 79.92, Risk: -9.3922
	--> Average Speed: 0.05s per batch
	--> Time from Last Check: 1.51s
--> Batch: 749, Loss: 1.2933, Label: 18, Survival Months: 247.08, Risk: -18.6579
	--> Average Speed: 0.05s per batch
	--> Time from Last Check: 1.50s
--> Batch: 799, Loss: 0.0010, Label: 4, Survival Months: 32.58, Risk: -18.2803
	--> Average Speed: 0.05s per batch
	--> Time from Last Check: 1.50s
[10/01/2025 - 03:29:23] - Epoch: 18, lr: 0.00001668, training_loss: 0.2079, training_c_index: 0.9679
[10/01/2025 - 03:29:25] - Epoch: 18, validation_loss: 0.9971, validation_c_index: 0.5007
--> No improvement in validation_loss or validation_c_index for 11 epoch(s)
--> Current BEST Score: 0.4710
	--> validation_loss: 0.7021
	--> best validation_c_index: 0.5412
[10/01/2025 - 03:29:25] - Time elapsed for epoch 18: 26s
[10/01/2025 - 03:29:25] - Epoch: 19
--> Batch: 49, Loss: 0.0004, Label: 3, Survival Months: 31.25, Risk: -18.5604
	--> Average Speed: 0.05s per batch
	--> Time from Last Check: 1.52s
--> Batch: 99, Loss: 0.0258, Label: 16, Survival Months: 172.83, Risk: -18.5410
	--> Average Speed: 0.05s per batch
	--> Time from Last Check: 1.48s
--> Batch: 149, Loss: 0.0001, Label: 2, Survival Months: 18.92, Risk: -18.7653
	--> Average Speed: 0.05s per batch
	--> Time from Last Check: 1.52s
--> Batch: 199, Loss: 0.0004, Label: 9, Survival Months: 54.58, Risk: -18.7226
	--> Average Speed: 0.05s per batch
	--> Time from Last Check: 1.52s
--> Batch: 249, Loss: 0.0164, Label: 15, Survival Months: 140.33, Risk: -18.3671
	--> Average Speed: 0.05s per batch
	--> Time from Last Check: 1.52s
--> Batch: 299, Loss: 0.3516, Label: 19, Survival Months: 329.75, Risk: -18.2865
	--> Average Speed: 0.05s per batch
	--> Time from Last Check: 1.48s
--> Batch: 349, Loss: 0.0342, Label: 17, Survival Months: 185.17, Risk: -18.5474
	--> Average Speed: 0.05s per batch
	--> Time from Last Check: 1.52s
--> Batch: 399, Loss: 0.0025, Label: 13, Survival Months: 99.67, Risk: -18.4827
	--> Average Speed: 0.05s per batch
	--> Time from Last Check: 1.53s
--> Batch: 449, Loss: 0.0005, Label: 3, Survival Months: 28.08, Risk: -18.2977
	--> Average Speed: 0.05s per batch
	--> Time from Last Check: 1.52s
--> Batch: 499, Loss: 0.0003, Label: 3, Survival Months: 29.00, Risk: -18.5566
	--> Average Speed: 0.05s per batch
	--> Time from Last Check: 1.49s
--> Batch: 549, Loss: 0.0002, Label: 2, Survival Months: 24.50, Risk: -18.4822
	--> Average Speed: 0.05s per batch
	--> Time from Last Check: 1.52s
--> Batch: 599, Loss: 0.1550, Label: 18, Survival Months: 218.50, Risk: -18.4680
	--> Average Speed: 0.05s per batch
	--> Time from Last Check: 1.51s
--> Batch: 649, Loss: 0.3391, Label: 19, Survival Months: 273.83, Risk: -18.4643
	--> Average Speed: 0.05s per batch
	--> Time from Last Check: 1.53s
--> Batch: 699, Loss: 0.0330, Label: 17, Survival Months: 187.92, Risk: -18.5211
	--> Average Speed: 0.05s per batch
	--> Time from Last Check: 1.52s
--> Batch: 749, Loss: 0.0001, Label: 1, Survival Months: 14.83, Risk: -18.4417
	--> Average Speed: 0.05s per batch
	--> Time from Last Check: 1.51s
--> Batch: 799, Loss: 0.0002, Label: 6, Survival Months: 39.42, Risk: -18.6264
	--> Average Speed: 0.05s per batch
	--> Time from Last Check: 1.50s
[10/01/2025 - 03:29:50] - Epoch: 19, lr: 0.00001501, training_loss: 0.2073, training_c_index: 0.9654
[10/01/2025 - 03:29:52] - Epoch: 19, validation_loss: 1.0258, validation_c_index: 0.5083
--> No improvement in validation_loss or validation_c_index for 12 epoch(s)
--> Current BEST Score: 0.4710
	--> validation_loss: 0.7021
	--> best validation_c_index: 0.5412
[10/01/2025 - 03:29:52] - Time elapsed for epoch 19: 27s
[10/01/2025 - 03:29:52] - Epoch: 20
--> Batch: 49, Loss: 0.0026, Label: 12, Survival Months: 83.92, Risk: -18.4769
	--> Average Speed: 0.04s per batch
	--> Time from Last Check: 1.25s
--> Batch: 99, Loss: 0.0003, Label: 7, Survival Months: 46.67, Risk: -18.6448
	--> Average Speed: 0.05s per batch
	--> Time from Last Check: 1.50s
--> Batch: 149, Loss: 0.0060, Label: 14, Survival Months: 103.83, Risk: -18.6445
	--> Average Speed: 0.05s per batch
	--> Time from Last Check: 1.50s
--> Batch: 199, Loss: 0.0180, Label: 10, Survival Months: 66.50, Risk: -16.4572
	--> Average Speed: 0.05s per batch
	--> Time from Last Check: 1.50s
--> Batch: 249, Loss: 0.0202, Label: 16, Survival Months: 144.17, Risk: -18.6148
	--> Average Speed: 0.05s per batch
	--> Time from Last Check: 1.49s
--> Batch: 299, Loss: 0.0007, Label: 11, Survival Months: 77.92, Risk: -18.8234
	--> Average Speed: 0.05s per batch
	--> Time from Last Check: 1.48s
--> Batch: 349, Loss: 1.0889, Label: 18, Survival Months: 214.42, Risk: -18.5960
	--> Average Speed: 0.05s per batch
	--> Time from Last Check: 1.50s
--> Batch: 399, Loss: 0.0008, Label: 11, Survival Months: 76.25, Risk: -18.7549
	--> Average Speed: 0.05s per batch
	--> Time from Last Check: 1.52s
--> Batch: 449, Loss: 0.0059, Label: 12, Survival Months: 83.42, Risk: -18.1377
	--> Average Speed: 0.05s per batch
	--> Time from Last Check: 1.50s
--> Batch: 499, Loss: 0.0021, Label: 12, Survival Months: 80.67, Risk: -18.6394
	--> Average Speed: 0.04s per batch
	--> Time from Last Check: 1.29s
--> Batch: 549, Loss: 0.0005, Label: 4, Survival Months: 34.17, Risk: -18.3911
	--> Average Speed: 0.03s per batch
	--> Time from Last Check: 0.80s
--> Batch: 599, Loss: 0.0002, Label: 5, Survival Months: 37.33, Risk: -18.7139
	--> Average Speed: 0.04s per batch
	--> Time from Last Check: 1.40s
--> Batch: 649, Loss: 0.0006, Label: 10, Survival Months: 59.58, Risk: -18.6618
	--> Average Speed: 0.05s per batch
	--> Time from Last Check: 1.53s
--> Batch: 699, Loss: 1.2178, Label: 19, Survival Months: 328.42, Risk: -18.5622
	--> Average Speed: 0.05s per batch
	--> Time from Last Check: 1.48s
--> Batch: 749, Loss: 0.0008, Label: 4, Survival Months: 34.50, Risk: -18.2092
	--> Average Speed: 0.05s per batch
	--> Time from Last Check: 1.49s
--> Batch: 799, Loss: 0.0161, Label: 15, Survival Months: 135.00, Risk: -18.3952
	--> Average Speed: 0.03s per batch
	--> Time from Last Check: 1.10s
[10/01/2025 - 03:30:15] - Epoch: 20, lr: 0.00001351, training_loss: 0.2043, training_c_index: 0.9690
--> Saving model into checkpoints/MCAT_TCGA-BRCA-GE-ME_E20_202501100330.pt
[10/01/2025 - 03:30:17] - Epoch: 20, validation_loss: 1.0324, validation_c_index: 0.5110
--> No improvement in validation_loss or validation_c_index for 13 epoch(s)
--> Current BEST Score: 0.4710
	--> validation_loss: 0.7021
	--> best validation_c_index: 0.5412
[10/01/2025 - 03:30:17] - Time elapsed for epoch 20: 25s
[10/01/2025 - 03:30:17] - Epoch: 21
--> Batch: 49, Loss: 0.0104, Label: 15, Survival Months: 121.33, Risk: -18.6587
	--> Average Speed: 0.04s per batch
	--> Time from Last Check: 1.22s
--> Batch: 99, Loss: 0.0003, Label: 7, Survival Months: 46.83, Risk: -18.6792
	--> Average Speed: 0.03s per batch
	--> Time from Last Check: 0.91s
--> Batch: 149, Loss: 1.9649, Label: 15, Survival Months: 122.33, Risk: -11.2391
	--> Average Speed: 0.03s per batch
	--> Time from Last Check: 0.90s
--> Batch: 199, Loss: 0.0099, Label: 15, Survival Months: 134.67, Risk: -18.5445
	--> Average Speed: 0.04s per batch
	--> Time from Last Check: 1.42s
--> Batch: 249, Loss: 0.0007, Label: 3, Survival Months: 28.08, Risk: -18.3619
	--> Average Speed: 0.05s per batch
	--> Time from Last Check: 1.58s
--> Batch: 299, Loss: 0.0004, Label: 7, Survival Months: 46.17, Risk: -18.4842
	--> Average Speed: 0.05s per batch
	--> Time from Last Check: 1.57s
--> Batch: 349, Loss: 0.0106, Label: 15, Survival Months: 130.08, Risk: -18.4776
	--> Average Speed: 0.05s per batch
	--> Time from Last Check: 1.54s
--> Batch: 399, Loss: 0.0109, Label: 14, Survival Months: 110.83, Risk: -18.3808
	--> Average Speed: 0.05s per batch
	--> Time from Last Check: 1.49s
--> Batch: 449, Loss: 0.0017, Label: 10, Survival Months: 62.67, Risk: -18.3726
	--> Average Speed: 0.05s per batch
	--> Time from Last Check: 1.52s
--> Batch: 499, Loss: 0.0053, Label: 14, Survival Months: 102.42, Risk: -18.6016
	--> Average Speed: 0.05s per batch
	--> Time from Last Check: 1.50s
--> Batch: 549, Loss: 0.0019, Label: 11, Survival Months: 72.25, Risk: -18.3770
	--> Average Speed: 0.05s per batch
	--> Time from Last Check: 1.49s
--> Batch: 599, Loss: 0.0168, Label: 16, Survival Months: 170.08, Risk: -18.6261
	--> Average Speed: 0.05s per batch
	--> Time from Last Check: 1.49s
--> Batch: 649, Loss: 0.0004, Label: 8, Survival Months: 49.58, Risk: -18.4565
	--> Average Speed: 0.05s per batch
	--> Time from Last Check: 1.50s
--> Batch: 699, Loss: 0.0004, Label: 6, Survival Months: 39.75, Risk: -18.4606
	--> Average Speed: 0.05s per batch
	--> Time from Last Check: 1.58s
--> Batch: 749, Loss: 0.0005, Label: 8, Survival Months: 50.92, Risk: -18.5531
	--> Average Speed: 0.05s per batch
	--> Time from Last Check: 1.46s
--> Batch: 799, Loss: 0.0001, Label: 2, Survival Months: 25.33, Risk: -18.7177
	--> Average Speed: 0.05s per batch
	--> Time from Last Check: 1.46s
[10/01/2025 - 03:30:41] - Epoch: 21, lr: 0.00001216, training_loss: 0.2037, training_c_index: 0.9711
[10/01/2025 - 03:30:42] - Epoch: 21, validation_loss: 1.0378, validation_c_index: 0.5188
--> No improvement in validation_loss or validation_c_index for 14 epoch(s)
--> Current BEST Score: 0.4710
	--> validation_loss: 0.7021
	--> best validation_c_index: 0.5412
[10/01/2025 - 03:30:42] - Time elapsed for epoch 21: 25s
[10/01/2025 - 03:30:42] - Epoch: 22
--> Batch: 49, Loss: 1.1221, Label: 18, Survival Months: 226.00, Risk: -18.4842
	--> Average Speed: 0.05s per batch
	--> Time from Last Check: 1.56s
--> Batch: 99, Loss: 0.0023, Label: 13, Survival Months: 94.83, Risk: -18.5515
	--> Average Speed: 0.05s per batch
	--> Time from Last Check: 1.48s
--> Batch: 149, Loss: 0.0100, Label: 15, Survival Months: 131.17, Risk: -18.6832
	--> Average Speed: 0.05s per batch
	--> Time from Last Check: 1.51s
--> Batch: 199, Loss: 0.0002, Label: 6, Survival Months: 41.00, Risk: -18.7130
	--> Average Speed: 0.05s per batch
	--> Time from Last Check: 1.45s
--> Batch: 249, Loss: 1.4617, Label: 14, Survival Months: 107.17, Risk: -13.8010
	--> Average Speed: 0.04s per batch
	--> Time from Last Check: 1.42s
--> Batch: 299, Loss: 0.0017, Label: 11, Survival Months: 78.58, Risk: -18.5163
	--> Average Speed: 0.05s per batch
	--> Time from Last Check: 1.52s
--> Batch: 349, Loss: 0.0069, Label: 14, Survival Months: 107.92, Risk: -18.6228
	--> Average Speed: 0.04s per batch
	--> Time from Last Check: 1.34s
--> Batch: 399, Loss: 0.0010, Label: 10, Survival Months: 63.25, Risk: -18.6322
	--> Average Speed: 0.04s per batch
	--> Time from Last Check: 1.36s
--> Batch: 449, Loss: 0.0001, Label: 2, Survival Months: 22.83, Risk: -18.7196
	--> Average Speed: 0.04s per batch
	--> Time from Last Check: 1.42s
--> Batch: 499, Loss: 0.0078, Label: 15, Survival Months: 123.08, Risk: -18.7454
	--> Average Speed: 0.05s per batch
	--> Time from Last Check: 1.46s
--> Batch: 549, Loss: 0.9749, Label: 19, Survival Months: 288.42, Risk: -18.6513
	--> Average Speed: 0.05s per batch
	--> Time from Last Check: 1.50s
--> Batch: 599, Loss: 0.0285, Label: 17, Survival Months: 187.33, Risk: -18.7279
	--> Average Speed: 0.05s per batch
	--> Time from Last Check: 1.50s
--> Batch: 649, Loss: 0.0001, Label: 2, Survival Months: 20.83, Risk: -18.6238
	--> Average Speed: 0.05s per batch
	--> Time from Last Check: 1.49s
--> Batch: 699, Loss: 0.0047, Label: 14, Survival Months: 105.00, Risk: -18.8130
	--> Average Speed: 0.05s per batch
	--> Time from Last Check: 1.49s
--> Batch: 749, Loss: 0.0002, Label: 3, Survival Months: 30.17, Risk: -18.6997
	--> Average Speed: 0.05s per batch
	--> Time from Last Check: 1.45s
--> Batch: 799, Loss: 0.0262, Label: 17, Survival Months: 194.58, Risk: -18.7328
	--> Average Speed: 0.04s per batch
	--> Time from Last Check: 1.41s
[10/01/2025 - 03:31:07] - Epoch: 22, lr: 0.00001094, training_loss: 0.1979, training_c_index: 0.9747
[10/01/2025 - 03:31:08] - Epoch: 22, validation_loss: 1.0550, validation_c_index: 0.5030
--> No improvement in validation_loss or validation_c_index for 15 epoch(s)
--> Current BEST Score: 0.4710
	--> validation_loss: 0.7021
	--> best validation_c_index: 0.5412
[10/01/2025 - 03:31:08] - Time elapsed for epoch 22: 26s
[10/01/2025 - 03:31:08] - Epoch: 23
--> Batch: 49, Loss: 0.0001, Label: 4, Survival Months: 32.67, Risk: -18.8154
	--> Average Speed: 0.04s per batch
	--> Time from Last Check: 1.42s
--> Batch: 99, Loss: 0.0039, Label: 13, Survival Months: 90.42, Risk: -18.4217
	--> Average Speed: 0.05s per batch
	--> Time from Last Check: 1.45s
--> Batch: 149, Loss: 0.0004, Label: 8, Survival Months: 50.58, Risk: -18.6428
	--> Average Speed: 0.05s per batch
	--> Time from Last Check: 1.49s
--> Batch: 199, Loss: 0.0000, Label: 0, Survival Months: 1.75, Risk: -18.5663
	--> Average Speed: 0.05s per batch
	--> Time from Last Check: 1.51s
--> Batch: 249, Loss: 0.0279, Label: 16, Survival Months: 154.42, Risk: -18.3960
	--> Average Speed: 0.05s per batch
	--> Time from Last Check: 1.49s
--> Batch: 299, Loss: 0.0033, Label: 13, Survival Months: 96.33, Risk: -18.4832
	--> Average Speed: 0.03s per batch
	--> Time from Last Check: 1.06s
--> Batch: 349, Loss: 0.0008, Label: 0, Survival Months: 0.08, Risk: -16.2937
	--> Average Speed: 0.02s per batch
	--> Time from Last Check: 0.71s
--> Batch: 399, Loss: 0.0002, Label: 7, Survival Months: 47.42, Risk: -18.7224
	--> Average Speed: 0.02s per batch
	--> Time from Last Check: 0.59s
--> Batch: 449, Loss: 1.9688, Label: 12, Survival Months: 79.92, Risk: -8.6231
	--> Average Speed: 0.02s per batch
	--> Time from Last Check: 0.58s
--> Batch: 499, Loss: 0.0005, Label: 10, Survival Months: 63.25, Risk: -18.6133
	--> Average Speed: 0.02s per batch
	--> Time from Last Check: 0.62s
--> Batch: 549, Loss: 0.0038, Label: 13, Survival Months: 100.83, Risk: -18.3933
	--> Average Speed: 0.02s per batch
	--> Time from Last Check: 0.62s
--> Batch: 599, Loss: 0.0243, Label: 16, Survival Months: 144.17, Risk: -18.5003
	--> Average Speed: 0.02s per batch
	--> Time from Last Check: 0.65s
--> Batch: 649, Loss: 0.0001, Label: 1, Survival Months: 2.58, Risk: -18.3988
	--> Average Speed: 0.03s per batch
	--> Time from Last Check: 1.11s
--> Batch: 699, Loss: 0.0003, Label: 9, Survival Months: 52.17, Risk: -18.5785
	--> Average Speed: 0.02s per batch
	--> Time from Last Check: 0.71s
--> Batch: 749, Loss: 0.2853, Label: 19, Survival Months: 309.08, Risk: -18.6905
	--> Average Speed: 0.02s per batch
	--> Time from Last Check: 0.61s
--> Batch: 799, Loss: 0.0003, Label: 6, Survival Months: 42.58, Risk: -18.3673
	--> Average Speed: 0.03s per batch
	--> Time from Last Check: 0.86s
[10/01/2025 - 03:31:25] - Epoch: 23, lr: 0.00000985, training_loss: 0.2023, training_c_index: 0.9713
[10/01/2025 - 03:31:26] - Epoch: 23, validation_loss: 1.0629, validation_c_index: 0.5150
--> No improvement in validation_loss or validation_c_index for 16 epoch(s)
--> Current BEST Score: 0.4710
	--> validation_loss: 0.7021
	--> best validation_c_index: 0.5412
[10/01/2025 - 03:31:26] - Time elapsed for epoch 23: 18s
[10/01/2025 - 03:31:26] - Epoch: 24
--> Batch: 49, Loss: 0.0010, Label: 7, Survival Months: 44.17, Risk: -17.9789
	--> Average Speed: 0.05s per batch
	--> Time from Last Check: 1.58s
--> Batch: 99, Loss: 0.0048, Label: 13, Survival Months: 93.33, Risk: -18.1888
	--> Average Speed: 0.05s per batch
	--> Time from Last Check: 1.45s
--> Batch: 149, Loss: 0.0010, Label: 10, Survival Months: 59.58, Risk: -18.4089
	--> Average Speed: 0.05s per batch
	--> Time from Last Check: 1.56s
--> Batch: 199, Loss: 0.0000, Label: 1, Survival Months: 2.58, Risk: -18.6064
	--> Average Speed: 0.05s per batch
	--> Time from Last Check: 1.47s
--> Batch: 249, Loss: 0.0002, Label: 6, Survival Months: 39.33, Risk: -18.6512
	--> Average Speed: 0.05s per batch
	--> Time from Last Check: 1.57s
--> Batch: 299, Loss: 0.0021, Label: 11, Survival Months: 72.25, Risk: -18.2781
	--> Average Speed: 0.05s per batch
	--> Time from Last Check: 1.53s
--> Batch: 349, Loss: 0.0003, Label: 9, Survival Months: 55.50, Risk: -18.6638
	--> Average Speed: 0.05s per batch
	--> Time from Last Check: 1.51s
--> Batch: 399, Loss: 1.0029, Label: 0, Survival Months: 0.00, Risk: -1.5826
	--> Average Speed: 0.05s per batch
	--> Time from Last Check: 1.49s
--> Batch: 449, Loss: 0.0012, Label: 10, Survival Months: 64.08, Risk: -18.4718
	--> Average Speed: 0.05s per batch
	--> Time from Last Check: 1.50s
--> Batch: 499, Loss: 0.2703, Label: 19, Survival Months: 327.33, Risk: -18.6159
	--> Average Speed: 0.05s per batch
	--> Time from Last Check: 1.51s
--> Batch: 549, Loss: 0.0199, Label: 16, Survival Months: 160.83, Risk: -18.6445
	--> Average Speed: 0.05s per batch
	--> Time from Last Check: 1.51s
--> Batch: 599, Loss: 0.0001, Label: 4, Survival Months: 33.00, Risk: -18.7976
	--> Average Speed: 0.05s per batch
	--> Time from Last Check: 1.51s
--> Batch: 649, Loss: 0.0015, Label: 11, Survival Months: 76.25, Risk: -18.4915
	--> Average Speed: 0.05s per batch
	--> Time from Last Check: 1.51s
--> Batch: 699, Loss: 0.0005, Label: 10, Survival Months: 64.42, Risk: -18.6765
	--> Average Speed: 0.05s per batch
	--> Time from Last Check: 1.51s
--> Batch: 749, Loss: 0.0133, Label: 15, Survival Months: 132.25, Risk: -18.5294
	--> Average Speed: 0.05s per batch
	--> Time from Last Check: 1.52s
--> Batch: 799, Loss: 0.0001, Label: 3, Survival Months: 28.08, Risk: -18.7012
	--> Average Speed: 0.05s per batch
	--> Time from Last Check: 1.50s
[10/01/2025 - 03:31:52] - Epoch: 24, lr: 0.00000886, training_loss: 0.1965, training_c_index: 0.9747
[10/01/2025 - 03:31:53] - Epoch: 24, validation_loss: 1.0732, validation_c_index: 0.5123
--> No improvement in validation_loss or validation_c_index for 17 epoch(s)
--> Current BEST Score: 0.4710
	--> validation_loss: 0.7021
	--> best validation_c_index: 0.5412
[10/01/2025 - 03:31:53] - Time elapsed for epoch 24: 27s
[10/01/2025 - 03:31:53] - Epoch: 25
