Environment conda activated
Job 2505420 started

#################### [10/01/2025 - 02:43:06] - MCAT started ####################
HOSTNAME: ajeje

WANDB: setting up for report

CUDA: available
--> Device count: 1
--> Using device: NVIDIA GeForce RTX 2080 Ti
--> Running on CUDA

DATASET: Loading data
--> Remaining samples after removing incomplete: 1039
--> Class intervals: [
	0: [0.00 - 2.57]
	1: [2.57 - 17.70]
	2: [17.70 - 26.37]
	3: [26.37 - 31.25]
	4: [31.25 - 34.71]
	5: [34.71 - 38.03]
	6: [38.03 - 42.94]
	7: [42.94 - 47.45]
	8: [47.45 - 51.69]
	9: [51.69 - 58.17]
	10: [58.17 - 67.10]
	11: [67.10 - 79.80]
	12: [79.80 - 88.56]
	13: [88.56 - 102.25]
	14: [102.25 - 120.62]
	15: [120.62 - 141.88]
	16: [141.88 - 174.40]
	17: [174.40 - 205.88]
	18: [205.88 - 263.29]
	19: [263.29 - 593.83]
    ]
--> Standardizing RNA-seq data
--> Standardizing Methylation Islands beta values
--> Gene Expression Signatures size: [19938]
--> Methylation Signatures size: [4522]
--> Using 80% training, 20% validation
--> Training Set: [831], Testing Set: [208]

MODEL: MCAT
--> Trainable parameters of MCAT: 9362966
--> Loss function: CrossEntropySurvivalLoss
--> Optimizer: adam

################## [10/01/2025 - 02:43:34] - Training started ##################
[10/01/2025 - 02:43:34] - Epoch: 1
--> Batch: 49, Loss: 2.8589, Label: 11, Survival Months: 72.25, Risk: -1.3436
	--> Average Speed: 0.08s per batch
	--> Time from Last Check: 2.64s
--> Batch: 99, Loss: 2.0979, Label: 16, Survival Months: 162.33, Risk: -6.5456
	--> Average Speed: 0.06s per batch
	--> Time from Last Check: 2.05s
--> Batch: 149, Loss: 1.3723, Label: 4, Survival Months: 33.00, Risk: -13.1679
	--> Average Speed: 0.06s per batch
	--> Time from Last Check: 2.07s
--> Batch: 199, Loss: 1.5240, Label: 18, Survival Months: 206.42, Risk: -15.9504
	--> Average Speed: 0.06s per batch
	--> Time from Last Check: 1.86s
--> Batch: 249, Loss: 1.2476, Label: 4, Survival Months: 32.83, Risk: -15.8087
	--> Average Speed: 0.06s per batch
	--> Time from Last Check: 1.87s
--> Batch: 299, Loss: 1.2561, Label: 16, Survival Months: 144.00, Risk: -16.0441
	--> Average Speed: 0.06s per batch
	--> Time from Last Check: 1.93s
--> Batch: 349, Loss: 1.1476, Label: 5, Survival Months: 36.75, Risk: -16.7085
	--> Average Speed: 0.06s per batch
	--> Time from Last Check: 1.94s
--> Batch: 399, Loss: 1.1706, Label: 15, Survival Months: 122.08, Risk: -15.9839
	--> Average Speed: 0.06s per batch
	--> Time from Last Check: 1.94s
--> Batch: 449, Loss: 1.0876, Label: 11, Survival Months: 71.33, Risk: -16.5975
	--> Average Speed: 0.06s per batch
	--> Time from Last Check: 1.96s
--> Batch: 499, Loss: 1.0512, Label: 2, Survival Months: 25.75, Risk: -15.4370
	--> Average Speed: 0.06s per batch
	--> Time from Last Check: 1.98s
--> Batch: 549, Loss: 1.1975, Label: 17, Survival Months: 182.58, Risk: -14.9493
	--> Average Speed: 0.06s per batch
	--> Time from Last Check: 1.95s
--> Batch: 599, Loss: 2.6656, Label: 18, Survival Months: 237.83, Risk: -15.7852
	--> Average Speed: 0.06s per batch
	--> Time from Last Check: 1.89s
--> Batch: 649, Loss: 1.1111, Label: 14, Survival Months: 105.83, Risk: -12.7847
	--> Average Speed: 0.06s per batch
	--> Time from Last Check: 1.90s
--> Batch: 699, Loss: 1.0078, Label: 13, Survival Months: 96.92, Risk: -16.2781
	--> Average Speed: 0.06s per batch
	--> Time from Last Check: 2.03s
--> Batch: 749, Loss: 0.9795, Label: 2, Survival Months: 18.00, Risk: -13.2935
	--> Average Speed: 0.06s per batch
	--> Time from Last Check: 2.01s
--> Batch: 799, Loss: 1.0095, Label: 13, Survival Months: 100.25, Risk: -14.9647
	--> Average Speed: 0.06s per batch
	--> Time from Last Check: 1.88s
[10/01/2025 - 02:44:07] - Epoch: 1, lr: 0.00010000, training_loss: 1.7218, training_c_index: 0.4949
[10/01/2025 - 02:44:10] - Epoch: 1, validation_loss: 1.3773, validation_c_index: 0.4822
--> New BEST Validation Score: 0.3444, validation_loss: 1.3773, validation_c_index: 0.4822
--> Current BEST Score: 0.3444
	--> validation_loss: 1.3773
	--> best validation_c_index: 0.4822
[10/01/2025 - 02:44:10] - Time elapsed for epoch 1: 36s
[10/01/2025 - 02:44:10] - Epoch: 2
--> Batch: 49, Loss: 0.9403, Label: 1, Survival Months: 16.33, Risk: -15.5232
	--> Average Speed: 0.07s per batch
	--> Time from Last Check: 2.27s
--> Batch: 99, Loss: 1.3969, Label: 19, Survival Months: 379.17, Risk: -14.9455
	--> Average Speed: 0.06s per batch
	--> Time from Last Check: 1.87s
--> Batch: 149, Loss: 1.1452, Label: 13, Survival Months: 94.83, Risk: -9.8612
	--> Average Speed: 0.06s per batch
	--> Time from Last Check: 1.99s
--> Batch: 199, Loss: 1.2667, Label: 19, Survival Months: 277.75, Risk: -15.9507
	--> Average Speed: 0.06s per batch
	--> Time from Last Check: 1.99s
--> Batch: 249, Loss: 0.9659, Label: 11, Survival Months: 77.58, Risk: -13.9132
	--> Average Speed: 0.06s per batch
	--> Time from Last Check: 2.02s
--> Batch: 299, Loss: 0.9554, Label: 7, Survival Months: 43.17, Risk: -13.4003
	--> Average Speed: 0.06s per batch
	--> Time from Last Check: 1.94s
--> Batch: 349, Loss: 0.9314, Label: 9, Survival Months: 57.25, Risk: -14.8942
	--> Average Speed: 0.06s per batch
	--> Time from Last Check: 1.91s
--> Batch: 399, Loss: 1.0864, Label: 11, Survival Months: 71.33, Risk: -8.4921
	--> Average Speed: 0.06s per batch
	--> Time from Last Check: 1.90s
--> Batch: 449, Loss: 0.9037, Label: 13, Survival Months: 90.42, Risk: -17.6919
	--> Average Speed: 0.06s per batch
	--> Time from Last Check: 2.00s
--> Batch: 499, Loss: 0.9916, Label: 15, Survival Months: 137.33, Risk: -14.6020
	--> Average Speed: 0.06s per batch
	--> Time from Last Check: 1.89s
--> Batch: 549, Loss: 0.9809, Label: 17, Survival Months: 194.58, Risk: -15.5100
	--> Average Speed: 0.06s per batch
	--> Time from Last Check: 1.85s
--> Batch: 599, Loss: 1.4587, Label: 19, Survival Months: 293.25, Risk: -10.8647
	--> Average Speed: 0.06s per batch
	--> Time from Last Check: 1.93s
--> Batch: 649, Loss: 0.9310, Label: 10, Survival Months: 65.92, Risk: -13.5906
	--> Average Speed: 0.06s per batch
	--> Time from Last Check: 1.96s
--> Batch: 699, Loss: 1.0884, Label: 17, Survival Months: 182.50, Risk: -13.1722
	--> Average Speed: 0.06s per batch
	--> Time from Last Check: 1.94s
--> Batch: 749, Loss: 0.8635, Label: 13, Survival Months: 95.08, Risk: -17.7633
	--> Average Speed: 0.06s per batch
	--> Time from Last Check: 2.00s
--> Batch: 799, Loss: 0.8480, Label: 0, Survival Months: 0.00, Risk: -16.5286
	--> Average Speed: 0.06s per batch
	--> Time from Last Check: 1.90s
[10/01/2025 - 02:44:43] - Epoch: 2, lr: 0.00009900, training_loss: 1.2901, training_c_index: 0.6054
[10/01/2025 - 02:44:45] - Epoch: 2, validation_loss: 1.2949, validation_c_index: 0.4246
--> No improvement in validation_loss or validation_c_index for 1 epoch(s)
--> Current BEST Score: 0.3444
	--> validation_loss: 1.3773
	--> best validation_c_index: 0.4822
[10/01/2025 - 02:44:45] - Time elapsed for epoch 2: 36s
[10/01/2025 - 02:44:45] - Epoch: 3
--> Batch: 49, Loss: 0.8452, Label: 3, Survival Months: 27.17, Risk: -15.2956
	--> Average Speed: 0.07s per batch
	--> Time from Last Check: 2.21s
--> Batch: 99, Loss: 0.8444, Label: 6, Survival Months: 39.00, Risk: -15.8128
	--> Average Speed: 0.06s per batch
	--> Time from Last Check: 1.92s
--> Batch: 149, Loss: 0.9581, Label: 15, Survival Months: 131.17, Risk: -14.0133
	--> Average Speed: 0.06s per batch
	--> Time from Last Check: 1.96s
--> Batch: 199, Loss: 0.9332, Label: 17, Survival Months: 200.25, Risk: -15.8761
	--> Average Speed: 0.06s per batch
	--> Time from Last Check: 2.02s
--> Batch: 249, Loss: 1.0923, Label: 18, Survival Months: 220.42, Risk: -15.0371
	--> Average Speed: 0.06s per batch
	--> Time from Last Check: 1.78s
--> Batch: 299, Loss: 0.8436, Label: 0, Survival Months: 0.58, Risk: -12.7956
	--> Average Speed: 0.06s per batch
	--> Time from Last Check: 1.92s
--> Batch: 349, Loss: 1.3049, Label: 17, Survival Months: 189.83, Risk: -8.5182
	--> Average Speed: 0.06s per batch
	--> Time from Last Check: 2.01s
--> Batch: 399, Loss: 0.9898, Label: 15, Survival Months: 129.00, Risk: -13.8046
	--> Average Speed: 0.06s per batch
	--> Time from Last Check: 2.01s
--> Batch: 449, Loss: 3.8087, Label: 2, Survival Months: 19.92, Risk: -13.1268
	--> Average Speed: 0.06s per batch
	--> Time from Last Check: 2.03s
--> Batch: 499, Loss: 2.1339, Label: 19, Survival Months: 305.75, Risk: -16.7913
	--> Average Speed: 0.06s per batch
	--> Time from Last Check: 1.97s
--> Batch: 549, Loss: 0.8365, Label: 2, Survival Months: 18.17, Risk: -16.3044
	--> Average Speed: 0.06s per batch
	--> Time from Last Check: 2.00s
--> Batch: 599, Loss: 0.8463, Label: 2, Survival Months: 18.67, Risk: -15.8995
	--> Average Speed: 0.06s per batch
	--> Time from Last Check: 1.97s
--> Batch: 649, Loss: 0.8482, Label: 4, Survival Months: 32.83, Risk: -14.7855
	--> Average Speed: 0.05s per batch
	--> Time from Last Check: 1.73s
--> Batch: 699, Loss: 4.8248, Label: 11, Survival Months: 78.58, Risk: -15.6341
	--> Average Speed: 0.06s per batch
	--> Time from Last Check: 1.94s
--> Batch: 749, Loss: 5.6704, Label: 0, Survival Months: 2.50, Risk: -16.2434
	--> Average Speed: 0.06s per batch
	--> Time from Last Check: 1.92s
--> Batch: 799, Loss: 0.8406, Label: 1, Survival Months: 8.25, Risk: -14.1735
	--> Average Speed: 0.06s per batch
	--> Time from Last Check: 1.92s
[10/01/2025 - 02:45:18] - Epoch: 3, lr: 0.00009801, training_loss: 1.2280, training_c_index: 0.6453
[10/01/2025 - 02:45:21] - Epoch: 3, validation_loss: 1.2542, validation_c_index: 0.4264
--> No improvement in validation_loss or validation_c_index for 2 epoch(s)
--> Current BEST Score: 0.3444
	--> validation_loss: 1.3773
	--> best validation_c_index: 0.4822
[10/01/2025 - 02:45:21] - Time elapsed for epoch 3: 36s
[10/01/2025 - 02:45:21] - Epoch: 4
--> Batch: 49, Loss: 0.8428, Label: 8, Survival Months: 49.00, Risk: -15.1051
	--> Average Speed: 0.07s per batch
	--> Time from Last Check: 2.26s
--> Batch: 99, Loss: 0.8510, Label: 14, Survival Months: 114.25, Risk: -16.5765
	--> Average Speed: 0.06s per batch
	--> Time from Last Check: 1.96s
--> Batch: 149, Loss: 0.8266, Label: 12, Survival Months: 85.58, Risk: -16.8339
	--> Average Speed: 0.06s per batch
	--> Time from Last Check: 1.94s
--> Batch: 199, Loss: 0.8519, Label: 6, Survival Months: 40.00, Risk: -11.2550
	--> Average Speed: 0.06s per batch
	--> Time from Last Check: 1.98s
--> Batch: 249, Loss: 0.8056, Label: 12, Survival Months: 86.25, Risk: -17.4505
	--> Average Speed: 0.06s per batch
	--> Time from Last Check: 1.94s
--> Batch: 299, Loss: 0.8294, Label: 13, Survival Months: 99.67, Risk: -16.8031
	--> Average Speed: 0.06s per batch
	--> Time from Last Check: 1.99s
--> Batch: 349, Loss: 0.8120, Label: 16, Survival Months: 160.50, Risk: -18.2800
	--> Average Speed: 0.06s per batch
	--> Time from Last Check: 1.77s
--> Batch: 399, Loss: 0.8647, Label: 12, Survival Months: 80.67, Risk: -14.5535
	--> Average Speed: 0.06s per batch
	--> Time from Last Check: 2.06s
--> Batch: 449, Loss: 0.8176, Label: 4, Survival Months: 33.75, Risk: -15.8944
	--> Average Speed: 0.06s per batch
	--> Time from Last Check: 1.99s
--> Batch: 499, Loss: 0.8568, Label: 8, Survival Months: 50.67, Risk: -12.2557
	--> Average Speed: 0.06s per batch
	--> Time from Last Check: 1.99s
--> Batch: 549, Loss: 0.8451, Label: 8, Survival Months: 51.33, Risk: -12.8909
	--> Average Speed: 0.06s per batch
	--> Time from Last Check: 1.90s
--> Batch: 599, Loss: 0.7932, Label: 6, Survival Months: 38.58, Risk: -17.4856
	--> Average Speed: 0.06s per batch
	--> Time from Last Check: 2.01s
--> Batch: 649, Loss: 3.1959, Label: 15, Survival Months: 122.33, Risk: -15.7031
	--> Average Speed: 0.06s per batch
	--> Time from Last Check: 1.98s
--> Batch: 699, Loss: 0.7903, Label: 3, Survival Months: 27.67, Risk: -15.9407
	--> Average Speed: 0.06s per batch
	--> Time from Last Check: 1.89s
--> Batch: 749, Loss: 0.7956, Label: 6, Survival Months: 42.92, Risk: -15.4095
	--> Average Speed: 0.06s per batch
	--> Time from Last Check: 2.01s
--> Batch: 799, Loss: 0.9155, Label: 10, Survival Months: 64.75, Risk: -10.1664
	--> Average Speed: 0.06s per batch
	--> Time from Last Check: 1.91s
[10/01/2025 - 02:45:54] - Epoch: 4, lr: 0.00009703, training_loss: 1.1691, training_c_index: 0.7263
[10/01/2025 - 02:45:57] - Epoch: 4, validation_loss: 1.2693, validation_c_index: 0.5259
--> New BEST Validation Score: 0.3990, validation_loss: 1.2693, validation_c_index: 0.5259
--> Current BEST Score: 0.3990
	--> validation_loss: 1.2693
	--> best validation_c_index: 0.5259
[10/01/2025 - 02:45:58] - Time elapsed for epoch 4: 36s
[10/01/2025 - 02:45:58] - Epoch: 5
--> Batch: 49, Loss: 0.8257, Label: 17, Survival Months: 182.00, Risk: -17.5170
	--> Average Speed: 0.07s per batch
	--> Time from Last Check: 2.20s
--> Batch: 99, Loss: 0.8167, Label: 17, Survival Months: 193.00, Risk: -18.0025
	--> Average Speed: 0.06s per batch
	--> Time from Last Check: 1.99s
--> Batch: 149, Loss: 0.7817, Label: 6, Survival Months: 42.00, Risk: -15.7087
	--> Average Speed: 0.06s per batch
	--> Time from Last Check: 1.90s
--> Batch: 199, Loss: 0.8135, Label: 17, Survival Months: 190.75, Risk: -17.8033
	--> Average Speed: 0.06s per batch
	--> Time from Last Check: 2.00s
--> Batch: 249, Loss: 0.7833, Label: 1, Survival Months: 5.67, Risk: -17.8265
	--> Average Speed: 0.06s per batch
	--> Time from Last Check: 1.92s
--> Batch: 299, Loss: 0.8041, Label: 8, Survival Months: 49.25, Risk: -15.0755
	--> Average Speed: 0.06s per batch
	--> Time from Last Check: 1.99s
--> Batch: 349, Loss: 0.9032, Label: 8, Survival Months: 49.58, Risk: -9.1257
	--> Average Speed: 0.06s per batch
	--> Time from Last Check: 2.07s
--> Batch: 399, Loss: 0.7636, Label: 0, Survival Months: 0.00, Risk: -18.7422
	--> Average Speed: 0.07s per batch
	--> Time from Last Check: 2.09s
--> Batch: 449, Loss: 0.7745, Label: 5, Survival Months: 37.33, Risk: -15.8144
	--> Average Speed: 0.06s per batch
	--> Time from Last Check: 1.94s
--> Batch: 499, Loss: 0.9451, Label: 15, Survival Months: 134.25, Risk: -12.4926
	--> Average Speed: 0.06s per batch
	--> Time from Last Check: 1.96s
--> Batch: 549, Loss: 0.8135, Label: 8, Survival Months: 49.58, Risk: -12.8748
	--> Average Speed: 0.06s per batch
	--> Time from Last Check: 1.96s
--> Batch: 599, Loss: 1.2016, Label: 19, Survival Months: 327.33, Risk: -16.3742
	--> Average Speed: 0.06s per batch
	--> Time from Last Check: 1.97s
--> Batch: 649, Loss: 0.8697, Label: 10, Survival Months: 63.25, Risk: -11.1206
	--> Average Speed: 0.06s per batch
	--> Time from Last Check: 1.92s
--> Batch: 699, Loss: 0.8318, Label: 17, Survival Months: 197.67, Risk: -17.1106
	--> Average Speed: 0.06s per batch
	--> Time from Last Check: 1.97s
--> Batch: 749, Loss: 0.9861, Label: 16, Survival Months: 157.25, Risk: -12.3570
	--> Average Speed: 0.06s per batch
	--> Time from Last Check: 2.01s
--> Batch: 799, Loss: 0.7529, Label: 9, Survival Months: 57.25, Risk: -17.4980
	--> Average Speed: 0.06s per batch
	--> Time from Last Check: 1.95s
[10/01/2025 - 02:46:31] - Epoch: 5, lr: 0.00009606, training_loss: 1.1152, training_c_index: 0.8173
[10/01/2025 - 02:46:34] - Epoch: 5, validation_loss: 1.2061, validation_c_index: 0.5305
--> New BEST Validation Score: 0.4099, validation_loss: 1.2061, validation_c_index: 0.5305
--> Current BEST Score: 0.4099
	--> validation_loss: 1.2061
	--> best validation_c_index: 0.5305
[10/01/2025 - 02:46:34] - Time elapsed for epoch 5: 37s
[10/01/2025 - 02:46:34] - Epoch: 6
--> Batch: 49, Loss: 0.7438, Label: 0, Survival Months: 0.83, Risk: -16.4374
	--> Average Speed: 0.07s per batch
	--> Time from Last Check: 2.22s
--> Batch: 99, Loss: 0.7387, Label: 9, Survival Months: 53.58, Risk: -17.8499
	--> Average Speed: 0.06s per batch
	--> Time from Last Check: 2.00s
--> Batch: 149, Loss: 1.0944, Label: 19, Survival Months: 410.75, Risk: -16.8108
	--> Average Speed: 0.06s per batch
	--> Time from Last Check: 1.91s
--> Batch: 199, Loss: 0.7347, Label: 0, Survival Months: 0.83, Risk: -13.4776
	--> Average Speed: 0.06s per batch
	--> Time from Last Check: 1.99s
--> Batch: 249, Loss: 0.8053, Label: 9, Survival Months: 54.50, Risk: -11.6955
	--> Average Speed: 0.06s per batch
	--> Time from Last Check: 1.96s
--> Batch: 299, Loss: 0.7612, Label: 15, Survival Months: 128.92, Risk: -17.5932
	--> Average Speed: 0.06s per batch
	--> Time from Last Check: 2.02s
--> Batch: 349, Loss: 3.4900, Label: 13, Survival Months: 96.00, Risk: -6.3244
	--> Average Speed: 0.06s per batch
	--> Time from Last Check: 1.78s
--> Batch: 399, Loss: 1.1098, Label: 12, Survival Months: 83.08, Risk: -6.3482
	--> Average Speed: 0.06s per batch
	--> Time from Last Check: 2.01s
--> Batch: 449, Loss: 0.7722, Label: 9, Survival Months: 54.17, Risk: -13.8418
	--> Average Speed: 0.06s per batch
	--> Time from Last Check: 2.01s
--> Batch: 499, Loss: 0.7318, Label: 13, Survival Months: 96.33, Risk: -18.3704
	--> Average Speed: 0.06s per batch
	--> Time from Last Check: 1.99s
--> Batch: 549, Loss: 0.7650, Label: 4, Survival Months: 34.67, Risk: -12.3944
	--> Average Speed: 0.06s per batch
	--> Time from Last Check: 1.91s
--> Batch: 599, Loss: 0.7455, Label: 8, Survival Months: 48.00, Risk: -15.8772
	--> Average Speed: 0.06s per batch
	--> Time from Last Check: 1.99s
--> Batch: 649, Loss: 0.7325, Label: 5, Survival Months: 35.67, Risk: -17.3154
	--> Average Speed: 0.06s per batch
	--> Time from Last Check: 1.94s
--> Batch: 699, Loss: 0.7333, Label: 1, Survival Months: 13.58, Risk: -18.4284
	--> Average Speed: 0.06s per batch
	--> Time from Last Check: 1.96s
--> Batch: 749, Loss: 0.7314, Label: 0, Survival Months: 0.00, Risk: -16.8685
	--> Average Speed: 0.06s per batch
	--> Time from Last Check: 1.96s
--> Batch: 799, Loss: 1.0544, Label: 19, Survival Months: 328.42, Risk: -17.2035
	--> Average Speed: 0.06s per batch
	--> Time from Last Check: 2.03s
[10/01/2025 - 02:47:07] - Epoch: 6, lr: 0.00009510, training_loss: 1.0845, training_c_index: 0.7953
[10/01/2025 - 02:47:10] - Epoch: 6, validation_loss: 1.2528, validation_c_index: 0.4626
--> No improvement in validation_loss or validation_c_index for 1 epoch(s)
--> Current BEST Score: 0.4099
	--> validation_loss: 1.2061
	--> best validation_c_index: 0.5305
[10/01/2025 - 02:47:10] - Time elapsed for epoch 6: 36s
[10/01/2025 - 02:47:10] - Epoch: 7
--> Batch: 49, Loss: 0.7476, Label: 16, Survival Months: 158.58, Risk: -17.8746
	--> Average Speed: 0.07s per batch
	--> Time from Last Check: 2.13s
--> Batch: 99, Loss: 3.4030, Label: 8, Survival Months: 51.00, Risk: -15.2329
	--> Average Speed: 0.06s per batch
	--> Time from Last Check: 1.97s
--> Batch: 149, Loss: 0.7121, Label: 1, Survival Months: 11.17, Risk: -15.7371
	--> Average Speed: 0.06s per batch
	--> Time from Last Check: 1.98s
--> Batch: 199, Loss: 0.8044, Label: 13, Survival Months: 101.67, Risk: -14.1210
	--> Average Speed: 0.06s per batch
	--> Time from Last Check: 2.01s
--> Batch: 249, Loss: 0.7500, Label: 3, Survival Months: 30.92, Risk: -11.0200
	--> Average Speed: 0.06s per batch
	--> Time from Last Check: 1.85s
--> Batch: 299, Loss: 0.6970, Label: 4, Survival Months: 33.00, Risk: -18.4430
	--> Average Speed: 0.06s per batch
	--> Time from Last Check: 1.90s
--> Batch: 349, Loss: 1.0239, Label: 19, Survival Months: 280.33, Risk: -17.1094
	--> Average Speed: 0.06s per batch
	--> Time from Last Check: 1.97s
--> Batch: 399, Loss: 0.6993, Label: 4, Survival Months: 34.17, Risk: -16.9079
	--> Average Speed: 0.06s per batch
	--> Time from Last Check: 1.94s
--> Batch: 449, Loss: 0.8493, Label: 3, Survival Months: 30.50, Risk: -5.7208
	--> Average Speed: 0.06s per batch
	--> Time from Last Check: 1.89s
--> Batch: 499, Loss: 2.5260, Label: 2, Survival Months: 24.58, Risk: -5.1728
	--> Average Speed: 0.06s per batch
	--> Time from Last Check: 1.92s
--> Batch: 549, Loss: 0.7731, Label: 16, Survival Months: 160.50, Risk: -16.0039
	--> Average Speed: 0.06s per batch
	--> Time from Last Check: 1.98s
--> Batch: 599, Loss: 0.7040, Label: 13, Survival Months: 90.42, Risk: -18.4894
	--> Average Speed: 0.06s per batch
	--> Time from Last Check: 2.03s
--> Batch: 649, Loss: 0.7612, Label: 14, Survival Months: 119.50, Risk: -15.8059
	--> Average Speed: 0.06s per batch
	--> Time from Last Check: 1.92s
--> Batch: 699, Loss: 0.7061, Label: 2, Survival Months: 24.42, Risk: -16.7988
	--> Average Speed: 0.06s per batch
	--> Time from Last Check: 1.99s
--> Batch: 749, Loss: 0.7005, Label: 4, Survival Months: 34.00, Risk: -17.2108
	--> Average Speed: 0.06s per batch
	--> Time from Last Check: 2.02s
--> Batch: 799, Loss: 2.5309, Label: 2, Survival Months: 21.25, Risk: -5.3361
	--> Average Speed: 0.06s per batch
	--> Time from Last Check: 1.92s
[10/01/2025 - 02:47:43] - Epoch: 7, lr: 0.00009415, training_loss: 1.0347, training_c_index: 0.8362
[10/01/2025 - 02:47:46] - Epoch: 7, validation_loss: 1.2770, validation_c_index: 0.5104
--> No improvement in validation_loss or validation_c_index for 2 epoch(s)
--> Current BEST Score: 0.4099
	--> validation_loss: 1.2061
	--> best validation_c_index: 0.5305
[10/01/2025 - 02:47:46] - Time elapsed for epoch 7: 36s
[10/01/2025 - 02:47:46] - Epoch: 8
--> Batch: 49, Loss: 0.6951, Label: 8, Survival Months: 48.08, Risk: -18.1479
	--> Average Speed: 0.07s per batch
	--> Time from Last Check: 2.15s
--> Batch: 99, Loss: 0.7007, Label: 13, Survival Months: 97.83, Risk: -17.0921
	--> Average Speed: 0.06s per batch
	--> Time from Last Check: 1.93s
--> Batch: 149, Loss: 0.6885, Label: 4, Survival Months: 33.33, Risk: -17.3515
	--> Average Speed: 0.06s per batch
	--> Time from Last Check: 2.01s
--> Batch: 199, Loss: 0.6863, Label: 11, Survival Months: 69.75, Risk: -18.2303
	--> Average Speed: 0.06s per batch
	--> Time from Last Check: 2.01s
--> Batch: 249, Loss: 2.9047, Label: 17, Survival Months: 182.67, Risk: -15.5052
	--> Average Speed: 0.06s per batch
	--> Time from Last Check: 1.81s
--> Batch: 299, Loss: 0.6984, Label: 14, Survival Months: 103.92, Risk: -18.2082
	--> Average Speed: 0.06s per batch
	--> Time from Last Check: 1.95s
--> Batch: 349, Loss: 0.6839, Label: 7, Survival Months: 46.67, Risk: -17.6613
	--> Average Speed: 0.06s per batch
	--> Time from Last Check: 1.93s
--> Batch: 399, Loss: 0.6999, Label: 10, Survival Months: 61.67, Risk: -16.1781
	--> Average Speed: 0.06s per batch
	--> Time from Last Check: 1.97s
--> Batch: 449, Loss: 0.7245, Label: 11, Survival Months: 78.58, Risk: -15.6011
	--> Average Speed: 0.06s per batch
	--> Time from Last Check: 1.84s
--> Batch: 499, Loss: 0.6838, Label: 4, Survival Months: 32.67, Risk: -16.9670
	--> Average Speed: 0.06s per batch
	--> Time from Last Check: 1.89s
--> Batch: 549, Loss: 0.6858, Label: 7, Survival Months: 44.33, Risk: -15.8243
	--> Average Speed: 0.06s per batch
	--> Time from Last Check: 1.90s
--> Batch: 599, Loss: 0.7088, Label: 14, Survival Months: 105.00, Risk: -17.0634
	--> Average Speed: 0.06s per batch
	--> Time from Last Check: 1.93s
--> Batch: 649, Loss: 0.6720, Label: 7, Survival Months: 43.17, Risk: -17.4038
	--> Average Speed: 0.06s per batch
	--> Time from Last Check: 1.92s
--> Batch: 699, Loss: 0.6755, Label: 9, Survival Months: 55.00, Risk: -18.1723
	--> Average Speed: 0.06s per batch
	--> Time from Last Check: 1.95s
--> Batch: 749, Loss: 0.6849, Label: 13, Survival Months: 100.42, Risk: -17.8056
	--> Average Speed: 0.06s per batch
	--> Time from Last Check: 1.98s
--> Batch: 799, Loss: 0.6684, Label: 1, Survival Months: 2.58, Risk: -17.5949
	--> Average Speed: 0.06s per batch
	--> Time from Last Check: 1.91s
[10/01/2025 - 02:48:18] - Epoch: 8, lr: 0.00009321, training_loss: 0.9984, training_c_index: 0.8620
[10/01/2025 - 02:48:21] - Epoch: 8, validation_loss: 1.1891, validation_c_index: 0.5293
--> New BEST Validation Score: 0.4104, validation_loss: 1.1891, validation_c_index: 0.5293
--> Current BEST Score: 0.4104
	--> validation_loss: 1.1891
	--> best validation_c_index: 0.5293
[10/01/2025 - 02:48:22] - Time elapsed for epoch 8: 36s
[10/01/2025 - 02:48:22] - Epoch: 9
--> Batch: 49, Loss: 0.6854, Label: 10, Survival Months: 59.50, Risk: -16.7324
	--> Average Speed: 0.07s per batch
	--> Time from Last Check: 2.28s
--> Batch: 99, Loss: 0.6834, Label: 13, Survival Months: 93.33, Risk: -17.5001
	--> Average Speed: 0.06s per batch
	--> Time from Last Check: 1.93s
--> Batch: 149, Loss: 0.6653, Label: 12, Survival Months: 84.42, Risk: -18.2217
	--> Average Speed: 0.06s per batch
	--> Time from Last Check: 1.93s
--> Batch: 199, Loss: 0.6644, Label: 14, Survival Months: 103.92, Risk: -18.1694
	--> Average Speed: 0.06s per batch
	--> Time from Last Check: 1.92s
--> Batch: 249, Loss: 0.6517, Label: 7, Survival Months: 44.17, Risk: -17.6299
	--> Average Speed: 0.06s per batch
	--> Time from Last Check: 1.92s
--> Batch: 299, Loss: 2.7557, Label: 16, Survival Months: 148.42, Risk: -11.6330
	--> Average Speed: 0.06s per batch
	--> Time from Last Check: 1.94s
--> Batch: 349, Loss: 0.6678, Label: 16, Survival Months: 154.42, Risk: -17.8649
	--> Average Speed: 0.06s per batch
	--> Time from Last Check: 1.96s
--> Batch: 399, Loss: 0.6522, Label: 13, Survival Months: 99.25, Risk: -17.8229
	--> Average Speed: 0.06s per batch
	--> Time from Last Check: 1.95s
--> Batch: 449, Loss: 1.8654, Label: 0, Survival Months: 0.00, Risk: -2.3005
	--> Average Speed: 0.06s per batch
	--> Time from Last Check: 2.02s
--> Batch: 499, Loss: 0.8765, Label: 18, Survival Months: 210.08, Risk: -15.9561
	--> Average Speed: 0.06s per batch
	--> Time from Last Check: 1.85s
--> Batch: 549, Loss: 0.6404, Label: 7, Survival Months: 46.17, Risk: -18.0801
	--> Average Speed: 0.06s per batch
	--> Time from Last Check: 2.05s
--> Batch: 599, Loss: 0.6381, Label: 4, Survival Months: 33.00, Risk: -18.1163
	--> Average Speed: 0.06s per batch
	--> Time from Last Check: 1.92s
--> Batch: 649, Loss: 0.7392, Label: 16, Survival Months: 159.92, Risk: -15.0584
	--> Average Speed: 0.06s per batch
	--> Time from Last Check: 1.94s
--> Batch: 699, Loss: 0.6445, Label: 8, Survival Months: 51.33, Risk: -16.6688
	--> Average Speed: 0.06s per batch
	--> Time from Last Check: 1.98s
--> Batch: 749, Loss: 2.0587, Label: 2, Survival Months: 19.92, Risk: -2.9171
	--> Average Speed: 0.06s per batch
	--> Time from Last Check: 1.99s
--> Batch: 799, Loss: 3.0087, Label: 13, Survival Months: 97.83, Risk: -11.7121
	--> Average Speed: 0.06s per batch
	--> Time from Last Check: 1.91s
[10/01/2025 - 02:48:55] - Epoch: 9, lr: 0.00009227, training_loss: 0.9586, training_c_index: 0.8589
[10/01/2025 - 02:48:57] - Epoch: 9, validation_loss: 1.2124, validation_c_index: 0.5115
--> No improvement in validation_loss or validation_c_index for 1 epoch(s)
--> Current BEST Score: 0.4104
	--> validation_loss: 1.1891
	--> best validation_c_index: 0.5293
[10/01/2025 - 02:48:57] - Time elapsed for epoch 9: 36s
[10/01/2025 - 02:48:57] - Epoch: 10
--> Batch: 49, Loss: 1.0750, Label: 19, Survival Months: 278.50, Risk: -18.4168
	--> Average Speed: 0.07s per batch
	--> Time from Last Check: 2.25s
--> Batch: 99, Loss: 0.8055, Label: 18, Survival Months: 232.00, Risk: -18.4237
	--> Average Speed: 0.06s per batch
	--> Time from Last Check: 1.94s
--> Batch: 149, Loss: 0.6591, Label: 16, Survival Months: 145.50, Risk: -17.4690
	--> Average Speed: 0.06s per batch
	--> Time from Last Check: 2.01s
--> Batch: 199, Loss: 2.6265, Label: 3, Survival Months: 30.42, Risk: -8.2043
	--> Average Speed: 0.06s per batch
	--> Time from Last Check: 1.94s
--> Batch: 249, Loss: 0.6255, Label: 6, Survival Months: 40.67, Risk: -18.1024
	--> Average Speed: 0.06s per batch
	--> Time from Last Check: 1.90s
--> Batch: 299, Loss: 0.6237, Label: 8, Survival Months: 49.17, Risk: -18.4339
	--> Average Speed: 0.06s per batch
	--> Time from Last Check: 1.88s
--> Batch: 349, Loss: 2.5501, Label: 14, Survival Months: 106.00, Risk: -10.1089
	--> Average Speed: 0.06s per batch
	--> Time from Last Check: 1.77s
--> Batch: 399, Loss: 0.7850, Label: 19, Survival Months: 279.17, Risk: -18.5877
	--> Average Speed: 0.06s per batch
	--> Time from Last Check: 1.90s
--> Batch: 449, Loss: 0.6385, Label: 16, Survival Months: 160.42, Risk: -18.4975
	--> Average Speed: 0.06s per batch
	--> Time from Last Check: 1.87s
--> Batch: 499, Loss: 0.6167, Label: 1, Survival Months: 10.42, Risk: -18.0911
	--> Average Speed: 0.06s per batch
	--> Time from Last Check: 1.96s
--> Batch: 549, Loss: 0.6462, Label: 2, Survival Months: 24.50, Risk: -11.2922
	--> Average Speed: 0.06s per batch
	--> Time from Last Check: 1.88s
--> Batch: 599, Loss: 0.6241, Label: 0, Survival Months: 0.00, Risk: -7.3798
	--> Average Speed: 0.06s per batch
	--> Time from Last Check: 1.86s
--> Batch: 649, Loss: 0.6218, Label: 2, Survival Months: 21.00, Risk: -17.9502
	--> Average Speed: 0.06s per batch
	--> Time from Last Check: 2.00s
--> Batch: 699, Loss: 0.6347, Label: 1, Survival Months: 2.58, Risk: -10.2193
	--> Average Speed: 0.06s per batch
	--> Time from Last Check: 1.91s
--> Batch: 749, Loss: 0.6429, Label: 16, Survival Months: 162.50, Risk: -18.1472
	--> Average Speed: 0.06s per batch
	--> Time from Last Check: 1.92s
--> Batch: 799, Loss: 0.6274, Label: 9, Survival Months: 56.25, Risk: -16.3876
	--> Average Speed: 0.05s per batch
	--> Time from Last Check: 1.76s
[10/01/2025 - 02:49:29] - Epoch: 10, lr: 0.00009135, training_loss: 0.9265, training_c_index: 0.8955
[10/01/2025 - 02:49:32] - Epoch: 10, validation_loss: 1.1725, validation_c_index: 0.4983
--> No improvement in validation_loss or validation_c_index for 2 epoch(s)
--> Current BEST Score: 0.4104
	--> validation_loss: 1.1891
	--> best validation_c_index: 0.5293
[10/01/2025 - 02:49:32] - Time elapsed for epoch 10: 35s
[10/01/2025 - 02:49:32] - Epoch: 11
--> Batch: 49, Loss: 0.6440, Label: 8, Survival Months: 49.17, Risk: -14.2121
	--> Average Speed: 0.07s per batch
	--> Time from Last Check: 2.22s
--> Batch: 99, Loss: 0.6161, Label: 11, Survival Months: 75.50, Risk: -18.1210
	--> Average Speed: 0.06s per batch
	--> Time from Last Check: 1.92s
--> Batch: 149, Loss: 0.6145, Label: 11, Survival Months: 74.17, Risk: -18.0596
	--> Average Speed: 0.06s per batch
	--> Time from Last Check: 1.93s
--> Batch: 199, Loss: 0.6115, Label: 1, Survival Months: 2.83, Risk: -13.9341
	--> Average Speed: 0.06s per batch
	--> Time from Last Check: 1.89s
--> Batch: 249, Loss: 0.5989, Label: 11, Survival Months: 72.25, Risk: -19.2135
	--> Average Speed: 0.06s per batch
	--> Time from Last Check: 1.85s
--> Batch: 299, Loss: 0.5933, Label: 9, Survival Months: 54.67, Risk: -18.1889
	--> Average Speed: 0.06s per batch
	--> Time from Last Check: 1.86s
--> Batch: 349, Loss: 4.0870, Label: 17, Survival Months: 177.25, Risk: -18.6460
	--> Average Speed: 0.06s per batch
	--> Time from Last Check: 1.86s
--> Batch: 399, Loss: 0.5877, Label: 1, Survival Months: 7.67, Risk: -18.5058
	--> Average Speed: 0.06s per batch
	--> Time from Last Check: 1.87s
--> Batch: 449, Loss: 0.5846, Label: 1, Survival Months: 2.67, Risk: -18.6626
	--> Average Speed: 0.06s per batch
	--> Time from Last Check: 1.84s
--> Batch: 499, Loss: 0.6288, Label: 15, Survival Months: 122.58, Risk: -17.4878
	--> Average Speed: 0.06s per batch
	--> Time from Last Check: 1.90s
--> Batch: 549, Loss: 0.5881, Label: 6, Survival Months: 41.25, Risk: -14.4139
	--> Average Speed: 0.06s per batch
	--> Time from Last Check: 1.84s
--> Batch: 599, Loss: 0.5802, Label: 5, Survival Months: 37.33, Risk: -18.5861
	--> Average Speed: 0.06s per batch
	--> Time from Last Check: 1.94s
--> Batch: 649, Loss: 0.6100, Label: 8, Survival Months: 50.67, Risk: -14.0092
	--> Average Speed: 0.06s per batch
	--> Time from Last Check: 1.84s
--> Batch: 699, Loss: 0.6223, Label: 15, Survival Months: 129.00, Risk: -17.5806
	--> Average Speed: 0.06s per batch
	--> Time from Last Check: 1.93s
--> Batch: 749, Loss: 2.4348, Label: 2, Survival Months: 18.92, Risk: -8.5830
	--> Average Speed: 0.06s per batch
	--> Time from Last Check: 1.98s
--> Batch: 799, Loss: 0.5742, Label: 6, Survival Months: 39.83, Risk: -18.6386
	--> Average Speed: 0.06s per batch
	--> Time from Last Check: 1.93s
[10/01/2025 - 02:50:04] - Epoch: 11, lr: 0.00009044, training_loss: 0.8715, training_c_index: 0.9205
[10/01/2025 - 02:50:07] - Epoch: 11, validation_loss: 1.2528, validation_c_index: 0.4891
--> No improvement in validation_loss or validation_c_index for 3 epoch(s)
--> Current BEST Score: 0.4104
	--> validation_loss: 1.1891
	--> best validation_c_index: 0.5293
[10/01/2025 - 02:50:07] - Time elapsed for epoch 11: 35s
[10/01/2025 - 02:50:07] - Epoch: 12
--> Batch: 49, Loss: 0.5852, Label: 14, Survival Months: 112.25, Risk: -18.1897
	--> Average Speed: 0.07s per batch
	--> Time from Last Check: 2.14s
--> Batch: 99, Loss: 0.5845, Label: 16, Survival Months: 160.67, Risk: -18.5764
	--> Average Speed: 0.06s per batch
	--> Time from Last Check: 1.91s
--> Batch: 149, Loss: 0.5731, Label: 9, Survival Months: 57.25, Risk: -18.5857
	--> Average Speed: 0.06s per batch
	--> Time from Last Check: 1.91s
--> Batch: 199, Loss: 0.5723, Label: 12, Survival Months: 83.67, Risk: -18.7663
	--> Average Speed: 0.06s per batch
	--> Time from Last Check: 1.88s
--> Batch: 249, Loss: 0.5938, Label: 12, Survival Months: 87.58, Risk: -17.3803
	--> Average Speed: 0.06s per batch
	--> Time from Last Check: 1.88s
--> Batch: 299, Loss: 0.6142, Label: 9, Survival Months: 52.92, Risk: -14.6797
	--> Average Speed: 0.06s per batch
	--> Time from Last Check: 1.93s
--> Batch: 349, Loss: 0.6010, Label: 17, Survival Months: 190.75, Risk: -18.6004
	--> Average Speed: 0.06s per batch
	--> Time from Last Check: 1.98s
--> Batch: 399, Loss: 0.5864, Label: 14, Survival Months: 109.17, Risk: -18.1982
	--> Average Speed: 0.06s per batch
	--> Time from Last Check: 1.90s
--> Batch: 449, Loss: 0.5699, Label: 15, Survival Months: 136.83, Risk: -18.8197
	--> Average Speed: 0.06s per batch
	--> Time from Last Check: 1.92s
--> Batch: 499, Loss: 0.5722, Label: 0, Survival Months: 0.00, Risk: -15.0953
	--> Average Speed: 0.06s per batch
	--> Time from Last Check: 1.78s
--> Batch: 549, Loss: 0.5823, Label: 13, Survival Months: 99.25, Risk: -17.6215
	--> Average Speed: 0.06s per batch
	--> Time from Last Check: 1.91s
--> Batch: 599, Loss: 1.0264, Label: 19, Survival Months: 322.75, Risk: -18.5682
	--> Average Speed: 0.06s per batch
	--> Time from Last Check: 1.91s
--> Batch: 649, Loss: 0.6814, Label: 15, Survival Months: 139.42, Risk: -15.3508
	--> Average Speed: 0.05s per batch
	--> Time from Last Check: 1.73s
--> Batch: 699, Loss: 0.5624, Label: 6, Survival Months: 42.92, Risk: -14.6606
	--> Average Speed: 0.06s per batch
	--> Time from Last Check: 1.87s
--> Batch: 749, Loss: 0.5603, Label: 9, Survival Months: 53.58, Risk: -18.5073
	--> Average Speed: 0.06s per batch
	--> Time from Last Check: 1.99s
--> Batch: 799, Loss: 0.5553, Label: 3, Survival Months: 27.67, Risk: -18.9401
	--> Average Speed: 0.06s per batch
	--> Time from Last Check: 1.89s
[10/01/2025 - 02:50:39] - Epoch: 12, lr: 0.00008953, training_loss: 0.8432, training_c_index: 0.9263
[10/01/2025 - 02:50:41] - Epoch: 12, validation_loss: 1.2038, validation_c_index: 0.4810
--> No improvement in validation_loss or validation_c_index for 4 epoch(s)
--> Current BEST Score: 0.4104
	--> validation_loss: 1.1891
	--> best validation_c_index: 0.5293
[10/01/2025 - 02:50:41] - Time elapsed for epoch 12: 35s
[10/01/2025 - 02:50:41] - Epoch: 13
--> Batch: 49, Loss: 0.5691, Label: 7, Survival Months: 43.42, Risk: -16.3117
	--> Average Speed: 0.07s per batch
	--> Time from Last Check: 2.17s
--> Batch: 99, Loss: 0.5545, Label: 14, Survival Months: 119.75, Risk: -19.1749
	--> Average Speed: 0.06s per batch
	--> Time from Last Check: 1.86s
--> Batch: 149, Loss: 0.5590, Label: 11, Survival Months: 74.08, Risk: -17.0592
	--> Average Speed: 0.06s per batch
	--> Time from Last Check: 1.89s
--> Batch: 199, Loss: 0.5505, Label: 4, Survival Months: 33.17, Risk: -16.6240
	--> Average Speed: 0.06s per batch
	--> Time from Last Check: 1.90s
--> Batch: 249, Loss: 0.5559, Label: 3, Survival Months: 31.25, Risk: -18.1721
	--> Average Speed: 0.06s per batch
	--> Time from Last Check: 1.85s
--> Batch: 299, Loss: 0.6277, Label: 16, Survival Months: 160.50, Risk: -16.5878
	--> Average Speed: 0.06s per batch
	--> Time from Last Check: 1.96s
--> Batch: 349, Loss: 1.5603, Label: 19, Survival Months: 288.50, Risk: -19.0433
	--> Average Speed: 0.06s per batch
	--> Time from Last Check: 1.94s
--> Batch: 399, Loss: 0.5587, Label: 4, Survival Months: 33.00, Risk: -18.9229
	--> Average Speed: 0.06s per batch
	--> Time from Last Check: 1.90s
--> Batch: 449, Loss: 0.5611, Label: 10, Survival Months: 62.67, Risk: -18.9978
	--> Average Speed: 0.06s per batch
	--> Time from Last Check: 1.78s
--> Batch: 499, Loss: 0.5626, Label: 4, Survival Months: 32.08, Risk: -17.3619
	--> Average Speed: 0.06s per batch
	--> Time from Last Check: 1.89s
--> Batch: 549, Loss: 0.5596, Label: 5, Survival Months: 37.58, Risk: -15.9020
	--> Average Speed: 0.06s per batch
	--> Time from Last Check: 1.92s
--> Batch: 599, Loss: 0.5519, Label: 5, Survival Months: 35.08, Risk: -19.0457
	--> Average Speed: 0.06s per batch
	--> Time from Last Check: 1.88s
--> Batch: 649, Loss: 0.5524, Label: 6, Survival Months: 41.75, Risk: -16.8034
	--> Average Speed: 0.06s per batch
	--> Time from Last Check: 1.84s
--> Batch: 699, Loss: 0.5622, Label: 13, Survival Months: 101.00, Risk: -17.6315
	--> Average Speed: 0.06s per batch
	--> Time from Last Check: 1.92s
--> Batch: 749, Loss: 0.5473, Label: 11, Survival Months: 69.08, Risk: -18.7441
	--> Average Speed: 0.06s per batch
	--> Time from Last Check: 1.97s
--> Batch: 799, Loss: 0.5461, Label: 12, Survival Months: 83.67, Risk: -18.0999
	--> Average Speed: 0.06s per batch
	--> Time from Last Check: 1.87s
[10/01/2025 - 02:51:13] - Epoch: 13, lr: 0.00008864, training_loss: 0.8243, training_c_index: 0.9299
[10/01/2025 - 02:51:16] - Epoch: 13, validation_loss: 1.1906, validation_c_index: 0.5466
--> New BEST Validation Score: 0.4275, validation_loss: 1.1906, validation_c_index: 0.5466
--> Current BEST Score: 0.4275
	--> validation_loss: 1.1906
	--> best validation_c_index: 0.5466
[10/01/2025 - 02:51:16] - Time elapsed for epoch 13: 35s
[10/01/2025 - 02:51:16] - Epoch: 14
--> Batch: 49, Loss: 2.5827, Label: 8, Survival Months: 47.58, Risk: -13.2707
	--> Average Speed: 0.07s per batch
	--> Time from Last Check: 2.14s
--> Batch: 99, Loss: 0.5848, Label: 13, Survival Months: 100.25, Risk: -14.5303
	--> Average Speed: 0.06s per batch
	--> Time from Last Check: 1.84s
--> Batch: 149, Loss: 0.5439, Label: 14, Survival Months: 118.50, Risk: -18.4808
	--> Average Speed: 0.06s per batch
	--> Time from Last Check: 1.94s
--> Batch: 199, Loss: 0.5223, Label: 13, Survival Months: 100.42, Risk: -19.1215
	--> Average Speed: 0.06s per batch
	--> Time from Last Check: 1.87s
--> Batch: 249, Loss: 0.5155, Label: 0, Survival Months: 2.50, Risk: -15.1463
	--> Average Speed: 0.06s per batch
	--> Time from Last Check: 1.84s
--> Batch: 299, Loss: 3.2448, Label: 13, Survival Months: 92.00, Risk: -4.4829
	--> Average Speed: 0.06s per batch
	--> Time from Last Check: 1.90s
--> Batch: 349, Loss: 0.6818, Label: 19, Survival Months: 273.83, Risk: -18.9756
	--> Average Speed: 0.06s per batch
	--> Time from Last Check: 1.86s
--> Batch: 399, Loss: 0.5105, Label: 17, Survival Months: 203.50, Risk: -19.4106
	--> Average Speed: 0.06s per batch
	--> Time from Last Check: 1.89s
--> Batch: 449, Loss: 0.5079, Label: 4, Survival Months: 32.08, Risk: -19.3034
	--> Average Speed: 0.06s per batch
	--> Time from Last Check: 1.87s
--> Batch: 499, Loss: 0.5064, Label: 14, Survival Months: 110.83, Risk: -19.1579
	--> Average Speed: 0.06s per batch
	--> Time from Last Check: 1.82s
--> Batch: 549, Loss: 0.5028, Label: 4, Survival Months: 34.67, Risk: -16.6823
	--> Average Speed: 0.06s per batch
	--> Time from Last Check: 1.91s
--> Batch: 599, Loss: 0.5198, Label: 1, Survival Months: 7.00, Risk: -18.5923
	--> Average Speed: 0.06s per batch
	--> Time from Last Check: 1.87s
--> Batch: 649, Loss: 0.5308, Label: 13, Survival Months: 101.75, Risk: -18.3884
	--> Average Speed: 0.06s per batch
	--> Time from Last Check: 1.92s
--> Batch: 699, Loss: 0.5193, Label: 9, Survival Months: 56.67, Risk: -16.1612
	--> Average Speed: 0.06s per batch
	--> Time from Last Check: 1.90s
--> Batch: 749, Loss: 0.5187, Label: 5, Survival Months: 37.08, Risk: -15.6154
	--> Average Speed: 0.06s per batch
	--> Time from Last Check: 1.84s
--> Batch: 799, Loss: 0.5628, Label: 9, Survival Months: 55.50, Risk: -13.7597
	--> Average Speed: 0.06s per batch
	--> Time from Last Check: 1.96s
[10/01/2025 - 02:51:48] - Epoch: 14, lr: 0.00008775, training_loss: 0.7721, training_c_index: 0.9412
[10/01/2025 - 02:51:51] - Epoch: 14, validation_loss: 1.1274, validation_c_index: 0.4873
--> No improvement in validation_loss or validation_c_index for 1 epoch(s)
--> Current BEST Score: 0.4275
	--> validation_loss: 1.1906
	--> best validation_c_index: 0.5466
[10/01/2025 - 02:51:51] - Time elapsed for epoch 14: 35s
[10/01/2025 - 02:51:51] - Epoch: 15
--> Batch: 49, Loss: 0.5275, Label: 3, Survival Months: 31.25, Risk: -17.0653
	--> Average Speed: 0.07s per batch
	--> Time from Last Check: 2.16s
--> Batch: 99, Loss: 0.6397, Label: 16, Survival Months: 174.25, Risk: -15.0768
	--> Average Speed: 0.06s per batch
	--> Time from Last Check: 1.91s
--> Batch: 149, Loss: 0.6567, Label: 14, Survival Months: 109.00, Risk: -14.0939
	--> Average Speed: 0.06s per batch
	--> Time from Last Check: 1.91s
--> Batch: 199, Loss: 0.5081, Label: 4, Survival Months: 34.00, Risk: -18.4986
	--> Average Speed: 0.06s per batch
	--> Time from Last Check: 1.92s
--> Batch: 249, Loss: 0.8369, Label: 16, Survival Months: 163.83, Risk: -13.3601
	--> Average Speed: 0.06s per batch
	--> Time from Last Check: 1.89s
--> Batch: 299, Loss: 0.5048, Label: 6, Survival Months: 40.67, Risk: -18.5784
	--> Average Speed: 0.06s per batch
	--> Time from Last Check: 1.92s
--> Batch: 349, Loss: 3.3690, Label: 14, Survival Months: 115.67, Risk: -18.6586
	--> Average Speed: 0.06s per batch
	--> Time from Last Check: 1.95s
--> Batch: 399, Loss: 0.5421, Label: 11, Survival Months: 73.42, Risk: -14.3209
	--> Average Speed: 0.06s per batch
	--> Time from Last Check: 1.94s
--> Batch: 449, Loss: 0.4945, Label: 8, Survival Months: 48.25, Risk: -18.7627
	--> Average Speed: 0.06s per batch
	--> Time from Last Check: 1.97s
--> Batch: 499, Loss: 0.4957, Label: 3, Survival Months: 30.25, Risk: -18.2813
	--> Average Speed: 0.06s per batch
	--> Time from Last Check: 1.85s
--> Batch: 549, Loss: 0.4971, Label: 13, Survival Months: 101.67, Risk: -18.9887
	--> Average Speed: 0.06s per batch
	--> Time from Last Check: 1.94s
--> Batch: 599, Loss: 0.4963, Label: 9, Survival Months: 57.25, Risk: -18.9133
	--> Average Speed: 0.06s per batch
	--> Time from Last Check: 1.85s
--> Batch: 649, Loss: 0.5548, Label: 18, Survival Months: 206.92, Risk: -18.5772
	--> Average Speed: 0.06s per batch
	--> Time from Last Check: 1.97s
--> Batch: 699, Loss: 0.5107, Label: 0, Survival Months: 0.83, Risk: -14.5989
	--> Average Speed: 0.06s per batch
	--> Time from Last Check: 1.95s
--> Batch: 749, Loss: 0.5018, Label: 7, Survival Months: 43.58, Risk: -18.2639
	--> Average Speed: 0.06s per batch
	--> Time from Last Check: 1.89s
--> Batch: 799, Loss: 2.7871, Label: 17, Survival Months: 189.42, Risk: -18.6092
	--> Average Speed: 0.06s per batch
	--> Time from Last Check: 1.87s
[10/01/2025 - 02:52:23] - Epoch: 15, lr: 0.00008687, training_loss: 0.7720, training_c_index: 0.9239
[10/01/2025 - 02:52:26] - Epoch: 15, validation_loss: 1.1617, validation_c_index: 0.5299
--> No improvement in validation_loss or validation_c_index for 2 epoch(s)
--> Current BEST Score: 0.4275
	--> validation_loss: 1.1906
	--> best validation_c_index: 0.5466
[10/01/2025 - 02:52:26] - Time elapsed for epoch 15: 35s
[10/01/2025 - 02:52:26] - Epoch: 16
--> Batch: 49, Loss: 0.4906, Label: 5, Survival Months: 34.75, Risk: -16.7895
	--> Average Speed: 0.07s per batch
	--> Time from Last Check: 2.21s
--> Batch: 99, Loss: 0.4980, Label: 13, Survival Months: 101.58, Risk: -18.1002
	--> Average Speed: 0.06s per batch
	--> Time from Last Check: 1.84s
--> Batch: 149, Loss: 0.5193, Label: 18, Survival Months: 207.42, Risk: -18.9910
	--> Average Speed: 0.06s per batch
	--> Time from Last Check: 1.94s
--> Batch: 199, Loss: 0.4950, Label: 6, Survival Months: 41.58, Risk: -15.0855
	--> Average Speed: 0.06s per batch
	--> Time from Last Check: 1.94s
--> Batch: 249, Loss: 0.5062, Label: 10, Survival Months: 59.58, Risk: -16.3552
	--> Average Speed: 0.06s per batch
	--> Time from Last Check: 1.91s
--> Batch: 299, Loss: 0.4996, Label: 8, Survival Months: 51.67, Risk: -16.9145
	--> Average Speed: 0.06s per batch
	--> Time from Last Check: 1.87s
--> Batch: 349, Loss: 2.7804, Label: 3, Survival Months: 29.00, Risk: -7.7775
	--> Average Speed: 0.06s per batch
	--> Time from Last Check: 2.05s
--> Batch: 399, Loss: 0.5785, Label: 8, Survival Months: 50.67, Risk: -10.9222
	--> Average Speed: 0.06s per batch
	--> Time from Last Check: 1.93s
--> Batch: 449, Loss: 0.5104, Label: 14, Survival Months: 108.50, Risk: -16.7324
	--> Average Speed: 0.06s per batch
	--> Time from Last Check: 1.95s
--> Batch: 499, Loss: 0.4903, Label: 10, Survival Months: 59.50, Risk: -16.3999
	--> Average Speed: 0.06s per batch
	--> Time from Last Check: 1.92s
--> Batch: 549, Loss: 0.4987, Label: 14, Survival Months: 104.25, Risk: -18.3707
	--> Average Speed: 0.06s per batch
	--> Time from Last Check: 1.88s
--> Batch: 599, Loss: 1.7910, Label: 2, Survival Months: 19.92, Risk: -5.0621
	--> Average Speed: 0.06s per batch
	--> Time from Last Check: 1.94s
--> Batch: 649, Loss: 0.5146, Label: 18, Survival Months: 257.33, Risk: -18.3839
	--> Average Speed: 0.06s per batch
	--> Time from Last Check: 1.91s
--> Batch: 699, Loss: 0.4722, Label: 13, Survival Months: 94.83, Risk: -17.6492
	--> Average Speed: 0.06s per batch
	--> Time from Last Check: 1.87s
--> Batch: 749, Loss: 0.4639, Label: 6, Survival Months: 40.67, Risk: -18.6794
	--> Average Speed: 0.06s per batch
	--> Time from Last Check: 1.76s
--> Batch: 799, Loss: 0.4817, Label: 13, Survival Months: 93.92, Risk: -17.6375
	--> Average Speed: 0.06s per batch
	--> Time from Last Check: 1.82s
[10/01/2025 - 02:52:58] - Epoch: 16, lr: 0.00008601, training_loss: 0.7427, training_c_index: 0.9242
[10/01/2025 - 02:53:00] - Epoch: 16, validation_loss: 1.2949, validation_c_index: 0.5581
--> New BEST Validation Score: 0.4286, validation_loss: 1.2949, validation_c_index: 0.5581
--> Current BEST Score: 0.4286
	--> validation_loss: 1.2949
	--> best validation_c_index: 0.5581
[10/01/2025 - 02:53:01] - Time elapsed for epoch 16: 35s
[10/01/2025 - 02:53:01] - Epoch: 17
--> Batch: 49, Loss: 0.4685, Label: 8, Survival Months: 49.00, Risk: -18.6292
	--> Average Speed: 0.07s per batch
	--> Time from Last Check: 2.17s
--> Batch: 99, Loss: 1.1166, Label: 19, Survival Months: 327.33, Risk: -18.0467
	--> Average Speed: 0.06s per batch
	--> Time from Last Check: 1.89s
--> Batch: 149, Loss: 0.4640, Label: 1, Survival Months: 9.83, Risk: -17.6204
	--> Average Speed: 0.06s per batch
	--> Time from Last Check: 1.91s
--> Batch: 199, Loss: 1.4494, Label: 0, Survival Months: 2.50, Risk: -4.3214
	--> Average Speed: 0.06s per batch
	--> Time from Last Check: 1.95s
--> Batch: 249, Loss: 0.4569, Label: 0, Survival Months: 0.00, Risk: -13.0145
	--> Average Speed: 0.06s per batch
	--> Time from Last Check: 1.92s
--> Batch: 299, Loss: 0.4686, Label: 6, Survival Months: 40.67, Risk: -17.9396
	--> Average Speed: 0.06s per batch
	--> Time from Last Check: 1.94s
--> Batch: 349, Loss: 0.4650, Label: 4, Survival Months: 34.42, Risk: -18.9798
	--> Average Speed: 0.06s per batch
	--> Time from Last Check: 1.82s
--> Batch: 399, Loss: 0.5121, Label: 5, Survival Months: 35.92, Risk: -9.6384
	--> Average Speed: 0.06s per batch
	--> Time from Last Check: 1.89s
--> Batch: 449, Loss: 0.4623, Label: 11, Survival Months: 78.58, Risk: -18.7859
	--> Average Speed: 0.06s per batch
	--> Time from Last Check: 1.88s
--> Batch: 499, Loss: 0.4877, Label: 16, Survival Months: 151.67, Risk: -18.1648
	--> Average Speed: 0.06s per batch
	--> Time from Last Check: 1.83s
--> Batch: 549, Loss: 0.5278, Label: 13, Survival Months: 101.00, Risk: -15.0220
	--> Average Speed: 0.05s per batch
	--> Time from Last Check: 1.73s
--> Batch: 599, Loss: 0.5356, Label: 17, Survival Months: 182.58, Risk: -18.1274
	--> Average Speed: 0.06s per batch
	--> Time from Last Check: 1.88s
--> Batch: 649, Loss: 0.6325, Label: 17, Survival Months: 197.58, Risk: -15.9554
	--> Average Speed: 0.06s per batch
	--> Time from Last Check: 1.90s
--> Batch: 699, Loss: 0.4835, Label: 14, Survival Months: 105.00, Risk: -18.5198
	--> Average Speed: 0.06s per batch
	--> Time from Last Check: 1.96s
--> Batch: 749, Loss: 0.4643, Label: 0, Survival Months: 0.83, Risk: -17.8860
	--> Average Speed: 0.06s per batch
	--> Time from Last Check: 1.90s
--> Batch: 799, Loss: 0.7059, Label: 19, Survival Months: 280.33, Risk: -18.3416
	--> Average Speed: 0.06s per batch
	--> Time from Last Check: 1.90s
[10/01/2025 - 02:53:32] - Epoch: 17, lr: 0.00008515, training_loss: 0.7173, training_c_index: 0.9307
[10/01/2025 - 02:53:35] - Epoch: 17, validation_loss: 1.1470, validation_c_index: 0.5547
--> New BEST Validation Score: 0.4400, validation_loss: 1.1470, validation_c_index: 0.5547
--> Current BEST Score: 0.4400
	--> validation_loss: 1.1470
	--> best validation_c_index: 0.5547
[10/01/2025 - 02:53:36] - Time elapsed for epoch 17: 35s
[10/01/2025 - 02:53:36] - Epoch: 18
--> Batch: 49, Loss: 0.4629, Label: 13, Survival Months: 101.42, Risk: -18.7986
	--> Average Speed: 0.07s per batch
	--> Time from Last Check: 2.15s
--> Batch: 99, Loss: 0.4562, Label: 3, Survival Months: 31.25, Risk: -19.0585
	--> Average Speed: 0.06s per batch
	--> Time from Last Check: 1.96s
--> Batch: 149, Loss: 0.4558, Label: 3, Survival Months: 29.17, Risk: -18.1807
	--> Average Speed: 0.06s per batch
	--> Time from Last Check: 1.97s
--> Batch: 199, Loss: 1.3124, Label: 2, Survival Months: 18.67, Risk: -5.2193
	--> Average Speed: 0.06s per batch
	--> Time from Last Check: 1.89s
--> Batch: 249, Loss: 0.5014, Label: 15, Survival Months: 126.83, Risk: -18.0392
	--> Average Speed: 0.06s per batch
	--> Time from Last Check: 1.89s
--> Batch: 299, Loss: 1.4592, Label: 0, Survival Months: 0.08, Risk: -4.1192
	--> Average Speed: 0.06s per batch
	--> Time from Last Check: 1.96s
--> Batch: 349, Loss: 2.1062, Label: 16, Survival Months: 160.58, Risk: -12.9833
	--> Average Speed: 0.06s per batch
	--> Time from Last Check: 1.96s
--> Batch: 399, Loss: 0.5015, Label: 12, Survival Months: 81.25, Risk: -15.0639
	--> Average Speed: 0.06s per batch
	--> Time from Last Check: 1.91s
--> Batch: 449, Loss: 0.4534, Label: 9, Survival Months: 55.50, Risk: -18.2480
	--> Average Speed: 0.06s per batch
	--> Time from Last Check: 2.05s
--> Batch: 499, Loss: 0.4492, Label: 7, Survival Months: 43.50, Risk: -18.7791
	--> Average Speed: 0.06s per batch
	--> Time from Last Check: 1.96s
--> Batch: 549, Loss: 0.4539, Label: 10, Survival Months: 64.75, Risk: -16.7813
	--> Average Speed: 0.06s per batch
	--> Time from Last Check: 1.89s
--> Batch: 599, Loss: 0.4479, Label: 12, Survival Months: 81.17, Risk: -18.6416
	--> Average Speed: 0.06s per batch
	--> Time from Last Check: 1.83s
--> Batch: 649, Loss: 0.4435, Label: 9, Survival Months: 53.33, Risk: -18.4112
	--> Average Speed: 0.06s per batch
	--> Time from Last Check: 1.84s
--> Batch: 699, Loss: 3.6591, Label: 14, Survival Months: 115.67, Risk: -4.6203
	--> Average Speed: 0.06s per batch
	--> Time from Last Check: 1.97s
--> Batch: 749, Loss: 2.9003, Label: 7, Survival Months: 43.67, Risk: -7.8562
	--> Average Speed: 0.06s per batch
	--> Time from Last Check: 1.94s
--> Batch: 799, Loss: 0.8478, Label: 18, Survival Months: 218.50, Risk: -18.0039
	--> Average Speed: 0.06s per batch
	--> Time from Last Check: 1.98s
[10/01/2025 - 02:54:08] - Epoch: 18, lr: 0.00008429, training_loss: 0.6972, training_c_index: 0.9328
[10/01/2025 - 02:54:11] - Epoch: 18, validation_loss: 1.1753, validation_c_index: 0.5109
--> No improvement in validation_loss or validation_c_index for 1 epoch(s)
--> Current BEST Score: 0.4400
	--> validation_loss: 1.1470
	--> best validation_c_index: 0.5547
[10/01/2025 - 02:54:11] - Time elapsed for epoch 18: 35s
[10/01/2025 - 02:54:11] - Epoch: 19
--> Batch: 49, Loss: 0.4555, Label: 6, Survival Months: 39.08, Risk: -15.0611
	--> Average Speed: 0.07s per batch
	--> Time from Last Check: 2.24s
--> Batch: 99, Loss: 1.0636, Label: 18, Survival Months: 247.08, Risk: -18.6136
	--> Average Speed: 0.06s per batch
	--> Time from Last Check: 1.95s
--> Batch: 149, Loss: 0.4490, Label: 1, Survival Months: 6.33, Risk: -18.3081
	--> Average Speed: 0.06s per batch
	--> Time from Last Check: 1.97s
--> Batch: 199, Loss: 0.4469, Label: 14, Survival Months: 109.00, Risk: -19.0942
	--> Average Speed: 0.06s per batch
	--> Time from Last Check: 1.92s
--> Batch: 249, Loss: 0.4441, Label: 8, Survival Months: 47.83, Risk: -17.7868
	--> Average Speed: 0.06s per batch
	--> Time from Last Check: 1.91s
--> Batch: 299, Loss: 0.4405, Label: 3, Survival Months: 30.25, Risk: -18.9782
	--> Average Speed: 0.06s per batch
	--> Time from Last Check: 1.82s
--> Batch: 349, Loss: 0.4453, Label: 6, Survival Months: 39.17, Risk: -17.4594
	--> Average Speed: 0.06s per batch
	--> Time from Last Check: 1.87s
--> Batch: 399, Loss: 3.8725, Label: 11, Survival Months: 78.58, Risk: -10.3200
	--> Average Speed: 0.06s per batch
	--> Time from Last Check: 1.94s
--> Batch: 449, Loss: 0.4660, Label: 13, Survival Months: 96.83, Risk: -18.2251
	--> Average Speed: 0.06s per batch
	--> Time from Last Check: 1.87s
--> Batch: 499, Loss: 0.4509, Label: 1, Survival Months: 10.42, Risk: -17.1938
	--> Average Speed: 0.06s per batch
	--> Time from Last Check: 1.77s
--> Batch: 549, Loss: 0.4722, Label: 9, Survival Months: 54.25, Risk: -14.9489
	--> Average Speed: 0.06s per batch
	--> Time from Last Check: 1.92s
--> Batch: 599, Loss: 1.6696, Label: 2, Survival Months: 24.58, Risk: -7.7572
	--> Average Speed: 0.06s per batch
	--> Time from Last Check: 1.90s
--> Batch: 649, Loss: 0.4534, Label: 13, Survival Months: 94.83, Risk: -18.3872
	--> Average Speed: 0.06s per batch
	--> Time from Last Check: 2.00s
--> Batch: 699, Loss: 0.4393, Label: 8, Survival Months: 51.00, Risk: -17.4394
	--> Average Speed: 0.06s per batch
	--> Time from Last Check: 1.94s
--> Batch: 749, Loss: 0.6009, Label: 19, Survival Months: 273.58, Risk: -18.7527
	--> Average Speed: 0.06s per batch
	--> Time from Last Check: 1.95s
--> Batch: 799, Loss: 0.4327, Label: 11, Survival Months: 69.92, Risk: -18.2460
	--> Average Speed: 0.06s per batch
	--> Time from Last Check: 1.99s
[10/01/2025 - 02:54:43] - Epoch: 19, lr: 0.00008345, training_loss: 0.6873, training_c_index: 0.9294
[10/01/2025 - 02:54:46] - Epoch: 19, validation_loss: 1.1288, validation_c_index: 0.5742
--> New BEST Validation Score: 0.4613, validation_loss: 1.1288, validation_c_index: 0.5742
--> Current BEST Score: 0.4613
	--> validation_loss: 1.1288
	--> best validation_c_index: 0.5742
[10/01/2025 - 02:54:46] - Time elapsed for epoch 19: 35s
[10/01/2025 - 02:54:46] - Epoch: 20
--> Batch: 49, Loss: 0.4648, Label: 17, Survival Months: 203.50, Risk: -18.6948
	--> Average Speed: 0.07s per batch
	--> Time from Last Check: 2.19s
--> Batch: 99, Loss: 0.4312, Label: 3, Survival Months: 27.17, Risk: -18.9167
	--> Average Speed: 0.06s per batch
	--> Time from Last Check: 1.96s
--> Batch: 149, Loss: 0.4285, Label: 12, Survival Months: 85.50, Risk: -18.8455
	--> Average Speed: 0.06s per batch
	--> Time from Last Check: 2.02s
--> Batch: 199, Loss: 0.4274, Label: 3, Survival Months: 28.25, Risk: -19.0955
	--> Average Speed: 0.06s per batch
	--> Time from Last Check: 1.95s
--> Batch: 249, Loss: 0.4262, Label: 10, Survival Months: 58.92, Risk: -18.4762
	--> Average Speed: 0.06s per batch
	--> Time from Last Check: 1.91s
--> Batch: 299, Loss: 0.4246, Label: 7, Survival Months: 45.92, Risk: -18.8143
	--> Average Speed: 0.06s per batch
	--> Time from Last Check: 1.85s
--> Batch: 349, Loss: 0.4342, Label: 10, Survival Months: 62.67, Risk: -16.1123
	--> Average Speed: 0.06s per batch
	--> Time from Last Check: 1.84s
--> Batch: 399, Loss: 0.4227, Label: 2, Survival Months: 25.33, Risk: -16.1810
	--> Average Speed: 0.06s per batch
	--> Time from Last Check: 1.92s
--> Batch: 449, Loss: 0.4161, Label: 2, Survival Months: 20.17, Risk: -19.2267
	--> Average Speed: 0.06s per batch
	--> Time from Last Check: 1.90s
--> Batch: 499, Loss: 0.4124, Label: 5, Survival Months: 36.08, Risk: -17.6291
	--> Average Speed: 0.06s per batch
	--> Time from Last Check: 1.90s
--> Batch: 549, Loss: 0.4323, Label: 18, Survival Months: 248.00, Risk: -18.7513
	--> Average Speed: 0.06s per batch
	--> Time from Last Check: 1.87s
--> Batch: 599, Loss: 2.6521, Label: 13, Survival Months: 96.00, Risk: -16.8521
	--> Average Speed: 0.06s per batch
	--> Time from Last Check: 1.88s
--> Batch: 649, Loss: 0.4169, Label: 6, Survival Months: 40.00, Risk: -17.7096
	--> Average Speed: 0.06s per batch
	--> Time from Last Check: 1.93s
--> Batch: 699, Loss: 0.4206, Label: 14, Survival Months: 110.83, Risk: -19.0839
	--> Average Speed: 0.06s per batch
	--> Time from Last Check: 1.83s
--> Batch: 749, Loss: 0.8434, Label: 19, Survival Months: 593.83, Risk: -18.0512
	--> Average Speed: 0.06s per batch
	--> Time from Last Check: 1.91s
--> Batch: 799, Loss: 0.4251, Label: 3, Survival Months: 30.92, Risk: -12.6648
	--> Average Speed: 0.06s per batch
	--> Time from Last Check: 1.83s
[10/01/2025 - 02:55:18] - Epoch: 20, lr: 0.00008262, training_loss: 0.6269, training_c_index: 0.9565
--> Saving model into checkpoints/MCAT_TCGA-BRCA-GE-ME_E20_202501100255.pt
[10/01/2025 - 02:55:21] - Epoch: 20, validation_loss: 1.3028, validation_c_index: 0.5449
--> No improvement in validation_loss or validation_c_index for 1 epoch(s)
--> Current BEST Score: 0.4613
	--> validation_loss: 1.1288
	--> best validation_c_index: 0.5742
[10/01/2025 - 02:55:21] - Time elapsed for epoch 20: 35s
[10/01/2025 - 02:55:21] - Epoch: 21
--> Batch: 49, Loss: 0.4196, Label: 11, Survival Months: 75.67, Risk: -19.0538
	--> Average Speed: 0.07s per batch
	--> Time from Last Check: 2.17s
--> Batch: 99, Loss: 0.4219, Label: 2, Survival Months: 22.75, Risk: -15.5472
	--> Average Speed: 0.06s per batch
	--> Time from Last Check: 1.88s
--> Batch: 149, Loss: 0.4213, Label: 12, Survival Months: 87.58, Risk: -18.9765
	--> Average Speed: 0.06s per batch
	--> Time from Last Check: 1.92s
--> Batch: 199, Loss: 0.4288, Label: 17, Survival Months: 179.25, Risk: -19.1588
	--> Average Speed: 0.06s per batch
	--> Time from Last Check: 1.96s
--> Batch: 249, Loss: 0.4265, Label: 17, Survival Months: 194.17, Risk: -19.0593
	--> Average Speed: 0.06s per batch
	--> Time from Last Check: 1.94s
--> Batch: 299, Loss: 0.4141, Label: 7, Survival Months: 45.42, Risk: -19.2580
	--> Average Speed: 0.06s per batch
	--> Time from Last Check: 1.87s
--> Batch: 349, Loss: 0.4108, Label: 4, Survival Months: 31.75, Risk: -18.9724
	--> Average Speed: 0.06s per batch
	--> Time from Last Check: 1.98s
--> Batch: 399, Loss: 0.4094, Label: 13, Survival Months: 97.08, Risk: -19.0706
	--> Average Speed: 0.06s per batch
	--> Time from Last Check: 1.91s
--> Batch: 449, Loss: 0.4210, Label: 12, Survival Months: 86.83, Risk: -17.7200
	--> Average Speed: 0.06s per batch
	--> Time from Last Check: 1.97s
--> Batch: 499, Loss: 0.4297, Label: 9, Survival Months: 52.92, Risk: -15.0717
	--> Average Speed: 0.06s per batch
	--> Time from Last Check: 1.90s
--> Batch: 549, Loss: 0.4008, Label: 0, Survival Months: 0.83, Risk: -18.4553
	--> Average Speed: 0.06s per batch
	--> Time from Last Check: 1.91s
--> Batch: 599, Loss: 0.7791, Label: 18, Survival Months: 242.58, Risk: -18.3495
	--> Average Speed: 0.06s per batch
	--> Time from Last Check: 1.93s
--> Batch: 649, Loss: 0.4033, Label: 0, Survival Months: 0.00, Risk: -19.0506
	--> Average Speed: 0.06s per batch
	--> Time from Last Check: 1.92s
--> Batch: 699, Loss: 0.4077, Label: 12, Survival Months: 85.58, Risk: -19.4342
	--> Average Speed: 0.06s per batch
	--> Time from Last Check: 1.86s
--> Batch: 749, Loss: 0.4176, Label: 11, Survival Months: 69.50, Risk: -19.1350
	--> Average Speed: 0.06s per batch
	--> Time from Last Check: 1.96s
--> Batch: 799, Loss: 0.4193, Label: 15, Survival Months: 126.83, Risk: -18.5075
	--> Average Speed: 0.06s per batch
	--> Time from Last Check: 1.89s
[10/01/2025 - 02:55:53] - Epoch: 21, lr: 0.00008179, training_loss: 0.6281, training_c_index: 0.9555
[10/01/2025 - 02:55:56] - Epoch: 21, validation_loss: 1.1860, validation_c_index: 0.6059
--> New BEST Validation Score: 0.4873, validation_loss: 1.1860, validation_c_index: 0.6059
--> Current BEST Score: 0.4873
	--> validation_loss: 1.1860
	--> best validation_c_index: 0.6059
[10/01/2025 - 02:55:57] - Time elapsed for epoch 21: 35s
[10/01/2025 - 02:55:57] - Epoch: 22
--> Batch: 49, Loss: 0.4218, Label: 10, Survival Months: 63.50, Risk: -18.9493
	--> Average Speed: 0.07s per batch
	--> Time from Last Check: 2.16s
--> Batch: 99, Loss: 0.4227, Label: 12, Survival Months: 87.25, Risk: -19.1912
	--> Average Speed: 0.06s per batch
	--> Time from Last Check: 1.88s
--> Batch: 149, Loss: 0.4208, Label: 7, Survival Months: 45.50, Risk: -17.7466
	--> Average Speed: 0.06s per batch
	--> Time from Last Check: 1.90s
--> Batch: 199, Loss: 0.4153, Label: 1, Survival Months: 15.50, Risk: -18.8274
	--> Average Speed: 0.06s per batch
	--> Time from Last Check: 1.84s
--> Batch: 249, Loss: 2.3025, Label: 14, Survival Months: 115.67, Risk: -10.6337
	--> Average Speed: 0.06s per batch
	--> Time from Last Check: 1.81s
--> Batch: 299, Loss: 0.5676, Label: 19, Survival Months: 431.33, Risk: -19.2304
	--> Average Speed: 0.06s per batch
	--> Time from Last Check: 1.87s
--> Batch: 349, Loss: nan, Label: 2, Survival Months: 18.92, Risk: nan
	--> Average Speed: 0.06s per batch
	--> Time from Last Check: 1.94s
--> Batch: 399, Loss: nan, Label: 6, Survival Months: 41.33, Risk: nan
	--> Average Speed: 0.06s per batch
	--> Time from Last Check: 1.88s
--> Batch: 449, Loss: nan, Label: 19, Survival Months: 478.25, Risk: nan
	--> Average Speed: 0.06s per batch
	--> Time from Last Check: 1.93s
--> Batch: 499, Loss: nan, Label: 0, Survival Months: 1.75, Risk: nan
	--> Average Speed: 0.06s per batch
	--> Time from Last Check: 1.98s
--> Batch: 549, Loss: nan, Label: 10, Survival Months: 63.33, Risk: nan
	--> Average Speed: 0.06s per batch
	--> Time from Last Check: 1.91s
--> Batch: 599, Loss: nan, Label: 1, Survival Months: 2.83, Risk: nan
	--> Average Speed: 0.06s per batch
	--> Time from Last Check: 1.92s
--> Batch: 649, Loss: nan, Label: 14, Survival Months: 113.58, Risk: nan
	--> Average Speed: 0.06s per batch
	--> Time from Last Check: 1.88s
--> Batch: 699, Loss: nan, Label: 0, Survival Months: 0.83, Risk: nan
	--> Average Speed: 0.06s per batch
	--> Time from Last Check: 1.85s
--> Batch: 749, Loss: nan, Label: 10, Survival Months: 65.25, Risk: nan
	--> Average Speed: 0.06s per batch
	--> Time from Last Check: 1.92s
--> Batch: 799, Loss: nan, Label: 15, Survival Months: 133.00, Risk: nan
	--> Average Speed: 0.06s per batch
	--> Time from Last Check: 1.90s
[1;34mwandb[0m:  View run [33mlucas_job_2505420[0m at: [34mhttps://wandb.ai/luca_inghilterra-unimore/TCGA-BRCA-GE-ME-COMP/runs/diyjvq7c[0m
[1;34mwandb[0m: Find logs at: [1;35mwandb/run-20250110_024306-diyjvq7c/logs[0m
