Environment conda activated
Job 2503912 started

#################### [07/01/2025 - 02:42:01] - MCAT started ####################
HOSTNAME: nullazzo

WANDB: setting up for report

CUDA: available
--> Device count: 1
--> Using device: Quadro RTX 6000
--> Running on CUDA

DATASET: Loading data
--> Remaining samples after removing incomplete: 742
--> Class intervals: [
	0: [0.00 - 9.68]
	1: [9.68 - 24.60]
	2: [24.60 - 30.34]
	3: [30.34 - 33.52]
	4: [33.52 - 36.60]
	5: [36.60 - 39.75]
	6: [39.75 - 43.45]
	7: [43.45 - 47.78]
	8: [47.78 - 51.67]
	9: [51.67 - 56.66]
	10: [56.66 - 66.00]
	11: [66.00 - 78.32]
	12: [78.32 - 89.10]
	13: [89.10 - 102.75]
	14: [102.75 - 122.04]
	15: [122.04 - 143.07]
	16: [143.07 - 173.40]
	17: [173.40 - 206.80]
	18: [206.80 - 268.52]
	19: [268.52 - 593.83]
    ]
--> Standardizing RNA-seq data
--> Standardizing Methylation Islands beta values
--> Gene Expression Signatures size: [19938]
--> Methylation Signatures size: [33161]
--> Using 80% training, 20% validation
--> Training Set: [593], Validation Set: [149]

MODEL: MCAT
--> Trainable parameters of MCAT: 16694550
--> Loss function: CrossEntropySurvivalLoss
--> Optimizer: adam

################## [07/01/2025 - 02:43:20] - Training started ##################
[07/01/2025 - 02:43:20] - Epoch: 1
--> Batch: 49, Loss: 0.1285, Label: 0, Survival Months: 5.83, Risk: -1.0736
	--> Average Speed: 0.07s per batch
	--> Time from Last Check: 2.25s
--> Batch: 99, Loss: 1.1665, Label: 8, Survival Months: 47.83, Risk: -1.0775
	--> Average Speed: 0.05s per batch
	--> Time from Last Check: 1.53s
--> Batch: 149, Loss: 1.3715, Label: 10, Survival Months: 60.58, Risk: -1.1718
	--> Average Speed: 0.05s per batch
	--> Time from Last Check: 1.53s
--> Batch: 199, Loss: 5.1994, Label: 10, Survival Months: 65.42, Risk: -1.3084
	--> Average Speed: 0.05s per batch
	--> Time from Last Check: 1.52s
--> Batch: 249, Loss: 1.4840, Label: 15, Survival Months: 137.33, Risk: -1.9054
	--> Average Speed: 0.05s per batch
	--> Time from Last Check: 1.53s
--> Batch: 299, Loss: 0.3041, Label: 4, Survival Months: 35.67, Risk: -2.6918
	--> Average Speed: 0.05s per batch
	--> Time from Last Check: 1.52s
--> Batch: 349, Loss: 0.4417, Label: 8, Survival Months: 49.67, Risk: -3.7563
	--> Average Speed: 0.05s per batch
	--> Time from Last Check: 1.52s
--> Batch: 399, Loss: 0.0679, Label: 3, Survival Months: 30.50, Risk: -7.3280
	--> Average Speed: 0.05s per batch
	--> Time from Last Check: 1.53s
--> Batch: 449, Loss: 0.0995, Label: 6, Survival Months: 41.75, Risk: -9.4697
	--> Average Speed: 0.05s per batch
	--> Time from Last Check: 1.52s
--> Batch: 499, Loss: 0.0475, Label: 7, Survival Months: 44.33, Risk: -13.3526
	--> Average Speed: 0.05s per batch
	--> Time from Last Check: 1.51s
--> Batch: 549, Loss: 0.4082, Label: 19, Survival Months: 352.75, Risk: -15.2108
	--> Average Speed: 0.05s per batch
	--> Time from Last Check: 1.49s
[07/01/2025 - 02:43:39] - Epoch: 1, lr: 0.00010000, train_loss: 1.1791, train_c_index: 0.5214
[07/01/2025 - 02:43:40] - Epoch: 1, val_loss: 0.4610, val_c_index: 0.6169
[07/01/2025 - 02:43:40] - Time elapsed for epoch 1: 20s
[07/01/2025 - 02:43:40] - Epoch: 2
--> Batch: 49, Loss: 0.0111, Label: 7, Survival Months: 45.08, Risk: -16.8975
	--> Average Speed: 0.03s per batch
	--> Time from Last Check: 0.92s
--> Batch: 99, Loss: 0.0049, Label: 4, Survival Months: 36.58, Risk: -17.2359
	--> Average Speed: 0.04s per batch
	--> Time from Last Check: 1.40s
--> Batch: 149, Loss: 0.0858, Label: 16, Survival Months: 150.58, Risk: -15.8212
	--> Average Speed: 0.05s per batch
	--> Time from Last Check: 1.58s
--> Batch: 199, Loss: 0.0090, Label: 1, Survival Months: 20.83, Risk: -15.3778
	--> Average Speed: 0.05s per batch
	--> Time from Last Check: 1.54s
--> Batch: 249, Loss: 0.0669, Label: 12, Survival Months: 81.08, Risk: -14.3800
	--> Average Speed: 0.05s per batch
	--> Time from Last Check: 1.54s
--> Batch: 299, Loss: 0.3700, Label: 19, Survival Months: 275.58, Risk: -14.8496
	--> Average Speed: 0.05s per batch
	--> Time from Last Check: 1.54s
--> Batch: 349, Loss: 0.1096, Label: 15, Survival Months: 129.17, Risk: -14.7008
	--> Average Speed: 0.05s per batch
	--> Time from Last Check: 1.55s
--> Batch: 399, Loss: 0.0142, Label: 4, Survival Months: 34.08, Risk: -15.6741
	--> Average Speed: 0.05s per batch
	--> Time from Last Check: 1.54s
--> Batch: 449, Loss: 0.1371, Label: 16, Survival Months: 166.33, Risk: -14.3617
	--> Average Speed: 0.05s per batch
	--> Time from Last Check: 1.56s
--> Batch: 499, Loss: 0.0280, Label: 4, Survival Months: 34.33, Risk: -13.3353
	--> Average Speed: 0.05s per batch
	--> Time from Last Check: 1.54s
--> Batch: 549, Loss: 0.1767, Label: 15, Survival Months: 134.42, Risk: -13.1136
	--> Average Speed: 0.05s per batch
	--> Time from Last Check: 1.54s
[07/01/2025 - 02:43:57] - Epoch: 2, lr: 0.00009000, train_loss: 0.3845, train_c_index: 0.4618
[07/01/2025 - 02:43:58] - Epoch: 2, val_loss: 0.4112, val_c_index: 0.5682
[07/01/2025 - 02:43:58] - Time elapsed for epoch 2: 19s
[07/01/2025 - 02:43:58] - Epoch: 3
--> Batch: 49, Loss: 2.4309, Label: 15, Survival Months: 137.42, Risk: -15.1379
	--> Average Speed: 0.05s per batch
	--> Time from Last Check: 1.49s
--> Batch: 99, Loss: 0.0666, Label: 11, Survival Months: 69.08, Risk: -13.6969
	--> Average Speed: 0.05s per batch
	--> Time from Last Check: 1.53s
--> Batch: 149, Loss: 0.0230, Label: 7, Survival Months: 44.42, Risk: -15.6392
	--> Average Speed: 0.05s per batch
	--> Time from Last Check: 1.53s
--> Batch: 199, Loss: 0.0369, Label: 10, Survival Months: 57.25, Risk: -15.2146
	--> Average Speed: 0.05s per batch
	--> Time from Last Check: 1.53s
--> Batch: 249, Loss: 0.0306, Label: 11, Survival Months: 66.25, Risk: -15.8885
	--> Average Speed: 0.05s per batch
	--> Time from Last Check: 1.53s
--> Batch: 299, Loss: 0.0634, Label: 13, Survival Months: 95.08, Risk: -14.9382
	--> Average Speed: 0.05s per batch
	--> Time from Last Check: 1.53s
--> Batch: 349, Loss: 0.0433, Label: 11, Survival Months: 69.75, Risk: -14.8342
	--> Average Speed: 0.05s per batch
	--> Time from Last Check: 1.53s
--> Batch: 399, Loss: 0.1073, Label: 15, Survival Months: 135.00, Risk: -15.1009
	--> Average Speed: 0.05s per batch
	--> Time from Last Check: 1.53s
--> Batch: 449, Loss: 0.0238, Label: 11, Survival Months: 75.92, Risk: -16.3838
	--> Average Speed: 0.05s per batch
	--> Time from Last Check: 1.52s
--> Batch: 499, Loss: 0.0327, Label: 12, Survival Months: 84.00, Risk: -16.3736
	--> Average Speed: 0.05s per batch
	--> Time from Last Check: 1.53s
--> Batch: 549, Loss: 0.0280, Label: 11, Survival Months: 74.58, Risk: -16.2026
	--> Average Speed: 0.05s per batch
	--> Time from Last Check: 1.53s
[07/01/2025 - 02:44:17] - Epoch: 3, lr: 0.00008100, train_loss: 0.3585, train_c_index: 0.6362
[07/01/2025 - 02:44:18] - Epoch: 3, val_loss: 0.4262, val_c_index: 0.5612
[07/01/2025 - 02:44:18] - Time elapsed for epoch 3: 19s
[07/01/2025 - 02:44:18] - Epoch: 4
--> Batch: 49, Loss: 0.2439, Label: 18, Survival Months: 210.08, Risk: -14.4945
	--> Average Speed: 0.05s per batch
	--> Time from Last Check: 1.49s
--> Batch: 99, Loss: 0.0451, Label: 13, Survival Months: 94.83, Risk: -15.8028
	--> Average Speed: 0.05s per batch
	--> Time from Last Check: 1.52s
--> Batch: 149, Loss: 0.0459, Label: 10, Survival Months: 62.83, Risk: -14.3034
	--> Average Speed: 0.05s per batch
	--> Time from Last Check: 1.53s
--> Batch: 199, Loss: 0.1057, Label: 15, Survival Months: 127.33, Risk: -15.1400
	--> Average Speed: 0.05s per batch
	--> Time from Last Check: 1.54s
--> Batch: 249, Loss: 0.0339, Label: 6, Survival Months: 41.75, Risk: -13.1053
	--> Average Speed: 0.05s per batch
	--> Time from Last Check: 1.53s
--> Batch: 299, Loss: 0.0279, Label: 9, Survival Months: 52.58, Risk: -15.1283
	--> Average Speed: 0.05s per batch
	--> Time from Last Check: 1.53s
--> Batch: 349, Loss: 0.0133, Label: 3, Survival Months: 30.42, Risk: -15.2868
	--> Average Speed: 0.05s per batch
	--> Time from Last Check: 1.53s
--> Batch: 399, Loss: 0.1622, Label: 17, Survival Months: 182.58, Risk: -15.3242
	--> Average Speed: 0.05s per batch
	--> Time from Last Check: 1.53s
--> Batch: 449, Loss: 0.0313, Label: 10, Survival Months: 62.33, Risk: -15.3183
	--> Average Speed: 0.05s per batch
	--> Time from Last Check: 1.53s
--> Batch: 499, Loss: 0.0712, Label: 14, Survival Months: 107.92, Risk: -15.6990
	--> Average Speed: 0.05s per batch
	--> Time from Last Check: 1.53s
--> Batch: 549, Loss: 0.0164, Label: 7, Survival Months: 46.67, Risk: -15.8663
	--> Average Speed: 0.05s per batch
	--> Time from Last Check: 1.53s
[07/01/2025 - 02:44:36] - Epoch: 4, lr: 0.00007290, train_loss: 0.3444, train_c_index: 0.7417
[07/01/2025 - 02:44:37] - Epoch: 4, val_loss: 0.4497, val_c_index: 0.4965
[07/01/2025 - 02:44:37] - Time elapsed for epoch 4: 19s
[07/01/2025 - 02:44:37] - Epoch: 5
--> Batch: 49, Loss: 0.0621, Label: 16, Survival Months: 150.58, Risk: -16.8844
	--> Average Speed: 0.05s per batch
	--> Time from Last Check: 1.53s
--> Batch: 99, Loss: 0.0023, Label: 0, Survival Months: 0.00, Risk: -16.1519
	--> Average Speed: 0.05s per batch
	--> Time from Last Check: 1.57s
--> Batch: 149, Loss: 0.0197, Label: 8, Survival Months: 50.92, Risk: -15.9123
	--> Average Speed: 0.05s per batch
	--> Time from Last Check: 1.52s
--> Batch: 199, Loss: 0.0698, Label: 15, Survival Months: 135.00, Risk: -16.4014
	--> Average Speed: 0.05s per batch
	--> Time from Last Check: 1.53s
--> Batch: 249, Loss: 0.0348, Label: 11, Survival Months: 71.00, Risk: -15.6204
	--> Average Speed: 0.05s per batch
	--> Time from Last Check: 1.54s
--> Batch: 299, Loss: 0.0015, Label: 0, Survival Months: 5.33, Risk: -16.5703
	--> Average Speed: 0.05s per batch
	--> Time from Last Check: 1.57s
--> Batch: 349, Loss: 0.0082, Label: 4, Survival Months: 35.25, Risk: -16.4301
	--> Average Speed: 0.05s per batch
	--> Time from Last Check: 1.56s
--> Batch: 399, Loss: 0.0525, Label: 10, Survival Months: 62.25, Risk: -13.9311
	--> Average Speed: 0.05s per batch
	--> Time from Last Check: 1.52s
--> Batch: 449, Loss: 0.0118, Label: 4, Survival Months: 34.33, Risk: -15.6613
	--> Average Speed: 0.05s per batch
	--> Time from Last Check: 1.52s
--> Batch: 499, Loss: 2.2342, Label: 17, Survival Months: 177.25, Risk: -10.5318
	--> Average Speed: 0.05s per batch
	--> Time from Last Check: 1.53s
--> Batch: 549, Loss: 1.3134, Label: 19, Survival Months: 288.50, Risk: -16.1861
	--> Average Speed: 0.05s per batch
	--> Time from Last Check: 1.53s
[07/01/2025 - 02:44:56] - Epoch: 5, lr: 0.00006561, train_loss: 0.3189, train_c_index: 0.8328
[07/01/2025 - 02:44:57] - Epoch: 5, val_loss: 0.4668, val_c_index: 0.4388
[07/01/2025 - 02:44:57] - Time elapsed for epoch 5: 20s
[07/01/2025 - 02:44:57] - Epoch: 6
--> Batch: 49, Loss: 0.0117, Label: 5, Survival Months: 39.67, Risk: -15.5032
	--> Average Speed: 0.04s per batch
	--> Time from Last Check: 1.39s
--> Batch: 99, Loss: 0.0856, Label: 15, Survival Months: 137.33, Risk: -15.9543
	--> Average Speed: 0.05s per batch
	--> Time from Last Check: 1.52s
--> Batch: 149, Loss: 0.0053, Label: 4, Survival Months: 34.75, Risk: -16.8255
	--> Average Speed: 0.05s per batch
	--> Time from Last Check: 1.53s
--> Batch: 199, Loss: 0.0136, Label: 9, Survival Months: 55.33, Risk: -16.4515
	--> Average Speed: 0.05s per batch
	--> Time from Last Check: 1.55s
--> Batch: 249, Loss: 2.6307, Label: 11, Survival Months: 76.00, Risk: -10.2515
	--> Average Speed: 0.05s per batch
	--> Time from Last Check: 1.57s
--> Batch: 299, Loss: 0.0606, Label: 16, Survival Months: 170.08, Risk: -17.0620
	--> Average Speed: 0.05s per batch
	--> Time from Last Check: 1.57s
--> Batch: 349, Loss: 0.0598, Label: 16, Survival Months: 155.42, Risk: -17.0813
	--> Average Speed: 0.05s per batch
	--> Time from Last Check: 1.57s
--> Batch: 399, Loss: 0.0178, Label: 11, Survival Months: 76.42, Risk: -16.7346
	--> Average Speed: 0.05s per batch
	--> Time from Last Check: 1.57s
--> Batch: 449, Loss: 0.1031, Label: 15, Survival Months: 140.33, Risk: -15.3864
	--> Average Speed: 0.05s per batch
	--> Time from Last Check: 1.57s
--> Batch: 499, Loss: 0.0633, Label: 11, Survival Months: 76.50, Risk: -13.6140
	--> Average Speed: 0.05s per batch
	--> Time from Last Check: 1.54s
--> Batch: 549, Loss: 0.0058, Label: 6, Survival Months: 41.33, Risk: -16.5029
	--> Average Speed: 0.05s per batch
	--> Time from Last Check: 1.54s
[07/01/2025 - 02:45:15] - Epoch: 6, lr: 0.00005905, train_loss: 0.2956, train_c_index: 0.8915
[07/01/2025 - 02:45:16] - Epoch: 6, val_loss: 0.5092, val_c_index: 0.4119
[07/01/2025 - 02:45:16] - Time elapsed for epoch 6: 19s
[07/01/2025 - 02:45:16] - Epoch: 7
--> Batch: 49, Loss: 0.0182, Label: 12, Survival Months: 81.17, Risk: -17.0717
	--> Average Speed: 0.05s per batch
	--> Time from Last Check: 1.52s
--> Batch: 99, Loss: 0.0165, Label: 1, Survival Months: 13.58, Risk: -12.4913
	--> Average Speed: 0.05s per batch
	--> Time from Last Check: 1.51s
--> Batch: 149, Loss: 0.0169, Label: 9, Survival Months: 52.00, Risk: -15.8876
	--> Average Speed: 0.05s per batch
	--> Time from Last Check: 1.54s
--> Batch: 199, Loss: 0.3163, Label: 19, Survival Months: 478.25, Risk: -16.6769
	--> Average Speed: 0.05s per batch
	--> Time from Last Check: 1.53s
--> Batch: 249, Loss: 1.3754, Label: 19, Survival Months: 549.42, Risk: -17.0097
	--> Average Speed: 0.05s per batch
	--> Time from Last Check: 1.53s
--> Batch: 299, Loss: 0.3047, Label: 19, Survival Months: 588.92, Risk: -16.8952
	--> Average Speed: 0.05s per batch
	--> Time from Last Check: 1.54s
--> Batch: 349, Loss: 0.0020, Label: 4, Survival Months: 35.83, Risk: -17.4744
	--> Average Speed: 0.05s per batch
	--> Time from Last Check: 1.54s
--> Batch: 399, Loss: 0.0124, Label: 11, Survival Months: 71.50, Risk: -16.9167
	--> Average Speed: 0.05s per batch
	--> Time from Last Check: 1.54s
--> Batch: 449, Loss: 0.1000, Label: 17, Survival Months: 186.67, Risk: -17.1898
	--> Average Speed: 0.05s per batch
	--> Time from Last Check: 1.54s
--> Batch: 499, Loss: 0.0023, Label: 2, Survival Months: 30.33, Risk: -17.3794
	--> Average Speed: 0.05s per batch
	--> Time from Last Check: 1.54s
--> Batch: 549, Loss: 0.0325, Label: 14, Survival Months: 119.75, Risk: -17.5131
	--> Average Speed: 0.05s per batch
	--> Time from Last Check: 1.55s
[07/01/2025 - 02:45:35] - Epoch: 7, lr: 0.00005314, train_loss: 0.2782, train_c_index: 0.9241
[07/01/2025 - 02:45:36] - Epoch: 7, val_loss: 0.5625, val_c_index: 0.3821
[07/01/2025 - 02:45:36] - Time elapsed for epoch 7: 19s
[07/01/2025 - 02:45:36] - Epoch: 8
--> Batch: 49, Loss: 1.9506, Label: 14, Survival Months: 110.33, Risk: -13.8938
	--> Average Speed: 0.05s per batch
	--> Time from Last Check: 1.59s
--> Batch: 99, Loss: 0.0110, Label: 5, Survival Months: 37.08, Risk: -15.3673
	--> Average Speed: 0.05s per batch
	--> Time from Last Check: 1.54s
--> Batch: 149, Loss: 2.8552, Label: 13, Survival Months: 97.83, Risk: -6.8915
	--> Average Speed: 0.05s per batch
	--> Time from Last Check: 1.55s
--> Batch: 199, Loss: 0.0244, Label: 12, Survival Months: 88.25, Risk: -16.6729
	--> Average Speed: 0.05s per batch
	--> Time from Last Check: 1.54s
--> Batch: 249, Loss: 0.0071, Label: 11, Survival Months: 76.42, Risk: -17.6384
	--> Average Speed: 0.05s per batch
	--> Time from Last Check: 1.55s
--> Batch: 299, Loss: 0.0053, Label: 6, Survival Months: 40.17, Risk: -16.6644
	--> Average Speed: 0.05s per batch
	--> Time from Last Check: 1.54s
--> Batch: 349, Loss: 0.0069, Label: 11, Survival Months: 71.50, Risk: -17.6784
	--> Average Speed: 0.05s per batch
	--> Time from Last Check: 1.52s
--> Batch: 399, Loss: 0.0003, Label: 0, Survival Months: 8.17, Risk: -17.7800
	--> Average Speed: 0.05s per batch
	--> Time from Last Check: 1.52s
--> Batch: 449, Loss: 0.0061, Label: 8, Survival Months: 49.00, Risk: -17.1716
	--> Average Speed: 0.05s per batch
	--> Time from Last Check: 1.52s
--> Batch: 499, Loss: 1.6068, Label: 18, Survival Months: 237.83, Risk: -17.6071
	--> Average Speed: 0.05s per batch
	--> Time from Last Check: 1.50s
--> Batch: 549, Loss: 0.0050, Label: 10, Survival Months: 63.50, Risk: -17.7585
	--> Average Speed: 0.05s per batch
	--> Time from Last Check: 1.53s
[07/01/2025 - 02:45:54] - Epoch: 8, lr: 0.00004783, train_loss: 0.2600, train_c_index: 0.9440
[07/01/2025 - 02:45:55] - Epoch: 8, val_loss: 0.5889, val_c_index: 0.3672
[07/01/2025 - 02:45:55] - Time elapsed for epoch 8: 20s
[07/01/2025 - 02:45:55] - Epoch: 9
--> Batch: 49, Loss: 0.8093, Label: 0, Survival Months: 9.67, Risk: -1.3023
	--> Average Speed: 0.05s per batch
	--> Time from Last Check: 1.56s
--> Batch: 99, Loss: 0.0013, Label: 7, Survival Months: 44.42, Risk: -18.0765
	--> Average Speed: 0.05s per batch
	--> Time from Last Check: 1.53s
--> Batch: 149, Loss: 0.0134, Label: 6, Survival Months: 40.67, Risk: -14.8526
	--> Average Speed: 0.05s per batch
	--> Time from Last Check: 1.53s
--> Batch: 199, Loss: 1.2390, Label: 19, Survival Months: 305.75, Risk: -16.9144
	--> Average Speed: 0.05s per batch
	--> Time from Last Check: 1.53s
--> Batch: 249, Loss: 0.0021, Label: 8, Survival Months: 51.00, Risk: -18.0303
	--> Average Speed: 0.05s per batch
	--> Time from Last Check: 1.54s
--> Batch: 299, Loss: 0.0530, Label: 14, Survival Months: 105.83, Risk: -16.6242
	--> Average Speed: 0.05s per batch
	--> Time from Last Check: 1.53s
--> Batch: 349, Loss: 1.2809, Label: 1, Survival Months: 18.92, Risk: -2.5569
	--> Average Speed: 0.05s per batch
	--> Time from Last Check: 1.54s
--> Batch: 399, Loss: 0.0125, Label: 12, Survival Months: 82.25, Risk: -17.4769
	--> Average Speed: 0.05s per batch
	--> Time from Last Check: 1.54s
--> Batch: 449, Loss: 2.1853, Label: 17, Survival Months: 205.75, Risk: -17.7227
	--> Average Speed: 0.05s per batch
	--> Time from Last Check: 1.54s
--> Batch: 499, Loss: 0.0007, Label: 1, Survival Months: 21.75, Risk: -17.7946
	--> Average Speed: 0.05s per batch
	--> Time from Last Check: 1.54s
--> Batch: 549, Loss: 1.9045, Label: 12, Survival Months: 86.17, Risk: -10.4484
	--> Average Speed: 0.05s per batch
	--> Time from Last Check: 1.53s
[07/01/2025 - 02:46:14] - Epoch: 9, lr: 0.00004305, train_loss: 0.2555, train_c_index: 0.9438
[07/01/2025 - 02:46:15] - Epoch: 9, val_loss: 0.6414, val_c_index: 0.3433
[07/01/2025 - 02:46:15] - Time elapsed for epoch 9: 19s
[07/01/2025 - 02:46:15] - Epoch: 10
--> Batch: 49, Loss: 0.0087, Label: 9, Survival Months: 53.92, Risk: -16.6982
	--> Average Speed: 0.04s per batch
	--> Time from Last Check: 1.19s
--> Batch: 99, Loss: 0.0853, Label: 17, Survival Months: 194.58, Risk: -17.5427
	--> Average Speed: 0.05s per batch
	--> Time from Last Check: 1.52s
--> Batch: 149, Loss: 0.0011, Label: 6, Survival Months: 40.00, Risk: -17.5241
	--> Average Speed: 0.05s per batch
	--> Time from Last Check: 1.54s
--> Batch: 199, Loss: 0.0204, Label: 14, Survival Months: 109.08, Risk: -18.0542
	--> Average Speed: 0.05s per batch
	--> Time from Last Check: 1.54s
--> Batch: 249, Loss: 0.0027, Label: 4, Survival Months: 35.67, Risk: -16.7835
	--> Average Speed: 0.05s per batch
	--> Time from Last Check: 1.54s
--> Batch: 299, Loss: 2.3190, Label: 8, Survival Months: 51.33, Risk: -5.1405
	--> Average Speed: 0.05s per batch
	--> Time from Last Check: 1.53s
--> Batch: 349, Loss: 0.3180, Label: 19, Survival Months: 270.67, Risk: -17.0931
	--> Average Speed: 0.05s per batch
	--> Time from Last Check: 1.53s
--> Batch: 399, Loss: 0.0034, Label: 9, Survival Months: 52.92, Risk: -17.5160
	--> Average Speed: 0.05s per batch
	--> Time from Last Check: 1.53s
--> Batch: 449, Loss: 0.0042, Label: 8, Survival Months: 47.83, Risk: -17.3334
	--> Average Speed: 0.05s per batch
	--> Time from Last Check: 1.53s
--> Batch: 499, Loss: 0.0020, Label: 8, Survival Months: 50.00, Risk: -17.9718
	--> Average Speed: 0.05s per batch
	--> Time from Last Check: 1.53s
--> Batch: 549, Loss: 0.2509, Label: 19, Survival Months: 273.58, Risk: -18.0255
	--> Average Speed: 0.05s per batch
	--> Time from Last Check: 1.53s
[07/01/2025 - 02:46:33] - Epoch: 10, lr: 0.00003874, train_loss: 0.2432, train_c_index: 0.9583
[07/01/2025 - 02:46:34] - Epoch: 10, val_loss: 0.6799, val_c_index: 0.3194
[07/01/2025 - 02:46:34] - Time elapsed for epoch 10: 19s
[07/01/2025 - 02:46:34] - Epoch: 11
--> Batch: 49, Loss: 0.0401, Label: 15, Survival Months: 138.75, Risk: -17.7911
	--> Average Speed: 0.05s per batch
	--> Time from Last Check: 1.48s
--> Batch: 99, Loss: 0.1154, Label: 18, Survival Months: 248.00, Risk: -17.9519
	--> Average Speed: 0.05s per batch
	--> Time from Last Check: 1.54s
--> Batch: 149, Loss: 0.0048, Label: 9, Survival Months: 56.58, Risk: -17.1953
	--> Average Speed: 0.05s per batch
	--> Time from Last Check: 1.51s
--> Batch: 199, Loss: 1.0370, Label: 19, Survival Months: 289.33, Risk: -17.9773
	--> Average Speed: 0.05s per batch
	--> Time from Last Check: 1.53s
--> Batch: 249, Loss: 0.0010, Label: 9, Survival Months: 54.92, Risk: -18.0687
	--> Average Speed: 0.05s per batch
	--> Time from Last Check: 1.54s
--> Batch: 299, Loss: 0.0004, Label: 1, Survival Months: 15.58, Risk: -17.7321
	--> Average Speed: 0.05s per batch
	--> Time from Last Check: 1.54s
--> Batch: 349, Loss: 0.0029, Label: 9, Survival Months: 52.00, Risk: -17.5258
	--> Average Speed: 0.05s per batch
	--> Time from Last Check: 1.54s
--> Batch: 399, Loss: 0.2512, Label: 19, Survival Months: 593.83, Risk: -18.1046
	--> Average Speed: 0.05s per batch
	--> Time from Last Check: 1.54s
--> Batch: 449, Loss: 0.0003, Label: 2, Survival Months: 28.25, Risk: -18.1268
	--> Average Speed: 0.05s per batch
	--> Time from Last Check: 1.54s
--> Batch: 499, Loss: 0.2364, Label: 19, Survival Months: 353.25, Risk: -18.2937
	--> Average Speed: 0.05s per batch
	--> Time from Last Check: 1.54s
--> Batch: 549, Loss: 0.0794, Label: 18, Survival Months: 225.75, Risk: -18.4170
	--> Average Speed: 0.05s per batch
	--> Time from Last Check: 1.53s
[07/01/2025 - 02:46:52] - Epoch: 11, lr: 0.00003487, train_loss: 0.2422, train_c_index: 0.9571
[07/01/2025 - 02:46:53] - Epoch: 11, val_loss: 0.6885, val_c_index: 0.3373
[07/01/2025 - 02:46:53] - Time elapsed for epoch 11: 20s
[07/01/2025 - 02:46:53] - Epoch: 12
--> Batch: 49, Loss: 1.7894, Label: 14, Survival Months: 113.75, Risk: -13.9561
	--> Average Speed: 0.05s per batch
	--> Time from Last Check: 1.48s
--> Batch: 99, Loss: 0.0055, Label: 11, Survival Months: 67.33, Risk: -17.4856
	--> Average Speed: 0.05s per batch
	--> Time from Last Check: 1.59s
--> Batch: 149, Loss: 0.0048, Label: 10, Survival Months: 62.83, Risk: -17.4178
	--> Average Speed: 0.05s per batch
	--> Time from Last Check: 1.59s
--> Batch: 199, Loss: 0.0627, Label: 17, Survival Months: 201.67, Risk: -18.2020
	--> Average Speed: 0.05s per batch
	--> Time from Last Check: 1.58s
--> Batch: 249, Loss: 0.0003, Label: 5, Survival Months: 36.67, Risk: -18.0775
	--> Average Speed: 0.05s per batch
	--> Time from Last Check: 1.59s
--> Batch: 299, Loss: 0.0406, Label: 10, Survival Months: 62.25, Risk: -13.9902
	--> Average Speed: 0.05s per batch
	--> Time from Last Check: 1.54s
--> Batch: 349, Loss: 0.0002, Label: 6, Survival Months: 42.58, Risk: -18.2906
	--> Average Speed: 0.05s per batch
	--> Time from Last Check: 1.52s
--> Batch: 399, Loss: 0.0013, Label: 10, Survival Months: 57.42, Risk: -18.3210
	--> Average Speed: 0.05s per batch
	--> Time from Last Check: 1.56s
--> Batch: 449, Loss: 0.0047, Label: 13, Survival Months: 100.67, Risk: -18.3364
	--> Average Speed: 0.05s per batch
	--> Time from Last Check: 1.58s
--> Batch: 499, Loss: 2.3776, Label: 7, Survival Months: 47.75, Risk: -11.7427
	--> Average Speed: 0.05s per batch
	--> Time from Last Check: 1.58s
--> Batch: 549, Loss: 0.0649, Label: 17, Survival Months: 193.00, Risk: -18.0069
	--> Average Speed: 0.05s per batch
	--> Time from Last Check: 1.53s
[07/01/2025 - 02:47:12] - Epoch: 12, lr: 0.00003138, train_loss: 0.2332, train_c_index: 0.9723
[07/01/2025 - 02:47:13] - Epoch: 12, val_loss: 0.6848, val_c_index: 0.3274
[07/01/2025 - 02:47:13] - Time elapsed for epoch 12: 20s
[07/01/2025 - 02:47:13] - Epoch: 13
--> Batch: 49, Loss: 0.0703, Label: 17, Survival Months: 186.67, Risk: -17.9884
	--> Average Speed: 0.04s per batch
	--> Time from Last Check: 1.44s
--> Batch: 99, Loss: 0.0043, Label: 8, Survival Months: 50.67, Risk: -17.0391
	--> Average Speed: 0.05s per batch
	--> Time from Last Check: 1.52s
--> Batch: 149, Loss: 0.0032, Label: 12, Survival Months: 87.25, Risk: -18.2941
	--> Average Speed: 0.05s per batch
	--> Time from Last Check: 1.53s
--> Batch: 199, Loss: 0.0940, Label: 18, Survival Months: 211.25, Risk: -18.3700
	--> Average Speed: 0.05s per batch
	--> Time from Last Check: 1.54s
--> Batch: 249, Loss: 0.0042, Label: 12, Survival Months: 83.08, Risk: -18.0101
	--> Average Speed: 0.05s per batch
	--> Time from Last Check: 1.62s
--> Batch: 299, Loss: 0.0007, Label: 5, Survival Months: 37.33, Risk: -17.5047
	--> Average Speed: 0.05s per batch
	--> Time from Last Check: 1.61s
--> Batch: 349, Loss: 0.1074, Label: 18, Survival Months: 210.08, Risk: -18.2541
	--> Average Speed: 0.05s per batch
	--> Time from Last Check: 1.61s
--> Batch: 399, Loss: 0.0002, Label: 5, Survival Months: 36.75, Risk: -18.2125
	--> Average Speed: 0.05s per batch
	--> Time from Last Check: 1.61s
--> Batch: 449, Loss: 0.0018, Label: 11, Survival Months: 73.17, Risk: -18.1939
	--> Average Speed: 0.05s per batch
	--> Time from Last Check: 1.61s
--> Batch: 499, Loss: 0.0017, Label: 9, Survival Months: 53.67, Risk: -17.6747
	--> Average Speed: 0.05s per batch
	--> Time from Last Check: 1.58s
--> Batch: 549, Loss: 0.0003, Label: 0, Survival Months: 0.67, Risk: -16.7635
	--> Average Speed: 0.05s per batch
	--> Time from Last Check: 1.53s
[07/01/2025 - 02:47:32] - Epoch: 13, lr: 0.00002824, train_loss: 0.2259, train_c_index: 0.9642
[07/01/2025 - 02:47:33] - Epoch: 13, val_loss: 0.7111, val_c_index: 0.3672
[07/01/2025 - 02:47:33] - Time elapsed for epoch 13: 20s
[07/01/2025 - 02:47:33] - Epoch: 14
--> Batch: 49, Loss: 0.0015, Label: 11, Survival Months: 74.17, Risk: -18.1513
	--> Average Speed: 0.04s per batch
	--> Time from Last Check: 1.43s
--> Batch: 99, Loss: 0.0001, Label: 4, Survival Months: 35.67, Risk: -18.3391
	--> Average Speed: 0.05s per batch
	--> Time from Last Check: 1.51s
--> Batch: 149, Loss: 0.0002, Label: 1, Survival Months: 20.83, Risk: -17.9966
	--> Average Speed: 0.05s per batch
	--> Time from Last Check: 1.49s
--> Batch: 199, Loss: 0.0003, Label: 5, Survival Months: 39.42, Risk: -17.9946
	--> Average Speed: 0.05s per batch
	--> Time from Last Check: 1.51s
--> Batch: 249, Loss: 0.0002, Label: 5, Survival Months: 37.33, Risk: -17.8776
	--> Average Speed: 0.05s per batch
	--> Time from Last Check: 1.51s
--> Batch: 299, Loss: 0.0006, Label: 9, Survival Months: 53.67, Risk: -18.1668
	--> Average Speed: 0.05s per batch
	--> Time from Last Check: 1.51s
--> Batch: 349, Loss: 0.0230, Label: 15, Survival Months: 130.75, Risk: -18.1294
	--> Average Speed: 0.05s per batch
	--> Time from Last Check: 1.51s
--> Batch: 399, Loss: 0.0194, Label: 14, Survival Months: 110.83, Risk: -18.0564
	--> Average Speed: 0.05s per batch
	--> Time from Last Check: 1.52s
--> Batch: 449, Loss: 0.0002, Label: 2, Survival Months: 26.83, Risk: -17.8785
	--> Average Speed: 0.05s per batch
	--> Time from Last Check: 1.51s
--> Batch: 499, Loss: 0.0009, Label: 10, Survival Months: 59.50, Risk: -18.4264
	--> Average Speed: 0.05s per batch
	--> Time from Last Check: 1.52s
--> Batch: 549, Loss: 0.0248, Label: 15, Survival Months: 140.33, Risk: -18.1963
	--> Average Speed: 0.05s per batch
	--> Time from Last Check: 1.51s
[07/01/2025 - 02:47:51] - Epoch: 14, lr: 0.00002542, train_loss: 0.2185, train_c_index: 0.9756
[07/01/2025 - 02:47:52] - Epoch: 14, val_loss: 0.7272, val_c_index: 0.3562
[07/01/2025 - 02:47:52] - Time elapsed for epoch 14: 19s
[07/01/2025 - 02:47:52] - Epoch: 15
--> Batch: 49, Loss: 0.2614, Label: 19, Survival Months: 346.58, Risk: -18.2482
	--> Average Speed: 0.03s per batch
	--> Time from Last Check: 0.87s
--> Batch: 99, Loss: 0.0333, Label: 16, Survival Months: 164.33, Risk: -18.0347
	--> Average Speed: 0.02s per batch
	--> Time from Last Check: 0.80s
--> Batch: 149, Loss: 2.1534, Label: 15, Survival Months: 139.42, Risk: -11.6407
	--> Average Speed: 0.05s per batch
	--> Time from Last Check: 1.49s
--> Batch: 199, Loss: 0.0001, Label: 3, Survival Months: 33.33, Risk: -18.3073
	--> Average Speed: 0.05s per batch
	--> Time from Last Check: 1.54s
--> Batch: 249, Loss: 0.0011, Label: 7, Survival Months: 45.08, Risk: -17.4588
	--> Average Speed: 0.05s per batch
	--> Time from Last Check: 1.54s
--> Batch: 299, Loss: 0.0003, Label: 7, Survival Months: 44.42, Risk: -18.1837
	--> Average Speed: 0.05s per batch
	--> Time from Last Check: 1.53s
--> Batch: 349, Loss: 0.0002, Label: 5, Survival Months: 36.75, Risk: -18.0119
	--> Average Speed: 0.05s per batch
	--> Time from Last Check: 1.54s
--> Batch: 399, Loss: 0.0004, Label: 2, Survival Months: 26.83, Risk: -17.5254
	--> Average Speed: 0.05s per batch
	--> Time from Last Check: 1.48s
--> Batch: 449, Loss: 0.0003, Label: 2, Survival Months: 24.75, Risk: -17.8808
	--> Average Speed: 0.05s per batch
	--> Time from Last Check: 1.51s
--> Batch: 499, Loss: 0.0028, Label: 13, Survival Months: 97.08, Risk: -18.3728
	--> Average Speed: 0.05s per batch
	--> Time from Last Check: 1.51s
--> Batch: 549, Loss: 0.0160, Label: 14, Survival Months: 104.25, Risk: -18.2585
	--> Average Speed: 0.05s per batch
	--> Time from Last Check: 1.51s
[07/01/2025 - 02:48:09] - Epoch: 15, lr: 0.00002288, train_loss: 0.2149, train_c_index: 0.9793
[07/01/2025 - 02:48:10] - Epoch: 15, val_loss: 0.7546, val_c_index: 0.3552
[07/01/2025 - 02:48:10] - Time elapsed for epoch 15: 18s
[07/01/2025 - 02:48:10] - Epoch: 16
--> Batch: 49, Loss: 0.0166, Label: 15, Survival Months: 129.92, Risk: -18.4691
	--> Average Speed: 0.05s per batch
	--> Time from Last Check: 1.51s
--> Batch: 99, Loss: 0.2716, Label: 19, Survival Months: 272.75, Risk: -18.1338
	--> Average Speed: 0.05s per batch
	--> Time from Last Check: 1.52s
--> Batch: 149, Loss: 0.0001, Label: 5, Survival Months: 38.58, Risk: -18.4229
	--> Average Speed: 0.05s per batch
	--> Time from Last Check: 1.52s
--> Batch: 199, Loss: 1.7724, Label: 17, Survival Months: 201.42, Risk: -14.1350
	--> Average Speed: 0.05s per batch
	--> Time from Last Check: 1.52s
--> Batch: 249, Loss: 0.0002, Label: 0, Survival Months: 0.67, Risk: -16.7592
	--> Average Speed: 0.05s per batch
	--> Time from Last Check: 1.52s
--> Batch: 299, Loss: 0.0178, Label: 15, Survival Months: 122.58, Risk: -18.3521
	--> Average Speed: 0.05s per batch
	--> Time from Last Check: 1.52s
--> Batch: 349, Loss: 0.0000, Label: 0, Survival Months: 8.25, Risk: -18.1491
	--> Average Speed: 0.05s per batch
	--> Time from Last Check: 1.53s
--> Batch: 399, Loss: 0.0031, Label: 10, Survival Months: 59.00, Risk: -17.6378
	--> Average Speed: 0.05s per batch
	--> Time from Last Check: 1.53s
--> Batch: 449, Loss: 0.0003, Label: 6, Survival Months: 41.58, Risk: -17.7696
	--> Average Speed: 0.05s per batch
	--> Time from Last Check: 1.52s
--> Batch: 499, Loss: 0.0173, Label: 15, Survival Months: 138.50, Risk: -18.3581
	--> Average Speed: 0.05s per batch
	--> Time from Last Check: 1.52s
--> Batch: 549, Loss: 0.1287, Label: 18, Survival Months: 262.67, Risk: -18.1651
	--> Average Speed: 0.05s per batch
	--> Time from Last Check: 1.50s
[07/01/2025 - 02:48:28] - Epoch: 16, lr: 0.00002059, train_loss: 0.2136, train_c_index: 0.9751
[07/01/2025 - 02:48:29] - Epoch: 16, val_loss: 0.7735, val_c_index: 0.3453
[07/01/2025 - 02:48:29] - Time elapsed for epoch 16: 19s
[07/01/2025 - 02:48:29] - Epoch: 17
--> Batch: 49, Loss: 0.0029, Label: 13, Survival Months: 101.00, Risk: -18.2737
	--> Average Speed: 0.05s per batch
	--> Time from Last Check: 1.58s
--> Batch: 99, Loss: 0.0001, Label: 3, Survival Months: 33.17, Risk: -18.1324
	--> Average Speed: 0.05s per batch
	--> Time from Last Check: 1.52s
--> Batch: 149, Loss: 0.0169, Label: 14, Survival Months: 104.25, Risk: -18.1763
	--> Average Speed: 0.05s per batch
	--> Time from Last Check: 1.53s
--> Batch: 199, Loss: 0.0002, Label: 0, Survival Months: 0.00, Risk: -16.8011
	--> Average Speed: 0.05s per batch
	--> Time from Last Check: 1.54s
--> Batch: 249, Loss: 0.0951, Label: 18, Survival Months: 206.92, Risk: -18.4410
	--> Average Speed: 0.05s per batch
	--> Time from Last Check: 1.51s
--> Batch: 299, Loss: 0.0005, Label: 8, Survival Months: 51.33, Risk: -18.3034
	--> Average Speed: 0.05s per batch
	--> Time from Last Check: 1.53s
--> Batch: 349, Loss: 0.0312, Label: 16, Survival Months: 154.42, Risk: -18.0706
	--> Average Speed: 0.05s per batch
	--> Time from Last Check: 1.53s
--> Batch: 399, Loss: 0.0000, Label: 0, Survival Months: 0.83, Risk: -18.3944
	--> Average Speed: 0.05s per batch
	--> Time from Last Check: 1.53s
--> Batch: 449, Loss: 0.0559, Label: 17, Survival Months: 193.00, Risk: -18.3314
	--> Average Speed: 0.05s per batch
	--> Time from Last Check: 1.54s
--> Batch: 499, Loss: 1.3699, Label: 17, Survival Months: 174.75, Risk: -17.3149
	--> Average Speed: 0.05s per batch
	--> Time from Last Check: 1.54s
--> Batch: 549, Loss: 0.0541, Label: 17, Survival Months: 187.92, Risk: -18.3117
	--> Average Speed: 0.05s per batch
	--> Time from Last Check: 1.54s
[07/01/2025 - 02:48:47] - Epoch: 17, lr: 0.00001853, train_loss: 0.2109, train_c_index: 0.9796
[07/01/2025 - 02:48:48] - Epoch: 17, val_loss: 0.7870, val_c_index: 0.3741
[07/01/2025 - 02:48:48] - Time elapsed for epoch 17: 19s
[07/01/2025 - 02:48:48] - Epoch: 18
--> Batch: 49, Loss: 0.0001, Label: 5, Survival Months: 36.67, Risk: -18.2328
	--> Average Speed: 0.05s per batch
	--> Time from Last Check: 1.65s
--> Batch: 99, Loss: 0.0007, Label: 3, Survival Months: 32.67, Risk: -17.1123
	--> Average Speed: 0.05s per batch
	--> Time from Last Check: 1.53s
--> Batch: 149, Loss: 0.0441, Label: 16, Survival Months: 172.00, Risk: -17.7048
	--> Average Speed: 0.05s per batch
	--> Time from Last Check: 1.53s
--> Batch: 199, Loss: 0.1668, Label: 18, Survival Months: 209.42, Risk: -17.6141
	--> Average Speed: 0.05s per batch
	--> Time from Last Check: 1.52s
--> Batch: 249, Loss: 0.0027, Label: 3, Survival Months: 32.83, Risk: -15.7533
	--> Average Speed: 0.05s per batch
	--> Time from Last Check: 1.52s
--> Batch: 299, Loss: 0.0137, Label: 15, Survival Months: 132.08, Risk: -18.5876
	--> Average Speed: 0.05s per batch
	--> Time from Last Check: 1.52s
--> Batch: 349, Loss: 0.0000, Label: 0, Survival Months: 0.42, Risk: -18.1784
	--> Average Speed: 0.05s per batch
	--> Time from Last Check: 1.54s
--> Batch: 399, Loss: 0.0014, Label: 7, Survival Months: 46.00, Risk: -17.3482
	--> Average Speed: 0.05s per batch
	--> Time from Last Check: 1.54s
--> Batch: 449, Loss: 0.2600, Label: 19, Survival Months: 275.58, Risk: -18.3069
	--> Average Speed: 0.05s per batch
	--> Time from Last Check: 1.54s
--> Batch: 499, Loss: 0.0036, Label: 12, Survival Months: 83.92, Risk: -18.1536
	--> Average Speed: 0.05s per batch
	--> Time from Last Check: 1.53s
--> Batch: 549, Loss: 0.0012, Label: 11, Survival Months: 66.25, Risk: -18.2539
	--> Average Speed: 0.05s per batch
	--> Time from Last Check: 1.53s
[07/01/2025 - 02:49:07] - Epoch: 18, lr: 0.00001668, train_loss: 0.2115, train_c_index: 0.9777
[07/01/2025 - 02:49:08] - Epoch: 18, val_loss: 0.7944, val_c_index: 0.3791
[07/01/2025 - 02:49:08] - Time elapsed for epoch 18: 19s
[07/01/2025 - 02:49:08] - Epoch: 19
--> Batch: 49, Loss: 0.0002, Label: 2, Survival Months: 26.42, Risk: -17.8609
	--> Average Speed: 0.05s per batch
	--> Time from Last Check: 1.55s
--> Batch: 99, Loss: 0.0172, Label: 16, Survival Months: 143.25, Risk: -18.4786
	--> Average Speed: 0.05s per batch
	--> Time from Last Check: 1.55s
--> Batch: 149, Loss: 0.0002, Label: 3, Survival Months: 33.08, Risk: -17.9912
	--> Average Speed: 0.05s per batch
	--> Time from Last Check: 1.55s
--> Batch: 199, Loss: 2.4438, Label: 13, Survival Months: 92.00, Risk: -11.3742
	--> Average Speed: 0.05s per batch
	--> Time from Last Check: 1.51s
--> Batch: 249, Loss: 0.0002, Label: 9, Survival Months: 52.58, Risk: -18.5362
	--> Average Speed: 0.05s per batch
	--> Time from Last Check: 1.54s
--> Batch: 299, Loss: 0.0000, Label: 0, Survival Months: 8.25, Risk: -18.0987
	--> Average Speed: 0.05s per batch
	--> Time from Last Check: 1.53s
--> Batch: 349, Loss: 0.0010, Label: 10, Survival Months: 57.42, Risk: -18.1560
	--> Average Speed: 0.05s per batch
	--> Time from Last Check: 1.54s
--> Batch: 399, Loss: 0.0001, Label: 6, Survival Months: 41.58, Risk: -18.2531
	--> Average Speed: 0.05s per batch
	--> Time from Last Check: 1.53s
--> Batch: 449, Loss: 0.1026, Label: 18, Survival Months: 216.33, Risk: -18.4079
	--> Average Speed: 0.05s per batch
	--> Time from Last Check: 1.54s
--> Batch: 499, Loss: 1.5151, Label: 14, Survival Months: 110.33, Risk: -15.1598
	--> Average Speed: 0.05s per batch
	--> Time from Last Check: 1.54s
--> Batch: 549, Loss: 0.0442, Label: 17, Survival Months: 182.00, Risk: -18.5351
	--> Average Speed: 0.05s per batch
	--> Time from Last Check: 1.54s
[07/01/2025 - 02:49:26] - Epoch: 19, lr: 0.00001501, train_loss: 0.2045, train_c_index: 0.9771
[07/01/2025 - 02:49:27] - Epoch: 19, val_loss: 0.8068, val_c_index: 0.3731
[07/01/2025 - 02:49:27] - Time elapsed for epoch 19: 20s
[07/01/2025 - 02:49:27] - Epoch: 20
--> Batch: 49, Loss: 0.0002, Label: 8, Survival Months: 50.67, Risk: -18.4561
	--> Average Speed: 0.05s per batch
	--> Time from Last Check: 1.49s
--> Batch: 99, Loss: 0.0001, Label: 7, Survival Months: 46.17, Risk: -18.5799
	--> Average Speed: 0.05s per batch
	--> Time from Last Check: 1.53s
--> Batch: 149, Loss: 2.1014, Label: 15, Survival Months: 139.42, Risk: -12.7581
	--> Average Speed: 0.05s per batch
	--> Time from Last Check: 1.53s
--> Batch: 199, Loss: 0.0000, Label: 2, Survival Months: 26.83, Risk: -18.5857
	--> Average Speed: 0.05s per batch
	--> Time from Last Check: 1.53s
--> Batch: 249, Loss: 0.0015, Label: 12, Survival Months: 84.00, Risk: -18.3941
	--> Average Speed: 0.05s per batch
	--> Time from Last Check: 1.54s
--> Batch: 299, Loss: 0.0003, Label: 8, Survival Months: 47.92, Risk: -18.3068
	--> Average Speed: 0.05s per batch
	--> Time from Last Check: 1.53s
--> Batch: 349, Loss: 0.0000, Label: 0, Survival Months: 6.50, Risk: -17.8273
	--> Average Speed: 0.05s per batch
	--> Time from Last Check: 1.51s
--> Batch: 399, Loss: 0.0000, Label: 4, Survival Months: 36.17, Risk: -18.3061
	--> Average Speed: 0.05s per batch
	--> Time from Last Check: 1.53s
--> Batch: 449, Loss: 0.0001, Label: 8, Survival Months: 47.92, Risk: -18.5260
	--> Average Speed: 0.05s per batch
	--> Time from Last Check: 1.53s
--> Batch: 499, Loss: 0.0005, Label: 11, Survival Months: 73.17, Risk: -18.5331
	--> Average Speed: 0.05s per batch
	--> Time from Last Check: 1.53s
--> Batch: 549, Loss: 0.0143, Label: 15, Survival Months: 123.08, Risk: -18.5194
	--> Average Speed: 0.05s per batch
	--> Time from Last Check: 1.53s
[07/01/2025 - 02:49:46] - Epoch: 20, lr: 0.00001351, train_loss: 0.2017, train_c_index: 0.9798
--> Saving model into checkpoints/MCAT_TCGA-BRCA-GE-ME_E20_202501070249.pt
[07/01/2025 - 02:49:47] - Epoch: 20, val_loss: 0.8256, val_c_index: 0.3642
[07/01/2025 - 02:49:47] - Time elapsed for epoch 20: 20s

################# [07/01/2025 - 02:49:47] - Training completed #################

################# [07/01/2025 - 02:49:47] - Validation started #################
[07/01/2025 - 02:49:48] - Final Validation, val_loss: 0.8256, val_c_index: 0.3642
[07/01/2025 - 02:49:48] - Time elapsed for Validation: 1s

################ [07/01/2025 - 02:49:48] - Validation completed ################

################## [07/01/2025 - 02:49:51] - MCAT terminated ###################
