Environment conda activated
Job 2503452 started

#################### [04/01/2025 - 16:58:26] - MCAT started ####################
HOSTNAME: carabbaggio

WANDB: setting up for report

CUDA: available
--> Device count: 1
--> Using device: NVIDIA GeForce GTX 1080 Ti
--> Running on CUDA

DATASET: TCGA data only
--> Remaining samples after removing incomplete: 910
--> Class intervals: [
	0: [0.00 - 4.83]
	1: [4.83 - 20.15]
	2: [20.15 - 28.14]
	3: [28.14 - 32.06]
	4: [32.06 - 35.42]
	5: [35.42 - 39.06]
	6: [39.06 - 43.86]
	7: [43.86 - 48.08]
	8: [48.08 - 52.18]
	9: [52.18 - 58.96]
	10: [58.96 - 68.74]
	11: [68.74 - 81.17]
	12: [81.17 - 93.39]
	13: [93.39 - 105.96]
	14: [105.96 - 124.19]
	15: [124.19 - 146.93]
	16: [146.93 - 179.46]
	17: [179.46 - 207.62]
	18: [207.62 - 269.79]
	19: [269.79 - 593.83]
    ]
--> Standardizing RNA-seq data
--> Signatures size: [19938]
--> Using 80% train, 20% validation
--> Training Set: [728], Validation Set: [182]

MODEL: MCAT
--> Trainable parameters of MCAT: 8401686
--> Loss function: CrossEntropySurvivalLoss
--> Optimizer: adam

################## [04/01/2025 - 16:59:22] - Training started ##################
[04/01/2025 - 16:59:22] - Epoch: 1
--> Batch: 49, Loss: 0.5196, Label: 3, Survival Months: 28.25, Risk: -1.1276
	--> Average Speed: 1.07s per batch
	--> Time from Last Check: 34.15s
--> Batch: 99, Loss: 1.3817, Label: 10, Survival Months: 63.92, Risk: -1.2301
	--> Average Speed: 0.75s per batch
	--> Time from Last Check: 23.89s
--> Batch: 149, Loss: 1.4144, Label: 11, Survival Months: 80.42, Risk: -1.4099
	--> Average Speed: 0.77s per batch
	--> Time from Last Check: 24.80s
--> Batch: 199, Loss: 1.7149, Label: 15, Survival Months: 138.75, Risk: -1.7972
	--> Average Speed: 0.92s per batch
	--> Time from Last Check: 29.59s
--> Batch: 249, Loss: 1.8871, Label: 18, Survival Months: 251.42, Risk: -2.1883
	--> Average Speed: 0.65s per batch
	--> Time from Last Check: 20.82s
--> Batch: 299, Loss: 0.6699, Label: 10, Survival Months: 62.25, Risk: -3.2516
	--> Average Speed: 1.17s per batch
	--> Time from Last Check: 37.53s
--> Batch: 349, Loss: 1.2575, Label: 18, Survival Months: 226.50, Risk: -4.5656
	--> Average Speed: 0.68s per batch
	--> Time from Last Check: 21.76s
--> Batch: 399, Loss: 0.0711, Label: 3, Survival Months: 28.75, Risk: -6.8074
	--> Average Speed: 0.55s per batch
	--> Time from Last Check: 17.46s
--> Batch: 449, Loss: 1.8945, Label: 15, Survival Months: 146.58, Risk: -10.8990
	--> Average Speed: 0.83s per batch
	--> Time from Last Check: 26.62s
--> Batch: 499, Loss: 0.1168, Label: 13, Survival Months: 94.83, Risk: -12.9838
	--> Average Speed: 0.91s per batch
	--> Time from Last Check: 29.20s
--> Batch: 549, Loss: 0.0322, Label: 10, Survival Months: 59.00, Risk: -15.2212
	--> Average Speed: 1.30s per batch
	--> Time from Last Check: 41.62s
--> Batch: 599, Loss: 0.1300, Label: 17, Survival Months: 191.50, Risk: -15.9581
	--> Average Speed: 1.98s per batch
	--> Time from Last Check: 63.27s
--> Batch: 649, Loss: 0.0104, Label: 6, Survival Months: 43.25, Risk: -16.0682
	--> Average Speed: 1.25s per batch
	--> Time from Last Check: 39.92s
--> Batch: 699, Loss: 0.0887, Label: 14, Survival Months: 114.25, Risk: -14.6752
	--> Average Speed: 0.76s per batch
	--> Time from Last Check: 24.30s
[04/01/2025 - 17:06:53] - Epoch: 1, lr: 0.00010000, train_loss: 0.9554, train_c_index: 0.4723
[04/01/2025 - 17:08:31] - Epoch: 1, val_loss: 0.4419, val_c_index: 0.4773
[04/01/2025 - 17:08:31] - Time elapsed for epoch 1: 549s
[04/01/2025 - 17:08:31] - Epoch: 2
--> Batch: 49, Loss: 0.1661, Label: 17, Survival Months: 200.50, Risk: -14.7376
	--> Average Speed: 1.04s per batch
	--> Time from Last Check: 33.42s
--> Batch: 99, Loss: 0.0371, Label: 6, Survival Months: 43.25, Risk: -13.2747
	--> Average Speed: 1.25s per batch
	--> Time from Last Check: 40.04s
--> Batch: 149, Loss: 0.0612, Label: 8, Survival Months: 50.67, Risk: -12.7886
	--> Average Speed: 0.78s per batch
	--> Time from Last Check: 25.07s
--> Batch: 199, Loss: 0.0589, Label: 13, Survival Months: 100.67, Risk: -15.0676
	--> Average Speed: 0.59s per batch
	--> Time from Last Check: 18.89s
--> Batch: 249, Loss: 0.0202, Label: 4, Survival Months: 34.67, Risk: -14.4199
	--> Average Speed: 0.77s per batch
	--> Time from Last Check: 24.59s
--> Batch: 299, Loss: 0.0102, Label: 1, Survival Months: 13.58, Risk: -14.5924
	--> Average Speed: 1.08s per batch
	--> Time from Last Check: 34.67s
--> Batch: 349, Loss: 0.0274, Label: 3, Survival Months: 31.33, Risk: -13.0383
	--> Average Speed: 0.91s per batch
	--> Time from Last Check: 29.13s
--> Batch: 399, Loss: 0.0020, Label: 0, Survival Months: 2.58, Risk: -15.5093
	--> Average Speed: 1.11s per batch
	--> Time from Last Check: 35.41s
--> Batch: 449, Loss: 0.0436, Label: 13, Survival Months: 101.67, Risk: -15.8936
	--> Average Speed: 0.65s per batch
	--> Time from Last Check: 20.80s
--> Batch: 499, Loss: 0.0202, Label: 5, Survival Months: 36.58, Risk: -14.9842
	--> Average Speed: 0.92s per batch
	--> Time from Last Check: 29.52s
--> Batch: 549, Loss: 1.9755, Label: 18, Survival Months: 233.17, Risk: -13.1158
	--> Average Speed: 0.89s per batch
	--> Time from Last Check: 28.62s
--> Batch: 599, Loss: 0.0180, Label: 4, Survival Months: 33.58, Risk: -15.1216
	--> Average Speed: 1.19s per batch
	--> Time from Last Check: 38.20s
--> Batch: 649, Loss: 0.0203, Label: 4, Survival Months: 32.75, Risk: -14.6158
	--> Average Speed: 0.68s per batch
	--> Time from Last Check: 21.66s
--> Batch: 699, Loss: 0.0266, Label: 9, Survival Months: 55.00, Risk: -15.7968
	--> Average Speed: 0.99s per batch
	--> Time from Last Check: 31.65s
[04/01/2025 - 17:15:58] - Epoch: 2, lr: 0.00010000, train_loss: 0.3814, train_c_index: 0.5615
[04/01/2025 - 17:17:33] - Epoch: 2, val_loss: 0.4499, val_c_index: 0.4543
[04/01/2025 - 17:17:33] - Time elapsed for epoch 2: 542s
[04/01/2025 - 17:17:33] - Epoch: 3
--> Batch: 49, Loss: 2.7447, Label: 11, Survival Months: 79.92, Risk: -12.8316
	--> Average Speed: 1.02s per batch
	--> Time from Last Check: 32.79s
--> Batch: 99, Loss: 0.0165, Label: 3, Survival Months: 28.25, Risk: -14.7884
	--> Average Speed: 1.22s per batch
	--> Time from Last Check: 38.92s
--> Batch: 149, Loss: 0.0108, Label: 2, Survival Months: 28.08, Risk: -15.4098
	--> Average Speed: 1.36s per batch
	--> Time from Last Check: 43.38s
--> Batch: 199, Loss: 0.0149, Label: 6, Survival Months: 40.67, Risk: -15.8710
	--> Average Speed: 0.83s per batch
	--> Time from Last Check: 26.47s
--> Batch: 249, Loss: 0.3685, Label: 19, Survival Months: 270.58, Risk: -15.2606
	--> Average Speed: 0.72s per batch
	--> Time from Last Check: 23.11s
--> Batch: 299, Loss: 0.0134, Label: 5, Survival Months: 37.25, Risk: -15.9608
	--> Average Speed: 0.85s per batch
	--> Time from Last Check: 27.14s
--> Batch: 349, Loss: 0.0320, Label: 7, Survival Months: 44.42, Risk: -14.5190
	--> Average Speed: 0.88s per batch
	--> Time from Last Check: 28.16s
--> Batch: 399, Loss: 0.0404, Label: 4, Survival Months: 34.50, Risk: -12.1218
	--> Average Speed: 0.94s per batch
	--> Time from Last Check: 30.12s
--> Batch: 449, Loss: 0.1202, Label: 16, Survival Months: 164.33, Risk: -15.3603
	--> Average Speed: 0.93s per batch
	--> Time from Last Check: 29.81s
--> Batch: 499, Loss: 0.0068, Label: 2, Survival Months: 25.58, Risk: -16.1430
	--> Average Speed: 1.36s per batch
	--> Time from Last Check: 43.62s
--> Batch: 549, Loss: 0.0144, Label: 7, Survival Months: 47.25, Risk: -16.1111
	--> Average Speed: 0.73s per batch
	--> Time from Last Check: 23.37s
--> Batch: 599, Loss: 0.1477, Label: 16, Survival Months: 153.50, Risk: -14.3021
	--> Average Speed: 0.96s per batch
	--> Time from Last Check: 30.76s
--> Batch: 649, Loss: 0.0552, Label: 12, Survival Months: 88.50, Risk: -15.0099
	--> Average Speed: 0.69s per batch
	--> Time from Last Check: 22.21s
--> Batch: 699, Loss: 0.0258, Label: 12, Survival Months: 82.00, Risk: -16.7324
	--> Average Speed: 0.92s per batch
	--> Time from Last Check: 29.41s
[04/01/2025 - 17:25:08] - Epoch: 3, lr: 0.00010000, train_loss: 0.3610, train_c_index: 0.7313
[04/01/2025 - 17:26:50] - Epoch: 3, val_loss: 0.4653, val_c_index: 0.4588
[04/01/2025 - 17:26:50] - Time elapsed for epoch 3: 557s
[04/01/2025 - 17:26:50] - Epoch: 4
--> Batch: 49, Loss: 0.0320, Label: 10, Survival Months: 62.67, Risk: -15.7267
	--> Average Speed: 1.16s per batch
	--> Time from Last Check: 37.05s
--> Batch: 99, Loss: 2.7997, Label: 0, Survival Months: 2.50, Risk: -10.2265
	--> Average Speed: 0.57s per batch
	--> Time from Last Check: 18.18s
--> Batch: 149, Loss: 0.1644, Label: 18, Survival Months: 225.75, Risk: -16.3325
	--> Average Speed: 0.98s per batch
	--> Time from Last Check: 31.46s
--> Batch: 199, Loss: 0.0101, Label: 4, Survival Months: 33.50, Risk: -16.3187
	--> Average Speed: 0.64s per batch
	--> Time from Last Check: 20.42s
--> Batch: 249, Loss: 0.0642, Label: 15, Survival Months: 134.50, Risk: -16.1807
	--> Average Speed: 0.87s per batch
	--> Time from Last Check: 27.99s
--> Batch: 299, Loss: 3.0712, Label: 11, Survival Months: 71.67, Risk: -15.0364
	--> Average Speed: 1.28s per batch
	--> Time from Last Check: 40.94s
--> Batch: 349, Loss: 0.0084, Label: 3, Survival Months: 30.42, Risk: -16.1678
	--> Average Speed: 0.99s per batch
	--> Time from Last Check: 31.63s
--> Batch: 399, Loss: 0.0609, Label: 16, Survival Months: 159.50, Risk: -16.9906
	--> Average Speed: 0.88s per batch
	--> Time from Last Check: 28.09s
--> Batch: 449, Loss: 2.4280, Label: 18, Survival Months: 233.17, Risk: -9.4820
	--> Average Speed: 1.00s per batch
	--> Time from Last Check: 31.91s
--> Batch: 499, Loss: 0.0096, Label: 5, Survival Months: 35.67, Risk: -16.3101
	--> Average Speed: 1.18s per batch
	--> Time from Last Check: 37.77s
--> Batch: 549, Loss: 1.2009, Label: 19, Survival Months: 284.08, Risk: -16.7451
	--> Average Speed: 1.19s per batch
	--> Time from Last Check: 38.23s
--> Batch: 599, Loss: 0.0251, Label: 8, Survival Months: 51.50, Risk: -15.6514
	--> Average Speed: 0.91s per batch
	--> Time from Last Check: 29.13s
--> Batch: 649, Loss: 0.0179, Label: 4, Survival Months: 32.67, Risk: -14.8835
	--> Average Speed: 1.09s per batch
	--> Time from Last Check: 34.95s
--> Batch: 699, Loss: 0.0842, Label: 15, Survival Months: 129.00, Risk: -15.5884
	--> Average Speed: 0.71s per batch
	--> Time from Last Check: 22.78s
[04/01/2025 - 17:34:11] - Epoch: 4, lr: 0.00010000, train_loss: 0.3244, train_c_index: 0.8532
[04/01/2025 - 17:35:36] - Epoch: 4, val_loss: 0.5264, val_c_index: 0.5342
[04/01/2025 - 17:35:36] - Time elapsed for epoch 4: 526s
[04/01/2025 - 17:35:36] - Epoch: 5
--> Batch: 49, Loss: 0.0212, Label: 13, Survival Months: 95.00, Risk: -17.1147
	--> Average Speed: 1.22s per batch
	--> Time from Last Check: 38.91s
--> Batch: 99, Loss: 0.0076, Label: 4, Survival Months: 35.42, Risk: -16.3031
	--> Average Speed: 0.81s per batch
	--> Time from Last Check: 25.98s
--> Batch: 149, Loss: 0.0519, Label: 15, Survival Months: 134.25, Risk: -17.0479
	--> Average Speed: 1.03s per batch
	--> Time from Last Check: 32.85s
--> Batch: 199, Loss: 0.0040, Label: 5, Survival Months: 37.25, Risk: -17.2429
	--> Average Speed: 0.83s per batch
	--> Time from Last Check: 26.62s
--> Batch: 249, Loss: 0.0396, Label: 14, Survival Months: 109.17, Risk: -16.7801
	--> Average Speed: 0.86s per batch
	--> Time from Last Check: 27.43s
--> Batch: 299, Loss: 0.1355, Label: 18, Survival Months: 251.42, Risk: -17.6321
	--> Average Speed: 0.91s per batch
	--> Time from Last Check: 29.20s
--> Batch: 349, Loss: 0.0217, Label: 11, Survival Months: 69.75, Risk: -16.6688
	--> Average Speed: 1.04s per batch
	--> Time from Last Check: 33.39s
--> Batch: 399, Loss: 0.0470, Label: 14, Survival Months: 109.00, Risk: -16.9069
	--> Average Speed: 0.62s per batch
	--> Time from Last Check: 19.69s
--> Batch: 449, Loss: 0.0051, Label: 2, Survival Months: 26.83, Risk: -16.2082
	--> Average Speed: 0.93s per batch
	--> Time from Last Check: 29.80s
--> Batch: 499, Loss: 0.0147, Label: 2, Survival Months: 25.33, Risk: -13.6477
	--> Average Speed: 0.96s per batch
	--> Time from Last Check: 30.79s
--> Batch: 549, Loss: 0.0040, Label: 5, Survival Months: 39.00, Risk: -16.8639
	--> Average Speed: 0.86s per batch
	--> Time from Last Check: 27.52s
--> Batch: 599, Loss: 0.0023, Label: 4, Survival Months: 33.00, Risk: -17.5897
	--> Average Speed: 0.86s per batch
	--> Time from Last Check: 27.41s
--> Batch: 649, Loss: 0.0071, Label: 10, Survival Months: 62.67, Risk: -17.5505
	--> Average Speed: 1.12s per batch
	--> Time from Last Check: 35.71s
--> Batch: 699, Loss: 0.0009, Label: 0, Survival Months: 0.83, Risk: -16.6804
	--> Average Speed: 0.89s per batch
	--> Time from Last Check: 28.39s
[04/01/2025 - 17:42:48] - Epoch: 5, lr: 0.00010000, train_loss: 0.2986, train_c_index: 0.8843
[04/01/2025 - 17:44:24] - Epoch: 5, val_loss: 0.5257, val_c_index: 0.5872
[04/01/2025 - 17:44:24] - Time elapsed for epoch 5: 529s
[04/01/2025 - 17:44:24] - Epoch: 6
--> Batch: 49, Loss: 0.0084, Label: 9, Survival Months: 52.92, Risk: -16.9325
	--> Average Speed: 0.92s per batch
	--> Time from Last Check: 29.43s
--> Batch: 99, Loss: 0.0099, Label: 13, Survival Months: 97.83, Risk: -17.5790
	--> Average Speed: 1.15s per batch
	--> Time from Last Check: 36.88s
--> Batch: 149, Loss: 0.1011, Label: 17, Survival Months: 197.08, Risk: -17.0178
	--> Average Speed: 0.74s per batch
	--> Time from Last Check: 23.71s
--> Batch: 199, Loss: 0.0012, Label: 1, Survival Months: 11.17, Risk: -17.5058
	--> Average Speed: 0.72s per batch
	--> Time from Last Check: 23.00s
--> Batch: 249, Loss: 0.0419, Label: 16, Survival Months: 173.50, Risk: -17.8586
	--> Average Speed: 1.01s per batch
	--> Time from Last Check: 32.33s
--> Batch: 299, Loss: 2.0477, Label: 16, Survival Months: 166.08, Risk: -16.9082
	--> Average Speed: 0.96s per batch
	--> Time from Last Check: 30.62s
--> Batch: 349, Loss: 0.0016, Label: 6, Survival Months: 41.75, Risk: -17.5979
	--> Average Speed: 1.22s per batch
	--> Time from Last Check: 38.97s
--> Batch: 399, Loss: 0.0127, Label: 11, Survival Months: 81.17, Risk: -16.9643
	--> Average Speed: 0.89s per batch
	--> Time from Last Check: 28.49s
--> Batch: 449, Loss: 0.0064, Label: 9, Survival Months: 58.25, Risk: -17.4544
	--> Average Speed: 0.70s per batch
	--> Time from Last Check: 22.55s
--> Batch: 499, Loss: 0.0102, Label: 3, Survival Months: 28.58, Risk: -14.8110
	--> Average Speed: 0.76s per batch
	--> Time from Last Check: 24.22s
--> Batch: 549, Loss: 0.0279, Label: 14, Survival Months: 107.33, Risk: -17.0027
	--> Average Speed: 0.65s per batch
	--> Time from Last Check: 20.81s
--> Batch: 599, Loss: 0.0576, Label: 16, Survival Months: 148.33, Risk: -17.4865
	--> Average Speed: 0.84s per batch
	--> Time from Last Check: 26.96s
--> Batch: 649, Loss: 0.3578, Label: 19, Survival Months: 479.08, Risk: -16.9546
	--> Average Speed: 1.00s per batch
	--> Time from Last Check: 31.86s
--> Batch: 699, Loss: 0.2818, Label: 19, Survival Months: 379.17, Risk: -17.7989
	--> Average Speed: 1.02s per batch
	--> Time from Last Check: 32.77s
[04/01/2025 - 17:51:21] - Epoch: 6, lr: 0.00010000, train_loss: 0.2793, train_c_index: 0.9362
[04/01/2025 - 17:52:55] - Epoch: 6, val_loss: 0.5642, val_c_index: 0.6607
[04/01/2025 - 17:52:55] - Time elapsed for epoch 6: 511s
[04/01/2025 - 17:52:55] - Epoch: 7
--> Batch: 49, Loss: 0.0029, Label: 7, Survival Months: 46.00, Risk: -17.7163
	--> Average Speed: 1.08s per batch
	--> Time from Last Check: 34.55s
--> Batch: 99, Loss: 0.0065, Label: 2, Survival Months: 21.00, Risk: -14.7990
	--> Average Speed: 1.00s per batch
	--> Time from Last Check: 31.92s
--> Batch: 149, Loss: 0.0027, Label: 4, Survival Months: 34.50, Risk: -16.8978
	--> Average Speed: 0.62s per batch
	--> Time from Last Check: 19.91s
--> Batch: 199, Loss: 0.0020, Label: 4, Survival Months: 32.08, Risk: -17.0212
	--> Average Speed: 0.89s per batch
	--> Time from Last Check: 28.55s
--> Batch: 249, Loss: 3.1898, Label: 9, Survival Months: 53.25, Risk: -3.1271
	--> Average Speed: 1.07s per batch
	--> Time from Last Check: 34.16s
--> Batch: 299, Loss: 0.0008, Label: 4, Survival Months: 34.42, Risk: -18.0396
	--> Average Speed: 0.98s per batch
	--> Time from Last Check: 31.39s
--> Batch: 349, Loss: 2.6550, Label: 15, Survival Months: 146.58, Risk: -18.2067
	--> Average Speed: 1.14s per batch
	--> Time from Last Check: 36.36s
--> Batch: 399, Loss: 0.0058, Label: 13, Survival Months: 105.00, Risk: -17.9212
	--> Average Speed: 1.54s per batch
	--> Time from Last Check: 49.25s
--> Batch: 449, Loss: 0.0002, Label: 0, Survival Months: 4.25, Risk: -17.3874
	--> Average Speed: 1.30s per batch
	--> Time from Last Check: 41.65s
--> Batch: 499, Loss: 0.0012, Label: 0, Survival Months: 2.58, Risk: -15.7987
	--> Average Speed: 0.92s per batch
	--> Time from Last Check: 29.39s
--> Batch: 549, Loss: 0.0017, Label: 4, Survival Months: 32.83, Risk: -16.9799
	--> Average Speed: 1.32s per batch
	--> Time from Last Check: 42.21s
--> Batch: 599, Loss: 0.0030, Label: 8, Survival Months: 52.17, Risk: -17.4532
	--> Average Speed: 0.68s per batch
	--> Time from Last Check: 21.80s
--> Batch: 649, Loss: 0.0033, Label: 7, Survival Months: 47.92, Risk: -17.5255
	--> Average Speed: 1.36s per batch
	--> Time from Last Check: 43.68s
--> Batch: 699, Loss: 0.4074, Label: 19, Survival Months: 379.17, Risk: -17.1614
	--> Average Speed: 0.85s per batch
	--> Time from Last Check: 27.27s
[04/01/2025 - 18:00:59] - Epoch: 7, lr: 0.00010000, train_loss: 0.2656, train_c_index: 0.9483
[04/01/2025 - 18:02:40] - Epoch: 7, val_loss: 0.5572, val_c_index: 0.6179
[04/01/2025 - 18:02:40] - Time elapsed for epoch 7: 585s
[04/01/2025 - 18:02:40] - Epoch: 8
--> Batch: 49, Loss: 0.0011, Label: 0, Survival Months: 0.83, Risk: -15.5733
	--> Average Speed: 0.78s per batch
	--> Time from Last Check: 25.00s
--> Batch: 99, Loss: 0.0010, Label: 0, Survival Months: 2.58, Risk: -15.2862
	--> Average Speed: 0.82s per batch
	--> Time from Last Check: 26.38s
--> Batch: 149, Loss: 0.0083, Label: 4, Survival Months: 35.25, Risk: -14.6139
	--> Average Speed: 1.11s per batch
	--> Time from Last Check: 35.40s
--> Batch: 199, Loss: 0.0002, Label: 1, Survival Months: 6.67, Risk: -18.3733
	--> Average Speed: 0.94s per batch
	--> Time from Last Check: 30.07s
--> Batch: 249, Loss: 0.0006, Label: 5, Survival Months: 35.50, Risk: -18.3204
	--> Average Speed: 0.74s per batch
	--> Time from Last Check: 23.84s
--> Batch: 299, Loss: 1.9083, Label: 0, Survival Months: 0.00, Risk: -4.3703
	--> Average Speed: 1.09s per batch
	--> Time from Last Check: 34.92s
--> Batch: 349, Loss: 0.0021, Label: 2, Survival Months: 27.33, Risk: -16.6197
	--> Average Speed: 1.00s per batch
	--> Time from Last Check: 31.87s
--> Batch: 399, Loss: 0.0011, Label: 6, Survival Months: 43.25, Risk: -17.9182
	--> Average Speed: 0.70s per batch
	--> Time from Last Check: 22.37s
--> Batch: 449, Loss: 0.0031, Label: 3, Survival Months: 30.42, Risk: -16.2590
	--> Average Speed: 0.89s per batch
	--> Time from Last Check: 28.54s
--> Batch: 499, Loss: 0.0023, Label: 0, Survival Months: 0.83, Risk: -13.9809
	--> Average Speed: 1.14s per batch
	--> Time from Last Check: 36.41s
--> Batch: 549, Loss: 0.1609, Label: 18, Survival Months: 226.75, Risk: -17.4111
	--> Average Speed: 0.80s per batch
	--> Time from Last Check: 25.62s
--> Batch: 599, Loss: 0.0748, Label: 17, Survival Months: 202.17, Risk: -17.9334
	--> Average Speed: 0.91s per batch
	--> Time from Last Check: 29.18s
--> Batch: 649, Loss: 0.0007, Label: 4, Survival Months: 34.50, Risk: -17.3340
	--> Average Speed: 0.84s per batch
	--> Time from Last Check: 26.72s
--> Batch: 699, Loss: 0.0004, Label: 1, Survival Months: 5.33, Risk: -17.9990
	--> Average Speed: 1.96s per batch
	--> Time from Last Check: 62.84s
[04/01/2025 - 18:10:16] - Epoch: 8, lr: 0.00010000, train_loss: 0.2474, train_c_index: 0.9526
[04/01/2025 - 18:12:00] - Epoch: 8, val_loss: 0.6065, val_c_index: 0.6268
[04/01/2025 - 18:12:00] - Time elapsed for epoch 8: 560s
[04/01/2025 - 18:12:00] - Epoch: 9
--> Batch: 49, Loss: 0.0033, Label: 1, Survival Months: 8.25, Risk: -14.8628
	--> Average Speed: 0.78s per batch
	--> Time from Last Check: 24.90s
--> Batch: 99, Loss: 0.0176, Label: 15, Survival Months: 137.33, Risk: -18.4742
	--> Average Speed: 0.72s per batch
	--> Time from Last Check: 23.12s
--> Batch: 149, Loss: 0.0078, Label: 8, Survival Months: 48.67, Risk: -16.0588
	--> Average Speed: 0.75s per batch
	--> Time from Last Check: 23.92s
--> Batch: 199, Loss: 0.0553, Label: 16, Survival Months: 162.33, Risk: -17.5857
	--> Average Speed: 0.88s per batch
	--> Time from Last Check: 28.10s
--> Batch: 249, Loss: 0.0383, Label: 17, Survival Months: 191.50, Risk: -18.4882
	--> Average Speed: 0.94s per batch
	--> Time from Last Check: 30.08s
--> Batch: 299, Loss: 0.0031, Label: 12, Survival Months: 88.50, Risk: -18.5330
	--> Average Speed: 0.76s per batch
	--> Time from Last Check: 24.30s
--> Batch: 349, Loss: 1.6377, Label: 1, Survival Months: 18.92, Risk: -5.5535
	--> Average Speed: 0.83s per batch
	--> Time from Last Check: 26.55s
--> Batch: 399, Loss: 0.0028, Label: 12, Survival Months: 86.83, Risk: -18.5660
	--> Average Speed: 0.54s per batch
	--> Time from Last Check: 17.35s
--> Batch: 449, Loss: 0.0006, Label: 10, Survival Months: 63.42, Risk: -18.6054
	--> Average Speed: 1.34s per batch
	--> Time from Last Check: 42.79s
--> Batch: 499, Loss: 0.0004, Label: 9, Survival Months: 53.58, Risk: -18.5397
	--> Average Speed: 0.86s per batch
	--> Time from Last Check: 27.43s
--> Batch: 549, Loss: 0.0001, Label: 0, Survival Months: 0.83, Risk: -18.1489
	--> Average Speed: 1.29s per batch
	--> Time from Last Check: 41.34s
--> Batch: 599, Loss: 0.0030, Label: 4, Survival Months: 34.33, Risk: -15.4960
	--> Average Speed: 1.89s per batch
	--> Time from Last Check: 60.42s
--> Batch: 649, Loss: 0.0124, Label: 9, Survival Months: 53.58, Risk: -15.7751
	--> Average Speed: 1.24s per batch
	--> Time from Last Check: 39.61s
--> Batch: 699, Loss: 2.3137, Label: 2, Survival Months: 28.00, Risk: -8.2355
	--> Average Speed: 0.69s per batch
	--> Time from Last Check: 22.08s
[04/01/2025 - 18:19:27] - Epoch: 9, lr: 0.00010000, train_loss: 0.2260, train_c_index: 0.9687
[04/01/2025 - 18:21:06] - Epoch: 9, val_loss: 0.6446, val_c_index: 0.6556
[04/01/2025 - 18:21:06] - Time elapsed for epoch 9: 546s
[04/01/2025 - 18:21:06] - Epoch: 10
--> Batch: 49, Loss: 0.0046, Label: 7, Survival Months: 44.17, Risk: -16.5410
	--> Average Speed: 1.24s per batch
	--> Time from Last Check: 39.71s
--> Batch: 99, Loss: 0.0234, Label: 15, Survival Months: 140.33, Risk: -18.3867
	--> Average Speed: 0.99s per batch
	--> Time from Last Check: 31.66s
--> Batch: 149, Loss: 0.0040, Label: 13, Survival Months: 96.33, Risk: -18.4943
	--> Average Speed: 1.10s per batch
	--> Time from Last Check: 35.27s
--> Batch: 199, Loss: 0.0502, Label: 8, Survival Months: 48.67, Risk: -12.8907
	--> Average Speed: 1.43s per batch
	--> Time from Last Check: 45.67s
--> Batch: 249, Loss: 0.0502, Label: 16, Survival Months: 164.33, Risk: -18.2723
	--> Average Speed: 0.80s per batch
	--> Time from Last Check: 25.52s
--> Batch: 299, Loss: 0.0009, Label: 7, Survival Months: 46.17, Risk: -18.2807
	--> Average Speed: 0.87s per batch
	--> Time from Last Check: 27.81s
--> Batch: 349, Loss: 0.0107, Label: 14, Survival Months: 122.58, Risk: -18.3813
	--> Average Speed: 1.30s per batch
	--> Time from Last Check: 41.51s
--> Batch: 399, Loss: 0.0001, Label: 0, Survival Months: 0.42, Risk: -18.0473
	--> Average Speed: 0.90s per batch
	--> Time from Last Check: 28.83s
--> Batch: 449, Loss: 1.7372, Label: 3, Survival Months: 30.42, Risk: -3.8018
	--> Average Speed: 0.91s per batch
	--> Time from Last Check: 29.04s
--> Batch: 499, Loss: 0.0000, Label: 0, Survival Months: 2.83, Risk: -18.3816
	--> Average Speed: 0.70s per batch
	--> Time from Last Check: 22.41s
--> Batch: 549, Loss: 0.0010, Label: 8, Survival Months: 51.67, Risk: -18.2818
	--> Average Speed: 1.03s per batch
	--> Time from Last Check: 32.88s
--> Batch: 599, Loss: 0.0176, Label: 12, Survival Months: 88.58, Risk: -15.7131
	--> Average Speed: 0.71s per batch
	--> Time from Last Check: 22.68s
--> Batch: 649, Loss: 0.7496, Label: 14, Survival Months: 119.92, Risk: -13.6019
	--> Average Speed: 0.97s per batch
	--> Time from Last Check: 30.97s
--> Batch: 699, Loss: 0.0001, Label: 5, Survival Months: 36.58, Risk: -17.8386
	--> Average Speed: 0.66s per batch
	--> Time from Last Check: 20.98s
[04/01/2025 - 18:28:44] - Epoch: 10, lr: 0.00010000, train_loss: 0.2231, train_c_index: 0.9539
[04/01/2025 - 18:30:00] - Epoch: 10, val_loss: 0.6302, val_c_index: 0.5214
[04/01/2025 - 18:30:00] - Time elapsed for epoch 10: 534s
[04/01/2025 - 18:30:00] - Epoch: 11
--> Batch: 49, Loss: 0.0002, Label: 2, Survival Months: 25.33, Risk: -16.2743
	--> Average Speed: 0.72s per batch
	--> Time from Last Check: 23.13s
--> Batch: 99, Loss: 0.0031, Label: 11, Survival Months: 75.92, Risk: -18.3109
	--> Average Speed: 0.90s per batch
	--> Time from Last Check: 28.84s
--> Batch: 149, Loss: 0.0046, Label: 11, Survival Months: 74.17, Risk: -17.8486
	--> Average Speed: 0.32s per batch
	--> Time from Last Check: 10.37s
--> Batch: 199, Loss: 0.0032, Label: 12, Survival Months: 81.25, Risk: -17.6872
	--> Average Speed: 0.74s per batch
	--> Time from Last Check: 23.62s
--> Batch: 249, Loss: 0.0001, Label: 4, Survival Months: 32.25, Risk: -18.0204
	--> Average Speed: 0.60s per batch
	--> Time from Last Check: 19.29s
--> Batch: 299, Loss: 0.0360, Label: 16, Survival Months: 155.92, Risk: -18.0584
	--> Average Speed: 0.97s per batch
	--> Time from Last Check: 31.06s
--> Batch: 349, Loss: 0.0001, Label: 4, Survival Months: 35.42, Risk: -18.5206
	--> Average Speed: 0.96s per batch
	--> Time from Last Check: 30.67s
--> Batch: 399, Loss: 0.0014, Label: 10, Survival Months: 63.42, Risk: -18.4607
	--> Average Speed: 0.82s per batch
	--> Time from Last Check: 26.13s
--> Batch: 449, Loss: 0.0110, Label: 14, Survival Months: 114.50, Risk: -17.8427
	--> Average Speed: 0.55s per batch
	--> Time from Last Check: 17.63s
--> Batch: 499, Loss: 0.0009, Label: 10, Survival Months: 63.33, Risk: -18.6136
	--> Average Speed: 0.68s per batch
	--> Time from Last Check: 21.80s
--> Batch: 549, Loss: 0.0024, Label: 13, Survival Months: 101.75, Risk: -18.6963
	--> Average Speed: 0.94s per batch
	--> Time from Last Check: 30.22s
--> Batch: 599, Loss: 0.0175, Label: 17, Survival Months: 194.58, Risk: -18.5928
	--> Average Speed: 0.85s per batch
	--> Time from Last Check: 27.09s
--> Batch: 649, Loss: 0.0006, Label: 7, Survival Months: 45.08, Risk: -18.7545
	--> Average Speed: 0.69s per batch
	--> Time from Last Check: 21.97s
--> Batch: 699, Loss: 0.0248, Label: 15, Survival Months: 129.92, Risk: -18.1816
	--> Average Speed: 0.88s per batch
	--> Time from Last Check: 28.08s
[04/01/2025 - 18:35:53] - Epoch: 11, lr: 0.00010000, train_loss: 0.2023, train_c_index: 0.9702
[04/01/2025 - 18:37:08] - Epoch: 11, val_loss: 0.7282, val_c_index: 0.5974
[04/01/2025 - 18:37:08] - Time elapsed for epoch 11: 427s
[04/01/2025 - 18:37:08] - Epoch: 12
--> Batch: 49, Loss: 0.0002, Label: 5, Survival Months: 36.75, Risk: -18.4258
	--> Average Speed: 1.03s per batch
	--> Time from Last Check: 33.10s
--> Batch: 99, Loss: 0.0042, Label: 5, Survival Months: 37.25, Risk: -13.5696
	--> Average Speed: 0.91s per batch
	--> Time from Last Check: 29.21s
--> Batch: 149, Loss: 1.1040, Label: 0, Survival Months: 2.50, Risk: -1.6777
	--> Average Speed: 0.91s per batch
	--> Time from Last Check: 29.18s
--> Batch: 199, Loss: 1.0106, Label: 1, Survival Months: 13.17, Risk: -1.8255
	--> Average Speed: 0.79s per batch
	--> Time from Last Check: 25.26s
--> Batch: 249, Loss: 0.0055, Label: 13, Survival Months: 94.83, Risk: -17.9108
	--> Average Speed: 0.61s per batch
	--> Time from Last Check: 19.48s
--> Batch: 299, Loss: 0.1720, Label: 13, Survival Months: 97.08, Risk: -11.7902
	--> Average Speed: 1.16s per batch
	--> Time from Last Check: 37.25s
--> Batch: 349, Loss: 0.0011, Label: 3, Survival Months: 30.25, Risk: -15.1841
	--> Average Speed: 0.77s per batch
	--> Time from Last Check: 24.75s
--> Batch: 399, Loss: 0.0007, Label: 10, Survival Months: 63.42, Risk: -18.7799
	--> Average Speed: 0.52s per batch
	--> Time from Last Check: 16.59s
--> Batch: 449, Loss: 0.0201, Label: 7, Survival Months: 47.42, Risk: -13.4538
	--> Average Speed: 0.94s per batch
	--> Time from Last Check: 29.97s
--> Batch: 499, Loss: 0.0001, Label: 6, Survival Months: 41.25, Risk: -18.7597
	--> Average Speed: 0.76s per batch
	--> Time from Last Check: 24.22s
--> Batch: 549, Loss: 0.0000, Label: 0, Survival Months: 0.83, Risk: -18.7076
	--> Average Speed: 0.64s per batch
	--> Time from Last Check: 20.46s
--> Batch: 599, Loss: 2.4513, Label: 11, Survival Months: 71.67, Risk: -13.5410
	--> Average Speed: 0.71s per batch
	--> Time from Last Check: 22.65s
--> Batch: 649, Loss: 0.0000, Label: 6, Survival Months: 43.83, Risk: -18.9269
	--> Average Speed: 0.74s per batch
	--> Time from Last Check: 23.59s
--> Batch: 699, Loss: 1.3877, Label: 7, Survival Months: 48.08, Risk: -7.3268
	--> Average Speed: 0.65s per batch
	--> Time from Last Check: 20.86s
[04/01/2025 - 18:43:19] - Epoch: 12, lr: 0.00010000, train_loss: 0.2065, train_c_index: 0.9612
[04/01/2025 - 18:44:40] - Epoch: 12, val_loss: 0.7301, val_c_index: 0.6537
[04/01/2025 - 18:44:40] - Time elapsed for epoch 12: 452s
[04/01/2025 - 18:44:40] - Epoch: 13
--> Batch: 49, Loss: 0.0000, Label: 4, Survival Months: 35.08, Risk: -19.1283
	--> Average Speed: 0.72s per batch
	--> Time from Last Check: 23.05s
--> Batch: 99, Loss: 0.0408, Label: 17, Survival Months: 190.17, Risk: -18.7138
	--> Average Speed: 0.92s per batch
	--> Time from Last Check: 29.36s
--> Batch: 149, Loss: 0.0001, Label: 5, Survival Months: 35.83, Risk: -18.6672
	--> Average Speed: 0.77s per batch
	--> Time from Last Check: 24.67s
--> Batch: 199, Loss: 0.0019, Label: 11, Survival Months: 81.00, Risk: -18.4643
	--> Average Speed: 0.78s per batch
	--> Time from Last Check: 24.92s
--> Batch: 249, Loss: 0.0000, Label: 1, Survival Months: 17.83, Risk: -18.5732
	--> Average Speed: 0.65s per batch
	--> Time from Last Check: 20.74s
--> Batch: 299, Loss: 2.3792, Label: 17, Survival Months: 182.67, Risk: -18.3171
	--> Average Speed: 0.73s per batch
	--> Time from Last Check: 23.32s
--> Batch: 349, Loss: 0.0012, Label: 11, Survival Months: 78.50, Risk: -18.5020
	--> Average Speed: 1.36s per batch
	--> Time from Last Check: 43.48s
--> Batch: 399, Loss: 0.2612, Label: 19, Survival Months: 273.00, Risk: -18.5921
	--> Average Speed: 0.58s per batch
	--> Time from Last Check: 18.52s
--> Batch: 449, Loss: 0.0046, Label: 13, Survival Months: 94.92, Risk: -18.4048
	--> Average Speed: 0.53s per batch
	--> Time from Last Check: 16.93s
--> Batch: 499, Loss: 0.0054, Label: 10, Survival Months: 64.08, Risk: -17.7764
	--> Average Speed: 0.72s per batch
	--> Time from Last Check: 23.14s
--> Batch: 549, Loss: 0.2462, Label: 19, Survival Months: 353.25, Risk: -18.5538
	--> Average Speed: 0.74s per batch
	--> Time from Last Check: 23.65s
--> Batch: 599, Loss: 0.0045, Label: 14, Survival Months: 112.42, Risk: -18.3411
	--> Average Speed: 0.68s per batch
	--> Time from Last Check: 21.62s
--> Batch: 649, Loss: 0.0009, Label: 11, Survival Months: 78.58, Risk: -18.7720
	--> Average Speed: 0.84s per batch
	--> Time from Last Check: 26.81s
--> Batch: 699, Loss: 0.1918, Label: 19, Survival Months: 379.17, Risk: -18.6444
	--> Average Speed: 0.92s per batch
	--> Time from Last Check: 29.40s
[04/01/2025 - 18:50:36] - Epoch: 13, lr: 0.00010000, train_loss: 0.1941, train_c_index: 0.9709
[04/01/2025 - 18:51:50] - Epoch: 13, val_loss: 0.7661, val_c_index: 0.5310
[04/01/2025 - 18:51:50] - Time elapsed for epoch 13: 430s
[04/01/2025 - 18:51:50] - Epoch: 14
--> Batch: 49, Loss: 0.0000, Label: 6, Survival Months: 42.58, Risk: -18.6677
	--> Average Speed: 0.79s per batch
	--> Time from Last Check: 25.33s
--> Batch: 99, Loss: 0.0000, Label: 0, Survival Months: 2.50, Risk: -16.4015
	--> Average Speed: 0.67s per batch
	--> Time from Last Check: 21.44s
--> Batch: 149, Loss: 1.9364, Label: 13, Survival Months: 97.83, Risk: -12.8986
	--> Average Speed: 0.87s per batch
	--> Time from Last Check: 27.75s
--> Batch: 199, Loss: 0.0004, Label: 2, Survival Months: 28.08, Risk: -14.0751
	--> Average Speed: 1.10s per batch
	--> Time from Last Check: 35.26s
--> Batch: 249, Loss: 0.0094, Label: 10, Survival Months: 59.50, Risk: -14.2322
	--> Average Speed: 0.96s per batch
	--> Time from Last Check: 30.58s
--> Batch: 299, Loss: 0.0000, Label: 5, Survival Months: 38.00, Risk: -18.6265
	--> Average Speed: 1.08s per batch
	--> Time from Last Check: 34.69s
--> Batch: 349, Loss: 0.0000, Label: 4, Survival Months: 35.42, Risk: -18.1521
	--> Average Speed: 0.71s per batch
	--> Time from Last Check: 22.84s
--> Batch: 399, Loss: 0.0527, Label: 17, Survival Months: 187.92, Risk: -17.1893
	--> Average Speed: 0.97s per batch
	--> Time from Last Check: 31.05s
--> Batch: 449, Loss: 0.0001, Label: 4, Survival Months: 33.08, Risk: -18.6842
	--> Average Speed: 0.43s per batch
	--> Time from Last Check: 13.75s
--> Batch: 499, Loss: 0.0142, Label: 12, Survival Months: 88.83, Risk: -17.0907
	--> Average Speed: 0.48s per batch
	--> Time from Last Check: 15.50s
--> Batch: 549, Loss: 2.9182, Label: 15, Survival Months: 146.58, Risk: -18.6534
	--> Average Speed: 0.50s per batch
	--> Time from Last Check: 15.87s
--> Batch: 599, Loss: 0.0000, Label: 1, Survival Months: 5.83, Risk: -19.3471
	--> Average Speed: 0.84s per batch
	--> Time from Last Check: 26.79s
--> Batch: 649, Loss: 0.0000, Label: 3, Survival Months: 30.75, Risk: -18.1027
	--> Average Speed: 0.79s per batch
	--> Time from Last Check: 25.22s
--> Batch: 699, Loss: 0.9579, Label: 1, Survival Months: 14.33, Risk: -1.5630
	--> Average Speed: 0.55s per batch
	--> Time from Last Check: 17.57s
[04/01/2025 - 18:57:46] - Epoch: 14, lr: 0.00010000, train_loss: 0.1833, train_c_index: 0.9769
[04/01/2025 - 18:59:00] - Epoch: 14, val_loss: 0.8281, val_c_index: 0.5642
[04/01/2025 - 18:59:00] - Time elapsed for epoch 14: 431s
[04/01/2025 - 18:59:00] - Epoch: 15
--> Batch: 49, Loss: 0.2411, Label: 19, Survival Months: 429.67, Risk: -18.8604
	--> Average Speed: 0.70s per batch
	--> Time from Last Check: 22.48s
--> Batch: 99, Loss: 0.0001, Label: 3, Survival Months: 28.25, Risk: -18.3470
	--> Average Speed: 0.56s per batch
	--> Time from Last Check: 17.96s
--> Batch: 149, Loss: 0.0001, Label: 7, Survival Months: 47.25, Risk: -18.8453
	--> Average Speed: 0.87s per batch
	--> Time from Last Check: 27.95s
--> Batch: 199, Loss: 0.0000, Label: 6, Survival Months: 41.83, Risk: -18.5983
	--> Average Speed: 1.08s per batch
	--> Time from Last Check: 34.67s
--> Batch: 249, Loss: 0.0006, Label: 11, Survival Months: 73.17, Risk: -18.9277
	--> Average Speed: 0.71s per batch
	--> Time from Last Check: 22.57s
--> Batch: 299, Loss: 0.0000, Label: 1, Survival Months: 5.83, Risk: -18.8920
	--> Average Speed: 0.78s per batch
	--> Time from Last Check: 25.01s
--> Batch: 349, Loss: 0.0000, Label: 2, Survival Months: 22.17, Risk: -18.9327
	--> Average Speed: 0.56s per batch
	--> Time from Last Check: 18.01s
--> Batch: 399, Loss: 0.2885, Label: 19, Survival Months: 270.58, Risk: -18.6510
	--> Average Speed: 0.48s per batch
	--> Time from Last Check: 15.26s
--> Batch: 449, Loss: 0.0098, Label: 17, Survival Months: 179.58, Risk: -18.3656
	--> Average Speed: 1.09s per batch
	--> Time from Last Check: 34.79s
--> Batch: 499, Loss: 0.0034, Label: 15, Survival Months: 126.58, Risk: -19.0740
	--> Average Speed: 1.05s per batch
	--> Time from Last Check: 33.60s
--> Batch: 549, Loss: 0.0000, Label: 6, Survival Months: 40.17, Risk: -18.1930
	--> Average Speed: 0.67s per batch
	--> Time from Last Check: 21.41s
--> Batch: 599, Loss: 0.0000, Label: 6, Survival Months: 41.00, Risk: -18.4580
	--> Average Speed: 0.60s per batch
	--> Time from Last Check: 19.24s
--> Batch: 649, Loss: 0.0026, Label: 12, Survival Months: 83.42, Risk: -18.5948
	--> Average Speed: 0.89s per batch
	--> Time from Last Check: 28.35s
--> Batch: 699, Loss: 0.0000, Label: 5, Survival Months: 38.58, Risk: -17.7282
	--> Average Speed: 0.61s per batch
	--> Time from Last Check: 19.67s
[04/01/2025 - 19:04:59] - Epoch: 15, lr: 0.00010000, train_loss: 0.1715, train_c_index: 0.9795
[04/01/2025 - 19:06:23] - Epoch: 15, val_loss: 0.7650, val_c_index: 0.6486
[04/01/2025 - 19:06:23] - Time elapsed for epoch 15: 443s
[04/01/2025 - 19:06:23] - Epoch: 16
--> Batch: 49, Loss: 1.6685, Label: 13, Survival Months: 97.83, Risk: -12.3060
	--> Average Speed: 0.52s per batch
	--> Time from Last Check: 16.76s
--> Batch: 99, Loss: 0.0069, Label: 13, Survival Months: 100.67, Risk: -18.4125
	--> Average Speed: 0.79s per batch
	--> Time from Last Check: 25.27s
--> Batch: 149, Loss: 0.0029, Label: 13, Survival Months: 101.67, Risk: -18.7713
	--> Average Speed: 0.64s per batch
	--> Time from Last Check: 20.42s
--> Batch: 199, Loss: 0.0009, Label: 11, Survival Months: 77.58, Risk: -18.9553
	--> Average Speed: 0.49s per batch
	--> Time from Last Check: 15.63s
--> Batch: 249, Loss: 0.0000, Label: 2, Survival Months: 26.67, Risk: -18.6267
	--> Average Speed: 0.81s per batch
	--> Time from Last Check: 25.82s
--> Batch: 299, Loss: 0.0015, Label: 15, Survival Months: 134.42, Risk: -19.0440
	--> Average Speed: 0.82s per batch
	--> Time from Last Check: 26.34s
--> Batch: 349, Loss: 0.0008, Label: 8, Survival Months: 48.67, Risk: -17.3145
	--> Average Speed: 0.87s per batch
	--> Time from Last Check: 27.91s
--> Batch: 399, Loss: 0.0001, Label: 0, Survival Months: 0.83, Risk: -17.1048
	--> Average Speed: 0.43s per batch
	--> Time from Last Check: 13.79s
--> Batch: 449, Loss: 0.0000, Label: 6, Survival Months: 41.33, Risk: -18.9797
	--> Average Speed: 0.82s per batch
	--> Time from Last Check: 26.35s
--> Batch: 499, Loss: 0.0003, Label: 10, Survival Months: 67.33, Risk: -18.6895
	--> Average Speed: 0.72s per batch
	--> Time from Last Check: 22.95s
--> Batch: 549, Loss: 0.2686, Label: 19, Survival Months: 429.67, Risk: -18.8407
	--> Average Speed: 0.74s per batch
	--> Time from Last Check: 23.79s
--> Batch: 599, Loss: 0.0265, Label: 14, Survival Months: 109.00, Risk: -17.4668
	--> Average Speed: 0.74s per batch
	--> Time from Last Check: 23.75s
--> Batch: 649, Loss: 0.0008, Label: 13, Survival Months: 97.83, Risk: -18.8055
	--> Average Speed: 1.09s per batch
	--> Time from Last Check: 35.01s
--> Batch: 699, Loss: 0.0000, Label: 5, Survival Months: 36.58, Risk: -18.2513
	--> Average Speed: 0.48s per batch
	--> Time from Last Check: 15.40s
[04/01/2025 - 19:11:50] - Epoch: 16, lr: 0.00010000, train_loss: 0.1721, train_c_index: 0.9684
[04/01/2025 - 19:13:18] - Epoch: 16, val_loss: 0.8106, val_c_index: 0.6505
[04/01/2025 - 19:13:18] - Time elapsed for epoch 16: 415s
[04/01/2025 - 19:13:18] - Epoch: 17
--> Batch: 49, Loss: 0.0231, Label: 16, Survival Months: 160.42, Risk: -17.5562
	--> Average Speed: 0.60s per batch
	--> Time from Last Check: 19.07s
--> Batch: 99, Loss: 0.0000, Label: 4, Survival Months: 33.58, Risk: -17.6819
	--> Average Speed: 0.55s per batch
	--> Time from Last Check: 17.76s
--> Batch: 149, Loss: 0.0047, Label: 10, Survival Months: 62.25, Risk: -17.1762
	--> Average Speed: 0.74s per batch
	--> Time from Last Check: 23.83s
--> Batch: 199, Loss: 0.0000, Label: 4, Survival Months: 33.50, Risk: -17.0434
	--> Average Speed: 0.66s per batch
	--> Time from Last Check: 21.28s
--> Batch: 249, Loss: 0.2973, Label: 19, Survival Months: 270.58, Risk: -18.9642
	--> Average Speed: 0.84s per batch
	--> Time from Last Check: 26.83s
--> Batch: 299, Loss: 0.0001, Label: 7, Survival Months: 47.42, Risk: -19.0004
	--> Average Speed: 1.29s per batch
	--> Time from Last Check: 41.12s
--> Batch: 349, Loss: 0.0230, Label: 17, Survival Months: 197.08, Risk: -18.8576
	--> Average Speed: 0.68s per batch
	--> Time from Last Check: 21.62s
--> Batch: 399, Loss: 0.0005, Label: 11, Survival Months: 72.92, Risk: -18.8442
	--> Average Speed: 0.69s per batch
	--> Time from Last Check: 22.21s
--> Batch: 449, Loss: 0.3561, Label: 19, Survival Months: 270.67, Risk: -18.8427
	--> Average Speed: 0.93s per batch
	--> Time from Last Check: 29.85s
--> Batch: 499, Loss: 0.0000, Label: 6, Survival Months: 41.83, Risk: -18.8995
	--> Average Speed: 1.15s per batch
	--> Time from Last Check: 36.81s
--> Batch: 549, Loss: 0.0005, Label: 11, Survival Months: 75.42, Risk: -18.9248
	--> Average Speed: 0.79s per batch
	--> Time from Last Check: 25.20s
--> Batch: 599, Loss: 0.0005, Label: 8, Survival Months: 49.17, Risk: -17.9178
	--> Average Speed: 0.61s per batch
	--> Time from Last Check: 19.63s
--> Batch: 649, Loss: 0.0022, Label: 14, Survival Months: 108.42, Risk: -18.2338
	--> Average Speed: 1.06s per batch
	--> Time from Last Check: 33.97s
--> Batch: 699, Loss: 0.1825, Label: 19, Survival Months: 353.25, Risk: -18.2852
	--> Average Speed: 0.60s per batch
	--> Time from Last Check: 19.14s
[04/01/2025 - 19:19:30] - Epoch: 17, lr: 0.00010000, train_loss: 0.1495, train_c_index: 0.9807
[04/01/2025 - 19:20:35] - Epoch: 17, val_loss: 0.9300, val_c_index: 0.5872
[04/01/2025 - 19:20:35] - Time elapsed for epoch 17: 437s
[04/01/2025 - 19:20:35] - Epoch: 18
--> Batch: 49, Loss: 0.0000, Label: 9, Survival Months: 57.42, Risk: -19.6176
	--> Average Speed: 0.93s per batch
	--> Time from Last Check: 29.75s
--> Batch: 99, Loss: 0.0004, Label: 12, Survival Months: 90.42, Risk: -18.2281
	--> Average Speed: 0.86s per batch
	--> Time from Last Check: 27.58s
--> Batch: 149, Loss: 0.0004, Label: 10, Survival Months: 65.92, Risk: -19.3381
	--> Average Speed: 0.91s per batch
	--> Time from Last Check: 29.20s
--> Batch: 199, Loss: 0.0000, Label: 2, Survival Months: 28.08, Risk: -19.3492
	--> Average Speed: 0.60s per batch
	--> Time from Last Check: 19.13s
--> Batch: 249, Loss: 0.0031, Label: 16, Survival Months: 169.25, Risk: -19.0619
	--> Average Speed: 0.62s per batch
	--> Time from Last Check: 19.95s
--> Batch: 299, Loss: 0.0000, Label: 3, Survival Months: 28.92, Risk: -18.8698
	--> Average Speed: 0.66s per batch
	--> Time from Last Check: 21.16s
--> Batch: 349, Loss: 0.6188, Label: 19, Survival Months: 536.25, Risk: -16.5209
	--> Average Speed: 1.15s per batch
	--> Time from Last Check: 36.94s
--> Batch: 399, Loss: 0.2187, Label: 19, Survival Months: 273.00, Risk: -19.0539
	--> Average Speed: 0.53s per batch
	--> Time from Last Check: 16.90s
--> Batch: 449, Loss: 0.0000, Label: 4, Survival Months: 34.50, Risk: -15.3714
	--> Average Speed: 0.56s per batch
	--> Time from Last Check: 17.92s
--> Batch: 499, Loss: 0.0275, Label: 15, Survival Months: 133.00, Risk: -18.4542
	--> Average Speed: 0.80s per batch
	--> Time from Last Check: 25.67s
--> Batch: 549, Loss: 0.0003, Label: 10, Survival Months: 64.08, Risk: -18.3932
	--> Average Speed: 0.69s per batch
	--> Time from Last Check: 22.00s
--> Batch: 599, Loss: 0.0003, Label: 12, Survival Months: 93.25, Risk: -19.1829
	--> Average Speed: 1.01s per batch
	--> Time from Last Check: 32.24s
--> Batch: 649, Loss: 1.8208, Label: 15, Survival Months: 141.58, Risk: -17.0831
	--> Average Speed: 0.75s per batch
	--> Time from Last Check: 24.05s
--> Batch: 699, Loss: 0.0159, Label: 18, Survival Months: 257.33, Risk: -19.2731
	--> Average Speed: 0.84s per batch
	--> Time from Last Check: 26.76s
[04/01/2025 - 19:26:36] - Epoch: 18, lr: 0.00010000, train_loss: 0.1463, train_c_index: 0.9816
[04/01/2025 - 19:28:01] - Epoch: 18, val_loss: 0.9586, val_c_index: 0.6607
[04/01/2025 - 19:28:01] - Time elapsed for epoch 18: 445s
[04/01/2025 - 19:28:01] - Epoch: 19
--> Batch: 49, Loss: 0.0000, Label: 1, Survival Months: 6.33, Risk: -17.6489
	--> Average Speed: 0.74s per batch
	--> Time from Last Check: 23.77s
--> Batch: 99, Loss: 0.0000, Label: 6, Survival Months: 39.75, Risk: -19.1903
	--> Average Speed: 0.57s per batch
	--> Time from Last Check: 18.10s
--> Batch: 149, Loss: 0.0004, Label: 10, Survival Months: 65.75, Risk: -18.8665
	--> Average Speed: 0.90s per batch
	--> Time from Last Check: 28.90s
--> Batch: 199, Loss: 0.0001, Label: 3, Survival Months: 29.33, Risk: -18.1178
	--> Average Speed: 0.91s per batch
	--> Time from Last Check: 29.16s
--> Batch: 249, Loss: 0.9036, Label: 1, Survival Months: 18.67, Risk: -1.9246
	--> Average Speed: 0.63s per batch
	--> Time from Last Check: 20.19s
--> Batch: 299, Loss: 0.0000, Label: 4, Survival Months: 35.33, Risk: -18.6076
	--> Average Speed: 1.00s per batch
	--> Time from Last Check: 31.99s
--> Batch: 349, Loss: 0.0005, Label: 14, Survival Months: 107.92, Risk: -19.1889
	--> Average Speed: 0.59s per batch
	--> Time from Last Check: 18.78s
--> Batch: 399, Loss: 0.0033, Label: 13, Survival Months: 94.92, Risk: -17.7351
	--> Average Speed: 0.62s per batch
	--> Time from Last Check: 19.73s
--> Batch: 449, Loss: 0.0160, Label: 14, Survival Months: 109.17, Risk: -17.6733
	--> Average Speed: 0.69s per batch
	--> Time from Last Check: 21.97s
--> Batch: 499, Loss: 0.1578, Label: 19, Survival Months: 270.58, Risk: -19.1400
	--> Average Speed: 0.48s per batch
	--> Time from Last Check: 15.50s
--> Batch: 549, Loss: 0.0006, Label: 9, Survival Months: 58.58, Risk: -17.9855
	--> Average Speed: 0.53s per batch
	--> Time from Last Check: 16.89s
--> Batch: 599, Loss: 0.0000, Label: 7, Survival Months: 44.42, Risk: -19.3410
	--> Average Speed: 1.02s per batch
	--> Time from Last Check: 32.75s
--> Batch: 649, Loss: 0.0000, Label: 5, Survival Months: 35.92, Risk: -18.6144
	--> Average Speed: 0.72s per batch
	--> Time from Last Check: 22.91s
--> Batch: 699, Loss: 0.0000, Label: 7, Survival Months: 45.08, Risk: -19.1884
	--> Average Speed: 0.53s per batch
	--> Time from Last Check: 16.82s
[04/01/2025 - 19:33:27] - Epoch: 19, lr: 0.00010000, train_loss: 0.1409, train_c_index: 0.9828
[04/01/2025 - 19:34:30] - Epoch: 19, val_loss: 1.0355, val_c_index: 0.6026
[04/01/2025 - 19:34:30] - Time elapsed for epoch 19: 389s
[04/01/2025 - 19:34:30] - Epoch: 20
--> Batch: 49, Loss: 0.3418, Label: 19, Survival Months: 478.25, Risk: -18.9887
	--> Average Speed: 0.92s per batch
	--> Time from Last Check: 29.30s
--> Batch: 99, Loss: 0.0004, Label: 9, Survival Months: 54.50, Risk: -16.6215
	--> Average Speed: 0.38s per batch
	--> Time from Last Check: 12.18s
--> Batch: 149, Loss: 0.0000, Label: 6, Survival Months: 42.42, Risk: -19.2113
	--> Average Speed: 0.64s per batch
	--> Time from Last Check: 20.45s
--> Batch: 199, Loss: 0.2430, Label: 19, Survival Months: 270.58, Risk: -17.7168
	--> Average Speed: 0.50s per batch
	--> Time from Last Check: 15.88s
--> Batch: 249, Loss: 0.0000, Label: 4, Survival Months: 35.42, Risk: -19.0703
	--> Average Speed: 1.07s per batch
	--> Time from Last Check: 34.30s
--> Batch: 299, Loss: 0.2934, Label: 19, Survival Months: 353.25, Risk: -19.0174
	--> Average Speed: 0.71s per batch
	--> Time from Last Check: 22.65s
--> Batch: 349, Loss: 0.0005, Label: 13, Survival Months: 95.83, Risk: -18.8210
	--> Average Speed: 0.35s per batch
	--> Time from Last Check: 11.18s
--> Batch: 399, Loss: 0.0045, Label: 17, Survival Months: 191.50, Risk: -18.9658
	--> Average Speed: 0.54s per batch
	--> Time from Last Check: 17.13s
--> Batch: 449, Loss: 0.0000, Label: 4, Survival Months: 34.17, Risk: -19.1400
	--> Average Speed: 0.41s per batch
	--> Time from Last Check: 13.01s
--> Batch: 499, Loss: 0.0000, Label: 5, Survival Months: 36.75, Risk: -19.2073
	--> Average Speed: 0.86s per batch
	--> Time from Last Check: 27.39s
--> Batch: 549, Loss: 0.0008, Label: 12, Survival Months: 81.25, Risk: -19.0957
	--> Average Speed: 0.78s per batch
	--> Time from Last Check: 24.84s
--> Batch: 599, Loss: 0.0083, Label: 14, Survival Months: 114.25, Risk: -17.4030
	--> Average Speed: 0.87s per batch
	--> Time from Last Check: 27.90s
--> Batch: 649, Loss: 0.0003, Label: 7, Survival Months: 48.08, Risk: -18.6277
	--> Average Speed: 0.40s per batch
	--> Time from Last Check: 12.79s
--> Batch: 699, Loss: 0.0000, Label: 1, Survival Months: 15.50, Risk: -18.4285
	--> Average Speed: 0.67s per batch
	--> Time from Last Check: 21.42s
[04/01/2025 - 19:39:31] - Epoch: 20, lr: 0.00010000, train_loss: 0.1398, train_c_index: 0.9819
--> Saving model into checkpoints/MCAT_TCGA-BRCA_E20_202501041939.pt
[04/01/2025 - 19:40:50] - Epoch: 20, val_loss: nan, val_c_index: 0.6332
[04/01/2025 - 19:40:50] - Time elapsed for epoch 20: 380s

################## [04/01/2025 - 19:40:50] - Training started ##################
[1;34mwandb[0m: 🚀 View run [33mlucas_job_2503452[0m at: [34mhttps://wandb.ai/luca_inghilterra-unimore/TCGA-BRCA-COMP/runs/oqyvjzi7[0m
[1;34mwandb[0m: Find logs at: [1;35mwandb/run-20250104_165827-oqyvjzi7/logs[0m
