Environment conda activated
Job 2503908 started

#################### [07/01/2025 - 02:31:02] - MCAT started ####################
HOSTNAME: germano

WANDB: setting up for report

CUDA: available
--> Device count: 1
--> Using device: NVIDIA GeForce RTX 2080 Ti
--> Running on CUDA

DATASET: Loading data
--> Remaining samples after removing incomplete: 742
--> Class intervals: [
	0: [0.00 - 9.68]
	1: [9.68 - 24.60]
	2: [24.60 - 30.34]
	3: [30.34 - 33.52]
	4: [33.52 - 36.60]
	5: [36.60 - 39.75]
	6: [39.75 - 43.45]
	7: [43.45 - 47.78]
	8: [47.78 - 51.67]
	9: [51.67 - 56.66]
	10: [56.66 - 66.00]
	11: [66.00 - 78.32]
	12: [78.32 - 89.10]
	13: [89.10 - 102.75]
	14: [102.75 - 122.04]
	15: [122.04 - 143.07]
	16: [143.07 - 173.40]
	17: [173.40 - 206.80]
	18: [206.80 - 268.52]
	19: [268.52 - 593.83]
    ]
--> Standardizing RNA-seq data
--> Standardizing Methylation Islands beta values
--> Gene Expression Signatures size: [19938]
--> Methylation Signatures size: [33161]
--> Using 80% training, 20% validation
--> Training Set: [593], Validation Set: [149]

MODEL: MCAT
--> Trainable parameters of MCAT: 16694550
--> Loss function: CrossEntropySurvivalLoss
--> Optimizer: adam

################## [07/01/2025 - 02:32:13] - Training started ##################
[07/01/2025 - 02:32:13] - Epoch: 1
--> Batch: 49, Loss: 1.0442, Label: 7, Survival Months: 46.17, Risk: -1.0972
	--> Average Speed: 0.06s per batch
	--> Time from Last Check: 2.05s
--> Batch: 99, Loss: 2.6084, Label: 19, Survival Months: 473.08, Risk: -1.1299
	--> Average Speed: 0.05s per batch
	--> Time from Last Check: 1.47s
--> Batch: 149, Loss: 1.8387, Label: 14, Survival Months: 110.83, Risk: -1.2502
	--> Average Speed: 0.05s per batch
	--> Time from Last Check: 1.47s
--> Batch: 199, Loss: 0.3107, Label: 2, Survival Months: 29.17, Risk: -1.5162
	--> Average Speed: 0.05s per batch
	--> Time from Last Check: 1.47s
--> Batch: 249, Loss: 7.1393, Label: 18, Survival Months: 233.17, Risk: -2.3384
	--> Average Speed: 0.05s per batch
	--> Time from Last Check: 1.45s
--> Batch: 299, Loss: 0.7215, Label: 11, Survival Months: 70.75, Risk: -3.3562
	--> Average Speed: 0.05s per batch
	--> Time from Last Check: 1.51s
--> Batch: 349, Loss: 0.3924, Label: 11, Survival Months: 72.92, Risk: -6.2097
	--> Average Speed: 0.05s per batch
	--> Time from Last Check: 1.48s
--> Batch: 399, Loss: 0.6209, Label: 18, Survival Months: 207.17, Risk: -10.3362
	--> Average Speed: 0.05s per batch
	--> Time from Last Check: 1.46s
--> Batch: 449, Loss: 2.0717, Label: 19, Survival Months: 305.75, Risk: -13.6035
	--> Average Speed: 0.04s per batch
	--> Time from Last Check: 1.40s
--> Batch: 499, Loss: 3.7534, Label: 7, Survival Months: 44.83, Risk: -14.6284
	--> Average Speed: 0.04s per batch
	--> Time from Last Check: 1.39s
--> Batch: 549, Loss: 0.0897, Label: 14, Survival Months: 117.42, Risk: -15.0981
	--> Average Speed: 0.06s per batch
	--> Time from Last Check: 1.98s
[07/01/2025 - 02:32:31] - Epoch: 1, lr: 0.00010000, train_loss: 1.0751, train_c_index: 0.4495
[07/01/2025 - 02:32:33] - Epoch: 1, val_loss: 0.5140, val_c_index: 0.4135
[07/01/2025 - 02:32:33] - Time elapsed for epoch 1: 20s
[07/01/2025 - 02:32:33] - Epoch: 2
--> Batch: 49, Loss: 0.1904, Label: 18, Survival Months: 257.33, Risk: -15.8533
	--> Average Speed: 0.05s per batch
	--> Time from Last Check: 1.64s
--> Batch: 99, Loss: 0.0245, Label: 10, Survival Months: 56.75, Risk: -15.8540
	--> Average Speed: 0.04s per batch
	--> Time from Last Check: 1.41s
--> Batch: 149, Loss: 0.0863, Label: 15, Survival Months: 129.17, Risk: -15.8667
	--> Average Speed: 0.04s per batch
	--> Time from Last Check: 1.39s
--> Batch: 199, Loss: 2.3345, Label: 15, Survival Months: 125.67, Risk: -13.9453
	--> Average Speed: 0.04s per batch
	--> Time from Last Check: 1.43s
--> Batch: 249, Loss: 0.4765, Label: 19, Survival Months: 438.42, Risk: -14.1217
	--> Average Speed: 0.04s per batch
	--> Time from Last Check: 1.44s
--> Batch: 299, Loss: 0.0218, Label: 8, Survival Months: 50.50, Risk: -15.5199
	--> Average Speed: 0.04s per batch
	--> Time from Last Check: 1.42s
--> Batch: 349, Loss: 0.0301, Label: 7, Survival Months: 45.08, Risk: -14.2797
	--> Average Speed: 0.05s per batch
	--> Time from Last Check: 1.45s
--> Batch: 399, Loss: 0.0239, Label: 5, Survival Months: 38.92, Risk: -13.4778
	--> Average Speed: 0.04s per batch
	--> Time from Last Check: 1.42s
--> Batch: 449, Loss: 0.0198, Label: 3, Survival Months: 30.50, Risk: -13.9307
	--> Average Speed: 0.04s per batch
	--> Time from Last Check: 1.40s
--> Batch: 499, Loss: 0.0089, Label: 4, Survival Months: 35.92, Risk: -15.8129
	--> Average Speed: 0.05s per batch
	--> Time from Last Check: 1.44s
--> Batch: 549, Loss: 0.0180, Label: 6, Survival Months: 39.83, Risk: -14.8238
	--> Average Speed: 0.04s per batch
	--> Time from Last Check: 1.43s
[07/01/2025 - 02:32:50] - Epoch: 2, lr: 0.00008500, train_loss: 0.3605, train_c_index: 0.5156
[07/01/2025 - 02:32:52] - Epoch: 2, val_loss: 0.5096, val_c_index: 0.4451
[07/01/2025 - 02:32:52] - Time elapsed for epoch 2: 19s
[07/01/2025 - 02:32:52] - Epoch: 3
--> Batch: 49, Loss: 0.0142, Label: 2, Survival Months: 29.33, Risk: -14.4652
	--> Average Speed: 0.05s per batch
	--> Time from Last Check: 1.69s
--> Batch: 99, Loss: 0.0174, Label: 6, Survival Months: 41.58, Risk: -14.8568
	--> Average Speed: 0.04s per batch
	--> Time from Last Check: 1.44s
--> Batch: 149, Loss: 3.9395, Label: 2, Survival Months: 26.67, Risk: -15.2863
	--> Average Speed: 0.04s per batch
	--> Time from Last Check: 1.35s
--> Batch: 199, Loss: 0.0120, Label: 2, Survival Months: 27.67, Risk: -15.2106
	--> Average Speed: 0.04s per batch
	--> Time from Last Check: 1.42s
--> Batch: 249, Loss: 0.0089, Label: 1, Survival Months: 22.17, Risk: -15.1407
	--> Average Speed: 0.04s per batch
	--> Time from Last Check: 1.39s
--> Batch: 299, Loss: 0.0200, Label: 7, Survival Months: 43.50, Risk: -15.6010
	--> Average Speed: 0.04s per batch
	--> Time from Last Check: 1.40s
--> Batch: 349, Loss: 0.0230, Label: 9, Survival Months: 52.00, Risk: -15.7327
	--> Average Speed: 0.04s per batch
	--> Time from Last Check: 1.43s
--> Batch: 399, Loss: 0.0601, Label: 13, Survival Months: 94.33, Risk: -15.0391
	--> Average Speed: 0.04s per batch
	--> Time from Last Check: 1.43s
--> Batch: 449, Loss: 0.1687, Label: 17, Survival Months: 175.67, Risk: -15.0191
	--> Average Speed: 0.05s per batch
	--> Time from Last Check: 1.46s
--> Batch: 499, Loss: 0.2348, Label: 18, Survival Months: 210.08, Risk: -15.8988
	--> Average Speed: 0.04s per batch
	--> Time from Last Check: 1.43s
--> Batch: 549, Loss: 2.8158, Label: 10, Survival Months: 65.42, Risk: -12.5322
	--> Average Speed: 0.04s per batch
	--> Time from Last Check: 1.37s
[07/01/2025 - 02:33:09] - Epoch: 3, lr: 0.00007225, train_loss: 0.3395, train_c_index: 0.6675
[07/01/2025 - 02:33:10] - Epoch: 3, val_loss: 0.5083, val_c_index: 0.4530
[07/01/2025 - 02:33:10] - Time elapsed for epoch 3: 19s
[07/01/2025 - 02:33:10] - Epoch: 4
--> Batch: 49, Loss: 0.0469, Label: 13, Survival Months: 89.92, Risk: -15.7638
	--> Average Speed: 0.05s per batch
	--> Time from Last Check: 1.74s
--> Batch: 99, Loss: 0.0350, Label: 9, Survival Months: 52.92, Risk: -14.4250
	--> Average Speed: 0.05s per batch
	--> Time from Last Check: 1.48s
--> Batch: 149, Loss: 3.1815, Label: 11, Survival Months: 76.00, Risk: -14.3772
	--> Average Speed: 0.04s per batch
	--> Time from Last Check: 1.43s
--> Batch: 199, Loss: 0.0078, Label: 5, Survival Months: 38.83, Risk: -16.2078
	--> Average Speed: 0.04s per batch
	--> Time from Last Check: 1.43s
--> Batch: 249, Loss: 0.0069, Label: 5, Survival Months: 37.08, Risk: -16.3163
	--> Average Speed: 0.05s per batch
	--> Time from Last Check: 1.44s
--> Batch: 299, Loss: 2.7574, Label: 13, Survival Months: 92.00, Risk: -14.8274
	--> Average Speed: 0.05s per batch
	--> Time from Last Check: 1.46s
--> Batch: 349, Loss: 0.0332, Label: 10, Survival Months: 58.92, Risk: -15.1476
	--> Average Speed: 0.04s per batch
	--> Time from Last Check: 1.43s
--> Batch: 399, Loss: 0.0106, Label: 6, Survival Months: 40.67, Risk: -15.8227
	--> Average Speed: 0.04s per batch
	--> Time from Last Check: 1.43s
--> Batch: 449, Loss: 0.1303, Label: 17, Survival Months: 185.17, Risk: -16.0445
	--> Average Speed: 0.04s per batch
	--> Time from Last Check: 1.43s
--> Batch: 499, Loss: 0.0143, Label: 2, Survival Months: 29.17, Risk: -14.4460
	--> Average Speed: 0.05s per batch
	--> Time from Last Check: 1.48s
--> Batch: 549, Loss: 0.0052, Label: 6, Survival Months: 42.92, Risk: -16.8284
	--> Average Speed: 0.04s per batch
	--> Time from Last Check: 1.42s
[07/01/2025 - 02:33:28] - Epoch: 4, lr: 0.00006141, train_loss: 0.3245, train_c_index: 0.7870
[07/01/2025 - 02:33:29] - Epoch: 4, val_loss: 0.5361, val_c_index: 0.4709
[07/01/2025 - 02:33:29] - Time elapsed for epoch 4: 19s
[07/01/2025 - 02:33:29] - Epoch: 5
--> Batch: 49, Loss: 0.1498, Label: 16, Survival Months: 170.08, Risk: -14.7514
	--> Average Speed: 0.05s per batch
	--> Time from Last Check: 1.67s
--> Batch: 99, Loss: 0.1551, Label: 17, Survival Months: 197.08, Risk: -15.2046
	--> Average Speed: 0.04s per batch
	--> Time from Last Check: 1.44s
--> Batch: 149, Loss: 3.0453, Label: 2, Survival Months: 25.17, Risk: -12.7571
	--> Average Speed: 0.04s per batch
	--> Time from Last Check: 1.42s
--> Batch: 199, Loss: 0.0125, Label: 8, Survival Months: 47.83, Risk: -16.6146
	--> Average Speed: 0.04s per batch
	--> Time from Last Check: 1.43s
--> Batch: 249, Loss: 0.0028, Label: 5, Survival Months: 37.33, Risk: -17.4614
	--> Average Speed: 0.05s per batch
	--> Time from Last Check: 1.53s
--> Batch: 299, Loss: 0.0069, Label: 6, Survival Months: 40.67, Risk: -16.4332
	--> Average Speed: 0.04s per batch
	--> Time from Last Check: 1.41s
--> Batch: 349, Loss: 0.0205, Label: 13, Survival Months: 93.25, Risk: -17.0968
	--> Average Speed: 0.04s per batch
	--> Time from Last Check: 1.39s
--> Batch: 399, Loss: 0.0149, Label: 10, Survival Months: 65.75, Risk: -16.5350
	--> Average Speed: 0.04s per batch
	--> Time from Last Check: 1.40s
--> Batch: 449, Loss: 0.0177, Label: 3, Survival Months: 31.75, Risk: -13.7541
	--> Average Speed: 0.04s per batch
	--> Time from Last Check: 1.36s
--> Batch: 499, Loss: 0.0228, Label: 5, Survival Months: 39.67, Risk: -13.4999
	--> Average Speed: 0.04s per batch
	--> Time from Last Check: 1.36s
--> Batch: 549, Loss: 2.2345, Label: 14, Survival Months: 119.17, Risk: -13.4661
	--> Average Speed: 0.05s per batch
	--> Time from Last Check: 1.47s
[07/01/2025 - 02:33:46] - Epoch: 5, lr: 0.00005220, train_loss: 0.2967, train_c_index: 0.8700
[07/01/2025 - 02:33:48] - Epoch: 5, val_loss: 0.5852, val_c_index: 0.4164
[07/01/2025 - 02:33:48] - Time elapsed for epoch 5: 19s
[07/01/2025 - 02:33:48] - Epoch: 6
--> Batch: 49, Loss: 0.0098, Label: 5, Survival Months: 38.58, Risk: -15.4842
	--> Average Speed: 0.05s per batch
	--> Time from Last Check: 1.71s
--> Batch: 99, Loss: 0.0869, Label: 16, Survival Months: 169.42, Risk: -16.7082
	--> Average Speed: 0.04s per batch
	--> Time from Last Check: 1.39s
--> Batch: 149, Loss: 2.4166, Label: 15, Survival Months: 141.17, Risk: -17.4390
	--> Average Speed: 0.05s per batch
	--> Time from Last Check: 1.45s
--> Batch: 199, Loss: 0.1694, Label: 18, Survival Months: 260.08, Risk: -17.1443
	--> Average Speed: 0.04s per batch
	--> Time from Last Check: 1.39s
--> Batch: 249, Loss: 0.0189, Label: 12, Survival Months: 84.00, Risk: -16.9841
	--> Average Speed: 0.04s per batch
	--> Time from Last Check: 1.38s
--> Batch: 299, Loss: 0.0029, Label: 4, Survival Months: 33.75, Risk: -17.3295
	--> Average Speed: 0.04s per batch
	--> Time from Last Check: 1.35s
--> Batch: 349, Loss: 0.0043, Label: 3, Survival Months: 33.25, Risk: -16.6080
	--> Average Speed: 0.04s per batch
	--> Time from Last Check: 1.37s
--> Batch: 399, Loss: 0.0052, Label: 8, Survival Months: 48.67, Risk: -17.2959
	--> Average Speed: 0.04s per batch
	--> Time from Last Check: 1.40s
--> Batch: 449, Loss: 0.0119, Label: 8, Survival Months: 49.50, Risk: -16.1625
	--> Average Speed: 0.04s per batch
	--> Time from Last Check: 1.39s
--> Batch: 499, Loss: 0.2878, Label: 19, Survival Months: 270.67, Risk: -17.4736
	--> Average Speed: 0.04s per batch
	--> Time from Last Check: 1.42s
--> Batch: 549, Loss: 0.0657, Label: 16, Survival Months: 150.58, Risk: -17.4246
	--> Average Speed: 0.04s per batch
	--> Time from Last Check: 1.37s
[07/01/2025 - 02:34:05] - Epoch: 6, lr: 0.00004437, train_loss: 0.2747, train_c_index: 0.9170
[07/01/2025 - 02:34:06] - Epoch: 6, val_loss: 0.6264, val_c_index: 0.4523
[07/01/2025 - 02:34:06] - Time elapsed for epoch 6: 18s
[07/01/2025 - 02:34:06] - Epoch: 7
--> Batch: 49, Loss: 0.0005, Label: 0, Survival Months: 6.50, Risk: -17.3724
	--> Average Speed: 0.05s per batch
	--> Time from Last Check: 1.66s
--> Batch: 99, Loss: 0.0326, Label: 12, Survival Months: 83.00, Risk: -15.7717
	--> Average Speed: 0.05s per batch
	--> Time from Last Check: 1.55s
--> Batch: 149, Loss: 0.0110, Label: 8, Survival Months: 49.50, Risk: -16.7400
	--> Average Speed: 0.04s per batch
	--> Time from Last Check: 1.42s
--> Batch: 199, Loss: 0.0273, Label: 3, Survival Months: 31.75, Risk: -12.0666
	--> Average Speed: 0.04s per batch
	--> Time from Last Check: 1.42s
--> Batch: 249, Loss: 0.0280, Label: 7, Survival Months: 45.08, Risk: -13.9495
	--> Average Speed: 0.04s per batch
	--> Time from Last Check: 1.42s
--> Batch: 299, Loss: 2.1598, Label: 12, Survival Months: 86.17, Risk: -8.4086
	--> Average Speed: 0.04s per batch
	--> Time from Last Check: 1.41s
--> Batch: 349, Loss: 0.2292, Label: 19, Survival Months: 270.58, Risk: -18.0268
	--> Average Speed: 0.05s per batch
	--> Time from Last Check: 1.45s
--> Batch: 399, Loss: 0.0048, Label: 9, Survival Months: 54.00, Risk: -17.4699
	--> Average Speed: 0.04s per batch
	--> Time from Last Check: 1.42s
--> Batch: 449, Loss: 0.0832, Label: 17, Survival Months: 190.17, Risk: -17.3753
	--> Average Speed: 0.05s per batch
	--> Time from Last Check: 1.47s
--> Batch: 499, Loss: 1.1751, Label: 18, Survival Months: 255.25, Risk: -16.9202
	--> Average Speed: 0.05s per batch
	--> Time from Last Check: 1.47s
--> Batch: 549, Loss: 0.0012, Label: 5, Survival Months: 37.92, Risk: -17.6271
	--> Average Speed: 0.05s per batch
	--> Time from Last Check: 1.46s
[07/01/2025 - 02:34:24] - Epoch: 7, lr: 0.00003771, train_loss: 0.2558, train_c_index: 0.9414
[07/01/2025 - 02:34:25] - Epoch: 7, val_loss: 0.6518, val_c_index: 0.4436
[07/01/2025 - 02:34:25] - Time elapsed for epoch 7: 19s
[07/01/2025 - 02:34:25] - Epoch: 8
--> Batch: 49, Loss: 0.0048, Label: 6, Survival Months: 41.33, Risk: -16.3448
	--> Average Speed: 0.05s per batch
	--> Time from Last Check: 1.66s
--> Batch: 99, Loss: 0.0020, Label: 5, Survival Months: 39.58, Risk: -17.2802
	--> Average Speed: 0.05s per batch
	--> Time from Last Check: 1.45s
--> Batch: 149, Loss: 0.2687, Label: 19, Survival Months: 273.58, Risk: -17.8697
	--> Average Speed: 0.05s per batch
	--> Time from Last Check: 1.45s
--> Batch: 199, Loss: 1.8387, Label: 7, Survival Months: 44.83, Risk: -5.4278
	--> Average Speed: 0.05s per batch
	--> Time from Last Check: 1.48s
--> Batch: 249, Loss: 0.0107, Label: 13, Survival Months: 96.42, Risk: -17.6025
	--> Average Speed: 0.04s per batch
	--> Time from Last Check: 1.44s
--> Batch: 299, Loss: 0.1737, Label: 18, Survival Months: 226.75, Risk: -17.6997
	--> Average Speed: 0.04s per batch
	--> Time from Last Check: 1.39s
--> Batch: 349, Loss: 0.0011, Label: 6, Survival Months: 41.33, Risk: -17.6467
	--> Average Speed: 0.05s per batch
	--> Time from Last Check: 1.45s
--> Batch: 399, Loss: 0.0053, Label: 4, Survival Months: 35.33, Risk: -15.9379
	--> Average Speed: 0.04s per batch
	--> Time from Last Check: 1.42s
--> Batch: 449, Loss: 0.0622, Label: 15, Survival Months: 133.75, Risk: -16.9251
	--> Average Speed: 0.04s per batch
	--> Time from Last Check: 1.32s
--> Batch: 499, Loss: 0.0307, Label: 11, Survival Months: 75.92, Risk: -15.3517
	--> Average Speed: 0.04s per batch
	--> Time from Last Check: 1.40s
--> Batch: 549, Loss: 0.1774, Label: 18, Survival Months: 257.58, Risk: -17.6918
	--> Average Speed: 0.04s per batch
	--> Time from Last Check: 1.43s
[07/01/2025 - 02:34:42] - Epoch: 8, lr: 0.00003206, train_loss: 0.2462, train_c_index: 0.9498
[07/01/2025 - 02:34:44] - Epoch: 8, val_loss: 0.6616, val_c_index: 0.4824
[07/01/2025 - 02:34:44] - Time elapsed for epoch 8: 19s
[07/01/2025 - 02:34:44] - Epoch: 9
--> Batch: 49, Loss: 0.0880, Label: 17, Survival Months: 187.33, Risk: -17.2495
	--> Average Speed: 0.05s per batch
	--> Time from Last Check: 1.73s
--> Batch: 99, Loss: 0.0148, Label: 8, Survival Months: 50.83, Risk: -15.6885
	--> Average Speed: 0.05s per batch
	--> Time from Last Check: 1.45s
--> Batch: 149, Loss: 0.0032, Label: 9, Survival Months: 53.58, Risk: -17.6043
	--> Average Speed: 0.04s per batch
	--> Time from Last Check: 1.30s
--> Batch: 199, Loss: 0.2188, Label: 18, Survival Months: 257.58, Risk: -17.3031
	--> Average Speed: 0.04s per batch
	--> Time from Last Check: 1.44s
--> Batch: 249, Loss: 0.0007, Label: 4, Survival Months: 34.17, Risk: -17.6744
	--> Average Speed: 0.04s per batch
	--> Time from Last Check: 1.41s
--> Batch: 299, Loss: 2.5615, Label: 11, Survival Months: 76.00, Risk: -11.1765
	--> Average Speed: 0.04s per batch
	--> Time from Last Check: 1.42s
--> Batch: 349, Loss: 0.2699, Label: 19, Survival Months: 280.33, Risk: -17.9350
	--> Average Speed: 0.05s per batch
	--> Time from Last Check: 1.45s
--> Batch: 399, Loss: 0.0045, Label: 13, Survival Months: 97.08, Risk: -18.1587
	--> Average Speed: 0.04s per batch
	--> Time from Last Check: 1.44s
--> Batch: 449, Loss: 0.0019, Label: 10, Survival Months: 64.08, Risk: -18.1111
	--> Average Speed: 0.04s per batch
	--> Time from Last Check: 1.41s
--> Batch: 499, Loss: 0.0404, Label: 16, Survival Months: 156.33, Risk: -17.9791
	--> Average Speed: 0.04s per batch
	--> Time from Last Check: 1.40s
--> Batch: 549, Loss: 0.0050, Label: 12, Survival Months: 83.08, Risk: -18.0312
	--> Average Speed: 0.04s per batch
	--> Time from Last Check: 1.43s
[07/01/2025 - 02:35:01] - Epoch: 9, lr: 0.00002725, train_loss: 0.2328, train_c_index: 0.9581
[07/01/2025 - 02:35:02] - Epoch: 9, val_loss: 0.6986, val_c_index: 0.4774
[07/01/2025 - 02:35:02] - Time elapsed for epoch 9: 19s
[07/01/2025 - 02:35:02] - Epoch: 10
--> Batch: 49, Loss: 0.0007, Label: 6, Survival Months: 42.33, Risk: -17.8950
	--> Average Speed: 0.05s per batch
	--> Time from Last Check: 1.64s
--> Batch: 99, Loss: 0.0008, Label: 7, Survival Months: 47.42, Risk: -18.1806
	--> Average Speed: 0.04s per batch
	--> Time from Last Check: 1.42s
--> Batch: 149, Loss: 0.0004, Label: 3, Survival Months: 32.83, Risk: -18.1573
	--> Average Speed: 0.04s per batch
	--> Time from Last Check: 1.38s
--> Batch: 199, Loss: 0.0013, Label: 2, Survival Months: 27.67, Risk: -17.3658
	--> Average Speed: 0.04s per batch
	--> Time from Last Check: 1.40s
--> Batch: 249, Loss: 0.2759, Label: 19, Survival Months: 410.75, Risk: -17.8258
	--> Average Speed: 0.04s per batch
	--> Time from Last Check: 1.41s
--> Batch: 299, Loss: 0.0001, Label: 0, Survival Months: 6.58, Risk: -18.2542
	--> Average Speed: 0.05s per batch
	--> Time from Last Check: 1.46s
--> Batch: 349, Loss: 0.0004, Label: 5, Survival Months: 39.42, Risk: -18.2207
	--> Average Speed: 0.04s per batch
	--> Time from Last Check: 1.44s
--> Batch: 399, Loss: 0.0122, Label: 2, Survival Months: 28.58, Risk: -13.5267
	--> Average Speed: 0.04s per batch
	--> Time from Last Check: 1.40s
--> Batch: 449, Loss: 1.2725, Label: 1, Survival Months: 18.92, Risk: -2.8545
	--> Average Speed: 0.05s per batch
	--> Time from Last Check: 1.51s
--> Batch: 499, Loss: 0.0003, Label: 1, Survival Months: 18.75, Risk: -18.0174
	--> Average Speed: 0.04s per batch
	--> Time from Last Check: 1.40s
--> Batch: 549, Loss: 0.0310, Label: 16, Survival Months: 156.83, Risk: -18.2022
	--> Average Speed: 0.04s per batch
	--> Time from Last Check: 1.40s
[07/01/2025 - 02:35:20] - Epoch: 10, lr: 0.00002316, train_loss: 0.2277, train_c_index: 0.9558
[07/01/2025 - 02:35:21] - Epoch: 10, val_loss: 0.7306, val_c_index: 0.4767
[07/01/2025 - 02:35:21] - Time elapsed for epoch 10: 19s
[07/01/2025 - 02:35:21] - Epoch: 11
--> Batch: 49, Loss: 1.8287, Label: 7, Survival Months: 43.67, Risk: -8.5847
	--> Average Speed: 0.05s per batch
	--> Time from Last Check: 1.65s
--> Batch: 99, Loss: 0.3223, Label: 19, Survival Months: 278.50, Risk: -17.5693
	--> Average Speed: 0.04s per batch
	--> Time from Last Check: 1.41s
--> Batch: 149, Loss: 2.1806, Label: 8, Survival Months: 51.17, Risk: -8.8836
	--> Average Speed: 0.04s per batch
	--> Time from Last Check: 1.39s
--> Batch: 199, Loss: 0.0127, Label: 5, Survival Months: 39.33, Risk: -14.0766
	--> Average Speed: 0.05s per batch
	--> Time from Last Check: 1.46s
--> Batch: 249, Loss: 0.1591, Label: 18, Survival Months: 251.42, Risk: -17.8962
	--> Average Speed: 0.05s per batch
	--> Time from Last Check: 1.45s
--> Batch: 299, Loss: 0.0107, Label: 2, Survival Months: 26.08, Risk: -14.2777
	--> Average Speed: 0.05s per batch
	--> Time from Last Check: 1.47s
--> Batch: 349, Loss: 2.2272, Label: 13, Survival Months: 97.83, Risk: -10.9552
	--> Average Speed: 0.04s per batch
	--> Time from Last Check: 1.42s
--> Batch: 399, Loss: 0.0009, Label: 7, Survival Months: 44.17, Risk: -18.1280
	--> Average Speed: 0.04s per batch
	--> Time from Last Check: 1.40s
--> Batch: 449, Loss: 0.0209, Label: 11, Survival Months: 66.50, Risk: -15.9339
	--> Average Speed: 0.04s per batch
	--> Time from Last Check: 1.42s
--> Batch: 499, Loss: 0.0021, Label: 11, Survival Months: 69.08, Risk: -18.2052
	--> Average Speed: 0.04s per batch
	--> Time from Last Check: 1.38s
--> Batch: 549, Loss: 0.2593, Label: 19, Survival Months: 328.42, Risk: -18.1191
	--> Average Speed: 0.04s per batch
	--> Time from Last Check: 1.34s
[07/01/2025 - 02:35:38] - Epoch: 11, lr: 0.00001969, train_loss: 0.2207, train_c_index: 0.9597
[07/01/2025 - 02:35:39] - Epoch: 11, val_loss: 0.7564, val_c_index: 0.4910
[07/01/2025 - 02:35:39] - Time elapsed for epoch 11: 19s
[07/01/2025 - 02:35:39] - Epoch: 12
--> Batch: 49, Loss: 0.0241, Label: 12, Survival Months: 85.50, Risk: -15.9841
	--> Average Speed: 0.05s per batch
	--> Time from Last Check: 1.63s
--> Batch: 99, Loss: 0.0006, Label: 6, Survival Months: 39.83, Risk: -17.7911
	--> Average Speed: 0.04s per batch
	--> Time from Last Check: 1.40s
--> Batch: 149, Loss: 0.0032, Label: 11, Survival Months: 72.08, Risk: -17.8819
	--> Average Speed: 0.04s per batch
	--> Time from Last Check: 1.36s
--> Batch: 199, Loss: 0.0003, Label: 2, Survival Months: 26.83, Risk: -18.1048
	--> Average Speed: 0.04s per batch
	--> Time from Last Check: 1.41s
--> Batch: 249, Loss: 0.0003, Label: 3, Survival Months: 31.33, Risk: -18.2236
	--> Average Speed: 0.04s per batch
	--> Time from Last Check: 1.38s
--> Batch: 299, Loss: 1.5592, Label: 2, Survival Months: 29.00, Risk: -2.4210
	--> Average Speed: 0.05s per batch
	--> Time from Last Check: 1.46s
--> Batch: 349, Loss: 0.0008, Label: 6, Survival Months: 43.25, Risk: -17.5106
	--> Average Speed: 0.04s per batch
	--> Time from Last Check: 1.36s
--> Batch: 399, Loss: 0.0030, Label: 13, Survival Months: 94.92, Risk: -18.3734
	--> Average Speed: 0.04s per batch
	--> Time from Last Check: 1.43s
--> Batch: 449, Loss: 0.0018, Label: 10, Survival Months: 59.42, Risk: -18.1564
	--> Average Speed: 0.04s per batch
	--> Time from Last Check: 1.40s
--> Batch: 499, Loss: 0.0038, Label: 13, Survival Months: 97.08, Risk: -18.2044
	--> Average Speed: 0.04s per batch
	--> Time from Last Check: 1.39s
--> Batch: 549, Loss: 0.0005, Label: 2, Survival Months: 29.00, Risk: -17.9107
	--> Average Speed: 0.04s per batch
	--> Time from Last Check: 1.41s
[07/01/2025 - 02:35:56] - Epoch: 12, lr: 0.00001673, train_loss: 0.2166, train_c_index: 0.9543
[07/01/2025 - 02:35:58] - Epoch: 12, val_loss: 0.7871, val_c_index: 0.4917
[07/01/2025 - 02:35:58] - Time elapsed for epoch 12: 18s
[07/01/2025 - 02:35:58] - Epoch: 13
--> Batch: 49, Loss: 0.0001, Label: 0, Survival Months: 6.58, Risk: -18.1186
	--> Average Speed: 0.05s per batch
	--> Time from Last Check: 1.67s
--> Batch: 99, Loss: 0.2601, Label: 19, Survival Months: 273.83, Risk: -18.2552
	--> Average Speed: 0.04s per batch
	--> Time from Last Check: 1.44s
--> Batch: 149, Loss: 0.0001, Label: 4, Survival Months: 35.17, Risk: -18.2047
	--> Average Speed: 0.05s per batch
	--> Time from Last Check: 1.45s
--> Batch: 199, Loss: 0.0013, Label: 8, Survival Months: 51.67, Risk: -17.9199
	--> Average Speed: 0.04s per batch
	--> Time from Last Check: 1.40s
--> Batch: 249, Loss: 1.9173, Label: 16, Survival Months: 149.42, Risk: -15.2642
	--> Average Speed: 0.05s per batch
	--> Time from Last Check: 1.46s
--> Batch: 299, Loss: 0.0004, Label: 6, Survival Months: 41.00, Risk: -17.9227
	--> Average Speed: 0.05s per batch
	--> Time from Last Check: 1.47s
--> Batch: 349, Loss: 1.2256, Label: 19, Survival Months: 549.42, Risk: -18.1952
	--> Average Speed: 0.05s per batch
	--> Time from Last Check: 1.45s
--> Batch: 399, Loss: 0.0001, Label: 4, Survival Months: 36.58, Risk: -18.3474
	--> Average Speed: 0.04s per batch
	--> Time from Last Check: 1.44s
--> Batch: 449, Loss: 0.0009, Label: 8, Survival Months: 49.50, Risk: -18.1139
	--> Average Speed: 0.05s per batch
	--> Time from Last Check: 1.48s
--> Batch: 499, Loss: 0.0381, Label: 17, Survival Months: 197.67, Risk: -18.3657
	--> Average Speed: 0.05s per batch
	--> Time from Last Check: 1.47s
--> Batch: 549, Loss: 0.0017, Label: 11, Survival Months: 77.58, Risk: -18.1683
	--> Average Speed: 0.04s per batch
	--> Time from Last Check: 1.41s
[07/01/2025 - 02:36:15] - Epoch: 13, lr: 0.00001422, train_loss: 0.2099, train_c_index: 0.9642
[07/01/2025 - 02:36:17] - Epoch: 13, val_loss: 0.7984, val_c_index: 0.5075
[07/01/2025 - 02:36:17] - Time elapsed for epoch 13: 19s
[07/01/2025 - 02:36:17] - Epoch: 14
--> Batch: 49, Loss: 0.0001, Label: 0, Survival Months: 0.00, Risk: -17.8075
	--> Average Speed: 0.05s per batch
	--> Time from Last Check: 1.66s
--> Batch: 99, Loss: 0.0003, Label: 5, Survival Months: 39.75, Risk: -17.9026
	--> Average Speed: 0.04s per batch
	--> Time from Last Check: 1.40s
--> Batch: 149, Loss: 0.0212, Label: 14, Survival Months: 110.42, Risk: -17.6320
	--> Average Speed: 0.05s per batch
	--> Time from Last Check: 1.51s
--> Batch: 199, Loss: 0.2553, Label: 19, Survival Months: 275.58, Risk: -18.2959
	--> Average Speed: 0.05s per batch
	--> Time from Last Check: 1.48s
--> Batch: 249, Loss: 0.0064, Label: 13, Survival Months: 96.83, Risk: -17.9033
	--> Average Speed: 0.04s per batch
	--> Time from Last Check: 1.42s
--> Batch: 299, Loss: 0.0417, Label: 17, Survival Months: 197.08, Risk: -18.2731
	--> Average Speed: 0.04s per batch
	--> Time from Last Check: 1.37s
--> Batch: 349, Loss: 0.0001, Label: 4, Survival Months: 36.25, Risk: -18.1907
	--> Average Speed: 0.04s per batch
	--> Time from Last Check: 1.36s
--> Batch: 399, Loss: 0.0006, Label: 8, Survival Months: 47.92, Risk: -18.3795
	--> Average Speed: 0.04s per batch
	--> Time from Last Check: 1.41s
--> Batch: 449, Loss: 1.5628, Label: 15, Survival Months: 139.42, Risk: -13.3297
	--> Average Speed: 0.04s per batch
	--> Time from Last Check: 1.43s
--> Batch: 499, Loss: 0.0002, Label: 4, Survival Months: 36.50, Risk: -18.2280
	--> Average Speed: 0.04s per batch
	--> Time from Last Check: 1.35s
--> Batch: 549, Loss: 0.0007, Label: 7, Survival Months: 44.33, Risk: -18.0656
	--> Average Speed: 0.04s per batch
	--> Time from Last Check: 1.43s
[07/01/2025 - 02:36:34] - Epoch: 14, lr: 0.00001209, train_loss: 0.2099, train_c_index: 0.9620
[07/01/2025 - 02:36:35] - Epoch: 14, val_loss: 0.8053, val_c_index: 0.5068
[07/01/2025 - 02:36:35] - Time elapsed for epoch 14: 19s
[07/01/2025 - 02:36:35] - Epoch: 15
--> Batch: 49, Loss: 0.0007, Label: 9, Survival Months: 54.17, Risk: -18.1790
	--> Average Speed: 0.05s per batch
	--> Time from Last Check: 1.62s
--> Batch: 99, Loss: 0.0001, Label: 5, Survival Months: 36.75, Risk: -18.3996
	--> Average Speed: 0.04s per batch
	--> Time from Last Check: 1.44s
--> Batch: 149, Loss: 0.0001, Label: 1, Survival Months: 14.17, Risk: -18.0941
	--> Average Speed: 0.04s per batch
	--> Time from Last Check: 1.35s
--> Batch: 199, Loss: 0.0126, Label: 10, Survival Months: 58.50, Risk: -16.3400
	--> Average Speed: 0.04s per batch
	--> Time from Last Check: 1.40s
--> Batch: 249, Loss: 0.0519, Label: 17, Survival Months: 203.50, Risk: -18.1209
	--> Average Speed: 0.04s per batch
	--> Time from Last Check: 1.38s
--> Batch: 299, Loss: 0.2568, Label: 19, Survival Months: 280.33, Risk: -18.3444
	--> Average Speed: 0.04s per batch
	--> Time from Last Check: 1.37s
--> Batch: 349, Loss: 0.0003, Label: 2, Survival Months: 27.67, Risk: -17.9202
	--> Average Speed: 0.04s per batch
	--> Time from Last Check: 1.36s
--> Batch: 399, Loss: 0.0000, Label: 0, Survival Months: 4.08, Risk: -18.2236
	--> Average Speed: 0.04s per batch
	--> Time from Last Check: 1.35s
--> Batch: 449, Loss: 0.0004, Label: 7, Survival Months: 45.08, Risk: -18.2192
	--> Average Speed: 0.04s per batch
	--> Time from Last Check: 1.38s
--> Batch: 499, Loss: 0.0002, Label: 9, Survival Months: 52.92, Risk: -18.5354
	--> Average Speed: 0.05s per batch
	--> Time from Last Check: 1.45s
--> Batch: 549, Loss: 1.2368, Label: 19, Survival Months: 305.75, Risk: -18.3278
	--> Average Speed: 0.05s per batch
	--> Time from Last Check: 1.45s
[07/01/2025 - 02:36:52] - Epoch: 15, lr: 0.00001028, train_loss: 0.2058, train_c_index: 0.9721
[07/01/2025 - 02:36:54] - Epoch: 15, val_loss: 0.8300, val_c_index: 0.4996
[07/01/2025 - 02:36:54] - Time elapsed for epoch 15: 19s
[07/01/2025 - 02:36:54] - Epoch: 16
--> Batch: 49, Loss: 0.0033, Label: 13, Survival Months: 101.75, Risk: -18.3076
	--> Average Speed: 0.05s per batch
	--> Time from Last Check: 1.67s
--> Batch: 99, Loss: 0.0001, Label: 3, Survival Months: 31.75, Risk: -18.2716
	--> Average Speed: 0.04s per batch
	--> Time from Last Check: 1.41s
--> Batch: 149, Loss: 0.0020, Label: 7, Survival Months: 46.67, Risk: -17.0921
	--> Average Speed: 0.04s per batch
	--> Time from Last Check: 1.41s
--> Batch: 199, Loss: 0.1302, Label: 18, Survival Months: 232.00, Risk: -18.3324
	--> Average Speed: 0.04s per batch
	--> Time from Last Check: 1.42s
--> Batch: 249, Loss: 1.8272, Label: 16, Survival Months: 151.00, Risk: -14.4601
	--> Average Speed: 0.04s per batch
	--> Time from Last Check: 1.38s
--> Batch: 299, Loss: 0.0325, Label: 16, Survival Months: 156.33, Risk: -18.2095
	--> Average Speed: 0.05s per batch
	--> Time from Last Check: 1.45s
--> Batch: 349, Loss: 1.4509, Label: 15, Survival Months: 141.17, Risk: -14.2122
	--> Average Speed: 0.04s per batch
	--> Time from Last Check: 1.44s
--> Batch: 399, Loss: 1.2453, Label: 19, Survival Months: 288.50, Risk: -18.2574
	--> Average Speed: 0.04s per batch
	--> Time from Last Check: 1.43s
--> Batch: 449, Loss: 0.0001, Label: 2, Survival Months: 25.17, Risk: -18.2476
	--> Average Speed: 0.04s per batch
	--> Time from Last Check: 1.41s
--> Batch: 499, Loss: 0.0001, Label: 1, Survival Months: 24.50, Risk: -18.2468
	--> Average Speed: 0.04s per batch
	--> Time from Last Check: 1.41s
--> Batch: 549, Loss: 0.0004, Label: 10, Survival Months: 63.50, Risk: -18.5467
	--> Average Speed: 0.05s per batch
	--> Time from Last Check: 1.44s
[07/01/2025 - 02:37:11] - Epoch: 16, lr: 0.00000874, train_loss: 0.2001, train_c_index: 0.9685
[07/01/2025 - 02:37:12] - Epoch: 16, val_loss: 0.8464, val_c_index: 0.4982
[07/01/2025 - 02:37:12] - Time elapsed for epoch 16: 19s
[07/01/2025 - 02:37:12] - Epoch: 17
--> Batch: 49, Loss: 0.0000, Label: 0, Survival Months: 0.83, Risk: -17.9879
	--> Average Speed: 0.05s per batch
	--> Time from Last Check: 1.69s
--> Batch: 99, Loss: 0.0004, Label: 9, Survival Months: 52.00, Risk: -18.3049
	--> Average Speed: 0.04s per batch
	--> Time from Last Check: 1.39s
--> Batch: 149, Loss: 1.7525, Label: 16, Survival Months: 146.58, Risk: -15.9951
	--> Average Speed: 0.04s per batch
	--> Time from Last Check: 1.39s
--> Batch: 199, Loss: 0.0001, Label: 3, Survival Months: 32.83, Risk: -18.4004
	--> Average Speed: 0.04s per batch
	--> Time from Last Check: 1.40s
--> Batch: 249, Loss: 1.5683, Label: 14, Survival Months: 106.25, Risk: -13.6670
	--> Average Speed: 0.04s per batch
	--> Time from Last Check: 1.32s
--> Batch: 299, Loss: 0.0023, Label: 10, Survival Months: 59.50, Risk: -17.8088
	--> Average Speed: 0.05s per batch
	--> Time from Last Check: 1.45s
--> Batch: 349, Loss: 0.0002, Label: 9, Survival Months: 52.58, Risk: -18.5141
	--> Average Speed: 0.04s per batch
	--> Time from Last Check: 1.36s
--> Batch: 399, Loss: 0.0161, Label: 15, Survival Months: 137.33, Risk: -18.3274
	--> Average Speed: 0.04s per batch
	--> Time from Last Check: 1.33s
--> Batch: 449, Loss: 0.0008, Label: 6, Survival Months: 42.92, Risk: -17.1711
	--> Average Speed: 0.04s per batch
	--> Time from Last Check: 1.39s
--> Batch: 499, Loss: 0.0001, Label: 5, Survival Months: 36.75, Risk: -18.2968
	--> Average Speed: 0.05s per batch
	--> Time from Last Check: 1.53s
--> Batch: 549, Loss: 0.0018, Label: 12, Survival Months: 84.58, Risk: -18.3497
	--> Average Speed: 0.04s per batch
	--> Time from Last Check: 1.40s
[07/01/2025 - 02:37:29] - Epoch: 17, lr: 0.00000743, train_loss: 0.2011, train_c_index: 0.9673
[07/01/2025 - 02:37:31] - Epoch: 17, val_loss: 0.8484, val_c_index: 0.5075
[07/01/2025 - 02:37:31] - Time elapsed for epoch 17: 18s
[07/01/2025 - 02:37:31] - Epoch: 18
--> Batch: 49, Loss: 0.1685, Label: 18, Survival Months: 217.67, Risk: -17.8805
	--> Average Speed: 0.05s per batch
	--> Time from Last Check: 1.67s
--> Batch: 99, Loss: 0.0002, Label: 5, Survival Months: 38.92, Risk: -17.8862
	--> Average Speed: 0.04s per batch
	--> Time from Last Check: 1.41s
--> Batch: 149, Loss: 0.0010, Label: 6, Survival Months: 42.92, Risk: -16.9236
	--> Average Speed: 0.04s per batch
	--> Time from Last Check: 1.37s
--> Batch: 199, Loss: 0.0022, Label: 12, Survival Months: 84.00, Risk: -18.3334
	--> Average Speed: 0.05s per batch
	--> Time from Last Check: 1.48s
--> Batch: 249, Loss: 0.0011, Label: 8, Survival Months: 50.92, Risk: -17.8827
	--> Average Speed: 0.05s per batch
	--> Time from Last Check: 1.48s
--> Batch: 299, Loss: 0.0034, Label: 10, Survival Months: 61.17, Risk: -17.5073
	--> Average Speed: 0.05s per batch
	--> Time from Last Check: 1.49s
--> Batch: 349, Loss: 0.2577, Label: 19, Survival Months: 333.75, Risk: -18.4595
	--> Average Speed: 0.04s per batch
	--> Time from Last Check: 1.43s
--> Batch: 399, Loss: 0.0303, Label: 2, Survival Months: 25.00, Risk: -9.9701
	--> Average Speed: 0.05s per batch
	--> Time from Last Check: 1.44s
--> Batch: 449, Loss: 1.3056, Label: 15, Survival Months: 122.33, Risk: -14.7700
	--> Average Speed: 0.04s per batch
	--> Time from Last Check: 1.42s
--> Batch: 499, Loss: 0.0294, Label: 17, Survival Months: 203.50, Risk: -18.5039
	--> Average Speed: 0.04s per batch
	--> Time from Last Check: 1.41s
--> Batch: 549, Loss: 0.0782, Label: 14, Survival Months: 103.92, Risk: -15.7206
	--> Average Speed: 0.05s per batch
	--> Time from Last Check: 1.44s
[07/01/2025 - 02:37:48] - Epoch: 18, lr: 0.00000631, train_loss: 0.2038, train_c_index: 0.9632
[07/01/2025 - 02:37:50] - Epoch: 18, val_loss: 0.8543, val_c_index: 0.5197
[07/01/2025 - 02:37:50] - Time elapsed for epoch 18: 19s
[07/01/2025 - 02:37:50] - Epoch: 19
--> Batch: 49, Loss: 0.0029, Label: 13, Survival Months: 97.08, Risk: -18.3211
	--> Average Speed: 0.05s per batch
	--> Time from Last Check: 1.63s
--> Batch: 99, Loss: 0.0007, Label: 10, Survival Months: 58.17, Risk: -18.3161
	--> Average Speed: 0.04s per batch
	--> Time from Last Check: 1.32s
--> Batch: 149, Loss: 0.0001, Label: 4, Survival Months: 36.58, Risk: -18.3237
	--> Average Speed: 0.04s per batch
	--> Time from Last Check: 1.37s
--> Batch: 199, Loss: 0.0000, Label: 2, Survival Months: 25.17, Risk: -18.5052
	--> Average Speed: 0.04s per batch
	--> Time from Last Check: 1.34s
--> Batch: 249, Loss: 0.0000, Label: 0, Survival Months: 6.50, Risk: -18.4195
	--> Average Speed: 0.04s per batch
	--> Time from Last Check: 1.27s
--> Batch: 299, Loss: 0.0014, Label: 6, Survival Months: 43.17, Risk: -17.0985
	--> Average Speed: 0.04s per batch
	--> Time from Last Check: 1.39s
--> Batch: 349, Loss: 0.0037, Label: 2, Survival Months: 26.67, Risk: -14.8714
	--> Average Speed: 0.05s per batch
	--> Time from Last Check: 1.53s
--> Batch: 399, Loss: 0.0329, Label: 17, Survival Months: 200.50, Risk: -18.3959
	--> Average Speed: 0.04s per batch
	--> Time from Last Check: 1.33s
--> Batch: 449, Loss: 0.2526, Label: 19, Survival Months: 280.08, Risk: -18.4621
	--> Average Speed: 0.04s per batch
	--> Time from Last Check: 1.36s
--> Batch: 499, Loss: 0.0016, Label: 11, Survival Months: 71.33, Risk: -18.0263
	--> Average Speed: 0.04s per batch
	--> Time from Last Check: 1.30s
--> Batch: 549, Loss: 0.0018, Label: 12, Survival Months: 88.67, Risk: -18.3347
	--> Average Speed: 0.04s per batch
	--> Time from Last Check: 1.35s
[07/01/2025 - 02:38:06] - Epoch: 19, lr: 0.00000536, train_loss: 0.1970, train_c_index: 0.9659
[07/01/2025 - 02:38:07] - Epoch: 19, val_loss: 0.8722, val_c_index: 0.5154
[07/01/2025 - 02:38:07] - Time elapsed for epoch 19: 18s
[07/01/2025 - 02:38:07] - Epoch: 20
--> Batch: 49, Loss: 2.4734, Label: 8, Survival Months: 48.08, Risk: -11.3416
	--> Average Speed: 0.05s per batch
	--> Time from Last Check: 1.61s
--> Batch: 99, Loss: 0.0001, Label: 4, Survival Months: 35.83, Risk: -18.3127
	--> Average Speed: 0.04s per batch
	--> Time from Last Check: 1.41s
--> Batch: 149, Loss: 1.2011, Label: 1, Survival Months: 14.33, Risk: -2.1878
	--> Average Speed: 0.04s per batch
	--> Time from Last Check: 1.37s
--> Batch: 199, Loss: 0.1197, Label: 16, Survival Months: 165.67, Risk: -16.5886
	--> Average Speed: 0.04s per batch
	--> Time from Last Check: 1.41s
--> Batch: 249, Loss: 0.0009, Label: 1, Survival Months: 21.75, Risk: -16.4572
	--> Average Speed: 0.04s per batch
	--> Time from Last Check: 1.35s
--> Batch: 299, Loss: 0.0004, Label: 8, Survival Months: 51.33, Risk: -18.3546
	--> Average Speed: 0.04s per batch
	--> Time from Last Check: 1.38s
--> Batch: 349, Loss: 0.0005, Label: 1, Survival Months: 24.17, Risk: -17.2370
	--> Average Speed: 0.04s per batch
	--> Time from Last Check: 1.27s
--> Batch: 399, Loss: 0.0153, Label: 16, Survival Months: 150.58, Risk: -18.6087
	--> Average Speed: 0.04s per batch
	--> Time from Last Check: 1.26s
--> Batch: 449, Loss: 0.0138, Label: 15, Survival Months: 137.33, Risk: -18.4080
	--> Average Speed: 0.04s per batch
	--> Time from Last Check: 1.27s
--> Batch: 499, Loss: 0.0018, Label: 13, Survival Months: 101.75, Risk: -18.5723
	--> Average Speed: 0.04s per batch
	--> Time from Last Check: 1.31s
--> Batch: 549, Loss: 0.0001, Label: 6, Survival Months: 42.58, Risk: -18.4136
	--> Average Speed: 0.04s per batch
	--> Time from Last Check: 1.31s
[07/01/2025 - 02:38:24] - Epoch: 20, lr: 0.00000456, train_loss: 0.1973, train_c_index: 0.9757
--> Saving model into checkpoints/MCAT_TCGA-BRCA-GE-ME_E20_202501070238.pt
[07/01/2025 - 02:38:26] - Epoch: 20, val_loss: 0.8739, val_c_index: 0.5133
[07/01/2025 - 02:38:26] - Time elapsed for epoch 20: 18s

################# [07/01/2025 - 02:38:26] - Training completed #################

################# [07/01/2025 - 02:38:26] - Validation started #################
[07/01/2025 - 02:38:27] - Final Validation, val_loss: 0.8739, val_c_index: 0.5133
[07/01/2025 - 02:38:27] - Time elapsed for Validation: 1s

################ [07/01/2025 - 02:38:27] - Validation completed ################

################## [07/01/2025 - 02:38:29] - MCAT terminated ###################
