Environment conda activated
Job 2503438 started

#################### [04/01/2025 - 16:21:37] - MCAT started ####################
HOSTNAME: germano

WANDB: setting up for report

CUDA: available
--> Device count: 1
--> Using device: NVIDIA GeForce RTX 2080 Ti
--> Running on CUDA

DATASET: TCGA data only
--> Remaining samples after removing incomplete: 910
--> Class intervals: [
	0: [0.00 - 4.83]
	1: [4.83 - 20.15]
	2: [20.15 - 28.14]
	3: [28.14 - 32.06]
	4: [32.06 - 35.42]
	5: [35.42 - 39.06]
	6: [39.06 - 43.86]
	7: [43.86 - 48.08]
	8: [48.08 - 52.18]
	9: [52.18 - 58.96]
	10: [58.96 - 68.74]
	11: [68.74 - 81.17]
	12: [81.17 - 93.39]
	13: [93.39 - 105.96]
	14: [105.96 - 124.19]
	15: [124.19 - 146.93]
	16: [146.93 - 179.46]
	17: [179.46 - 207.62]
	18: [207.62 - 269.79]
	19: [269.79 - 593.83]
    ]
--> Standardizing RNA-seq data
--> Signatures size: [19938]
--> Using 80% train, 20% validation
--> Training Set: [728], Validation Set: [182]

MODEL: MCAT
--> Trainable parameters of MCAT: 8401686
--> Loss function: CrossEntropySurvivalLoss
--> Optimizer: adam

################## [04/01/2025 - 16:24:28] - Training started ##################
[04/01/2025 - 16:24:28] - Epoch: 1
--> Batch: 49, Loss: 0.6902, Label: 6, Survival Months: 41.33, Risk: -1.1308
	--> Average Speed: 1.38s per batch
	--> Time from Last Check: 44.22s
--> Batch: 99, Loss: 0.6640, Label: 6, Survival Months: 40.67, Risk: -1.1756
	--> Average Speed: 0.78s per batch
	--> Time from Last Check: 25.03s
--> Batch: 149, Loss: 1.1025, Label: 11, Survival Months: 81.17, Risk: -1.2709
	--> Average Speed: 1.14s per batch
	--> Time from Last Check: 36.44s
--> Batch: 199, Loss: 0.6715, Label: 7, Survival Months: 44.00, Risk: -1.3821
	--> Average Speed: 0.92s per batch
	--> Time from Last Check: 29.48s
--> Batch: 249, Loss: 1.0746, Label: 14, Survival Months: 109.00, Risk: -1.8845
	--> Average Speed: 1.01s per batch
	--> Time from Last Check: 32.41s
--> Batch: 299, Loss: 0.6845, Label: 11, Survival Months: 81.00, Risk: -2.5592
	--> Average Speed: 1.51s per batch
	--> Time from Last Check: 48.16s
--> Batch: 349, Loss: 0.4198, Label: 9, Survival Months: 58.50, Risk: -3.4654
	--> Average Speed: 0.65s per batch
	--> Time from Last Check: 20.93s
--> Batch: 399, Loss: 4.0065, Label: 18, Survival Months: 247.08, Risk: -5.3068
	--> Average Speed: 1.21s per batch
	--> Time from Last Check: 38.60s
--> Batch: 449, Loss: 0.1384, Label: 9, Survival Months: 55.50, Risk: -8.4260
	--> Average Speed: 1.59s per batch
	--> Time from Last Check: 50.93s
--> Batch: 499, Loss: 0.0589, Label: 8, Survival Months: 50.83, Risk: -11.5618
	--> Average Speed: 0.71s per batch
	--> Time from Last Check: 22.64s
--> Batch: 549, Loss: 0.0438, Label: 12, Survival Months: 81.25, Risk: -14.6845
	--> Average Speed: 0.87s per batch
	--> Time from Last Check: 27.73s
--> Batch: 599, Loss: 0.0105, Label: 4, Survival Months: 32.92, Risk: -14.7288
	--> Average Speed: 1.06s per batch
	--> Time from Last Check: 34.01s
--> Batch: 649, Loss: 0.0062, Label: 3, Survival Months: 28.58, Risk: -15.6120
	--> Average Speed: 0.94s per batch
	--> Time from Last Check: 29.94s
--> Batch: 699, Loss: 0.0061, Label: 5, Survival Months: 37.92, Risk: -16.2707
	--> Average Speed: 1.25s per batch
	--> Time from Last Check: 40.14s
[04/01/2025 - 16:32:52] - Epoch: 1, lr: 0.00010000, train_loss: 0.9234, train_c_index: 0.5859
[04/01/2025 - 16:34:55] - Epoch: 1, val_loss: 0.4923, val_c_index: 0.5706
[04/01/2025 - 16:34:55] - Time elapsed for epoch 1: 628s
[04/01/2025 - 16:34:55] - Epoch: 2
--> Batch: 49, Loss: 0.0841, Label: 16, Survival Months: 175.67, Risk: -15.0451
	--> Average Speed: 1.10s per batch
	--> Time from Last Check: 35.21s
--> Batch: 99, Loss: 0.0094, Label: 1, Survival Months: 14.33, Risk: -13.3914
	--> Average Speed: 1.37s per batch
	--> Time from Last Check: 43.88s
--> Batch: 149, Loss: 0.0188, Label: 7, Survival Months: 47.92, Risk: -14.1619
	--> Average Speed: 1.28s per batch
	--> Time from Last Check: 41.05s
--> Batch: 199, Loss: 0.0524, Label: 10, Survival Months: 63.42, Risk: -12.7305
	--> Average Speed: 0.92s per batch
	--> Time from Last Check: 29.57s
--> Batch: 249, Loss: 0.0854, Label: 13, Survival Months: 100.42, Risk: -12.9022
	--> Average Speed: 0.72s per batch
	--> Time from Last Check: 22.95s
--> Batch: 299, Loss: 0.0876, Label: 13, Survival Months: 102.58, Risk: -12.6089
	--> Average Speed: 0.94s per batch
	--> Time from Last Check: 30.21s
--> Batch: 349, Loss: 2.9516, Label: 14, Survival Months: 119.92, Risk: -14.5625
	--> Average Speed: 1.05s per batch
	--> Time from Last Check: 33.69s
--> Batch: 399, Loss: 0.0462, Label: 13, Survival Months: 101.33, Risk: -14.9287
	--> Average Speed: 1.13s per batch
	--> Time from Last Check: 36.14s
--> Batch: 449, Loss: 0.1010, Label: 17, Survival Months: 185.08, Risk: -15.2971
	--> Average Speed: 1.31s per batch
	--> Time from Last Check: 41.84s
--> Batch: 499, Loss: 2.2431, Label: 17, Survival Months: 205.75, Risk: -15.6837
	--> Average Speed: 0.94s per batch
	--> Time from Last Check: 29.97s
--> Batch: 549, Loss: 0.0196, Label: 8, Survival Months: 51.83, Risk: -15.1720
	--> Average Speed: 1.04s per batch
	--> Time from Last Check: 33.38s
--> Batch: 599, Loss: 0.0183, Label: 2, Survival Months: 28.08, Risk: -12.9724
	--> Average Speed: 1.90s per batch
	--> Time from Last Check: 60.84s
--> Batch: 649, Loss: 0.0137, Label: 1, Survival Months: 5.83, Risk: -12.7716
	--> Average Speed: 0.68s per batch
	--> Time from Last Check: 21.65s
--> Batch: 699, Loss: 0.0615, Label: 11, Survival Months: 78.50, Risk: -13.0829
	--> Average Speed: 1.18s per batch
	--> Time from Last Check: 37.70s
[04/01/2025 - 16:43:27] - Epoch: 2, lr: 0.00010000, train_loss: 0.3780, train_c_index: 0.4969
[04/01/2025 - 16:45:41] - Epoch: 2, val_loss: 0.4368, val_c_index: 0.6708
[04/01/2025 - 16:45:41] - Time elapsed for epoch 2: 646s
[04/01/2025 - 16:45:41] - Epoch: 3
--> Batch: 49, Loss: 0.0211, Label: 5, Survival Months: 35.67, Risk: -13.8895
	--> Average Speed: 1.03s per batch
	--> Time from Last Check: 32.87s
--> Batch: 99, Loss: 0.0055, Label: 0, Survival Months: 4.75, Risk: -14.1775
	--> Average Speed: 0.94s per batch
	--> Time from Last Check: 30.22s
--> Batch: 149, Loss: 0.0103, Label: 0, Survival Months: 0.42, Risk: -11.1783
	--> Average Speed: 0.78s per batch
	--> Time from Last Check: 25.00s
--> Batch: 199, Loss: 0.1560, Label: 15, Survival Months: 144.17, Risk: -11.7634
	--> Average Speed: 0.82s per batch
	--> Time from Last Check: 26.29s
--> Batch: 249, Loss: 0.0264, Label: 5, Survival Months: 39.00, Risk: -13.2041
	--> Average Speed: 1.35s per batch
	--> Time from Last Check: 43.15s
--> Batch: 299, Loss: 2.3601, Label: 15, Survival Months: 136.83, Risk: -14.9747
	--> Average Speed: 0.99s per batch
	--> Time from Last Check: 31.70s
--> Batch: 349, Loss: 0.1294, Label: 17, Survival Months: 183.08, Risk: -14.2117
	--> Average Speed: 1.11s per batch
	--> Time from Last Check: 35.67s
--> Batch: 399, Loss: 0.0120, Label: 6, Survival Months: 39.83, Risk: -15.5492
	--> Average Speed: 0.91s per batch
	--> Time from Last Check: 29.05s
--> Batch: 449, Loss: 0.0886, Label: 16, Survival Months: 153.50, Risk: -14.9159
	--> Average Speed: 0.99s per batch
	--> Time from Last Check: 31.72s
--> Batch: 499, Loss: 0.0999, Label: 16, Survival Months: 159.50, Risk: -14.3160
	--> Average Speed: 1.09s per batch
	--> Time from Last Check: 34.79s
--> Batch: 549, Loss: 0.0136, Label: 6, Survival Months: 39.33, Risk: -15.1186
	--> Average Speed: 1.07s per batch
	--> Time from Last Check: 34.19s
--> Batch: 599, Loss: 0.0135, Label: 2, Survival Months: 26.08, Risk: -14.2530
	--> Average Speed: 0.72s per batch
	--> Time from Last Check: 23.02s
--> Batch: 649, Loss: 0.0159, Label: 7, Survival Months: 45.00, Risk: -14.9519
	--> Average Speed: 0.73s per batch
	--> Time from Last Check: 23.45s
--> Batch: 699, Loss: 2.9785, Label: 16, Survival Months: 148.42, Risk: -14.8303
	--> Average Speed: 1.38s per batch
	--> Time from Last Check: 44.07s
[04/01/2025 - 16:53:20] - Epoch: 3, lr: 0.00010000, train_loss: 0.3566, train_c_index: 0.6693
[04/01/2025 - 16:55:25] - Epoch: 3, val_loss: 0.4685, val_c_index: 0.6655
[04/01/2025 - 16:55:25] - Time elapsed for epoch 3: 583s
[04/01/2025 - 16:55:25] - Epoch: 4
--> Batch: 49, Loss: 0.0568, Label: 15, Survival Months: 129.92, Risk: -16.0312
	--> Average Speed: 0.79s per batch
	--> Time from Last Check: 25.43s
--> Batch: 99, Loss: 0.3142, Label: 19, Survival Months: 275.58, Risk: -16.6618
	--> Average Speed: 0.75s per batch
	--> Time from Last Check: 24.08s
--> Batch: 149, Loss: 0.0092, Label: 5, Survival Months: 37.50, Risk: -16.0657
	--> Average Speed: 0.93s per batch
	--> Time from Last Check: 29.61s
--> Batch: 199, Loss: 0.3015, Label: 19, Survival Months: 270.58, Risk: -16.2204
	--> Average Speed: 1.15s per batch
	--> Time from Last Check: 36.88s
--> Batch: 249, Loss: 0.0098, Label: 4, Survival Months: 32.83, Risk: -15.4554
	--> Average Speed: 0.72s per batch
	--> Time from Last Check: 23.03s
--> Batch: 299, Loss: 0.0112, Label: 5, Survival Months: 35.67, Risk: -15.2761
	--> Average Speed: 0.86s per batch
	--> Time from Last Check: 27.36s
--> Batch: 349, Loss: 0.0280, Label: 7, Survival Months: 47.33, Risk: -12.9815
	--> Average Speed: 0.90s per batch
	--> Time from Last Check: 28.74s
--> Batch: 399, Loss: 3.1415, Label: 3, Survival Months: 29.00, Risk: -9.1717
	--> Average Speed: 0.43s per batch
	--> Time from Last Check: 13.87s
--> Batch: 449, Loss: 0.0054, Label: 5, Survival Months: 38.92, Risk: -16.5401
	--> Average Speed: 1.09s per batch
	--> Time from Last Check: 34.82s
--> Batch: 499, Loss: 2.9044, Label: 10, Survival Months: 60.25, Risk: -14.1236
	--> Average Speed: 0.85s per batch
	--> Time from Last Check: 27.09s
--> Batch: 549, Loss: 0.0100, Label: 2, Survival Months: 24.42, Risk: -14.9911
	--> Average Speed: 1.20s per batch
	--> Time from Last Check: 38.43s
--> Batch: 599, Loss: 0.0128, Label: 8, Survival Months: 50.50, Risk: -15.7462
	--> Average Speed: 1.12s per batch
	--> Time from Last Check: 35.70s
--> Batch: 649, Loss: 0.0342, Label: 11, Survival Months: 81.08, Risk: -14.7569
	--> Average Speed: 1.10s per batch
	--> Time from Last Check: 35.14s
--> Batch: 699, Loss: 0.0130, Label: 4, Survival Months: 35.08, Risk: -14.9436
	--> Average Speed: 0.90s per batch
	--> Time from Last Check: 28.89s
[04/01/2025 - 17:02:31] - Epoch: 4, lr: 0.00010000, train_loss: 0.3345, train_c_index: 0.7829
[04/01/2025 - 17:04:26] - Epoch: 4, val_loss: 0.5155, val_c_index: 0.5611
[04/01/2025 - 17:04:26] - Time elapsed for epoch 4: 541s
[04/01/2025 - 17:04:26] - Epoch: 5
--> Batch: 49, Loss: 0.0371, Label: 16, Survival Months: 179.25, Risk: -17.1544
	--> Average Speed: 1.52s per batch
	--> Time from Last Check: 48.63s
--> Batch: 99, Loss: 0.3238, Label: 19, Survival Months: 357.08, Risk: -16.4797
	--> Average Speed: 1.47s per batch
	--> Time from Last Check: 46.92s
--> Batch: 149, Loss: 0.0174, Label: 7, Survival Months: 47.92, Risk: -14.8153
	--> Average Speed: 1.03s per batch
	--> Time from Last Check: 32.85s
--> Batch: 199, Loss: 0.2665, Label: 19, Survival Months: 588.92, Risk: -17.6584
	--> Average Speed: 1.11s per batch
	--> Time from Last Check: 35.67s
--> Batch: 249, Loss: 0.3088, Label: 19, Survival Months: 273.00, Risk: -16.8760
	--> Average Speed: 0.63s per batch
	--> Time from Last Check: 20.12s
--> Batch: 299, Loss: 0.0273, Label: 15, Survival Months: 133.75, Risk: -17.1863
	--> Average Speed: 1.07s per batch
	--> Time from Last Check: 34.24s
--> Batch: 349, Loss: 5.2321, Label: 9, Survival Months: 53.25, Risk: -16.1291
	--> Average Speed: 1.16s per batch
	--> Time from Last Check: 37.01s
--> Batch: 399, Loss: 0.0767, Label: 16, Survival Months: 160.67, Risk: -15.6028
	--> Average Speed: 0.67s per batch
	--> Time from Last Check: 21.32s
--> Batch: 449, Loss: 0.0198, Label: 14, Survival Months: 106.42, Risk: -16.7855
	--> Average Speed: 1.21s per batch
	--> Time from Last Check: 38.83s
--> Batch: 499, Loss: 0.0072, Label: 0, Survival Months: 2.50, Risk: -12.2404
	--> Average Speed: 1.32s per batch
	--> Time from Last Check: 42.39s
--> Batch: 549, Loss: 1.3728, Label: 19, Survival Months: 289.33, Risk: -17.1198
	--> Average Speed: 1.02s per batch
	--> Time from Last Check: 32.64s
--> Batch: 599, Loss: 0.0028, Label: 10, Survival Months: 63.33, Risk: -17.3313
	--> Average Speed: 1.28s per batch
	--> Time from Last Check: 41.01s
--> Batch: 649, Loss: 0.0494, Label: 5, Survival Months: 36.42, Risk: -10.3521
	--> Average Speed: 0.87s per batch
	--> Time from Last Check: 27.69s
--> Batch: 699, Loss: 0.0044, Label: 8, Survival Months: 50.50, Risk: -16.8179
	--> Average Speed: 0.93s per batch
	--> Time from Last Check: 29.79s
[04/01/2025 - 17:12:44] - Epoch: 5, lr: 0.00010000, train_loss: 0.3002, train_c_index: 0.8843
[04/01/2025 - 17:14:48] - Epoch: 5, val_loss: 0.5478, val_c_index: 0.5878
[04/01/2025 - 17:14:48] - Time elapsed for epoch 5: 622s
[04/01/2025 - 17:14:48] - Epoch: 6
--> Batch: 49, Loss: 0.2003, Label: 18, Survival Months: 257.33, Risk: -16.5573
	--> Average Speed: 1.26s per batch
	--> Time from Last Check: 40.48s
--> Batch: 99, Loss: 0.0154, Label: 12, Survival Months: 90.42, Risk: -16.5966
	--> Average Speed: 1.12s per batch
	--> Time from Last Check: 35.77s
--> Batch: 149, Loss: 1.0012, Label: 18, Survival Months: 242.58, Risk: -16.7861
	--> Average Speed: 0.89s per batch
	--> Time from Last Check: 28.32s
--> Batch: 199, Loss: 0.1754, Label: 18, Survival Months: 216.33, Risk: -17.2780
	--> Average Speed: 0.87s per batch
	--> Time from Last Check: 27.99s
--> Batch: 249, Loss: 0.0542, Label: 17, Survival Months: 207.17, Risk: -17.1589
	--> Average Speed: 1.21s per batch
	--> Time from Last Check: 38.57s
--> Batch: 299, Loss: 0.0043, Label: 12, Survival Months: 82.00, Risk: -17.7286
	--> Average Speed: 1.05s per batch
	--> Time from Last Check: 33.70s
--> Batch: 349, Loss: 0.0031, Label: 10, Survival Months: 59.17, Risk: -17.5896
	--> Average Speed: 1.16s per batch
	--> Time from Last Check: 37.06s
--> Batch: 399, Loss: 2.3735, Label: 15, Survival Months: 125.67, Risk: -16.5456
	--> Average Speed: 0.63s per batch
	--> Time from Last Check: 20.20s
--> Batch: 449, Loss: 0.0070, Label: 8, Survival Months: 50.92, Risk: -16.1066
	--> Average Speed: 1.15s per batch
	--> Time from Last Check: 36.65s
--> Batch: 499, Loss: 0.0015, Label: 1, Survival Months: 6.33, Risk: -16.7958
	--> Average Speed: 0.77s per batch
	--> Time from Last Check: 24.51s
--> Batch: 549, Loss: 0.0071, Label: 5, Survival Months: 37.50, Risk: -15.6354
	--> Average Speed: 1.30s per batch
	--> Time from Last Check: 41.68s
--> Batch: 599, Loss: 0.0532, Label: 14, Survival Months: 119.50, Risk: -15.8477
	--> Average Speed: 0.71s per batch
	--> Time from Last Check: 22.80s
--> Batch: 649, Loss: 1.6217, Label: 0, Survival Months: 2.50, Risk: -3.5474
	--> Average Speed: 0.98s per batch
	--> Time from Last Check: 31.30s
--> Batch: 699, Loss: 0.0024, Label: 4, Survival Months: 34.67, Risk: -16.8346
	--> Average Speed: 1.13s per batch
	--> Time from Last Check: 36.17s
[04/01/2025 - 17:22:40] - Epoch: 6, lr: 0.00010000, train_loss: 0.2831, train_c_index: 0.9176
[04/01/2025 - 17:25:03] - Epoch: 6, val_loss: 0.6069, val_c_index: 0.6109
[04/01/2025 - 17:25:03] - Time elapsed for epoch 6: 614s
[04/01/2025 - 17:25:03] - Epoch: 7
--> Batch: 49, Loss: 0.1329, Label: 18, Survival Months: 213.25, Risk: -17.3476
	--> Average Speed: 1.16s per batch
	--> Time from Last Check: 37.07s
--> Batch: 99, Loss: 0.0637, Label: 17, Survival Months: 203.50, Risk: -17.5271
	--> Average Speed: 1.29s per batch
	--> Time from Last Check: 41.33s
--> Batch: 149, Loss: 0.0426, Label: 16, Survival Months: 148.33, Risk: -17.3527
	--> Average Speed: 0.76s per batch
	--> Time from Last Check: 24.40s
--> Batch: 199, Loss: 0.0493, Label: 16, Survival Months: 154.42, Risk: -17.0849
	--> Average Speed: 0.90s per batch
	--> Time from Last Check: 28.75s
--> Batch: 249, Loss: 0.0011, Label: 8, Survival Months: 52.00, Risk: -17.5343
	--> Average Speed: 0.92s per batch
	--> Time from Last Check: 29.45s
--> Batch: 299, Loss: 0.0436, Label: 17, Survival Months: 198.75, Risk: -17.6778
	--> Average Speed: 0.94s per batch
	--> Time from Last Check: 30.13s
--> Batch: 349, Loss: 0.0284, Label: 16, Survival Months: 159.92, Risk: -17.7486
	--> Average Speed: 1.15s per batch
	--> Time from Last Check: 36.87s
--> Batch: 399, Loss: 0.0064, Label: 12, Survival Months: 83.08, Risk: -17.8754
	--> Average Speed: 0.64s per batch
	--> Time from Last Check: 20.57s
--> Batch: 449, Loss: 0.0388, Label: 1, Survival Months: 10.33, Risk: -7.2034
	--> Average Speed: 0.73s per batch
	--> Time from Last Check: 23.34s
--> Batch: 499, Loss: 0.0014, Label: 6, Survival Months: 43.42, Risk: -17.4418
	--> Average Speed: 1.34s per batch
	--> Time from Last Check: 42.74s
--> Batch: 549, Loss: 0.2235, Label: 18, Survival Months: 259.33, Risk: -16.2169
	--> Average Speed: 0.88s per batch
	--> Time from Last Check: 28.29s
--> Batch: 599, Loss: 1.8367, Label: 17, Survival Months: 196.75, Risk: -16.3698
	--> Average Speed: 1.75s per batch
	--> Time from Last Check: 55.92s
--> Batch: 649, Loss: 0.1397, Label: 18, Survival Months: 210.42, Risk: -17.5277
	--> Average Speed: 1.21s per batch
	--> Time from Last Check: 38.67s
--> Batch: 699, Loss: 0.0020, Label: 5, Survival Months: 37.50, Risk: -16.7359
	--> Average Speed: 0.53s per batch
	--> Time from Last Check: 16.90s
[04/01/2025 - 17:32:53] - Epoch: 7, lr: 0.00010000, train_loss: 0.2736, train_c_index: 0.9207
[04/01/2025 - 17:35:12] - Epoch: 7, val_loss: 0.6172, val_c_index: 0.5991
[04/01/2025 - 17:35:12] - Time elapsed for epoch 7: 609s
[04/01/2025 - 17:35:12] - Epoch: 8
--> Batch: 49, Loss: 0.0010, Label: 6, Survival Months: 39.33, Risk: -17.2429
	--> Average Speed: 1.02s per batch
	--> Time from Last Check: 32.55s
--> Batch: 99, Loss: 1.7327, Label: 17, Survival Months: 182.67, Risk: -16.9359
	--> Average Speed: 1.36s per batch
	--> Time from Last Check: 43.59s
--> Batch: 149, Loss: 0.0028, Label: 5, Survival Months: 38.58, Risk: -16.0045
	--> Average Speed: 1.08s per batch
	--> Time from Last Check: 34.54s
--> Batch: 199, Loss: 0.0004, Label: 4, Survival Months: 34.17, Risk: -17.1660
	--> Average Speed: 0.93s per batch
	--> Time from Last Check: 29.91s
--> Batch: 249, Loss: 0.0517, Label: 11, Survival Months: 78.58, Risk: -13.1127
	--> Average Speed: 1.09s per batch
	--> Time from Last Check: 34.76s
--> Batch: 299, Loss: 2.2883, Label: 14, Survival Months: 119.17, Risk: -16.2790
	--> Average Speed: 1.03s per batch
	--> Time from Last Check: 32.83s
--> Batch: 349, Loss: 0.0005, Label: 3, Survival Months: 30.42, Risk: -17.2172
	--> Average Speed: 1.63s per batch
	--> Time from Last Check: 52.16s
--> Batch: 399, Loss: 0.0002, Label: 2, Survival Months: 27.50, Risk: -17.5733
	--> Average Speed: 0.80s per batch
	--> Time from Last Check: 25.49s
--> Batch: 449, Loss: 0.0022, Label: 11, Survival Months: 76.25, Risk: -17.4700
	--> Average Speed: 0.87s per batch
	--> Time from Last Check: 27.81s
--> Batch: 499, Loss: 0.0005, Label: 0, Survival Months: 0.42, Risk: -15.8302
	--> Average Speed: 0.41s per batch
	--> Time from Last Check: 13.04s
--> Batch: 549, Loss: 0.0042, Label: 5, Survival Months: 36.58, Risk: -15.8225
	--> Average Speed: 1.10s per batch
	--> Time from Last Check: 35.30s
--> Batch: 599, Loss: 0.0002, Label: 2, Survival Months: 28.00, Risk: -18.1472
	--> Average Speed: 1.23s per batch
	--> Time from Last Check: 39.44s
--> Batch: 649, Loss: 0.0044, Label: 12, Survival Months: 82.00, Risk: -17.9514
	--> Average Speed: 0.93s per batch
	--> Time from Last Check: 29.72s
--> Batch: 699, Loss: 0.0302, Label: 15, Survival Months: 127.33, Risk: -17.5180
	--> Average Speed: 1.24s per batch
	--> Time from Last Check: 39.68s
[04/01/2025 - 17:43:18] - Epoch: 8, lr: 0.00010000, train_loss: 0.2680, train_c_index: 0.9282
[04/01/2025 - 17:45:27] - Epoch: 8, val_loss: 0.7033, val_c_index: 0.5302
[04/01/2025 - 17:45:27] - Time elapsed for epoch 8: 615s
[04/01/2025 - 17:45:27] - Epoch: 9
--> Batch: 49, Loss: 0.0025, Label: 4, Survival Months: 33.00, Risk: -15.9857
	--> Average Speed: 1.13s per batch
	--> Time from Last Check: 36.19s
--> Batch: 99, Loss: 0.1431, Label: 18, Survival Months: 216.33, Risk: -17.5396
	--> Average Speed: 0.81s per batch
	--> Time from Last Check: 25.83s
--> Batch: 149, Loss: 0.0002, Label: 7, Survival Months: 45.08, Risk: -17.5524
	--> Average Speed: 1.13s per batch
	--> Time from Last Check: 36.00s
--> Batch: 199, Loss: 0.0002, Label: 6, Survival Months: 39.33, Risk: -17.5039
	--> Average Speed: 1.52s per batch
	--> Time from Last Check: 48.75s
--> Batch: 249, Loss: 0.0407, Label: 17, Survival Months: 187.92, Risk: -17.6627
	--> Average Speed: 0.84s per batch
	--> Time from Last Check: 26.98s
--> Batch: 299, Loss: 0.0002, Label: 6, Survival Months: 41.00, Risk: -17.5223
	--> Average Speed: 1.36s per batch
	--> Time from Last Check: 43.68s
--> Batch: 349, Loss: 0.0038, Label: 9, Survival Months: 58.17, Risk: -16.0613
	--> Average Speed: 1.12s per batch
	--> Time from Last Check: 35.90s
--> Batch: 399, Loss: 0.0082, Label: 2, Survival Months: 25.33, Risk: -13.4275
	--> Average Speed: 1.33s per batch
	--> Time from Last Check: 42.68s
--> Batch: 449, Loss: 0.0015, Label: 10, Survival Months: 63.25, Risk: -17.5153
	--> Average Speed: 0.51s per batch
	--> Time from Last Check: 16.28s
--> Batch: 499, Loss: 0.0035, Label: 1, Survival Months: 8.25, Risk: -14.3992
	--> Average Speed: 1.00s per batch
	--> Time from Last Check: 32.12s
--> Batch: 549, Loss: 0.0003, Label: 1, Survival Months: 7.00, Risk: -17.1727
	--> Average Speed: 0.65s per batch
	--> Time from Last Check: 20.82s
--> Batch: 599, Loss: 0.0004, Label: 9, Survival Months: 56.25, Risk: -17.7454
	--> Average Speed: 0.71s per batch
	--> Time from Last Check: 22.70s
--> Batch: 649, Loss: 0.0325, Label: 15, Survival Months: 137.33, Risk: -17.4552
	--> Average Speed: 1.67s per batch
	--> Time from Last Check: 53.46s
--> Batch: 699, Loss: 0.0002, Label: 1, Survival Months: 14.17, Risk: -17.5805
	--> Average Speed: 0.85s per batch
	--> Time from Last Check: 27.15s
[04/01/2025 - 17:53:23] - Epoch: 9, lr: 0.00010000, train_loss: 0.2554, train_c_index: 0.9227
[04/01/2025 - 17:55:31] - Epoch: 9, val_loss: 0.6363, val_c_index: 0.6779
[04/01/2025 - 17:55:31] - Time elapsed for epoch 9: 604s
[04/01/2025 - 17:55:31] - Epoch: 10
--> Batch: 49, Loss: 0.1898, Label: 19, Survival Months: 273.92, Risk: -18.0427
	--> Average Speed: 1.16s per batch
	--> Time from Last Check: 37.17s
--> Batch: 99, Loss: 0.0042, Label: 12, Survival Months: 85.42, Risk: -18.0786
	--> Average Speed: 0.91s per batch
	--> Time from Last Check: 29.18s
--> Batch: 149, Loss: 0.0001, Label: 1, Survival Months: 14.00, Risk: -18.1414
	--> Average Speed: 0.75s per batch
	--> Time from Last Check: 24.03s
--> Batch: 199, Loss: 0.0001, Label: 3, Survival Months: 30.42, Risk: -18.0601
	--> Average Speed: 1.02s per batch
	--> Time from Last Check: 32.48s
--> Batch: 249, Loss: 0.1481, Label: 18, Survival Months: 257.33, Risk: -17.7662
	--> Average Speed: 1.12s per batch
	--> Time from Last Check: 35.92s
--> Batch: 299, Loss: 1.2210, Label: 1, Survival Months: 18.67, Risk: -2.7980
	--> Average Speed: 1.01s per batch
	--> Time from Last Check: 32.46s
--> Batch: 349, Loss: 0.0037, Label: 1, Survival Months: 5.67, Risk: -13.9690
	--> Average Speed: 0.82s per batch
	--> Time from Last Check: 26.10s
--> Batch: 399, Loss: 0.0236, Label: 15, Survival Months: 137.00, Risk: -17.8679
	--> Average Speed: 1.00s per batch
	--> Time from Last Check: 31.88s
--> Batch: 449, Loss: 0.0165, Label: 15, Survival Months: 126.83, Risk: -18.0003
	--> Average Speed: 1.22s per batch
	--> Time from Last Check: 39.08s
--> Batch: 499, Loss: 0.0001, Label: 4, Survival Months: 32.75, Risk: -17.7500
	--> Average Speed: 1.00s per batch
	--> Time from Last Check: 32.14s
--> Batch: 549, Loss: 0.0004, Label: 6, Survival Months: 42.92, Risk: -17.1685
	--> Average Speed: 0.85s per batch
	--> Time from Last Check: 27.16s
--> Batch: 599, Loss: 0.0001, Label: 2, Survival Months: 27.50, Risk: -17.6197
	--> Average Speed: 1.02s per batch
	--> Time from Last Check: 32.64s
--> Batch: 649, Loss: 0.0006, Label: 10, Survival Months: 59.58, Risk: -17.7991
	--> Average Speed: 0.86s per batch
	--> Time from Last Check: 27.42s
--> Batch: 699, Loss: 0.0024, Label: 11, Survival Months: 73.17, Risk: -17.9096
	--> Average Speed: 1.13s per batch
	--> Time from Last Check: 36.30s
[04/01/2025 - 18:03:13] - Epoch: 10, lr: 0.00010000, train_loss: 0.2469, train_c_index: 0.9393
[04/01/2025 - 18:05:30] - Epoch: 10, val_loss: 0.7264, val_c_index: 0.6287
[04/01/2025 - 18:05:30] - Time elapsed for epoch 10: 599s
[04/01/2025 - 18:05:30] - Epoch: 11
--> Batch: 49, Loss: 0.0021, Label: 11, Survival Months: 69.92, Risk: -17.5769
	--> Average Speed: 1.33s per batch
	--> Time from Last Check: 42.50s
--> Batch: 99, Loss: 0.0029, Label: 11, Survival Months: 78.58, Risk: -17.6239
	--> Average Speed: 2.04s per batch
	--> Time from Last Check: 65.43s
--> Batch: 149, Loss: 0.0560, Label: 17, Survival Months: 207.17, Risk: -17.6355
	--> Average Speed: 0.70s per batch
	--> Time from Last Check: 22.43s
--> Batch: 199, Loss: 0.0127, Label: 13, Survival Months: 93.92, Risk: -17.8070
	--> Average Speed: 0.90s per batch
	--> Time from Last Check: 28.92s
--> Batch: 249, Loss: 0.0001, Label: 7, Survival Months: 44.17, Risk: -17.9694
	--> Average Speed: 0.98s per batch
	--> Time from Last Check: 31.25s
--> Batch: 299, Loss: 0.0029, Label: 11, Survival Months: 77.58, Risk: -17.5343
	--> Average Speed: 0.91s per batch
	--> Time from Last Check: 29.05s
--> Batch: 349, Loss: 0.0005, Label: 0, Survival Months: 0.83, Risk: -14.8989
	--> Average Speed: 1.25s per batch
	--> Time from Last Check: 40.06s
--> Batch: 399, Loss: 0.1528, Label: 18, Survival Months: 246.08, Risk: -17.8347
	--> Average Speed: 0.82s per batch
	--> Time from Last Check: 26.29s
--> Batch: 449, Loss: 0.0001, Label: 9, Survival Months: 56.92, Risk: -17.5889
	--> Average Speed: 0.68s per batch
	--> Time from Last Check: 21.68s
--> Batch: 499, Loss: 0.0034, Label: 12, Survival Months: 92.17, Risk: -17.6164
	--> Average Speed: 1.13s per batch
	--> Time from Last Check: 36.29s
--> Batch: 549, Loss: 0.1932, Label: 18, Survival Months: 234.42, Risk: -17.6746
	--> Average Speed: 1.27s per batch
	--> Time from Last Check: 40.67s
--> Batch: 599, Loss: 0.0011, Label: 4, Survival Months: 33.25, Risk: -15.7252
	--> Average Speed: 0.73s per batch
	--> Time from Last Check: 23.28s
--> Batch: 649, Loss: 0.0000, Label: 7, Survival Months: 47.08, Risk: -18.0780
	--> Average Speed: 1.12s per batch
	--> Time from Last Check: 35.92s
--> Batch: 699, Loss: 0.0044, Label: 8, Survival Months: 49.67, Risk: -14.8307
	--> Average Speed: 0.91s per batch
	--> Time from Last Check: 29.07s
[04/01/2025 - 18:13:40] - Epoch: 11, lr: 0.00010000, train_loss: 0.2235, train_c_index: 0.9593
[04/01/2025 - 18:15:54] - Epoch: 11, val_loss: 0.7872, val_c_index: 0.5540
[04/01/2025 - 18:15:54] - Time elapsed for epoch 11: 624s
[04/01/2025 - 18:15:54] - Epoch: 12
--> Batch: 49, Loss: 0.0130, Label: 16, Survival Months: 173.50, Risk: -18.4174
	--> Average Speed: 1.41s per batch
	--> Time from Last Check: 45.04s
--> Batch: 99, Loss: 0.2774, Label: 19, Survival Months: 357.08, Risk: -18.2743
	--> Average Speed: 1.30s per batch
	--> Time from Last Check: 41.75s
--> Batch: 149, Loss: 0.0007, Label: 11, Survival Months: 75.42, Risk: -18.4126
	--> Average Speed: 1.10s per batch
	--> Time from Last Check: 35.30s
--> Batch: 199, Loss: 0.1011, Label: 18, Survival Months: 216.33, Risk: -18.2208
	--> Average Speed: 1.13s per batch
	--> Time from Last Check: 36.11s
--> Batch: 249, Loss: 0.0000, Label: 0, Survival Months: 0.00, Risk: -17.4653
	--> Average Speed: 1.14s per batch
	--> Time from Last Check: 36.57s
--> Batch: 299, Loss: 0.1801, Label: 18, Survival Months: 257.58, Risk: -18.0689
	--> Average Speed: 0.77s per batch
	--> Time from Last Check: 24.58s
--> Batch: 349, Loss: 0.0000, Label: 3, Survival Months: 28.25, Risk: -18.1001
	--> Average Speed: 0.80s per batch
	--> Time from Last Check: 25.53s
--> Batch: 399, Loss: 0.0248, Label: 1, Survival Months: 15.50, Risk: -8.1628
	--> Average Speed: 0.70s per batch
	--> Time from Last Check: 22.51s
--> Batch: 449, Loss: 0.0007, Label: 9, Survival Months: 57.42, Risk: -16.9872
	--> Average Speed: 1.36s per batch
	--> Time from Last Check: 43.39s
--> Batch: 499, Loss: 0.0001, Label: 9, Survival Months: 53.58, Risk: -18.0343
	--> Average Speed: 0.78s per batch
	--> Time from Last Check: 24.81s
--> Batch: 549, Loss: 0.0003, Label: 10, Survival Months: 63.92, Risk: -18.2474
	--> Average Speed: 1.01s per batch
	--> Time from Last Check: 32.45s
--> Batch: 599, Loss: 0.0035, Label: 12, Survival Months: 86.92, Risk: -18.1894
	--> Average Speed: 0.73s per batch
	--> Time from Last Check: 23.43s
--> Batch: 649, Loss: 0.2506, Label: 19, Survival Months: 275.58, Risk: -18.1307
	--> Average Speed: 1.28s per batch
	--> Time from Last Check: 40.98s
--> Batch: 699, Loss: 0.0005, Label: 9, Survival Months: 54.50, Risk: -17.1687
	--> Average Speed: 0.83s per batch
	--> Time from Last Check: 26.52s
[04/01/2025 - 18:24:00] - Epoch: 12, lr: 0.00010000, train_loss: 0.2047, train_c_index: 0.9619
[04/01/2025 - 18:26:12] - Epoch: 12, val_loss: 0.8145, val_c_index: 0.5445
[04/01/2025 - 18:26:12] - Time elapsed for epoch 12: 618s
[04/01/2025 - 18:26:12] - Epoch: 13
--> Batch: 49, Loss: 0.2734, Label: 19, Survival Months: 410.75, Risk: -18.2743
	--> Average Speed: 1.25s per batch
	--> Time from Last Check: 39.92s
--> Batch: 99, Loss: 0.0000, Label: 2, Survival Months: 27.17, Risk: -17.7977
	--> Average Speed: 0.86s per batch
	--> Time from Last Check: 27.45s
--> Batch: 149, Loss: 0.0676, Label: 18, Survival Months: 251.83, Risk: -18.3075
	--> Average Speed: 1.01s per batch
	--> Time from Last Check: 32.19s
--> Batch: 199, Loss: 0.0252, Label: 16, Survival Months: 159.92, Risk: -17.8675
	--> Average Speed: 0.57s per batch
	--> Time from Last Check: 18.29s
--> Batch: 249, Loss: 0.0013, Label: 6, Survival Months: 43.17, Risk: -15.2197
	--> Average Speed: 0.90s per batch
	--> Time from Last Check: 28.68s
--> Batch: 299, Loss: 1.8090, Label: 19, Survival Months: 355.58, Risk: -17.9089
	--> Average Speed: 0.44s per batch
	--> Time from Last Check: 14.10s
--> Batch: 349, Loss: 0.0000, Label: 1, Survival Months: 16.67, Risk: -17.4874
	--> Average Speed: 1.24s per batch
	--> Time from Last Check: 39.76s
--> Batch: 399, Loss: 0.0001, Label: 9, Survival Months: 57.42, Risk: -18.1500
	--> Average Speed: 0.69s per batch
	--> Time from Last Check: 22.02s
--> Batch: 449, Loss: 4.4019, Label: 11, Survival Months: 76.00, Risk: -18.1281
	--> Average Speed: 0.92s per batch
	--> Time from Last Check: 29.39s
--> Batch: 499, Loss: 0.0086, Label: 6, Survival Months: 43.17, Risk: -12.4503
	--> Average Speed: 0.91s per batch
	--> Time from Last Check: 29.16s
--> Batch: 549, Loss: 0.0055, Label: 9, Survival Months: 58.25, Risk: -13.2635
	--> Average Speed: 0.63s per batch
	--> Time from Last Check: 20.12s
--> Batch: 599, Loss: 0.0000, Label: 3, Survival Months: 30.92, Risk: -18.2126
	--> Average Speed: 1.23s per batch
	--> Time from Last Check: 39.24s
--> Batch: 649, Loss: 0.0000, Label: 1, Survival Months: 6.50, Risk: -18.1245
	--> Average Speed: 0.39s per batch
	--> Time from Last Check: 12.46s
--> Batch: 699, Loss: 1.5305, Label: 10, Survival Months: 65.42, Risk: -9.9843
	--> Average Speed: 0.58s per batch
	--> Time from Last Check: 18.47s
[04/01/2025 - 18:32:41] - Epoch: 13, lr: 0.00010000, train_loss: 0.2116, train_c_index: 0.9488
[04/01/2025 - 18:34:11] - Epoch: 13, val_loss: 0.7755, val_c_index: 0.5854
[04/01/2025 - 18:34:11] - Time elapsed for epoch 13: 480s
[04/01/2025 - 18:34:11] - Epoch: 14
--> Batch: 49, Loss: 0.0004, Label: 10, Survival Months: 63.92, Risk: -17.7736
	--> Average Speed: 0.64s per batch
	--> Time from Last Check: 20.45s
--> Batch: 99, Loss: 2.2736, Label: 5, Survival Months: 39.00, Risk: -2.7373
	--> Average Speed: 1.11s per batch
	--> Time from Last Check: 35.50s
--> Batch: 149, Loss: 0.0004, Label: 8, Survival Months: 52.17, Risk: -16.9941
	--> Average Speed: 0.54s per batch
	--> Time from Last Check: 17.37s
--> Batch: 199, Loss: 0.0003, Label: 11, Survival Months: 78.50, Risk: -18.3356
	--> Average Speed: 1.10s per batch
	--> Time from Last Check: 35.23s
--> Batch: 249, Loss: 0.0014, Label: 14, Survival Months: 108.50, Risk: -18.6091
	--> Average Speed: 0.95s per batch
	--> Time from Last Check: 30.31s
--> Batch: 299, Loss: 0.0000, Label: 7, Survival Months: 47.25, Risk: -18.6025
	--> Average Speed: 1.11s per batch
	--> Time from Last Check: 35.61s
--> Batch: 349, Loss: 0.0000, Label: 3, Survival Months: 30.92, Risk: -18.5045
	--> Average Speed: 0.78s per batch
	--> Time from Last Check: 24.89s
--> Batch: 399, Loss: 0.0000, Label: 4, Survival Months: 34.50, Risk: -18.0638
	--> Average Speed: 0.72s per batch
	--> Time from Last Check: 23.08s
--> Batch: 449, Loss: 0.0000, Label: 9, Survival Months: 53.75, Risk: -18.1428
	--> Average Speed: 1.15s per batch
	--> Time from Last Check: 36.80s
--> Batch: 499, Loss: 0.0020, Label: 14, Survival Months: 107.92, Risk: -17.9568
	--> Average Speed: 0.79s per batch
	--> Time from Last Check: 25.39s
--> Batch: 549, Loss: 0.0000, Label: 0, Survival Months: 4.08, Risk: -17.8782
	--> Average Speed: 0.87s per batch
	--> Time from Last Check: 27.74s
--> Batch: 599, Loss: 0.0000, Label: 1, Survival Months: 17.50, Risk: -18.1026
	--> Average Speed: 0.84s per batch
	--> Time from Last Check: 26.85s
--> Batch: 649, Loss: 0.0007, Label: 12, Survival Months: 82.00, Risk: -18.2093
	--> Average Speed: 0.74s per batch
	--> Time from Last Check: 23.62s
--> Batch: 699, Loss: 0.0252, Label: 15, Survival Months: 132.08, Risk: -17.7940
	--> Average Speed: 0.84s per batch
	--> Time from Last Check: 26.79s
[04/01/2025 - 18:41:01] - Epoch: 14, lr: 0.00010000, train_loss: 0.1813, train_c_index: 0.9643
[04/01/2025 - 18:42:33] - Epoch: 14, val_loss: 0.7591, val_c_index: 0.6459
[04/01/2025 - 18:42:33] - Time elapsed for epoch 14: 501s
[04/01/2025 - 18:42:33] - Epoch: 15
--> Batch: 49, Loss: 0.0008, Label: 2, Survival Months: 27.83, Risk: -14.8899
	--> Average Speed: 1.06s per batch
	--> Time from Last Check: 33.96s
--> Batch: 99, Loss: 0.0000, Label: 2, Survival Months: 24.75, Risk: -18.8102
	--> Average Speed: 0.77s per batch
	--> Time from Last Check: 24.70s
--> Batch: 149, Loss: 0.0000, Label: 6, Survival Months: 39.42, Risk: -18.7210
	--> Average Speed: 0.89s per batch
	--> Time from Last Check: 28.40s
--> Batch: 199, Loss: 0.0014, Label: 12, Survival Months: 89.50, Risk: -18.2812
	--> Average Speed: 0.84s per batch
	--> Time from Last Check: 26.77s
--> Batch: 249, Loss: 0.0032, Label: 11, Survival Months: 75.58, Risk: -17.0323
	--> Average Speed: 0.92s per batch
	--> Time from Last Check: 29.40s
--> Batch: 299, Loss: 0.0026, Label: 2, Survival Months: 27.50, Risk: -13.1656
	--> Average Speed: 1.11s per batch
	--> Time from Last Check: 35.51s
--> Batch: 349, Loss: 0.0013, Label: 4, Survival Months: 33.58, Risk: -15.7605
	--> Average Speed: 0.85s per batch
	--> Time from Last Check: 27.29s
--> Batch: 399, Loss: 0.0000, Label: 8, Survival Months: 51.83, Risk: -18.3032
	--> Average Speed: 1.28s per batch
	--> Time from Last Check: 40.96s
--> Batch: 449, Loss: 2.7180, Label: 8, Survival Months: 51.00, Risk: -2.9136
	--> Average Speed: 0.72s per batch
	--> Time from Last Check: 22.93s
--> Batch: 499, Loss: 0.0004, Label: 13, Survival Months: 102.58, Risk: -18.8885
	--> Average Speed: 0.69s per batch
	--> Time from Last Check: 22.12s
--> Batch: 549, Loss: 0.0000, Label: 9, Survival Months: 52.92, Risk: -18.8361
	--> Average Speed: 0.79s per batch
	--> Time from Last Check: 25.30s
--> Batch: 599, Loss: 0.0000, Label: 4, Survival Months: 34.17, Risk: -17.9138
	--> Average Speed: 0.57s per batch
	--> Time from Last Check: 18.10s
--> Batch: 649, Loss: 0.0087, Label: 16, Survival Months: 164.33, Risk: -18.6785
	--> Average Speed: 0.78s per batch
	--> Time from Last Check: 25.00s
--> Batch: 699, Loss: 0.0000, Label: 2, Survival Months: 20.17, Risk: -18.7955
	--> Average Speed: 0.96s per batch
	--> Time from Last Check: 30.59s
[04/01/2025 - 18:49:19] - Epoch: 15, lr: 0.00010000, train_loss: 0.1819, train_c_index: 0.9669
[04/01/2025 - 18:51:02] - Epoch: 15, val_loss: 0.7620, val_c_index: 0.6423
[04/01/2025 - 18:51:02] - Time elapsed for epoch 15: 509s
[04/01/2025 - 18:51:02] - Epoch: 16
--> Batch: 49, Loss: 0.1308, Label: 19, Survival Months: 293.25, Risk: -17.4677
	--> Average Speed: 1.46s per batch
	--> Time from Last Check: 46.67s
--> Batch: 99, Loss: 0.1299, Label: 18, Survival Months: 259.33, Risk: -18.5711
	--> Average Speed: 0.56s per batch
	--> Time from Last Check: 17.88s
--> Batch: 149, Loss: 0.1997, Label: 19, Survival Months: 357.08, Risk: -18.5488
	--> Average Speed: 1.10s per batch
	--> Time from Last Check: 35.05s
--> Batch: 199, Loss: 0.0000, Label: 9, Survival Months: 57.83, Risk: -18.5102
	--> Average Speed: 1.01s per batch
	--> Time from Last Check: 32.24s
--> Batch: 249, Loss: 0.0000, Label: 0, Survival Months: 2.50, Risk: -18.4812
	--> Average Speed: 0.49s per batch
	--> Time from Last Check: 15.58s
--> Batch: 299, Loss: 0.0000, Label: 9, Survival Months: 52.75, Risk: -18.4024
	--> Average Speed: 0.73s per batch
	--> Time from Last Check: 23.41s
--> Batch: 349, Loss: 1.4793, Label: 11, Survival Months: 79.92, Risk: -14.2871
	--> Average Speed: 0.65s per batch
	--> Time from Last Check: 20.66s
--> Batch: 399, Loss: 0.0000, Label: 6, Survival Months: 43.17, Risk: -18.4996
	--> Average Speed: 0.48s per batch
	--> Time from Last Check: 15.48s
--> Batch: 449, Loss: 0.0000, Label: 10, Survival Months: 63.50, Risk: -18.6760
	--> Average Speed: 0.63s per batch
	--> Time from Last Check: 20.03s
--> Batch: 499, Loss: 0.0049, Label: 0, Survival Months: 0.83, Risk: -6.2938
	--> Average Speed: 0.78s per batch
	--> Time from Last Check: 24.95s
--> Batch: 549, Loss: 0.0038, Label: 16, Survival Months: 165.92, Risk: -18.8009
	--> Average Speed: 0.79s per batch
	--> Time from Last Check: 25.19s
--> Batch: 599, Loss: 0.0002, Label: 2, Survival Months: 28.08, Risk: -14.8451
	--> Average Speed: 0.70s per batch
	--> Time from Last Check: 22.34s
--> Batch: 649, Loss: 0.0000, Label: 9, Survival Months: 53.67, Risk: -18.8781
	--> Average Speed: 0.67s per batch
	--> Time from Last Check: 21.33s
--> Batch: 699, Loss: 0.0004, Label: 13, Survival Months: 96.42, Risk: -18.9558
	--> Average Speed: 0.65s per batch
	--> Time from Last Check: 20.85s
[04/01/2025 - 18:57:05] - Epoch: 16, lr: 0.00010000, train_loss: 0.1622, train_c_index: 0.9704
[04/01/2025 - 18:58:44] - Epoch: 16, val_loss: 0.9100, val_c_index: 0.5160
[04/01/2025 - 18:58:44] - Time elapsed for epoch 16: 462s
[04/01/2025 - 18:58:44] - Epoch: 17
--> Batch: 49, Loss: 1.5701, Label: 18, Survival Months: 242.58, Risk: -19.0095
	--> Average Speed: 0.74s per batch
	--> Time from Last Check: 23.55s
--> Batch: 99, Loss: 0.0000, Label: 6, Survival Months: 41.58, Risk: -19.0384
	--> Average Speed: 1.27s per batch
	--> Time from Last Check: 40.53s
--> Batch: 149, Loss: 0.0770, Label: 18, Survival Months: 224.58, Risk: -18.7781
	--> Average Speed: 0.75s per batch
	--> Time from Last Check: 23.86s
--> Batch: 199, Loss: 0.0002, Label: 1, Survival Months: 14.17, Risk: -14.9182
	--> Average Speed: 1.08s per batch
	--> Time from Last Check: 34.59s
--> Batch: 249, Loss: 0.0000, Label: 2, Survival Months: 26.83, Risk: -18.6487
	--> Average Speed: 0.74s per batch
	--> Time from Last Check: 23.83s
--> Batch: 299, Loss: 0.0054, Label: 17, Survival Months: 187.92, Risk: -18.5554
	--> Average Speed: 0.68s per batch
	--> Time from Last Check: 21.63s
--> Batch: 349, Loss: 0.0000, Label: 6, Survival Months: 39.83, Risk: -18.8049
	--> Average Speed: 0.90s per batch
	--> Time from Last Check: 28.67s
--> Batch: 399, Loss: 0.0031, Label: 14, Survival Months: 107.33, Risk: -18.6828
	--> Average Speed: 0.60s per batch
	--> Time from Last Check: 19.22s
--> Batch: 449, Loss: 1.3100, Label: 15, Survival Months: 139.42, Risk: -14.2186
	--> Average Speed: 0.86s per batch
	--> Time from Last Check: 27.40s
--> Batch: 499, Loss: 0.0000, Label: 4, Survival Months: 32.08, Risk: -18.7489
	--> Average Speed: 0.76s per batch
	--> Time from Last Check: 24.31s
--> Batch: 549, Loss: 0.0000, Label: 0, Survival Months: 0.83, Risk: -16.2440
	--> Average Speed: 0.71s per batch
	--> Time from Last Check: 22.60s
--> Batch: 599, Loss: 0.0001, Label: 9, Survival Months: 55.50, Risk: -18.0245
	--> Average Speed: 0.90s per batch
	--> Time from Last Check: 28.71s
--> Batch: 649, Loss: 0.1768, Label: 16, Survival Months: 172.83, Risk: -15.0851
	--> Average Speed: 0.79s per batch
	--> Time from Last Check: 25.22s
--> Batch: 699, Loss: 0.0000, Label: 2, Survival Months: 24.42, Risk: -18.7487
	--> Average Speed: 0.62s per batch
	--> Time from Last Check: 19.98s
[04/01/2025 - 19:05:05] - Epoch: 17, lr: 0.00010000, train_loss: 0.1604, train_c_index: 0.9647
[04/01/2025 - 19:06:38] - Epoch: 17, val_loss: 0.7838, val_c_index: 0.5937
[04/01/2025 - 19:06:38] - Time elapsed for epoch 17: 474s
[04/01/2025 - 19:06:38] - Epoch: 18
--> Batch: 49, Loss: 0.0067, Label: 8, Survival Months: 50.92, Risk: -15.3893
	--> Average Speed: 0.87s per batch
	--> Time from Last Check: 27.93s
--> Batch: 99, Loss: 1.9067, Label: 3, Survival Months: 30.42, Risk: -2.3859
	--> Average Speed: 1.39s per batch
	--> Time from Last Check: 44.63s
--> Batch: 149, Loss: 0.0001, Label: 8, Survival Months: 51.00, Risk: -16.9591
	--> Average Speed: 0.90s per batch
	--> Time from Last Check: 28.67s
--> Batch: 199, Loss: 0.2770, Label: 19, Survival Months: 279.17, Risk: -18.6197
	--> Average Speed: 0.70s per batch
	--> Time from Last Check: 22.34s
--> Batch: 249, Loss: 0.0000, Label: 13, Survival Months: 101.58, Risk: -18.3433
	--> Average Speed: 0.46s per batch
	--> Time from Last Check: 14.78s
--> Batch: 299, Loss: 0.0006, Label: 7, Survival Months: 46.17, Risk: -14.4983
	--> Average Speed: 0.79s per batch
	--> Time from Last Check: 25.15s
--> Batch: 349, Loss: 0.5369, Label: 17, Survival Months: 206.92, Risk: -16.5795
	--> Average Speed: 1.31s per batch
	--> Time from Last Check: 42.03s
--> Batch: 399, Loss: 0.0000, Label: 9, Survival Months: 52.33, Risk: -18.6589
	--> Average Speed: 0.63s per batch
	--> Time from Last Check: 20.12s
--> Batch: 449, Loss: 0.2836, Label: 19, Survival Months: 275.58, Risk: -18.6207
	--> Average Speed: 0.91s per batch
	--> Time from Last Check: 29.26s
--> Batch: 499, Loss: 0.0000, Label: 2, Survival Months: 22.75, Risk: -19.0596
	--> Average Speed: 0.41s per batch
	--> Time from Last Check: 13.21s
--> Batch: 549, Loss: 0.0000, Label: 3, Survival Months: 29.83, Risk: -17.2593
	--> Average Speed: 0.60s per batch
	--> Time from Last Check: 19.11s
--> Batch: 599, Loss: 0.0258, Label: 17, Survival Months: 203.50, Risk: -19.1013
	--> Average Speed: 0.99s per batch
	--> Time from Last Check: 31.55s
--> Batch: 649, Loss: 0.0010, Label: 15, Survival Months: 144.17, Risk: -19.1118
	--> Average Speed: 0.86s per batch
	--> Time from Last Check: 27.42s
--> Batch: 699, Loss: 0.0014, Label: 17, Survival Months: 187.92, Risk: -19.0267
	--> Average Speed: 0.79s per batch
	--> Time from Last Check: 25.14s
[04/01/2025 - 19:12:58] - Epoch: 18, lr: 0.00010000, train_loss: 0.1337, train_c_index: 0.9778
[04/01/2025 - 19:14:33] - Epoch: 18, val_loss: 0.9786, val_c_index: 0.5451
[04/01/2025 - 19:14:33] - Time elapsed for epoch 18: 475s
[04/01/2025 - 19:14:33] - Epoch: 19
--> Batch: 49, Loss: 0.0000, Label: 1, Survival Months: 6.33, Risk: -18.3551
	--> Average Speed: 0.73s per batch
	--> Time from Last Check: 23.26s
--> Batch: 99, Loss: 0.0020, Label: 16, Survival Months: 169.25, Risk: -19.3624
	--> Average Speed: 0.62s per batch
	--> Time from Last Check: 19.93s
--> Batch: 149, Loss: 0.0000, Label: 2, Survival Months: 22.83, Risk: -18.8969
	--> Average Speed: 0.74s per batch
	--> Time from Last Check: 23.82s
--> Batch: 199, Loss: 0.0000, Label: 0, Survival Months: 4.75, Risk: -15.8006
	--> Average Speed: 0.81s per batch
	--> Time from Last Check: 25.76s
--> Batch: 249, Loss: 1.4253, Label: 2, Survival Months: 28.00, Risk: -6.8786
	--> Average Speed: 0.77s per batch
	--> Time from Last Check: 24.64s
--> Batch: 299, Loss: 0.0001, Label: 1, Survival Months: 17.75, Risk: -16.8293
	--> Average Speed: 0.83s per batch
	--> Time from Last Check: 26.60s
--> Batch: 349, Loss: 0.0002, Label: 12, Survival Months: 86.83, Risk: -18.9949
	--> Average Speed: 0.57s per batch
	--> Time from Last Check: 18.38s
--> Batch: 399, Loss: 0.0002, Label: 12, Survival Months: 82.00, Risk: -19.3098
	--> Average Speed: 1.18s per batch
	--> Time from Last Check: 37.77s
--> Batch: 449, Loss: 0.0000, Label: 2, Survival Months: 25.25, Risk: -19.0624
	--> Average Speed: 0.44s per batch
	--> Time from Last Check: 14.09s
--> Batch: 499, Loss: 0.0002, Label: 15, Survival Months: 132.25, Risk: -18.9508
	--> Average Speed: 0.86s per batch
	--> Time from Last Check: 27.64s
--> Batch: 549, Loss: 0.6581, Label: 19, Survival Months: 549.42, Risk: -18.8592
	--> Average Speed: 0.70s per batch
	--> Time from Last Check: 22.52s
--> Batch: 599, Loss: 0.0000, Label: 0, Survival Months: 0.08, Risk: -16.3782
	--> Average Speed: 1.03s per batch
	--> Time from Last Check: 32.98s
--> Batch: 649, Loss: 0.0066, Label: 17, Survival Months: 190.75, Risk: -19.0629
	--> Average Speed: 0.94s per batch
	--> Time from Last Check: 29.95s
--> Batch: 699, Loss: 0.0003, Label: 14, Survival Months: 113.58, Risk: -18.9610
	--> Average Speed: 0.82s per batch
	--> Time from Last Check: 26.32s
[04/01/2025 - 19:20:34] - Epoch: 19, lr: 0.00010000, train_loss: 0.1079, train_c_index: 0.9839
[04/01/2025 - 19:22:15] - Epoch: 19, val_loss: 0.9978, val_c_index: 0.5439
[04/01/2025 - 19:22:15] - Time elapsed for epoch 19: 462s
[04/01/2025 - 19:22:15] - Epoch: 20
--> Batch: 49, Loss: 0.3759, Label: 19, Survival Months: 329.92, Risk: -18.8930
	--> Average Speed: 0.79s per batch
	--> Time from Last Check: 25.25s
--> Batch: 99, Loss: 0.0001, Label: 2, Survival Months: 25.58, Risk: -15.7274
	--> Average Speed: 0.85s per batch
	--> Time from Last Check: 27.22s
--> Batch: 149, Loss: 0.0134, Label: 16, Survival Months: 172.83, Risk: -18.0064
	--> Average Speed: 0.60s per batch
	--> Time from Last Check: 19.17s
--> Batch: 199, Loss: 0.0000, Label: 7, Survival Months: 48.08, Risk: -19.0073
	--> Average Speed: 0.99s per batch
	--> Time from Last Check: 31.54s
--> Batch: 249, Loss: 0.0001, Label: 10, Survival Months: 63.50, Risk: -18.5893
	--> Average Speed: 0.76s per batch
	--> Time from Last Check: 24.20s
--> Batch: 299, Loss: 0.0000, Label: 6, Survival Months: 40.17, Risk: -19.1534
	--> Average Speed: 0.69s per batch
	--> Time from Last Check: 22.14s
--> Batch: 349, Loss: 0.0001, Label: 11, Survival Months: 76.42, Risk: -19.0383
	--> Average Speed: 0.71s per batch
	--> Time from Last Check: 22.65s
--> Batch: 399, Loss: 0.0000, Label: 13, Survival Months: 94.33, Risk: -18.5328
	--> Average Speed: 0.72s per batch
	--> Time from Last Check: 23.06s
--> Batch: 449, Loss: 0.0000, Label: 0, Survival Months: 2.67, Risk: -18.6628
	--> Average Speed: 0.63s per batch
	--> Time from Last Check: 20.05s
--> Batch: 499, Loss: 0.0000, Label: 1, Survival Months: 8.17, Risk: -14.3912
	--> Average Speed: 0.92s per batch
	--> Time from Last Check: 29.33s
--> Batch: 549, Loss: 0.0015, Label: 13, Survival Months: 101.67, Risk: -19.6001
	--> Average Speed: 0.64s per batch
	--> Time from Last Check: 20.43s
--> Batch: 599, Loss: 0.0000, Label: 2, Survival Months: 23.92, Risk: -19.2954
	--> Average Speed: 0.99s per batch
	--> Time from Last Check: 31.75s
--> Batch: 649, Loss: 0.0000, Label: 5, Survival Months: 35.92, Risk: -19.0127
	--> Average Speed: 0.49s per batch
	--> Time from Last Check: 15.59s
--> Batch: 699, Loss: 0.0000, Label: 3, Survival Months: 30.92, Risk: -19.0029
	--> Average Speed: 0.83s per batch
	--> Time from Last Check: 26.42s
[04/01/2025 - 19:28:13] - Epoch: 20, lr: 0.00010000, train_loss: 0.1041, train_c_index: 0.9799
--> Saving model into checkpoints/MCAT_TCGA-BRCA_E20_202501041928.pt
[04/01/2025 - 19:29:51] - Epoch: 20, val_loss: nan, val_c_index: 0.5652
[04/01/2025 - 19:29:51] - Time elapsed for epoch 20: 456s

################## [04/01/2025 - 19:29:51] - Training started ##################
[1;34mwandb[0m: 🚀 View run [33mlucas_job_2503438[0m at: [34mhttps://wandb.ai/luca_inghilterra-unimore/TCGA-BRCA-COMP/runs/mihog3cd[0m
[1;34mwandb[0m: Find logs at: [1;35mwandb/run-20250104_162138-mihog3cd/logs[0m
