Environment conda activated
Job 2514429 started

#################### [20/01/2025 - 16:17:12] - MCAT started ####################
HOSTNAME: carabbaggio

WANDB: setting up for report

CUDA: available
--> Device count: 1
--> Using device: NVIDIA GeForce GTX 1080 Ti
--> Running on CUDA

DATASET: Loading data
--> Gene Expression loaded
--> Methylation loaded
--> Remaining samples after removing incomplete: 1039
--> Class intervals: [
	0: [0.00 - 2.57]
	1: [2.57 - 17.70]
	2: [17.70 - 26.37]
	3: [26.37 - 31.25]
	4: [31.25 - 34.71]
	5: [34.71 - 38.03]
	6: [38.03 - 42.94]
	7: [42.94 - 47.45]
	8: [47.45 - 51.69]
	9: [51.69 - 58.17]
	10: [58.17 - 67.10]
	11: [67.10 - 79.80]
	12: [79.80 - 88.56]
	13: [88.56 - 102.25]
	14: [102.25 - 120.62]
	15: [120.62 - 141.88]
	16: [141.88 - 174.40]
	17: [174.40 - 205.88]
	18: [205.88 - 263.29]
	19: [263.29 - 593.83]
    ]
--> Standardizing RNA-seq data
--> Standardizing Methylation Islands beta values
--> Gene Expression Signatures size: [19938]
--> Methylation Signatures size: [25978]
--> Using 80% training, 20% validation

###################### [20/01/2025 - 16:18:18] - Fold n°1 ######################

MODEL: MCAT
--> Trainable parameters of MCAT: 14855702
--> Loss function: CrossEntropySurvivalLoss
--> Optimizer: adam

############ [20/01/2025 - 16:18:20] - Training started (Fold n°1) #############
[20/01/2025 - 16:18:20] - Epoch: 1
--> Batch: 49, Loss: 2.2399, Label: 13, Survival Months: 100.67, Risk: -1.0546
	--> Average Speed: 0.07s per batch
	--> Time from Last Check: 2.17s
--> Batch: 99, Loss: 1.9832, Label: 11, Survival Months: 72.08, Risk: -1.1843
	--> Average Speed: 0.05s per batch
	--> Time from Last Check: 1.65s
--> Batch: 149, Loss: 1.4180, Label: 3, Survival Months: 30.42, Risk: -1.3925
	--> Average Speed: 0.05s per batch
	--> Time from Last Check: 1.68s
--> Batch: 199, Loss: 1.2794, Label: 3, Survival Months: 26.67, Risk: -2.8387
	--> Average Speed: 0.05s per batch
	--> Time from Last Check: 1.63s
--> Batch: 249, Loss: 1.2183, Label: 4, Survival Months: 31.75, Risk: -4.2423
	--> Average Speed: 0.05s per batch
	--> Time from Last Check: 1.68s
--> Batch: 299, Loss: 1.2347, Label: 16, Survival Months: 148.33, Risk: -10.8785
	--> Average Speed: 0.05s per batch
	--> Time from Last Check: 1.66s
--> Batch: 349, Loss: 1.1693, Label: 15, Survival Months: 127.33, Risk: -11.4899
	--> Average Speed: 0.05s per batch
	--> Time from Last Check: 1.66s
--> Batch: 399, Loss: 1.1213, Label: 15, Survival Months: 137.33, Risk: -12.1808
	--> Average Speed: 0.05s per batch
	--> Time from Last Check: 1.66s
--> Batch: 449, Loss: 1.0490, Label: 16, Survival Months: 150.58, Risk: -14.7336
	--> Average Speed: 0.05s per batch
	--> Time from Last Check: 1.64s
--> Batch: 499, Loss: 1.2203, Label: 19, Survival Months: 280.33, Risk: -12.2928
	--> Average Speed: 0.05s per batch
	--> Time from Last Check: 1.66s
--> Batch: 549, Loss: 1.0260, Label: 17, Survival Months: 197.58, Risk: -14.0030
	--> Average Speed: 0.05s per batch
	--> Time from Last Check: 1.64s
--> Batch: 599, Loss: 0.9445, Label: 10, Survival Months: 63.67, Risk: -13.7434
	--> Average Speed: 0.05s per batch
	--> Time from Last Check: 1.60s
--> Batch: 649, Loss: 0.9038, Label: 3, Survival Months: 29.00, Risk: -14.4947
	--> Average Speed: 0.05s per batch
	--> Time from Last Check: 1.58s
[20/01/2025 - 16:18:43] - Epoch: 1, lr: 0.00010000, training_loss: 1.7844, training_c_index: 0.5435
[20/01/2025 - 16:18:48] - Epoch: 1, validation_loss: 1.2386, validation_c_index: 0.5586
--> New BEST Validation Score: 0.4347, validation_loss: 1.2386, validation_c_index: 0.5586
--> Current BEST Score: 0.4347
	--> validation_loss: 1.2386
	--> best validation_c_index: 0.5586
[20/01/2025 - 16:18:48] - Time elapsed for epoch 1: 28s
[20/01/2025 - 16:18:48] - Epoch: 2
--> Batch: 49, Loss: 1.1082, Label: 13, Survival Months: 100.83, Risk: -5.5047
	--> Average Speed: 0.06s per batch
	--> Time from Last Check: 1.96s
--> Batch: 99, Loss: 1.0991, Label: 19, Survival Months: 379.17, Risk: -12.9368
	--> Average Speed: 0.05s per batch
	--> Time from Last Check: 1.69s
--> Batch: 149, Loss: 3.4561, Label: 14, Survival Months: 117.58, Risk: -12.1785
	--> Average Speed: 0.05s per batch
	--> Time from Last Check: 1.64s
--> Batch: 199, Loss: 0.8509, Label: 11, Survival Months: 75.67, Risk: -13.9418
	--> Average Speed: 0.05s per batch
	--> Time from Last Check: 1.67s
--> Batch: 249, Loss: 0.8368, Label: 1, Survival Months: 15.58, Risk: -6.8970
	--> Average Speed: 0.05s per batch
	--> Time from Last Check: 1.67s
--> Batch: 299, Loss: 0.8146, Label: 5, Survival Months: 36.58, Risk: -13.6327
	--> Average Speed: 0.05s per batch
	--> Time from Last Check: 1.66s
--> Batch: 349, Loss: 0.8527, Label: 15, Survival Months: 127.83, Risk: -14.1052
	--> Average Speed: 0.05s per batch
	--> Time from Last Check: 1.66s
--> Batch: 399, Loss: 3.0193, Label: 18, Survival Months: 242.58, Risk: -11.1766
	--> Average Speed: 0.05s per batch
	--> Time from Last Check: 1.66s
--> Batch: 449, Loss: 0.8257, Label: 13, Survival Months: 94.83, Risk: -12.4418
	--> Average Speed: 0.05s per batch
	--> Time from Last Check: 1.64s
--> Batch: 499, Loss: 0.9912, Label: 13, Survival Months: 101.67, Risk: -5.5220
	--> Average Speed: 0.05s per batch
	--> Time from Last Check: 1.65s
--> Batch: 549, Loss: 0.7687, Label: 12, Survival Months: 84.58, Risk: -15.3377
	--> Average Speed: 0.05s per batch
	--> Time from Last Check: 1.68s
--> Batch: 599, Loss: 0.8485, Label: 14, Survival Months: 119.75, Risk: -10.6727
	--> Average Speed: 0.05s per batch
	--> Time from Last Check: 1.66s
--> Batch: 649, Loss: 0.7710, Label: 11, Survival Months: 75.42, Risk: -12.7868
	--> Average Speed: 0.05s per batch
	--> Time from Last Check: 1.64s
[20/01/2025 - 16:19:11] - Epoch: 2, lr: 0.00008750, training_loss: 1.1852, training_c_index: 0.5458
[20/01/2025 - 16:19:16] - Epoch: 2, validation_loss: 1.0790, validation_c_index: 0.4877
--> No improvement in validation_loss or validation_c_index for 1 epoch(s)
--> Current BEST Score: 0.4347
	--> validation_loss: 1.2386
	--> best validation_c_index: 0.5586
[20/01/2025 - 16:19:16] - Time elapsed for epoch 2: 28s
[20/01/2025 - 16:19:16] - Epoch: 3
--> Batch: 49, Loss: 0.7646, Label: 16, Survival Months: 163.83, Risk: -15.2754
	--> Average Speed: 0.06s per batch
	--> Time from Last Check: 1.91s
--> Batch: 99, Loss: 0.7117, Label: 2, Survival Months: 18.00, Risk: -14.1983
	--> Average Speed: 0.05s per batch
	--> Time from Last Check: 1.64s
--> Batch: 149, Loss: 0.7392, Label: 13, Survival Months: 96.33, Risk: -14.3552
	--> Average Speed: 0.05s per batch
	--> Time from Last Check: 1.66s
--> Batch: 199, Loss: 0.7412, Label: 11, Survival Months: 73.42, Risk: -12.5619
	--> Average Speed: 0.05s per batch
	--> Time from Last Check: 1.64s
--> Batch: 249, Loss: 0.8097, Label: 16, Survival Months: 154.42, Risk: -11.4760
	--> Average Speed: 0.05s per batch
	--> Time from Last Check: 1.63s
--> Batch: 299, Loss: 0.7430, Label: 13, Survival Months: 93.92, Risk: -12.2896
	--> Average Speed: 0.05s per batch
	--> Time from Last Check: 1.65s
--> Batch: 349, Loss: 0.6868, Label: 6, Survival Months: 40.00, Risk: -12.9754
	--> Average Speed: 0.05s per batch
	--> Time from Last Check: 1.66s
--> Batch: 399, Loss: 0.7359, Label: 12, Survival Months: 83.92, Risk: -11.9693
	--> Average Speed: 0.05s per batch
	--> Time from Last Check: 1.66s
--> Batch: 449, Loss: 0.7141, Label: 14, Survival Months: 104.25, Risk: -14.9992
	--> Average Speed: 0.05s per batch
	--> Time from Last Check: 1.66s
--> Batch: 499, Loss: 2.0849, Label: 19, Survival Months: 288.50, Risk: -15.1874
	--> Average Speed: 0.05s per batch
	--> Time from Last Check: 1.65s
--> Batch: 549, Loss: 0.6763, Label: 7, Survival Months: 44.33, Risk: -13.4588
	--> Average Speed: 0.05s per batch
	--> Time from Last Check: 1.66s
--> Batch: 599, Loss: 0.6696, Label: 6, Survival Months: 38.58, Risk: -12.8217
	--> Average Speed: 0.05s per batch
	--> Time from Last Check: 1.65s
--> Batch: 649, Loss: 0.6803, Label: 11, Survival Months: 68.50, Risk: -13.2553
	--> Average Speed: 0.05s per batch
	--> Time from Last Check: 1.66s
[20/01/2025 - 16:19:39] - Epoch: 3, lr: 0.00007656, training_loss: 1.0594, training_c_index: 0.6078
[20/01/2025 - 16:19:43] - Epoch: 3, validation_loss: 0.9999, validation_c_index: 0.5819
--> New BEST Validation Score: 0.4819, validation_loss: 0.9999, validation_c_index: 0.5819
--> Current BEST Score: 0.4819
	--> validation_loss: 0.9999
	--> best validation_c_index: 0.5819
[20/01/2025 - 16:19:44] - Time elapsed for epoch 3: 28s
[20/01/2025 - 16:19:44] - Epoch: 4
--> Batch: 49, Loss: 0.6367, Label: 1, Survival Months: 2.67, Risk: -14.4081
	--> Average Speed: 0.06s per batch
	--> Time from Last Check: 1.95s
--> Batch: 99, Loss: 0.6592, Label: 13, Survival Months: 96.83, Risk: -14.5664
	--> Average Speed: 0.05s per batch
	--> Time from Last Check: 1.62s
--> Batch: 149, Loss: 0.6320, Label: 4, Survival Months: 31.33, Risk: -14.1062
	--> Average Speed: 0.05s per batch
	--> Time from Last Check: 1.66s
--> Batch: 199, Loss: 0.6392, Label: 7, Survival Months: 45.08, Risk: -13.1129
	--> Average Speed: 0.05s per batch
	--> Time from Last Check: 1.64s
--> Batch: 249, Loss: 0.7246, Label: 14, Survival Months: 117.42, Risk: -10.4460
	--> Average Speed: 0.05s per batch
	--> Time from Last Check: 1.66s
--> Batch: 299, Loss: 3.6089, Label: 13, Survival Months: 97.83, Risk: -11.4874
	--> Average Speed: 0.05s per batch
	--> Time from Last Check: 1.67s
--> Batch: 349, Loss: 0.6227, Label: 13, Survival Months: 93.33, Risk: -16.0027
	--> Average Speed: 0.05s per batch
	--> Time from Last Check: 1.66s
--> Batch: 399, Loss: 0.6178, Label: 9, Survival Months: 53.58, Risk: -14.4446
	--> Average Speed: 0.05s per batch
	--> Time from Last Check: 1.65s
--> Batch: 449, Loss: 3.0489, Label: 14, Survival Months: 115.67, Risk: -13.5068
	--> Average Speed: 0.05s per batch
	--> Time from Last Check: 1.63s
--> Batch: 499, Loss: 0.8798, Label: 19, Survival Months: 273.58, Risk: -14.3228
	--> Average Speed: 0.05s per batch
	--> Time from Last Check: 1.67s
--> Batch: 549, Loss: 0.6086, Label: 8, Survival Months: 50.92, Risk: -15.7187
	--> Average Speed: 0.05s per batch
	--> Time from Last Check: 1.66s
--> Batch: 599, Loss: 0.6101, Label: 7, Survival Months: 46.00, Risk: -13.4184
	--> Average Speed: 0.05s per batch
	--> Time from Last Check: 1.65s
--> Batch: 649, Loss: 0.7453, Label: 18, Survival Months: 246.08, Risk: -13.4881
	--> Average Speed: 0.05s per batch
	--> Time from Last Check: 1.65s
[20/01/2025 - 16:20:07] - Epoch: 4, lr: 0.00006699, training_loss: 0.9711, training_c_index: 0.7422
[20/01/2025 - 16:20:12] - Epoch: 4, validation_loss: 0.9732, validation_c_index: 0.4692
--> No improvement in validation_loss or validation_c_index for 1 epoch(s)
--> Current BEST Score: 0.4819
	--> validation_loss: 0.9999
	--> best validation_c_index: 0.5819
[20/01/2025 - 16:20:12] - Time elapsed for epoch 4: 28s
[20/01/2025 - 16:20:12] - Epoch: 5
--> Batch: 49, Loss: 0.6110, Label: 11, Survival Months: 73.17, Risk: -14.4204
	--> Average Speed: 0.06s per batch
	--> Time from Last Check: 1.95s
--> Batch: 99, Loss: 0.5856, Label: 6, Survival Months: 41.75, Risk: -15.7779
	--> Average Speed: 0.05s per batch
	--> Time from Last Check: 1.62s
--> Batch: 149, Loss: 0.5800, Label: 3, Survival Months: 27.50, Risk: -16.2651
	--> Average Speed: 0.05s per batch
	--> Time from Last Check: 1.63s
--> Batch: 199, Loss: 0.5961, Label: 7, Survival Months: 47.08, Risk: -12.4016
	--> Average Speed: 0.05s per batch
	--> Time from Last Check: 1.65s
--> Batch: 249, Loss: 0.6109, Label: 17, Survival Months: 193.00, Risk: -16.1439
	--> Average Speed: 0.05s per batch
	--> Time from Last Check: 1.67s
--> Batch: 299, Loss: 3.4501, Label: 11, Survival Months: 76.00, Risk: -8.3968
	--> Average Speed: 0.05s per batch
	--> Time from Last Check: 1.63s
--> Batch: 349, Loss: 0.6871, Label: 18, Survival Months: 207.17, Risk: -15.6127
	--> Average Speed: 0.05s per batch
	--> Time from Last Check: 1.68s
--> Batch: 399, Loss: 0.5776, Label: 7, Survival Months: 46.17, Risk: -13.3177
	--> Average Speed: 0.05s per batch
	--> Time from Last Check: 1.67s
--> Batch: 449, Loss: 0.8034, Label: 19, Survival Months: 329.75, Risk: -15.7721
	--> Average Speed: 0.05s per batch
	--> Time from Last Check: 1.65s
--> Batch: 499, Loss: 0.5864, Label: 15, Survival Months: 129.17, Risk: -16.3649
	--> Average Speed: 0.05s per batch
	--> Time from Last Check: 1.64s
--> Batch: 549, Loss: 0.5614, Label: 2, Survival Months: 25.33, Risk: -12.6985
	--> Average Speed: 0.05s per batch
	--> Time from Last Check: 1.68s
--> Batch: 599, Loss: 0.5864, Label: 9, Survival Months: 54.83, Risk: -12.5992
	--> Average Speed: 0.05s per batch
	--> Time from Last Check: 1.68s
--> Batch: 649, Loss: 0.5860, Label: 12, Survival Months: 83.42, Risk: -14.3349
	--> Average Speed: 0.05s per batch
	--> Time from Last Check: 1.65s
[20/01/2025 - 16:20:35] - Epoch: 5, lr: 0.00005862, training_loss: 0.9251, training_c_index: 0.7243
[20/01/2025 - 16:20:39] - Epoch: 5, validation_loss: 0.9597, validation_c_index: 0.5164
--> No improvement in validation_loss or validation_c_index for 2 epoch(s)
--> Current BEST Score: 0.4819
	--> validation_loss: 0.9999
	--> best validation_c_index: 0.5819
[20/01/2025 - 16:20:39] - Time elapsed for epoch 5: 28s
[20/01/2025 - 16:20:39] - Epoch: 6
--> Batch: 49, Loss: 0.5700, Label: 13, Survival Months: 93.42, Risk: -15.9955
	--> Average Speed: 0.06s per batch
	--> Time from Last Check: 1.95s
--> Batch: 99, Loss: 0.5704, Label: 12, Survival Months: 83.08, Risk: -15.1318
	--> Average Speed: 0.05s per batch
	--> Time from Last Check: 1.68s
--> Batch: 149, Loss: 0.5507, Label: 3, Survival Months: 30.17, Risk: -14.4028
	--> Average Speed: 0.05s per batch
	--> Time from Last Check: 1.65s
--> Batch: 199, Loss: 0.5792, Label: 16, Survival Months: 174.25, Risk: -16.2640
	--> Average Speed: 0.05s per batch
	--> Time from Last Check: 1.66s
--> Batch: 249, Loss: 1.6700, Label: 19, Survival Months: 305.75, Risk: -17.1174
	--> Average Speed: 0.05s per batch
	--> Time from Last Check: 1.66s
--> Batch: 299, Loss: 0.5324, Label: 2, Survival Months: 18.00, Risk: -16.5895
	--> Average Speed: 0.05s per batch
	--> Time from Last Check: 1.65s
--> Batch: 349, Loss: 0.5384, Label: 0, Survival Months: 0.00, Risk: -9.3257
	--> Average Speed: 0.05s per batch
	--> Time from Last Check: 1.68s
--> Batch: 399, Loss: 0.5397, Label: 3, Survival Months: 26.83, Risk: -14.4025
	--> Average Speed: 0.05s per batch
	--> Time from Last Check: 1.63s
--> Batch: 449, Loss: 0.5334, Label: 6, Survival Months: 39.33, Risk: -16.2955
	--> Average Speed: 0.05s per batch
	--> Time from Last Check: 1.64s
--> Batch: 499, Loss: 2.7119, Label: 3, Survival Months: 26.67, Risk: -4.1478
	--> Average Speed: 0.05s per batch
	--> Time from Last Check: 1.65s
--> Batch: 549, Loss: 0.8419, Label: 19, Survival Months: 278.50, Risk: -12.1907
	--> Average Speed: 0.05s per batch
	--> Time from Last Check: 1.62s
--> Batch: 599, Loss: 0.6519, Label: 14, Survival Months: 110.83, Risk: -10.3780
	--> Average Speed: 0.05s per batch
	--> Time from Last Check: 1.69s
--> Batch: 649, Loss: 0.5271, Label: 1, Survival Months: 14.83, Risk: -15.1104
	--> Average Speed: 0.05s per batch
	--> Time from Last Check: 1.68s
[20/01/2025 - 16:21:03] - Epoch: 6, lr: 0.00005129, training_loss: 0.8730, training_c_index: 0.7988
[20/01/2025 - 16:21:07] - Epoch: 6, validation_loss: 0.9232, validation_c_index: 0.5426
--> No improvement in validation_loss or validation_c_index for 3 epoch(s)
--> Current BEST Score: 0.4819
	--> validation_loss: 0.9999
	--> best validation_c_index: 0.5819
[20/01/2025 - 16:21:07] - Time elapsed for epoch 6: 28s
[20/01/2025 - 16:21:07] - Epoch: 7
--> Batch: 49, Loss: 0.5399, Label: 10, Survival Months: 62.08, Risk: -15.1820
	--> Average Speed: 0.06s per batch
	--> Time from Last Check: 1.93s
--> Batch: 99, Loss: 0.6411, Label: 11, Survival Months: 69.75, Risk: -7.9637
	--> Average Speed: 0.05s per batch
	--> Time from Last Check: 1.64s
--> Batch: 149, Loss: 0.6729, Label: 9, Survival Months: 54.92, Risk: -5.3900
	--> Average Speed: 0.05s per batch
	--> Time from Last Check: 1.66s
--> Batch: 199, Loss: 0.5383, Label: 10, Survival Months: 58.25, Risk: -15.2047
	--> Average Speed: 0.05s per batch
	--> Time from Last Check: 1.63s
--> Batch: 249, Loss: 0.5281, Label: 11, Survival Months: 75.42, Risk: -16.7799
	--> Average Speed: 0.05s per batch
	--> Time from Last Check: 1.67s
--> Batch: 299, Loss: 0.5192, Label: 1, Survival Months: 2.58, Risk: -15.8818
	--> Average Speed: 0.05s per batch
	--> Time from Last Check: 1.67s
--> Batch: 349, Loss: 0.5192, Label: 3, Survival Months: 29.17, Risk: -15.6733
	--> Average Speed: 0.05s per batch
	--> Time from Last Check: 1.66s
--> Batch: 399, Loss: 2.6767, Label: 14, Survival Months: 106.00, Risk: -15.6168
	--> Average Speed: 0.05s per batch
	--> Time from Last Check: 1.67s
--> Batch: 449, Loss: 0.6423, Label: 18, Survival Months: 226.75, Risk: -15.3488
	--> Average Speed: 0.05s per batch
	--> Time from Last Check: 1.68s
--> Batch: 499, Loss: 0.5578, Label: 9, Survival Months: 53.58, Risk: -11.3145
	--> Average Speed: 0.05s per batch
	--> Time from Last Check: 1.63s
--> Batch: 549, Loss: 0.5527, Label: 10, Survival Months: 62.25, Risk: -12.3566
	--> Average Speed: 0.05s per batch
	--> Time from Last Check: 1.66s
--> Batch: 599, Loss: 0.5189, Label: 5, Survival Months: 38.00, Risk: -14.5075
	--> Average Speed: 0.05s per batch
	--> Time from Last Check: 1.65s
--> Batch: 649, Loss: 0.5272, Label: 1, Survival Months: 11.17, Risk: -8.9027
	--> Average Speed: 0.05s per batch
	--> Time from Last Check: 1.63s
[20/01/2025 - 16:21:31] - Epoch: 7, lr: 0.00004488, training_loss: 0.8441, training_c_index: 0.8423
[20/01/2025 - 16:21:35] - Epoch: 7, validation_loss: 0.9416, validation_c_index: 0.5182
--> No improvement in validation_loss or validation_c_index for 4 epoch(s)
--> Current BEST Score: 0.4819
	--> validation_loss: 0.9999
	--> best validation_c_index: 0.5819
[20/01/2025 - 16:21:35] - Time elapsed for epoch 7: 28s
[20/01/2025 - 16:21:35] - Epoch: 8
--> Batch: 49, Loss: 0.5112, Label: 1, Survival Months: 16.67, Risk: -16.8875
	--> Average Speed: 0.06s per batch
	--> Time from Last Check: 1.94s
--> Batch: 99, Loss: 0.5097, Label: 0, Survival Months: 0.00, Risk: -13.7497
	--> Average Speed: 0.05s per batch
	--> Time from Last Check: 1.64s
--> Batch: 149, Loss: 0.5068, Label: 4, Survival Months: 33.00, Risk: -17.2503
	--> Average Speed: 0.05s per batch
	--> Time from Last Check: 1.67s
--> Batch: 199, Loss: 0.5702, Label: 13, Survival Months: 93.42, Risk: -12.6130
	--> Average Speed: 0.05s per batch
	--> Time from Last Check: 1.64s
--> Batch: 249, Loss: 0.5182, Label: 9, Survival Months: 54.83, Risk: -15.4978
	--> Average Speed: 0.05s per batch
	--> Time from Last Check: 1.63s
--> Batch: 299, Loss: 3.2931, Label: 13, Survival Months: 93.92, Risk: -9.7340
	--> Average Speed: 0.05s per batch
	--> Time from Last Check: 1.64s
--> Batch: 349, Loss: 0.5529, Label: 17, Survival Months: 189.83, Risk: -16.5974
	--> Average Speed: 0.05s per batch
	--> Time from Last Check: 1.61s
--> Batch: 399, Loss: 0.5077, Label: 6, Survival Months: 40.00, Risk: -15.4369
	--> Average Speed: 0.05s per batch
	--> Time from Last Check: 1.65s
--> Batch: 449, Loss: 0.5440, Label: 16, Survival Months: 156.33, Risk: -16.3912
	--> Average Speed: 0.05s per batch
	--> Time from Last Check: 1.63s
--> Batch: 499, Loss: 0.5541, Label: 17, Survival Months: 185.17, Risk: -16.1875
	--> Average Speed: 0.05s per batch
	--> Time from Last Check: 1.65s
--> Batch: 549, Loss: 0.4998, Label: 3, Survival Months: 30.92, Risk: -16.2182
	--> Average Speed: 0.05s per batch
	--> Time from Last Check: 1.64s
--> Batch: 599, Loss: 0.6066, Label: 18, Survival Months: 206.42, Risk: -16.4370
	--> Average Speed: 0.05s per batch
	--> Time from Last Check: 1.64s
--> Batch: 649, Loss: 0.5044, Label: 5, Survival Months: 34.83, Risk: -14.4854
	--> Average Speed: 0.05s per batch
	--> Time from Last Check: 1.67s
[20/01/2025 - 16:21:58] - Epoch: 8, lr: 0.00003927, training_loss: 0.8248, training_c_index: 0.8451
[20/01/2025 - 16:22:03] - Epoch: 8, validation_loss: 0.9181, validation_c_index: 0.5166
--> No improvement in validation_loss or validation_c_index for 5 epoch(s)
--> Current BEST Score: 0.4819
	--> validation_loss: 0.9999
	--> best validation_c_index: 0.5819
[20/01/2025 - 16:22:03] - Time elapsed for epoch 8: 28s
[20/01/2025 - 16:22:03] - Epoch: 9
--> Batch: 49, Loss: 0.5228, Label: 11, Survival Months: 71.33, Risk: -14.6010
	--> Average Speed: 0.06s per batch
	--> Time from Last Check: 1.96s
--> Batch: 99, Loss: 0.5019, Label: 5, Survival Months: 35.42, Risk: -16.2392
	--> Average Speed: 0.05s per batch
	--> Time from Last Check: 1.66s
--> Batch: 149, Loss: 0.4997, Label: 1, Survival Months: 6.50, Risk: -16.9588
	--> Average Speed: 0.05s per batch
	--> Time from Last Check: 1.65s
--> Batch: 199, Loss: 0.5011, Label: 2, Survival Months: 25.58, Risk: -14.9932
	--> Average Speed: 0.05s per batch
	--> Time from Last Check: 1.66s
--> Batch: 249, Loss: 0.5795, Label: 12, Survival Months: 83.42, Risk: -10.5734
	--> Average Speed: 0.05s per batch
	--> Time from Last Check: 1.64s
--> Batch: 299, Loss: 3.1503, Label: 10, Survival Months: 65.42, Risk: -10.9690
	--> Average Speed: 0.05s per batch
	--> Time from Last Check: 1.64s
--> Batch: 349, Loss: 0.5426, Label: 6, Survival Months: 40.00, Risk: -8.1775
	--> Average Speed: 0.05s per batch
	--> Time from Last Check: 1.63s
--> Batch: 399, Loss: 0.4933, Label: 7, Survival Months: 47.25, Risk: -16.8225
	--> Average Speed: 0.05s per batch
	--> Time from Last Check: 1.62s
--> Batch: 449, Loss: 0.5299, Label: 14, Survival Months: 114.25, Risk: -15.7731
	--> Average Speed: 0.05s per batch
	--> Time from Last Check: 1.62s
--> Batch: 499, Loss: 0.5326, Label: 17, Survival Months: 200.25, Risk: -16.9023
	--> Average Speed: 0.05s per batch
	--> Time from Last Check: 1.64s
--> Batch: 549, Loss: 3.2282, Label: 15, Survival Months: 137.42, Risk: -15.7359
	--> Average Speed: 0.05s per batch
	--> Time from Last Check: 1.67s
--> Batch: 599, Loss: 0.4906, Label: 1, Survival Months: 2.83, Risk: -13.3913
	--> Average Speed: 0.05s per batch
	--> Time from Last Check: 1.65s
--> Batch: 649, Loss: 0.4864, Label: 4, Survival Months: 32.83, Risk: -16.6760
	--> Average Speed: 0.05s per batch
	--> Time from Last Check: 1.67s
[20/01/2025 - 16:22:26] - Epoch: 9, lr: 0.00003436, training_loss: 0.8075, training_c_index: 0.8715
[20/01/2025 - 16:22:31] - Epoch: 9, validation_loss: 0.9133, validation_c_index: 0.5034
--> No improvement in validation_loss or validation_c_index for 6 epoch(s)
--> Current BEST Score: 0.4819
	--> validation_loss: 0.9999
	--> best validation_c_index: 0.5819
[20/01/2025 - 16:22:31] - Time elapsed for epoch 9: 28s
[20/01/2025 - 16:22:31] - Epoch: 10
--> Batch: 49, Loss: 0.5313, Label: 17, Survival Months: 197.08, Risk: -16.5857
	--> Average Speed: 0.06s per batch
	--> Time from Last Check: 1.92s
--> Batch: 99, Loss: 3.0361, Label: 12, Survival Months: 83.67, Risk: -12.1631
	--> Average Speed: 0.05s per batch
	--> Time from Last Check: 1.66s
--> Batch: 149, Loss: 0.5118, Label: 15, Survival Months: 130.08, Risk: -16.8068
	--> Average Speed: 0.05s per batch
	--> Time from Last Check: 1.62s
--> Batch: 199, Loss: 0.4832, Label: 3, Survival Months: 30.42, Risk: -16.5817
	--> Average Speed: 0.05s per batch
	--> Time from Last Check: 1.67s
--> Batch: 249, Loss: 2.7943, Label: 8, Survival Months: 48.08, Risk: -12.2363
	--> Average Speed: 0.05s per batch
	--> Time from Last Check: 1.68s
--> Batch: 299, Loss: 0.6393, Label: 13, Survival Months: 94.83, Risk: -8.2786
	--> Average Speed: 0.05s per batch
	--> Time from Last Check: 1.65s
--> Batch: 349, Loss: 0.5536, Label: 17, Survival Months: 185.17, Risk: -15.3705
	--> Average Speed: 0.05s per batch
	--> Time from Last Check: 1.65s
--> Batch: 399, Loss: 0.4915, Label: 4, Survival Months: 33.00, Risk: -12.4014
	--> Average Speed: 0.05s per batch
	--> Time from Last Check: 1.64s
--> Batch: 449, Loss: 0.4799, Label: 11, Survival Months: 67.33, Risk: -17.5135
	--> Average Speed: 0.05s per batch
	--> Time from Last Check: 1.65s
--> Batch: 499, Loss: 0.4786, Label: 0, Survival Months: 0.00, Risk: -10.1841
	--> Average Speed: 0.05s per batch
	--> Time from Last Check: 1.67s
--> Batch: 549, Loss: 0.5012, Label: 14, Survival Months: 109.00, Risk: -16.5197
	--> Average Speed: 0.05s per batch
	--> Time from Last Check: 1.62s
--> Batch: 599, Loss: 0.4818, Label: 10, Survival Months: 58.92, Risk: -16.5024
	--> Average Speed: 0.05s per batch
	--> Time from Last Check: 1.64s
--> Batch: 649, Loss: 0.7179, Label: 19, Survival Months: 273.92, Risk: -15.9480
	--> Average Speed: 0.05s per batch
	--> Time from Last Check: 1.65s
[20/01/2025 - 16:22:54] - Epoch: 10, lr: 0.00003007, training_loss: 0.7716, training_c_index: 0.9035
[20/01/2025 - 16:22:58] - Epoch: 10, validation_loss: 0.9323, validation_c_index: 0.5360
--> No improvement in validation_loss or validation_c_index for 7 epoch(s)
--> Current BEST Score: 0.4819
	--> validation_loss: 0.9999
	--> best validation_c_index: 0.5819
--> Early stopping triggered after 7 epochs without improvement
[20/01/2025 - 16:22:59] - Restoring best model from epoch 3
--> Model discarded due to low validation C-Index.

########### [20/01/2025 - 16:22:59] - Training completed (Fold n°1) ############

########### [20/01/2025 - 16:22:59] - Validation started (Fold n°1) ############
[20/01/2025 - 16:23:03] - Testing, testing_loss: 0.9999, testing_c_index: 0.5819
[20/01/2025 - 16:23:03] - Time elapsed for Validation: 4s

########## [20/01/2025 - 16:23:03] - Validation completed (Fold n°1) ###########

###################### [20/01/2025 - 16:23:03] - Fold n°2 ######################

MODEL: MCAT
--> Trainable parameters of MCAT: 14855702
--> Loss function: CrossEntropySurvivalLoss
--> Optimizer: adam

############ [20/01/2025 - 16:23:03] - Training started (Fold n°2) #############
[20/01/2025 - 16:23:03] - Epoch: 1
--> Batch: 49, Loss: 1.8172, Label: 7, Survival Months: 44.42, Risk: -1.1292
	--> Average Speed: 0.06s per batch
	--> Time from Last Check: 1.98s
--> Batch: 99, Loss: 1.6933, Label: 7, Survival Months: 45.58, Risk: -1.2633
	--> Average Speed: 0.05s per batch
	--> Time from Last Check: 1.60s
--> Batch: 149, Loss: 1.4626, Label: 5, Survival Months: 34.75, Risk: -1.5714
	--> Average Speed: 0.05s per batch
	--> Time from Last Check: 1.63s
--> Batch: 199, Loss: 1.1783, Label: 1, Survival Months: 2.58, Risk: -2.3852
	--> Average Speed: 0.05s per batch
	--> Time from Last Check: 1.64s
--> Batch: 249, Loss: 1.1013, Label: 1, Survival Months: 7.67, Risk: -6.2505
	--> Average Speed: 0.05s per batch
	--> Time from Last Check: 1.65s
--> Batch: 299, Loss: 1.0731, Label: 3, Survival Months: 29.00, Risk: -9.5572
	--> Average Speed: 0.05s per batch
	--> Time from Last Check: 1.66s
--> Batch: 349, Loss: 1.0436, Label: 4, Survival Months: 31.33, Risk: -10.0224
	--> Average Speed: 0.05s per batch
	--> Time from Last Check: 1.65s
--> Batch: 399, Loss: 1.1395, Label: 17, Survival Months: 182.58, Risk: -13.6277
	--> Average Speed: 0.05s per batch
	--> Time from Last Check: 1.66s
--> Batch: 449, Loss: 4.5440, Label: 12, Survival Months: 82.58, Risk: -14.8675
	--> Average Speed: 0.05s per batch
	--> Time from Last Check: 1.66s
--> Batch: 499, Loss: 0.9690, Label: 11, Survival Months: 76.00, Risk: -13.9210
	--> Average Speed: 0.05s per batch
	--> Time from Last Check: 1.64s
--> Batch: 549, Loss: 0.9358, Label: 7, Survival Months: 44.83, Risk: -14.0793
	--> Average Speed: 0.05s per batch
	--> Time from Last Check: 1.68s
--> Batch: 599, Loss: 4.0184, Label: 3, Survival Months: 28.00, Risk: -9.8052
	--> Average Speed: 0.05s per batch
	--> Time from Last Check: 1.64s
--> Batch: 649, Loss: 0.9144, Label: 8, Survival Months: 50.67, Risk: -14.3665
	--> Average Speed: 0.05s per batch
	--> Time from Last Check: 1.70s
[20/01/2025 - 16:23:27] - Epoch: 1, lr: 0.00010000, training_loss: 1.7511, training_c_index: 0.5032
[20/01/2025 - 16:23:31] - Epoch: 1, validation_loss: 1.3914, validation_c_index: 0.4530
--> New BEST Validation Score: 0.3138, validation_loss: 1.3914, validation_c_index: 0.4530
--> Current BEST Score: 0.3138
	--> validation_loss: 1.3914
	--> best validation_c_index: 0.4530
[20/01/2025 - 16:23:31] - Time elapsed for epoch 1: 28s
[20/01/2025 - 16:23:31] - Epoch: 2
--> Batch: 49, Loss: 0.8848, Label: 5, Survival Months: 38.00, Risk: -13.8754
	--> Average Speed: 0.06s per batch
	--> Time from Last Check: 1.96s
--> Batch: 99, Loss: 0.9163, Label: 14, Survival Months: 102.83, Risk: -13.8214
	--> Average Speed: 0.05s per batch
	--> Time from Last Check: 1.67s
--> Batch: 149, Loss: 4.3447, Label: 11, Survival Months: 71.67, Risk: -15.0560
	--> Average Speed: 0.05s per batch
	--> Time from Last Check: 1.62s
--> Batch: 199, Loss: 1.0625, Label: 19, Survival Months: 479.08, Risk: -12.3614
	--> Average Speed: 0.05s per batch
	--> Time from Last Check: 1.63s
--> Batch: 249, Loss: 1.0314, Label: 19, Survival Months: 292.17, Risk: -13.7946
	--> Average Speed: 0.05s per batch
	--> Time from Last Check: 1.65s
--> Batch: 299, Loss: 0.8165, Label: 8, Survival Months: 48.75, Risk: -13.9941
	--> Average Speed: 0.05s per batch
	--> Time from Last Check: 1.64s
--> Batch: 349, Loss: 0.7902, Label: 7, Survival Months: 46.17, Risk: -15.6171
	--> Average Speed: 0.05s per batch
	--> Time from Last Check: 1.67s
--> Batch: 399, Loss: 0.7840, Label: 5, Survival Months: 37.50, Risk: -14.5219
	--> Average Speed: 0.05s per batch
	--> Time from Last Check: 1.64s
--> Batch: 449, Loss: 2.9064, Label: 17, Survival Months: 189.42, Risk: -15.7242
	--> Average Speed: 0.05s per batch
	--> Time from Last Check: 1.66s
--> Batch: 499, Loss: 0.8141, Label: 13, Survival Months: 94.33, Risk: -12.8988
	--> Average Speed: 0.05s per batch
	--> Time from Last Check: 1.62s
--> Batch: 549, Loss: 0.7498, Label: 3, Survival Months: 30.42, Risk: -15.0377
	--> Average Speed: 0.05s per batch
	--> Time from Last Check: 1.65s
--> Batch: 599, Loss: 0.7320, Label: 0, Survival Months: 0.00, Risk: -14.3931
	--> Average Speed: 0.05s per batch
	--> Time from Last Check: 1.62s
--> Batch: 649, Loss: 0.7415, Label: 8, Survival Months: 50.67, Risk: -14.2677
	--> Average Speed: 0.05s per batch
	--> Time from Last Check: 1.65s
[20/01/2025 - 16:23:55] - Epoch: 2, lr: 0.00008750, training_loss: 1.1268, training_c_index: 0.5978
[20/01/2025 - 16:23:59] - Epoch: 2, validation_loss: 1.2512, validation_c_index: 0.4291
--> No improvement in validation_loss or validation_c_index for 1 epoch(s)
--> Current BEST Score: 0.3138
	--> validation_loss: 1.3914
	--> best validation_c_index: 0.4530
[20/01/2025 - 16:23:59] - Time elapsed for epoch 2: 28s
[20/01/2025 - 16:23:59] - Epoch: 3
--> Batch: 49, Loss: 0.7355, Label: 11, Survival Months: 76.50, Risk: -14.8460
	--> Average Speed: 0.06s per batch
	--> Time from Last Check: 2.01s
--> Batch: 99, Loss: 0.7155, Label: 8, Survival Months: 51.00, Risk: -15.3037
	--> Average Speed: 0.05s per batch
	--> Time from Last Check: 1.66s
--> Batch: 149, Loss: 0.7441, Label: 15, Survival Months: 138.50, Risk: -15.7771
	--> Average Speed: 0.05s per batch
	--> Time from Last Check: 1.66s
--> Batch: 199, Loss: 0.8486, Label: 15, Survival Months: 134.42, Risk: -10.3292
	--> Average Speed: 0.05s per batch
	--> Time from Last Check: 1.67s
--> Batch: 249, Loss: 0.6979, Label: 6, Survival Months: 38.58, Risk: -12.6786
	--> Average Speed: 0.05s per batch
	--> Time from Last Check: 1.66s
--> Batch: 299, Loss: 0.6965, Label: 7, Survival Months: 43.83, Risk: -13.0241
	--> Average Speed: 0.05s per batch
	--> Time from Last Check: 1.66s
--> Batch: 349, Loss: 0.7254, Label: 14, Survival Months: 102.83, Risk: -14.2458
	--> Average Speed: 0.05s per batch
	--> Time from Last Check: 1.68s
--> Batch: 399, Loss: 0.8928, Label: 19, Survival Months: 270.67, Risk: -14.3834
	--> Average Speed: 0.05s per batch
	--> Time from Last Check: 1.69s
--> Batch: 449, Loss: 0.6674, Label: 4, Survival Months: 34.17, Risk: -15.1401
	--> Average Speed: 0.05s per batch
	--> Time from Last Check: 1.71s
--> Batch: 499, Loss: 0.7331, Label: 17, Survival Months: 194.08, Risk: -14.9625
	--> Average Speed: 0.05s per batch
	--> Time from Last Check: 1.67s
--> Batch: 549, Loss: 0.6500, Label: 0, Survival Months: 2.50, Risk: -15.6798
	--> Average Speed: 0.05s per batch
	--> Time from Last Check: 1.66s
--> Batch: 599, Loss: 0.6443, Label: 1, Survival Months: 7.67, Risk: -15.8902
	--> Average Speed: 0.05s per batch
	--> Time from Last Check: 1.68s
--> Batch: 649, Loss: 0.6392, Label: 1, Survival Months: 14.00, Risk: -13.2379
	--> Average Speed: 0.05s per batch
	--> Time from Last Check: 1.71s
[20/01/2025 - 16:24:23] - Epoch: 3, lr: 0.00007656, training_loss: 0.9957, training_c_index: 0.6300
[20/01/2025 - 16:24:27] - Epoch: 3, validation_loss: 1.1527, validation_c_index: 0.3959
--> No improvement in validation_loss or validation_c_index for 2 epoch(s)
--> Current BEST Score: 0.3138
	--> validation_loss: 1.3914
	--> best validation_c_index: 0.4530
[20/01/2025 - 16:24:27] - Time elapsed for epoch 3: 28s
[20/01/2025 - 16:24:27] - Epoch: 4
--> Batch: 49, Loss: 0.6281, Label: 3, Survival Months: 30.42, Risk: -14.7673
	--> Average Speed: 0.06s per batch
	--> Time from Last Check: 1.98s
--> Batch: 99, Loss: 0.6606, Label: 13, Survival Months: 101.75, Risk: -14.2319
	--> Average Speed: 0.05s per batch
	--> Time from Last Check: 1.67s
--> Batch: 149, Loss: 0.6627, Label: 12, Survival Months: 87.58, Risk: -13.3257
	--> Average Speed: 0.05s per batch
	--> Time from Last Check: 1.65s
--> Batch: 199, Loss: 0.6279, Label: 10, Survival Months: 62.67, Risk: -15.5099
	--> Average Speed: 0.05s per batch
	--> Time from Last Check: 1.61s
--> Batch: 249, Loss: 0.6415, Label: 6, Survival Months: 38.42, Risk: -10.2883
	--> Average Speed: 0.05s per batch
	--> Time from Last Check: 1.65s
--> Batch: 299, Loss: 0.6773, Label: 15, Survival Months: 127.33, Risk: -14.2231
	--> Average Speed: 0.05s per batch
	--> Time from Last Check: 1.61s
--> Batch: 349, Loss: 0.6044, Label: 4, Survival Months: 32.75, Risk: -16.6140
	--> Average Speed: 0.05s per batch
	--> Time from Last Check: 1.64s
--> Batch: 399, Loss: 0.6621, Label: 10, Survival Months: 66.50, Risk: -10.3783
	--> Average Speed: 0.05s per batch
	--> Time from Last Check: 1.64s
--> Batch: 449, Loss: 0.5949, Label: 6, Survival Months: 42.33, Risk: -16.0027
	--> Average Speed: 0.05s per batch
	--> Time from Last Check: 1.65s
--> Batch: 499, Loss: 0.6076, Label: 11, Survival Months: 69.75, Risk: -15.3363
	--> Average Speed: 0.05s per batch
	--> Time from Last Check: 1.63s
--> Batch: 549, Loss: 0.6466, Label: 14, Survival Months: 103.83, Risk: -13.6694
	--> Average Speed: 0.05s per batch
	--> Time from Last Check: 1.66s
--> Batch: 599, Loss: 0.5883, Label: 2, Survival Months: 25.17, Risk: -15.1999
	--> Average Speed: 0.05s per batch
	--> Time from Last Check: 1.64s
--> Batch: 649, Loss: 3.4990, Label: 12, Survival Months: 82.58, Risk: -14.8962
	--> Average Speed: 0.05s per batch
	--> Time from Last Check: 1.64s
[20/01/2025 - 16:24:50] - Epoch: 4, lr: 0.00006699, training_loss: 0.9140, training_c_index: 0.7069
[20/01/2025 - 16:24:55] - Epoch: 4, validation_loss: 1.1043, validation_c_index: 0.4850
--> New BEST Validation Score: 0.3745, validation_loss: 1.1043, validation_c_index: 0.4850
--> Current BEST Score: 0.3745
	--> validation_loss: 1.1043
	--> best validation_c_index: 0.4850
[20/01/2025 - 16:24:55] - Time elapsed for epoch 4: 28s
[20/01/2025 - 16:24:55] - Epoch: 5
--> Batch: 49, Loss: 0.6019, Label: 13, Survival Months: 95.08, Risk: -15.4098
	--> Average Speed: 0.06s per batch
	--> Time from Last Check: 1.98s
--> Batch: 99, Loss: 0.6692, Label: 17, Survival Months: 191.50, Risk: -14.9948
	--> Average Speed: 0.05s per batch
	--> Time from Last Check: 1.67s
--> Batch: 149, Loss: 0.5905, Label: 10, Survival Months: 60.50, Risk: -13.2295
	--> Average Speed: 0.05s per batch
	--> Time from Last Check: 1.65s
--> Batch: 199, Loss: 0.5599, Label: 2, Survival Months: 25.33, Risk: -15.7823
	--> Average Speed: 0.05s per batch
	--> Time from Last Check: 1.65s
--> Batch: 249, Loss: 0.5642, Label: 9, Survival Months: 52.17, Risk: -15.3111
	--> Average Speed: 0.05s per batch
	--> Time from Last Check: 1.67s
--> Batch: 299, Loss: 0.5601, Label: 7, Survival Months: 46.17, Risk: -15.2128
	--> Average Speed: 0.05s per batch
	--> Time from Last Check: 1.63s
--> Batch: 349, Loss: 0.6802, Label: 14, Survival Months: 102.42, Risk: -10.3460
	--> Average Speed: 0.05s per batch
	--> Time from Last Check: 1.63s
--> Batch: 399, Loss: 0.5802, Label: 14, Survival Months: 108.42, Risk: -15.6378
	--> Average Speed: 0.05s per batch
	--> Time from Last Check: 1.63s
--> Batch: 449, Loss: 0.5537, Label: 6, Survival Months: 40.75, Risk: -16.6641
	--> Average Speed: 0.05s per batch
	--> Time from Last Check: 1.64s
--> Batch: 499, Loss: 0.5923, Label: 11, Survival Months: 68.25, Risk: -13.1305
	--> Average Speed: 0.05s per batch
	--> Time from Last Check: 1.65s
--> Batch: 549, Loss: 0.5727, Label: 11, Survival Months: 71.00, Risk: -15.0503
	--> Average Speed: 0.05s per batch
	--> Time from Last Check: 1.63s
--> Batch: 599, Loss: 3.0371, Label: 11, Survival Months: 67.58, Risk: -12.1665
	--> Average Speed: 0.05s per batch
	--> Time from Last Check: 1.64s
--> Batch: 649, Loss: 0.5470, Label: 5, Survival Months: 36.25, Risk: -16.3183
	--> Average Speed: 0.05s per batch
	--> Time from Last Check: 1.62s
[20/01/2025 - 16:25:19] - Epoch: 5, lr: 0.00005862, training_loss: 0.8632, training_c_index: 0.7257
[20/01/2025 - 16:25:23] - Epoch: 5, validation_loss: 1.1236, validation_c_index: 0.4456
--> No improvement in validation_loss or validation_c_index for 1 epoch(s)
--> Current BEST Score: 0.3745
	--> validation_loss: 1.1043
	--> best validation_c_index: 0.4850
[20/01/2025 - 16:25:23] - Time elapsed for epoch 5: 28s
[20/01/2025 - 16:25:23] - Epoch: 6
--> Batch: 49, Loss: 0.7674, Label: 19, Survival Months: 270.67, Risk: -16.1065
	--> Average Speed: 0.06s per batch
	--> Time from Last Check: 2.00s
--> Batch: 99, Loss: 0.5593, Label: 12, Survival Months: 81.17, Risk: -15.6771
	--> Average Speed: 0.05s per batch
	--> Time from Last Check: 1.69s
--> Batch: 149, Loss: 0.5474, Label: 8, Survival Months: 50.83, Risk: -15.2813
	--> Average Speed: 0.05s per batch
	--> Time from Last Check: 1.64s
--> Batch: 199, Loss: 0.5390, Label: 8, Survival Months: 51.67, Risk: -16.5594
	--> Average Speed: 0.05s per batch
	--> Time from Last Check: 1.68s
--> Batch: 249, Loss: 0.5338, Label: 7, Survival Months: 47.33, Risk: -16.3448
	--> Average Speed: 0.05s per batch
	--> Time from Last Check: 1.63s
--> Batch: 299, Loss: 0.5278, Label: 7, Survival Months: 43.58, Risk: -17.1159
	--> Average Speed: 0.05s per batch
	--> Time from Last Check: 1.68s
--> Batch: 349, Loss: 3.7763, Label: 12, Survival Months: 84.08, Risk: -16.7578
	--> Average Speed: 0.05s per batch
	--> Time from Last Check: 1.68s
--> Batch: 399, Loss: 0.5354, Label: 5, Survival Months: 37.25, Risk: -13.3480
	--> Average Speed: 0.05s per batch
	--> Time from Last Check: 1.65s
--> Batch: 449, Loss: 0.6446, Label: 15, Survival Months: 134.25, Risk: -11.9061
	--> Average Speed: 0.05s per batch
	--> Time from Last Check: 1.69s
--> Batch: 499, Loss: 0.5557, Label: 13, Survival Months: 89.33, Risk: -15.2325
	--> Average Speed: 0.05s per batch
	--> Time from Last Check: 1.69s
--> Batch: 549, Loss: 0.5512, Label: 13, Survival Months: 102.00, Risk: -15.4429
	--> Average Speed: 0.05s per batch
	--> Time from Last Check: 1.65s
--> Batch: 599, Loss: 0.5806, Label: 15, Survival Months: 123.08, Risk: -14.9624
	--> Average Speed: 0.05s per batch
	--> Time from Last Check: 1.68s
--> Batch: 649, Loss: 0.5748, Label: 15, Survival Months: 121.92, Risk: -15.2221
	--> Average Speed: 0.05s per batch
	--> Time from Last Check: 1.65s
[20/01/2025 - 16:25:47] - Epoch: 6, lr: 0.00005129, training_loss: 0.8159, training_c_index: 0.8045
[20/01/2025 - 16:25:51] - Epoch: 6, validation_loss: 1.1093, validation_c_index: 0.4255
--> No improvement in validation_loss or validation_c_index for 2 epoch(s)
--> Current BEST Score: 0.3745
	--> validation_loss: 1.1043
	--> best validation_c_index: 0.4850
[20/01/2025 - 16:25:51] - Time elapsed for epoch 6: 28s
[20/01/2025 - 16:25:51] - Epoch: 7
--> Batch: 49, Loss: 0.5301, Label: 7, Survival Months: 43.33, Risk: -15.1899
	--> Average Speed: 0.06s per batch
	--> Time from Last Check: 2.02s
--> Batch: 99, Loss: 0.5269, Label: 2, Survival Months: 20.17, Risk: -16.3355
	--> Average Speed: 0.05s per batch
	--> Time from Last Check: 1.66s
--> Batch: 149, Loss: 0.5374, Label: 13, Survival Months: 93.67, Risk: -16.5203
	--> Average Speed: 0.05s per batch
	--> Time from Last Check: 1.65s
--> Batch: 199, Loss: 0.5390, Label: 7, Survival Months: 43.83, Risk: -11.9593
	--> Average Speed: 0.05s per batch
	--> Time from Last Check: 1.67s
--> Batch: 249, Loss: 1.9782, Label: 18, Survival Months: 237.83, Risk: -16.4685
	--> Average Speed: 0.05s per batch
	--> Time from Last Check: 1.62s
--> Batch: 299, Loss: 2.9550, Label: 10, Survival Months: 62.83, Risk: -8.1874
	--> Average Speed: 0.05s per batch
	--> Time from Last Check: 1.64s
--> Batch: 349, Loss: 0.5217, Label: 6, Survival Months: 42.58, Risk: -13.4939
	--> Average Speed: 0.05s per batch
	--> Time from Last Check: 1.62s
--> Batch: 399, Loss: 0.5107, Label: 0, Survival Months: 0.83, Risk: -13.6165
	--> Average Speed: 0.05s per batch
	--> Time from Last Check: 1.62s
--> Batch: 449, Loss: 0.5110, Label: 0, Survival Months: 0.00, Risk: -10.7673
	--> Average Speed: 0.05s per batch
	--> Time from Last Check: 1.63s
--> Batch: 499, Loss: 0.5192, Label: 5, Survival Months: 36.75, Risk: -12.6286
	--> Average Speed: 0.05s per batch
	--> Time from Last Check: 1.59s
--> Batch: 549, Loss: 0.6287, Label: 15, Survival Months: 129.92, Risk: -11.7970
	--> Average Speed: 0.05s per batch
	--> Time from Last Check: 1.63s
--> Batch: 599, Loss: 0.5211, Label: 8, Survival Months: 48.67, Risk: -13.2062
	--> Average Speed: 0.05s per batch
	--> Time from Last Check: 1.63s
--> Batch: 649, Loss: 0.5045, Label: 9, Survival Months: 56.58, Risk: -16.3258
	--> Average Speed: 0.05s per batch
	--> Time from Last Check: 1.62s
[20/01/2025 - 16:26:14] - Epoch: 7, lr: 0.00004488, training_loss: 0.8028, training_c_index: 0.7965
[20/01/2025 - 16:26:19] - Epoch: 7, validation_loss: 1.1211, validation_c_index: 0.4262
--> No improvement in validation_loss or validation_c_index for 3 epoch(s)
--> Current BEST Score: 0.3745
	--> validation_loss: 1.1043
	--> best validation_c_index: 0.4850
[20/01/2025 - 16:26:19] - Time elapsed for epoch 7: 28s
[20/01/2025 - 16:26:19] - Epoch: 8
--> Batch: 49, Loss: 0.4991, Label: 0, Survival Months: 0.83, Risk: -11.0203
	--> Average Speed: 0.06s per batch
	--> Time from Last Check: 1.96s
--> Batch: 99, Loss: 0.4951, Label: 4, Survival Months: 32.67, Risk: -17.4372
	--> Average Speed: 0.05s per batch
	--> Time from Last Check: 1.62s
--> Batch: 149, Loss: 0.5132, Label: 5, Survival Months: 37.83, Risk: -10.8538
	--> Average Speed: 0.05s per batch
	--> Time from Last Check: 1.65s
--> Batch: 199, Loss: 0.4998, Label: 8, Survival Months: 48.75, Risk: -15.9487
	--> Average Speed: 0.05s per batch
	--> Time from Last Check: 1.72s
--> Batch: 249, Loss: 0.4974, Label: 9, Survival Months: 54.25, Risk: -16.4941
	--> Average Speed: 0.05s per batch
	--> Time from Last Check: 1.67s
--> Batch: 299, Loss: 2.3516, Label: 17, Survival Months: 182.67, Risk: -14.5649
	--> Average Speed: 0.05s per batch
	--> Time from Last Check: 1.65s
--> Batch: 349, Loss: 0.4960, Label: 9, Survival Months: 54.17, Risk: -15.3030
	--> Average Speed: 0.05s per batch
	--> Time from Last Check: 1.64s
--> Batch: 399, Loss: 0.5152, Label: 16, Survival Months: 150.58, Risk: -17.0757
	--> Average Speed: 0.05s per batch
	--> Time from Last Check: 1.66s
--> Batch: 449, Loss: 0.6464, Label: 18, Survival Months: 224.58, Risk: -15.6186
	--> Average Speed: 0.05s per batch
	--> Time from Last Check: 1.65s
--> Batch: 499, Loss: 0.6137, Label: 13, Survival Months: 96.92, Risk: -9.7422
	--> Average Speed: 0.05s per batch
	--> Time from Last Check: 1.66s
--> Batch: 549, Loss: 0.4913, Label: 1, Survival Months: 17.50, Risk: -16.9832
	--> Average Speed: 0.05s per batch
	--> Time from Last Check: 1.65s
--> Batch: 599, Loss: 0.5851, Label: 15, Survival Months: 132.08, Risk: -13.2238
	--> Average Speed: 0.05s per batch
	--> Time from Last Check: 1.67s
--> Batch: 649, Loss: 0.4925, Label: 7, Survival Months: 43.17, Risk: -17.1871
	--> Average Speed: 0.05s per batch
	--> Time from Last Check: 1.66s
[20/01/2025 - 16:26:42] - Epoch: 8, lr: 0.00003927, training_loss: 0.7634, training_c_index: 0.8654
[20/01/2025 - 16:26:46] - Epoch: 8, validation_loss: 1.1371, validation_c_index: 0.4204
--> No improvement in validation_loss or validation_c_index for 4 epoch(s)
--> Current BEST Score: 0.3745
	--> validation_loss: 1.1043
	--> best validation_c_index: 0.4850
[20/01/2025 - 16:26:47] - Time elapsed for epoch 8: 28s
[20/01/2025 - 16:26:47] - Epoch: 9
--> Batch: 49, Loss: 0.4954, Label: 10, Survival Months: 63.50, Risk: -15.6659
	--> Average Speed: 0.06s per batch
	--> Time from Last Check: 1.93s
--> Batch: 99, Loss: 0.4874, Label: 2, Survival Months: 25.17, Risk: -14.9791
	--> Average Speed: 0.05s per batch
	--> Time from Last Check: 1.66s
--> Batch: 149, Loss: 0.4864, Label: 10, Survival Months: 62.67, Risk: -16.5683
	--> Average Speed: 0.05s per batch
	--> Time from Last Check: 1.64s
--> Batch: 199, Loss: 0.4801, Label: 2, Survival Months: 24.17, Risk: -16.0478
	--> Average Speed: 0.05s per batch
	--> Time from Last Check: 1.62s
--> Batch: 249, Loss: 0.5053, Label: 16, Survival Months: 159.92, Risk: -17.1141
	--> Average Speed: 0.05s per batch
	--> Time from Last Check: 1.65s
--> Batch: 299, Loss: 0.4795, Label: 4, Survival Months: 33.58, Risk: -14.8797
	--> Average Speed: 0.05s per batch
	--> Time from Last Check: 1.65s
--> Batch: 349, Loss: 0.4747, Label: 4, Survival Months: 32.67, Risk: -16.7575
	--> Average Speed: 0.05s per batch
	--> Time from Last Check: 1.67s
--> Batch: 399, Loss: 0.5266, Label: 17, Survival Months: 191.50, Risk: -17.0250
	--> Average Speed: 0.05s per batch
	--> Time from Last Check: 1.66s
--> Batch: 449, Loss: 0.5014, Label: 12, Survival Months: 87.58, Risk: -15.0148
	--> Average Speed: 0.05s per batch
	--> Time from Last Check: 1.66s
--> Batch: 499, Loss: 0.4951, Label: 12, Survival Months: 82.00, Risk: -15.4270
	--> Average Speed: 0.05s per batch
	--> Time from Last Check: 1.62s
--> Batch: 549, Loss: 0.5023, Label: 16, Survival Months: 158.58, Risk: -17.0926
	--> Average Speed: 0.05s per batch
	--> Time from Last Check: 1.65s
--> Batch: 599, Loss: 0.4778, Label: 6, Survival Months: 42.58, Risk: -15.8423
	--> Average Speed: 0.05s per batch
	--> Time from Last Check: 1.62s
--> Batch: 649, Loss: 0.4745, Label: 0, Survival Months: 0.42, Risk: -15.5095
	--> Average Speed: 0.05s per batch
	--> Time from Last Check: 1.65s
[20/01/2025 - 16:27:10] - Epoch: 9, lr: 0.00003436, training_loss: 0.7422, training_c_index: 0.8837
[20/01/2025 - 16:27:14] - Epoch: 9, validation_loss: 1.1466, validation_c_index: 0.4331
--> No improvement in validation_loss or validation_c_index for 5 epoch(s)
--> Current BEST Score: 0.3745
	--> validation_loss: 1.1043
	--> best validation_c_index: 0.4850
[20/01/2025 - 16:27:14] - Time elapsed for epoch 9: 28s
[20/01/2025 - 16:27:14] - Epoch: 10
--> Batch: 49, Loss: 0.5030, Label: 15, Survival Months: 139.42, Risk: -16.8525
	--> Average Speed: 0.06s per batch
	--> Time from Last Check: 1.94s
--> Batch: 99, Loss: 0.4743, Label: 6, Survival Months: 39.75, Risk: -17.2955
	--> Average Speed: 0.05s per batch
	--> Time from Last Check: 1.67s
--> Batch: 149, Loss: 0.5448, Label: 14, Survival Months: 114.25, Risk: -13.4159
	--> Average Speed: 0.05s per batch
	--> Time from Last Check: 1.69s
--> Batch: 199, Loss: 0.5087, Label: 13, Survival Months: 97.08, Risk: -14.7385
	--> Average Speed: 0.05s per batch
	--> Time from Last Check: 1.66s
--> Batch: 249, Loss: 0.4972, Label: 7, Survival Months: 44.42, Risk: -10.8505
	--> Average Speed: 0.05s per batch
	--> Time from Last Check: 1.65s
--> Batch: 299, Loss: 1.4122, Label: 18, Survival Months: 247.08, Risk: -16.9768
	--> Average Speed: 0.05s per batch
	--> Time from Last Check: 1.67s
--> Batch: 349, Loss: 0.4987, Label: 16, Survival Months: 172.00, Risk: -16.8444
	--> Average Speed: 0.05s per batch
	--> Time from Last Check: 1.67s
--> Batch: 399, Loss: 0.4708, Label: 3, Survival Months: 30.42, Risk: -14.1485
	--> Average Speed: 0.05s per batch
	--> Time from Last Check: 1.63s
--> Batch: 449, Loss: 0.4631, Label: 0, Survival Months: 0.00, Risk: -16.4822
	--> Average Speed: 0.05s per batch
	--> Time from Last Check: 1.66s
--> Batch: 499, Loss: 2.7615, Label: 8, Survival Months: 48.67, Risk: -8.8426
	--> Average Speed: 0.05s per batch
	--> Time from Last Check: 1.65s
--> Batch: 549, Loss: 0.4744, Label: 14, Survival Months: 110.08, Risk: -17.1632
	--> Average Speed: 0.05s per batch
	--> Time from Last Check: 1.60s
--> Batch: 599, Loss: 0.4686, Label: 2, Survival Months: 25.33, Risk: -13.3615
	--> Average Speed: 0.05s per batch
	--> Time from Last Check: 1.64s
--> Batch: 649, Loss: 0.4626, Label: 2, Survival Months: 22.17, Risk: -16.4009
	--> Average Speed: 0.05s per batch
	--> Time from Last Check: 1.66s
[20/01/2025 - 16:27:38] - Epoch: 10, lr: 0.00003007, training_loss: 0.7267, training_c_index: 0.8932
[20/01/2025 - 16:27:42] - Epoch: 10, validation_loss: 1.1539, validation_c_index: 0.4653
--> No improvement in validation_loss or validation_c_index for 6 epoch(s)
--> Current BEST Score: 0.3745
	--> validation_loss: 1.1043
	--> best validation_c_index: 0.4850
[20/01/2025 - 16:27:42] - Time elapsed for epoch 10: 28s
[20/01/2025 - 16:27:42] - Epoch: 11
--> Batch: 49, Loss: 0.6305, Label: 17, Survival Months: 189.83, Risk: -12.8680
	--> Average Speed: 0.06s per batch
	--> Time from Last Check: 1.96s
--> Batch: 99, Loss: 0.4722, Label: 12, Survival Months: 88.25, Risk: -16.4509
	--> Average Speed: 0.05s per batch
	--> Time from Last Check: 1.62s
--> Batch: 149, Loss: 0.4878, Label: 16, Survival Months: 155.92, Risk: -17.0945
	--> Average Speed: 0.05s per batch
	--> Time from Last Check: 1.62s
--> Batch: 199, Loss: 0.4587, Label: 0, Survival Months: 0.00, Risk: -17.2107
	--> Average Speed: 0.05s per batch
	--> Time from Last Check: 1.66s
--> Batch: 249, Loss: 0.4592, Label: 4, Survival Months: 31.75, Risk: -16.1840
	--> Average Speed: 0.05s per batch
	--> Time from Last Check: 1.67s
--> Batch: 299, Loss: 0.5318, Label: 17, Survival Months: 182.58, Risk: -16.5967
	--> Average Speed: 0.05s per batch
	--> Time from Last Check: 1.63s
--> Batch: 349, Loss: 0.4548, Label: 0, Survival Months: 0.83, Risk: -15.0671
	--> Average Speed: 0.05s per batch
	--> Time from Last Check: 1.66s
--> Batch: 399, Loss: 0.4676, Label: 7, Survival Months: 45.50, Risk: -13.2035
	--> Average Speed: 0.05s per batch
	--> Time from Last Check: 1.68s
--> Batch: 449, Loss: 0.4643, Label: 13, Survival Months: 97.83, Risk: -16.8900
	--> Average Speed: 0.05s per batch
	--> Time from Last Check: 1.71s
--> Batch: 499, Loss: 0.4662, Label: 14, Survival Months: 105.00, Risk: -17.0586
	--> Average Speed: 0.05s per batch
	--> Time from Last Check: 1.65s
--> Batch: 549, Loss: 0.4636, Label: 12, Survival Months: 86.25, Risk: -16.4588
	--> Average Speed: 0.05s per batch
	--> Time from Last Check: 1.64s
--> Batch: 599, Loss: 0.5424, Label: 15, Survival Months: 135.00, Risk: -13.7100
	--> Average Speed: 0.05s per batch
	--> Time from Last Check: 1.65s
--> Batch: 649, Loss: 0.5842, Label: 18, Survival Months: 248.00, Risk: -17.3858
	--> Average Speed: 0.05s per batch
	--> Time from Last Check: 1.64s
[20/01/2025 - 16:28:05] - Epoch: 11, lr: 0.00002631, training_loss: 0.7098, training_c_index: 0.8865
[20/01/2025 - 16:28:10] - Epoch: 11, validation_loss: 1.1691, validation_c_index: 0.4422
--> No improvement in validation_loss or validation_c_index for 7 epoch(s)
--> Current BEST Score: 0.3745
	--> validation_loss: 1.1043
	--> best validation_c_index: 0.4850
--> Early stopping triggered after 7 epochs without improvement
[20/01/2025 - 16:28:10] - Restoring best model from epoch 4
--> Model discarded due to low validation C-Index.

########### [20/01/2025 - 16:28:10] - Training completed (Fold n°2) ############

########### [20/01/2025 - 16:28:10] - Validation started (Fold n°2) ############
[20/01/2025 - 16:28:14] - Testing, testing_loss: 1.1043, testing_c_index: 0.4850
[20/01/2025 - 16:28:14] - Time elapsed for Validation: 4s

########## [20/01/2025 - 16:28:14] - Validation completed (Fold n°2) ###########

###################### [20/01/2025 - 16:28:14] - Fold n°3 ######################

MODEL: MCAT
--> Trainable parameters of MCAT: 14855702
--> Loss function: CrossEntropySurvivalLoss
--> Optimizer: adam

############ [20/01/2025 - 16:28:15] - Training started (Fold n°3) #############
[20/01/2025 - 16:28:15] - Epoch: 1
--> Batch: 49, Loss: 1.9241, Label: 9, Survival Months: 54.50, Risk: -1.1639
	--> Average Speed: 0.06s per batch
	--> Time from Last Check: 1.99s
--> Batch: 99, Loss: 1.5023, Label: 4, Survival Months: 32.08, Risk: -1.2591
	--> Average Speed: 0.05s per batch
	--> Time from Last Check: 1.69s
--> Batch: 149, Loss: 1.6550, Label: 10, Survival Months: 66.25, Risk: -1.8859
	--> Average Speed: 0.05s per batch
	--> Time from Last Check: 1.65s
--> Batch: 199, Loss: 1.1790, Label: 1, Survival Months: 6.67, Risk: -2.4139
	--> Average Speed: 0.05s per batch
	--> Time from Last Check: 1.69s
--> Batch: 249, Loss: 1.3141, Label: 13, Survival Months: 94.83, Risk: -6.6476
	--> Average Speed: 0.05s per batch
	--> Time from Last Check: 1.67s
--> Batch: 299, Loss: 1.0719, Label: 8, Survival Months: 51.67, Risk: -12.7474
	--> Average Speed: 0.05s per batch
	--> Time from Last Check: 1.67s
--> Batch: 349, Loss: 4.0103, Label: 16, Survival Months: 151.00, Risk: -12.2779
	--> Average Speed: 0.05s per batch
	--> Time from Last Check: 1.66s
--> Batch: 399, Loss: 1.3603, Label: 19, Survival Months: 478.25, Risk: -15.8710
	--> Average Speed: 0.05s per batch
	--> Time from Last Check: 1.65s
--> Batch: 449, Loss: 1.0174, Label: 16, Survival Months: 145.50, Risk: -14.7778
	--> Average Speed: 0.05s per batch
	--> Time from Last Check: 1.67s
--> Batch: 499, Loss: 0.9419, Label: 8, Survival Months: 51.17, Risk: -14.3709
	--> Average Speed: 0.05s per batch
	--> Time from Last Check: 1.63s
--> Batch: 549, Loss: 0.9745, Label: 14, Survival Months: 119.75, Risk: -12.8954
	--> Average Speed: 0.05s per batch
	--> Time from Last Check: 1.66s
--> Batch: 599, Loss: 1.0541, Label: 18, Survival Months: 259.33, Risk: -13.9094
	--> Average Speed: 0.05s per batch
	--> Time from Last Check: 1.66s
--> Batch: 649, Loss: 0.9769, Label: 17, Survival Months: 182.58, Risk: -14.1292
	--> Average Speed: 0.05s per batch
	--> Time from Last Check: 1.64s
[20/01/2025 - 16:28:38] - Epoch: 1, lr: 0.00010000, training_loss: 1.7262, training_c_index: 0.4891
[20/01/2025 - 16:28:42] - Epoch: 1, validation_loss: 1.2221, validation_c_index: 0.4976
--> New BEST Validation Score: 0.3754, validation_loss: 1.2221, validation_c_index: 0.4976
--> Current BEST Score: 0.3754
	--> validation_loss: 1.2221
	--> best validation_c_index: 0.4976
[20/01/2025 - 16:28:43] - Time elapsed for epoch 1: 28s
[20/01/2025 - 16:28:43] - Epoch: 2
--> Batch: 49, Loss: 0.8704, Label: 5, Survival Months: 35.83, Risk: -11.9521
	--> Average Speed: 0.06s per batch
	--> Time from Last Check: 1.99s
--> Batch: 99, Loss: 0.8368, Label: 0, Survival Months: 1.33, Risk: -12.8932
	--> Average Speed: 0.05s per batch
	--> Time from Last Check: 1.70s
--> Batch: 149, Loss: 0.8803, Label: 11, Survival Months: 71.00, Risk: -11.5066
	--> Average Speed: 0.05s per batch
	--> Time from Last Check: 1.67s
--> Batch: 199, Loss: 0.8775, Label: 15, Survival Months: 130.08, Risk: -13.7244
	--> Average Speed: 0.05s per batch
	--> Time from Last Check: 1.68s
--> Batch: 249, Loss: 0.8101, Label: 3, Survival Months: 26.83, Risk: -14.4285
	--> Average Speed: 0.05s per batch
	--> Time from Last Check: 1.64s
--> Batch: 299, Loss: 0.8240, Label: 9, Survival Months: 53.67, Risk: -12.6172
	--> Average Speed: 0.05s per batch
	--> Time from Last Check: 1.62s
--> Batch: 349, Loss: 0.8046, Label: 14, Survival Months: 107.92, Risk: -15.3353
	--> Average Speed: 0.05s per batch
	--> Time from Last Check: 1.67s
--> Batch: 399, Loss: 1.1332, Label: 19, Survival Months: 273.92, Risk: -11.9871
	--> Average Speed: 0.05s per batch
	--> Time from Last Check: 1.68s
--> Batch: 449, Loss: 0.7728, Label: 7, Survival Months: 47.42, Risk: -13.2982
	--> Average Speed: 0.05s per batch
	--> Time from Last Check: 1.67s
--> Batch: 499, Loss: 3.8514, Label: 8, Survival Months: 47.75, Risk: -12.4609
	--> Average Speed: 0.05s per batch
	--> Time from Last Check: 1.66s
--> Batch: 549, Loss: 0.7504, Label: 9, Survival Months: 54.00, Risk: -14.3805
	--> Average Speed: 0.05s per batch
	--> Time from Last Check: 1.65s
--> Batch: 599, Loss: 2.9122, Label: 17, Survival Months: 182.67, Risk: -14.9737
	--> Average Speed: 0.05s per batch
	--> Time from Last Check: 1.63s
--> Batch: 649, Loss: 0.7233, Label: 2, Survival Months: 19.25, Risk: -14.5489
	--> Average Speed: 0.05s per batch
	--> Time from Last Check: 1.65s
[20/01/2025 - 16:29:06] - Epoch: 2, lr: 0.00008750, training_loss: 1.1842, training_c_index: 0.5200
[20/01/2025 - 16:29:11] - Epoch: 2, validation_loss: 1.0626, validation_c_index: 0.5253
--> New BEST Validation Score: 0.4190, validation_loss: 1.0626, validation_c_index: 0.5253
--> Current BEST Score: 0.4190
	--> validation_loss: 1.0626
	--> best validation_c_index: 0.5253
[20/01/2025 - 16:29:11] - Time elapsed for epoch 2: 28s
[20/01/2025 - 16:29:11] - Epoch: 3
--> Batch: 49, Loss: 0.7027, Label: 0, Survival Months: 2.50, Risk: -15.2698
	--> Average Speed: 0.06s per batch
	--> Time from Last Check: 1.98s
--> Batch: 99, Loss: 2.0879, Label: 18, Survival Months: 230.25, Risk: -15.5705
	--> Average Speed: 0.05s per batch
	--> Time from Last Check: 1.69s
--> Batch: 149, Loss: 0.7087, Label: 8, Survival Months: 48.08, Risk: -13.3503
	--> Average Speed: 0.05s per batch
	--> Time from Last Check: 1.68s
--> Batch: 199, Loss: 0.6983, Label: 12, Survival Months: 82.25, Risk: -15.4660
	--> Average Speed: 0.05s per batch
	--> Time from Last Check: 1.67s
--> Batch: 249, Loss: 0.6804, Label: 8, Survival Months: 47.92, Risk: -14.8429
	--> Average Speed: 0.05s per batch
	--> Time from Last Check: 1.69s
--> Batch: 299, Loss: 0.6811, Label: 6, Survival Months: 42.50, Risk: -13.0253
	--> Average Speed: 0.05s per batch
	--> Time from Last Check: 1.65s
--> Batch: 349, Loss: 0.6734, Label: 5, Survival Months: 35.50, Risk: -14.3453
	--> Average Speed: 0.05s per batch
	--> Time from Last Check: 1.69s
--> Batch: 399, Loss: 0.6874, Label: 7, Survival Months: 43.50, Risk: -12.0728
	--> Average Speed: 0.05s per batch
	--> Time from Last Check: 1.66s
--> Batch: 449, Loss: 0.6637, Label: 2, Survival Months: 21.50, Risk: -12.8392
	--> Average Speed: 0.05s per batch
	--> Time from Last Check: 1.64s
--> Batch: 499, Loss: 0.6513, Label: 1, Survival Months: 4.25, Risk: -12.3242
	--> Average Speed: 0.05s per batch
	--> Time from Last Check: 1.67s
--> Batch: 549, Loss: 0.8277, Label: 18, Survival Months: 206.42, Risk: -12.7281
	--> Average Speed: 0.05s per batch
	--> Time from Last Check: 1.71s
--> Batch: 599, Loss: 0.6403, Label: 1, Survival Months: 14.83, Risk: -13.5032
	--> Average Speed: 0.05s per batch
	--> Time from Last Check: 1.63s
--> Batch: 649, Loss: 0.7134, Label: 13, Survival Months: 94.83, Risk: -10.8327
	--> Average Speed: 0.05s per batch
	--> Time from Last Check: 1.67s
[20/01/2025 - 16:29:35] - Epoch: 3, lr: 0.00007656, training_loss: 1.0550, training_c_index: 0.5476
[20/01/2025 - 16:29:39] - Epoch: 3, validation_loss: 0.9760, validation_c_index: 0.4813
--> No improvement in validation_loss or validation_c_index for 1 epoch(s)
--> Current BEST Score: 0.4190
	--> validation_loss: 1.0626
	--> best validation_c_index: 0.5253
[20/01/2025 - 16:29:39] - Time elapsed for epoch 3: 28s
[20/01/2025 - 16:29:39] - Epoch: 4
--> Batch: 49, Loss: 3.4662, Label: 11, Survival Months: 76.00, Risk: -12.8824
	--> Average Speed: 0.06s per batch
	--> Time from Last Check: 2.03s
--> Batch: 99, Loss: 0.6378, Label: 12, Survival Months: 81.00, Risk: -13.8062
	--> Average Speed: 0.05s per batch
	--> Time from Last Check: 1.65s
--> Batch: 149, Loss: 0.6047, Label: 8, Survival Months: 49.17, Risk: -15.6018
	--> Average Speed: 0.05s per batch
	--> Time from Last Check: 1.70s
--> Batch: 199, Loss: 0.5989, Label: 5, Survival Months: 35.25, Risk: -14.8197
	--> Average Speed: 0.05s per batch
	--> Time from Last Check: 1.65s
--> Batch: 249, Loss: 0.5933, Label: 12, Survival Months: 88.50, Risk: -16.6823
	--> Average Speed: 0.05s per batch
	--> Time from Last Check: 1.64s
--> Batch: 299, Loss: 0.6758, Label: 17, Survival Months: 190.08, Risk: -15.2824
	--> Average Speed: 0.05s per batch
	--> Time from Last Check: 1.63s
--> Batch: 349, Loss: 0.6249, Label: 5, Survival Months: 34.75, Risk: -10.4922
	--> Average Speed: 0.05s per batch
	--> Time from Last Check: 1.65s
--> Batch: 399, Loss: 0.6381, Label: 14, Survival Months: 106.42, Risk: -14.8062
	--> Average Speed: 0.05s per batch
	--> Time from Last Check: 1.69s
--> Batch: 449, Loss: 0.6160, Label: 7, Survival Months: 44.00, Risk: -14.0852
	--> Average Speed: 0.05s per batch
	--> Time from Last Check: 1.66s
--> Batch: 499, Loss: 0.6053, Label: 6, Survival Months: 39.75, Risk: -14.7786
	--> Average Speed: 0.05s per batch
	--> Time from Last Check: 1.68s
--> Batch: 549, Loss: 0.7318, Label: 17, Survival Months: 185.17, Risk: -12.5190
	--> Average Speed: 0.05s per batch
	--> Time from Last Check: 1.66s
--> Batch: 599, Loss: 0.7756, Label: 16, Survival Months: 157.25, Risk: -9.2466
	--> Average Speed: 0.05s per batch
	--> Time from Last Check: 1.65s
--> Batch: 649, Loss: 0.6019, Label: 4, Survival Months: 34.33, Risk: -12.3272
	--> Average Speed: 0.05s per batch
	--> Time from Last Check: 1.67s
[20/01/2025 - 16:30:03] - Epoch: 4, lr: 0.00006699, training_loss: 0.9798, training_c_index: 0.6709
[20/01/2025 - 16:30:07] - Epoch: 4, validation_loss: 0.9607, validation_c_index: 0.4551
--> No improvement in validation_loss or validation_c_index for 2 epoch(s)
--> Current BEST Score: 0.4190
	--> validation_loss: 1.0626
	--> best validation_c_index: 0.5253
[20/01/2025 - 16:30:07] - Time elapsed for epoch 4: 28s
[20/01/2025 - 16:30:07] - Epoch: 5
--> Batch: 49, Loss: 0.6737, Label: 12, Survival Months: 83.42, Risk: -9.4930
	--> Average Speed: 0.06s per batch
	--> Time from Last Check: 1.98s
--> Batch: 99, Loss: 0.6355, Label: 14, Survival Months: 114.50, Risk: -12.6252
	--> Average Speed: 0.05s per batch
	--> Time from Last Check: 1.65s
--> Batch: 149, Loss: 3.0599, Label: 16, Survival Months: 148.42, Risk: -12.9669
	--> Average Speed: 0.05s per batch
	--> Time from Last Check: 1.69s
--> Batch: 199, Loss: 0.5556, Label: 0, Survival Months: 1.75, Risk: -16.6579
	--> Average Speed: 0.05s per batch
	--> Time from Last Check: 1.66s
--> Batch: 249, Loss: 3.3831, Label: 11, Survival Months: 68.75, Risk: -13.3258
	--> Average Speed: 0.05s per batch
	--> Time from Last Check: 1.66s
--> Batch: 299, Loss: 1.9188, Label: 19, Survival Months: 289.33, Risk: -15.5869
	--> Average Speed: 0.05s per batch
	--> Time from Last Check: 1.69s
--> Batch: 349, Loss: 2.7684, Label: 17, Survival Months: 196.75, Risk: -15.4433
	--> Average Speed: 0.05s per batch
	--> Time from Last Check: 1.66s
--> Batch: 399, Loss: 0.6635, Label: 18, Survival Months: 224.58, Risk: -16.2662
	--> Average Speed: 0.05s per batch
	--> Time from Last Check: 1.63s
--> Batch: 449, Loss: 0.5507, Label: 7, Survival Months: 44.42, Risk: -16.6921
	--> Average Speed: 0.05s per batch
	--> Time from Last Check: 1.64s
--> Batch: 499, Loss: 0.5478, Label: 8, Survival Months: 49.83, Risk: -16.8604
	--> Average Speed: 0.05s per batch
	--> Time from Last Check: 1.67s
--> Batch: 549, Loss: 0.5490, Label: 1, Survival Months: 4.25, Risk: -14.1283
	--> Average Speed: 0.05s per batch
	--> Time from Last Check: 1.69s
--> Batch: 599, Loss: 0.5628, Label: 14, Survival Months: 103.83, Risk: -16.4978
	--> Average Speed: 0.05s per batch
	--> Time from Last Check: 1.67s
--> Batch: 649, Loss: 0.5485, Label: 4, Survival Months: 33.17, Risk: -16.5669
	--> Average Speed: 0.05s per batch
	--> Time from Last Check: 1.65s
[20/01/2025 - 16:30:31] - Epoch: 5, lr: 0.00005862, training_loss: 0.9145, training_c_index: 0.7605
[20/01/2025 - 16:30:35] - Epoch: 5, validation_loss: 0.9441, validation_c_index: 0.4851
--> No improvement in validation_loss or validation_c_index for 3 epoch(s)
--> Current BEST Score: 0.4190
	--> validation_loss: 1.0626
	--> best validation_c_index: 0.5253
[20/01/2025 - 16:30:35] - Time elapsed for epoch 5: 28s
[20/01/2025 - 16:30:35] - Epoch: 6
--> Batch: 49, Loss: 0.5419, Label: 9, Survival Months: 52.58, Risk: -16.4480
	--> Average Speed: 0.06s per batch
	--> Time from Last Check: 2.00s
--> Batch: 99, Loss: 1.5117, Label: 19, Survival Months: 288.50, Risk: -17.1243
	--> Average Speed: 0.05s per batch
	--> Time from Last Check: 1.65s
--> Batch: 149, Loss: 0.6155, Label: 10, Survival Months: 65.92, Risk: -8.7619
	--> Average Speed: 0.05s per batch
	--> Time from Last Check: 1.64s
--> Batch: 199, Loss: 0.5306, Label: 3, Survival Months: 30.50, Risk: -17.2329
	--> Average Speed: 0.05s per batch
	--> Time from Last Check: 1.65s
--> Batch: 249, Loss: 0.5413, Label: 8, Survival Months: 49.00, Risk: -14.2916
	--> Average Speed: 0.05s per batch
	--> Time from Last Check: 1.68s
--> Batch: 299, Loss: 0.5250, Label: 1, Survival Months: 7.00, Risk: -16.2203
	--> Average Speed: 0.05s per batch
	--> Time from Last Check: 1.65s
--> Batch: 349, Loss: 0.5665, Label: 12, Survival Months: 85.50, Risk: -13.0104
	--> Average Speed: 0.05s per batch
	--> Time from Last Check: 1.69s
--> Batch: 399, Loss: 0.5266, Label: 10, Survival Months: 61.67, Risk: -16.7873
	--> Average Speed: 0.05s per batch
	--> Time from Last Check: 1.62s
--> Batch: 449, Loss: 0.5248, Label: 6, Survival Months: 39.58, Risk: -16.6052
	--> Average Speed: 0.05s per batch
	--> Time from Last Check: 1.66s
--> Batch: 499, Loss: 0.5387, Label: 13, Survival Months: 89.92, Risk: -16.2015
	--> Average Speed: 0.05s per batch
	--> Time from Last Check: 1.67s
--> Batch: 549, Loss: 0.5216, Label: 5, Survival Months: 35.08, Risk: -17.0427
	--> Average Speed: 0.05s per batch
	--> Time from Last Check: 1.67s
--> Batch: 599, Loss: 0.5230, Label: 4, Survival Months: 31.33, Risk: -14.9945
	--> Average Speed: 0.05s per batch
	--> Time from Last Check: 1.65s
--> Batch: 649, Loss: 0.5202, Label: 0, Survival Months: 0.83, Risk: -9.0777
	--> Average Speed: 0.05s per batch
	--> Time from Last Check: 1.67s
[20/01/2025 - 16:30:59] - Epoch: 6, lr: 0.00005129, training_loss: 0.8622, training_c_index: 0.8331
[20/01/2025 - 16:31:03] - Epoch: 6, validation_loss: 0.9132, validation_c_index: 0.4734
--> No improvement in validation_loss or validation_c_index for 4 epoch(s)
--> Current BEST Score: 0.4190
	--> validation_loss: 1.0626
	--> best validation_c_index: 0.5253
[20/01/2025 - 16:31:03] - Time elapsed for epoch 6: 28s
[20/01/2025 - 16:31:03] - Epoch: 7
--> Batch: 49, Loss: 0.5116, Label: 7, Survival Months: 46.67, Risk: -15.9945
	--> Average Speed: 0.06s per batch
	--> Time from Last Check: 1.99s
--> Batch: 99, Loss: 0.5057, Label: 6, Survival Months: 42.00, Risk: -16.6512
	--> Average Speed: 0.05s per batch
	--> Time from Last Check: 1.64s
--> Batch: 149, Loss: 2.2953, Label: 17, Survival Months: 201.42, Risk: -15.1346
	--> Average Speed: 0.05s per batch
	--> Time from Last Check: 1.64s
--> Batch: 199, Loss: 0.8477, Label: 19, Survival Months: 293.25, Risk: -12.8512
	--> Average Speed: 0.05s per batch
	--> Time from Last Check: 1.66s
--> Batch: 249, Loss: 0.5061, Label: 7, Survival Months: 44.42, Risk: -16.8508
	--> Average Speed: 0.05s per batch
	--> Time from Last Check: 1.62s
--> Batch: 299, Loss: 0.5069, Label: 9, Survival Months: 54.00, Risk: -16.9833
	--> Average Speed: 0.05s per batch
	--> Time from Last Check: 1.66s
--> Batch: 349, Loss: 0.5071, Label: 10, Survival Months: 66.25, Risk: -17.1575
	--> Average Speed: 0.05s per batch
	--> Time from Last Check: 1.64s
--> Batch: 399, Loss: 0.5061, Label: 7, Survival Months: 45.92, Risk: -16.6869
	--> Average Speed: 0.05s per batch
	--> Time from Last Check: 1.65s
--> Batch: 449, Loss: 2.5119, Label: 17, Survival Months: 205.75, Risk: -17.0385
	--> Average Speed: 0.05s per batch
	--> Time from Last Check: 1.64s
--> Batch: 499, Loss: 0.5346, Label: 5, Survival Months: 35.92, Risk: -9.5985
	--> Average Speed: 0.05s per batch
	--> Time from Last Check: 1.62s
--> Batch: 549, Loss: 0.5002, Label: 2, Survival Months: 24.50, Risk: -16.8177
	--> Average Speed: 0.05s per batch
	--> Time from Last Check: 1.63s
--> Batch: 599, Loss: 0.5065, Label: 7, Survival Months: 46.17, Risk: -14.6793
	--> Average Speed: 0.05s per batch
	--> Time from Last Check: 1.66s
--> Batch: 649, Loss: 0.5167, Label: 14, Survival Months: 107.33, Risk: -16.5247
	--> Average Speed: 0.05s per batch
	--> Time from Last Check: 1.64s
[20/01/2025 - 16:31:26] - Epoch: 7, lr: 0.00004488, training_loss: 0.8308, training_c_index: 0.8626
[20/01/2025 - 16:31:31] - Epoch: 7, validation_loss: 0.9350, validation_c_index: 0.4584
--> No improvement in validation_loss or validation_c_index for 5 epoch(s)
--> Current BEST Score: 0.4190
	--> validation_loss: 1.0626
	--> best validation_c_index: 0.5253
[20/01/2025 - 16:31:31] - Time elapsed for epoch 7: 28s
[20/01/2025 - 16:31:31] - Epoch: 8
--> Batch: 49, Loss: 2.4944, Label: 17, Survival Months: 205.75, Risk: -14.7070
	--> Average Speed: 0.06s per batch
	--> Time from Last Check: 1.92s
--> Batch: 99, Loss: 0.7843, Label: 19, Survival Months: 479.08, Risk: -17.0269
	--> Average Speed: 0.05s per batch
	--> Time from Last Check: 1.67s
--> Batch: 149, Loss: 0.5018, Label: 1, Survival Months: 13.50, Risk: -11.8602
	--> Average Speed: 0.05s per batch
	--> Time from Last Check: 1.67s
--> Batch: 199, Loss: 0.5207, Label: 1, Survival Months: 6.33, Risk: -6.9295
	--> Average Speed: 0.05s per batch
	--> Time from Last Check: 1.68s
--> Batch: 249, Loss: 0.5948, Label: 18, Survival Months: 211.25, Risk: -16.9889
	--> Average Speed: 0.05s per batch
	--> Time from Last Check: 1.64s
--> Batch: 299, Loss: 0.5002, Label: 10, Survival Months: 63.92, Risk: -17.0540
	--> Average Speed: 0.05s per batch
	--> Time from Last Check: 1.69s
--> Batch: 349, Loss: 0.6830, Label: 18, Survival Months: 257.33, Risk: -13.7928
	--> Average Speed: 0.05s per batch
	--> Time from Last Check: 1.70s
--> Batch: 399, Loss: 0.4940, Label: 8, Survival Months: 47.83, Risk: -16.8624
	--> Average Speed: 0.05s per batch
	--> Time from Last Check: 1.65s
--> Batch: 449, Loss: 0.4960, Label: 7, Survival Months: 46.83, Risk: -15.5328
	--> Average Speed: 0.05s per batch
	--> Time from Last Check: 1.68s
--> Batch: 499, Loss: 0.7900, Label: 19, Survival Months: 327.33, Risk: -14.4452
	--> Average Speed: 0.05s per batch
	--> Time from Last Check: 1.67s
--> Batch: 549, Loss: 0.5420, Label: 13, Survival Months: 96.33, Risk: -13.3032
	--> Average Speed: 0.05s per batch
	--> Time from Last Check: 1.69s
--> Batch: 599, Loss: 0.5117, Label: 7, Survival Months: 44.17, Risk: -11.5570
	--> Average Speed: 0.05s per batch
	--> Time from Last Check: 1.61s
--> Batch: 649, Loss: 0.4842, Label: 1, Survival Months: 4.50, Risk: -16.8113
	--> Average Speed: 0.05s per batch
	--> Time from Last Check: 1.70s
[20/01/2025 - 16:31:54] - Epoch: 8, lr: 0.00003927, training_loss: 0.8205, training_c_index: 0.8638
[20/01/2025 - 16:31:59] - Epoch: 8, validation_loss: 0.9202, validation_c_index: 0.4518
--> No improvement in validation_loss or validation_c_index for 6 epoch(s)
--> Current BEST Score: 0.4190
	--> validation_loss: 1.0626
	--> best validation_c_index: 0.5253
[20/01/2025 - 16:31:59] - Time elapsed for epoch 8: 28s
[20/01/2025 - 16:31:59] - Epoch: 9
--> Batch: 49, Loss: 0.4922, Label: 11, Survival Months: 76.00, Risk: -15.8613
	--> Average Speed: 0.06s per batch
	--> Time from Last Check: 1.98s
--> Batch: 99, Loss: 0.4804, Label: 6, Survival Months: 39.75, Risk: -16.8382
	--> Average Speed: 0.05s per batch
	--> Time from Last Check: 1.64s
--> Batch: 149, Loss: 0.4821, Label: 7, Survival Months: 44.00, Risk: -15.7905
	--> Average Speed: 0.05s per batch
	--> Time from Last Check: 1.67s
--> Batch: 199, Loss: 0.5048, Label: 9, Survival Months: 54.17, Risk: -12.5393
	--> Average Speed: 0.05s per batch
	--> Time from Last Check: 1.65s
--> Batch: 249, Loss: 0.4758, Label: 9, Survival Months: 53.67, Risk: -17.3165
	--> Average Speed: 0.05s per batch
	--> Time from Last Check: 1.67s
--> Batch: 299, Loss: 0.4796, Label: 8, Survival Months: 48.67, Risk: -15.7561
	--> Average Speed: 0.05s per batch
	--> Time from Last Check: 1.66s
--> Batch: 349, Loss: 0.4756, Label: 0, Survival Months: 0.83, Risk: -17.2614
	--> Average Speed: 0.05s per batch
	--> Time from Last Check: 1.67s
--> Batch: 399, Loss: 0.4856, Label: 5, Survival Months: 35.92, Risk: -13.7947
	--> Average Speed: 0.05s per batch
	--> Time from Last Check: 1.66s
--> Batch: 449, Loss: 0.4810, Label: 8, Survival Months: 47.92, Risk: -15.7854
	--> Average Speed: 0.05s per batch
	--> Time from Last Check: 1.68s
--> Batch: 499, Loss: 0.4736, Label: 6, Survival Months: 39.42, Risk: -16.8357
	--> Average Speed: 0.05s per batch
	--> Time from Last Check: 1.62s
--> Batch: 549, Loss: 0.4707, Label: 4, Survival Months: 32.83, Risk: -16.8799
	--> Average Speed: 0.05s per batch
	--> Time from Last Check: 1.67s
--> Batch: 599, Loss: 0.4704, Label: 1, Survival Months: 13.50, Risk: -14.1672
	--> Average Speed: 0.05s per batch
	--> Time from Last Check: 1.64s
--> Batch: 649, Loss: 0.5116, Label: 17, Survival Months: 187.92, Risk: -17.4842
	--> Average Speed: 0.05s per batch
	--> Time from Last Check: 1.63s
[20/01/2025 - 16:32:22] - Epoch: 9, lr: 0.00003436, training_loss: 0.7865, training_c_index: 0.8833
[20/01/2025 - 16:32:27] - Epoch: 9, validation_loss: 0.9247, validation_c_index: 0.5200
--> New BEST Validation Score: 0.4275, validation_loss: 0.9247, validation_c_index: 0.5200
--> Current BEST Score: 0.4275
	--> validation_loss: 0.9247
	--> best validation_c_index: 0.5200
[20/01/2025 - 16:32:27] - Time elapsed for epoch 9: 28s
[20/01/2025 - 16:32:27] - Epoch: 10
--> Batch: 49, Loss: 0.5405, Label: 10, Survival Months: 58.58, Risk: -9.4196
	--> Average Speed: 0.06s per batch
	--> Time from Last Check: 2.01s
--> Batch: 99, Loss: 2.8242, Label: 16, Survival Months: 151.00, Risk: -17.3639
	--> Average Speed: 0.05s per batch
	--> Time from Last Check: 1.67s
--> Batch: 149, Loss: 0.4678, Label: 5, Survival Months: 37.08, Risk: -16.0703
	--> Average Speed: 0.05s per batch
	--> Time from Last Check: 1.64s
--> Batch: 199, Loss: 0.7478, Label: 19, Survival Months: 536.25, Risk: -16.9725
	--> Average Speed: 0.05s per batch
	--> Time from Last Check: 1.67s
--> Batch: 249, Loss: 0.4703, Label: 5, Survival Months: 36.50, Risk: -14.5394
	--> Average Speed: 0.05s per batch
	--> Time from Last Check: 1.65s
--> Batch: 299, Loss: 0.5220, Label: 17, Survival Months: 188.58, Risk: -17.0569
	--> Average Speed: 0.05s per batch
	--> Time from Last Check: 1.67s
--> Batch: 349, Loss: 0.4673, Label: 4, Survival Months: 32.67, Risk: -16.7234
	--> Average Speed: 0.05s per batch
	--> Time from Last Check: 1.64s
--> Batch: 399, Loss: 0.7620, Label: 19, Survival Months: 357.08, Risk: -16.0165
	--> Average Speed: 0.05s per batch
	--> Time from Last Check: 1.67s
--> Batch: 449, Loss: 0.4649, Label: 4, Survival Months: 34.67, Risk: -17.4709
	--> Average Speed: 0.05s per batch
	--> Time from Last Check: 1.65s
--> Batch: 499, Loss: 0.4654, Label: 6, Survival Months: 38.92, Risk: -17.0746
	--> Average Speed: 0.05s per batch
	--> Time from Last Check: 1.65s
--> Batch: 549, Loss: 0.4655, Label: 4, Survival Months: 34.17, Risk: -16.3108
	--> Average Speed: 0.05s per batch
	--> Time from Last Check: 1.66s
--> Batch: 599, Loss: 0.4624, Label: 9, Survival Months: 53.25, Risk: -17.4539
	--> Average Speed: 0.05s per batch
	--> Time from Last Check: 1.67s
--> Batch: 649, Loss: 0.4682, Label: 9, Survival Months: 56.25, Risk: -15.2832
	--> Average Speed: 0.05s per batch
	--> Time from Last Check: 1.68s
[20/01/2025 - 16:32:51] - Epoch: 10, lr: 0.00003007, training_loss: 0.7659, training_c_index: 0.9146
[20/01/2025 - 16:32:55] - Epoch: 10, validation_loss: 0.9599, validation_c_index: 0.5282
--> New BEST Validation Score: 0.4322, validation_loss: 0.9599, validation_c_index: 0.5282
--> Current BEST Score: 0.4322
	--> validation_loss: 0.9599
	--> best validation_c_index: 0.5282
[20/01/2025 - 16:32:56] - Time elapsed for epoch 10: 28s
[20/01/2025 - 16:32:56] - Epoch: 11
--> Batch: 49, Loss: 0.4598, Label: 6, Survival Months: 40.17, Risk: -16.7095
	--> Average Speed: 0.06s per batch
	--> Time from Last Check: 2.02s
--> Batch: 99, Loss: 0.4965, Label: 16, Survival Months: 144.00, Risk: -16.9448
	--> Average Speed: 0.05s per batch
	--> Time from Last Check: 1.68s
--> Batch: 149, Loss: 0.4604, Label: 10, Survival Months: 59.58, Risk: -16.2738
	--> Average Speed: 0.05s per batch
	--> Time from Last Check: 1.67s
--> Batch: 199, Loss: 0.4633, Label: 9, Survival Months: 53.33, Risk: -15.0397
	--> Average Speed: 0.05s per batch
	--> Time from Last Check: 1.66s
--> Batch: 249, Loss: 1.9574, Label: 0, Survival Months: 2.50, Risk: -3.6490
	--> Average Speed: 0.05s per batch
	--> Time from Last Check: 1.66s
--> Batch: 299, Loss: 0.4679, Label: 13, Survival Months: 89.33, Risk: -16.4463
	--> Average Speed: 0.05s per batch
	--> Time from Last Check: 1.65s
--> Batch: 349, Loss: 0.5989, Label: 18, Survival Months: 217.67, Risk: -16.2001
	--> Average Speed: 0.05s per batch
	--> Time from Last Check: 1.68s
--> Batch: 399, Loss: 0.4612, Label: 10, Survival Months: 58.92, Risk: -16.1037
	--> Average Speed: 0.05s per batch
	--> Time from Last Check: 1.66s
--> Batch: 449, Loss: 0.4733, Label: 14, Survival Months: 107.33, Risk: -16.9946
	--> Average Speed: 0.05s per batch
	--> Time from Last Check: 1.66s
--> Batch: 499, Loss: 0.9247, Label: 19, Survival Months: 293.25, Risk: -8.7261
	--> Average Speed: 0.05s per batch
	--> Time from Last Check: 1.68s
--> Batch: 549, Loss: 0.4681, Label: 2, Survival Months: 24.17, Risk: -12.3930
	--> Average Speed: 0.05s per batch
	--> Time from Last Check: 1.68s
--> Batch: 599, Loss: 0.4582, Label: 4, Survival Months: 32.92, Risk: -17.0024
	--> Average Speed: 0.05s per batch
	--> Time from Last Check: 1.69s
--> Batch: 649, Loss: 0.4681, Label: 12, Survival Months: 82.50, Risk: -16.1146
	--> Average Speed: 0.05s per batch
	--> Time from Last Check: 1.66s
[20/01/2025 - 16:33:19] - Epoch: 11, lr: 0.00002631, training_loss: 0.7644, training_c_index: 0.9049
[20/01/2025 - 16:33:24] - Epoch: 11, validation_loss: 0.9783, validation_c_index: 0.4714
--> No improvement in validation_loss or validation_c_index for 1 epoch(s)
--> Current BEST Score: 0.4322
	--> validation_loss: 0.9599
	--> best validation_c_index: 0.5282
[20/01/2025 - 16:33:24] - Time elapsed for epoch 11: 28s
[20/01/2025 - 16:33:24] - Epoch: 12
--> Batch: 49, Loss: 0.4549, Label: 11, Survival Months: 75.67, Risk: -17.3599
	--> Average Speed: 0.06s per batch
	--> Time from Last Check: 2.00s
--> Batch: 99, Loss: 0.4529, Label: 5, Survival Months: 36.50, Risk: -16.4332
	--> Average Speed: 0.05s per batch
	--> Time from Last Check: 1.69s
--> Batch: 149, Loss: 0.4579, Label: 13, Survival Months: 95.83, Risk: -17.0051
	--> Average Speed: 0.05s per batch
	--> Time from Last Check: 1.67s
--> Batch: 199, Loss: 0.4498, Label: 4, Survival Months: 34.08, Risk: -17.4122
	--> Average Speed: 0.05s per batch
	--> Time from Last Check: 1.66s
--> Batch: 249, Loss: 0.4502, Label: 9, Survival Months: 54.25, Risk: -16.6809
	--> Average Speed: 0.05s per batch
	--> Time from Last Check: 1.65s
--> Batch: 299, Loss: 0.4488, Label: 7, Survival Months: 46.17, Risk: -17.1736
	--> Average Speed: 0.05s per batch
	--> Time from Last Check: 1.66s
--> Batch: 349, Loss: 0.4889, Label: 5, Survival Months: 36.75, Risk: -8.4399
	--> Average Speed: 0.05s per batch
	--> Time from Last Check: 1.63s
--> Batch: 399, Loss: 0.4488, Label: 3, Survival Months: 30.33, Risk: -17.2946
	--> Average Speed: 0.05s per batch
	--> Time from Last Check: 1.66s
--> Batch: 449, Loss: 0.4501, Label: 6, Survival Months: 42.00, Risk: -17.3628
	--> Average Speed: 0.05s per batch
	--> Time from Last Check: 1.63s
--> Batch: 499, Loss: 3.1183, Label: 7, Survival Months: 46.50, Risk: -9.2773
	--> Average Speed: 0.05s per batch
	--> Time from Last Check: 1.67s
--> Batch: 549, Loss: 0.5483, Label: 18, Survival Months: 224.58, Risk: -17.7741
	--> Average Speed: 0.05s per batch
	--> Time from Last Check: 1.69s
--> Batch: 599, Loss: 0.5006, Label: 4, Survival Months: 33.50, Risk: -6.7783
	--> Average Speed: 0.05s per batch
	--> Time from Last Check: 1.69s
--> Batch: 649, Loss: 0.4462, Label: 10, Survival Months: 63.92, Risk: -17.2655
	--> Average Speed: 0.05s per batch
	--> Time from Last Check: 1.62s
[20/01/2025 - 16:33:47] - Epoch: 12, lr: 0.00002302, training_loss: 0.7501, training_c_index: 0.9044
[20/01/2025 - 16:33:52] - Epoch: 12, validation_loss: 0.9975, validation_c_index: 0.4305
--> No improvement in validation_loss or validation_c_index for 2 epoch(s)
--> Current BEST Score: 0.4322
	--> validation_loss: 0.9599
	--> best validation_c_index: 0.5282
[20/01/2025 - 16:33:52] - Time elapsed for epoch 12: 28s
[20/01/2025 - 16:33:52] - Epoch: 13
--> Batch: 49, Loss: 0.4894, Label: 17, Survival Months: 197.08, Risk: -17.5687
	--> Average Speed: 0.06s per batch
	--> Time from Last Check: 2.01s
--> Batch: 99, Loss: 2.3097, Label: 2, Survival Months: 24.58, Risk: -4.8880
	--> Average Speed: 0.05s per batch
	--> Time from Last Check: 1.68s
--> Batch: 149, Loss: 0.4434, Label: 1, Survival Months: 6.50, Risk: -17.0929
	--> Average Speed: 0.05s per batch
	--> Time from Last Check: 1.65s
--> Batch: 199, Loss: 0.4672, Label: 11, Survival Months: 72.08, Risk: -14.1034
	--> Average Speed: 0.05s per batch
	--> Time from Last Check: 1.65s
--> Batch: 249, Loss: 0.7163, Label: 19, Survival Months: 292.17, Risk: -17.2987
	--> Average Speed: 0.05s per batch
	--> Time from Last Check: 1.72s
--> Batch: 299, Loss: 0.4882, Label: 16, Survival Months: 173.50, Risk: -16.8273
	--> Average Speed: 0.05s per batch
	--> Time from Last Check: 1.71s
--> Batch: 349, Loss: 0.4427, Label: 10, Survival Months: 58.92, Risk: -17.0656
	--> Average Speed: 0.05s per batch
	--> Time from Last Check: 1.68s
--> Batch: 399, Loss: 0.4881, Label: 11, Survival Months: 69.50, Risk: -12.0342
	--> Average Speed: 0.05s per batch
	--> Time from Last Check: 1.67s
--> Batch: 449, Loss: 0.5619, Label: 18, Survival Months: 260.08, Risk: -16.8607
	--> Average Speed: 0.05s per batch
	--> Time from Last Check: 1.66s
--> Batch: 499, Loss: 0.4391, Label: 10, Survival Months: 59.58, Risk: -17.4061
	--> Average Speed: 0.05s per batch
	--> Time from Last Check: 1.69s
--> Batch: 549, Loss: 0.4873, Label: 17, Survival Months: 197.58, Risk: -17.4423
	--> Average Speed: 0.05s per batch
	--> Time from Last Check: 1.68s
--> Batch: 599, Loss: 2.4721, Label: 16, Survival Months: 148.42, Risk: -16.9701
	--> Average Speed: 0.05s per batch
	--> Time from Last Check: 1.67s
--> Batch: 649, Loss: 0.4428, Label: 9, Survival Months: 54.92, Risk: -15.9310
	--> Average Speed: 0.05s per batch
	--> Time from Last Check: 1.70s
[20/01/2025 - 16:34:16] - Epoch: 13, lr: 0.00002014, training_loss: 0.7333, training_c_index: 0.9014
[20/01/2025 - 16:34:20] - Epoch: 13, validation_loss: 0.9847, validation_c_index: 0.5072
--> No improvement in validation_loss or validation_c_index for 3 epoch(s)
--> Current BEST Score: 0.4322
	--> validation_loss: 0.9599
	--> best validation_c_index: 0.5282
[20/01/2025 - 16:34:20] - Time elapsed for epoch 13: 28s
[20/01/2025 - 16:34:20] - Epoch: 14
--> Batch: 49, Loss: 0.4360, Label: 5, Survival Months: 34.75, Risk: -17.6065
	--> Average Speed: 0.06s per batch
	--> Time from Last Check: 1.96s
--> Batch: 99, Loss: 0.4499, Label: 4, Survival Months: 33.50, Risk: -11.7604
	--> Average Speed: 0.05s per batch
	--> Time from Last Check: 1.67s
--> Batch: 149, Loss: 2.2447, Label: 15, Survival Months: 125.67, Risk: -15.0980
	--> Average Speed: 0.05s per batch
	--> Time from Last Check: 1.65s
--> Batch: 199, Loss: 0.4405, Label: 5, Survival Months: 35.92, Risk: -13.9834
	--> Average Speed: 0.05s per batch
	--> Time from Last Check: 1.65s
--> Batch: 249, Loss: 0.4340, Label: 7, Survival Months: 43.42, Risk: -17.2534
	--> Average Speed: 0.05s per batch
	--> Time from Last Check: 1.62s
--> Batch: 299, Loss: 0.5069, Label: 14, Survival Months: 112.58, Risk: -13.1852
	--> Average Speed: 0.05s per batch
	--> Time from Last Check: 1.65s
--> Batch: 349, Loss: 0.4329, Label: 6, Survival Months: 39.17, Risk: -16.4600
	--> Average Speed: 0.05s per batch
	--> Time from Last Check: 1.66s
--> Batch: 399, Loss: 0.4476, Label: 12, Survival Months: 84.08, Risk: -15.5203
	--> Average Speed: 0.05s per batch
	--> Time from Last Check: 1.62s
--> Batch: 449, Loss: 0.4311, Label: 1, Survival Months: 4.25, Risk: -17.7479
	--> Average Speed: 0.05s per batch
	--> Time from Last Check: 1.59s
--> Batch: 499, Loss: 0.4319, Label: 3, Survival Months: 26.83, Risk: -17.4966
	--> Average Speed: 0.05s per batch
	--> Time from Last Check: 1.68s
--> Batch: 549, Loss: 0.4439, Label: 15, Survival Months: 124.33, Risk: -17.6099
	--> Average Speed: 0.05s per batch
	--> Time from Last Check: 1.66s
--> Batch: 599, Loss: 2.7892, Label: 11, Survival Months: 68.75, Risk: -8.4169
	--> Average Speed: 0.05s per batch
	--> Time from Last Check: 1.63s
--> Batch: 649, Loss: 0.4325, Label: 0, Survival Months: 2.50, Risk: -17.2812
	--> Average Speed: 0.05s per batch
	--> Time from Last Check: 1.67s
[20/01/2025 - 16:34:43] - Epoch: 14, lr: 0.00001762, training_loss: 0.7195, training_c_index: 0.9185
[20/01/2025 - 16:34:48] - Epoch: 14, validation_loss: 0.9867, validation_c_index: 0.4351
--> No improvement in validation_loss or validation_c_index for 4 epoch(s)
--> Current BEST Score: 0.4322
	--> validation_loss: 0.9599
	--> best validation_c_index: 0.5282
[20/01/2025 - 16:34:48] - Time elapsed for epoch 14: 28s
[20/01/2025 - 16:34:48] - Epoch: 15
--> Batch: 49, Loss: 0.5704, Label: 10, Survival Months: 63.42, Risk: -6.6562
	--> Average Speed: 0.06s per batch
	--> Time from Last Check: 1.97s
--> Batch: 99, Loss: 3.7433, Label: 10, Survival Months: 60.25, Risk: -3.6223
	--> Average Speed: 0.05s per batch
	--> Time from Last Check: 1.64s
--> Batch: 149, Loss: 0.4360, Label: 1, Survival Months: 6.58, Risk: -14.5821
	--> Average Speed: 0.05s per batch
	--> Time from Last Check: 1.67s
--> Batch: 199, Loss: 0.4392, Label: 13, Survival Months: 100.83, Risk: -17.2330
	--> Average Speed: 0.05s per batch
	--> Time from Last Check: 1.67s
--> Batch: 249, Loss: 2.3243, Label: 15, Survival Months: 136.83, Risk: -15.7456
	--> Average Speed: 0.06s per batch
	--> Time from Last Check: 1.77s
--> Batch: 299, Loss: 0.4423, Label: 7, Survival Months: 46.17, Risk: -13.4485
	--> Average Speed: 0.05s per batch
	--> Time from Last Check: 1.64s
--> Batch: 349, Loss: 0.4312, Label: 1, Survival Months: 10.42, Risk: -15.3688
	--> Average Speed: 0.05s per batch
	--> Time from Last Check: 1.66s
--> Batch: 399, Loss: 0.4305, Label: 0, Survival Months: 0.00, Risk: -16.5495
	--> Average Speed: 0.05s per batch
	--> Time from Last Check: 1.66s
--> Batch: 449, Loss: 0.4864, Label: 15, Survival Months: 129.17, Risk: -15.3857
	--> Average Speed: 0.05s per batch
	--> Time from Last Check: 1.63s
--> Batch: 499, Loss: 0.4339, Label: 4, Survival Months: 31.83, Risk: -14.4816
	--> Average Speed: 0.05s per batch
	--> Time from Last Check: 1.66s
--> Batch: 549, Loss: 0.4330, Label: 7, Survival Months: 45.00, Risk: -15.5089
	--> Average Speed: 0.05s per batch
	--> Time from Last Check: 1.65s
--> Batch: 599, Loss: 0.4288, Label: 0, Survival Months: 0.83, Risk: -17.3019
	--> Average Speed: 0.05s per batch
	--> Time from Last Check: 1.65s
--> Batch: 649, Loss: 0.4284, Label: 8, Survival Months: 47.92, Risk: -17.4665
	--> Average Speed: 0.05s per batch
	--> Time from Last Check: 1.68s
[20/01/2025 - 16:35:12] - Epoch: 15, lr: 0.00001542, training_loss: 0.7183, training_c_index: 0.9173
[20/01/2025 - 16:35:16] - Epoch: 15, validation_loss: 0.9880, validation_c_index: 0.4882
--> No improvement in validation_loss or validation_c_index for 5 epoch(s)
--> Current BEST Score: 0.4322
	--> validation_loss: 0.9599
	--> best validation_c_index: 0.5282
[20/01/2025 - 16:35:16] - Time elapsed for epoch 15: 28s
[20/01/2025 - 16:35:16] - Epoch: 16
--> Batch: 49, Loss: 0.4680, Label: 12, Survival Months: 87.25, Risk: -13.6835
	--> Average Speed: 0.06s per batch
	--> Time from Last Check: 1.96s
--> Batch: 99, Loss: 0.4273, Label: 9, Survival Months: 57.42, Risk: -16.6373
	--> Average Speed: 0.05s per batch
	--> Time from Last Check: 1.68s
--> Batch: 149, Loss: 2.3872, Label: 15, Survival Months: 122.33, Risk: -15.6176
	--> Average Speed: 0.05s per batch
	--> Time from Last Check: 1.68s
--> Batch: 199, Loss: 0.4249, Label: 8, Survival Months: 49.17, Risk: -17.0488
	--> Average Speed: 0.05s per batch
	--> Time from Last Check: 1.64s
--> Batch: 249, Loss: 0.4403, Label: 15, Survival Months: 130.08, Risk: -17.2710
	--> Average Speed: 0.05s per batch
	--> Time from Last Check: 1.65s
--> Batch: 299, Loss: 0.4251, Label: 8, Survival Months: 48.08, Risk: -16.7409
	--> Average Speed: 0.05s per batch
	--> Time from Last Check: 1.68s
--> Batch: 349, Loss: 0.4249, Label: 10, Survival Months: 63.50, Risk: -17.5130
	--> Average Speed: 0.05s per batch
	--> Time from Last Check: 1.61s
--> Batch: 399, Loss: 0.4764, Label: 16, Survival Months: 173.50, Risk: -16.6826
	--> Average Speed: 0.05s per batch
	--> Time from Last Check: 1.61s
--> Batch: 449, Loss: 0.4247, Label: 10, Survival Months: 60.58, Risk: -17.3645
	--> Average Speed: 0.05s per batch
	--> Time from Last Check: 1.61s
--> Batch: 499, Loss: 0.4285, Label: 4, Survival Months: 32.92, Risk: -14.0675
	--> Average Speed: 0.05s per batch
	--> Time from Last Check: 1.66s
--> Batch: 549, Loss: 1.5275, Label: 19, Survival Months: 289.33, Risk: -17.5873
	--> Average Speed: 0.05s per batch
	--> Time from Last Check: 1.65s
--> Batch: 599, Loss: 0.4225, Label: 1, Survival Months: 13.58, Risk: -17.6936
	--> Average Speed: 0.05s per batch
	--> Time from Last Check: 1.66s
--> Batch: 649, Loss: 0.4224, Label: 7, Survival Months: 45.00, Risk: -16.9947
	--> Average Speed: 0.05s per batch
	--> Time from Last Check: 1.69s
[20/01/2025 - 16:35:39] - Epoch: 16, lr: 0.00001349, training_loss: 0.7024, training_c_index: 0.9370
[20/01/2025 - 16:35:44] - Epoch: 16, validation_loss: 1.0128, validation_c_index: 0.4343
--> No improvement in validation_loss or validation_c_index for 6 epoch(s)
--> Current BEST Score: 0.4322
	--> validation_loss: 0.9599
	--> best validation_c_index: 0.5282
[20/01/2025 - 16:35:44] - Time elapsed for epoch 16: 28s
[20/01/2025 - 16:35:44] - Epoch: 17
--> Batch: 49, Loss: 1.5319, Label: 0, Survival Months: 0.00, Risk: -2.1544
	--> Average Speed: 0.06s per batch
	--> Time from Last Check: 1.98s
--> Batch: 99, Loss: 0.4213, Label: 8, Survival Months: 48.00, Risk: -16.9779
	--> Average Speed: 0.05s per batch
	--> Time from Last Check: 1.64s
--> Batch: 149, Loss: 0.4207, Label: 4, Survival Months: 34.67, Risk: -17.7111
	--> Average Speed: 0.05s per batch
	--> Time from Last Check: 1.65s
--> Batch: 199, Loss: 0.4215, Label: 9, Survival Months: 54.67, Risk: -17.4654
	--> Average Speed: 0.05s per batch
	--> Time from Last Check: 1.69s
--> Batch: 249, Loss: 0.4206, Label: 2, Survival Months: 24.42, Risk: -17.6098
	--> Average Speed: 0.05s per batch
	--> Time from Last Check: 1.65s
--> Batch: 299, Loss: 2.8198, Label: 8, Survival Months: 47.75, Risk: -10.9573
	--> Average Speed: 0.05s per batch
	--> Time from Last Check: 1.63s
--> Batch: 349, Loss: 0.4194, Label: 1, Survival Months: 5.83, Risk: -17.3002
	--> Average Speed: 0.05s per batch
	--> Time from Last Check: 1.66s
--> Batch: 399, Loss: 0.4199, Label: 3, Survival Months: 26.83, Risk: -16.3587
	--> Average Speed: 0.05s per batch
	--> Time from Last Check: 1.64s
--> Batch: 449, Loss: 0.4200, Label: 2, Survival Months: 19.25, Risk: -16.4634
	--> Average Speed: 0.05s per batch
	--> Time from Last Check: 1.68s
--> Batch: 499, Loss: 0.4193, Label: 10, Survival Months: 59.58, Risk: -17.7236
	--> Average Speed: 0.05s per batch
	--> Time from Last Check: 1.61s
--> Batch: 549, Loss: 0.4193, Label: 0, Survival Months: 2.50, Risk: -14.8976
	--> Average Speed: 0.05s per batch
	--> Time from Last Check: 1.67s
--> Batch: 599, Loss: 0.4183, Label: 3, Survival Months: 28.08, Risk: -17.5139
	--> Average Speed: 0.05s per batch
	--> Time from Last Check: 1.67s
--> Batch: 649, Loss: 2.8847, Label: 11, Survival Months: 78.58, Risk: -6.7717
	--> Average Speed: 0.05s per batch
	--> Time from Last Check: 1.60s
[20/01/2025 - 16:36:07] - Epoch: 17, lr: 0.00001181, training_loss: 0.7016, training_c_index: 0.9208
[20/01/2025 - 16:36:11] - Epoch: 17, validation_loss: 1.0287, validation_c_index: 0.4570
--> No improvement in validation_loss or validation_c_index for 7 epoch(s)
--> Current BEST Score: 0.4322
	--> validation_loss: 0.9599
	--> best validation_c_index: 0.5282
--> Early stopping triggered after 7 epochs without improvement
[20/01/2025 - 16:36:12] - Restoring best model from epoch 10
--> Model discarded due to low validation C-Index.

########### [20/01/2025 - 16:36:12] - Training completed (Fold n°3) ############

########### [20/01/2025 - 16:36:12] - Validation started (Fold n°3) ############
[20/01/2025 - 16:36:16] - Testing, testing_loss: 0.9599, testing_c_index: 0.5282
[20/01/2025 - 16:36:16] - Time elapsed for Validation: 4s

########## [20/01/2025 - 16:36:16] - Validation completed (Fold n°3) ###########

################### [20/01/2025 - 16:36:16] - Final Metrics ####################
--> Validation C-Index: [ 0.5819, 0.4850, 0.5282 ]
Mean: 0.5317, Variance: 0.0024, 95% Confidence Interval: [0.4767, 0.5866]

--> Validation Loss: [ 0.9999, 1.1043, 0.9599 ]
Mean: 1.0214, Variance: 0.0056, 95% Confidence Interval: [0.9370, 1.1057]

################## [20/01/2025 - 16:36:19] - MCAT terminated ###################
