Environment conda activated
Job 2505419 started

#################### [10/01/2025 - 02:35:34] - MCAT started ####################
HOSTNAME: gervasoni

WANDB: setting up for report

CUDA: available
--> Device count: 1
--> Using device: Quadro RTX 5000
--> Running on CUDA

DATASET: Loading data
--> Remaining samples after removing incomplete: 1039
--> Class intervals: [
	0: [0.00 - 2.57]
	1: [2.57 - 17.70]
	2: [17.70 - 26.37]
	3: [26.37 - 31.25]
	4: [31.25 - 34.71]
	5: [34.71 - 38.03]
	6: [38.03 - 42.94]
	7: [42.94 - 47.45]
	8: [47.45 - 51.69]
	9: [51.69 - 58.17]
	10: [58.17 - 67.10]
	11: [67.10 - 79.80]
	12: [79.80 - 88.56]
	13: [88.56 - 102.25]
	14: [102.25 - 120.62]
	15: [120.62 - 141.88]
	16: [141.88 - 174.40]
	17: [174.40 - 205.88]
	18: [205.88 - 263.29]
	19: [263.29 - 593.83]
    ]
--> Standardizing RNA-seq data
--> Standardizing Methylation Islands beta values
--> Gene Expression Signatures size: [19938]
--> Methylation Signatures size: [4522]
--> Using 80% training, 20% validation
--> Training Set: [831], Testing Set: [208]

MODEL: MCAT
--> Trainable parameters of MCAT: 9362966
--> Loss function: CrossEntropySurvivalLoss
--> Optimizer: adam

################## [10/01/2025 - 02:36:05] - Training started ##################
[10/01/2025 - 02:36:05] - Epoch: 1
--> Batch: 49, Loss: 2.3467, Label: 5, Survival Months: 35.42, Risk: -1.0551
	--> Average Speed: 0.09s per batch
	--> Time from Last Check: 2.79s
--> Batch: 99, Loss: 1.6470, Label: 0, Survival Months: 0.00, Risk: -1.1007
	--> Average Speed: 0.07s per batch
	--> Time from Last Check: 2.24s
--> Batch: 149, Loss: 1.8689, Label: 2, Survival Months: 18.17, Risk: -1.1240
	--> Average Speed: 0.07s per batch
	--> Time from Last Check: 2.24s
--> Batch: 199, Loss: 3.0091, Label: 11, Survival Months: 72.92, Risk: -1.1965
	--> Average Speed: 0.07s per batch
	--> Time from Last Check: 2.12s
--> Batch: 249, Loss: 3.5006, Label: 15, Survival Months: 133.75, Risk: -1.1745
	--> Average Speed: 0.07s per batch
	--> Time from Last Check: 2.27s
--> Batch: 299, Loss: 1.7588, Label: 2, Survival Months: 25.33, Risk: -1.2381
	--> Average Speed: 0.07s per batch
	--> Time from Last Check: 2.31s
--> Batch: 349, Loss: 2.1991, Label: 6, Survival Months: 40.75, Risk: -1.3283
	--> Average Speed: 0.07s per batch
	--> Time from Last Check: 2.23s
--> Batch: 399, Loss: 1.5750, Label: 1, Survival Months: 4.08, Risk: -1.3429
	--> Average Speed: 0.07s per batch
	--> Time from Last Check: 2.23s
--> Batch: 449, Loss: 2.4458, Label: 9, Survival Months: 52.75, Risk: -1.4748
	--> Average Speed: 0.07s per batch
	--> Time from Last Check: 2.25s
--> Batch: 499, Loss: 3.5540, Label: 19, Survival Months: 479.08, Risk: -1.5528
	--> Average Speed: 0.07s per batch
	--> Time from Last Check: 2.26s
--> Batch: 549, Loss: 2.5528, Label: 12, Survival Months: 82.50, Risk: -1.7493
	--> Average Speed: 0.07s per batch
	--> Time from Last Check: 2.25s
--> Batch: 599, Loss: 1.4242, Label: 1, Survival Months: 6.00, Risk: -1.9233
	--> Average Speed: 0.07s per batch
	--> Time from Last Check: 2.20s
--> Batch: 649, Loss: 7.3431, Label: 18, Survival Months: 247.08, Risk: -2.7113
	--> Average Speed: 0.07s per batch
	--> Time from Last Check: 2.21s
--> Batch: 699, Loss: 1.5354, Label: 4, Survival Months: 34.42, Risk: -2.7992
	--> Average Speed: 0.07s per batch
	--> Time from Last Check: 2.26s
--> Batch: 749, Loss: 1.4090, Label: 4, Survival Months: 32.08, Risk: -4.3570
	--> Average Speed: 0.07s per batch
	--> Time from Last Check: 2.26s
--> Batch: 799, Loss: 1.6468, Label: 10, Survival Months: 59.17, Risk: -4.9089
	--> Average Speed: 0.06s per batch
	--> Time from Last Check: 2.04s
[10/01/2025 - 02:36:43] - Epoch: 1, lr: 0.00010000, training_loss: 3.0240, training_c_index: 0.5282
[10/01/2025 - 02:36:45] - Epoch: 1, validation_loss: 1.6963, validation_c_index: 0.4681
--> New BEST Validation Score: 0.2985, validation_loss: 1.6963, validation_c_index: 0.4681
--> Current BEST Score: 0.2985
	--> validation_loss: 1.6963
	--> best validation_c_index: 0.4681
[10/01/2025 - 02:36:45] - Time elapsed for epoch 1: 40s
[10/01/2025 - 02:36:45] - Epoch: 2
--> Batch: 49, Loss: 4.8616, Label: 14, Survival Months: 113.75, Risk: -10.1596
	--> Average Speed: 0.07s per batch
	--> Time from Last Check: 2.26s
--> Batch: 99, Loss: 1.3130, Label: 7, Survival Months: 43.17, Risk: -8.6499
	--> Average Speed: 0.07s per batch
	--> Time from Last Check: 2.21s
--> Batch: 149, Loss: 1.3209, Label: 15, Survival Months: 122.58, Risk: -12.5043
	--> Average Speed: 0.07s per batch
	--> Time from Last Check: 2.25s
--> Batch: 199, Loss: 1.2634, Label: 16, Survival Months: 155.92, Risk: -14.7640
	--> Average Speed: 0.07s per batch
	--> Time from Last Check: 2.24s
--> Batch: 249, Loss: 1.2569, Label: 17, Survival Months: 179.25, Risk: -15.0915
	--> Average Speed: 0.07s per batch
	--> Time from Last Check: 2.25s
--> Batch: 299, Loss: 1.1243, Label: 0, Survival Months: 0.83, Risk: -15.9449
	--> Average Speed: 0.07s per batch
	--> Time from Last Check: 2.27s
--> Batch: 349, Loss: 1.2447, Label: 18, Survival Months: 218.50, Risk: -16.7087
	--> Average Speed: 0.07s per batch
	--> Time from Last Check: 2.24s
--> Batch: 399, Loss: 1.1193, Label: 6, Survival Months: 40.67, Risk: -15.9262
	--> Average Speed: 0.07s per batch
	--> Time from Last Check: 2.26s
--> Batch: 449, Loss: 4.0137, Label: 17, Survival Months: 182.67, Risk: -16.2026
	--> Average Speed: 0.07s per batch
	--> Time from Last Check: 2.26s
--> Batch: 499, Loss: 1.0821, Label: 2, Survival Months: 17.75, Risk: -17.0756
	--> Average Speed: 0.07s per batch
	--> Time from Last Check: 2.27s
--> Batch: 549, Loss: 1.0694, Label: 0, Survival Months: 0.42, Risk: -16.9974
	--> Average Speed: 0.07s per batch
	--> Time from Last Check: 2.27s
--> Batch: 599, Loss: 1.0705, Label: 4, Survival Months: 32.58, Risk: -16.3684
	--> Average Speed: 0.07s per batch
	--> Time from Last Check: 2.28s
--> Batch: 649, Loss: 1.1401, Label: 16, Survival Months: 151.67, Risk: -15.7002
	--> Average Speed: 0.07s per batch
	--> Time from Last Check: 2.26s
--> Batch: 699, Loss: 1.1031, Label: 14, Survival Months: 112.25, Risk: -15.7778
	--> Average Speed: 0.07s per batch
	--> Time from Last Check: 2.26s
--> Batch: 749, Loss: 1.0435, Label: 4, Survival Months: 32.67, Risk: -16.0254
	--> Average Speed: 0.07s per batch
	--> Time from Last Check: 2.29s
--> Batch: 799, Loss: 1.1254, Label: 16, Survival Months: 172.67, Risk: -15.5757
	--> Average Speed: 0.07s per batch
	--> Time from Last Check: 2.27s
[10/01/2025 - 02:37:23] - Epoch: 2, lr: 0.00010000, training_loss: 1.5470, training_c_index: 0.5667
[10/01/2025 - 02:37:25] - Epoch: 2, validation_loss: 1.4199, validation_c_index: 0.4571
--> New BEST Validation Score: 0.3151, validation_loss: 1.4199, validation_c_index: 0.4571
--> Current BEST Score: 0.3151
	--> validation_loss: 1.4199
	--> best validation_c_index: 0.4571
[10/01/2025 - 02:37:26] - Time elapsed for epoch 2: 40s
[10/01/2025 - 02:37:26] - Epoch: 3
--> Batch: 49, Loss: 1.0152, Label: 0, Survival Months: 0.83, Risk: -13.7301
	--> Average Speed: 0.07s per batch
	--> Time from Last Check: 2.21s
--> Batch: 99, Loss: 1.0300, Label: 7, Survival Months: 44.42, Risk: -15.0620
	--> Average Speed: 0.07s per batch
	--> Time from Last Check: 2.25s
--> Batch: 149, Loss: 1.0951, Label: 11, Survival Months: 78.58, Risk: -12.4291
	--> Average Speed: 0.07s per batch
	--> Time from Last Check: 2.27s
--> Batch: 199, Loss: 3.7334, Label: 7, Survival Months: 46.92, Risk: -13.2152
	--> Average Speed: 0.07s per batch
	--> Time from Last Check: 2.26s
--> Batch: 249, Loss: 1.0048, Label: 6, Survival Months: 40.67, Risk: -14.2367
	--> Average Speed: 0.07s per batch
	--> Time from Last Check: 2.24s
--> Batch: 299, Loss: 2.8404, Label: 19, Survival Months: 371.33, Risk: -13.1431
	--> Average Speed: 0.07s per batch
	--> Time from Last Check: 2.27s
--> Batch: 349, Loss: 1.0224, Label: 14, Survival Months: 102.42, Risk: -16.1650
	--> Average Speed: 0.07s per batch
	--> Time from Last Check: 2.27s
--> Batch: 399, Loss: 0.9740, Label: 5, Survival Months: 37.25, Risk: -14.8530
	--> Average Speed: 0.07s per batch
	--> Time from Last Check: 2.26s
--> Batch: 449, Loss: 1.0001, Label: 12, Survival Months: 88.50, Risk: -15.5056
	--> Average Speed: 0.07s per batch
	--> Time from Last Check: 2.27s
--> Batch: 499, Loss: 1.0288, Label: 10, Survival Months: 63.42, Risk: -12.2981
	--> Average Speed: 0.07s per batch
	--> Time from Last Check: 2.26s
--> Batch: 549, Loss: 0.9360, Label: 0, Survival Months: 0.83, Risk: -14.7529
	--> Average Speed: 0.07s per batch
	--> Time from Last Check: 2.27s
--> Batch: 599, Loss: 1.1605, Label: 18, Survival Months: 257.83, Risk: -14.8167
	--> Average Speed: 0.07s per batch
	--> Time from Last Check: 2.26s
--> Batch: 649, Loss: 0.9963, Label: 7, Survival Months: 46.83, Risk: -10.9144
	--> Average Speed: 0.07s per batch
	--> Time from Last Check: 2.24s
--> Batch: 699, Loss: 0.9506, Label: 10, Survival Months: 63.50, Risk: -15.0635
	--> Average Speed: 0.07s per batch
	--> Time from Last Check: 2.25s
--> Batch: 749, Loss: 0.9096, Label: 1, Survival Months: 4.25, Risk: -15.3534
	--> Average Speed: 0.07s per batch
	--> Time from Last Check: 2.26s
--> Batch: 799, Loss: 0.9639, Label: 13, Survival Months: 92.17, Risk: -15.0541
	--> Average Speed: 0.07s per batch
	--> Time from Last Check: 2.26s
[10/01/2025 - 02:38:04] - Epoch: 3, lr: 0.00010000, training_loss: 1.3604, training_c_index: 0.5475
[10/01/2025 - 02:38:06] - Epoch: 3, validation_loss: 1.3493, validation_c_index: 0.3846
--> No improvement in validation_loss or validation_c_index for 1 epoch(s)
--> Current BEST Score: 0.3151
	--> validation_loss: 1.4199
	--> best validation_c_index: 0.4571
[10/01/2025 - 02:38:06] - Time elapsed for epoch 3: 40s
[10/01/2025 - 02:38:06] - Epoch: 4
--> Batch: 49, Loss: 0.9190, Label: 9, Survival Months: 52.92, Risk: -15.0896
	--> Average Speed: 0.08s per batch
	--> Time from Last Check: 2.47s
--> Batch: 99, Loss: 0.9927, Label: 9, Survival Months: 56.42, Risk: -10.4196
	--> Average Speed: 0.07s per batch
	--> Time from Last Check: 2.27s
--> Batch: 149, Loss: 0.9317, Label: 7, Survival Months: 43.83, Risk: -12.3435
	--> Average Speed: 0.07s per batch
	--> Time from Last Check: 2.27s
--> Batch: 199, Loss: 2.2575, Label: 19, Survival Months: 355.58, Risk: -15.7824
	--> Average Speed: 0.07s per batch
	--> Time from Last Check: 2.26s
--> Batch: 249, Loss: 1.1647, Label: 19, Survival Months: 275.58, Risk: -16.7383
	--> Average Speed: 0.07s per batch
	--> Time from Last Check: 2.29s
--> Batch: 299, Loss: 0.9347, Label: 12, Survival Months: 82.50, Risk: -13.8026
	--> Average Speed: 0.07s per batch
	--> Time from Last Check: 2.26s
--> Batch: 349, Loss: 0.8680, Label: 6, Survival Months: 39.00, Risk: -14.8575
	--> Average Speed: 0.07s per batch
	--> Time from Last Check: 2.27s
--> Batch: 399, Loss: 1.0260, Label: 18, Survival Months: 220.42, Risk: -15.9529
	--> Average Speed: 0.07s per batch
	--> Time from Last Check: 2.28s
--> Batch: 449, Loss: 0.8635, Label: 8, Survival Months: 47.92, Risk: -14.9764
	--> Average Speed: 0.07s per batch
	--> Time from Last Check: 2.25s
--> Batch: 499, Loss: 0.9395, Label: 13, Survival Months: 101.00, Risk: -12.7394
	--> Average Speed: 0.07s per batch
	--> Time from Last Check: 2.27s
--> Batch: 549, Loss: 0.8299, Label: 1, Survival Months: 6.67, Risk: -14.1023
	--> Average Speed: 0.07s per batch
	--> Time from Last Check: 2.28s
--> Batch: 599, Loss: 0.8673, Label: 14, Survival Months: 109.08, Risk: -16.1206
	--> Average Speed: 0.07s per batch
	--> Time from Last Check: 2.28s
--> Batch: 649, Loss: 0.8522, Label: 7, Survival Months: 44.17, Risk: -13.3025
	--> Average Speed: 0.07s per batch
	--> Time from Last Check: 2.28s
--> Batch: 699, Loss: 0.8156, Label: 1, Survival Months: 6.50, Risk: -13.2846
	--> Average Speed: 0.07s per batch
	--> Time from Last Check: 2.28s
--> Batch: 749, Loss: 0.8076, Label: 2, Survival Months: 22.92, Risk: -15.3966
	--> Average Speed: 0.07s per batch
	--> Time from Last Check: 2.26s
--> Batch: 799, Loss: 1.1239, Label: 17, Survival Months: 185.08, Risk: -11.0623
	--> Average Speed: 0.07s per batch
	--> Time from Last Check: 2.28s
[10/01/2025 - 02:38:44] - Epoch: 4, lr: 0.00010000, training_loss: 1.2374, training_c_index: 0.6154
[10/01/2025 - 02:38:46] - Epoch: 4, validation_loss: 1.2784, validation_c_index: 0.4234
--> No improvement in validation_loss or validation_c_index for 2 epoch(s)
--> Current BEST Score: 0.3151
	--> validation_loss: 1.4199
	--> best validation_c_index: 0.4571
[10/01/2025 - 02:38:46] - Time elapsed for epoch 4: 40s
[10/01/2025 - 02:38:46] - Epoch: 5
--> Batch: 49, Loss: 0.8149, Label: 10, Survival Months: 62.83, Risk: -15.4937
	--> Average Speed: 0.07s per batch
	--> Time from Last Check: 2.29s
--> Batch: 99, Loss: 0.9211, Label: 16, Survival Months: 148.58, Risk: -14.2146
	--> Average Speed: 0.07s per batch
	--> Time from Last Check: 2.25s
--> Batch: 149, Loss: 0.7902, Label: 5, Survival Months: 35.42, Risk: -14.8770
	--> Average Speed: 0.07s per batch
	--> Time from Last Check: 2.25s
--> Batch: 199, Loss: 0.7855, Label: 5, Survival Months: 36.75, Risk: -14.7339
	--> Average Speed: 0.07s per batch
	--> Time from Last Check: 2.27s
--> Batch: 249, Loss: 3.0190, Label: 17, Survival Months: 174.75, Risk: -16.3467
	--> Average Speed: 0.07s per batch
	--> Time from Last Check: 2.27s
--> Batch: 299, Loss: 3.0717, Label: 14, Survival Months: 113.75, Risk: -9.6494
	--> Average Speed: 0.07s per batch
	--> Time from Last Check: 2.21s
--> Batch: 349, Loss: 0.7720, Label: 3, Survival Months: 26.92, Risk: -13.8650
	--> Average Speed: 0.07s per batch
	--> Time from Last Check: 2.25s
--> Batch: 399, Loss: 0.8229, Label: 9, Survival Months: 54.92, Risk: -11.7297
	--> Average Speed: 0.07s per batch
	--> Time from Last Check: 2.25s
--> Batch: 449, Loss: 0.7616, Label: 6, Survival Months: 39.17, Risk: -14.1095
	--> Average Speed: 0.07s per batch
	--> Time from Last Check: 2.27s
--> Batch: 499, Loss: 0.7429, Label: 1, Survival Months: 4.92, Risk: -13.1090
	--> Average Speed: 0.07s per batch
	--> Time from Last Check: 2.25s
--> Batch: 549, Loss: 3.1140, Label: 14, Survival Months: 107.17, Risk: -14.9077
	--> Average Speed: 0.07s per batch
	--> Time from Last Check: 2.25s
--> Batch: 599, Loss: 0.7288, Label: 1, Survival Months: 6.50, Risk: -13.9471
	--> Average Speed: 0.07s per batch
	--> Time from Last Check: 2.24s
--> Batch: 649, Loss: 0.8135, Label: 18, Survival Months: 233.00, Risk: -17.9024
	--> Average Speed: 0.07s per batch
	--> Time from Last Check: 2.26s
--> Batch: 699, Loss: 2.2248, Label: 18, Survival Months: 260.50, Risk: -15.9027
	--> Average Speed: 0.07s per batch
	--> Time from Last Check: 2.24s
--> Batch: 749, Loss: 0.7155, Label: 0, Survival Months: 0.58, Risk: -10.8768
	--> Average Speed: 0.07s per batch
	--> Time from Last Check: 2.25s
--> Batch: 799, Loss: 0.8610, Label: 10, Survival Months: 59.58, Risk: -9.3804
	--> Average Speed: 0.07s per batch
	--> Time from Last Check: 2.26s
[10/01/2025 - 02:39:24] - Epoch: 5, lr: 0.00010000, training_loss: 1.1541, training_c_index: 0.5126
[10/01/2025 - 02:39:26] - Epoch: 5, validation_loss: 1.1632, validation_c_index: 0.4698
--> New BEST Validation Score: 0.3535, validation_loss: 1.1632, validation_c_index: 0.4698
--> Current BEST Score: 0.3535
	--> validation_loss: 1.1632
	--> best validation_c_index: 0.4698
[10/01/2025 - 02:39:26] - Time elapsed for epoch 5: 40s
[10/01/2025 - 02:39:26] - Epoch: 6
--> Batch: 49, Loss: 0.7301, Label: 10, Survival Months: 63.25, Risk: -14.9990
	--> Average Speed: 0.07s per batch
	--> Time from Last Check: 2.38s
--> Batch: 99, Loss: 0.7944, Label: 17, Survival Months: 191.50, Risk: -15.9571
	--> Average Speed: 0.07s per batch
	--> Time from Last Check: 2.26s
--> Batch: 149, Loss: 0.6844, Label: 1, Survival Months: 14.00, Risk: -15.1910
	--> Average Speed: 0.07s per batch
	--> Time from Last Check: 2.24s
--> Batch: 199, Loss: 0.6966, Label: 8, Survival Months: 51.33, Risk: -15.6083
	--> Average Speed: 0.07s per batch
	--> Time from Last Check: 2.27s
--> Batch: 249, Loss: 0.6846, Label: 9, Survival Months: 52.92, Risk: -16.5810
	--> Average Speed: 0.07s per batch
	--> Time from Last Check: 2.26s
--> Batch: 299, Loss: 0.7679, Label: 15, Survival Months: 124.33, Risk: -14.6842
	--> Average Speed: 0.07s per batch
	--> Time from Last Check: 2.24s
--> Batch: 349, Loss: 0.6834, Label: 7, Survival Months: 46.92, Risk: -15.0055
	--> Average Speed: 0.07s per batch
	--> Time from Last Check: 2.26s
--> Batch: 399, Loss: 0.6632, Label: 0, Survival Months: 0.42, Risk: -9.8417
	--> Average Speed: 0.07s per batch
	--> Time from Last Check: 2.12s
--> Batch: 449, Loss: 0.6521, Label: 0, Survival Months: 0.58, Risk: -12.4133
	--> Average Speed: 0.07s per batch
	--> Time from Last Check: 2.26s
--> Batch: 499, Loss: 3.0011, Label: 15, Survival Months: 141.17, Risk: -13.1500
	--> Average Speed: 0.07s per batch
	--> Time from Last Check: 2.26s
--> Batch: 549, Loss: 0.6814, Label: 6, Survival Months: 41.33, Risk: -12.3182
	--> Average Speed: 0.07s per batch
	--> Time from Last Check: 2.25s
--> Batch: 599, Loss: 1.0425, Label: 17, Survival Months: 187.92, Risk: -9.5988
	--> Average Speed: 0.07s per batch
	--> Time from Last Check: 2.25s
--> Batch: 649, Loss: 0.6874, Label: 7, Survival Months: 47.25, Risk: -11.8844
	--> Average Speed: 0.07s per batch
	--> Time from Last Check: 2.27s
--> Batch: 699, Loss: 0.7081, Label: 16, Survival Months: 155.50, Risk: -16.1643
	--> Average Speed: 0.07s per batch
	--> Time from Last Check: 2.20s
--> Batch: 749, Loss: 0.6409, Label: 9, Survival Months: 57.25, Risk: -15.7947
	--> Average Speed: 0.07s per batch
	--> Time from Last Check: 2.22s
--> Batch: 799, Loss: 0.6313, Label: 3, Survival Months: 30.42, Risk: -14.6202
	--> Average Speed: 0.07s per batch
	--> Time from Last Check: 2.25s
[10/01/2025 - 02:40:04] - Epoch: 6, lr: 0.00010000, training_loss: 1.0552, training_c_index: 0.5435
[10/01/2025 - 02:40:06] - Epoch: 6, validation_loss: 1.0697, validation_c_index: 0.4298
--> No improvement in validation_loss or validation_c_index for 1 epoch(s)
--> Current BEST Score: 0.3535
	--> validation_loss: 1.1632
	--> best validation_c_index: 0.4698
[10/01/2025 - 02:40:06] - Time elapsed for epoch 6: 40s
[10/01/2025 - 02:40:06] - Epoch: 7
--> Batch: 49, Loss: 0.6231, Label: 2, Survival Months: 21.50, Risk: -13.8665
	--> Average Speed: 0.07s per batch
	--> Time from Last Check: 2.35s
--> Batch: 99, Loss: 0.6367, Label: 4, Survival Months: 32.08, Risk: -12.3337
	--> Average Speed: 0.07s per batch
	--> Time from Last Check: 2.21s
--> Batch: 149, Loss: 1.0367, Label: 19, Survival Months: 280.33, Risk: -13.1576
	--> Average Speed: 0.07s per batch
	--> Time from Last Check: 2.23s
--> Batch: 199, Loss: 0.6233, Label: 4, Survival Months: 33.00, Risk: -12.8187
	--> Average Speed: 0.07s per batch
	--> Time from Last Check: 2.25s
--> Batch: 249, Loss: 0.5960, Label: 2, Survival Months: 17.83, Risk: -15.6299
	--> Average Speed: 0.07s per batch
	--> Time from Last Check: 2.23s
--> Batch: 299, Loss: 4.3791, Label: 7, Survival Months: 46.50, Risk: -15.5726
	--> Average Speed: 0.07s per batch
	--> Time from Last Check: 2.24s
--> Batch: 349, Loss: 0.5907, Label: 7, Survival Months: 43.50, Risk: -16.5685
	--> Average Speed: 0.07s per batch
	--> Time from Last Check: 2.19s
--> Batch: 399, Loss: 0.6896, Label: 12, Survival Months: 81.08, Risk: -12.3547
	--> Average Speed: 0.07s per batch
	--> Time from Last Check: 2.23s
--> Batch: 449, Loss: 0.6152, Label: 8, Survival Months: 49.25, Risk: -13.5980
	--> Average Speed: 0.07s per batch
	--> Time from Last Check: 2.25s
--> Batch: 499, Loss: 0.7185, Label: 15, Survival Months: 124.33, Risk: -13.1290
	--> Average Speed: 0.07s per batch
	--> Time from Last Check: 2.24s
--> Batch: 549, Loss: 0.5638, Label: 0, Survival Months: 0.00, Risk: -15.1792
	--> Average Speed: 0.07s per batch
	--> Time from Last Check: 2.22s
--> Batch: 599, Loss: 0.5902, Label: 3, Survival Months: 26.92, Risk: -12.5284
	--> Average Speed: 0.07s per batch
	--> Time from Last Check: 2.25s
--> Batch: 649, Loss: 0.7720, Label: 18, Survival Months: 218.50, Risk: -15.1455
	--> Average Speed: 0.07s per batch
	--> Time from Last Check: 2.24s
--> Batch: 699, Loss: 0.5594, Label: 2, Survival Months: 22.92, Risk: -14.8496
	--> Average Speed: 0.07s per batch
	--> Time from Last Check: 2.22s
--> Batch: 749, Loss: 1.7477, Label: 19, Survival Months: 305.75, Risk: -16.7656
	--> Average Speed: 0.07s per batch
	--> Time from Last Check: 2.25s
--> Batch: 799, Loss: 2.6009, Label: 17, Survival Months: 189.42, Risk: -13.2693
	--> Average Speed: 0.07s per batch
	--> Time from Last Check: 2.25s
[10/01/2025 - 02:40:44] - Epoch: 7, lr: 0.00010000, training_loss: 0.9759, training_c_index: 0.5749
[10/01/2025 - 02:40:46] - Epoch: 7, validation_loss: 1.0318, validation_c_index: 0.5000
--> New BEST Validation Score: 0.3968, validation_loss: 1.0318, validation_c_index: 0.5000
--> Current BEST Score: 0.3968
	--> validation_loss: 1.0318
	--> best validation_c_index: 0.5000
[10/01/2025 - 02:40:46] - Time elapsed for epoch 7: 40s
[10/01/2025 - 02:40:46] - Epoch: 8
--> Batch: 49, Loss: 2.6032, Label: 17, Survival Months: 197.75, Risk: -13.4864
	--> Average Speed: 0.05s per batch
	--> Time from Last Check: 1.60s
--> Batch: 99, Loss: 0.5714, Label: 11, Survival Months: 78.58, Risk: -15.1450
	--> Average Speed: 0.07s per batch
	--> Time from Last Check: 2.23s
--> Batch: 149, Loss: 0.5378, Label: 6, Survival Months: 40.67, Risk: -15.4157
	--> Average Speed: 0.07s per batch
	--> Time from Last Check: 2.32s
--> Batch: 199, Loss: 0.5258, Label: 5, Survival Months: 37.50, Risk: -16.6138
	--> Average Speed: 0.07s per batch
	--> Time from Last Check: 2.27s
--> Batch: 249, Loss: 4.1933, Label: 8, Survival Months: 47.58, Risk: -16.0169
	--> Average Speed: 0.07s per batch
	--> Time from Last Check: 2.23s
--> Batch: 299, Loss: 0.5267, Label: 4, Survival Months: 33.33, Risk: -14.7340
	--> Average Speed: 0.07s per batch
	--> Time from Last Check: 2.24s
--> Batch: 349, Loss: 0.5167, Label: 5, Survival Months: 35.08, Risk: -16.1509
	--> Average Speed: 0.07s per batch
	--> Time from Last Check: 2.26s
--> Batch: 399, Loss: 0.5115, Label: 2, Survival Months: 23.92, Risk: -16.0720
	--> Average Speed: 0.07s per batch
	--> Time from Last Check: 2.22s
--> Batch: 449, Loss: 0.6811, Label: 18, Survival Months: 259.33, Risk: -16.3307
	--> Average Speed: 0.07s per batch
	--> Time from Last Check: 2.25s
--> Batch: 499, Loss: 0.5263, Label: 7, Survival Months: 44.42, Risk: -13.9384
	--> Average Speed: 0.07s per batch
	--> Time from Last Check: 2.24s
--> Batch: 549, Loss: 0.5947, Label: 13, Survival Months: 101.42, Risk: -13.2985
	--> Average Speed: 0.07s per batch
	--> Time from Last Check: 2.21s
--> Batch: 599, Loss: 0.5693, Label: 15, Survival Months: 130.08, Risk: -15.6287
	--> Average Speed: 0.07s per batch
	--> Time from Last Check: 2.22s
--> Batch: 649, Loss: 0.5145, Label: 12, Survival Months: 84.17, Risk: -16.6391
	--> Average Speed: 0.07s per batch
	--> Time from Last Check: 2.22s
--> Batch: 699, Loss: 0.5097, Label: 6, Survival Months: 39.58, Risk: -13.7691
	--> Average Speed: 0.07s per batch
	--> Time from Last Check: 2.19s
--> Batch: 749, Loss: 0.4922, Label: 6, Survival Months: 41.33, Risk: -15.4635
	--> Average Speed: 0.07s per batch
	--> Time from Last Check: 2.22s
--> Batch: 799, Loss: 1.7190, Label: 19, Survival Months: 328.42, Risk: -16.2893
	--> Average Speed: 0.07s per batch
	--> Time from Last Check: 2.22s
[10/01/2025 - 02:41:23] - Epoch: 8, lr: 0.00010000, training_loss: 0.9049, training_c_index: 0.5536
[10/01/2025 - 02:41:25] - Epoch: 8, validation_loss: 0.9594, validation_c_index: 0.4339
--> No improvement in validation_loss or validation_c_index for 1 epoch(s)
--> Current BEST Score: 0.3968
	--> validation_loss: 1.0318
	--> best validation_c_index: 0.5000
[10/01/2025 - 02:41:25] - Time elapsed for epoch 8: 39s
[10/01/2025 - 02:41:25] - Epoch: 9
--> Batch: 49, Loss: 0.5084, Label: 7, Survival Months: 43.25, Risk: -13.1725
	--> Average Speed: 0.06s per batch
	--> Time from Last Check: 1.95s
--> Batch: 99, Loss: 0.5031, Label: 11, Survival Months: 77.92, Risk: -15.4396
	--> Average Speed: 0.07s per batch
	--> Time from Last Check: 2.21s
--> Batch: 149, Loss: 0.4962, Label: 11, Survival Months: 71.50, Risk: -15.6732
	--> Average Speed: 0.07s per batch
	--> Time from Last Check: 2.24s
--> Batch: 199, Loss: 0.4686, Label: 5, Survival Months: 37.33, Risk: -15.4145
	--> Average Speed: 0.07s per batch
	--> Time from Last Check: 2.26s
--> Batch: 249, Loss: 0.5978, Label: 17, Survival Months: 197.67, Risk: -15.1517
	--> Average Speed: 0.07s per batch
	--> Time from Last Check: 2.26s
--> Batch: 299, Loss: 0.4544, Label: 7, Survival Months: 43.50, Risk: -17.2290
	--> Average Speed: 0.07s per batch
	--> Time from Last Check: 2.25s
--> Batch: 349, Loss: 0.4565, Label: 5, Survival Months: 37.25, Risk: -15.8570
	--> Average Speed: 0.07s per batch
	--> Time from Last Check: 2.25s
--> Batch: 399, Loss: 2.8698, Label: 14, Survival Months: 106.00, Risk: -15.0215
	--> Average Speed: 0.07s per batch
	--> Time from Last Check: 2.26s
--> Batch: 449, Loss: 0.6319, Label: 14, Survival Months: 113.58, Risk: -11.1406
	--> Average Speed: 0.07s per batch
	--> Time from Last Check: 2.26s
--> Batch: 499, Loss: 0.5000, Label: 9, Survival Months: 54.83, Risk: -12.4075
	--> Average Speed: 0.07s per batch
	--> Time from Last Check: 2.26s
--> Batch: 549, Loss: 0.5417, Label: 12, Survival Months: 81.17, Risk: -12.4353
	--> Average Speed: 0.07s per batch
	--> Time from Last Check: 2.24s
--> Batch: 599, Loss: 0.4427, Label: 7, Survival Months: 44.33, Risk: -15.8414
	--> Average Speed: 0.07s per batch
	--> Time from Last Check: 2.27s
--> Batch: 649, Loss: 0.7576, Label: 19, Survival Months: 273.00, Risk: -16.4603
	--> Average Speed: 0.07s per batch
	--> Time from Last Check: 2.25s
--> Batch: 699, Loss: 0.4479, Label: 7, Survival Months: 47.17, Risk: -14.5155
	--> Average Speed: 0.07s per batch
	--> Time from Last Check: 2.25s
--> Batch: 749, Loss: 0.8316, Label: 19, Survival Months: 280.33, Risk: -14.1903
	--> Average Speed: 0.07s per batch
	--> Time from Last Check: 2.24s
--> Batch: 799, Loss: 0.4182, Label: 0, Survival Months: 0.83, Risk: -12.4180
	--> Average Speed: 0.07s per batch
	--> Time from Last Check: 2.23s
[10/01/2025 - 02:42:03] - Epoch: 9, lr: 0.00010000, training_loss: 0.8319, training_c_index: 0.6281
[10/01/2025 - 02:42:05] - Epoch: 9, validation_loss: 0.9510, validation_c_index: 0.4646
--> No improvement in validation_loss or validation_c_index for 2 epoch(s)
--> Current BEST Score: 0.3968
	--> validation_loss: 1.0318
	--> best validation_c_index: 0.5000
[10/01/2025 - 02:42:05] - Time elapsed for epoch 9: 40s
[10/01/2025 - 02:42:05] - Epoch: 10
--> Batch: 49, Loss: 0.4100, Label: 1, Survival Months: 6.58, Risk: -15.9938
	--> Average Speed: 0.06s per batch
	--> Time from Last Check: 2.02s
--> Batch: 99, Loss: 0.4055, Label: 1, Survival Months: 8.00, Risk: -16.3924
	--> Average Speed: 0.07s per batch
	--> Time from Last Check: 2.24s
--> Batch: 149, Loss: 0.4060, Label: 5, Survival Months: 37.25, Risk: -16.9476
	--> Average Speed: 0.07s per batch
	--> Time from Last Check: 2.25s
--> Batch: 199, Loss: 0.3991, Label: 1, Survival Months: 14.17, Risk: -16.6750
	--> Average Speed: 0.07s per batch
	--> Time from Last Check: 2.26s
--> Batch: 249, Loss: 0.4763, Label: 17, Survival Months: 179.58, Risk: -16.8823
	--> Average Speed: 0.07s per batch
	--> Time from Last Check: 2.22s
--> Batch: 299, Loss: 0.4930, Label: 17, Survival Months: 194.17, Risk: -16.3503
	--> Average Speed: 0.07s per batch
	--> Time from Last Check: 2.22s
--> Batch: 349, Loss: 0.4552, Label: 11, Survival Months: 72.08, Risk: -13.9259
	--> Average Speed: 0.07s per batch
	--> Time from Last Check: 2.24s
--> Batch: 399, Loss: 0.4437, Label: 11, Survival Months: 74.08, Risk: -14.4173
	--> Average Speed: 0.07s per batch
	--> Time from Last Check: 2.23s
--> Batch: 449, Loss: 0.4675, Label: 16, Survival Months: 154.42, Risk: -16.0050
	--> Average Speed: 0.07s per batch
	--> Time from Last Check: 2.21s
--> Batch: 499, Loss: 0.8744, Label: 19, Survival Months: 363.42, Risk: -12.8853
	--> Average Speed: 0.07s per batch
	--> Time from Last Check: 2.27s
--> Batch: 549, Loss: 0.4138, Label: 10, Survival Months: 60.58, Risk: -14.9469
	--> Average Speed: 0.07s per batch
	--> Time from Last Check: 2.25s
--> Batch: 599, Loss: 0.4176, Label: 10, Survival Months: 65.75, Risk: -14.5666
	--> Average Speed: 0.07s per batch
	--> Time from Last Check: 2.26s
--> Batch: 649, Loss: 0.5245, Label: 8, Survival Months: 47.92, Risk: -8.2425
	--> Average Speed: 0.07s per batch
	--> Time from Last Check: 2.26s
--> Batch: 699, Loss: 0.3704, Label: 0, Survival Months: 0.00, Risk: -15.2111
	--> Average Speed: 0.07s per batch
	--> Time from Last Check: 2.26s
--> Batch: 749, Loss: 0.4537, Label: 8, Survival Months: 48.08, Risk: -10.9540
	--> Average Speed: 0.07s per batch
	--> Time from Last Check: 2.23s
--> Batch: 799, Loss: 0.3858, Label: 8, Survival Months: 49.00, Risk: -15.6023
	--> Average Speed: 0.07s per batch
	--> Time from Last Check: 2.23s
[10/01/2025 - 02:42:42] - Epoch: 10, lr: 0.00010000, training_loss: 0.7786, training_c_index: 0.6024
[10/01/2025 - 02:42:45] - Epoch: 10, validation_loss: 0.8701, validation_c_index: 0.5307
--> New BEST Validation Score: 0.4437, validation_loss: 0.8701, validation_c_index: 0.5307
--> Current BEST Score: 0.4437
	--> validation_loss: 0.8701
	--> best validation_c_index: 0.5307
[10/01/2025 - 02:42:45] - Time elapsed for epoch 10: 40s
[10/01/2025 - 02:42:45] - Epoch: 11
--> Batch: 49, Loss: 0.7641, Label: 19, Survival Months: 280.33, Risk: -14.4823
	--> Average Speed: 0.07s per batch
	--> Time from Last Check: 2.10s
--> Batch: 99, Loss: 0.4098, Label: 9, Survival Months: 54.50, Risk: -13.0814
	--> Average Speed: 0.07s per batch
	--> Time from Last Check: 2.26s
--> Batch: 149, Loss: 3.1024, Label: 12, Survival Months: 84.08, Risk: -14.7587
	--> Average Speed: 0.07s per batch
	--> Time from Last Check: 2.27s
--> Batch: 199, Loss: 0.3506, Label: 1, Survival Months: 2.58, Risk: -16.8113
	--> Average Speed: 0.07s per batch
	--> Time from Last Check: 2.27s
--> Batch: 249, Loss: 0.4438, Label: 17, Survival Months: 197.58, Risk: -16.4932
	--> Average Speed: 0.07s per batch
	--> Time from Last Check: 2.24s
--> Batch: 299, Loss: 0.3449, Label: 1, Survival Months: 6.58, Risk: -17.1978
	--> Average Speed: 0.07s per batch
	--> Time from Last Check: 2.25s
--> Batch: 349, Loss: 0.3989, Label: 6, Survival Months: 38.92, Risk: -11.0955
	--> Average Speed: 0.07s per batch
	--> Time from Last Check: 2.27s
--> Batch: 399, Loss: 0.4089, Label: 17, Survival Months: 188.58, Risk: -17.3398
	--> Average Speed: 0.07s per batch
	--> Time from Last Check: 2.25s
--> Batch: 449, Loss: 0.3390, Label: 5, Survival Months: 37.58, Risk: -17.5021
	--> Average Speed: 0.07s per batch
	--> Time from Last Check: 2.27s
--> Batch: 499, Loss: 0.3498, Label: 6, Survival Months: 41.75, Risk: -15.2088
	--> Average Speed: 0.07s per batch
	--> Time from Last Check: 2.25s
--> Batch: 549, Loss: 0.3604, Label: 8, Survival Months: 50.67, Risk: -14.8913
	--> Average Speed: 0.07s per batch
	--> Time from Last Check: 2.24s
--> Batch: 599, Loss: 0.3346, Label: 0, Survival Months: 0.83, Risk: -12.2145
	--> Average Speed: 0.07s per batch
	--> Time from Last Check: 2.24s
--> Batch: 649, Loss: 0.4371, Label: 12, Survival Months: 85.42, Risk: -12.5809
	--> Average Speed: 0.07s per batch
	--> Time from Last Check: 2.26s
--> Batch: 699, Loss: 0.3403, Label: 7, Survival Months: 45.08, Risk: -15.8406
	--> Average Speed: 0.07s per batch
	--> Time from Last Check: 2.25s
--> Batch: 749, Loss: 0.3607, Label: 4, Survival Months: 32.08, Risk: -11.9093
	--> Average Speed: 0.07s per batch
	--> Time from Last Check: 2.27s
--> Batch: 799, Loss: 0.3554, Label: 9, Survival Months: 51.83, Risk: -14.6311
	--> Average Speed: 0.07s per batch
	--> Time from Last Check: 2.26s
[10/01/2025 - 02:43:23] - Epoch: 11, lr: 0.00010000, training_loss: 0.7418, training_c_index: 0.5568
[10/01/2025 - 02:43:25] - Epoch: 11, validation_loss: 0.8524, validation_c_index: 0.4704
--> No improvement in validation_loss or validation_c_index for 1 epoch(s)
--> Current BEST Score: 0.4437
	--> validation_loss: 0.8701
	--> best validation_c_index: 0.5307
[10/01/2025 - 02:43:25] - Time elapsed for epoch 11: 40s
[10/01/2025 - 02:43:25] - Epoch: 12
--> Batch: 49, Loss: 0.3474, Label: 8, Survival Months: 51.67, Risk: -14.8211
	--> Average Speed: 0.07s per batch
	--> Time from Last Check: 2.28s
--> Batch: 99, Loss: 2.7691, Label: 15, Survival Months: 125.67, Risk: -9.5432
	--> Average Speed: 0.07s per batch
	--> Time from Last Check: 2.25s
--> Batch: 149, Loss: 0.7491, Label: 18, Survival Months: 262.67, Risk: -10.5784
	--> Average Speed: 0.07s per batch
	--> Time from Last Check: 2.27s
--> Batch: 199, Loss: 0.3320, Label: 8, Survival Months: 47.83, Risk: -15.5087
	--> Average Speed: 0.07s per batch
	--> Time from Last Check: 2.27s
--> Batch: 249, Loss: 0.3481, Label: 13, Survival Months: 95.83, Risk: -16.0423
	--> Average Speed: 0.07s per batch
	--> Time from Last Check: 2.26s
--> Batch: 299, Loss: 0.3411, Label: 5, Survival Months: 37.50, Risk: -12.5943
	--> Average Speed: 0.07s per batch
	--> Time from Last Check: 2.25s
--> Batch: 349, Loss: 0.6204, Label: 19, Survival Months: 273.83, Risk: -17.0905
	--> Average Speed: 0.07s per batch
	--> Time from Last Check: 2.25s
--> Batch: 399, Loss: 0.7039, Label: 16, Survival Months: 143.25, Risk: -8.6222
	--> Average Speed: 0.07s per batch
	--> Time from Last Check: 2.26s
--> Batch: 449, Loss: 0.3066, Label: 1, Survival Months: 6.50, Risk: -13.8598
	--> Average Speed: 0.07s per batch
	--> Time from Last Check: 2.25s
--> Batch: 499, Loss: 0.3462, Label: 9, Survival Months: 52.92, Risk: -13.4056
	--> Average Speed: 0.07s per batch
	--> Time from Last Check: 2.26s
--> Batch: 549, Loss: 0.3917, Label: 11, Survival Months: 72.92, Risk: -12.2537
	--> Average Speed: 0.07s per batch
	--> Time from Last Check: 2.26s
--> Batch: 599, Loss: 1.4542, Label: 19, Survival Months: 289.33, Risk: -15.7170
	--> Average Speed: 0.07s per batch
	--> Time from Last Check: 2.27s
--> Batch: 649, Loss: 0.3392, Label: 14, Survival Months: 114.25, Risk: -16.2566
	--> Average Speed: 0.07s per batch
	--> Time from Last Check: 2.26s
--> Batch: 699, Loss: 3.5381, Label: 11, Survival Months: 73.25, Risk: -15.7048
	--> Average Speed: 0.07s per batch
	--> Time from Last Check: 2.26s
--> Batch: 749, Loss: 0.3014, Label: 10, Survival Months: 63.42, Risk: -16.7678
	--> Average Speed: 0.07s per batch
	--> Time from Last Check: 2.18s
--> Batch: 799, Loss: 0.3118, Label: 4, Survival Months: 34.00, Risk: -13.1228
	--> Average Speed: 0.07s per batch
	--> Time from Last Check: 2.24s
[10/01/2025 - 02:44:03] - Epoch: 12, lr: 0.00010000, training_loss: 0.6792, training_c_index: 0.7004
[10/01/2025 - 02:44:05] - Epoch: 12, validation_loss: 0.9183, validation_c_index: 0.4304
--> No improvement in validation_loss or validation_c_index for 2 epoch(s)
--> Current BEST Score: 0.4437
	--> validation_loss: 0.8701
	--> best validation_c_index: 0.5307
[10/01/2025 - 02:44:05] - Time elapsed for epoch 12: 40s
[10/01/2025 - 02:44:05] - Epoch: 13
--> Batch: 49, Loss: 0.3499, Label: 16, Survival Months: 148.58, Risk: -16.6448
	--> Average Speed: 0.07s per batch
	--> Time from Last Check: 2.31s
--> Batch: 99, Loss: 4.6632, Label: 10, Survival Months: 66.00, Risk: -17.5187
	--> Average Speed: 0.07s per batch
	--> Time from Last Check: 2.26s
--> Batch: 149, Loss: 0.3664, Label: 15, Survival Months: 134.25, Risk: -15.4994
	--> Average Speed: 0.07s per batch
	--> Time from Last Check: 2.26s
--> Batch: 199, Loss: 0.5273, Label: 13, Survival Months: 101.67, Risk: -9.0512
	--> Average Speed: 0.07s per batch
	--> Time from Last Check: 2.26s
--> Batch: 249, Loss: 0.7882, Label: 18, Survival Months: 226.75, Risk: -9.6433
	--> Average Speed: 0.07s per batch
	--> Time from Last Check: 2.26s
--> Batch: 299, Loss: 0.2791, Label: 0, Survival Months: 0.83, Risk: -12.4865
	--> Average Speed: 0.07s per batch
	--> Time from Last Check: 2.27s
--> Batch: 349, Loss: 0.2791, Label: 0, Survival Months: 0.58, Risk: -11.1681
	--> Average Speed: 0.07s per batch
	--> Time from Last Check: 2.26s
--> Batch: 399, Loss: 0.3496, Label: 13, Survival Months: 95.83, Risk: -14.2467
	--> Average Speed: 0.07s per batch
	--> Time from Last Check: 2.24s
--> Batch: 449, Loss: 2.2567, Label: 17, Survival Months: 196.75, Risk: -15.3091
	--> Average Speed: 0.07s per batch
	--> Time from Last Check: 2.27s
--> Batch: 499, Loss: 0.3273, Label: 10, Survival Months: 66.25, Risk: -13.2027
	--> Average Speed: 0.07s per batch
	--> Time from Last Check: 2.23s
--> Batch: 549, Loss: 3.7188, Label: 3, Survival Months: 30.42, Risk: -13.5462
	--> Average Speed: 0.07s per batch
	--> Time from Last Check: 2.26s
--> Batch: 599, Loss: 0.2687, Label: 1, Survival Months: 6.50, Risk: -14.1404
	--> Average Speed: 0.07s per batch
	--> Time from Last Check: 2.20s
--> Batch: 649, Loss: 0.4600, Label: 14, Survival Months: 119.50, Risk: -11.3114
	--> Average Speed: 0.07s per batch
	--> Time from Last Check: 2.26s
--> Batch: 699, Loss: 0.2880, Label: 2, Survival Months: 25.25, Risk: -11.3664
	--> Average Speed: 0.07s per batch
	--> Time from Last Check: 2.25s
--> Batch: 749, Loss: 0.2574, Label: 0, Survival Months: 0.83, Risk: -16.5304
	--> Average Speed: 0.07s per batch
	--> Time from Last Check: 2.21s
--> Batch: 799, Loss: 0.6477, Label: 18, Survival Months: 262.67, Risk: -11.8970
	--> Average Speed: 0.07s per batch
	--> Time from Last Check: 2.25s
[10/01/2025 - 02:44:42] - Epoch: 13, lr: 0.00010000, training_loss: 0.6588, training_c_index: 0.6632
[10/01/2025 - 02:44:44] - Epoch: 13, validation_loss: 0.8066, validation_c_index: 0.5000
--> No improvement in validation_loss or validation_c_index for 3 epoch(s)
--> Current BEST Score: 0.4437
	--> validation_loss: 0.8701
	--> best validation_c_index: 0.5307
[10/01/2025 - 02:44:45] - Time elapsed for epoch 13: 40s
[10/01/2025 - 02:44:45] - Epoch: 14
--> Batch: 49, Loss: 2.5703, Label: 15, Survival Months: 141.17, Risk: -11.6313
	--> Average Speed: 0.08s per batch
	--> Time from Last Check: 2.49s
--> Batch: 99, Loss: 0.2959, Label: 12, Survival Months: 86.83, Risk: -15.5136
	--> Average Speed: 0.07s per batch
	--> Time from Last Check: 2.25s
--> Batch: 149, Loss: 0.2789, Label: 13, Survival Months: 89.33, Risk: -16.6311
	--> Average Speed: 0.07s per batch
	--> Time from Last Check: 2.28s
--> Batch: 199, Loss: 1.7713, Label: 18, Survival Months: 255.25, Risk: -17.2982
	--> Average Speed: 0.07s per batch
	--> Time from Last Check: 2.29s
--> Batch: 249, Loss: 4.1859, Label: 0, Survival Months: 0.00, Risk: -13.9180
	--> Average Speed: 0.07s per batch
	--> Time from Last Check: 2.27s
--> Batch: 299, Loss: 0.6095, Label: 19, Survival Months: 277.75, Risk: -16.2557
	--> Average Speed: 0.07s per batch
	--> Time from Last Check: 2.30s
--> Batch: 349, Loss: 0.5162, Label: 14, Survival Months: 102.42, Risk: -9.4466
	--> Average Speed: 0.07s per batch
	--> Time from Last Check: 2.30s
--> Batch: 399, Loss: 0.2522, Label: 12, Survival Months: 85.50, Risk: -17.7494
	--> Average Speed: 0.07s per batch
	--> Time from Last Check: 2.26s
--> Batch: 449, Loss: 0.2674, Label: 8, Survival Months: 48.08, Risk: -14.9580
	--> Average Speed: 0.07s per batch
	--> Time from Last Check: 2.30s
--> Batch: 499, Loss: 0.3569, Label: 17, Survival Months: 175.67, Risk: -16.1579
	--> Average Speed: 0.07s per batch
	--> Time from Last Check: 2.30s
--> Batch: 549, Loss: 0.2740, Label: 2, Survival Months: 22.83, Risk: -10.5277
	--> Average Speed: 0.07s per batch
	--> Time from Last Check: 2.33s
--> Batch: 599, Loss: 0.2629, Label: 11, Survival Months: 75.92, Risk: -16.1846
	--> Average Speed: 0.07s per batch
	--> Time from Last Check: 2.29s
--> Batch: 649, Loss: 0.2383, Label: 2, Survival Months: 18.67, Risk: -16.9042
	--> Average Speed: 0.07s per batch
	--> Time from Last Check: 2.27s
--> Batch: 699, Loss: 0.2411, Label: 6, Survival Months: 39.67, Risk: -16.6283
	--> Average Speed: 0.07s per batch
	--> Time from Last Check: 2.27s
--> Batch: 749, Loss: 0.2903, Label: 10, Survival Months: 59.50, Risk: -13.6331
	--> Average Speed: 0.07s per batch
	--> Time from Last Check: 2.24s
--> Batch: 799, Loss: 0.3131, Label: 15, Survival Months: 127.33, Risk: -15.5481
	--> Average Speed: 0.07s per batch
	--> Time from Last Check: 2.24s
[10/01/2025 - 02:45:23] - Epoch: 14, lr: 0.00010000, training_loss: 0.6177, training_c_index: 0.7109
[10/01/2025 - 02:45:25] - Epoch: 14, validation_loss: 0.8506, validation_c_index: 0.4449
--> No improvement in validation_loss or validation_c_index for 4 epoch(s)
--> Current BEST Score: 0.4437
	--> validation_loss: 0.8701
	--> best validation_c_index: 0.5307
[10/01/2025 - 02:45:25] - Time elapsed for epoch 14: 41s
[10/01/2025 - 02:45:25] - Epoch: 15
--> Batch: 49, Loss: 2.0508, Label: 18, Survival Months: 233.17, Risk: -13.2141
	--> Average Speed: 0.07s per batch
	--> Time from Last Check: 2.08s
--> Batch: 99, Loss: 0.2580, Label: 16, Survival Months: 148.58, Risk: -17.8738
	--> Average Speed: 0.07s per batch
	--> Time from Last Check: 2.27s
--> Batch: 149, Loss: 0.3748, Label: 9, Survival Months: 56.75, Risk: -8.7666
	--> Average Speed: 0.07s per batch
	--> Time from Last Check: 2.23s
--> Batch: 199, Loss: 2.7092, Label: 7, Survival Months: 43.67, Risk: -9.6351
	--> Average Speed: 0.07s per batch
	--> Time from Last Check: 2.25s
--> Batch: 249, Loss: 0.5317, Label: 19, Survival Months: 333.75, Risk: -17.5920
	--> Average Speed: 0.07s per batch
	--> Time from Last Check: 2.26s
--> Batch: 299, Loss: 0.4322, Label: 17, Survival Months: 182.00, Risk: -13.8257
	--> Average Speed: 0.07s per batch
	--> Time from Last Check: 2.25s
--> Batch: 349, Loss: 0.2526, Label: 3, Survival Months: 26.42, Risk: -12.6208
	--> Average Speed: 0.07s per batch
	--> Time from Last Check: 2.25s
--> Batch: 399, Loss: 0.2687, Label: 7, Survival Months: 45.00, Risk: -12.5203
	--> Average Speed: 0.07s per batch
	--> Time from Last Check: 2.24s
--> Batch: 449, Loss: 0.2897, Label: 10, Survival Months: 59.50, Risk: -12.8766
	--> Average Speed: 0.07s per batch
	--> Time from Last Check: 2.27s
--> Batch: 499, Loss: 0.2907, Label: 17, Survival Months: 203.50, Risk: -17.3415
	--> Average Speed: 0.07s per batch
	--> Time from Last Check: 2.24s
--> Batch: 549, Loss: 0.2202, Label: 0, Survival Months: 0.83, Risk: -15.3302
	--> Average Speed: 0.07s per batch
	--> Time from Last Check: 2.27s
--> Batch: 599, Loss: 0.2315, Label: 8, Survival Months: 49.00, Risk: -16.4990
	--> Average Speed: 0.07s per batch
	--> Time from Last Check: 2.26s
--> Batch: 649, Loss: 0.7394, Label: 19, Survival Months: 270.58, Risk: -12.3954
	--> Average Speed: 0.07s per batch
	--> Time from Last Check: 2.18s
--> Batch: 699, Loss: 0.2844, Label: 3, Survival Months: 29.00, Risk: -8.9685
	--> Average Speed: 0.07s per batch
	--> Time from Last Check: 2.25s
--> Batch: 749, Loss: 0.2309, Label: 6, Survival Months: 42.58, Risk: -15.0385
	--> Average Speed: 0.07s per batch
	--> Time from Last Check: 2.24s
--> Batch: 799, Loss: 0.3043, Label: 15, Survival Months: 131.00, Risk: -15.4404
	--> Average Speed: 0.07s per batch
	--> Time from Last Check: 2.26s
[10/01/2025 - 02:46:03] - Epoch: 15, lr: 0.00010000, training_loss: 0.6029, training_c_index: 0.6940
[10/01/2025 - 02:46:05] - Epoch: 15, validation_loss: 0.8240, validation_c_index: 0.4820
--> No improvement in validation_loss or validation_c_index for 5 epoch(s)
--> Current BEST Score: 0.4437
	--> validation_loss: 0.8701
	--> best validation_c_index: 0.5307
[10/01/2025 - 02:46:05] - Time elapsed for epoch 15: 40s
[10/01/2025 - 02:46:05] - Epoch: 16
--> Batch: 49, Loss: 0.4800, Label: 16, Survival Months: 172.00, Risk: -11.3525
	--> Average Speed: 0.07s per batch
	--> Time from Last Check: 2.15s
--> Batch: 99, Loss: 0.2141, Label: 2, Survival Months: 18.67, Risk: -16.9984
	--> Average Speed: 0.07s per batch
	--> Time from Last Check: 2.24s
--> Batch: 149, Loss: 0.2198, Label: 2, Survival Months: 18.50, Risk: -15.2638
	--> Average Speed: 0.07s per batch
	--> Time from Last Check: 2.26s
--> Batch: 199, Loss: 2.1792, Label: 17, Survival Months: 197.75, Risk: -14.2338
	--> Average Speed: 0.07s per batch
	--> Time from Last Check: 2.24s
--> Batch: 249, Loss: 0.5326, Label: 17, Survival Months: 193.08, Risk: -11.2714
	--> Average Speed: 0.07s per batch
	--> Time from Last Check: 2.25s
--> Batch: 299, Loss: 1.6857, Label: 18, Survival Months: 260.50, Risk: -16.5698
	--> Average Speed: 0.07s per batch
	--> Time from Last Check: 2.24s
--> Batch: 349, Loss: 0.2078, Label: 3, Survival Months: 27.17, Risk: -17.6805
	--> Average Speed: 0.07s per batch
	--> Time from Last Check: 2.24s
--> Batch: 399, Loss: 0.2110, Label: 1, Survival Months: 6.67, Risk: -14.5928
	--> Average Speed: 0.07s per batch
	--> Time from Last Check: 2.27s
--> Batch: 449, Loss: 3.3881, Label: 14, Survival Months: 107.17, Risk: -17.6322
	--> Average Speed: 0.07s per batch
	--> Time from Last Check: 2.25s
--> Batch: 499, Loss: 0.3639, Label: 18, Survival Months: 206.42, Risk: -16.9773
	--> Average Speed: 0.07s per batch
	--> Time from Last Check: 2.25s
--> Batch: 549, Loss: 0.2073, Label: 0, Survival Months: 0.42, Risk: -12.5944
	--> Average Speed: 0.07s per batch
	--> Time from Last Check: 2.26s
--> Batch: 599, Loss: 0.2380, Label: 11, Survival Months: 71.00, Risk: -15.5063
	--> Average Speed: 0.07s per batch
	--> Time from Last Check: 2.28s
--> Batch: 649, Loss: 0.2428, Label: 15, Survival Months: 140.33, Risk: -17.1506
	--> Average Speed: 0.07s per batch
	--> Time from Last Check: 2.24s
--> Batch: 699, Loss: 0.2067, Label: 1, Survival Months: 14.17, Risk: -14.2639
	--> Average Speed: 0.07s per batch
	--> Time from Last Check: 2.27s
--> Batch: 749, Loss: 0.2084, Label: 8, Survival Months: 47.83, Risk: -16.8292
	--> Average Speed: 0.07s per batch
	--> Time from Last Check: 2.26s
--> Batch: 799, Loss: 0.3093, Label: 17, Survival Months: 189.83, Risk: -16.4222
	--> Average Speed: 0.07s per batch
	--> Time from Last Check: 2.27s
[10/01/2025 - 02:46:42] - Epoch: 16, lr: 0.00010000, training_loss: 0.5660, training_c_index: 0.7687
[10/01/2025 - 02:46:45] - Epoch: 16, validation_loss: 0.8459, validation_c_index: 0.5261
--> No improvement in validation_loss or validation_c_index for 6 epoch(s)
--> Current BEST Score: 0.4437
	--> validation_loss: 0.8701
	--> best validation_c_index: 0.5307
[10/01/2025 - 02:46:45] - Time elapsed for epoch 16: 40s
[10/01/2025 - 02:46:45] - Epoch: 17
--> Batch: 49, Loss: 0.5490, Label: 19, Survival Months: 270.67, Risk: -16.7329
	--> Average Speed: 0.07s per batch
	--> Time from Last Check: 2.12s
--> Batch: 99, Loss: 0.2113, Label: 2, Survival Months: 18.92, Risk: -13.8215
	--> Average Speed: 0.07s per batch
	--> Time from Last Check: 2.27s
--> Batch: 149, Loss: 0.2380, Label: 13, Survival Months: 97.08, Risk: -15.8948
	--> Average Speed: 0.07s per batch
	--> Time from Last Check: 2.25s
--> Batch: 199, Loss: 0.2238, Label: 3, Survival Months: 26.83, Risk: -12.6669
	--> Average Speed: 0.07s per batch
	--> Time from Last Check: 2.25s
--> Batch: 249, Loss: 0.2372, Label: 9, Survival Months: 56.42, Risk: -13.7016
	--> Average Speed: 0.07s per batch
	--> Time from Last Check: 2.25s
--> Batch: 299, Loss: 0.2740, Label: 10, Survival Months: 65.25, Risk: -12.1756
	--> Average Speed: 0.07s per batch
	--> Time from Last Check: 2.25s
--> Batch: 349, Loss: 0.2066, Label: 15, Survival Months: 126.83, Risk: -18.3182
	--> Average Speed: 0.07s per batch
	--> Time from Last Check: 2.17s
--> Batch: 399, Loss: 0.2326, Label: 11, Survival Months: 68.75, Risk: -15.2559
	--> Average Speed: 0.07s per batch
	--> Time from Last Check: 2.25s
--> Batch: 449, Loss: 2.3314, Label: 2, Survival Months: 25.17, Risk: -8.3576
	--> Average Speed: 0.07s per batch
	--> Time from Last Check: 2.27s
--> Batch: 499, Loss: 0.2964, Label: 8, Survival Months: 51.33, Risk: -10.0088
	--> Average Speed: 0.07s per batch
	--> Time from Last Check: 2.24s
--> Batch: 549, Loss: 2.8652, Label: 16, Survival Months: 166.08, Risk: -16.0691
	--> Average Speed: 0.07s per batch
	--> Time from Last Check: 2.22s
--> Batch: 599, Loss: 0.2283, Label: 11, Survival Months: 77.92, Risk: -15.4199
	--> Average Speed: 0.07s per batch
	--> Time from Last Check: 2.25s
--> Batch: 649, Loss: 0.9817, Label: 19, Survival Months: 322.75, Risk: -18.5946
	--> Average Speed: 0.07s per batch
	--> Time from Last Check: 2.23s
--> Batch: 699, Loss: 0.2175, Label: 4, Survival Months: 33.50, Risk: -12.9465
	--> Average Speed: 0.07s per batch
	--> Time from Last Check: 2.21s
--> Batch: 749, Loss: 0.5258, Label: 19, Survival Months: 279.17, Risk: -17.0625
	--> Average Speed: 0.07s per batch
	--> Time from Last Check: 2.25s
--> Batch: 799, Loss: 2.6213, Label: 15, Survival Months: 122.33, Risk: -14.3910
	--> Average Speed: 0.07s per batch
	--> Time from Last Check: 2.25s
[10/01/2025 - 02:47:22] - Epoch: 17, lr: 0.00005000, training_loss: 0.5420, training_c_index: 0.8082
[10/01/2025 - 02:47:24] - Epoch: 17, validation_loss: 0.8528, validation_c_index: 0.5284
--> No improvement in validation_loss or validation_c_index for 7 epoch(s)
--> Current BEST Score: 0.4437
	--> validation_loss: 0.8701
	--> best validation_c_index: 0.5307
--> Early stopping triggered after 7 epochs without improvement
[10/01/2025 - 02:47:25] - Restoring best model from epoch 10

################# [10/01/2025 - 02:47:25] - Training completed #################

################# [10/01/2025 - 02:47:25] - Validation started #################
[10/01/2025 - 02:47:27] - Final Validation, validation_loss: 0.8701, validation_c_index: 0.5307
[10/01/2025 - 02:47:27] - Time elapsed for Validation: 2s

################ [10/01/2025 - 02:47:27] - Validation completed ################

################## [10/01/2025 - 02:47:29] - MCAT terminated ###################
