Environment conda activated
Job 2507647 started

#################### [15/01/2025 - 17:31:34] - MCAT started ####################
HOSTNAME: rezzonico

WANDB: setting up for report

CUDA: available
--> Device count: 1
--> Using device: Quadro RTX 5000
--> Running on CUDA

DATASET: Loading data
--> Gene Expression loaded
--> Methylation loaded
--> Remaining samples after removing incomplete: 1039
--> Class intervals: [
	0: [0.00 - 2.57]
	1: [2.57 - 17.70]
	2: [17.70 - 26.37]
	3: [26.37 - 31.25]
	4: [31.25 - 34.71]
	5: [34.71 - 38.03]
	6: [38.03 - 42.94]
	7: [42.94 - 47.45]
	8: [47.45 - 51.69]
	9: [51.69 - 58.17]
	10: [58.17 - 67.10]
	11: [67.10 - 79.80]
	12: [79.80 - 88.56]
	13: [88.56 - 102.25]
	14: [102.25 - 120.62]
	15: [120.62 - 141.88]
	16: [141.88 - 174.40]
	17: [174.40 - 205.88]
	18: [205.88 - 263.29]
	19: [263.29 - 593.83]
    ]
--> Standardizing RNA-seq data
--> Standardizing Methylation Islands beta values
--> Gene Expression Signatures size: [19938]
--> Methylation Signatures size: [4522]
--> Using 80% training, 20% validation

###################### [15/01/2025 - 17:32:06] - Fold n°1 ######################

MODEL: MCAT
--> Trainable parameters of MCAT: 9362966
--> Loss function: CrossEntropySurvivalLoss
--> Optimizer: adam

############ [15/01/2025 - 17:32:07] - Training started (Fold n°1) #############
[15/01/2025 - 17:32:07] - Epoch: 1
--> Batch: 49, Loss: 1.0325, Label: 13, Survival Months: 89.33, Risk: -1.1201
	--> Average Speed: 0.09s per batch
	--> Time from Last Check: 2.81s
--> Batch: 99, Loss: 0.1804, Label: 0, Survival Months: 2.50, Risk: -1.2442
	--> Average Speed: 0.07s per batch
	--> Time from Last Check: 2.14s
--> Batch: 149, Loss: 0.1701, Label: 0, Survival Months: 0.00, Risk: -1.5377
	--> Average Speed: 0.06s per batch
	--> Time from Last Check: 2.00s
--> Batch: 199, Loss: 0.4085, Label: 6, Survival Months: 41.58, Risk: -1.9799
	--> Average Speed: 0.07s per batch
	--> Time from Last Check: 2.13s
--> Batch: 249, Loss: 0.5848, Label: 15, Survival Months: 132.25, Risk: -3.9315
	--> Average Speed: 0.07s per batch
	--> Time from Last Check: 2.11s
--> Batch: 299, Loss: 0.1712, Label: 9, Survival Months: 52.92, Risk: -10.8081
	--> Average Speed: 0.06s per batch
	--> Time from Last Check: 2.01s
--> Batch: 349, Loss: 0.1268, Label: 2, Survival Months: 21.50, Risk: -12.2343
	--> Average Speed: 0.07s per batch
	--> Time from Last Check: 2.12s
--> Batch: 399, Loss: 0.1171, Label: 1, Survival Months: 14.00, Risk: -15.1850
	--> Average Speed: 0.07s per batch
	--> Time from Last Check: 2.14s
--> Batch: 449, Loss: 0.1247, Label: 3, Survival Months: 28.58, Risk: -12.9971
	--> Average Speed: 0.07s per batch
	--> Time from Last Check: 2.15s
--> Batch: 499, Loss: 2.6926, Label: 14, Survival Months: 110.33, Risk: -12.2633
	--> Average Speed: 0.07s per batch
	--> Time from Last Check: 2.15s
--> Batch: 549, Loss: 0.3024, Label: 18, Survival Months: 207.42, Risk: -13.5284
	--> Average Speed: 0.07s per batch
	--> Time from Last Check: 2.13s
--> Batch: 599, Loss: 0.1431, Label: 8, Survival Months: 50.92, Risk: -11.8299
	--> Average Speed: 0.07s per batch
	--> Time from Last Check: 2.10s
--> Batch: 649, Loss: 0.3152, Label: 18, Survival Months: 220.42, Risk: -13.1289
	--> Average Speed: 0.07s per batch
	--> Time from Last Check: 2.17s
--> Batch: 699, Loss: 0.3807, Label: 19, Survival Months: 346.58, Risk: -12.8892
	--> Average Speed: 0.06s per batch
	--> Time from Last Check: 1.86s
--> Batch: 749, Loss: 0.2202, Label: 15, Survival Months: 126.83, Risk: -12.2155
	--> Average Speed: 0.06s per batch
	--> Time from Last Check: 1.77s
--> Batch: 799, Loss: 0.3200, Label: 18, Survival Months: 215.83, Risk: -11.9248
	--> Average Speed: 0.07s per batch
	--> Time from Last Check: 2.20s
[15/01/2025 - 17:32:43] - Epoch: 1, lr: 0.00010000, training_loss: 0.7833, training_c_index: 0.4463
[15/01/2025 - 17:32:45] - Epoch: 1, validation_loss: 0.4300, validation_c_index: 0.5226
--> New BEST Validation Score: 0.4796, validation_loss: 0.4300, validation_c_index: 0.5226
--> Current BEST Score: 0.4796
	--> validation_loss: 0.4300
	--> best validation_c_index: 0.5226
[15/01/2025 - 17:32:45] - Time elapsed for epoch 1: 38s
[15/01/2025 - 17:32:45] - Epoch: 2
--> Batch: 49, Loss: 0.2472, Label: 17, Survival Months: 197.58, Risk: -11.5896
	--> Average Speed: 0.07s per batch
	--> Time from Last Check: 2.10s
--> Batch: 99, Loss: 0.3438, Label: 19, Survival Months: 333.75, Risk: -14.4166
	--> Average Speed: 0.07s per batch
	--> Time from Last Check: 2.13s
--> Batch: 149, Loss: 0.1142, Label: 6, Survival Months: 39.67, Risk: -13.8278
	--> Average Speed: 0.06s per batch
	--> Time from Last Check: 2.07s
--> Batch: 199, Loss: 0.4022, Label: 19, Survival Months: 329.75, Risk: -12.2109
	--> Average Speed: 0.07s per batch
	--> Time from Last Check: 2.13s
--> Batch: 249, Loss: 0.2739, Label: 16, Survival Months: 166.50, Risk: -10.0113
	--> Average Speed: 0.07s per batch
	--> Time from Last Check: 2.09s
--> Batch: 299, Loss: 0.1135, Label: 3, Survival Months: 26.67, Risk: -12.8183
	--> Average Speed: 0.06s per batch
	--> Time from Last Check: 1.92s
--> Batch: 349, Loss: 0.1678, Label: 13, Survival Months: 93.92, Risk: -12.4452
	--> Average Speed: 0.07s per batch
	--> Time from Last Check: 2.11s
--> Batch: 399, Loss: 0.1031, Label: 1, Survival Months: 16.33, Risk: -13.4464
	--> Average Speed: 0.06s per batch
	--> Time from Last Check: 1.84s
--> Batch: 449, Loss: 0.1055, Label: 5, Survival Months: 36.58, Risk: -14.7390
	--> Average Speed: 0.06s per batch
	--> Time from Last Check: 2.02s
--> Batch: 499, Loss: 0.1080, Label: 7, Survival Months: 46.67, Risk: -14.7926
	--> Average Speed: 0.07s per batch
	--> Time from Last Check: 2.19s
--> Batch: 549, Loss: 3.4927, Label: 8, Survival Months: 51.00, Risk: -13.5788
	--> Average Speed: 0.07s per batch
	--> Time from Last Check: 2.20s
--> Batch: 599, Loss: 0.1011, Label: 1, Survival Months: 4.92, Risk: -13.3124
	--> Average Speed: 0.07s per batch
	--> Time from Last Check: 2.19s
--> Batch: 649, Loss: 0.1472, Label: 12, Survival Months: 83.08, Risk: -12.7299
	--> Average Speed: 0.07s per batch
	--> Time from Last Check: 2.21s
--> Batch: 699, Loss: 0.1727, Label: 13, Survival Months: 94.83, Risk: -11.5114
	--> Average Speed: 0.07s per batch
	--> Time from Last Check: 2.21s
--> Batch: 749, Loss: 3.0854, Label: 16, Survival Months: 149.42, Risk: -10.4917
	--> Average Speed: 0.07s per batch
	--> Time from Last Check: 2.14s
--> Batch: 799, Loss: 0.1055, Label: 4, Survival Months: 32.00, Risk: -13.6423
	--> Average Speed: 0.07s per batch
	--> Time from Last Check: 2.18s
[15/01/2025 - 17:33:21] - Epoch: 2, lr: 0.00009900, training_loss: 0.4871, training_c_index: 0.5717
[15/01/2025 - 17:33:23] - Epoch: 2, validation_loss: 0.4214, validation_c_index: 0.4575
--> No improvement in validation_loss or validation_c_index for 1 epoch(s)
--> Current BEST Score: 0.4796
	--> validation_loss: 0.4300
	--> best validation_c_index: 0.5226
[15/01/2025 - 17:33:23] - Time elapsed for epoch 2: 38s
[15/01/2025 - 17:33:23] - Epoch: 3
--> Batch: 49, Loss: 0.3649, Label: 19, Survival Months: 281.17, Risk: -14.2158
	--> Average Speed: 0.07s per batch
	--> Time from Last Check: 2.16s
--> Batch: 99, Loss: 0.1458, Label: 11, Survival Months: 72.08, Risk: -11.7624
	--> Average Speed: 0.07s per batch
	--> Time from Last Check: 2.17s
--> Batch: 149, Loss: 0.1147, Label: 7, Survival Months: 47.25, Risk: -12.5296
	--> Average Speed: 0.07s per batch
	--> Time from Last Check: 2.15s
--> Batch: 199, Loss: 0.1001, Label: 5, Survival Months: 35.67, Risk: -14.3695
	--> Average Speed: 0.07s per batch
	--> Time from Last Check: 2.16s
--> Batch: 249, Loss: 0.1450, Label: 15, Survival Months: 127.33, Risk: -14.5410
	--> Average Speed: 0.07s per batch
	--> Time from Last Check: 2.14s
--> Batch: 299, Loss: 0.1305, Label: 14, Survival Months: 109.00, Risk: -14.8801
	--> Average Speed: 0.06s per batch
	--> Time from Last Check: 2.06s
--> Batch: 349, Loss: 3.8820, Label: 3, Survival Months: 28.00, Risk: -15.1680
	--> Average Speed: 0.07s per batch
	--> Time from Last Check: 2.17s
--> Batch: 399, Loss: 0.1505, Label: 13, Survival Months: 96.83, Risk: -12.3236
	--> Average Speed: 0.07s per batch
	--> Time from Last Check: 2.18s
--> Batch: 449, Loss: 0.1116, Label: 6, Survival Months: 39.25, Risk: -11.5606
	--> Average Speed: 0.07s per batch
	--> Time from Last Check: 2.22s
--> Batch: 499, Loss: 0.1207, Label: 13, Survival Months: 90.42, Risk: -14.7593
	--> Average Speed: 0.07s per batch
	--> Time from Last Check: 2.18s
--> Batch: 549, Loss: 0.2424, Label: 18, Survival Months: 220.42, Risk: -14.8842
	--> Average Speed: 0.07s per batch
	--> Time from Last Check: 2.20s
--> Batch: 599, Loss: 0.3267, Label: 18, Survival Months: 210.08, Risk: -11.0714
	--> Average Speed: 0.07s per batch
	--> Time from Last Check: 2.17s
--> Batch: 649, Loss: 0.1076, Label: 11, Survival Months: 69.75, Risk: -15.2842
	--> Average Speed: 0.06s per batch
	--> Time from Last Check: 1.95s
--> Batch: 699, Loss: 0.0905, Label: 2, Survival Months: 17.92, Risk: -14.7249
	--> Average Speed: 0.07s per batch
	--> Time from Last Check: 2.16s
--> Batch: 749, Loss: 0.1307, Label: 15, Survival Months: 128.92, Risk: -15.6237
	--> Average Speed: 0.07s per batch
	--> Time from Last Check: 2.08s
--> Batch: 799, Loss: 0.0952, Label: 3, Survival Months: 29.83, Risk: -13.5528
	--> Average Speed: 0.07s per batch
	--> Time from Last Check: 2.11s
[15/01/2025 - 17:33:59] - Epoch: 3, lr: 0.00009801, training_loss: 0.4575, training_c_index: 0.6862
[15/01/2025 - 17:34:01] - Epoch: 3, validation_loss: 0.4608, validation_c_index: 0.3767
--> No improvement in validation_loss or validation_c_index for 2 epoch(s)
--> Current BEST Score: 0.4796
	--> validation_loss: 0.4300
	--> best validation_c_index: 0.5226
[15/01/2025 - 17:34:01] - Time elapsed for epoch 3: 38s
[15/01/2025 - 17:34:01] - Epoch: 4
--> Batch: 49, Loss: 0.1115, Label: 15, Survival Months: 123.75, Risk: -16.7568
	--> Average Speed: 0.07s per batch
	--> Time from Last Check: 2.21s
--> Batch: 99, Loss: 0.0926, Label: 10, Survival Months: 62.83, Risk: -16.4581
	--> Average Speed: 0.07s per batch
	--> Time from Last Check: 2.19s
--> Batch: 149, Loss: 0.2507, Label: 12, Survival Months: 87.25, Risk: -7.0975
	--> Average Speed: 0.07s per batch
	--> Time from Last Check: 2.19s
--> Batch: 199, Loss: 0.1221, Label: 5, Survival Months: 36.58, Risk: -9.2526
	--> Average Speed: 0.07s per batch
	--> Time from Last Check: 2.13s
--> Batch: 249, Loss: 3.4525, Label: 15, Survival Months: 141.58, Risk: -16.5245
	--> Average Speed: 0.07s per batch
	--> Time from Last Check: 2.20s
--> Batch: 299, Loss: 0.1375, Label: 13, Survival Months: 94.83, Risk: -13.1520
	--> Average Speed: 0.07s per batch
	--> Time from Last Check: 2.15s
--> Batch: 349, Loss: 2.8411, Label: 12, Survival Months: 83.67, Risk: -12.0573
	--> Average Speed: 0.07s per batch
	--> Time from Last Check: 2.16s
--> Batch: 399, Loss: 0.1559, Label: 17, Survival Months: 193.08, Risk: -15.6144
	--> Average Speed: 0.07s per batch
	--> Time from Last Check: 2.14s
--> Batch: 449, Loss: 0.1163, Label: 5, Survival Months: 35.67, Risk: -9.3606
	--> Average Speed: 0.07s per batch
	--> Time from Last Check: 2.18s
--> Batch: 499, Loss: 0.1979, Label: 17, Survival Months: 186.67, Risk: -13.7408
	--> Average Speed: 0.07s per batch
	--> Time from Last Check: 2.19s
--> Batch: 549, Loss: 0.0856, Label: 4, Survival Months: 33.08, Risk: -15.6855
	--> Average Speed: 0.07s per batch
	--> Time from Last Check: 2.19s
--> Batch: 599, Loss: 0.0978, Label: 11, Survival Months: 73.17, Risk: -15.6690
	--> Average Speed: 0.07s per batch
	--> Time from Last Check: 2.20s
--> Batch: 649, Loss: 2.5546, Label: 7, Survival Months: 43.67, Risk: -7.4813
	--> Average Speed: 0.07s per batch
	--> Time from Last Check: 2.19s
--> Batch: 699, Loss: 0.1120, Label: 8, Survival Months: 50.50, Risk: -12.2969
	--> Average Speed: 0.07s per batch
	--> Time from Last Check: 2.14s
--> Batch: 749, Loss: 0.0827, Label: 0, Survival Months: 0.58, Risk: -16.0425
	--> Average Speed: 0.06s per batch
	--> Time from Last Check: 2.06s
--> Batch: 799, Loss: 0.1482, Label: 17, Survival Months: 197.58, Risk: -16.1232
	--> Average Speed: 0.07s per batch
	--> Time from Last Check: 2.18s
[15/01/2025 - 17:34:37] - Epoch: 4, lr: 0.00009703, training_loss: 0.4322, training_c_index: 0.7820
[15/01/2025 - 17:34:39] - Epoch: 4, validation_loss: 0.4680, validation_c_index: 0.4541
--> No improvement in validation_loss or validation_c_index for 3 epoch(s)
--> Current BEST Score: 0.4796
	--> validation_loss: 0.4300
	--> best validation_c_index: 0.5226
[15/01/2025 - 17:34:39] - Time elapsed for epoch 4: 39s
[15/01/2025 - 17:34:39] - Epoch: 5
--> Batch: 49, Loss: 0.0877, Label: 4, Survival Months: 33.50, Risk: -15.1346
	--> Average Speed: 0.07s per batch
	--> Time from Last Check: 2.09s
--> Batch: 99, Loss: 0.1085, Label: 10, Survival Months: 63.42, Risk: -13.0886
	--> Average Speed: 0.07s per batch
	--> Time from Last Check: 2.17s
--> Batch: 149, Loss: 0.0859, Label: 5, Survival Months: 37.92, Risk: -15.5824
	--> Average Speed: 0.07s per batch
	--> Time from Last Check: 2.24s
--> Batch: 199, Loss: 0.0992, Label: 3, Survival Months: 27.67, Risk: -11.3438
	--> Average Speed: 0.07s per batch
	--> Time from Last Check: 2.20s
--> Batch: 249, Loss: 0.1784, Label: 12, Survival Months: 83.67, Risk: -10.0196
	--> Average Speed: 0.06s per batch
	--> Time from Last Check: 2.02s
--> Batch: 299, Loss: 0.1391, Label: 17, Survival Months: 182.75, Risk: -16.5602
	--> Average Speed: 0.07s per batch
	--> Time from Last Check: 2.11s
--> Batch: 349, Loss: 0.1828, Label: 18, Survival Months: 226.50, Risk: -16.9991
	--> Average Speed: 0.06s per batch
	--> Time from Last Check: 1.79s
--> Batch: 399, Loss: 0.0851, Label: 8, Survival Months: 47.83, Risk: -16.2260
	--> Average Speed: 0.06s per batch
	--> Time from Last Check: 1.89s
--> Batch: 449, Loss: 0.1167, Label: 15, Survival Months: 123.75, Risk: -16.3982
	--> Average Speed: 0.07s per batch
	--> Time from Last Check: 2.16s
--> Batch: 499, Loss: 0.1313, Label: 16, Survival Months: 165.92, Risk: -16.1181
	--> Average Speed: 0.06s per batch
	--> Time from Last Check: 2.08s
--> Batch: 549, Loss: 0.0945, Label: 5, Survival Months: 35.17, Risk: -12.3145
	--> Average Speed: 0.06s per batch
	--> Time from Last Check: 1.98s
--> Batch: 599, Loss: 0.1029, Label: 10, Survival Months: 63.25, Risk: -14.0765
	--> Average Speed: 0.07s per batch
	--> Time from Last Check: 2.13s
--> Batch: 649, Loss: 0.1509, Label: 13, Survival Months: 96.33, Risk: -12.6134
	--> Average Speed: 0.07s per batch
	--> Time from Last Check: 2.19s
--> Batch: 699, Loss: 0.1236, Label: 11, Survival Months: 76.50, Risk: -12.8600
	--> Average Speed: 0.07s per batch
	--> Time from Last Check: 2.14s
--> Batch: 749, Loss: 2.9011, Label: 13, Survival Months: 92.00, Risk: -11.0827
	--> Average Speed: 0.06s per batch
	--> Time from Last Check: 1.87s
--> Batch: 799, Loss: 3.5123, Label: 1, Survival Months: 13.33, Risk: -11.1153
	--> Average Speed: 0.06s per batch
	--> Time from Last Check: 2.02s
[15/01/2025 - 17:35:14] - Epoch: 5, lr: 0.00009606, training_loss: 0.4015, training_c_index: 0.8704
[15/01/2025 - 17:35:16] - Epoch: 5, validation_loss: 0.5366, validation_c_index: 0.4527
--> No improvement in validation_loss or validation_c_index for 4 epoch(s)
--> Current BEST Score: 0.4796
	--> validation_loss: 0.4300
	--> best validation_c_index: 0.5226
[15/01/2025 - 17:35:16] - Time elapsed for epoch 5: 37s
[15/01/2025 - 17:35:16] - Epoch: 6
--> Batch: 49, Loss: 0.1235, Label: 16, Survival Months: 174.25, Risk: -16.7224
	--> Average Speed: 0.07s per batch
	--> Time from Last Check: 2.31s
--> Batch: 99, Loss: 0.0815, Label: 5, Survival Months: 37.33, Risk: -16.6575
	--> Average Speed: 0.07s per batch
	--> Time from Last Check: 2.30s
--> Batch: 149, Loss: 0.2035, Label: 17, Survival Months: 200.50, Risk: -15.0778
	--> Average Speed: 0.07s per batch
	--> Time from Last Check: 2.31s
--> Batch: 199, Loss: 0.0876, Label: 12, Survival Months: 85.42, Risk: -16.7817
	--> Average Speed: 0.07s per batch
	--> Time from Last Check: 2.13s
--> Batch: 249, Loss: 0.0806, Label: 6, Survival Months: 42.50, Risk: -17.5061
	--> Average Speed: 0.07s per batch
	--> Time from Last Check: 2.30s
--> Batch: 299, Loss: 0.0844, Label: 13, Survival Months: 94.83, Risk: -17.7593
	--> Average Speed: 0.07s per batch
	--> Time from Last Check: 2.24s
--> Batch: 349, Loss: 2.7856, Label: 7, Survival Months: 45.67, Risk: -3.1034
	--> Average Speed: 0.07s per batch
	--> Time from Last Check: 2.25s
--> Batch: 399, Loss: 0.0874, Label: 6, Survival Months: 39.58, Risk: -14.4124
	--> Average Speed: 0.07s per batch
	--> Time from Last Check: 2.25s
--> Batch: 449, Loss: 0.0852, Label: 10, Survival Months: 58.58, Risk: -16.1670
	--> Average Speed: 0.07s per batch
	--> Time from Last Check: 2.23s
--> Batch: 499, Loss: 0.0808, Label: 2, Survival Months: 25.25, Risk: -15.7980
	--> Average Speed: 0.07s per batch
	--> Time from Last Check: 2.25s
--> Batch: 549, Loss: 0.0819, Label: 3, Survival Months: 31.25, Risk: -16.1073
	--> Average Speed: 0.07s per batch
	--> Time from Last Check: 2.16s
--> Batch: 599, Loss: 0.1053, Label: 16, Survival Months: 157.25, Risk: -17.3364
	--> Average Speed: 0.07s per batch
	--> Time from Last Check: 2.12s
--> Batch: 649, Loss: 1.9976, Label: 14, Survival Months: 119.92, Risk: -13.1746
	--> Average Speed: 0.07s per batch
	--> Time from Last Check: 2.18s
--> Batch: 699, Loss: 0.0941, Label: 14, Survival Months: 113.25, Risk: -17.0345
	--> Average Speed: 0.07s per batch
	--> Time from Last Check: 2.15s
--> Batch: 749, Loss: 0.0836, Label: 11, Survival Months: 75.42, Risk: -17.1507
	--> Average Speed: 0.07s per batch
	--> Time from Last Check: 2.19s
--> Batch: 799, Loss: 0.1065, Label: 9, Survival Months: 55.33, Risk: -12.1638
	--> Average Speed: 0.07s per batch
	--> Time from Last Check: 2.17s
[15/01/2025 - 17:35:54] - Epoch: 6, lr: 0.00009510, training_loss: 0.3817, training_c_index: 0.8891
[15/01/2025 - 17:35:56] - Epoch: 6, validation_loss: 0.5477, validation_c_index: 0.4555
--> No improvement in validation_loss or validation_c_index for 5 epoch(s)
--> Current BEST Score: 0.4796
	--> validation_loss: 0.4300
	--> best validation_c_index: 0.5226
[15/01/2025 - 17:35:56] - Time elapsed for epoch 6: 40s
[15/01/2025 - 17:35:56] - Epoch: 7
--> Batch: 49, Loss: 0.1220, Label: 6, Survival Months: 42.17, Risk: -7.9038
	--> Average Speed: 0.07s per batch
	--> Time from Last Check: 2.37s
--> Batch: 99, Loss: 0.0919, Label: 3, Survival Months: 30.17, Risk: -11.6859
	--> Average Speed: 0.07s per batch
	--> Time from Last Check: 2.18s
--> Batch: 149, Loss: 0.1010, Label: 14, Survival Months: 107.33, Risk: -16.5635
	--> Average Speed: 0.07s per batch
	--> Time from Last Check: 2.09s
--> Batch: 199, Loss: 0.0801, Label: 10, Survival Months: 60.58, Risk: -17.3935
	--> Average Speed: 0.07s per batch
	--> Time from Last Check: 2.24s
--> Batch: 249, Loss: 0.0804, Label: 4, Survival Months: 33.50, Risk: -16.1109
	--> Average Speed: 0.06s per batch
	--> Time from Last Check: 1.97s
--> Batch: 299, Loss: 5.2055, Label: 7, Survival Months: 46.50, Risk: -16.7649
	--> Average Speed: 0.06s per batch
	--> Time from Last Check: 1.92s
--> Batch: 349, Loss: 0.0790, Label: 2, Survival Months: 19.25, Risk: -16.2152
	--> Average Speed: 0.07s per batch
	--> Time from Last Check: 2.10s
--> Batch: 399, Loss: 0.1226, Label: 6, Survival Months: 38.42, Risk: -8.0950
	--> Average Speed: 0.07s per batch
	--> Time from Last Check: 2.21s
--> Batch: 449, Loss: 0.1031, Label: 10, Survival Months: 60.50, Risk: -13.5052
	--> Average Speed: 0.06s per batch
	--> Time from Last Check: 2.01s
--> Batch: 499, Loss: 0.0963, Label: 14, Survival Months: 118.08, Risk: -17.0702
	--> Average Speed: 0.07s per batch
	--> Time from Last Check: 2.18s
--> Batch: 549, Loss: 2.6354, Label: 15, Survival Months: 137.42, Risk: -10.4076
	--> Average Speed: 0.07s per batch
	--> Time from Last Check: 2.17s
--> Batch: 599, Loss: 0.0790, Label: 1, Survival Months: 6.33, Risk: -15.6148
	--> Average Speed: 0.07s per batch
	--> Time from Last Check: 2.16s
--> Batch: 649, Loss: 0.0866, Label: 3, Survival Months: 30.42, Risk: -12.7813
	--> Average Speed: 0.07s per batch
	--> Time from Last Check: 2.19s
--> Batch: 699, Loss: 2.5007, Label: 18, Survival Months: 260.50, Risk: -12.9168
	--> Average Speed: 0.06s per batch
	--> Time from Last Check: 2.08s
--> Batch: 749, Loss: 0.0788, Label: 0, Survival Months: 2.50, Risk: -14.4025
	--> Average Speed: 0.07s per batch
	--> Time from Last Check: 2.10s
--> Batch: 799, Loss: 0.0786, Label: 7, Survival Months: 47.25, Risk: -17.6885
	--> Average Speed: 0.07s per batch
	--> Time from Last Check: 2.18s
[15/01/2025 - 17:36:32] - Epoch: 7, lr: 0.00009415, training_loss: 0.3740, training_c_index: 0.8990
[15/01/2025 - 17:36:34] - Epoch: 7, validation_loss: 0.5091, validation_c_index: 0.4295
--> No improvement in validation_loss or validation_c_index for 6 epoch(s)
--> Current BEST Score: 0.4796
	--> validation_loss: 0.4300
	--> best validation_c_index: 0.5226
[15/01/2025 - 17:36:34] - Time elapsed for epoch 7: 38s
[15/01/2025 - 17:36:34] - Epoch: 8
--> Batch: 49, Loss: 0.0787, Label: 1, Survival Months: 14.17, Risk: -15.8012
	--> Average Speed: 0.05s per batch
	--> Time from Last Check: 1.64s
--> Batch: 99, Loss: 0.3243, Label: 19, Survival Months: 273.92, Risk: -17.5478
	--> Average Speed: 0.06s per batch
	--> Time from Last Check: 2.04s
--> Batch: 149, Loss: 0.0783, Label: 5, Survival Months: 38.00, Risk: -17.7280
	--> Average Speed: 0.07s per batch
	--> Time from Last Check: 2.21s
--> Batch: 199, Loss: 0.0795, Label: 0, Survival Months: 0.83, Risk: -11.7422
	--> Average Speed: 0.07s per batch
	--> Time from Last Check: 2.19s
--> Batch: 249, Loss: 0.0785, Label: 2, Survival Months: 25.75, Risk: -16.3914
	--> Average Speed: 0.07s per batch
	--> Time from Last Check: 2.21s
--> Batch: 299, Loss: 0.2578, Label: 14, Survival Months: 107.33, Risk: -10.3517
	--> Average Speed: 0.07s per batch
	--> Time from Last Check: 2.22s
--> Batch: 349, Loss: 0.0780, Label: 0, Survival Months: 0.42, Risk: -15.0682
	--> Average Speed: 0.07s per batch
	--> Time from Last Check: 2.23s
--> Batch: 399, Loss: 0.1074, Label: 16, Survival Months: 165.92, Risk: -17.1453
	--> Average Speed: 0.07s per batch
	--> Time from Last Check: 2.23s
--> Batch: 449, Loss: 0.6422, Label: 19, Survival Months: 478.25, Risk: -8.1723
	--> Average Speed: 0.06s per batch
	--> Time from Last Check: 1.87s
--> Batch: 499, Loss: 0.0955, Label: 13, Survival Months: 96.83, Risk: -16.1847
	--> Average Speed: 0.06s per batch
	--> Time from Last Check: 1.96s
--> Batch: 549, Loss: 0.1042, Label: 16, Survival Months: 155.42, Risk: -17.5066
	--> Average Speed: 0.07s per batch
	--> Time from Last Check: 2.15s
--> Batch: 599, Loss: 0.0808, Label: 4, Survival Months: 32.08, Risk: -15.6134
	--> Average Speed: 0.07s per batch
	--> Time from Last Check: 2.14s
--> Batch: 649, Loss: 0.3363, Label: 19, Survival Months: 281.17, Risk: -17.0653
	--> Average Speed: 0.04s per batch
	--> Time from Last Check: 1.25s
--> Batch: 699, Loss: 0.0775, Label: 1, Survival Months: 16.67, Risk: -17.2931
	--> Average Speed: 0.03s per batch
	--> Time from Last Check: 1.10s
--> Batch: 749, Loss: 0.0884, Label: 11, Survival Months: 76.00, Risk: -15.6576
	--> Average Speed: 0.03s per batch
	--> Time from Last Check: 1.10s
--> Batch: 799, Loss: 0.0776, Label: 0, Survival Months: 1.58, Risk: -16.4568
	--> Average Speed: 0.06s per batch
	--> Time from Last Check: 2.05s
[15/01/2025 - 17:37:06] - Epoch: 8, lr: 0.00009321, training_loss: 0.3616, training_c_index: 0.9110
[15/01/2025 - 17:37:08] - Epoch: 8, validation_loss: 0.5239, validation_c_index: 0.4747
--> No improvement in validation_loss or validation_c_index for 7 epoch(s)
--> Current BEST Score: 0.4796
	--> validation_loss: 0.4300
	--> best validation_c_index: 0.5226
--> Early stopping triggered after 7 epochs without improvement
[15/01/2025 - 17:37:08] - Restoring best model from epoch 1
--> Model discarded due to low validation C-Index.

########### [15/01/2025 - 17:37:08] - Training completed (Fold n°1) ############

########### [15/01/2025 - 17:37:08] - Validation started (Fold n°1) ############
[15/01/2025 - 17:37:10] - Testing, testing_loss: 0.4300, testing_c_index: 0.5226
[15/01/2025 - 17:37:10] - Time elapsed for Validation: 2s

########## [15/01/2025 - 17:37:10] - Validation completed (Fold n°1) ###########

###################### [15/01/2025 - 17:37:10] - Fold n°2 ######################

MODEL: MCAT
--> Trainable parameters of MCAT: 9362966
--> Loss function: CrossEntropySurvivalLoss
--> Optimizer: adam

############ [15/01/2025 - 17:37:10] - Training started (Fold n°2) #############
[15/01/2025 - 17:37:10] - Epoch: 1
--> Batch: 49, Loss: 0.4320, Label: 4, Survival Months: 32.08, Risk: -1.1885
	--> Average Speed: 0.07s per batch
	--> Time from Last Check: 2.21s
--> Batch: 99, Loss: 1.0725, Label: 15, Survival Months: 128.50, Risk: -1.3917
	--> Average Speed: 0.07s per batch
	--> Time from Last Check: 2.15s
--> Batch: 149, Loss: 0.5456, Label: 8, Survival Months: 48.67, Risk: -1.7478
	--> Average Speed: 0.07s per batch
	--> Time from Last Check: 2.30s
--> Batch: 199, Loss: 0.2458, Label: 4, Survival Months: 34.33, Risk: -3.4227
	--> Average Speed: 0.07s per batch
	--> Time from Last Check: 2.29s
--> Batch: 249, Loss: 0.2127, Label: 7, Survival Months: 43.50, Risk: -6.5120
	--> Average Speed: 0.07s per batch
	--> Time from Last Check: 2.25s
--> Batch: 299, Loss: 0.1732, Label: 11, Survival Months: 76.50, Risk: -11.4383
	--> Average Speed: 0.07s per batch
	--> Time from Last Check: 2.29s
--> Batch: 349, Loss: 0.1174, Label: 1, Survival Months: 5.67, Risk: -14.2252
	--> Average Speed: 0.07s per batch
	--> Time from Last Check: 2.27s
--> Batch: 399, Loss: 0.1194, Label: 5, Survival Months: 37.83, Risk: -15.0923
	--> Average Speed: 0.07s per batch
	--> Time from Last Check: 2.24s
--> Batch: 449, Loss: 0.1573, Label: 15, Survival Months: 128.92, Risk: -15.4100
	--> Average Speed: 0.07s per batch
	--> Time from Last Check: 2.12s
--> Batch: 499, Loss: 0.1166, Label: 4, Survival Months: 33.08, Risk: -15.2904
	--> Average Speed: 0.07s per batch
	--> Time from Last Check: 2.11s
--> Batch: 549, Loss: 0.1918, Label: 17, Survival Months: 193.00, Risk: -15.3246
	--> Average Speed: 0.06s per batch
	--> Time from Last Check: 2.07s
--> Batch: 599, Loss: 1.6320, Label: 18, Survival Months: 214.42, Risk: -14.6217
	--> Average Speed: 0.07s per batch
	--> Time from Last Check: 2.27s
--> Batch: 649, Loss: 0.1776, Label: 14, Survival Months: 114.50, Risk: -13.1991
	--> Average Speed: 0.06s per batch
	--> Time from Last Check: 1.89s
--> Batch: 699, Loss: 0.1279, Label: 7, Survival Months: 46.67, Risk: -12.8565
	--> Average Speed: 0.07s per batch
	--> Time from Last Check: 2.17s
--> Batch: 749, Loss: 0.1223, Label: 2, Survival Months: 24.42, Risk: -10.8239
	--> Average Speed: 0.07s per batch
	--> Time from Last Check: 2.27s
--> Batch: 799, Loss: 0.1661, Label: 13, Survival Months: 89.92, Risk: -12.6294
	--> Average Speed: 0.07s per batch
	--> Time from Last Check: 2.25s
[15/01/2025 - 17:37:47] - Epoch: 1, lr: 0.00010000, training_loss: 0.7291, training_c_index: 0.4658
[15/01/2025 - 17:37:49] - Epoch: 1, validation_loss: 0.5893, validation_c_index: 0.5565
--> New BEST Validation Score: 0.4976, validation_loss: 0.5893, validation_c_index: 0.5565
--> Current BEST Score: 0.4976
	--> validation_loss: 0.5893
	--> best validation_c_index: 0.5565
[15/01/2025 - 17:37:50] - Time elapsed for epoch 1: 39s
[15/01/2025 - 17:37:50] - Epoch: 2
--> Batch: 49, Loss: 0.2615, Label: 18, Survival Months: 246.08, Risk: -13.9516
	--> Average Speed: 0.07s per batch
	--> Time from Last Check: 2.18s
--> Batch: 99, Loss: 0.1953, Label: 13, Survival Months: 90.42, Risk: -10.5662
	--> Average Speed: 0.07s per batch
	--> Time from Last Check: 2.16s
--> Batch: 149, Loss: 0.1192, Label: 9, Survival Months: 52.92, Risk: -14.9655
	--> Average Speed: 0.07s per batch
	--> Time from Last Check: 2.21s
--> Batch: 199, Loss: 0.1553, Label: 11, Survival Months: 78.58, Risk: -11.6960
	--> Average Speed: 0.07s per batch
	--> Time from Last Check: 2.10s
--> Batch: 249, Loss: 0.1473, Label: 16, Survival Months: 166.50, Risk: -15.4124
	--> Average Speed: 0.07s per batch
	--> Time from Last Check: 2.11s
--> Batch: 299, Loss: 2.0322, Label: 19, Survival Months: 284.08, Risk: -14.2636
	--> Average Speed: 0.06s per batch
	--> Time from Last Check: 1.77s
--> Batch: 349, Loss: 3.1256, Label: 15, Survival Months: 140.67, Risk: -8.3072
	--> Average Speed: 0.05s per batch
	--> Time from Last Check: 1.76s
--> Batch: 399, Loss: 0.1177, Label: 11, Survival Months: 74.17, Risk: -15.5354
	--> Average Speed: 0.07s per batch
	--> Time from Last Check: 2.08s
--> Batch: 449, Loss: 0.1435, Label: 11, Survival Months: 75.58, Risk: -12.6670
	--> Average Speed: 0.07s per batch
	--> Time from Last Check: 2.22s
--> Batch: 499, Loss: 0.1566, Label: 14, Survival Months: 102.83, Risk: -13.7765
	--> Average Speed: 0.07s per batch
	--> Time from Last Check: 2.21s
--> Batch: 549, Loss: 0.1142, Label: 8, Survival Months: 48.67, Risk: -14.6773
	--> Average Speed: 0.05s per batch
	--> Time from Last Check: 1.73s
--> Batch: 599, Loss: 0.1131, Label: 11, Survival Months: 71.33, Risk: -15.7274
	--> Average Speed: 0.05s per batch
	--> Time from Last Check: 1.54s
--> Batch: 649, Loss: 0.1283, Label: 14, Survival Months: 110.83, Risk: -15.7772
	--> Average Speed: 0.06s per batch
	--> Time from Last Check: 1.82s
--> Batch: 699, Loss: 0.1553, Label: 10, Survival Months: 63.33, Risk: -10.6998
	--> Average Speed: 0.06s per batch
	--> Time from Last Check: 1.78s
--> Batch: 749, Loss: 0.1171, Label: 3, Survival Months: 29.00, Risk: -10.6891
	--> Average Speed: 0.06s per batch
	--> Time from Last Check: 2.03s
--> Batch: 799, Loss: 0.1559, Label: 15, Survival Months: 124.33, Risk: -14.2834
	--> Average Speed: 0.06s per batch
	--> Time from Last Check: 1.96s
[15/01/2025 - 17:38:23] - Epoch: 2, lr: 0.00009900, training_loss: 0.4368, training_c_index: 0.6669
[15/01/2025 - 17:38:25] - Epoch: 2, validation_loss: 0.6016, validation_c_index: 0.5494
--> No improvement in validation_loss or validation_c_index for 1 epoch(s)
--> Current BEST Score: 0.4976
	--> validation_loss: 0.5893
	--> best validation_c_index: 0.5565
[15/01/2025 - 17:38:25] - Time elapsed for epoch 2: 35s
[15/01/2025 - 17:38:25] - Epoch: 3
--> Batch: 49, Loss: 0.3627, Label: 19, Survival Months: 280.08, Risk: -15.0927
	--> Average Speed: 0.06s per batch
	--> Time from Last Check: 1.97s
--> Batch: 99, Loss: 0.1015, Label: 7, Survival Months: 43.25, Risk: -15.4088
	--> Average Speed: 0.06s per batch
	--> Time from Last Check: 1.82s
--> Batch: 149, Loss: 3.0420, Label: 0, Survival Months: 0.08, Risk: -10.0353
	--> Average Speed: 0.06s per batch
	--> Time from Last Check: 1.90s
--> Batch: 199, Loss: 0.0920, Label: 0, Survival Months: 0.83, Risk: -15.3576
	--> Average Speed: 0.07s per batch
	--> Time from Last Check: 2.23s
--> Batch: 249, Loss: 0.0997, Label: 7, Survival Months: 47.08, Risk: -15.3522
	--> Average Speed: 0.07s per batch
	--> Time from Last Check: 2.21s
--> Batch: 299, Loss: 0.0935, Label: 6, Survival Months: 39.83, Risk: -16.5167
	--> Average Speed: 0.07s per batch
	--> Time from Last Check: 2.28s
--> Batch: 349, Loss: 0.1341, Label: 15, Survival Months: 137.33, Risk: -15.6279
	--> Average Speed: 0.07s per batch
	--> Time from Last Check: 2.30s
--> Batch: 399, Loss: 0.0898, Label: 0, Survival Months: 2.50, Risk: -17.2416
	--> Average Speed: 0.07s per batch
	--> Time from Last Check: 2.22s
--> Batch: 449, Loss: 2.8426, Label: 10, Survival Months: 62.83, Risk: -10.3157
	--> Average Speed: 0.07s per batch
	--> Time from Last Check: 2.22s
--> Batch: 499, Loss: 0.1021, Label: 12, Survival Months: 83.00, Risk: -16.5659
	--> Average Speed: 0.07s per batch
	--> Time from Last Check: 2.22s
--> Batch: 549, Loss: 0.0966, Label: 2, Survival Months: 22.17, Risk: -13.8430
	--> Average Speed: 0.07s per batch
	--> Time from Last Check: 2.21s
--> Batch: 599, Loss: 0.3603, Label: 19, Survival Months: 281.17, Risk: -15.1420
	--> Average Speed: 0.06s per batch
	--> Time from Last Check: 2.02s
--> Batch: 649, Loss: 0.1016, Label: 13, Survival Months: 101.75, Risk: -16.3801
	--> Average Speed: 0.06s per batch
	--> Time from Last Check: 2.07s
--> Batch: 699, Loss: 0.1043, Label: 13, Survival Months: 96.92, Risk: -16.1594
	--> Average Speed: 0.07s per batch
	--> Time from Last Check: 2.18s
--> Batch: 749, Loss: 0.3283, Label: 18, Survival Months: 262.67, Risk: -11.2802
	--> Average Speed: 0.06s per batch
	--> Time from Last Check: 2.08s
--> Batch: 799, Loss: 0.1087, Label: 3, Survival Months: 30.92, Risk: -10.6826
	--> Average Speed: 0.07s per batch
	--> Time from Last Check: 2.17s
[15/01/2025 - 17:39:01] - Epoch: 3, lr: 0.00009801, training_loss: 0.4075, training_c_index: 0.8232
[15/01/2025 - 17:39:03] - Epoch: 3, validation_loss: 0.6906, validation_c_index: 0.3963
--> No improvement in validation_loss or validation_c_index for 2 epoch(s)
--> Current BEST Score: 0.4976
	--> validation_loss: 0.5893
	--> best validation_c_index: 0.5565
[15/01/2025 - 17:39:03] - Time elapsed for epoch 3: 38s
[15/01/2025 - 17:39:03] - Epoch: 4
--> Batch: 49, Loss: 0.0915, Label: 7, Survival Months: 46.17, Risk: -15.7833
	--> Average Speed: 0.05s per batch
	--> Time from Last Check: 1.63s
--> Batch: 99, Loss: 0.0872, Label: 1, Survival Months: 14.17, Risk: -16.2915
	--> Average Speed: 0.06s per batch
	--> Time from Last Check: 1.93s
--> Batch: 149, Loss: 0.1013, Label: 14, Survival Months: 119.75, Risk: -16.9285
	--> Average Speed: 0.07s per batch
	--> Time from Last Check: 2.20s
--> Batch: 199, Loss: 1.5634, Label: 18, Survival Months: 210.00, Risk: -17.2264
	--> Average Speed: 0.07s per batch
	--> Time from Last Check: 2.13s
--> Batch: 249, Loss: 0.2542, Label: 18, Survival Months: 226.50, Risk: -14.1033
	--> Average Speed: 0.07s per batch
	--> Time from Last Check: 2.25s
--> Batch: 299, Loss: 0.0978, Label: 10, Survival Months: 63.33, Risk: -15.8484
	--> Average Speed: 0.07s per batch
	--> Time from Last Check: 2.19s
--> Batch: 349, Loss: 0.1084, Label: 13, Survival Months: 88.83, Risk: -15.4919
	--> Average Speed: 0.07s per batch
	--> Time from Last Check: 2.19s
--> Batch: 399, Loss: 0.0965, Label: 13, Survival Months: 100.67, Risk: -16.6109
	--> Average Speed: 0.07s per batch
	--> Time from Last Check: 2.25s
--> Batch: 449, Loss: 0.0864, Label: 2, Survival Months: 23.75, Risk: -15.8750
	--> Average Speed: 0.07s per batch
	--> Time from Last Check: 2.23s
--> Batch: 499, Loss: 2.6428, Label: 14, Survival Months: 113.75, Risk: -9.1980
	--> Average Speed: 0.07s per batch
	--> Time from Last Check: 2.28s
--> Batch: 549, Loss: 0.0869, Label: 8, Survival Months: 51.33, Risk: -16.9482
	--> Average Speed: 0.07s per batch
	--> Time from Last Check: 2.24s
--> Batch: 599, Loss: 0.0855, Label: 9, Survival Months: 57.83, Risk: -17.2403
	--> Average Speed: 0.07s per batch
	--> Time from Last Check: 2.22s
--> Batch: 649, Loss: 1.6481, Label: 0, Survival Months: 0.00, Risk: -3.4595
	--> Average Speed: 0.07s per batch
	--> Time from Last Check: 2.23s
--> Batch: 699, Loss: 2.4648, Label: 15, Survival Months: 136.83, Risk: -13.7024
	--> Average Speed: 0.07s per batch
	--> Time from Last Check: 2.19s
--> Batch: 749, Loss: 0.1022, Label: 14, Survival Months: 103.92, Risk: -16.8728
	--> Average Speed: 0.06s per batch
	--> Time from Last Check: 2.04s
--> Batch: 799, Loss: 0.1014, Label: 14, Survival Months: 113.25, Risk: -17.1481
	--> Average Speed: 0.07s per batch
	--> Time from Last Check: 2.14s
[15/01/2025 - 17:39:39] - Epoch: 4, lr: 0.00009703, training_loss: 0.3746, training_c_index: 0.8694
[15/01/2025 - 17:39:41] - Epoch: 4, validation_loss: 0.6803, validation_c_index: 0.5745
--> New BEST Validation Score: 0.5064, validation_loss: 0.6803, validation_c_index: 0.5745
--> Current BEST Score: 0.5064
	--> validation_loss: 0.6803
	--> best validation_c_index: 0.5745
[15/01/2025 - 17:39:42] - Time elapsed for epoch 4: 39s
[15/01/2025 - 17:39:42] - Epoch: 5
--> Batch: 49, Loss: 0.0854, Label: 10, Survival Months: 66.50, Risk: -17.5522
	--> Average Speed: 0.07s per batch
	--> Time from Last Check: 2.34s
--> Batch: 99, Loss: 0.3160, Label: 18, Survival Months: 206.92, Risk: -11.7805
	--> Average Speed: 0.07s per batch
	--> Time from Last Check: 2.27s
--> Batch: 149, Loss: 0.0888, Label: 13, Survival Months: 96.92, Risk: -17.4074
	--> Average Speed: 0.07s per batch
	--> Time from Last Check: 2.28s
--> Batch: 199, Loss: 0.1091, Label: 15, Survival Months: 134.50, Risk: -16.8577
	--> Average Speed: 0.06s per batch
	--> Time from Last Check: 2.07s
--> Batch: 249, Loss: 0.0893, Label: 9, Survival Months: 51.83, Risk: -15.8235
	--> Average Speed: 0.07s per batch
	--> Time from Last Check: 2.08s
--> Batch: 299, Loss: 0.0989, Label: 14, Survival Months: 114.50, Risk: -17.2237
	--> Average Speed: 0.07s per batch
	--> Time from Last Check: 2.23s
--> Batch: 349, Loss: 0.1110, Label: 14, Survival Months: 108.42, Risk: -16.3366
	--> Average Speed: 0.07s per batch
	--> Time from Last Check: 2.09s
--> Batch: 399, Loss: 0.0846, Label: 10, Survival Months: 58.92, Risk: -17.3169
	--> Average Speed: 0.06s per batch
	--> Time from Last Check: 1.90s
--> Batch: 449, Loss: 0.0894, Label: 12, Survival Months: 88.25, Risk: -17.2715
	--> Average Speed: 0.06s per batch
	--> Time from Last Check: 1.81s
--> Batch: 499, Loss: 0.3372, Label: 19, Survival Months: 559.92, Risk: -16.8059
	--> Average Speed: 0.04s per batch
	--> Time from Last Check: 1.42s
--> Batch: 549, Loss: 0.0907, Label: 13, Survival Months: 95.83, Risk: -17.0801
	--> Average Speed: 0.06s per batch
	--> Time from Last Check: 1.95s
--> Batch: 599, Loss: 3.2083, Label: 13, Survival Months: 97.83, Risk: -8.8972
	--> Average Speed: 0.07s per batch
	--> Time from Last Check: 2.12s
--> Batch: 649, Loss: 0.0822, Label: 0, Survival Months: 0.83, Risk: -15.4177
	--> Average Speed: 0.07s per batch
	--> Time from Last Check: 2.27s
--> Batch: 699, Loss: 0.0820, Label: 0, Survival Months: 1.75, Risk: -16.0658
	--> Average Speed: 0.06s per batch
	--> Time from Last Check: 2.06s
--> Batch: 749, Loss: 0.0820, Label: 2, Survival Months: 24.17, Risk: -17.3313
	--> Average Speed: 0.07s per batch
	--> Time from Last Check: 2.17s
--> Batch: 799, Loss: 0.3156, Label: 19, Survival Months: 327.33, Risk: -17.3823
	--> Average Speed: 0.07s per batch
	--> Time from Last Check: 2.18s
[15/01/2025 - 17:40:17] - Epoch: 5, lr: 0.00009606, training_loss: 0.3568, training_c_index: 0.9044
[15/01/2025 - 17:40:19] - Epoch: 5, validation_loss: 0.6902, validation_c_index: 0.6158
--> New BEST Validation Score: 0.5468, validation_loss: 0.6902, validation_c_index: 0.6158
--> Current BEST Score: 0.5468
	--> validation_loss: 0.6902
	--> best validation_c_index: 0.6158
[15/01/2025 - 17:40:19] - Time elapsed for epoch 5: 37s
[15/01/2025 - 17:40:19] - Epoch: 6
--> Batch: 49, Loss: 0.0824, Label: 5, Survival Months: 35.67, Risk: -16.5274
	--> Average Speed: 0.07s per batch
	--> Time from Last Check: 2.24s
--> Batch: 99, Loss: 0.0897, Label: 3, Survival Months: 30.42, Risk: -12.6202
	--> Average Speed: 0.07s per batch
	--> Time from Last Check: 2.21s
--> Batch: 149, Loss: 0.3341, Label: 19, Survival Months: 357.08, Risk: -15.5946
	--> Average Speed: 0.07s per batch
	--> Time from Last Check: 2.17s
--> Batch: 199, Loss: 0.0832, Label: 4, Survival Months: 34.33, Risk: -15.2829
	--> Average Speed: 0.07s per batch
	--> Time from Last Check: 2.22s
--> Batch: 249, Loss: 0.0818, Label: 7, Survival Months: 45.00, Risk: -17.1254
	--> Average Speed: 0.07s per batch
	--> Time from Last Check: 2.19s
--> Batch: 299, Loss: 0.0823, Label: 7, Survival Months: 43.83, Risk: -16.5417
	--> Average Speed: 0.07s per batch
	--> Time from Last Check: 2.26s
--> Batch: 349, Loss: 0.0828, Label: 1, Survival Months: 4.75, Risk: -13.6855
	--> Average Speed: 0.07s per batch
	--> Time from Last Check: 2.16s
--> Batch: 399, Loss: 0.1037, Label: 15, Survival Months: 130.08, Risk: -17.2560
	--> Average Speed: 0.07s per batch
	--> Time from Last Check: 2.18s
--> Batch: 449, Loss: 0.0808, Label: 0, Survival Months: 0.08, Risk: -16.8528
	--> Average Speed: 0.07s per batch
	--> Time from Last Check: 2.22s
--> Batch: 499, Loss: 0.0808, Label: 5, Survival Months: 37.33, Risk: -18.0040
	--> Average Speed: 0.07s per batch
	--> Time from Last Check: 2.22s
--> Batch: 549, Loss: 0.2398, Label: 17, Survival Months: 175.67, Risk: -12.8327
	--> Average Speed: 0.07s per batch
	--> Time from Last Check: 2.25s
--> Batch: 599, Loss: 0.0810, Label: 3, Survival Months: 26.83, Risk: -17.2064
	--> Average Speed: 0.07s per batch
	--> Time from Last Check: 2.22s
--> Batch: 649, Loss: 2.4853, Label: 16, Survival Months: 148.42, Risk: -17.5964
	--> Average Speed: 0.07s per batch
	--> Time from Last Check: 2.23s
--> Batch: 699, Loss: 0.0851, Label: 12, Survival Months: 84.42, Risk: -17.5121
	--> Average Speed: 0.05s per batch
	--> Time from Last Check: 1.53s
--> Batch: 749, Loss: 0.0811, Label: 7, Survival Months: 43.00, Risk: -17.3393
	--> Average Speed: 0.04s per batch
	--> Time from Last Check: 1.35s
--> Batch: 799, Loss: 2.4919, Label: 10, Survival Months: 62.83, Risk: -7.9941
	--> Average Speed: 0.06s per batch
	--> Time from Last Check: 2.07s
[15/01/2025 - 17:40:55] - Epoch: 6, lr: 0.00009510, training_loss: 0.3443, training_c_index: 0.9135
[15/01/2025 - 17:40:57] - Epoch: 6, validation_loss: 0.7820, validation_c_index: 0.5482
--> No improvement in validation_loss or validation_c_index for 1 epoch(s)
--> Current BEST Score: 0.5468
	--> validation_loss: 0.6902
	--> best validation_c_index: 0.6158
[15/01/2025 - 17:40:57] - Time elapsed for epoch 6: 38s
[15/01/2025 - 17:40:57] - Epoch: 7
--> Batch: 49, Loss: 0.0862, Label: 12, Survival Months: 83.08, Risk: -17.1867
	--> Average Speed: 0.07s per batch
	--> Time from Last Check: 2.15s
--> Batch: 99, Loss: 0.0808, Label: 1, Survival Months: 14.17, Risk: -17.5019
	--> Average Speed: 0.06s per batch
	--> Time from Last Check: 1.96s
--> Batch: 149, Loss: 1.9430, Label: 17, Survival Months: 182.67, Risk: -17.1219
	--> Average Speed: 0.06s per batch
	--> Time from Last Check: 1.99s
--> Batch: 199, Loss: 0.0807, Label: 0, Survival Months: 0.08, Risk: -17.3395
	--> Average Speed: 0.07s per batch
	--> Time from Last Check: 2.16s
--> Batch: 249, Loss: 2.1198, Label: 3, Survival Months: 28.00, Risk: -2.8677
	--> Average Speed: 0.07s per batch
	--> Time from Last Check: 2.22s
--> Batch: 299, Loss: 0.0959, Label: 13, Survival Months: 101.00, Risk: -16.4055
	--> Average Speed: 0.07s per batch
	--> Time from Last Check: 2.14s
--> Batch: 349, Loss: 0.3401, Label: 19, Survival Months: 278.50, Risk: -16.8754
	--> Average Speed: 0.07s per batch
	--> Time from Last Check: 2.21s
--> Batch: 399, Loss: 2.3196, Label: 15, Survival Months: 141.17, Risk: -17.3524
	--> Average Speed: 0.07s per batch
	--> Time from Last Check: 2.20s
--> Batch: 449, Loss: 0.3444, Label: 19, Survival Months: 536.25, Risk: -17.8276
	--> Average Speed: 0.07s per batch
	--> Time from Last Check: 2.21s
--> Batch: 499, Loss: 0.0806, Label: 4, Survival Months: 31.75, Risk: -16.6821
	--> Average Speed: 0.07s per batch
	--> Time from Last Check: 2.22s
--> Batch: 549, Loss: 0.2813, Label: 15, Survival Months: 125.42, Risk: -10.3400
	--> Average Speed: 0.06s per batch
	--> Time from Last Check: 1.81s
--> Batch: 599, Loss: 2.2003, Label: 17, Survival Months: 189.42, Risk: -17.0946
	--> Average Speed: 0.07s per batch
	--> Time from Last Check: 2.18s
--> Batch: 649, Loss: 0.0835, Label: 3, Survival Months: 26.42, Risk: -14.1275
	--> Average Speed: 0.06s per batch
	--> Time from Last Check: 2.03s
--> Batch: 699, Loss: 0.0997, Label: 14, Survival Months: 119.75, Risk: -16.5613
	--> Average Speed: 0.07s per batch
	--> Time from Last Check: 2.17s
--> Batch: 749, Loss: 0.0864, Label: 13, Survival Months: 100.83, Risk: -17.1771
	--> Average Speed: 0.07s per batch
	--> Time from Last Check: 2.22s
--> Batch: 799, Loss: 0.0799, Label: 1, Survival Months: 5.83, Risk: -17.6770
	--> Average Speed: 0.07s per batch
	--> Time from Last Check: 2.21s
[15/01/2025 - 17:41:33] - Epoch: 7, lr: 0.00009415, training_loss: 0.3467, training_c_index: 0.8984
[15/01/2025 - 17:41:35] - Epoch: 7, validation_loss: 0.7768, validation_c_index: 0.5006
--> No improvement in validation_loss or validation_c_index for 2 epoch(s)
--> Current BEST Score: 0.5468
	--> validation_loss: 0.6902
	--> best validation_c_index: 0.6158
[15/01/2025 - 17:41:35] - Time elapsed for epoch 7: 38s
[15/01/2025 - 17:41:35] - Epoch: 8
--> Batch: 49, Loss: 0.2253, Label: 18, Survival Months: 220.42, Risk: -17.6014
	--> Average Speed: 0.07s per batch
	--> Time from Last Check: 2.21s
--> Batch: 99, Loss: 0.0863, Label: 12, Survival Months: 81.17, Risk: -17.1729
	--> Average Speed: 0.07s per batch
	--> Time from Last Check: 2.20s
--> Batch: 149, Loss: 0.2259, Label: 18, Survival Months: 206.92, Risk: -16.6229
	--> Average Speed: 0.06s per batch
	--> Time from Last Check: 1.89s
--> Batch: 199, Loss: 0.1125, Label: 17, Survival Months: 200.25, Risk: -17.4167
	--> Average Speed: 0.06s per batch
	--> Time from Last Check: 1.91s
--> Batch: 249, Loss: 0.0798, Label: 10, Survival Months: 63.42, Risk: -17.7256
	--> Average Speed: 0.07s per batch
	--> Time from Last Check: 2.16s
--> Batch: 299, Loss: 0.1185, Label: 12, Survival Months: 83.83, Risk: -14.2194
	--> Average Speed: 0.07s per batch
	--> Time from Last Check: 2.11s
--> Batch: 349, Loss: 0.0793, Label: 5, Survival Months: 35.67, Risk: -16.4625
	--> Average Speed: 0.07s per batch
	--> Time from Last Check: 2.23s
--> Batch: 399, Loss: 0.3767, Label: 19, Survival Months: 352.75, Risk: -13.7783
	--> Average Speed: 0.07s per batch
	--> Time from Last Check: 2.23s
--> Batch: 449, Loss: 0.0792, Label: 10, Survival Months: 60.50, Risk: -17.7543
	--> Average Speed: 0.07s per batch
	--> Time from Last Check: 2.22s
--> Batch: 499, Loss: 0.0788, Label: 6, Survival Months: 38.92, Risk: -17.2609
	--> Average Speed: 0.06s per batch
	--> Time from Last Check: 2.00s
--> Batch: 549, Loss: 0.0819, Label: 11, Survival Months: 69.75, Risk: -16.7795
	--> Average Speed: 0.07s per batch
	--> Time from Last Check: 2.16s
--> Batch: 599, Loss: 0.0798, Label: 3, Survival Months: 26.83, Risk: -15.3275
	--> Average Speed: 0.06s per batch
	--> Time from Last Check: 2.03s
--> Batch: 649, Loss: 0.0792, Label: 2, Survival Months: 22.83, Risk: -15.7356
	--> Average Speed: 0.06s per batch
	--> Time from Last Check: 1.80s
--> Batch: 699, Loss: 0.0796, Label: 5, Survival Months: 37.33, Risk: -15.5499
	--> Average Speed: 0.06s per batch
	--> Time from Last Check: 1.93s
--> Batch: 749, Loss: 0.1660, Label: 16, Survival Months: 162.33, Risk: -15.2757
	--> Average Speed: 0.06s per batch
	--> Time from Last Check: 1.98s
--> Batch: 799, Loss: 0.0957, Label: 13, Survival Months: 94.92, Risk: -15.9883
	--> Average Speed: 0.06s per batch
	--> Time from Last Check: 1.99s
[15/01/2025 - 17:42:09] - Epoch: 8, lr: 0.00009321, training_loss: 0.3254, training_c_index: 0.9116
[15/01/2025 - 17:42:12] - Epoch: 8, validation_loss: 0.7767, validation_c_index: 0.5866
--> No improvement in validation_loss or validation_c_index for 3 epoch(s)
--> Current BEST Score: 0.5468
	--> validation_loss: 0.6902
	--> best validation_c_index: 0.6158
[15/01/2025 - 17:42:12] - Time elapsed for epoch 8: 37s
[15/01/2025 - 17:42:12] - Epoch: 9
--> Batch: 49, Loss: 0.0782, Label: 2, Survival Months: 23.92, Risk: -17.6949
	--> Average Speed: 0.06s per batch
	--> Time from Last Check: 2.07s
--> Batch: 99, Loss: 0.1966, Label: 18, Survival Months: 234.42, Risk: -17.7983
	--> Average Speed: 0.06s per batch
	--> Time from Last Check: 1.90s
--> Batch: 149, Loss: 0.0809, Label: 11, Survival Months: 76.00, Risk: -16.6256
	--> Average Speed: 0.06s per batch
	--> Time from Last Check: 1.83s
--> Batch: 199, Loss: 0.0778, Label: 0, Survival Months: 0.00, Risk: -16.6270
	--> Average Speed: 0.07s per batch
	--> Time from Last Check: 2.12s
--> Batch: 249, Loss: 0.0803, Label: 9, Survival Months: 55.33, Risk: -16.3773
	--> Average Speed: 0.07s per batch
	--> Time from Last Check: 2.20s
--> Batch: 299, Loss: 2.3846, Label: 12, Survival Months: 79.92, Risk: -8.1227
	--> Average Speed: 0.07s per batch
	--> Time from Last Check: 2.19s
--> Batch: 349, Loss: 0.0776, Label: 5, Survival Months: 35.50, Risk: -17.6850
	--> Average Speed: 0.05s per batch
	--> Time from Last Check: 1.61s
--> Batch: 399, Loss: 0.0774, Label: 1, Survival Months: 2.58, Risk: -17.8197
	--> Average Speed: 0.05s per batch
	--> Time from Last Check: 1.49s
--> Batch: 449, Loss: 0.0775, Label: 4, Survival Months: 32.00, Risk: -16.6862
	--> Average Speed: 0.05s per batch
	--> Time from Last Check: 1.59s
--> Batch: 499, Loss: 0.0774, Label: 4, Survival Months: 32.25, Risk: -17.4758
	--> Average Speed: 0.05s per batch
	--> Time from Last Check: 1.65s
--> Batch: 549, Loss: 0.1028, Label: 16, Survival Months: 166.33, Risk: -17.6040
	--> Average Speed: 0.05s per batch
	--> Time from Last Check: 1.72s
--> Batch: 599, Loss: 0.0771, Label: 3, Survival Months: 29.33, Risk: -18.1485
	--> Average Speed: 0.05s per batch
	--> Time from Last Check: 1.75s
--> Batch: 649, Loss: 0.0771, Label: 5, Survival Months: 37.50, Risk: -17.9452
	--> Average Speed: 0.06s per batch
	--> Time from Last Check: 1.79s
--> Batch: 699, Loss: 0.0791, Label: 11, Survival Months: 73.42, Risk: -17.3944
	--> Average Speed: 0.06s per batch
	--> Time from Last Check: 1.90s
--> Batch: 749, Loss: 0.0772, Label: 1, Survival Months: 6.58, Risk: -15.0615
	--> Average Speed: 0.05s per batch
	--> Time from Last Check: 1.61s
--> Batch: 799, Loss: 0.0777, Label: 10, Survival Months: 63.42, Risk: -17.9318
	--> Average Speed: 0.05s per batch
	--> Time from Last Check: 1.74s
[15/01/2025 - 17:42:42] - Epoch: 9, lr: 0.00009227, training_loss: 0.3073, training_c_index: 0.9307
[15/01/2025 - 17:42:44] - Epoch: 9, validation_loss: 0.9498, validation_c_index: 0.3880
--> No improvement in validation_loss or validation_c_index for 4 epoch(s)
--> Current BEST Score: 0.5468
	--> validation_loss: 0.6902
	--> best validation_c_index: 0.6158
[15/01/2025 - 17:42:44] - Time elapsed for epoch 9: 33s
[15/01/2025 - 17:42:44] - Epoch: 10
--> Batch: 49, Loss: 3.1014, Label: 17, Survival Months: 189.42, Risk: -17.9358
	--> Average Speed: 0.06s per batch
	--> Time from Last Check: 1.91s
--> Batch: 99, Loss: 0.0802, Label: 2, Survival Months: 21.50, Risk: -11.3389
	--> Average Speed: 0.05s per batch
	--> Time from Last Check: 1.73s
--> Batch: 149, Loss: 0.3863, Label: 19, Survival Months: 473.08, Risk: -15.4958
	--> Average Speed: 0.06s per batch
	--> Time from Last Check: 1.79s
--> Batch: 199, Loss: 0.0765, Label: 2, Survival Months: 20.17, Risk: -16.2786
	--> Average Speed: 0.07s per batch
	--> Time from Last Check: 2.20s
--> Batch: 249, Loss: 0.0763, Label: 0, Survival Months: 0.83, Risk: -17.4230
	--> Average Speed: 0.06s per batch
	--> Time from Last Check: 2.07s
--> Batch: 299, Loss: 0.0764, Label: 2, Survival Months: 24.08, Risk: -15.4885
	--> Average Speed: 0.06s per batch
	--> Time from Last Check: 1.97s
--> Batch: 349, Loss: 2.0825, Label: 10, Survival Months: 60.25, Risk: -8.3036
	--> Average Speed: 0.06s per batch
	--> Time from Last Check: 1.82s
--> Batch: 399, Loss: 0.0769, Label: 9, Survival Months: 55.50, Risk: -17.8101
	--> Average Speed: 0.07s per batch
	--> Time from Last Check: 2.11s
--> Batch: 449, Loss: 0.0799, Label: 13, Survival Months: 100.83, Risk: -17.4243
	--> Average Speed: 0.06s per batch
	--> Time from Last Check: 1.97s
--> Batch: 499, Loss: 0.0771, Label: 13, Survival Months: 89.50, Risk: -18.0634
	--> Average Speed: 0.06s per batch
	--> Time from Last Check: 2.08s
--> Batch: 549, Loss: 0.3202, Label: 19, Survival Months: 362.83, Risk: -18.2828
	--> Average Speed: 0.07s per batch
	--> Time from Last Check: 2.13s
--> Batch: 599, Loss: 0.0761, Label: 10, Survival Months: 59.42, Risk: -18.2035
	--> Average Speed: 0.06s per batch
	--> Time from Last Check: 1.79s
--> Batch: 649, Loss: 0.0757, Label: 1, Survival Months: 2.58, Risk: -18.2664
	--> Average Speed: 0.06s per batch
	--> Time from Last Check: 1.91s
--> Batch: 699, Loss: 0.0756, Label: 4, Survival Months: 32.00, Risk: -18.1518
	--> Average Speed: 0.07s per batch
	--> Time from Last Check: 2.16s
--> Batch: 749, Loss: 0.0765, Label: 10, Survival Months: 63.92, Risk: -17.8378
	--> Average Speed: 0.06s per batch
	--> Time from Last Check: 2.08s
--> Batch: 799, Loss: 0.1469, Label: 18, Survival Months: 257.83, Risk: -17.8703
	--> Average Speed: 0.04s per batch
	--> Time from Last Check: 1.31s
[15/01/2025 - 17:43:17] - Epoch: 10, lr: 0.00009135, training_loss: 0.2880, training_c_index: 0.9471
[15/01/2025 - 17:43:19] - Epoch: 10, validation_loss: 0.9431, validation_c_index: 0.4681
--> No improvement in validation_loss or validation_c_index for 5 epoch(s)
--> Current BEST Score: 0.5468
	--> validation_loss: 0.6902
	--> best validation_c_index: 0.6158
[15/01/2025 - 17:43:19] - Time elapsed for epoch 10: 35s
[15/01/2025 - 17:43:19] - Epoch: 11
--> Batch: 49, Loss: 0.1694, Label: 18, Survival Months: 259.33, Risk: -17.9839
	--> Average Speed: 0.05s per batch
	--> Time from Last Check: 1.62s
--> Batch: 99, Loss: 0.0755, Label: 4, Survival Months: 33.00, Risk: -17.7895
	--> Average Speed: 0.05s per batch
	--> Time from Last Check: 1.76s
--> Batch: 149, Loss: 0.1697, Label: 18, Survival Months: 260.08, Risk: -18.0287
	--> Average Speed: 0.06s per batch
	--> Time from Last Check: 1.78s
--> Batch: 199, Loss: 0.0807, Label: 6, Survival Months: 39.83, Risk: -11.8580
	--> Average Speed: 0.06s per batch
	--> Time from Last Check: 1.76s
--> Batch: 249, Loss: 2.4001, Label: 11, Survival Months: 71.67, Risk: -6.9758
	--> Average Speed: 0.05s per batch
	--> Time from Last Check: 1.71s
--> Batch: 299, Loss: 0.0755, Label: 3, Survival Months: 30.42, Risk: -16.9490
	--> Average Speed: 0.05s per batch
	--> Time from Last Check: 1.58s
--> Batch: 349, Loss: 0.0757, Label: 8, Survival Months: 48.08, Risk: -17.8691
	--> Average Speed: 0.06s per batch
	--> Time from Last Check: 1.91s
--> Batch: 399, Loss: 0.0756, Label: 3, Survival Months: 26.67, Risk: -16.1917
	--> Average Speed: 0.04s per batch
	--> Time from Last Check: 1.36s
--> Batch: 449, Loss: 0.0755, Label: 2, Survival Months: 25.33, Risk: -18.3965
	--> Average Speed: 0.04s per batch
	--> Time from Last Check: 1.34s
--> Batch: 499, Loss: 0.0794, Label: 14, Survival Months: 103.92, Risk: -18.3751
	--> Average Speed: 0.05s per batch
	--> Time from Last Check: 1.57s
--> Batch: 549, Loss: 0.0762, Label: 11, Survival Months: 78.58, Risk: -18.2387
	--> Average Speed: 0.06s per batch
	--> Time from Last Check: 1.77s
--> Batch: 599, Loss: 0.0753, Label: 5, Survival Months: 36.58, Risk: -18.4753
	--> Average Speed: 0.06s per batch
	--> Time from Last Check: 1.86s
--> Batch: 649, Loss: 0.1052, Label: 17, Survival Months: 182.50, Risk: -18.2366
	--> Average Speed: 0.06s per batch
	--> Time from Last Check: 1.81s
--> Batch: 699, Loss: 0.0868, Label: 17, Survival Months: 197.67, Risk: -18.0110
	--> Average Speed: 0.06s per batch
	--> Time from Last Check: 1.81s
--> Batch: 749, Loss: 0.0776, Label: 11, Survival Months: 73.17, Risk: -17.3500
	--> Average Speed: 0.06s per batch
	--> Time from Last Check: 1.81s
--> Batch: 799, Loss: 0.0971, Label: 13, Survival Months: 99.67, Risk: -15.6111
	--> Average Speed: 0.06s per batch
	--> Time from Last Check: 1.86s
[15/01/2025 - 17:43:48] - Epoch: 11, lr: 0.00009044, training_loss: 0.2861, training_c_index: 0.9451
[15/01/2025 - 17:43:50] - Epoch: 11, validation_loss: 1.0298, validation_c_index: 0.4777
--> No improvement in validation_loss or validation_c_index for 6 epoch(s)
--> Current BEST Score: 0.5468
	--> validation_loss: 0.6902
	--> best validation_c_index: 0.6158
[15/01/2025 - 17:43:50] - Time elapsed for epoch 11: 31s
[15/01/2025 - 17:43:50] - Epoch: 12
--> Batch: 49, Loss: 0.0768, Label: 14, Survival Months: 108.42, Risk: -17.9298
	--> Average Speed: 0.06s per batch
	--> Time from Last Check: 1.88s
--> Batch: 99, Loss: 0.0768, Label: 12, Survival Months: 88.50, Risk: -17.7742
	--> Average Speed: 0.07s per batch
	--> Time from Last Check: 2.12s
--> Batch: 149, Loss: 2.2239, Label: 17, Survival Months: 182.67, Risk: -17.9090
	--> Average Speed: 0.06s per batch
	--> Time from Last Check: 1.98s
--> Batch: 199, Loss: 0.0797, Label: 13, Survival Months: 89.92, Risk: -17.5113
	--> Average Speed: 0.05s per batch
	--> Time from Last Check: 1.55s
--> Batch: 249, Loss: 0.0749, Label: 5, Survival Months: 36.58, Risk: -15.8085
	--> Average Speed: 0.05s per batch
	--> Time from Last Check: 1.70s
--> Batch: 299, Loss: 0.0829, Label: 13, Survival Months: 101.67, Risk: -16.9498
	--> Average Speed: 0.07s per batch
	--> Time from Last Check: 2.14s
--> Batch: 349, Loss: 0.0754, Label: 10, Survival Months: 64.08, Risk: -17.4646
	--> Average Speed: 0.06s per batch
	--> Time from Last Check: 1.99s
--> Batch: 399, Loss: 0.0747, Label: 5, Survival Months: 37.08, Risk: -17.4210
	--> Average Speed: 0.07s per batch
	--> Time from Last Check: 2.14s
--> Batch: 449, Loss: 4.2743, Label: 13, Survival Months: 93.92, Risk: -16.8703
	--> Average Speed: 0.05s per batch
	--> Time from Last Check: 1.71s
--> Batch: 499, Loss: 0.0806, Label: 14, Survival Months: 107.33, Risk: -17.6526
	--> Average Speed: 0.07s per batch
	--> Time from Last Check: 2.15s
--> Batch: 549, Loss: 0.0755, Label: 7, Survival Months: 43.33, Risk: -15.4730
	--> Average Speed: 0.07s per batch
	--> Time from Last Check: 2.23s
--> Batch: 599, Loss: 0.0808, Label: 15, Survival Months: 121.33, Risk: -17.6402
	--> Average Speed: 0.07s per batch
	--> Time from Last Check: 2.17s
--> Batch: 649, Loss: 0.0751, Label: 12, Survival Months: 84.42, Risk: -17.9312
	--> Average Speed: 0.06s per batch
	--> Time from Last Check: 1.80s
--> Batch: 699, Loss: 0.0746, Label: 6, Survival Months: 41.58, Risk: -17.8248
	--> Average Speed: 0.05s per batch
	--> Time from Last Check: 1.56s
--> Batch: 749, Loss: 0.0789, Label: 15, Survival Months: 125.42, Risk: -18.2125
	--> Average Speed: 0.07s per batch
	--> Time from Last Check: 2.11s
--> Batch: 799, Loss: 0.0746, Label: 0, Survival Months: 0.00, Risk: -12.5576
	--> Average Speed: 0.07s per batch
	--> Time from Last Check: 2.25s
[15/01/2025 - 17:44:23] - Epoch: 12, lr: 0.00008953, training_loss: 0.2819, training_c_index: 0.9427
[15/01/2025 - 17:44:25] - Epoch: 12, validation_loss: 0.8904, validation_c_index: 0.5995
--> No improvement in validation_loss or validation_c_index for 7 epoch(s)
--> Current BEST Score: 0.5468
	--> validation_loss: 0.6902
	--> best validation_c_index: 0.6158
--> Early stopping triggered after 7 epochs without improvement
[15/01/2025 - 17:44:25] - Restoring best model from epoch 5
--> Model discarded due to low validation C-Index.

########### [15/01/2025 - 17:44:25] - Training completed (Fold n°2) ############

########### [15/01/2025 - 17:44:25] - Validation started (Fold n°2) ############
[15/01/2025 - 17:44:28] - Testing, testing_loss: 0.6902, testing_c_index: 0.6158
[15/01/2025 - 17:44:28] - Time elapsed for Validation: 2s

########## [15/01/2025 - 17:44:28] - Validation completed (Fold n°2) ###########

###################### [15/01/2025 - 17:44:28] - Fold n°3 ######################

MODEL: MCAT
--> Trainable parameters of MCAT: 9362966
--> Loss function: CrossEntropySurvivalLoss
--> Optimizer: adam

############ [15/01/2025 - 17:44:28] - Training started (Fold n°3) #############
[15/01/2025 - 17:44:28] - Epoch: 1
--> Batch: 49, Loss: 1.2685, Label: 16, Survival Months: 148.58, Risk: -1.0499
	--> Average Speed: 0.08s per batch
	--> Time from Last Check: 2.45s
--> Batch: 99, Loss: 5.5010, Label: 8, Survival Months: 48.67, Risk: -1.1002
	--> Average Speed: 0.07s per batch
	--> Time from Last Check: 2.21s
--> Batch: 149, Loss: 0.4594, Label: 5, Survival Months: 36.58, Risk: -1.2776
	--> Average Speed: 0.07s per batch
	--> Time from Last Check: 2.25s
--> Batch: 199, Loss: 0.4959, Label: 7, Survival Months: 43.25, Risk: -1.6568
	--> Average Speed: 0.07s per batch
	--> Time from Last Check: 2.25s
--> Batch: 249, Loss: 0.2702, Label: 3, Survival Months: 29.17, Risk: -2.0733
	--> Average Speed: 0.07s per batch
	--> Time from Last Check: 2.21s
--> Batch: 299, Loss: 0.2345, Label: 6, Survival Months: 39.75, Risk: -4.6660
	--> Average Speed: 0.07s per batch
	--> Time from Last Check: 2.20s
--> Batch: 349, Loss: 0.1241, Label: 2, Survival Months: 18.08, Risk: -11.6162
	--> Average Speed: 0.07s per batch
	--> Time from Last Check: 2.18s
--> Batch: 399, Loss: 0.1258, Label: 9, Survival Months: 57.25, Risk: -14.3916
	--> Average Speed: 0.07s per batch
	--> Time from Last Check: 2.19s
--> Batch: 449, Loss: 0.1162, Label: 4, Survival Months: 32.25, Risk: -15.3315
	--> Average Speed: 0.07s per batch
	--> Time from Last Check: 2.17s
--> Batch: 499, Loss: 0.2816, Label: 18, Survival Months: 246.08, Risk: -15.5694
	--> Average Speed: 0.07s per batch
	--> Time from Last Check: 2.14s
--> Batch: 549, Loss: 0.2753, Label: 18, Survival Months: 221.17, Risk: -14.4751
	--> Average Speed: 0.07s per batch
	--> Time from Last Check: 2.22s
--> Batch: 599, Loss: 0.1179, Label: 2, Survival Months: 20.17, Risk: -14.2658
	--> Average Speed: 0.06s per batch
	--> Time from Last Check: 2.03s
--> Batch: 649, Loss: 0.1784, Label: 13, Survival Months: 99.67, Risk: -12.3164
	--> Average Speed: 0.05s per batch
	--> Time from Last Check: 1.75s
--> Batch: 699, Loss: 0.1787, Label: 14, Survival Months: 118.50, Risk: -13.2990
	--> Average Speed: 0.06s per batch
	--> Time from Last Check: 1.79s
--> Batch: 749, Loss: 0.1432, Label: 11, Survival Months: 74.17, Risk: -13.3479
	--> Average Speed: 0.05s per batch
	--> Time from Last Check: 1.62s
--> Batch: 799, Loss: 0.1589, Label: 14, Survival Months: 112.25, Risk: -14.5985
	--> Average Speed: 0.05s per batch
	--> Time from Last Check: 1.59s
[15/01/2025 - 17:45:02] - Epoch: 1, lr: 0.00010000, training_loss: 0.7934, training_c_index: 0.5152
[15/01/2025 - 17:45:04] - Epoch: 1, validation_loss: 0.5607, validation_c_index: 0.4800
--> New BEST Validation Score: 0.4240, validation_loss: 0.5607, validation_c_index: 0.4800
--> Current BEST Score: 0.4240
	--> validation_loss: 0.5607
	--> best validation_c_index: 0.4800
[15/01/2025 - 17:45:05] - Time elapsed for epoch 1: 37s
[15/01/2025 - 17:45:05] - Epoch: 2
