Environment conda activated
Job 2505435 started

#################### [10/01/2025 - 03:38:04] - MCAT started ####################
HOSTNAME: gervasoni

WANDB: setting up for report

CUDA: available
--> Device count: 1
--> Using device: Quadro RTX 5000
--> Running on CUDA

DATASET: Loading data
--> Remaining samples after removing incomplete: 1039
--> Class intervals: [
	0: [0.00 - 2.57]
	1: [2.57 - 17.70]
	2: [17.70 - 26.37]
	3: [26.37 - 31.25]
	4: [31.25 - 34.71]
	5: [34.71 - 38.03]
	6: [38.03 - 42.94]
	7: [42.94 - 47.45]
	8: [47.45 - 51.69]
	9: [51.69 - 58.17]
	10: [58.17 - 67.10]
	11: [67.10 - 79.80]
	12: [79.80 - 88.56]
	13: [88.56 - 102.25]
	14: [102.25 - 120.62]
	15: [120.62 - 141.88]
	16: [141.88 - 174.40]
	17: [174.40 - 205.88]
	18: [205.88 - 263.29]
	19: [263.29 - 593.83]
    ]
--> Standardizing RNA-seq data
--> Standardizing Methylation Islands beta values
--> Gene Expression Signatures size: [19938]
--> Methylation Signatures size: [4522]
--> Using 80% training, 20% validation
--> Training Set: [831], Testing Set: [208]

MODEL: MCAT
--> Trainable parameters of MCAT: 9362966
--> Loss function: CrossEntropySurvivalLoss
--> Optimizer: adam

################## [10/01/2025 - 03:38:35] - Training started ##################
[10/01/2025 - 03:38:35] - Epoch: 1
--> Batch: 49, Loss: 0.0000, Label: 15, Survival Months: 127.33, Risk: -1.0079
	--> Average Speed: 0.07s per batch
	--> Time from Last Check: 2.18s
--> Batch: 99, Loss: 0.0000, Label: 3, Survival Months: 29.00, Risk: -1.0677
	--> Average Speed: 0.05s per batch
	--> Time from Last Check: 1.49s
--> Batch: 149, Loss: 0.0000, Label: 9, Survival Months: 56.25, Risk: -1.0435
	--> Average Speed: 0.05s per batch
	--> Time from Last Check: 1.49s
--> Batch: 199, Loss: 0.0000, Label: 3, Survival Months: 30.50, Risk: -1.1142
	--> Average Speed: 0.05s per batch
	--> Time from Last Check: 1.48s
--> Batch: 249, Loss: 0.0000, Label: 10, Survival Months: 63.42, Risk: -1.0785
	--> Average Speed: 0.05s per batch
	--> Time from Last Check: 1.52s
--> Batch: 299, Loss: 0.0000, Label: 3, Survival Months: 27.17, Risk: -1.1135
	--> Average Speed: 0.05s per batch
	--> Time from Last Check: 1.44s
--> Batch: 349, Loss: 0.0000, Label: 13, Survival Months: 102.00, Risk: -1.1923
	--> Average Speed: 0.05s per batch
	--> Time from Last Check: 1.50s
--> Batch: 399, Loss: 0.0000, Label: 7, Survival Months: 44.33, Risk: -1.1358
	--> Average Speed: 0.05s per batch
	--> Time from Last Check: 1.47s
--> Batch: 449, Loss: 0.0000, Label: 10, Survival Months: 58.50, Risk: -1.1796
	--> Average Speed: 0.05s per batch
	--> Time from Last Check: 1.51s
--> Batch: 499, Loss: 0.0000, Label: 15, Survival Months: 137.33, Risk: -1.2575
	--> Average Speed: 0.05s per batch
	--> Time from Last Check: 1.51s
--> Batch: 549, Loss: 0.0000, Label: 1, Survival Months: 5.67, Risk: -1.3068
	--> Average Speed: 0.05s per batch
	--> Time from Last Check: 1.50s
--> Batch: 599, Loss: 0.0000, Label: 3, Survival Months: 30.42, Risk: -1.4108
	--> Average Speed: 0.05s per batch
	--> Time from Last Check: 1.50s
--> Batch: 649, Loss: 0.0000, Label: 3, Survival Months: 30.42, Risk: -1.5130
	--> Average Speed: 0.05s per batch
	--> Time from Last Check: 1.50s
--> Batch: 699, Loss: 0.0000, Label: 3, Survival Months: 28.08, Risk: -1.4536
	--> Average Speed: 0.05s per batch
	--> Time from Last Check: 1.48s
--> Batch: 749, Loss: 0.0000, Label: 5, Survival Months: 36.75, Risk: -1.5085
	--> Average Speed: 0.05s per batch
	--> Time from Last Check: 1.51s
--> Batch: 799, Loss: 0.0000, Label: 4, Survival Months: 32.58, Risk: -1.8207
	--> Average Speed: 0.05s per batch
	--> Time from Last Check: 1.50s
[10/01/2025 - 03:39:01] - Epoch: 1, lr: 0.00010000, training_loss: 0.9049, training_c_index: 0.4597
[10/01/2025 - 03:39:02] - Epoch: 1, validation_loss: 0.8099, validation_c_index: 0.4359
--> New BEST Validation Score: 0.3549, validation_loss: 0.8099, validation_c_index: 0.4359
--> Current BEST Score: 0.3549
	--> validation_loss: 0.8099
	--> best validation_c_index: 0.4359
[10/01/2025 - 03:39:02] - Time elapsed for epoch 1: 27s
[10/01/2025 - 03:39:02] - Epoch: 2
--> Batch: 49, Loss: 0.0000, Label: 6, Survival Months: 38.58, Risk: -2.3442
	--> Average Speed: 0.06s per batch
	--> Time from Last Check: 1.76s
--> Batch: 99, Loss: 0.0000, Label: 17, Survival Months: 191.50, Risk: -2.1719
	--> Average Speed: 0.05s per batch
	--> Time from Last Check: 1.52s
--> Batch: 149, Loss: 0.0000, Label: 15, Survival Months: 134.42, Risk: -2.7639
	--> Average Speed: 0.05s per batch
	--> Time from Last Check: 1.52s
--> Batch: 199, Loss: 0.0000, Label: 8, Survival Months: 49.00, Risk: -3.4571
	--> Average Speed: 0.05s per batch
	--> Time from Last Check: 1.52s
--> Batch: 249, Loss: 0.0000, Label: 9, Survival Months: 56.67, Risk: -3.9098
	--> Average Speed: 0.05s per batch
	--> Time from Last Check: 1.52s
--> Batch: 299, Loss: 0.0000, Label: 14, Survival Months: 112.42, Risk: -4.1160
	--> Average Speed: 0.05s per batch
	--> Time from Last Check: 1.52s
--> Batch: 349, Loss: 0.0000, Label: 11, Survival Months: 72.50, Risk: -5.9894
	--> Average Speed: 0.05s per batch
	--> Time from Last Check: 1.52s
--> Batch: 399, Loss: 0.0000, Label: 3, Survival Months: 31.25, Risk: -5.6199
	--> Average Speed: 0.05s per batch
	--> Time from Last Check: 1.52s
--> Batch: 449, Loss: 0.0000, Label: 15, Survival Months: 130.75, Risk: -7.7297
	--> Average Speed: 0.05s per batch
	--> Time from Last Check: 1.53s
--> Batch: 499, Loss: 0.0000, Label: 16, Survival Months: 170.08, Risk: -8.6488
	--> Average Speed: 0.05s per batch
	--> Time from Last Check: 1.51s
--> Batch: 549, Loss: 0.0000, Label: 4, Survival Months: 33.00, Risk: -11.0506
	--> Average Speed: 0.05s per batch
	--> Time from Last Check: 1.51s
--> Batch: 599, Loss: 0.0000, Label: 14, Survival Months: 109.83, Risk: -8.5362
	--> Average Speed: 0.05s per batch
	--> Time from Last Check: 1.52s
--> Batch: 649, Loss: 0.0000, Label: 6, Survival Months: 39.58, Risk: -9.3255
	--> Average Speed: 0.05s per batch
	--> Time from Last Check: 1.50s
--> Batch: 699, Loss: 0.0000, Label: 8, Survival Months: 49.00, Risk: -11.7595
	--> Average Speed: 0.05s per batch
	--> Time from Last Check: 1.51s
--> Batch: 749, Loss: 0.0000, Label: 12, Survival Months: 84.42, Risk: -12.9559
	--> Average Speed: 0.05s per batch
	--> Time from Last Check: 1.51s
--> Batch: 799, Loss: 0.0000, Label: 2, Survival Months: 17.75, Risk: -6.8491
	--> Average Speed: 0.05s per batch
	--> Time from Last Check: 1.52s
[10/01/2025 - 03:39:28] - Epoch: 2, lr: 0.00009000, training_loss: 0.4469, training_c_index: 0.3896
[10/01/2025 - 03:39:29] - Epoch: 2, validation_loss: 0.4018, validation_c_index: 0.4702
--> New BEST Validation Score: 0.4300, validation_loss: 0.4018, validation_c_index: 0.4702
--> Current BEST Score: 0.4300
	--> validation_loss: 0.4018
	--> best validation_c_index: 0.4702
[10/01/2025 - 03:39:29] - Time elapsed for epoch 2: 27s
[10/01/2025 - 03:39:29] - Epoch: 3
--> Batch: 49, Loss: 0.0000, Label: 18, Survival Months: 224.58, Risk: -11.3932
	--> Average Speed: 0.03s per batch
	--> Time from Last Check: 0.94s
--> Batch: 99, Loss: 0.0000, Label: 6, Survival Months: 41.58, Risk: -8.0016
	--> Average Speed: 0.04s per batch
	--> Time from Last Check: 1.33s
--> Batch: 149, Loss: 3.9456, Label: 4, Survival Months: 32.08, Risk: -8.0244
	--> Average Speed: 0.05s per batch
	--> Time from Last Check: 1.50s
--> Batch: 199, Loss: 0.0000, Label: 15, Survival Months: 129.17, Risk: -11.7151
	--> Average Speed: 0.05s per batch
	--> Time from Last Check: 1.49s
--> Batch: 249, Loss: 3.6902, Label: 1, Survival Months: 13.33, Risk: -12.6378
	--> Average Speed: 0.05s per batch
	--> Time from Last Check: 1.52s
--> Batch: 299, Loss: 0.0000, Label: 6, Survival Months: 42.33, Risk: -11.8958
	--> Average Speed: 0.05s per batch
	--> Time from Last Check: 1.52s
--> Batch: 349, Loss: 0.0000, Label: 15, Survival Months: 136.83, Risk: -6.6329
	--> Average Speed: 0.05s per batch
	--> Time from Last Check: 1.50s
--> Batch: 399, Loss: 0.0000, Label: 1, Survival Months: 8.25, Risk: -10.4849
	--> Average Speed: 0.05s per batch
	--> Time from Last Check: 1.52s
--> Batch: 449, Loss: 0.0000, Label: 10, Survival Months: 60.67, Risk: -11.6819
	--> Average Speed: 0.05s per batch
	--> Time from Last Check: 1.51s
--> Batch: 499, Loss: 0.0000, Label: 19, Survival Months: 281.17, Risk: -12.0565
	--> Average Speed: 0.05s per batch
	--> Time from Last Check: 1.48s
--> Batch: 549, Loss: 0.0000, Label: 4, Survival Months: 32.00, Risk: -7.9696
	--> Average Speed: 0.05s per batch
	--> Time from Last Check: 1.51s
--> Batch: 599, Loss: 0.0000, Label: 1, Survival Months: 6.67, Risk: -11.2930
	--> Average Speed: 0.05s per batch
	--> Time from Last Check: 1.53s
--> Batch: 649, Loss: 0.0000, Label: 3, Survival Months: 29.00, Risk: -8.8557
	--> Average Speed: 0.05s per batch
	--> Time from Last Check: 1.51s
--> Batch: 699, Loss: 0.0000, Label: 9, Survival Months: 56.92, Risk: -12.0170
	--> Average Speed: 0.05s per batch
	--> Time from Last Check: 1.48s
--> Batch: 749, Loss: 0.0000, Label: 8, Survival Months: 50.00, Risk: -9.0075
	--> Average Speed: 0.05s per batch
	--> Time from Last Check: 1.49s
--> Batch: 799, Loss: 3.0576, Label: 10, Survival Months: 66.00, Risk: -10.3245
	--> Average Speed: 0.04s per batch
	--> Time from Last Check: 1.26s
[10/01/2025 - 03:39:54] - Epoch: 3, lr: 0.00008100, training_loss: 0.3217, training_c_index: 0.5032
[10/01/2025 - 03:39:55] - Epoch: 3, validation_loss: 0.4005, validation_c_index: 0.5528
--> New BEST Validation Score: 0.5127, validation_loss: 0.4005, validation_c_index: 0.5528
--> Current BEST Score: 0.5127
	--> validation_loss: 0.4005
	--> best validation_c_index: 0.5528
[10/01/2025 - 03:39:55] - Time elapsed for epoch 3: 26s
[10/01/2025 - 03:39:55] - Epoch: 4
--> Batch: 49, Loss: 0.0000, Label: 14, Survival Months: 110.42, Risk: -12.2447
	--> Average Speed: 0.03s per batch
	--> Time from Last Check: 1.11s
--> Batch: 99, Loss: 0.0000, Label: 10, Survival Months: 59.50, Risk: -12.8698
	--> Average Speed: 0.05s per batch
	--> Time from Last Check: 1.51s
--> Batch: 149, Loss: 0.0000, Label: 13, Survival Months: 94.92, Risk: -12.5042
	--> Average Speed: 0.05s per batch
	--> Time from Last Check: 1.52s
--> Batch: 199, Loss: 0.0000, Label: 3, Survival Months: 30.42, Risk: -11.9696
	--> Average Speed: 0.05s per batch
	--> Time from Last Check: 1.51s
--> Batch: 249, Loss: 0.0000, Label: 13, Survival Months: 96.33, Risk: -11.3554
	--> Average Speed: 0.05s per batch
	--> Time from Last Check: 1.49s
--> Batch: 299, Loss: 0.0000, Label: 10, Survival Months: 58.58, Risk: -11.7787
	--> Average Speed: 0.05s per batch
	--> Time from Last Check: 1.53s
--> Batch: 349, Loss: 0.0000, Label: 9, Survival Months: 54.92, Risk: -10.3487
	--> Average Speed: 0.05s per batch
	--> Time from Last Check: 1.53s
--> Batch: 399, Loss: 0.0000, Label: 16, Survival Months: 163.67, Risk: -11.4865
	--> Average Speed: 0.05s per batch
	--> Time from Last Check: 1.53s
--> Batch: 449, Loss: 3.3298, Label: 7, Survival Months: 46.92, Risk: -14.0186
	--> Average Speed: 0.05s per batch
	--> Time from Last Check: 1.50s
--> Batch: 499, Loss: 0.0000, Label: 0, Survival Months: 0.00, Risk: -13.5385
	--> Average Speed: 0.05s per batch
	--> Time from Last Check: 1.50s
--> Batch: 549, Loss: 0.0000, Label: 10, Survival Months: 65.25, Risk: -10.5600
	--> Average Speed: 0.05s per batch
	--> Time from Last Check: 1.51s
--> Batch: 599, Loss: 0.0000, Label: 14, Survival Months: 108.50, Risk: -10.8358
	--> Average Speed: 0.05s per batch
	--> Time from Last Check: 1.50s
--> Batch: 649, Loss: 0.0000, Label: 17, Survival Months: 201.67, Risk: -11.8968
	--> Average Speed: 0.05s per batch
	--> Time from Last Check: 1.50s
--> Batch: 699, Loss: 0.0000, Label: 4, Survival Months: 31.75, Risk: -12.9817
	--> Average Speed: 0.05s per batch
	--> Time from Last Check: 1.52s
--> Batch: 749, Loss: 0.0000, Label: 14, Survival Months: 109.08, Risk: -9.0219
	--> Average Speed: 0.05s per batch
	--> Time from Last Check: 1.51s
--> Batch: 799, Loss: 0.0000, Label: 5, Survival Months: 36.08, Risk: -8.9526
	--> Average Speed: 0.05s per batch
	--> Time from Last Check: 1.51s
[10/01/2025 - 03:40:20] - Epoch: 4, lr: 0.00007290, training_loss: 0.3126, training_c_index: 0.5459
[10/01/2025 - 03:40:22] - Epoch: 4, validation_loss: 0.4059, validation_c_index: 0.5438
--> No improvement in validation_loss or validation_c_index for 1 epoch(s)
--> Current BEST Score: 0.5127
	--> validation_loss: 0.4005
	--> best validation_c_index: 0.5528
[10/01/2025 - 03:40:22] - Time elapsed for epoch 4: 26s
[10/01/2025 - 03:40:22] - Epoch: 5
--> Batch: 49, Loss: 0.0000, Label: 5, Survival Months: 36.50, Risk: -11.8757
	--> Average Speed: 0.03s per batch
	--> Time from Last Check: 0.99s
--> Batch: 99, Loss: 1.9019, Label: 18, Survival Months: 233.17, Risk: -12.7311
	--> Average Speed: 0.05s per batch
	--> Time from Last Check: 1.45s
--> Batch: 149, Loss: 0.0000, Label: 17, Survival Months: 190.08, Risk: -13.5063
	--> Average Speed: 0.05s per batch
	--> Time from Last Check: 1.53s
--> Batch: 199, Loss: 0.0000, Label: 0, Survival Months: 0.75, Risk: -11.7320
	--> Average Speed: 0.05s per batch
	--> Time from Last Check: 1.52s
--> Batch: 249, Loss: 0.0000, Label: 19, Survival Months: 333.75, Risk: -11.0397
	--> Average Speed: 0.05s per batch
	--> Time from Last Check: 1.49s
--> Batch: 299, Loss: 0.0000, Label: 12, Survival Months: 82.50, Risk: -5.6659
	--> Average Speed: 0.05s per batch
	--> Time from Last Check: 1.52s
--> Batch: 349, Loss: 0.0000, Label: 0, Survival Months: 0.83, Risk: -12.4067
	--> Average Speed: 0.05s per batch
	--> Time from Last Check: 1.53s
--> Batch: 399, Loss: 0.0000, Label: 18, Survival Months: 221.17, Risk: -11.4520
	--> Average Speed: 0.05s per batch
	--> Time from Last Check: 1.52s
--> Batch: 449, Loss: 2.6705, Label: 11, Survival Months: 67.58, Risk: -8.6044
	--> Average Speed: 0.05s per batch
	--> Time from Last Check: 1.49s
--> Batch: 499, Loss: 0.0000, Label: 4, Survival Months: 31.75, Risk: -11.5684
	--> Average Speed: 0.05s per batch
	--> Time from Last Check: 1.53s
--> Batch: 549, Loss: 0.0000, Label: 7, Survival Months: 44.17, Risk: -10.8178
	--> Average Speed: 0.05s per batch
	--> Time from Last Check: 1.50s
--> Batch: 599, Loss: 0.0000, Label: 9, Survival Months: 57.83, Risk: -11.0888
	--> Average Speed: 0.05s per batch
	--> Time from Last Check: 1.51s
--> Batch: 649, Loss: 2.7907, Label: 15, Survival Months: 139.42, Risk: -11.7623
	--> Average Speed: 0.05s per batch
	--> Time from Last Check: 1.51s
--> Batch: 699, Loss: 0.0000, Label: 18, Survival Months: 220.42, Risk: -12.5399
	--> Average Speed: 0.05s per batch
	--> Time from Last Check: 1.51s
--> Batch: 749, Loss: 2.5587, Label: 15, Survival Months: 125.67, Risk: -12.5944
	--> Average Speed: 0.05s per batch
	--> Time from Last Check: 1.51s
--> Batch: 799, Loss: 0.0000, Label: 1, Survival Months: 10.33, Risk: -11.1092
	--> Average Speed: 0.05s per batch
	--> Time from Last Check: 1.52s
[10/01/2025 - 03:40:47] - Epoch: 5, lr: 0.00006561, training_loss: 0.2984, training_c_index: 0.5948
[10/01/2025 - 03:40:48] - Epoch: 5, validation_loss: 0.4116, validation_c_index: 0.5320
--> No improvement in validation_loss or validation_c_index for 2 epoch(s)
--> Current BEST Score: 0.5127
	--> validation_loss: 0.4005
	--> best validation_c_index: 0.5528
[10/01/2025 - 03:40:48] - Time elapsed for epoch 5: 26s
[10/01/2025 - 03:40:48] - Epoch: 6
--> Batch: 49, Loss: 0.0000, Label: 0, Survival Months: 0.83, Risk: -12.6508
	--> Average Speed: 0.05s per batch
	--> Time from Last Check: 1.46s
--> Batch: 99, Loss: 0.0000, Label: 8, Survival Months: 48.08, Risk: -11.4804
	--> Average Speed: 0.05s per batch
	--> Time from Last Check: 1.52s
--> Batch: 149, Loss: 0.0000, Label: 13, Survival Months: 97.08, Risk: -10.8504
	--> Average Speed: 0.05s per batch
	--> Time from Last Check: 1.52s
--> Batch: 199, Loss: 2.4347, Label: 14, Survival Months: 106.25, Risk: -12.5498
	--> Average Speed: 0.05s per batch
	--> Time from Last Check: 1.50s
--> Batch: 249, Loss: 0.0000, Label: 18, Survival Months: 207.42, Risk: -8.7369
	--> Average Speed: 0.05s per batch
	--> Time from Last Check: 1.49s
--> Batch: 299, Loss: 0.0000, Label: 6, Survival Months: 40.00, Risk: -10.5546
	--> Average Speed: 0.05s per batch
	--> Time from Last Check: 1.47s
--> Batch: 349, Loss: 2.0372, Label: 18, Survival Months: 230.25, Risk: -12.6306
	--> Average Speed: 0.05s per batch
	--> Time from Last Check: 1.48s
--> Batch: 399, Loss: 0.0000, Label: 0, Survival Months: 0.83, Risk: -12.4613
	--> Average Speed: 0.05s per batch
	--> Time from Last Check: 1.49s
--> Batch: 449, Loss: 0.0000, Label: 16, Survival Months: 156.83, Risk: -11.1074
	--> Average Speed: 0.05s per batch
	--> Time from Last Check: 1.49s
--> Batch: 499, Loss: 0.0000, Label: 14, Survival Months: 113.58, Risk: -9.1249
	--> Average Speed: 0.05s per batch
	--> Time from Last Check: 1.51s
--> Batch: 549, Loss: 0.0000, Label: 4, Survival Months: 32.67, Risk: -12.7089
	--> Average Speed: 0.05s per batch
	--> Time from Last Check: 1.51s
--> Batch: 599, Loss: 0.0000, Label: 17, Survival Months: 197.67, Risk: -13.9242
	--> Average Speed: 0.05s per batch
	--> Time from Last Check: 1.52s
--> Batch: 649, Loss: 0.0000, Label: 7, Survival Months: 46.00, Risk: -11.6683
	--> Average Speed: 0.05s per batch
	--> Time from Last Check: 1.50s
--> Batch: 699, Loss: 0.0000, Label: 6, Survival Months: 41.58, Risk: -10.3591
	--> Average Speed: 0.05s per batch
	--> Time from Last Check: 1.51s
--> Batch: 749, Loss: 0.0000, Label: 9, Survival Months: 52.50, Risk: -6.7011
	--> Average Speed: 0.05s per batch
	--> Time from Last Check: 1.51s
--> Batch: 799, Loss: 0.0000, Label: 10, Survival Months: 62.67, Risk: -13.6632
	--> Average Speed: 0.05s per batch
	--> Time from Last Check: 1.52s
[10/01/2025 - 03:41:13] - Epoch: 6, lr: 0.00005905, training_loss: 0.2841, training_c_index: 0.6299
[10/01/2025 - 03:41:14] - Epoch: 6, validation_loss: 0.4158, validation_c_index: 0.5478
--> No improvement in validation_loss or validation_c_index for 3 epoch(s)
--> Current BEST Score: 0.5127
	--> validation_loss: 0.4005
	--> best validation_c_index: 0.5528
[10/01/2025 - 03:41:14] - Time elapsed for epoch 6: 27s
[10/01/2025 - 03:41:14] - Epoch: 7
--> Batch: 49, Loss: 0.0000, Label: 6, Survival Months: 39.33, Risk: -11.7656
	--> Average Speed: 0.03s per batch
	--> Time from Last Check: 1.10s
--> Batch: 99, Loss: 0.0000, Label: 14, Survival Months: 110.42, Risk: -12.8228
	--> Average Speed: 0.05s per batch
	--> Time from Last Check: 1.50s
--> Batch: 149, Loss: 0.0000, Label: 4, Survival Months: 31.75, Risk: -11.5693
	--> Average Speed: 0.05s per batch
	--> Time from Last Check: 1.51s
--> Batch: 199, Loss: 0.0000, Label: 11, Survival Months: 73.42, Risk: -10.6993
	--> Average Speed: 0.05s per batch
	--> Time from Last Check: 1.49s
--> Batch: 249, Loss: 2.3330, Label: 14, Survival Months: 106.00, Risk: -13.9558
	--> Average Speed: 0.05s per batch
	--> Time from Last Check: 1.53s
--> Batch: 299, Loss: 0.0000, Label: 6, Survival Months: 41.00, Risk: -10.7920
	--> Average Speed: 0.05s per batch
	--> Time from Last Check: 1.52s
--> Batch: 349, Loss: 0.0000, Label: 14, Survival Months: 109.08, Risk: -12.2440
	--> Average Speed: 0.05s per batch
	--> Time from Last Check: 1.52s
--> Batch: 399, Loss: 0.0000, Label: 7, Survival Months: 43.50, Risk: -13.4716
	--> Average Speed: 0.05s per batch
	--> Time from Last Check: 1.49s
--> Batch: 449, Loss: 0.0000, Label: 8, Survival Months: 49.58, Risk: -14.3121
	--> Average Speed: 0.05s per batch
	--> Time from Last Check: 1.53s
--> Batch: 499, Loss: 0.0000, Label: 6, Survival Months: 38.58, Risk: -14.1250
	--> Average Speed: 0.05s per batch
	--> Time from Last Check: 1.52s
--> Batch: 549, Loss: 0.0000, Label: 7, Survival Months: 43.83, Risk: -15.0113
	--> Average Speed: 0.05s per batch
	--> Time from Last Check: 1.53s
--> Batch: 599, Loss: 0.0000, Label: 0, Survival Months: 0.83, Risk: -6.8667
	--> Average Speed: 0.05s per batch
	--> Time from Last Check: 1.49s
--> Batch: 649, Loss: 0.0000, Label: 3, Survival Months: 30.92, Risk: -10.6963
	--> Average Speed: 0.05s per batch
	--> Time from Last Check: 1.51s
--> Batch: 699, Loss: 0.0000, Label: 17, Survival Months: 186.33, Risk: -12.0075
	--> Average Speed: 0.05s per batch
	--> Time from Last Check: 1.53s
--> Batch: 749, Loss: 0.0000, Label: 8, Survival Months: 50.92, Risk: -7.1428
	--> Average Speed: 0.05s per batch
	--> Time from Last Check: 1.52s
--> Batch: 799, Loss: 0.0000, Label: 10, Survival Months: 59.50, Risk: -13.7395
	--> Average Speed: 0.05s per batch
	--> Time from Last Check: 1.50s
[10/01/2025 - 03:41:39] - Epoch: 7, lr: 0.00005314, training_loss: 0.2740, training_c_index: 0.6923
[10/01/2025 - 03:41:41] - Epoch: 7, validation_loss: 0.4298, validation_c_index: 0.4923
--> No improvement in validation_loss or validation_c_index for 4 epoch(s)
--> Current BEST Score: 0.5127
	--> validation_loss: 0.4005
	--> best validation_c_index: 0.5528
[10/01/2025 - 03:41:41] - Time elapsed for epoch 7: 26s
[10/01/2025 - 03:41:41] - Epoch: 8
--> Batch: 49, Loss: 2.9751, Label: 8, Survival Months: 47.58, Risk: -12.8691
	--> Average Speed: 0.04s per batch
	--> Time from Last Check: 1.32s
--> Batch: 99, Loss: 1.7522, Label: 19, Survival Months: 284.08, Risk: -14.9860
	--> Average Speed: 0.05s per batch
	--> Time from Last Check: 1.55s
--> Batch: 149, Loss: 0.0000, Label: 5, Survival Months: 37.33, Risk: -9.9509
	--> Average Speed: 0.05s per batch
	--> Time from Last Check: 1.49s
--> Batch: 199, Loss: 0.0000, Label: 9, Survival Months: 51.83, Risk: -11.8624
	--> Average Speed: 0.05s per batch
	--> Time from Last Check: 1.53s
--> Batch: 249, Loss: 2.2840, Label: 3, Survival Months: 30.17, Risk: -3.0197
	--> Average Speed: 0.05s per batch
	--> Time from Last Check: 1.52s
--> Batch: 299, Loss: 0.0000, Label: 1, Survival Months: 2.83, Risk: -4.1875
	--> Average Speed: 0.05s per batch
	--> Time from Last Check: 1.53s
--> Batch: 349, Loss: 0.0000, Label: 16, Survival Months: 169.25, Risk: -13.4424
	--> Average Speed: 0.05s per batch
	--> Time from Last Check: 1.46s
--> Batch: 399, Loss: 0.0000, Label: 8, Survival Months: 48.75, Risk: -12.4006
	--> Average Speed: 0.05s per batch
	--> Time from Last Check: 1.52s
--> Batch: 449, Loss: 0.0000, Label: 8, Survival Months: 51.00, Risk: -7.0582
	--> Average Speed: 0.05s per batch
	--> Time from Last Check: 1.54s
--> Batch: 499, Loss: 0.0000, Label: 12, Survival Months: 85.50, Risk: -12.9499
	--> Average Speed: 0.05s per batch
	--> Time from Last Check: 1.54s
--> Batch: 549, Loss: 0.0000, Label: 5, Survival Months: 37.92, Risk: -14.7158
	--> Average Speed: 0.05s per batch
	--> Time from Last Check: 1.49s
--> Batch: 599, Loss: 0.0000, Label: 17, Survival Months: 190.75, Risk: -12.7997
	--> Average Speed: 0.05s per batch
	--> Time from Last Check: 1.49s
--> Batch: 649, Loss: 2.5508, Label: 11, Survival Months: 67.58, Risk: -9.5713
	--> Average Speed: 0.05s per batch
	--> Time from Last Check: 1.54s
--> Batch: 699, Loss: 3.2331, Label: 7, Survival Months: 45.67, Risk: -13.6919
	--> Average Speed: 0.05s per batch
	--> Time from Last Check: 1.54s
--> Batch: 749, Loss: 0.0000, Label: 11, Survival Months: 78.58, Risk: -9.4246
	--> Average Speed: 0.05s per batch
	--> Time from Last Check: 1.53s
--> Batch: 799, Loss: 0.0000, Label: 12, Survival Months: 83.08, Risk: -8.5847
	--> Average Speed: 0.05s per batch
	--> Time from Last Check: 1.52s
[10/01/2025 - 03:42:06] - Epoch: 8, lr: 0.00004783, training_loss: 0.2618, training_c_index: 0.7263
[10/01/2025 - 03:42:08] - Epoch: 8, validation_loss: 0.4461, validation_c_index: 0.4653
--> No improvement in validation_loss or validation_c_index for 5 epoch(s)
--> Current BEST Score: 0.5127
	--> validation_loss: 0.4005
	--> best validation_c_index: 0.5528
[10/01/2025 - 03:42:08] - Time elapsed for epoch 8: 27s
[10/01/2025 - 03:42:08] - Epoch: 9
--> Batch: 49, Loss: 0.0000, Label: 9, Survival Months: 52.50, Risk: -4.2930
	--> Average Speed: 0.05s per batch
	--> Time from Last Check: 1.55s
--> Batch: 99, Loss: 0.0000, Label: 17, Survival Months: 185.08, Risk: -11.8090
	--> Average Speed: 0.05s per batch
	--> Time from Last Check: 1.49s
--> Batch: 149, Loss: 2.7687, Label: 11, Survival Months: 73.58, Risk: -13.1958
	--> Average Speed: 0.05s per batch
	--> Time from Last Check: 1.52s
--> Batch: 199, Loss: 3.0005, Label: 7, Survival Months: 46.50, Risk: -12.8075
	--> Average Speed: 0.05s per batch
	--> Time from Last Check: 1.51s
--> Batch: 249, Loss: 0.0000, Label: 1, Survival Months: 4.33, Risk: -13.1035
	--> Average Speed: 0.05s per batch
	--> Time from Last Check: 1.51s
--> Batch: 299, Loss: 0.0000, Label: 7, Survival Months: 44.25, Risk: -7.7341
	--> Average Speed: 0.05s per batch
	--> Time from Last Check: 1.50s
--> Batch: 349, Loss: 0.0000, Label: 6, Survival Months: 42.92, Risk: -14.4328
	--> Average Speed: 0.05s per batch
	--> Time from Last Check: 1.50s
--> Batch: 399, Loss: 0.0000, Label: 13, Survival Months: 88.67, Risk: -8.2901
	--> Average Speed: 0.05s per batch
	--> Time from Last Check: 1.52s
--> Batch: 449, Loss: 3.3100, Label: 8, Survival Months: 51.00, Risk: -14.1801
	--> Average Speed: 0.05s per batch
	--> Time from Last Check: 1.52s
--> Batch: 499, Loss: 0.0000, Label: 15, Survival Months: 134.25, Risk: -6.3635
	--> Average Speed: 0.05s per batch
	--> Time from Last Check: 1.51s
--> Batch: 549, Loss: 0.0000, Label: 19, Survival Months: 352.75, Risk: -11.4385
	--> Average Speed: 0.05s per batch
	--> Time from Last Check: 1.49s
--> Batch: 599, Loss: 2.2849, Label: 7, Survival Months: 45.67, Risk: -9.0640
	--> Average Speed: 0.05s per batch
	--> Time from Last Check: 1.55s
--> Batch: 649, Loss: 0.0000, Label: 1, Survival Months: 5.83, Risk: -12.9903
	--> Average Speed: 0.05s per batch
	--> Time from Last Check: 1.54s
--> Batch: 699, Loss: 0.0000, Label: 10, Survival Months: 65.75, Risk: -12.3973
	--> Average Speed: 0.05s per batch
	--> Time from Last Check: 1.54s
--> Batch: 749, Loss: 0.0000, Label: 6, Survival Months: 41.83, Risk: -14.4115
	--> Average Speed: 0.05s per batch
	--> Time from Last Check: 1.51s
--> Batch: 799, Loss: 0.0000, Label: 18, Survival Months: 216.33, Risk: -8.2371
	--> Average Speed: 0.05s per batch
	--> Time from Last Check: 1.53s
[10/01/2025 - 03:42:33] - Epoch: 9, lr: 0.00004305, training_loss: 0.2525, training_c_index: 0.7328
[10/01/2025 - 03:42:35] - Epoch: 9, validation_loss: 0.4385, validation_c_index: 0.4792
--> No improvement in validation_loss or validation_c_index for 6 epoch(s)
--> Current BEST Score: 0.5127
	--> validation_loss: 0.4005
	--> best validation_c_index: 0.5528
[10/01/2025 - 03:42:35] - Time elapsed for epoch 9: 27s
[10/01/2025 - 03:42:35] - Epoch: 10
--> Batch: 49, Loss: 0.0000, Label: 10, Survival Months: 62.25, Risk: -10.5721
	--> Average Speed: 0.04s per batch
	--> Time from Last Check: 1.20s
--> Batch: 99, Loss: 0.0000, Label: 0, Survival Months: 2.50, Risk: -15.8922
	--> Average Speed: 0.03s per batch
	--> Time from Last Check: 0.95s
--> Batch: 149, Loss: 0.0000, Label: 10, Survival Months: 66.50, Risk: -13.5282
	--> Average Speed: 0.03s per batch
	--> Time from Last Check: 1.00s
--> Batch: 199, Loss: 0.0000, Label: 8, Survival Months: 50.67, Risk: -13.3034
	--> Average Speed: 0.05s per batch
	--> Time from Last Check: 1.54s
--> Batch: 249, Loss: 0.0000, Label: 1, Survival Months: 14.17, Risk: -12.5769
	--> Average Speed: 0.05s per batch
	--> Time from Last Check: 1.51s
--> Batch: 299, Loss: 0.0000, Label: 9, Survival Months: 54.67, Risk: -5.5952
	--> Average Speed: 0.05s per batch
	--> Time from Last Check: 1.49s
--> Batch: 349, Loss: 0.0000, Label: 15, Survival Months: 122.58, Risk: -12.5112
	--> Average Speed: 0.05s per batch
	--> Time from Last Check: 1.51s
--> Batch: 399, Loss: 2.1837, Label: 15, Survival Months: 137.42, Risk: -14.9615
	--> Average Speed: 0.05s per batch
	--> Time from Last Check: 1.51s
--> Batch: 449, Loss: 0.0000, Label: 18, Survival Months: 218.50, Risk: -12.2568
	--> Average Speed: 0.05s per batch
	--> Time from Last Check: 1.54s
--> Batch: 499, Loss: 0.0000, Label: 3, Survival Months: 26.92, Risk: -12.2770
	--> Average Speed: 0.05s per batch
	--> Time from Last Check: 1.48s
--> Batch: 549, Loss: 0.0000, Label: 13, Survival Months: 93.42, Risk: -6.0456
	--> Average Speed: 0.05s per batch
	--> Time from Last Check: 1.46s
--> Batch: 599, Loss: 0.0000, Label: 5, Survival Months: 35.17, Risk: -14.1539
	--> Average Speed: 0.04s per batch
	--> Time from Last Check: 1.39s
--> Batch: 649, Loss: 0.0000, Label: 5, Survival Months: 35.25, Risk: -14.2524
	--> Average Speed: 0.03s per batch
	--> Time from Last Check: 1.01s
--> Batch: 699, Loss: 0.0000, Label: 14, Survival Months: 103.83, Risk: -7.5886
	--> Average Speed: 0.03s per batch
	--> Time from Last Check: 0.90s
--> Batch: 749, Loss: 0.0000, Label: 10, Survival Months: 58.50, Risk: -15.0050
	--> Average Speed: 0.03s per batch
	--> Time from Last Check: 0.86s
--> Batch: 799, Loss: 0.0000, Label: 7, Survival Months: 43.17, Risk: -8.9578
	--> Average Speed: 0.03s per batch
	--> Time from Last Check: 0.86s
[10/01/2025 - 03:42:56] - Epoch: 10, lr: 0.00003874, training_loss: 0.2455, training_c_index: 0.7674
[10/01/2025 - 03:42:57] - Epoch: 10, validation_loss: 0.4531, validation_c_index: 0.5244
--> No improvement in validation_loss or validation_c_index for 7 epoch(s)
--> Current BEST Score: 0.5127
	--> validation_loss: 0.4005
	--> best validation_c_index: 0.5528
[10/01/2025 - 03:42:57] - Time elapsed for epoch 10: 22s
[10/01/2025 - 03:42:57] - Epoch: 11
--> Batch: 49, Loss: 0.0000, Label: 10, Survival Months: 63.33, Risk: -14.4257
	--> Average Speed: 0.06s per batch
	--> Time from Last Check: 1.78s
--> Batch: 99, Loss: 0.0000, Label: 18, Survival Months: 259.33, Risk: -14.5758
	--> Average Speed: 0.05s per batch
	--> Time from Last Check: 1.48s
--> Batch: 149, Loss: 0.0000, Label: 8, Survival Months: 48.75, Risk: -8.9071
	--> Average Speed: 0.05s per batch
	--> Time from Last Check: 1.49s
--> Batch: 199, Loss: 0.0000, Label: 14, Survival Months: 102.83, Risk: -15.4837
	--> Average Speed: 0.05s per batch
	--> Time from Last Check: 1.47s
--> Batch: 249, Loss: 0.0000, Label: 5, Survival Months: 37.50, Risk: -3.7961
	--> Average Speed: 0.05s per batch
	--> Time from Last Check: 1.52s
--> Batch: 299, Loss: 0.0000, Label: 2, Survival Months: 23.92, Risk: -7.5849
	--> Average Speed: 0.05s per batch
	--> Time from Last Check: 1.52s
--> Batch: 349, Loss: 0.0000, Label: 6, Survival Months: 38.58, Risk: -13.6758
	--> Average Speed: 0.05s per batch
	--> Time from Last Check: 1.47s
--> Batch: 399, Loss: 0.0000, Label: 7, Survival Months: 47.42, Risk: -15.2689
	--> Average Speed: 0.05s per batch
	--> Time from Last Check: 1.47s
--> Batch: 449, Loss: 0.0000, Label: 16, Survival Months: 160.67, Risk: -15.0264
	--> Average Speed: 0.05s per batch
	--> Time from Last Check: 1.52s
--> Batch: 499, Loss: 0.0000, Label: 7, Survival Months: 43.50, Risk: -15.4271
	--> Average Speed: 0.05s per batch
	--> Time from Last Check: 1.44s
--> Batch: 549, Loss: 0.0000, Label: 4, Survival Months: 31.75, Risk: -11.7002
	--> Average Speed: 0.05s per batch
	--> Time from Last Check: 1.46s
--> Batch: 599, Loss: 0.0000, Label: 1, Survival Months: 14.17, Risk: -15.3976
	--> Average Speed: 0.05s per batch
	--> Time from Last Check: 1.45s
--> Batch: 649, Loss: 0.0000, Label: 1, Survival Months: 2.58, Risk: -14.9028
	--> Average Speed: 0.05s per batch
	--> Time from Last Check: 1.50s
--> Batch: 699, Loss: 0.0000, Label: 19, Survival Months: 559.92, Risk: -9.1048
	--> Average Speed: 0.05s per batch
	--> Time from Last Check: 1.51s
--> Batch: 749, Loss: 0.0000, Label: 10, Survival Months: 58.92, Risk: -12.9589
	--> Average Speed: 0.05s per batch
	--> Time from Last Check: 1.52s
--> Batch: 799, Loss: 0.0000, Label: 15, Survival Months: 131.17, Risk: -10.8123
	--> Average Speed: 0.05s per batch
	--> Time from Last Check: 1.51s
[10/01/2025 - 03:43:22] - Epoch: 11, lr: 0.00003487, training_loss: 0.2437, training_c_index: 0.7727
[10/01/2025 - 03:43:24] - Epoch: 11, validation_loss: 0.4699, validation_c_index: 0.4905
--> No improvement in validation_loss or validation_c_index for 8 epoch(s)
--> Current BEST Score: 0.5127
	--> validation_loss: 0.4005
	--> best validation_c_index: 0.5528
[10/01/2025 - 03:43:24] - Time elapsed for epoch 11: 27s
[10/01/2025 - 03:43:24] - Epoch: 12
--> Batch: 49, Loss: 0.0000, Label: 18, Survival Months: 234.42, Risk: -15.4146
	--> Average Speed: 0.04s per batch
	--> Time from Last Check: 1.18s
--> Batch: 99, Loss: 0.0000, Label: 14, Survival Months: 114.50, Risk: -12.4886
	--> Average Speed: 0.04s per batch
	--> Time from Last Check: 1.14s
--> Batch: 149, Loss: 0.0000, Label: 13, Survival Months: 96.33, Risk: -14.8712
	--> Average Speed: 0.05s per batch
	--> Time from Last Check: 1.52s
--> Batch: 199, Loss: 2.0788, Label: 17, Survival Months: 177.25, Risk: -16.0053
	--> Average Speed: 0.05s per batch
	--> Time from Last Check: 1.51s
--> Batch: 249, Loss: 0.0000, Label: 16, Survival Months: 157.25, Risk: -15.0742
	--> Average Speed: 0.05s per batch
	--> Time from Last Check: 1.51s
--> Batch: 299, Loss: 0.0000, Label: 1, Survival Months: 4.75, Risk: -13.3272
	--> Average Speed: 0.05s per batch
	--> Time from Last Check: 1.52s
--> Batch: 349, Loss: 0.0000, Label: 9, Survival Months: 52.75, Risk: -8.6432
	--> Average Speed: 0.05s per batch
	--> Time from Last Check: 1.50s
--> Batch: 399, Loss: 0.0000, Label: 4, Survival Months: 34.17, Risk: -12.8660
	--> Average Speed: 0.05s per batch
	--> Time from Last Check: 1.49s
--> Batch: 449, Loss: 0.0000, Label: 13, Survival Months: 88.58, Risk: -14.2546
	--> Average Speed: 0.05s per batch
	--> Time from Last Check: 1.51s
--> Batch: 499, Loss: 2.1989, Label: 3, Survival Months: 30.17, Risk: -3.7210
	--> Average Speed: 0.05s per batch
	--> Time from Last Check: 1.51s
--> Batch: 549, Loss: 0.0000, Label: 17, Survival Months: 202.17, Risk: -8.8887
	--> Average Speed: 0.05s per batch
	--> Time from Last Check: 1.51s
--> Batch: 599, Loss: 0.0000, Label: 0, Survival Months: 0.00, Risk: -15.8697
	--> Average Speed: 0.05s per batch
	--> Time from Last Check: 1.49s
--> Batch: 649, Loss: 0.0000, Label: 19, Survival Months: 357.08, Risk: -13.7542
	--> Average Speed: 0.05s per batch
	--> Time from Last Check: 1.51s
--> Batch: 699, Loss: 0.0000, Label: 4, Survival Months: 31.92, Risk: -9.2061
	--> Average Speed: 0.04s per batch
	--> Time from Last Check: 1.34s
--> Batch: 749, Loss: 0.0000, Label: 5, Survival Months: 36.75, Risk: -11.4231
	--> Average Speed: 0.05s per batch
	--> Time from Last Check: 1.47s
--> Batch: 799, Loss: 0.0000, Label: 10, Survival Months: 63.42, Risk: -7.4867
	--> Average Speed: 0.05s per batch
	--> Time from Last Check: 1.50s
[10/01/2025 - 03:43:48] - Epoch: 12, lr: 0.00003138, training_loss: 0.2421, training_c_index: 0.7723
[10/01/2025 - 03:43:49] - Epoch: 12, validation_loss: 0.4735, validation_c_index: 0.4810
--> No improvement in validation_loss or validation_c_index for 9 epoch(s)
--> Current BEST Score: 0.5127
	--> validation_loss: 0.4005
	--> best validation_c_index: 0.5528
[10/01/2025 - 03:43:49] - Time elapsed for epoch 12: 26s
[10/01/2025 - 03:43:49] - Epoch: 13
--> Batch: 49, Loss: 0.0000, Label: 0, Survival Months: 2.50, Risk: -14.3462
	--> Average Speed: 0.03s per batch
	--> Time from Last Check: 1.00s
--> Batch: 99, Loss: 0.0000, Label: 0, Survival Months: 0.00, Risk: -15.9403
	--> Average Speed: 0.03s per batch
	--> Time from Last Check: 0.83s
--> Batch: 149, Loss: 0.0000, Label: 10, Survival Months: 62.08, Risk: -14.9714
	--> Average Speed: 0.05s per batch
	--> Time from Last Check: 1.48s
--> Batch: 199, Loss: 0.0000, Label: 17, Survival Months: 203.50, Risk: -13.8144
	--> Average Speed: 0.05s per batch
	--> Time from Last Check: 1.53s
--> Batch: 249, Loss: 0.0000, Label: 18, Survival Months: 221.17, Risk: -9.9911
	--> Average Speed: 0.04s per batch
	--> Time from Last Check: 1.40s
--> Batch: 299, Loss: 0.0000, Label: 5, Survival Months: 36.50, Risk: -15.6722
	--> Average Speed: 0.04s per batch
	--> Time from Last Check: 1.44s
--> Batch: 349, Loss: 0.0000, Label: 4, Survival Months: 32.00, Risk: -9.2829
	--> Average Speed: 0.05s per batch
	--> Time from Last Check: 1.45s
--> Batch: 399, Loss: 1.7463, Label: 18, Survival Months: 247.08, Risk: -14.9596
	--> Average Speed: 0.05s per batch
	--> Time from Last Check: 1.48s
--> Batch: 449, Loss: 0.0000, Label: 2, Survival Months: 25.17, Risk: -16.1441
	--> Average Speed: 0.05s per batch
	--> Time from Last Check: 1.45s
--> Batch: 499, Loss: 0.0000, Label: 3, Survival Months: 28.08, Risk: -16.1256
	--> Average Speed: 0.04s per batch
	--> Time from Last Check: 1.42s
--> Batch: 549, Loss: 0.0000, Label: 12, Survival Months: 83.67, Risk: -7.4991
	--> Average Speed: 0.04s per batch
	--> Time from Last Check: 1.30s
--> Batch: 599, Loss: 0.0000, Label: 11, Survival Months: 77.58, Risk: -15.6975
	--> Average Speed: 0.04s per batch
	--> Time from Last Check: 1.22s
--> Batch: 649, Loss: 0.0000, Label: 16, Survival Months: 160.42, Risk: -15.7009
	--> Average Speed: 0.04s per batch
	--> Time from Last Check: 1.35s
--> Batch: 699, Loss: 0.0000, Label: 9, Survival Months: 52.33, Risk: -15.3130
	--> Average Speed: 0.04s per batch
	--> Time from Last Check: 1.37s
--> Batch: 749, Loss: 0.0000, Label: 3, Survival Months: 31.25, Risk: -15.8402
	--> Average Speed: 0.04s per batch
	--> Time from Last Check: 1.38s
--> Batch: 799, Loss: 1.6030, Label: 1, Survival Months: 14.33, Risk: -2.0090
	--> Average Speed: 0.05s per batch
	--> Time from Last Check: 1.51s
[10/01/2025 - 03:44:12] - Epoch: 13, lr: 0.00002824, training_loss: 0.2375, training_c_index: 0.7535
[10/01/2025 - 03:44:14] - Epoch: 13, validation_loss: 0.4757, validation_c_index: 0.4662
--> No improvement in validation_loss or validation_c_index for 10 epoch(s)
--> Current BEST Score: 0.5127
	--> validation_loss: 0.4005
	--> best validation_c_index: 0.5528
[10/01/2025 - 03:44:14] - Time elapsed for epoch 13: 24s
[10/01/2025 - 03:44:14] - Epoch: 14
--> Batch: 49, Loss: 0.0000, Label: 15, Survival Months: 122.08, Risk: -15.2928
	--> Average Speed: 0.05s per batch
	--> Time from Last Check: 1.59s
--> Batch: 99, Loss: 1.7455, Label: 19, Survival Months: 288.42, Risk: -15.8555
	--> Average Speed: 0.05s per batch
	--> Time from Last Check: 1.53s
--> Batch: 149, Loss: 0.0000, Label: 12, Survival Months: 88.25, Risk: -12.6690
	--> Average Speed: 0.05s per batch
	--> Time from Last Check: 1.54s
--> Batch: 199, Loss: 0.0000, Label: 1, Survival Months: 14.00, Risk: -12.4297
	--> Average Speed: 0.05s per batch
	--> Time from Last Check: 1.54s
--> Batch: 249, Loss: 0.0000, Label: 5, Survival Months: 36.17, Risk: -15.8557
	--> Average Speed: 0.05s per batch
	--> Time from Last Check: 1.45s
--> Batch: 299, Loss: 0.0000, Label: 14, Survival Months: 107.33, Risk: -14.9970
	--> Average Speed: 0.05s per batch
	--> Time from Last Check: 1.52s
--> Batch: 349, Loss: 0.0000, Label: 15, Survival Months: 131.17, Risk: -7.6352
	--> Average Speed: 0.05s per batch
	--> Time from Last Check: 1.51s
--> Batch: 399, Loss: 0.0000, Label: 9, Survival Months: 53.67, Risk: -15.2501
	--> Average Speed: 0.05s per batch
	--> Time from Last Check: 1.54s
--> Batch: 449, Loss: 0.0000, Label: 13, Survival Months: 100.25, Risk: -12.6537
	--> Average Speed: 0.05s per batch
	--> Time from Last Check: 1.52s
--> Batch: 499, Loss: 0.0000, Label: 18, Survival Months: 226.50, Risk: -15.0608
	--> Average Speed: 0.05s per batch
	--> Time from Last Check: 1.51s
--> Batch: 549, Loss: 0.0000, Label: 7, Survival Months: 43.17, Risk: -15.9318
	--> Average Speed: 0.05s per batch
	--> Time from Last Check: 1.53s
--> Batch: 599, Loss: 0.0000, Label: 15, Survival Months: 137.33, Risk: -11.8293
	--> Average Speed: 0.05s per batch
	--> Time from Last Check: 1.47s
--> Batch: 649, Loss: 0.0000, Label: 0, Survival Months: 1.33, Risk: -14.2774
	--> Average Speed: 0.05s per batch
	--> Time from Last Check: 1.51s
--> Batch: 699, Loss: 0.0000, Label: 13, Survival Months: 88.83, Risk: -10.4741
	--> Average Speed: 0.05s per batch
	--> Time from Last Check: 1.52s
--> Batch: 749, Loss: 0.0000, Label: 15, Survival Months: 125.42, Risk: -8.6394
	--> Average Speed: 0.05s per batch
	--> Time from Last Check: 1.53s
--> Batch: 799, Loss: 0.0000, Label: 6, Survival Months: 39.25, Risk: -9.6794
	--> Average Speed: 0.05s per batch
	--> Time from Last Check: 1.51s
[10/01/2025 - 03:44:39] - Epoch: 14, lr: 0.00002542, training_loss: 0.2316, training_c_index: 0.7747
[10/01/2025 - 03:44:41] - Epoch: 14, validation_loss: 0.4781, validation_c_index: 0.4598
--> No improvement in validation_loss or validation_c_index for 11 epoch(s)
--> Current BEST Score: 0.5127
	--> validation_loss: 0.4005
	--> best validation_c_index: 0.5528
[10/01/2025 - 03:44:41] - Time elapsed for epoch 14: 27s
[10/01/2025 - 03:44:41] - Epoch: 15
--> Batch: 49, Loss: 1.5891, Label: 19, Survival Months: 288.42, Risk: -16.1463
	--> Average Speed: 0.05s per batch
	--> Time from Last Check: 1.74s
--> Batch: 99, Loss: 0.0000, Label: 5, Survival Months: 37.25, Risk: -12.7576
	--> Average Speed: 0.05s per batch
	--> Time from Last Check: 1.54s
--> Batch: 149, Loss: 0.0000, Label: 5, Survival Months: 36.67, Risk: -13.1734
	--> Average Speed: 0.05s per batch
	--> Time from Last Check: 1.53s
--> Batch: 199, Loss: 0.0000, Label: 9, Survival Months: 52.92, Risk: -9.7981
	--> Average Speed: 0.05s per batch
	--> Time from Last Check: 1.52s
--> Batch: 249, Loss: 0.0000, Label: 9, Survival Months: 56.42, Risk: -13.1631
	--> Average Speed: 0.05s per batch
	--> Time from Last Check: 1.52s
--> Batch: 299, Loss: 0.0000, Label: 16, Survival Months: 172.67, Risk: -14.2141
	--> Average Speed: 0.05s per batch
	--> Time from Last Check: 1.52s
--> Batch: 349, Loss: 0.0000, Label: 3, Survival Months: 29.83, Risk: -16.3019
	--> Average Speed: 0.05s per batch
	--> Time from Last Check: 1.52s
--> Batch: 399, Loss: 0.0000, Label: 16, Survival Months: 154.42, Risk: -7.0561
	--> Average Speed: 0.05s per batch
	--> Time from Last Check: 1.52s
--> Batch: 449, Loss: 0.0000, Label: 0, Survival Months: 0.58, Risk: -9.6011
	--> Average Speed: 0.05s per batch
	--> Time from Last Check: 1.53s
--> Batch: 499, Loss: 0.0000, Label: 6, Survival Months: 39.00, Risk: -15.8283
	--> Average Speed: 0.05s per batch
	--> Time from Last Check: 1.52s
--> Batch: 549, Loss: 0.0000, Label: 13, Survival Months: 101.58, Risk: -16.0085
	--> Average Speed: 0.05s per batch
	--> Time from Last Check: 1.51s
--> Batch: 599, Loss: 0.0000, Label: 11, Survival Months: 77.58, Risk: -9.6400
	--> Average Speed: 0.05s per batch
	--> Time from Last Check: 1.51s
--> Batch: 649, Loss: 0.0000, Label: 14, Survival Months: 102.42, Risk: -13.5865
	--> Average Speed: 0.05s per batch
	--> Time from Last Check: 1.51s
--> Batch: 699, Loss: 0.0000, Label: 2, Survival Months: 22.83, Risk: -12.7991
	--> Average Speed: 0.05s per batch
	--> Time from Last Check: 1.52s
--> Batch: 749, Loss: 0.0000, Label: 9, Survival Months: 54.83, Risk: -11.5329
	--> Average Speed: 0.05s per batch
	--> Time from Last Check: 1.51s
--> Batch: 799, Loss: 2.1654, Label: 11, Survival Months: 73.58, Risk: -11.9064
	--> Average Speed: 0.05s per batch
	--> Time from Last Check: 1.52s
[10/01/2025 - 03:45:07] - Epoch: 15, lr: 0.00002288, training_loss: 0.2285, training_c_index: 0.7593
[10/01/2025 - 03:45:08] - Epoch: 15, validation_loss: 0.4685, validation_c_index: 0.5099
--> No improvement in validation_loss or validation_c_index for 12 epoch(s)
--> Current BEST Score: 0.5127
	--> validation_loss: 0.4005
	--> best validation_c_index: 0.5528
[10/01/2025 - 03:45:08] - Time elapsed for epoch 15: 27s
[10/01/2025 - 03:45:08] - Epoch: 16
--> Batch: 49, Loss: 0.0000, Label: 9, Survival Months: 53.58, Risk: -7.1728
	--> Average Speed: 0.05s per batch
	--> Time from Last Check: 1.58s
--> Batch: 99, Loss: 0.0000, Label: 9, Survival Months: 57.25, Risk: -15.8247
	--> Average Speed: 0.05s per batch
	--> Time from Last Check: 1.50s
--> Batch: 149, Loss: 0.9358, Label: 0, Survival Months: 2.50, Risk: -1.5028
	--> Average Speed: 0.05s per batch
	--> Time from Last Check: 1.51s
--> Batch: 199, Loss: 0.0000, Label: 7, Survival Months: 46.92, Risk: -14.7603
	--> Average Speed: 0.05s per batch
	--> Time from Last Check: 1.51s
--> Batch: 249, Loss: 0.0000, Label: 0, Survival Months: 0.00, Risk: -15.4753
	--> Average Speed: 0.05s per batch
	--> Time from Last Check: 1.51s
--> Batch: 299, Loss: 0.0000, Label: 12, Survival Months: 85.58, Risk: -15.0113
	--> Average Speed: 0.05s per batch
	--> Time from Last Check: 1.52s
--> Batch: 349, Loss: 0.0000, Label: 12, Survival Months: 83.08, Risk: -10.6383
	--> Average Speed: 0.05s per batch
	--> Time from Last Check: 1.51s
--> Batch: 399, Loss: 0.0000, Label: 14, Survival Months: 102.58, Risk: -9.5399
	--> Average Speed: 0.05s per batch
	--> Time from Last Check: 1.52s
--> Batch: 449, Loss: 2.3131, Label: 17, Survival Months: 177.25, Risk: -16.2025
	--> Average Speed: 0.03s per batch
	--> Time from Last Check: 0.97s
--> Batch: 499, Loss: 0.0000, Label: 8, Survival Months: 48.25, Risk: -15.7361
	--> Average Speed: 0.05s per batch
	--> Time from Last Check: 1.45s
--> Batch: 549, Loss: 0.0000, Label: 9, Survival Months: 53.58, Risk: -15.4409
	--> Average Speed: 0.04s per batch
	--> Time from Last Check: 1.21s
--> Batch: 599, Loss: 0.0000, Label: 16, Survival Months: 172.67, Risk: -12.7802
	--> Average Speed: 0.03s per batch
	--> Time from Last Check: 0.95s
--> Batch: 649, Loss: 0.0000, Label: 17, Survival Months: 200.50, Risk: -14.6803
	--> Average Speed: 0.04s per batch
	--> Time from Last Check: 1.27s
--> Batch: 699, Loss: 0.0000, Label: 10, Survival Months: 59.50, Risk: -13.1087
	--> Average Speed: 0.03s per batch
	--> Time from Last Check: 1.07s
--> Batch: 749, Loss: 0.0000, Label: 0, Survival Months: 2.50, Risk: -11.9834
	--> Average Speed: 0.04s per batch
	--> Time from Last Check: 1.34s
--> Batch: 799, Loss: 0.0000, Label: 4, Survival Months: 32.08, Risk: -12.9578
	--> Average Speed: 0.03s per batch
	--> Time from Last Check: 0.98s
[10/01/2025 - 03:45:30] - Epoch: 16, lr: 0.00002059, training_loss: 0.2251, training_c_index: 0.7664
[10/01/2025 - 03:45:32] - Epoch: 16, validation_loss: 0.4699, validation_c_index: 0.4937
--> No improvement in validation_loss or validation_c_index for 13 epoch(s)
--> Current BEST Score: 0.5127
	--> validation_loss: 0.4005
	--> best validation_c_index: 0.5528
[10/01/2025 - 03:45:32] - Time elapsed for epoch 16: 24s
[10/01/2025 - 03:45:32] - Epoch: 17
--> Batch: 49, Loss: 2.2576, Label: 10, Survival Months: 65.42, Risk: -9.8548
	--> Average Speed: 0.04s per batch
	--> Time from Last Check: 1.22s
--> Batch: 99, Loss: 0.0000, Label: 10, Survival Months: 63.50, Risk: -15.6324
	--> Average Speed: 0.04s per batch
	--> Time from Last Check: 1.31s
--> Batch: 149, Loss: 0.0000, Label: 19, Survival Months: 363.42, Risk: -16.1246
	--> Average Speed: 0.04s per batch
	--> Time from Last Check: 1.30s
--> Batch: 199, Loss: 0.0000, Label: 12, Survival Months: 84.58, Risk: -13.0973
	--> Average Speed: 0.05s per batch
	--> Time from Last Check: 1.51s
--> Batch: 249, Loss: 0.0000, Label: 9, Survival Months: 56.42, Risk: -12.1850
	--> Average Speed: 0.05s per batch
	--> Time from Last Check: 1.45s
--> Batch: 299, Loss: 0.0000, Label: 0, Survival Months: 0.92, Risk: -12.9954
	--> Average Speed: 0.05s per batch
	--> Time from Last Check: 1.52s
--> Batch: 349, Loss: 1.7084, Label: 2, Survival Months: 22.17, Risk: -1.9133
	--> Average Speed: 0.05s per batch
	--> Time from Last Check: 1.51s
--> Batch: 399, Loss: 0.0000, Label: 8, Survival Months: 51.33, Risk: -13.7731
	--> Average Speed: 0.05s per batch
	--> Time from Last Check: 1.51s
--> Batch: 449, Loss: 0.0000, Label: 16, Survival Months: 168.25, Risk: -15.3351
	--> Average Speed: 0.05s per batch
	--> Time from Last Check: 1.51s
--> Batch: 499, Loss: 0.0000, Label: 19, Survival Months: 309.08, Risk: -14.1624
	--> Average Speed: 0.05s per batch
	--> Time from Last Check: 1.50s
--> Batch: 549, Loss: 0.0000, Label: 8, Survival Months: 47.83, Risk: -14.6969
	--> Average Speed: 0.05s per batch
	--> Time from Last Check: 1.47s
--> Batch: 599, Loss: 2.2237, Label: 8, Survival Months: 51.00, Risk: -10.9918
	--> Average Speed: 0.05s per batch
	--> Time from Last Check: 1.52s
--> Batch: 649, Loss: 0.0000, Label: 13, Survival Months: 89.50, Risk: -11.9038
	--> Average Speed: 0.05s per batch
	--> Time from Last Check: 1.51s
--> Batch: 699, Loss: 0.0000, Label: 4, Survival Months: 33.25, Risk: -13.2231
	--> Average Speed: 0.05s per batch
	--> Time from Last Check: 1.52s
--> Batch: 749, Loss: 0.0000, Label: 19, Survival Months: 279.17, Risk: -7.2425
	--> Average Speed: 0.05s per batch
	--> Time from Last Check: 1.49s
--> Batch: 799, Loss: 0.0000, Label: 3, Survival Months: 29.83, Risk: -16.0280
	--> Average Speed: 0.05s per batch
	--> Time from Last Check: 1.51s
[10/01/2025 - 03:45:56] - Epoch: 17, lr: 0.00001853, training_loss: 0.2231, training_c_index: 0.7802
[10/01/2025 - 03:45:58] - Epoch: 17, validation_loss: 0.4631, validation_c_index: 0.5077
--> No improvement in validation_loss or validation_c_index for 14 epoch(s)
--> Current BEST Score: 0.5127
	--> validation_loss: 0.4005
	--> best validation_c_index: 0.5528
[10/01/2025 - 03:45:58] - Time elapsed for epoch 17: 26s
[10/01/2025 - 03:45:58] - Epoch: 18
--> Batch: 49, Loss: 1.3012, Label: 18, Survival Months: 212.58, Risk: -16.2887
	--> Average Speed: 0.05s per batch
	--> Time from Last Check: 1.49s
--> Batch: 99, Loss: 0.0000, Label: 13, Survival Months: 93.33, Risk: -6.5052
	--> Average Speed: 0.05s per batch
	--> Time from Last Check: 1.53s
--> Batch: 149, Loss: 0.0000, Label: 5, Survival Months: 37.92, Risk: -14.8427
	--> Average Speed: 0.05s per batch
	--> Time from Last Check: 1.53s
--> Batch: 199, Loss: 0.0000, Label: 2, Survival Months: 22.75, Risk: -16.3812
	--> Average Speed: 0.05s per batch
	--> Time from Last Check: 1.54s
--> Batch: 249, Loss: 0.0000, Label: 11, Survival Months: 74.08, Risk: -15.3810
	--> Average Speed: 0.05s per batch
	--> Time from Last Check: 1.52s
--> Batch: 299, Loss: 0.0000, Label: 17, Survival Months: 203.50, Risk: -14.7784
	--> Average Speed: 0.03s per batch
	--> Time from Last Check: 1.11s
--> Batch: 349, Loss: 0.0000, Label: 4, Survival Months: 32.08, Risk: -14.2918
	--> Average Speed: 0.02s per batch
	--> Time from Last Check: 0.72s
--> Batch: 399, Loss: 0.0000, Label: 3, Survival Months: 26.67, Risk: -6.7185
	--> Average Speed: 0.02s per batch
	--> Time from Last Check: 0.63s
--> Batch: 449, Loss: 0.0000, Label: 4, Survival Months: 33.75, Risk: -16.1561
	--> Average Speed: 0.02s per batch
	--> Time from Last Check: 0.78s
--> Batch: 499, Loss: 0.0000, Label: 2, Survival Months: 25.75, Risk: -14.2406
	--> Average Speed: 0.03s per batch
	--> Time from Last Check: 1.03s
--> Batch: 549, Loss: 2.1203, Label: 15, Survival Months: 136.83, Risk: -15.5695
	--> Average Speed: 0.04s per batch
	--> Time from Last Check: 1.43s
--> Batch: 599, Loss: 0.0000, Label: 2, Survival Months: 24.42, Risk: -16.0919
	--> Average Speed: 0.04s per batch
	--> Time from Last Check: 1.34s
--> Batch: 649, Loss: 0.0000, Label: 19, Survival Months: 473.08, Risk: -13.4915
	--> Average Speed: 0.05s per batch
	--> Time from Last Check: 1.53s
--> Batch: 699, Loss: 0.0000, Label: 8, Survival Months: 48.08, Risk: -4.4861
	--> Average Speed: 0.05s per batch
	--> Time from Last Check: 1.52s
--> Batch: 749, Loss: 0.0000, Label: 3, Survival Months: 30.50, Risk: -13.6863
	--> Average Speed: 0.05s per batch
	--> Time from Last Check: 1.52s
--> Batch: 799, Loss: 2.1778, Label: 11, Survival Months: 67.58, Risk: -9.4013
	--> Average Speed: 0.05s per batch
	--> Time from Last Check: 1.50s
[10/01/2025 - 03:46:20] - Epoch: 18, lr: 0.00001668, training_loss: 0.2222, training_c_index: 0.7641
[10/01/2025 - 03:46:21] - Epoch: 18, validation_loss: 0.4674, validation_c_index: 0.5054
--> No improvement in validation_loss or validation_c_index for 15 epoch(s)
--> Current BEST Score: 0.5127
	--> validation_loss: 0.4005
	--> best validation_c_index: 0.5528
[10/01/2025 - 03:46:21] - Time elapsed for epoch 18: 23s
[10/01/2025 - 03:46:21] - Epoch: 19
--> Batch: 49, Loss: 1.6236, Label: 19, Survival Months: 284.08, Risk: -16.3852
	--> Average Speed: 0.05s per batch
	--> Time from Last Check: 1.48s
--> Batch: 99, Loss: 0.0000, Label: 13, Survival Months: 93.25, Risk: -3.7077
	--> Average Speed: 0.05s per batch
	--> Time from Last Check: 1.54s
--> Batch: 149, Loss: 0.0000, Label: 16, Survival Months: 143.25, Risk: -12.5351
	--> Average Speed: 0.05s per batch
	--> Time from Last Check: 1.51s
--> Batch: 199, Loss: 0.0000, Label: 17, Survival Months: 178.50, Risk: -6.0622
	--> Average Speed: 0.05s per batch
	--> Time from Last Check: 1.55s
--> Batch: 249, Loss: 0.0000, Label: 0, Survival Months: 0.00, Risk: -8.3538
	--> Average Speed: 0.05s per batch
	--> Time from Last Check: 1.53s
--> Batch: 299, Loss: 0.0000, Label: 1, Survival Months: 8.25, Risk: -12.8929
	--> Average Speed: 0.05s per batch
	--> Time from Last Check: 1.52s
--> Batch: 349, Loss: 0.0000, Label: 4, Survival Months: 34.33, Risk: -16.4640
	--> Average Speed: 0.05s per batch
	--> Time from Last Check: 1.52s
--> Batch: 399, Loss: 0.0000, Label: 8, Survival Months: 49.00, Risk: -16.6313
	--> Average Speed: 0.05s per batch
	--> Time from Last Check: 1.52s
--> Batch: 449, Loss: 0.0000, Label: 7, Survival Months: 43.42, Risk: -16.2498
	--> Average Speed: 0.05s per batch
	--> Time from Last Check: 1.52s
--> Batch: 499, Loss: 0.0000, Label: 16, Survival Months: 162.33, Risk: -15.3496
	--> Average Speed: 0.05s per batch
	--> Time from Last Check: 1.52s
--> Batch: 549, Loss: 0.0000, Label: 1, Survival Months: 5.67, Risk: -12.4554
	--> Average Speed: 0.05s per batch
	--> Time from Last Check: 1.52s
--> Batch: 599, Loss: 0.0000, Label: 2, Survival Months: 20.83, Risk: -16.0814
	--> Average Speed: 0.05s per batch
	--> Time from Last Check: 1.52s
--> Batch: 649, Loss: 0.0000, Label: 15, Survival Months: 134.42, Risk: -8.5644
	--> Average Speed: 0.05s per batch
	--> Time from Last Check: 1.52s
--> Batch: 699, Loss: 0.0000, Label: 19, Survival Months: 280.33, Risk: -8.9993
	--> Average Speed: 0.05s per batch
	--> Time from Last Check: 1.52s
--> Batch: 749, Loss: 0.0000, Label: 4, Survival Months: 33.08, Risk: -16.1695
	--> Average Speed: 0.05s per batch
	--> Time from Last Check: 1.52s
--> Batch: 799, Loss: 0.0000, Label: 11, Survival Months: 69.50, Risk: -16.1497
	--> Average Speed: 0.05s per batch
	--> Time from Last Check: 1.53s
[10/01/2025 - 03:46:46] - Epoch: 19, lr: 0.00001501, training_loss: 0.2178, training_c_index: 0.7846
[10/01/2025 - 03:46:48] - Epoch: 19, validation_loss: 0.4728, validation_c_index: 0.5018
--> No improvement in validation_loss or validation_c_index for 16 epoch(s)
--> Current BEST Score: 0.5127
	--> validation_loss: 0.4005
	--> best validation_c_index: 0.5528
[10/01/2025 - 03:46:48] - Time elapsed for epoch 19: 27s
[10/01/2025 - 03:46:48] - Epoch: 20
