Environment conda activated
Job 2505412 started

#################### [10/01/2025 - 01:04:35] - MCAT started ####################
HOSTNAME: gervasoni

WANDB: setting up for report

CUDA: available
--> Device count: 1
--> Using device: Quadro RTX 5000
--> Running on CUDA

DATASET: Loading data
--> Remaining samples after removing incomplete: 1039
--> Class intervals: [
	0: [0.00 - 2.57]
	1: [2.57 - 17.70]
	2: [17.70 - 26.37]
	3: [26.37 - 31.25]
	4: [31.25 - 34.71]
	5: [34.71 - 38.03]
	6: [38.03 - 42.94]
	7: [42.94 - 47.45]
	8: [47.45 - 51.69]
	9: [51.69 - 58.17]
	10: [58.17 - 67.10]
	11: [67.10 - 79.80]
	12: [79.80 - 88.56]
	13: [88.56 - 102.25]
	14: [102.25 - 120.62]
	15: [120.62 - 141.88]
	16: [141.88 - 174.40]
	17: [174.40 - 205.88]
	18: [205.88 - 263.29]
	19: [263.29 - 593.83]
    ]
--> Standardizing RNA-seq data
--> Standardizing Methylation Islands beta values
--> Gene Expression Signatures size: [19938]
--> Methylation Signatures size: [4522]
--> Using 80% training, 20% validation
--> Training Set: [831], Testing Set: [208]

MODEL: MCAT
--> Trainable parameters of MCAT: 9362966
--> Loss function: CrossEntropySurvivalLoss
--> Optimizer: adam

################## [10/01/2025 - 01:05:10] - Training started ##################
[10/01/2025 - 01:05:10] - Epoch: 1
--> Batch: 49, Loss: 12.3919, Label: 19, Survival Months: 549.42, Risk: -1.0737
	--> Average Speed: 0.09s per batch
	--> Time from Last Check: 2.91s
--> Batch: 99, Loss: 2.1728, Label: 0, Survival Months: 0.00, Risk: -1.0479
	--> Average Speed: 0.07s per batch
	--> Time from Last Check: 2.19s
--> Batch: 149, Loss: 3.1059, Label: 12, Survival Months: 83.42, Risk: -1.2099
	--> Average Speed: 0.07s per batch
	--> Time from Last Check: 2.18s
--> Batch: 199, Loss: 2.3502, Label: 7, Survival Months: 44.17, Risk: -1.2930
	--> Average Speed: 0.07s per batch
	--> Time from Last Check: 2.25s
--> Batch: 249, Loss: 3.2863, Label: 16, Survival Months: 148.33, Risk: -1.6209
	--> Average Speed: 0.07s per batch
	--> Time from Last Check: 2.23s
--> Batch: 299, Loss: 2.0506, Label: 7, Survival Months: 45.42, Risk: -1.9899
	--> Average Speed: 0.07s per batch
	--> Time from Last Check: 2.22s
--> Batch: 349, Loss: 2.7902, Label: 17, Survival Months: 201.67, Risk: -2.9186
	--> Average Speed: 0.07s per batch
	--> Time from Last Check: 2.20s
--> Batch: 399, Loss: 1.4550, Label: 4, Survival Months: 34.17, Risk: -4.0766
	--> Average Speed: 0.07s per batch
	--> Time from Last Check: 2.23s
--> Batch: 449, Loss: 1.3146, Label: 4, Survival Months: 34.67, Risk: -7.5466
	--> Average Speed: 0.07s per batch
	--> Time from Last Check: 2.20s
--> Batch: 499, Loss: 1.5066, Label: 15, Survival Months: 130.08, Risk: -11.4365
	--> Average Speed: 0.07s per batch
	--> Time from Last Check: 2.21s
--> Batch: 549, Loss: 4.1931, Label: 12, Survival Months: 82.58, Risk: -14.5623
	--> Average Speed: 0.07s per batch
	--> Time from Last Check: 2.18s
--> Batch: 599, Loss: 1.2078, Label: 8, Survival Months: 49.58, Risk: -15.8241
	--> Average Speed: 0.07s per batch
	--> Time from Last Check: 2.17s
--> Batch: 649, Loss: 1.1868, Label: 7, Survival Months: 46.17, Risk: -15.7141
	--> Average Speed: 0.07s per batch
	--> Time from Last Check: 2.23s
--> Batch: 699, Loss: 1.1890, Label: 9, Survival Months: 53.58, Risk: -14.5852
	--> Average Speed: 0.07s per batch
	--> Time from Last Check: 2.18s
--> Batch: 749, Loss: 1.1385, Label: 0, Survival Months: 0.08, Risk: -14.6180
	--> Average Speed: 0.07s per batch
	--> Time from Last Check: 2.21s
--> Batch: 799, Loss: 1.1339, Label: 3, Survival Months: 29.33, Risk: -14.8565
	--> Average Speed: 0.07s per batch
	--> Time from Last Check: 2.16s
[10/01/2025 - 01:05:47] - Epoch: 1, lr: 0.00010000, training_loss: 2.3256, training_c_index: 0.5066
[10/01/2025 - 01:05:49] - Epoch: 1, validation_loss: 1.5783, validation_c_index: 0.6312
--> New BEST Validation Score: 0.4733, validation_loss: 1.5783, validation_c_index: 0.6312
--> Current BEST Score: 0.4733
	--> validation_loss: 1.5783
	--> best validation_c_index: 0.6312
[10/01/2025 - 01:05:50] - Time elapsed for epoch 1: 40s
[10/01/2025 - 01:05:50] - Epoch: 2
--> Batch: 49, Loss: 1.1062, Label: 6, Survival Months: 38.83, Risk: -16.3935
	--> Average Speed: 0.07s per batch
	--> Time from Last Check: 2.31s
--> Batch: 99, Loss: 1.1536, Label: 13, Survival Months: 101.75, Risk: -14.8453
	--> Average Speed: 0.07s per batch
	--> Time from Last Check: 2.33s
--> Batch: 149, Loss: 1.0881, Label: 7, Survival Months: 44.17, Risk: -15.4353
	--> Average Speed: 0.07s per batch
	--> Time from Last Check: 2.24s
--> Batch: 199, Loss: 1.0767, Label: 7, Survival Months: 43.83, Risk: -15.1338
	--> Average Speed: 0.07s per batch
	--> Time from Last Check: 2.27s
--> Batch: 249, Loss: 1.2141, Label: 17, Survival Months: 194.58, Risk: -14.5886
	--> Average Speed: 0.07s per batch
	--> Time from Last Check: 2.21s
--> Batch: 299, Loss: 1.1760, Label: 16, Survival Months: 174.25, Risk: -14.4238
	--> Average Speed: 0.07s per batch
	--> Time from Last Check: 2.17s
--> Batch: 349, Loss: 1.0522, Label: 6, Survival Months: 38.58, Risk: -12.8067
	--> Average Speed: 0.07s per batch
	--> Time from Last Check: 2.18s
--> Batch: 399, Loss: 1.0239, Label: 4, Survival Months: 32.08, Risk: -14.4848
	--> Average Speed: 0.07s per batch
	--> Time from Last Check: 2.20s
--> Batch: 449, Loss: 1.0200, Label: 3, Survival Months: 31.08, Risk: -13.0777
	--> Average Speed: 0.07s per batch
	--> Time from Last Check: 2.19s
--> Batch: 499, Loss: 1.3969, Label: 19, Survival Months: 333.75, Risk: -15.2073
	--> Average Speed: 0.07s per batch
	--> Time from Last Check: 2.24s
--> Batch: 549, Loss: 1.3292, Label: 18, Survival Months: 207.17, Risk: -12.0586
	--> Average Speed: 0.07s per batch
	--> Time from Last Check: 2.20s
--> Batch: 599, Loss: 1.1258, Label: 16, Survival Months: 155.92, Risk: -13.5558
	--> Average Speed: 0.07s per batch
	--> Time from Last Check: 2.20s
--> Batch: 649, Loss: 0.9824, Label: 4, Survival Months: 33.17, Risk: -12.6190
	--> Average Speed: 0.07s per batch
	--> Time from Last Check: 2.29s
--> Batch: 699, Loss: 0.9585, Label: 5, Survival Months: 35.83, Risk: -14.6503
	--> Average Speed: 0.07s per batch
	--> Time from Last Check: 2.20s
--> Batch: 749, Loss: 0.9301, Label: 0, Survival Months: 0.00, Risk: -15.5573
	--> Average Speed: 0.07s per batch
	--> Time from Last Check: 2.18s
--> Batch: 799, Loss: 1.0714, Label: 13, Survival Months: 101.33, Risk: -11.7243
	--> Average Speed: 0.07s per batch
	--> Time from Last Check: 2.19s
[10/01/2025 - 01:06:27] - Epoch: 2, lr: 0.00009900, training_loss: 1.4061, training_c_index: 0.4832
[10/01/2025 - 01:06:29] - Epoch: 2, validation_loss: 1.3816, validation_c_index: 0.4757
--> No improvement in validation_loss or validation_c_index for 1 epoch(s)
--> Current BEST Score: 0.4733
	--> validation_loss: 1.5783
	--> best validation_c_index: 0.6312
[10/01/2025 - 01:06:29] - Time elapsed for epoch 2: 40s
[10/01/2025 - 01:06:29] - Epoch: 3
--> Batch: 49, Loss: 1.0070, Label: 16, Survival Months: 158.58, Risk: -15.5511
	--> Average Speed: 0.07s per batch
	--> Time from Last Check: 2.35s
--> Batch: 99, Loss: 0.9062, Label: 10, Survival Months: 64.08, Risk: -17.2984
	--> Average Speed: 0.07s per batch
	--> Time from Last Check: 2.21s
--> Batch: 149, Loss: 0.9207, Label: 10, Survival Months: 60.58, Risk: -15.2945
	--> Average Speed: 0.07s per batch
	--> Time from Last Check: 2.22s
--> Batch: 199, Loss: 2.8432, Label: 17, Survival Months: 182.67, Risk: -16.1611
	--> Average Speed: 0.07s per batch
	--> Time from Last Check: 2.21s
--> Batch: 249, Loss: 0.8870, Label: 7, Survival Months: 47.42, Risk: -15.2203
	--> Average Speed: 0.07s per batch
	--> Time from Last Check: 2.11s
--> Batch: 299, Loss: 0.9627, Label: 16, Survival Months: 166.33, Risk: -15.2533
	--> Average Speed: 0.07s per batch
	--> Time from Last Check: 2.18s
--> Batch: 349, Loss: 0.8779, Label: 7, Survival Months: 43.17, Risk: -14.7298
	--> Average Speed: 0.07s per batch
	--> Time from Last Check: 2.23s
--> Batch: 399, Loss: 0.8589, Label: 6, Survival Months: 38.58, Risk: -15.2416
	--> Average Speed: 0.07s per batch
	--> Time from Last Check: 2.23s
--> Batch: 449, Loss: 0.8657, Label: 5, Survival Months: 35.33, Risk: -12.7611
	--> Average Speed: 0.07s per batch
	--> Time from Last Check: 2.20s
--> Batch: 499, Loss: 2.1567, Label: 19, Survival Months: 329.92, Risk: -14.5184
	--> Average Speed: 0.07s per batch
	--> Time from Last Check: 2.24s
--> Batch: 549, Loss: 0.8212, Label: 6, Survival Months: 39.42, Risk: -16.7878
	--> Average Speed: 0.07s per batch
	--> Time from Last Check: 2.22s
--> Batch: 599, Loss: 0.8663, Label: 8, Survival Months: 49.25, Risk: -12.7833
	--> Average Speed: 0.07s per batch
	--> Time from Last Check: 2.16s
--> Batch: 649, Loss: 0.8361, Label: 10, Survival Months: 60.58, Risk: -15.0050
	--> Average Speed: 0.07s per batch
	--> Time from Last Check: 2.23s
--> Batch: 699, Loss: 0.7899, Label: 1, Survival Months: 6.00, Risk: -15.7238
	--> Average Speed: 0.07s per batch
	--> Time from Last Check: 2.22s
--> Batch: 749, Loss: 1.1836, Label: 19, Survival Months: 588.92, Risk: -15.3474
	--> Average Speed: 0.07s per batch
	--> Time from Last Check: 2.23s
--> Batch: 799, Loss: 0.7742, Label: 0, Survival Months: 1.33, Risk: -13.8711
	--> Average Speed: 0.07s per batch
	--> Time from Last Check: 2.12s
[10/01/2025 - 01:07:06] - Epoch: 3, lr: 0.00009801, training_loss: 1.2258, training_c_index: 0.5110
[10/01/2025 - 01:07:08] - Epoch: 3, validation_loss: 1.2442, validation_c_index: 0.4693
--> No improvement in validation_loss or validation_c_index for 2 epoch(s)
--> Current BEST Score: 0.4733
	--> validation_loss: 1.5783
	--> best validation_c_index: 0.6312
[10/01/2025 - 01:07:09] - Time elapsed for epoch 3: 39s
[10/01/2025 - 01:07:09] - Epoch: 4
--> Batch: 49, Loss: 0.8524, Label: 11, Survival Months: 79.33, Risk: -12.6992
	--> Average Speed: 0.06s per batch
	--> Time from Last Check: 1.90s
--> Batch: 99, Loss: 0.8116, Label: 13, Survival Months: 97.25, Risk: -15.2935
	--> Average Speed: 0.06s per batch
	--> Time from Last Check: 2.02s
--> Batch: 149, Loss: 0.8806, Label: 17, Survival Months: 187.92, Risk: -15.2447
	--> Average Speed: 0.06s per batch
	--> Time from Last Check: 1.78s
--> Batch: 199, Loss: 0.7904, Label: 15, Survival Months: 132.25, Risk: -16.4469
	--> Average Speed: 0.07s per batch
	--> Time from Last Check: 2.16s
--> Batch: 249, Loss: 0.7295, Label: 3, Survival Months: 30.50, Risk: -16.3858
	--> Average Speed: 0.07s per batch
	--> Time from Last Check: 2.26s
--> Batch: 299, Loss: 1.0931, Label: 19, Survival Months: 379.17, Risk: -15.4666
	--> Average Speed: 0.07s per batch
	--> Time from Last Check: 2.21s
--> Batch: 349, Loss: 0.7225, Label: 6, Survival Months: 39.75, Risk: -15.7398
	--> Average Speed: 0.07s per batch
	--> Time from Last Check: 2.17s
--> Batch: 399, Loss: 0.7458, Label: 9, Survival Months: 54.92, Risk: -14.4231
	--> Average Speed: 0.07s per batch
	--> Time from Last Check: 2.25s
--> Batch: 449, Loss: 3.9299, Label: 13, Survival Months: 95.17, Risk: -14.2598
	--> Average Speed: 0.07s per batch
	--> Time from Last Check: 2.16s
--> Batch: 499, Loss: 0.6992, Label: 4, Survival Months: 32.58, Risk: -16.1150
	--> Average Speed: 0.07s per batch
	--> Time from Last Check: 2.16s
--> Batch: 549, Loss: 0.7432, Label: 12, Survival Months: 85.58, Risk: -15.4417
	--> Average Speed: 0.06s per batch
	--> Time from Last Check: 1.80s
--> Batch: 599, Loss: 0.7495, Label: 14, Survival Months: 105.00, Risk: -15.5945
	--> Average Speed: 0.05s per batch
	--> Time from Last Check: 1.69s
--> Batch: 649, Loss: 0.7246, Label: 12, Survival Months: 81.25, Risk: -15.7547
	--> Average Speed: 0.05s per batch
	--> Time from Last Check: 1.61s
--> Batch: 699, Loss: 0.7165, Label: 15, Survival Months: 122.08, Risk: -16.6387
	--> Average Speed: 0.07s per batch
	--> Time from Last Check: 2.17s
--> Batch: 749, Loss: 0.7196, Label: 6, Survival Months: 42.92, Risk: -10.5362
	--> Average Speed: 0.06s per batch
	--> Time from Last Check: 1.97s
--> Batch: 799, Loss: 0.6842, Label: 8, Survival Months: 50.67, Risk: -14.8259
	--> Average Speed: 0.06s per batch
	--> Time from Last Check: 2.00s
[10/01/2025 - 01:07:42] - Epoch: 4, lr: 0.00009703, training_loss: 1.0923, training_c_index: 0.5412
[10/01/2025 - 01:07:44] - Epoch: 4, validation_loss: 1.1378, validation_c_index: 0.4869
--> No improvement in validation_loss or validation_c_index for 3 epoch(s)
--> Current BEST Score: 0.4733
	--> validation_loss: 1.5783
	--> best validation_c_index: 0.6312
[10/01/2025 - 01:07:44] - Time elapsed for epoch 4: 36s
[10/01/2025 - 01:07:44] - Epoch: 5
--> Batch: 49, Loss: 1.0052, Label: 19, Survival Months: 309.08, Risk: -16.4253
	--> Average Speed: 0.07s per batch
	--> Time from Last Check: 2.32s
--> Batch: 99, Loss: 0.6619, Label: 12, Survival Months: 83.67, Risk: -16.8468
	--> Average Speed: 0.07s per batch
	--> Time from Last Check: 2.19s
--> Batch: 149, Loss: 0.6347, Label: 1, Survival Months: 5.83, Risk: -14.5808
	--> Average Speed: 0.07s per batch
	--> Time from Last Check: 2.10s
--> Batch: 199, Loss: 0.7459, Label: 16, Survival Months: 163.67, Risk: -14.7463
	--> Average Speed: 0.07s per batch
	--> Time from Last Check: 2.22s
--> Batch: 249, Loss: 0.6517, Label: 16, Survival Months: 148.58, Risk: -17.6107
	--> Average Speed: 0.07s per batch
	--> Time from Last Check: 2.19s
--> Batch: 299, Loss: 0.6268, Label: 10, Survival Months: 58.92, Risk: -16.4268
	--> Average Speed: 0.07s per batch
	--> Time from Last Check: 2.25s
--> Batch: 349, Loss: 0.6139, Label: 6, Survival Months: 40.67, Risk: -15.8357
	--> Average Speed: 0.07s per batch
	--> Time from Last Check: 2.26s
--> Batch: 399, Loss: 0.6726, Label: 15, Survival Months: 135.00, Risk: -15.7798
	--> Average Speed: 0.07s per batch
	--> Time from Last Check: 2.20s
--> Batch: 449, Loss: 0.6633, Label: 15, Survival Months: 129.92, Risk: -15.9336
	--> Average Speed: 0.07s per batch
	--> Time from Last Check: 2.25s
--> Batch: 499, Loss: 1.0685, Label: 18, Survival Months: 216.33, Risk: -10.7955
	--> Average Speed: 0.07s per batch
	--> Time from Last Check: 2.13s
--> Batch: 549, Loss: 0.6042, Label: 3, Survival Months: 27.83, Risk: -13.5180
	--> Average Speed: 0.07s per batch
	--> Time from Last Check: 2.18s
--> Batch: 599, Loss: 0.5886, Label: 3, Survival Months: 26.42, Risk: -15.1580
	--> Average Speed: 0.07s per batch
	--> Time from Last Check: 2.25s
--> Batch: 649, Loss: 0.5904, Label: 11, Survival Months: 73.17, Risk: -16.9685
	--> Average Speed: 0.07s per batch
	--> Time from Last Check: 2.24s
--> Batch: 699, Loss: 0.5991, Label: 10, Survival Months: 64.08, Risk: -15.5629
	--> Average Speed: 0.07s per batch
	--> Time from Last Check: 2.22s
--> Batch: 749, Loss: 0.5869, Label: 6, Survival Months: 42.50, Risk: -13.8175
	--> Average Speed: 0.07s per batch
	--> Time from Last Check: 2.26s
--> Batch: 799, Loss: 0.6175, Label: 9, Survival Months: 56.92, Risk: -12.8114
	--> Average Speed: 0.07s per batch
	--> Time from Last Check: 2.19s
[10/01/2025 - 01:08:22] - Epoch: 5, lr: 0.00009606, training_loss: 0.9760, training_c_index: 0.6197
[10/01/2025 - 01:08:24] - Epoch: 5, validation_loss: 1.0730, validation_c_index: 0.5213
--> No improvement in validation_loss or validation_c_index for 4 epoch(s)
--> Current BEST Score: 0.4733
	--> validation_loss: 1.5783
	--> best validation_c_index: 0.6312
[10/01/2025 - 01:08:24] - Time elapsed for epoch 5: 39s
[10/01/2025 - 01:08:24] - Epoch: 6
--> Batch: 49, Loss: 0.6105, Label: 8, Survival Months: 48.25, Risk: -12.7645
	--> Average Speed: 0.08s per batch
	--> Time from Last Check: 2.43s
--> Batch: 99, Loss: 0.5648, Label: 6, Survival Months: 42.42, Risk: -14.9052
	--> Average Speed: 0.07s per batch
	--> Time from Last Check: 2.19s
--> Batch: 149, Loss: 0.6400, Label: 11, Survival Months: 69.50, Risk: -12.8777
	--> Average Speed: 0.07s per batch
	--> Time from Last Check: 2.13s
--> Batch: 199, Loss: 3.3024, Label: 14, Survival Months: 113.75, Risk: -15.1018
	--> Average Speed: 0.06s per batch
	--> Time from Last Check: 1.77s
--> Batch: 249, Loss: 0.5678, Label: 8, Survival Months: 50.00, Risk: -14.8051
	--> Average Speed: 0.06s per batch
	--> Time from Last Check: 2.07s
--> Batch: 299, Loss: 0.5744, Label: 10, Survival Months: 66.25, Risk: -14.5436
	--> Average Speed: 0.06s per batch
	--> Time from Last Check: 1.85s
--> Batch: 349, Loss: 0.6324, Label: 16, Survival Months: 160.42, Risk: -15.3604
	--> Average Speed: 0.07s per batch
	--> Time from Last Check: 2.21s
--> Batch: 399, Loss: 0.5491, Label: 6, Survival Months: 41.75, Risk: -13.0476
	--> Average Speed: 0.07s per batch
	--> Time from Last Check: 2.24s
--> Batch: 449, Loss: 0.5709, Label: 13, Survival Months: 101.58, Risk: -15.6038
	--> Average Speed: 0.07s per batch
	--> Time from Last Check: 2.23s
--> Batch: 499, Loss: 0.5230, Label: 10, Survival Months: 63.33, Risk: -17.1184
	--> Average Speed: 0.07s per batch
	--> Time from Last Check: 2.27s
--> Batch: 549, Loss: 0.5126, Label: 12, Survival Months: 81.17, Risk: -18.4108
	--> Average Speed: 0.07s per batch
	--> Time from Last Check: 2.24s
--> Batch: 599, Loss: 0.5497, Label: 11, Survival Months: 74.58, Risk: -15.0043
	--> Average Speed: 0.07s per batch
	--> Time from Last Check: 2.20s
--> Batch: 649, Loss: 0.6113, Label: 13, Survival Months: 101.42, Risk: -13.1267
	--> Average Speed: 0.07s per batch
	--> Time from Last Check: 2.26s
--> Batch: 699, Loss: 0.5104, Label: 5, Survival Months: 35.67, Risk: -15.5156
	--> Average Speed: 0.07s per batch
	--> Time from Last Check: 2.23s
--> Batch: 749, Loss: 2.9321, Label: 16, Survival Months: 146.58, Risk: -13.4303
	--> Average Speed: 0.07s per batch
	--> Time from Last Check: 2.23s
--> Batch: 799, Loss: 0.5185, Label: 9, Survival Months: 55.17, Risk: -15.0168
	--> Average Speed: 0.07s per batch
	--> Time from Last Check: 2.24s
[10/01/2025 - 01:09:00] - Epoch: 6, lr: 0.00009510, training_loss: 0.8983, training_c_index: 0.6358
[10/01/2025 - 01:09:02] - Epoch: 6, validation_loss: 0.9878, validation_c_index: 0.5006
--> No improvement in validation_loss or validation_c_index for 5 epoch(s)
--> Current BEST Score: 0.4733
	--> validation_loss: 1.5783
	--> best validation_c_index: 0.6312
[10/01/2025 - 01:09:02] - Time elapsed for epoch 6: 39s
[10/01/2025 - 01:09:02] - Epoch: 7
--> Batch: 49, Loss: 0.5606, Label: 13, Survival Months: 94.83, Risk: -14.4966
	--> Average Speed: 0.08s per batch
	--> Time from Last Check: 2.45s
--> Batch: 99, Loss: 0.5900, Label: 16, Survival Months: 158.58, Risk: -15.3815
	--> Average Speed: 0.07s per batch
	--> Time from Last Check: 2.18s
--> Batch: 149, Loss: 0.4826, Label: 8, Survival Months: 48.08, Risk: -16.9682
	--> Average Speed: 0.07s per batch
	--> Time from Last Check: 2.21s
--> Batch: 199, Loss: 0.4995, Label: 7, Survival Months: 45.50, Risk: -14.1199
	--> Average Speed: 0.07s per batch
	--> Time from Last Check: 2.22s
--> Batch: 249, Loss: 2.9016, Label: 12, Survival Months: 86.00, Risk: -8.5355
	--> Average Speed: 0.07s per batch
	--> Time from Last Check: 2.21s
--> Batch: 299, Loss: 0.5196, Label: 13, Survival Months: 101.33, Risk: -15.5776
	--> Average Speed: 0.07s per batch
	--> Time from Last Check: 2.18s
--> Batch: 349, Loss: 0.5141, Label: 9, Survival Months: 55.50, Risk: -13.2790
	--> Average Speed: 0.07s per batch
	--> Time from Last Check: 2.24s
--> Batch: 399, Loss: 0.4914, Label: 11, Survival Months: 73.17, Risk: -16.0226
	--> Average Speed: 0.07s per batch
	--> Time from Last Check: 2.18s
--> Batch: 449, Loss: 0.4690, Label: 7, Survival Months: 44.83, Risk: -15.9338
	--> Average Speed: 0.07s per batch
	--> Time from Last Check: 2.20s
--> Batch: 499, Loss: 0.5479, Label: 12, Survival Months: 86.92, Risk: -13.3331
	--> Average Speed: 0.07s per batch
	--> Time from Last Check: 2.19s
--> Batch: 549, Loss: 0.4547, Label: 5, Survival Months: 37.50, Risk: -17.4020
	--> Average Speed: 0.07s per batch
	--> Time from Last Check: 2.23s
--> Batch: 599, Loss: 0.4601, Label: 4, Survival Months: 31.75, Risk: -15.8482
	--> Average Speed: 0.06s per batch
	--> Time from Last Check: 2.06s
--> Batch: 649, Loss: 0.4785, Label: 15, Survival Months: 128.50, Risk: -17.2941
	--> Average Speed: 0.07s per batch
	--> Time from Last Check: 2.18s
--> Batch: 699, Loss: 0.6688, Label: 18, Survival Months: 206.42, Risk: -16.6709
	--> Average Speed: 0.07s per batch
	--> Time from Last Check: 2.12s
--> Batch: 749, Loss: 2.2944, Label: 19, Survival Months: 288.42, Risk: -13.3801
	--> Average Speed: 0.07s per batch
	--> Time from Last Check: 2.18s
--> Batch: 799, Loss: 0.4511, Label: 8, Survival Months: 49.00, Risk: -16.2667
	--> Average Speed: 0.07s per batch
	--> Time from Last Check: 2.23s
[10/01/2025 - 01:09:39] - Epoch: 7, lr: 0.00009415, training_loss: 0.8331, training_c_index: 0.6750
[10/01/2025 - 01:09:41] - Epoch: 7, validation_loss: 1.0366, validation_c_index: 0.4860
--> No improvement in validation_loss or validation_c_index for 6 epoch(s)
--> Current BEST Score: 0.4733
	--> validation_loss: 1.5783
	--> best validation_c_index: 0.6312
[10/01/2025 - 01:09:41] - Time elapsed for epoch 7: 39s
[10/01/2025 - 01:09:41] - Epoch: 8
--> Batch: 49, Loss: 0.4694, Label: 8, Survival Months: 51.67, Risk: -14.0714
	--> Average Speed: 0.07s per batch
	--> Time from Last Check: 2.32s
--> Batch: 99, Loss: 0.5085, Label: 3, Survival Months: 26.67, Risk: -8.1222
	--> Average Speed: 0.07s per batch
	--> Time from Last Check: 2.19s
--> Batch: 149, Loss: 0.5454, Label: 15, Survival Months: 124.33, Risk: -14.3680
	--> Average Speed: 0.07s per batch
	--> Time from Last Check: 2.09s
--> Batch: 199, Loss: 0.4414, Label: 2, Survival Months: 26.08, Risk: -14.6615
	--> Average Speed: 0.07s per batch
	--> Time from Last Check: 2.22s
--> Batch: 249, Loss: 4.6705, Label: 1, Survival Months: 13.17, Risk: -15.0403
	--> Average Speed: 0.07s per batch
	--> Time from Last Check: 2.21s
--> Batch: 299, Loss: 0.4280, Label: 0, Survival Months: 0.42, Risk: -15.8331
	--> Average Speed: 0.07s per batch
	--> Time from Last Check: 2.21s
--> Batch: 349, Loss: 0.5249, Label: 17, Survival Months: 190.17, Risk: -16.6422
	--> Average Speed: 0.07s per batch
	--> Time from Last Check: 2.24s
--> Batch: 399, Loss: 0.4913, Label: 11, Survival Months: 73.17, Risk: -13.7260
	--> Average Speed: 0.07s per batch
	--> Time from Last Check: 2.18s
--> Batch: 449, Loss: 0.4335, Label: 4, Survival Months: 32.83, Risk: -14.8333
	--> Average Speed: 0.07s per batch
	--> Time from Last Check: 2.18s
--> Batch: 499, Loss: 0.4753, Label: 5, Survival Months: 36.08, Risk: -10.3403
	--> Average Speed: 0.07s per batch
	--> Time from Last Check: 2.24s
--> Batch: 549, Loss: 0.4470, Label: 5, Survival Months: 35.83, Risk: -12.5474
	--> Average Speed: 0.07s per batch
	--> Time from Last Check: 2.17s
--> Batch: 599, Loss: 0.5688, Label: 16, Survival Months: 159.92, Risk: -14.0485
	--> Average Speed: 0.07s per batch
	--> Time from Last Check: 2.10s
--> Batch: 649, Loss: 0.5086, Label: 14, Survival Months: 110.08, Risk: -14.6054
	--> Average Speed: 0.07s per batch
	--> Time from Last Check: 2.23s
--> Batch: 699, Loss: 0.4352, Label: 13, Survival Months: 96.92, Risk: -17.0729
	--> Average Speed: 0.07s per batch
	--> Time from Last Check: 2.14s
--> Batch: 749, Loss: 2.2716, Label: 19, Survival Months: 284.08, Risk: -13.1739
	--> Average Speed: 0.07s per batch
	--> Time from Last Check: 2.18s
--> Batch: 799, Loss: 0.4144, Label: 8, Survival Months: 51.33, Risk: -16.7191
	--> Average Speed: 0.07s per batch
	--> Time from Last Check: 2.20s
[10/01/2025 - 01:10:18] - Epoch: 8, lr: 0.00009321, training_loss: 0.7892, training_c_index: 0.7179
[10/01/2025 - 01:10:20] - Epoch: 8, validation_loss: 1.0387, validation_c_index: 0.4684
--> No improvement in validation_loss or validation_c_index for 7 epoch(s)
--> Current BEST Score: 0.4733
	--> validation_loss: 1.5783
	--> best validation_c_index: 0.6312
--> Early stopping triggered after 7 epochs without improvement
[10/01/2025 - 01:10:21] - Restoring best model from epoch 1

################# [10/01/2025 - 01:10:21] - Training completed #################

################# [10/01/2025 - 01:10:21] - Validation started #################
[10/01/2025 - 01:10:23] - Final Validation, validation_loss: 1.5783, validation_c_index: 0.6312
[10/01/2025 - 01:10:23] - Time elapsed for Validation: 2s

################ [10/01/2025 - 01:10:23] - Validation completed ################

################## [10/01/2025 - 01:10:25] - MCAT terminated ###################
