Environment conda activated
Job 2510138 started

#################### [16/01/2025 - 22:06:06] - MCAT started ####################
HOSTNAME: helmut

WANDB: setting up for report

CUDA: available
--> Device count: 1
--> Using device: NVIDIA GeForce RTX 2080 Ti
--> Running on CUDA

DATASET: Loading data
--> Gene Expression loaded
--> Methylation loaded
--> Remaining samples after removing incomplete: 742
--> Class intervals: [
	0: [0.00 - 9.68]
	1: [9.68 - 24.60]
	2: [24.60 - 30.34]
	3: [30.34 - 33.52]
	4: [33.52 - 36.60]
	5: [36.60 - 39.75]
	6: [39.75 - 43.45]
	7: [43.45 - 47.78]
	8: [47.78 - 51.67]
	9: [51.67 - 56.66]
	10: [56.66 - 66.00]
	11: [66.00 - 78.32]
	12: [78.32 - 89.10]
	13: [89.10 - 102.75]
	14: [102.75 - 122.04]
	15: [122.04 - 143.07]
	16: [143.07 - 173.40]
	17: [173.40 - 206.80]
	18: [206.80 - 268.52]
	19: [268.52 - 593.83]
    ]
--> Standardizing RNA-seq data
--> Standardizing Methylation Islands beta values
--> Gene Expression Signatures size: [19938]
--> Methylation Signatures size: [33161]
--> Using 80% training, 20% validation

###################### [16/01/2025 - 22:07:32] - Fold n°1 ######################

MODEL: MCAT
--> Trainable parameters of MCAT: 16694550
--> Loss function: CrossEntropySurvivalLoss
--> Optimizer: adam

############ [16/01/2025 - 22:07:39] - Training started (Fold n°1) #############
[16/01/2025 - 22:07:39] - Epoch: 1
--> Batch: 49, Loss: 3.2483, Label: 9, Survival Months: 54.92, Risk: -1.0450
	--> Average Speed: 0.10s per batch
	--> Time from Last Check: 3.09s
--> Batch: 99, Loss: 3.1656, Label: 12, Survival Months: 84.00, Risk: -1.1930
	--> Average Speed: 0.06s per batch
	--> Time from Last Check: 2.02s
--> Batch: 149, Loss: 2.7772, Label: 9, Survival Months: 53.67, Risk: -1.3342
	--> Average Speed: 0.06s per batch
	--> Time from Last Check: 1.92s
--> Batch: 199, Loss: 2.5441, Label: 10, Survival Months: 66.00, Risk: -2.1226
	--> Average Speed: 0.06s per batch
	--> Time from Last Check: 1.83s
--> Batch: 249, Loss: 5.2342, Label: 8, Survival Months: 51.33, Risk: -2.9587
	--> Average Speed: 0.06s per batch
	--> Time from Last Check: 2.07s
--> Batch: 299, Loss: 4.9528, Label: 15, Survival Months: 136.83, Risk: -8.6613
	--> Average Speed: 0.06s per batch
	--> Time from Last Check: 1.90s
--> Batch: 349, Loss: 2.0467, Label: 18, Survival Months: 262.67, Risk: -14.4790
	--> Average Speed: 0.06s per batch
	--> Time from Last Check: 1.86s
--> Batch: 399, Loss: 4.8067, Label: 14, Survival Months: 119.17, Risk: -16.4515
	--> Average Speed: 0.06s per batch
	--> Time from Last Check: 1.86s
--> Batch: 449, Loss: 1.9363, Label: 18, Survival Months: 211.25, Risk: -14.7791
	--> Average Speed: 0.06s per batch
	--> Time from Last Check: 1.85s
--> Batch: 499, Loss: 1.7569, Label: 5, Survival Months: 37.25, Risk: -14.1267
	--> Average Speed: 0.06s per batch
	--> Time from Last Check: 1.87s
--> Batch: 549, Loss: 1.7970, Label: 14, Survival Months: 107.33, Risk: -13.1102
	--> Average Speed: 0.06s per batch
	--> Time from Last Check: 1.91s
[16/01/2025 - 22:08:03] - Epoch: 1, lr: 0.00010000, training_loss: 2.8249, training_c_index: 0.4927
[16/01/2025 - 22:08:05] - Epoch: 1, validation_loss: 1.9581, validation_c_index: 0.5452
--> New BEST Validation Score: 0.3494, validation_loss: 1.9581, validation_c_index: 0.5452
--> Current BEST Score: 0.3494
	--> validation_loss: 1.9581
	--> best validation_c_index: 0.5452
[16/01/2025 - 22:08:05] - Time elapsed for epoch 1: 27s
[16/01/2025 - 22:08:05] - Epoch: 2
--> Batch: 49, Loss: 1.6739, Label: 1, Survival Months: 24.50, Risk: -9.9250
	--> Average Speed: 0.07s per batch
	--> Time from Last Check: 2.32s
--> Batch: 99, Loss: 1.6303, Label: 3, Survival Months: 31.08, Risk: -14.4277
	--> Average Speed: 0.06s per batch
	--> Time from Last Check: 1.97s
--> Batch: 149, Loss: 1.6426, Label: 6, Survival Months: 43.00, Risk: -8.4936
	--> Average Speed: 0.07s per batch
	--> Time from Last Check: 2.11s
--> Batch: 199, Loss: 1.6015, Label: 5, Survival Months: 36.67, Risk: -11.7679
	--> Average Speed: 0.07s per batch
	--> Time from Last Check: 2.11s
--> Batch: 249, Loss: 1.5505, Label: 0, Survival Months: 1.75, Risk: -14.2633
	--> Average Speed: 0.07s per batch
	--> Time from Last Check: 2.18s
--> Batch: 299, Loss: 3.7264, Label: 14, Survival Months: 119.92, Risk: -14.2868
	--> Average Speed: 0.07s per batch
	--> Time from Last Check: 2.20s
--> Batch: 349, Loss: 1.6292, Label: 18, Survival Months: 232.00, Risk: -14.9854
	--> Average Speed: 0.08s per batch
	--> Time from Last Check: 2.48s
--> Batch: 399, Loss: 1.5645, Label: 17, Survival Months: 200.50, Risk: -15.0903
	--> Average Speed: 0.09s per batch
	--> Time from Last Check: 2.89s
--> Batch: 449, Loss: 1.4616, Label: 5, Survival Months: 37.08, Risk: -13.7975
	--> Average Speed: 0.09s per batch
	--> Time from Last Check: 2.81s
--> Batch: 499, Loss: 1.4739, Label: 5, Survival Months: 38.58, Risk: -8.4224
	--> Average Speed: 0.06s per batch
	--> Time from Last Check: 1.95s
--> Batch: 549, Loss: 1.6595, Label: 18, Survival Months: 225.75, Risk: -11.6535
	--> Average Speed: 0.06s per batch
	--> Time from Last Check: 2.04s
[16/01/2025 - 22:08:32] - Epoch: 2, lr: 0.00009100, training_loss: 1.9114, training_c_index: 0.5684
[16/01/2025 - 22:08:34] - Epoch: 2, validation_loss: 1.6746, validation_c_index: 0.5809
--> New BEST Validation Score: 0.4134, validation_loss: 1.6746, validation_c_index: 0.5809
--> Current BEST Score: 0.4134
	--> validation_loss: 1.6746
	--> best validation_c_index: 0.5809
[16/01/2025 - 22:08:35] - Time elapsed for epoch 2: 30s
[16/01/2025 - 22:08:35] - Epoch: 3
--> Batch: 49, Loss: 1.3632, Label: 0, Survival Months: 0.83, Risk: -15.0378
	--> Average Speed: 0.07s per batch
	--> Time from Last Check: 2.34s
--> Batch: 99, Loss: 1.3637, Label: 13, Survival Months: 94.92, Risk: -16.3555
	--> Average Speed: 0.06s per batch
	--> Time from Last Check: 1.99s
--> Batch: 149, Loss: 1.3550, Label: 12, Survival Months: 87.25, Risk: -15.9699
	--> Average Speed: 0.06s per batch
	--> Time from Last Check: 2.02s
--> Batch: 199, Loss: 1.4244, Label: 12, Survival Months: 78.58, Risk: -9.5944
	--> Average Speed: 0.06s per batch
	--> Time from Last Check: 2.01s
--> Batch: 249, Loss: 1.3089, Label: 6, Survival Months: 43.25, Risk: -14.4970
	--> Average Speed: 0.06s per batch
	--> Time from Last Check: 2.01s
--> Batch: 299, Loss: 1.2874, Label: 2, Survival Months: 29.00, Risk: -14.0713
	--> Average Speed: 0.06s per batch
	--> Time from Last Check: 2.02s
--> Batch: 349, Loss: 1.2741, Label: 5, Survival Months: 37.92, Risk: -13.0114
	--> Average Speed: 0.06s per batch
	--> Time from Last Check: 2.03s
--> Batch: 399, Loss: 1.3608, Label: 14, Survival Months: 105.00, Risk: -10.4441
	--> Average Speed: 0.06s per batch
	--> Time from Last Check: 2.02s
--> Batch: 449, Loss: 1.2915, Label: 13, Survival Months: 100.67, Risk: -11.7141
	--> Average Speed: 0.06s per batch
	--> Time from Last Check: 2.02s
--> Batch: 499, Loss: 1.2173, Label: 8, Survival Months: 49.00, Risk: -14.3075
	--> Average Speed: 0.07s per batch
	--> Time from Last Check: 2.09s
--> Batch: 549, Loss: 1.2063, Label: 8, Survival Months: 48.67, Risk: -14.5265
	--> Average Speed: 0.06s per batch
	--> Time from Last Check: 2.00s
[16/01/2025 - 22:09:00] - Epoch: 3, lr: 0.00008281, training_loss: 1.6485, training_c_index: 0.6014
[16/01/2025 - 22:09:01] - Epoch: 3, validation_loss: 1.5239, validation_c_index: 0.6089
--> New BEST Validation Score: 0.4565, validation_loss: 1.5239, validation_c_index: 0.6089
--> Current BEST Score: 0.4565
	--> validation_loss: 1.5239
	--> best validation_c_index: 0.6089
[16/01/2025 - 22:09:02] - Time elapsed for epoch 3: 27s
[16/01/2025 - 22:09:02] - Epoch: 4
--> Batch: 49, Loss: 1.2161, Label: 10, Survival Months: 58.92, Risk: -11.7125
	--> Average Speed: 0.07s per batch
	--> Time from Last Check: 2.36s
--> Batch: 99, Loss: 3.5532, Label: 15, Survival Months: 140.67, Risk: -13.9668
	--> Average Speed: 0.06s per batch
	--> Time from Last Check: 2.01s
--> Batch: 149, Loss: 1.3484, Label: 19, Survival Months: 431.33, Risk: -15.3179
	--> Average Speed: 0.06s per batch
	--> Time from Last Check: 1.99s
--> Batch: 199, Loss: 3.9246, Label: 13, Survival Months: 96.00, Risk: -12.3341
	--> Average Speed: 0.06s per batch
	--> Time from Last Check: 2.02s
--> Batch: 249, Loss: 1.1434, Label: 7, Survival Months: 46.00, Risk: -13.0426
	--> Average Speed: 0.06s per batch
	--> Time from Last Check: 2.02s
--> Batch: 299, Loss: 1.1260, Label: 4, Survival Months: 35.67, Risk: -11.8490
	--> Average Speed: 0.06s per batch
	--> Time from Last Check: 2.03s
--> Batch: 349, Loss: 1.1144, Label: 11, Survival Months: 72.08, Risk: -15.0025
	--> Average Speed: 0.06s per batch
	--> Time from Last Check: 2.02s
--> Batch: 399, Loss: 1.2543, Label: 17, Survival Months: 190.17, Risk: -12.0499
	--> Average Speed: 0.06s per batch
	--> Time from Last Check: 1.99s
--> Batch: 449, Loss: 1.0811, Label: 3, Survival Months: 31.33, Risk: -15.8506
	--> Average Speed: 0.06s per batch
	--> Time from Last Check: 2.03s
--> Batch: 499, Loss: 1.1417, Label: 11, Survival Months: 77.58, Risk: -10.8168
	--> Average Speed: 0.06s per batch
	--> Time from Last Check: 2.03s
--> Batch: 549, Loss: 3.9999, Label: 18, Survival Months: 260.50, Risk: -9.2732
	--> Average Speed: 0.06s per batch
	--> Time from Last Check: 2.06s
[16/01/2025 - 22:09:27] - Epoch: 4, lr: 0.00007536, training_loss: 1.4846, training_c_index: 0.6055
[16/01/2025 - 22:09:29] - Epoch: 4, validation_loss: 1.3966, validation_c_index: 0.4828
--> No improvement in validation_loss or validation_c_index for 1 epoch(s)
--> Current BEST Score: 0.4565
	--> validation_loss: 1.5239
	--> best validation_c_index: 0.6089
[16/01/2025 - 22:09:29] - Time elapsed for epoch 4: 26s
[16/01/2025 - 22:09:29] - Epoch: 5
--> Batch: 49, Loss: 1.0897, Label: 16, Survival Months: 159.50, Risk: -15.9342
	--> Average Speed: 0.07s per batch
	--> Time from Last Check: 2.34s
--> Batch: 99, Loss: 1.0462, Label: 5, Survival Months: 39.33, Risk: -14.1586
	--> Average Speed: 0.06s per batch
	--> Time from Last Check: 2.02s
--> Batch: 149, Loss: 1.0439, Label: 15, Survival Months: 138.50, Risk: -16.7594
	--> Average Speed: 0.06s per batch
	--> Time from Last Check: 2.04s
--> Batch: 199, Loss: 1.0186, Label: 10, Survival Months: 60.67, Risk: -15.1739
	--> Average Speed: 0.06s per batch
	--> Time from Last Check: 2.01s
--> Batch: 249, Loss: 1.0066, Label: 9, Survival Months: 54.17, Risk: -15.3248
	--> Average Speed: 0.06s per batch
	--> Time from Last Check: 2.02s
--> Batch: 299, Loss: 0.9933, Label: 5, Survival Months: 38.42, Risk: -15.1446
	--> Average Speed: 0.06s per batch
	--> Time from Last Check: 2.01s
--> Batch: 349, Loss: 0.9897, Label: 5, Survival Months: 39.75, Risk: -12.3037
	--> Average Speed: 0.06s per batch
	--> Time from Last Check: 2.03s
--> Batch: 399, Loss: 0.9790, Label: 0, Survival Months: 0.83, Risk: -15.5976
	--> Average Speed: 0.06s per batch
	--> Time from Last Check: 2.00s
--> Batch: 449, Loss: 0.9761, Label: 11, Survival Months: 74.17, Risk: -15.0593
	--> Average Speed: 0.06s per batch
	--> Time from Last Check: 1.98s
--> Batch: 499, Loss: 0.9918, Label: 13, Survival Months: 89.92, Risk: -14.1801
	--> Average Speed: 0.06s per batch
	--> Time from Last Check: 1.96s
--> Batch: 549, Loss: 4.0061, Label: 7, Survival Months: 46.50, Risk: -12.9580
	--> Average Speed: 0.06s per batch
	--> Time from Last Check: 1.97s
[16/01/2025 - 22:09:53] - Epoch: 5, lr: 0.00006857, training_loss: 1.3510, training_c_index: 0.6557
[16/01/2025 - 22:09:55] - Epoch: 5, validation_loss: 1.3040, validation_c_index: 0.5427
--> No improvement in validation_loss or validation_c_index for 2 epoch(s)
--> Current BEST Score: 0.4565
	--> validation_loss: 1.5239
	--> best validation_c_index: 0.6089
[16/01/2025 - 22:09:55] - Time elapsed for epoch 5: 26s
[16/01/2025 - 22:09:55] - Epoch: 6
--> Batch: 49, Loss: 1.0164, Label: 12, Survival Months: 88.50, Risk: -12.2822
	--> Average Speed: 0.07s per batch
	--> Time from Last Check: 2.31s
--> Batch: 99, Loss: 1.1631, Label: 17, Survival Months: 193.08, Risk: -11.1684
	--> Average Speed: 0.06s per batch
	--> Time from Last Check: 1.99s
--> Batch: 149, Loss: 0.9450, Label: 7, Survival Months: 44.83, Risk: -15.4726
	--> Average Speed: 0.07s per batch
	--> Time from Last Check: 2.08s
--> Batch: 199, Loss: 0.9322, Label: 4, Survival Months: 35.08, Risk: -16.0566
	--> Average Speed: 0.06s per batch
	--> Time from Last Check: 2.03s
--> Batch: 249, Loss: 0.9306, Label: 3, Survival Months: 31.33, Risk: -12.0593
	--> Average Speed: 0.06s per batch
	--> Time from Last Check: 2.03s
--> Batch: 299, Loss: 1.0160, Label: 18, Survival Months: 248.00, Risk: -17.0769
	--> Average Speed: 0.06s per batch
	--> Time from Last Check: 2.02s
--> Batch: 349, Loss: 0.9656, Label: 15, Survival Months: 137.33, Risk: -14.4844
	--> Average Speed: 0.06s per batch
	--> Time from Last Check: 2.02s
--> Batch: 399, Loss: 1.1312, Label: 19, Survival Months: 273.58, Risk: -15.9648
	--> Average Speed: 0.06s per batch
	--> Time from Last Check: 2.01s
--> Batch: 449, Loss: 0.9005, Label: 1, Survival Months: 20.83, Risk: -13.3528
	--> Average Speed: 0.06s per batch
	--> Time from Last Check: 2.02s
--> Batch: 499, Loss: 3.4179, Label: 14, Survival Months: 113.75, Risk: -16.5124
	--> Average Speed: 0.06s per batch
	--> Time from Last Check: 2.03s
--> Batch: 549, Loss: 0.8871, Label: 3, Survival Months: 31.33, Risk: -16.0134
	--> Average Speed: 0.06s per batch
	--> Time from Last Check: 2.02s
[16/01/2025 - 22:10:19] - Epoch: 6, lr: 0.00006240, training_loss: 1.2629, training_c_index: 0.7183
[16/01/2025 - 22:10:21] - Epoch: 6, validation_loss: 1.1989, validation_c_index: 0.5439
--> No improvement in validation_loss or validation_c_index for 3 epoch(s)
--> Current BEST Score: 0.4565
	--> validation_loss: 1.5239
	--> best validation_c_index: 0.6089
[16/01/2025 - 22:10:21] - Time elapsed for epoch 6: 26s
[16/01/2025 - 22:10:21] - Epoch: 7
--> Batch: 49, Loss: 0.8848, Label: 11, Survival Months: 67.17, Risk: -15.2836
	--> Average Speed: 0.08s per batch
	--> Time from Last Check: 2.48s
--> Batch: 99, Loss: 0.8729, Label: 9, Survival Months: 54.92, Risk: -15.5695
	--> Average Speed: 0.06s per batch
	--> Time from Last Check: 2.02s
--> Batch: 149, Loss: 0.9923, Label: 18, Survival Months: 220.42, Risk: -16.6168
	--> Average Speed: 0.06s per batch
	--> Time from Last Check: 2.01s
--> Batch: 199, Loss: 1.1341, Label: 19, Survival Months: 346.58, Risk: -14.3761
	--> Average Speed: 0.06s per batch
	--> Time from Last Check: 2.01s
--> Batch: 249, Loss: 2.9648, Label: 14, Survival Months: 119.17, Risk: -15.5497
	--> Average Speed: 0.06s per batch
	--> Time from Last Check: 1.83s
--> Batch: 299, Loss: 0.8751, Label: 8, Survival Months: 47.92, Risk: -14.3797
	--> Average Speed: 0.07s per batch
	--> Time from Last Check: 2.11s
--> Batch: 349, Loss: 0.8709, Label: 1, Survival Months: 21.00, Risk: -14.9804
	--> Average Speed: 0.06s per batch
	--> Time from Last Check: 2.04s
--> Batch: 399, Loss: 0.9180, Label: 15, Survival Months: 130.75, Risk: -14.8671
	--> Average Speed: 0.06s per batch
	--> Time from Last Check: 2.01s
--> Batch: 449, Loss: 2.7649, Label: 18, Survival Months: 233.17, Risk: -16.8775
	--> Average Speed: 0.06s per batch
	--> Time from Last Check: 2.01s
--> Batch: 499, Loss: 0.8509, Label: 3, Survival Months: 31.25, Risk: -14.6522
	--> Average Speed: 0.06s per batch
	--> Time from Last Check: 2.02s
--> Batch: 549, Loss: 1.2208, Label: 18, Survival Months: 257.58, Risk: -8.2274
	--> Average Speed: 0.06s per batch
	--> Time from Last Check: 2.02s
[16/01/2025 - 22:10:46] - Epoch: 7, lr: 0.00005679, training_loss: 1.2065, training_c_index: 0.7010
[16/01/2025 - 22:10:47] - Epoch: 7, validation_loss: 1.1793, validation_c_index: 0.5732
--> No improvement in validation_loss or validation_c_index for 4 epoch(s)
--> Current BEST Score: 0.4565
	--> validation_loss: 1.5239
	--> best validation_c_index: 0.6089
[16/01/2025 - 22:10:47] - Time elapsed for epoch 7: 26s
[16/01/2025 - 22:10:47] - Epoch: 8
--> Batch: 49, Loss: 0.8638, Label: 1, Survival Months: 18.75, Risk: -9.9725
	--> Average Speed: 0.07s per batch
	--> Time from Last Check: 2.33s
--> Batch: 99, Loss: 0.9312, Label: 17, Survival Months: 185.17, Risk: -15.5255
	--> Average Speed: 0.06s per batch
	--> Time from Last Check: 2.02s
--> Batch: 149, Loss: 0.8720, Label: 15, Survival Months: 142.33, Risk: -15.8177
	--> Average Speed: 0.06s per batch
	--> Time from Last Check: 2.02s
--> Batch: 199, Loss: 1.1179, Label: 19, Survival Months: 273.83, Risk: -13.5300
	--> Average Speed: 0.06s per batch
	--> Time from Last Check: 1.96s
--> Batch: 249, Loss: 0.8533, Label: 5, Survival Months: 37.25, Risk: -8.9039
	--> Average Speed: 0.06s per batch
	--> Time from Last Check: 1.91s
--> Batch: 299, Loss: 0.8423, Label: 3, Survival Months: 31.33, Risk: -10.0882
	--> Average Speed: 0.06s per batch
	--> Time from Last Check: 2.01s
--> Batch: 349, Loss: 0.8218, Label: 4, Survival Months: 35.00, Risk: -14.5617
	--> Average Speed: 0.06s per batch
	--> Time from Last Check: 2.01s
--> Batch: 399, Loss: 0.8185, Label: 7, Survival Months: 46.83, Risk: -14.9599
	--> Average Speed: 0.06s per batch
	--> Time from Last Check: 1.98s
--> Batch: 449, Loss: 0.8274, Label: 5, Survival Months: 37.25, Risk: -11.0234
	--> Average Speed: 0.06s per batch
	--> Time from Last Check: 2.05s
--> Batch: 499, Loss: 3.2423, Label: 15, Survival Months: 141.17, Risk: -15.9320
	--> Average Speed: 0.06s per batch
	--> Time from Last Check: 2.00s
--> Batch: 549, Loss: 0.8075, Label: 1, Survival Months: 21.75, Risk: -12.6361
	--> Average Speed: 0.06s per batch
	--> Time from Last Check: 2.03s
[16/01/2025 - 22:11:12] - Epoch: 8, lr: 0.00005168, training_loss: 1.1530, training_c_index: 0.7712
[16/01/2025 - 22:11:13] - Epoch: 8, validation_loss: 1.1669, validation_c_index: 0.4408
--> No improvement in validation_loss or validation_c_index for 5 epoch(s)
--> Current BEST Score: 0.4565
	--> validation_loss: 1.5239
	--> best validation_c_index: 0.6089
[16/01/2025 - 22:11:13] - Time elapsed for epoch 8: 26s
[16/01/2025 - 22:11:13] - Epoch: 9
--> Batch: 49, Loss: 0.8177, Label: 12, Survival Months: 85.50, Risk: -15.0039
	--> Average Speed: 0.07s per batch
	--> Time from Last Check: 2.35s
--> Batch: 99, Loss: 0.8373, Label: 16, Survival Months: 155.50, Risk: -16.2292
	--> Average Speed: 0.06s per batch
	--> Time from Last Check: 2.03s
--> Batch: 149, Loss: 0.8101, Label: 14, Survival Months: 118.50, Risk: -15.6497
	--> Average Speed: 0.06s per batch
	--> Time from Last Check: 1.97s
--> Batch: 199, Loss: 0.7815, Label: 9, Survival Months: 56.25, Risk: -15.2977
	--> Average Speed: 0.06s per batch
	--> Time from Last Check: 1.98s
--> Batch: 249, Loss: 3.2821, Label: 12, Survival Months: 86.17, Risk: -14.3422
	--> Average Speed: 0.06s per batch
	--> Time from Last Check: 2.00s
--> Batch: 299, Loss: 0.7853, Label: 12, Survival Months: 85.50, Risk: -16.2880
	--> Average Speed: 0.06s per batch
	--> Time from Last Check: 1.99s
--> Batch: 349, Loss: 2.9727, Label: 7, Survival Months: 43.67, Risk: -8.7352
	--> Average Speed: 0.06s per batch
	--> Time from Last Check: 2.00s
--> Batch: 399, Loss: 0.7818, Label: 1, Survival Months: 14.17, Risk: -16.4406
	--> Average Speed: 0.06s per batch
	--> Time from Last Check: 1.99s
--> Batch: 449, Loss: 0.9307, Label: 17, Survival Months: 203.50, Risk: -13.3604
	--> Average Speed: 0.06s per batch
	--> Time from Last Check: 1.97s
--> Batch: 499, Loss: 0.7727, Label: 7, Survival Months: 43.58, Risk: -16.2162
	--> Average Speed: 0.06s per batch
	--> Time from Last Check: 1.97s
--> Batch: 549, Loss: 0.7720, Label: 10, Survival Months: 61.17, Risk: -16.1658
	--> Average Speed: 0.06s per batch
	--> Time from Last Check: 1.97s
[16/01/2025 - 22:11:38] - Epoch: 9, lr: 0.00004703, training_loss: 1.0961, training_c_index: 0.8158
[16/01/2025 - 22:11:39] - Epoch: 9, validation_loss: 1.0888, validation_c_index: 0.5694
--> New BEST Validation Score: 0.4605, validation_loss: 1.0888, validation_c_index: 0.5694
--> Current BEST Score: 0.4605
	--> validation_loss: 1.0888
	--> best validation_c_index: 0.5694
[16/01/2025 - 22:11:40] - Time elapsed for epoch 9: 27s
[16/01/2025 - 22:11:40] - Epoch: 10
--> Batch: 49, Loss: 0.7689, Label: 7, Survival Months: 45.08, Risk: -15.3387
	--> Average Speed: 0.07s per batch
	--> Time from Last Check: 2.32s
--> Batch: 99, Loss: 0.7565, Label: 3, Survival Months: 30.42, Risk: -16.1802
	--> Average Speed: 0.06s per batch
	--> Time from Last Check: 2.01s
--> Batch: 149, Loss: 0.7527, Label: 4, Survival Months: 36.58, Risk: -14.9707
	--> Average Speed: 0.06s per batch
	--> Time from Last Check: 1.96s
--> Batch: 199, Loss: 0.7568, Label: 6, Survival Months: 40.67, Risk: -13.2913
	--> Average Speed: 0.06s per batch
	--> Time from Last Check: 1.95s
--> Batch: 249, Loss: 0.7564, Label: 2, Survival Months: 30.17, Risk: -15.2997
	--> Average Speed: 0.06s per batch
	--> Time from Last Check: 2.00s
--> Batch: 299, Loss: 0.7605, Label: 10, Survival Months: 60.58, Risk: -15.2182
	--> Average Speed: 0.06s per batch
	--> Time from Last Check: 2.01s
--> Batch: 349, Loss: 0.7525, Label: 8, Survival Months: 47.92, Risk: -15.6184
	--> Average Speed: 0.06s per batch
	--> Time from Last Check: 1.97s
--> Batch: 399, Loss: 0.7828, Label: 13, Survival Months: 101.00, Risk: -14.9933
	--> Average Speed: 0.06s per batch
	--> Time from Last Check: 1.96s
--> Batch: 449, Loss: 0.7534, Label: 3, Survival Months: 33.50, Risk: -16.7040
	--> Average Speed: 0.06s per batch
	--> Time from Last Check: 1.96s
--> Batch: 499, Loss: 2.2722, Label: 17, Survival Months: 196.75, Risk: -16.6681
	--> Average Speed: 0.06s per batch
	--> Time from Last Check: 1.92s
--> Batch: 549, Loss: 0.7727, Label: 16, Survival Months: 150.58, Risk: -17.2894
	--> Average Speed: 0.06s per batch
	--> Time from Last Check: 1.92s
[16/01/2025 - 22:12:04] - Epoch: 10, lr: 0.00004279, training_loss: 1.0752, training_c_index: 0.8074
[16/01/2025 - 22:12:06] - Epoch: 10, validation_loss: 1.1588, validation_c_index: 0.3834
--> No improvement in validation_loss or validation_c_index for 1 epoch(s)
--> Current BEST Score: 0.4605
	--> validation_loss: 1.0888
	--> best validation_c_index: 0.5694
[16/01/2025 - 22:12:06] - Time elapsed for epoch 10: 26s
[16/01/2025 - 22:12:06] - Epoch: 11
--> Batch: 49, Loss: 0.9103, Label: 18, Survival Months: 225.75, Risk: -15.4797
	--> Average Speed: 0.07s per batch
	--> Time from Last Check: 2.30s
--> Batch: 99, Loss: 0.7383, Label: 7, Survival Months: 45.42, Risk: -16.8739
	--> Average Speed: 0.06s per batch
	--> Time from Last Check: 1.83s
--> Batch: 149, Loss: 0.9641, Label: 19, Survival Months: 333.75, Risk: -16.9732
	--> Average Speed: 0.06s per batch
	--> Time from Last Check: 1.94s
--> Batch: 199, Loss: 0.7255, Label: 4, Survival Months: 35.33, Risk: -15.5361
	--> Average Speed: 0.06s per batch
	--> Time from Last Check: 1.89s
--> Batch: 249, Loss: 0.7593, Label: 15, Survival Months: 123.08, Risk: -16.1690
	--> Average Speed: 0.06s per batch
	--> Time from Last Check: 1.91s
--> Batch: 299, Loss: 0.7441, Label: 14, Survival Months: 109.08, Risk: -16.5436
	--> Average Speed: 0.06s per batch
	--> Time from Last Check: 1.89s
--> Batch: 349, Loss: 0.7414, Label: 3, Survival Months: 31.25, Risk: -11.5489
	--> Average Speed: 0.06s per batch
	--> Time from Last Check: 1.86s
--> Batch: 399, Loss: 0.8900, Label: 16, Survival Months: 145.50, Risk: -11.2691
	--> Average Speed: 0.06s per batch
	--> Time from Last Check: 1.91s
--> Batch: 449, Loss: 0.7291, Label: 1, Survival Months: 18.00, Risk: -17.2163
	--> Average Speed: 0.06s per batch
	--> Time from Last Check: 1.87s
--> Batch: 499, Loss: 0.7262, Label: 7, Survival Months: 45.92, Risk: -16.1340
	--> Average Speed: 0.06s per batch
	--> Time from Last Check: 1.87s
--> Batch: 549, Loss: 0.7201, Label: 4, Survival Months: 34.33, Risk: -16.0748
	--> Average Speed: 0.06s per batch
	--> Time from Last Check: 1.89s
[16/01/2025 - 22:12:29] - Epoch: 11, lr: 0.00003894, training_loss: 1.0464, training_c_index: 0.8179
[16/01/2025 - 22:12:31] - Epoch: 11, validation_loss: 1.0624, validation_c_index: 0.5911
--> New BEST Validation Score: 0.4848, validation_loss: 1.0624, validation_c_index: 0.5911
--> Current BEST Score: 0.4848
	--> validation_loss: 1.0624
	--> best validation_c_index: 0.5911
[16/01/2025 - 22:12:32] - Time elapsed for epoch 11: 26s
[16/01/2025 - 22:12:32] - Epoch: 12
--> Batch: 49, Loss: 0.8281, Label: 17, Survival Months: 179.58, Risk: -15.1550
	--> Average Speed: 0.07s per batch
	--> Time from Last Check: 2.34s
--> Batch: 99, Loss: 0.7202, Label: 5, Survival Months: 37.08, Risk: -12.5131
	--> Average Speed: 0.06s per batch
	--> Time from Last Check: 2.01s
--> Batch: 149, Loss: 0.7055, Label: 6, Survival Months: 42.92, Risk: -15.9331
	--> Average Speed: 0.06s per batch
	--> Time from Last Check: 2.00s
--> Batch: 199, Loss: 0.7540, Label: 15, Survival Months: 140.33, Risk: -15.2358
	--> Average Speed: 0.06s per batch
	--> Time from Last Check: 1.98s
--> Batch: 249, Loss: 0.6952, Label: 4, Survival Months: 35.67, Risk: -16.5396
	--> Average Speed: 0.06s per batch
	--> Time from Last Check: 2.03s
--> Batch: 299, Loss: 0.7041, Label: 12, Survival Months: 81.25, Risk: -16.3813
	--> Average Speed: 0.07s per batch
	--> Time from Last Check: 2.08s
--> Batch: 349, Loss: 0.7027, Label: 7, Survival Months: 46.00, Risk: -14.0555
	--> Average Speed: 0.06s per batch
	--> Time from Last Check: 1.97s
--> Batch: 399, Loss: 2.8786, Label: 1, Survival Months: 24.58, Risk: -8.6886
	--> Average Speed: 0.06s per batch
	--> Time from Last Check: 1.90s
--> Batch: 449, Loss: 0.7026, Label: 7, Survival Months: 46.67, Risk: -17.2109
	--> Average Speed: 0.06s per batch
	--> Time from Last Check: 1.84s
--> Batch: 499, Loss: 0.6975, Label: 0, Survival Months: 6.50, Risk: -17.1235
	--> Average Speed: 0.06s per batch
	--> Time from Last Check: 1.97s
--> Batch: 549, Loss: 0.7411, Label: 10, Survival Months: 61.17, Risk: -11.1234
	--> Average Speed: 0.06s per batch
	--> Time from Last Check: 1.91s
[16/01/2025 - 22:12:56] - Epoch: 12, lr: 0.00003544, training_loss: 1.0072, training_c_index: 0.8392
[16/01/2025 - 22:12:58] - Epoch: 12, validation_loss: 1.0388, validation_c_index: 0.5580
--> No improvement in validation_loss or validation_c_index for 1 epoch(s)
--> Current BEST Score: 0.4848
	--> validation_loss: 1.0624
	--> best validation_c_index: 0.5911
[16/01/2025 - 22:12:58] - Time elapsed for epoch 12: 26s
[16/01/2025 - 22:12:58] - Epoch: 13
--> Batch: 49, Loss: 2.7206, Label: 7, Survival Months: 43.67, Risk: -8.2597
	--> Average Speed: 0.07s per batch
	--> Time from Last Check: 2.33s
--> Batch: 99, Loss: 0.7444, Label: 14, Survival Months: 102.83, Risk: -14.2940
	--> Average Speed: 0.06s per batch
	--> Time from Last Check: 2.02s
--> Batch: 149, Loss: 4.2180, Label: 11, Survival Months: 76.00, Risk: -15.5993
	--> Average Speed: 0.06s per batch
	--> Time from Last Check: 2.00s
--> Batch: 199, Loss: 0.6879, Label: 5, Survival Months: 39.58, Risk: -14.0600
	--> Average Speed: 0.06s per batch
	--> Time from Last Check: 2.01s
--> Batch: 249, Loss: 0.6823, Label: 4, Survival Months: 35.00, Risk: -15.5956
	--> Average Speed: 0.06s per batch
	--> Time from Last Check: 1.98s
--> Batch: 299, Loss: 0.6802, Label: 0, Survival Months: 8.25, Risk: -12.3014
	--> Average Speed: 0.06s per batch
	--> Time from Last Check: 1.97s
--> Batch: 349, Loss: 0.8315, Label: 18, Survival Months: 216.33, Risk: -15.9479
	--> Average Speed: 0.06s per batch
	--> Time from Last Check: 1.98s
--> Batch: 399, Loss: 0.6776, Label: 3, Survival Months: 31.33, Risk: -14.8906
	--> Average Speed: 0.06s per batch
	--> Time from Last Check: 1.98s
--> Batch: 449, Loss: 0.6771, Label: 9, Survival Months: 54.17, Risk: -15.0904
	--> Average Speed: 0.06s per batch
	--> Time from Last Check: 2.01s
--> Batch: 499, Loss: 0.9005, Label: 18, Survival Months: 225.75, Risk: -13.3581
	--> Average Speed: 0.07s per batch
	--> Time from Last Check: 2.14s
--> Batch: 549, Loss: 1.0580, Label: 19, Survival Months: 292.17, Risk: -11.1725
	--> Average Speed: 0.06s per batch
	--> Time from Last Check: 2.00s
[16/01/2025 - 22:13:22] - Epoch: 13, lr: 0.00003225, training_loss: 0.9832, training_c_index: 0.8469
[16/01/2025 - 22:13:24] - Epoch: 13, validation_loss: 1.0647, validation_c_index: 0.4586
--> No improvement in validation_loss or validation_c_index for 2 epoch(s)
--> Current BEST Score: 0.4848
	--> validation_loss: 1.0624
	--> best validation_c_index: 0.5911
[16/01/2025 - 22:13:24] - Time elapsed for epoch 13: 26s
[16/01/2025 - 22:13:24] - Epoch: 14
--> Batch: 49, Loss: 0.6704, Label: 0, Survival Months: 5.83, Risk: -12.0253
	--> Average Speed: 0.07s per batch
	--> Time from Last Check: 2.29s
--> Batch: 99, Loss: 2.6191, Label: 1, Survival Months: 22.17, Risk: -7.0781
	--> Average Speed: 0.06s per batch
	--> Time from Last Check: 1.94s
--> Batch: 149, Loss: 0.7129, Label: 8, Survival Months: 50.83, Risk: -9.6396
	--> Average Speed: 0.06s per batch
	--> Time from Last Check: 1.95s
--> Batch: 199, Loss: 0.6605, Label: 5, Survival Months: 36.75, Risk: -15.6518
	--> Average Speed: 0.06s per batch
	--> Time from Last Check: 2.02s
--> Batch: 249, Loss: 0.9113, Label: 19, Survival Months: 273.92, Risk: -16.1102
	--> Average Speed: 0.06s per batch
	--> Time from Last Check: 2.02s
--> Batch: 299, Loss: 0.6554, Label: 4, Survival Months: 36.17, Risk: -16.9228
	--> Average Speed: 0.06s per batch
	--> Time from Last Check: 2.00s
--> Batch: 349, Loss: 0.7064, Label: 14, Survival Months: 109.17, Risk: -14.7199
	--> Average Speed: 0.06s per batch
	--> Time from Last Check: 2.00s
--> Batch: 399, Loss: 0.7909, Label: 18, Survival Months: 209.42, Risk: -16.9341
	--> Average Speed: 0.06s per batch
	--> Time from Last Check: 2.02s
--> Batch: 449, Loss: 0.6574, Label: 5, Survival Months: 38.83, Risk: -16.6123
	--> Average Speed: 0.06s per batch
	--> Time from Last Check: 1.99s
--> Batch: 499, Loss: 0.6580, Label: 9, Survival Months: 54.92, Risk: -16.7566
	--> Average Speed: 0.06s per batch
	--> Time from Last Check: 1.92s
--> Batch: 549, Loss: 0.7043, Label: 15, Survival Months: 123.08, Risk: -15.8612
	--> Average Speed: 0.06s per batch
	--> Time from Last Check: 1.99s
[16/01/2025 - 22:13:48] - Epoch: 14, lr: 0.00002935, training_loss: 0.9621, training_c_index: 0.8411
[16/01/2025 - 22:13:50] - Epoch: 14, validation_loss: 1.0689, validation_c_index: 0.4955
--> No improvement in validation_loss or validation_c_index for 3 epoch(s)
--> Current BEST Score: 0.4848
	--> validation_loss: 1.0624
	--> best validation_c_index: 0.5911
[16/01/2025 - 22:13:50] - Time elapsed for epoch 14: 26s
[16/01/2025 - 22:13:50] - Epoch: 15
--> Batch: 49, Loss: 0.6799, Label: 11, Survival Months: 76.50, Risk: -13.9496
	--> Average Speed: 0.07s per batch
	--> Time from Last Check: 2.31s
--> Batch: 99, Loss: 0.6538, Label: 3, Survival Months: 30.42, Risk: -15.7406
	--> Average Speed: 0.06s per batch
	--> Time from Last Check: 2.04s
--> Batch: 149, Loss: 0.6675, Label: 11, Survival Months: 73.58, Risk: -14.3870
	--> Average Speed: 0.06s per batch
	--> Time from Last Check: 1.98s
--> Batch: 199, Loss: 0.7252, Label: 16, Survival Months: 170.08, Risk: -15.2783
	--> Average Speed: 0.06s per batch
	--> Time from Last Check: 1.93s
--> Batch: 249, Loss: 0.6433, Label: 4, Survival Months: 33.58, Risk: -15.7927
	--> Average Speed: 0.06s per batch
	--> Time from Last Check: 1.96s
--> Batch: 299, Loss: 0.6431, Label: 1, Survival Months: 13.58, Risk: -15.2433
	--> Average Speed: 0.06s per batch
	--> Time from Last Check: 1.94s
--> Batch: 349, Loss: 0.6838, Label: 7, Survival Months: 44.83, Risk: -8.9803
	--> Average Speed: 0.06s per batch
	--> Time from Last Check: 1.98s
--> Batch: 399, Loss: 0.6491, Label: 13, Survival Months: 92.17, Risk: -16.6088
	--> Average Speed: 0.06s per batch
	--> Time from Last Check: 1.94s
--> Batch: 449, Loss: 0.6479, Label: 5, Survival Months: 39.33, Risk: -14.9412
	--> Average Speed: 0.06s per batch
	--> Time from Last Check: 1.93s
--> Batch: 499, Loss: 0.9594, Label: 19, Survival Months: 438.42, Risk: -13.8474
	--> Average Speed: 0.06s per batch
	--> Time from Last Check: 1.93s
--> Batch: 549, Loss: 0.7245, Label: 17, Survival Months: 194.58, Risk: -16.5573
	--> Average Speed: 0.06s per batch
	--> Time from Last Check: 1.99s
[16/01/2025 - 22:14:13] - Epoch: 15, lr: 0.00002670, training_loss: 0.9442, training_c_index: 0.8628
[16/01/2025 - 22:14:15] - Epoch: 15, validation_loss: 1.0495, validation_c_index: 0.4624
--> No improvement in validation_loss or validation_c_index for 4 epoch(s)
--> Current BEST Score: 0.4848
	--> validation_loss: 1.0624
	--> best validation_c_index: 0.5911
[16/01/2025 - 22:14:15] - Time elapsed for epoch 15: 26s
[16/01/2025 - 22:14:15] - Epoch: 16
--> Batch: 49, Loss: 0.8056, Label: 18, Survival Months: 207.17, Risk: -15.9985
	--> Average Speed: 0.07s per batch
	--> Time from Last Check: 2.33s
--> Batch: 99, Loss: 0.6357, Label: 4, Survival Months: 34.67, Risk: -17.0152
	--> Average Speed: 0.06s per batch
	--> Time from Last Check: 1.98s
--> Batch: 149, Loss: 0.6346, Label: 2, Survival Months: 24.75, Risk: -14.3690
	--> Average Speed: 0.06s per batch
	--> Time from Last Check: 2.00s
--> Batch: 199, Loss: 0.6292, Label: 5, Survival Months: 39.25, Risk: -15.7030
	--> Average Speed: 0.06s per batch
	--> Time from Last Check: 2.02s
--> Batch: 249, Loss: 0.7565, Label: 18, Survival Months: 211.25, Risk: -16.9244
	--> Average Speed: 0.06s per batch
	--> Time from Last Check: 1.99s
--> Batch: 299, Loss: 3.0636, Label: 8, Survival Months: 48.08, Risk: -5.2536
	--> Average Speed: 0.06s per batch
	--> Time from Last Check: 2.01s
--> Batch: 349, Loss: 0.6690, Label: 16, Survival Months: 163.83, Risk: -16.7136
	--> Average Speed: 0.06s per batch
	--> Time from Last Check: 1.96s
--> Batch: 399, Loss: 0.7549, Label: 18, Survival Months: 220.42, Risk: -17.1813
	--> Average Speed: 0.06s per batch
	--> Time from Last Check: 2.03s
--> Batch: 449, Loss: 0.9167, Label: 19, Survival Months: 588.92, Risk: -15.0288
	--> Average Speed: 0.06s per batch
	--> Time from Last Check: 1.97s
--> Batch: 499, Loss: 0.7738, Label: 18, Survival Months: 216.33, Risk: -16.6325
	--> Average Speed: 0.06s per batch
	--> Time from Last Check: 2.01s
--> Batch: 549, Loss: 0.6987, Label: 16, Survival Months: 143.25, Risk: -15.4454
	--> Average Speed: 0.06s per batch
	--> Time from Last Check: 2.02s
[16/01/2025 - 22:14:39] - Epoch: 16, lr: 0.00002430, training_loss: 0.9208, training_c_index: 0.8621
[16/01/2025 - 22:14:41] - Epoch: 16, validation_loss: 1.0821, validation_c_index: 0.4038
--> No improvement in validation_loss or validation_c_index for 5 epoch(s)
--> Current BEST Score: 0.4848
	--> validation_loss: 1.0624
	--> best validation_c_index: 0.5911
[16/01/2025 - 22:14:41] - Time elapsed for epoch 16: 26s
[16/01/2025 - 22:14:41] - Epoch: 17
--> Batch: 49, Loss: 0.6193, Label: 3, Survival Months: 32.00, Risk: -16.8723
	--> Average Speed: 0.07s per batch
	--> Time from Last Check: 2.29s
--> Batch: 99, Loss: 0.6234, Label: 1, Survival Months: 20.83, Risk: -15.2007
	--> Average Speed: 0.06s per batch
	--> Time from Last Check: 2.02s
--> Batch: 149, Loss: 0.6775, Label: 15, Survival Months: 128.92, Risk: -15.3490
	--> Average Speed: 0.06s per batch
	--> Time from Last Check: 2.00s
--> Batch: 199, Loss: 2.6412, Label: 14, Survival Months: 113.75, Risk: -16.2102
	--> Average Speed: 0.06s per batch
	--> Time from Last Check: 1.92s
--> Batch: 249, Loss: 0.6341, Label: 14, Survival Months: 110.83, Risk: -16.8674
	--> Average Speed: 0.06s per batch
	--> Time from Last Check: 1.99s
--> Batch: 299, Loss: 0.9305, Label: 16, Survival Months: 169.25, Risk: -7.6544
	--> Average Speed: 0.06s per batch
	--> Time from Last Check: 1.91s
--> Batch: 349, Loss: 0.6118, Label: 3, Survival Months: 33.33, Risk: -16.9025
	--> Average Speed: 0.06s per batch
	--> Time from Last Check: 2.04s
--> Batch: 399, Loss: 0.6102, Label: 1, Survival Months: 15.50, Risk: -16.6058
	--> Average Speed: 0.06s per batch
	--> Time from Last Check: 2.00s
--> Batch: 449, Loss: 0.6124, Label: 4, Survival Months: 35.33, Risk: -15.5133
	--> Average Speed: 0.06s per batch
	--> Time from Last Check: 2.01s
--> Batch: 499, Loss: 0.6573, Label: 10, Survival Months: 58.92, Risk: -10.9084
	--> Average Speed: 0.06s per batch
	--> Time from Last Check: 2.00s
--> Batch: 549, Loss: 0.6500, Label: 15, Survival Months: 134.25, Risk: -16.1003
	--> Average Speed: 0.06s per batch
	--> Time from Last Check: 1.94s
[16/01/2025 - 22:15:05] - Epoch: 17, lr: 0.00002211, training_loss: 0.9063, training_c_index: 0.8627
[16/01/2025 - 22:15:07] - Epoch: 17, validation_loss: 1.0566, validation_c_index: 0.4841
--> No improvement in validation_loss or validation_c_index for 6 epoch(s)
--> Current BEST Score: 0.4848
	--> validation_loss: 1.0624
	--> best validation_c_index: 0.5911
[16/01/2025 - 22:15:07] - Time elapsed for epoch 17: 26s
[16/01/2025 - 22:15:07] - Epoch: 18
--> Batch: 49, Loss: 0.7598, Label: 18, Survival Months: 232.00, Risk: -16.5175
	--> Average Speed: 0.07s per batch
	--> Time from Last Check: 2.18s
--> Batch: 99, Loss: 0.7677, Label: 18, Survival Months: 260.08, Risk: -16.1379
	--> Average Speed: 0.06s per batch
	--> Time from Last Check: 1.98s
--> Batch: 149, Loss: 0.6426, Label: 16, Survival Months: 159.50, Risk: -16.9460
	--> Average Speed: 0.06s per batch
	--> Time from Last Check: 1.84s
--> Batch: 199, Loss: 0.6354, Label: 15, Survival Months: 134.42, Risk: -16.6471
	--> Average Speed: 0.06s per batch
	--> Time from Last Check: 1.96s
--> Batch: 249, Loss: 0.6017, Label: 6, Survival Months: 43.17, Risk: -16.0987
	--> Average Speed: 0.06s per batch
	--> Time from Last Check: 1.84s
--> Batch: 299, Loss: 0.5982, Label: 4, Survival Months: 34.08, Risk: -16.5921
	--> Average Speed: 0.06s per batch
	--> Time from Last Check: 1.96s
--> Batch: 349, Loss: 0.6039, Label: 13, Survival Months: 94.33, Risk: -16.6611
	--> Average Speed: 0.06s per batch
	--> Time from Last Check: 2.01s
--> Batch: 399, Loss: 0.5991, Label: 3, Survival Months: 32.83, Risk: -15.9402
	--> Average Speed: 0.06s per batch
	--> Time from Last Check: 2.02s
--> Batch: 449, Loss: 0.6019, Label: 4, Survival Months: 35.33, Risk: -15.2545
	--> Average Speed: 0.06s per batch
	--> Time from Last Check: 2.00s
--> Batch: 499, Loss: 0.5977, Label: 2, Survival Months: 30.17, Risk: -17.0620
	--> Average Speed: 0.06s per batch
	--> Time from Last Check: 2.04s
--> Batch: 549, Loss: 0.7464, Label: 17, Survival Months: 187.92, Risk: -14.5468
	--> Average Speed: 0.07s per batch
	--> Time from Last Check: 2.08s
[16/01/2025 - 22:15:31] - Epoch: 18, lr: 0.00002012, training_loss: 0.8848, training_c_index: 0.8769
[16/01/2025 - 22:15:33] - Epoch: 18, validation_loss: 1.0371, validation_c_index: 0.4369
--> No improvement in validation_loss or validation_c_index for 7 epoch(s)
--> Current BEST Score: 0.4848
	--> validation_loss: 1.0624
	--> best validation_c_index: 0.5911
--> Early stopping triggered after 7 epochs without improvement
[16/01/2025 - 22:15:35] - Restoring best model from epoch 11
--> Model discarded due to low validation C-Index.

########### [16/01/2025 - 22:15:35] - Training completed (Fold n°1) ############

########### [16/01/2025 - 22:15:35] - Validation started (Fold n°1) ############
[16/01/2025 - 22:15:36] - Testing, testing_loss: 1.0624, testing_c_index: 0.5911
[16/01/2025 - 22:15:36] - Time elapsed for Validation: 2s

########## [16/01/2025 - 22:15:36] - Validation completed (Fold n°1) ###########

###################### [16/01/2025 - 22:15:36] - Fold n°2 ######################

MODEL: MCAT
--> Trainable parameters of MCAT: 16694550
--> Loss function: CrossEntropySurvivalLoss
--> Optimizer: adam

############ [16/01/2025 - 22:15:36] - Training started (Fold n°2) #############
[16/01/2025 - 22:15:37] - Epoch: 1
--> Batch: 49, Loss: 2.9032, Label: 4, Survival Months: 36.58, Risk: -0.9986
	--> Average Speed: 0.07s per batch
	--> Time from Last Check: 2.29s
--> Batch: 99, Loss: 2.4917, Label: 1, Survival Months: 17.92, Risk: -1.0804
	--> Average Speed: 0.06s per batch
	--> Time from Last Check: 2.02s
--> Batch: 149, Loss: 2.9023, Label: 11, Survival Months: 72.92, Risk: -1.2302
	--> Average Speed: 0.06s per batch
	--> Time from Last Check: 1.93s
--> Batch: 199, Loss: 2.9095, Label: 14, Survival Months: 105.83, Risk: -1.4087
	--> Average Speed: 0.06s per batch
	--> Time from Last Check: 2.02s
--> Batch: 249, Loss: 2.1154, Label: 2, Survival Months: 28.08, Risk: -1.7199
	--> Average Speed: 0.06s per batch
	--> Time from Last Check: 2.01s
--> Batch: 299, Loss: 2.0895, Label: 9, Survival Months: 56.25, Risk: -5.2303
	--> Average Speed: 0.06s per batch
	--> Time from Last Check: 1.91s
--> Batch: 349, Loss: 2.1009, Label: 16, Survival Months: 144.17, Risk: -8.0446
	--> Average Speed: 0.06s per batch
	--> Time from Last Check: 1.98s
--> Batch: 399, Loss: 1.9810, Label: 17, Survival Months: 178.00, Risk: -12.4917
	--> Average Speed: 0.06s per batch
	--> Time from Last Check: 2.02s
--> Batch: 449, Loss: 1.7697, Label: 9, Survival Months: 53.33, Risk: -15.3439
	--> Average Speed: 0.06s per batch
	--> Time from Last Check: 2.01s
--> Batch: 499, Loss: 1.7907, Label: 12, Survival Months: 82.25, Risk: -11.8668
	--> Average Speed: 0.06s per batch
	--> Time from Last Check: 2.02s
--> Batch: 549, Loss: 1.7016, Label: 1, Survival Months: 13.58, Risk: -14.1100
	--> Average Speed: 0.06s per batch
	--> Time from Last Check: 1.99s
[16/01/2025 - 22:16:01] - Epoch: 1, lr: 0.00010000, training_loss: 2.9489, training_c_index: 0.4980
[16/01/2025 - 22:16:02] - Epoch: 1, validation_loss: 2.0498, validation_c_index: 0.3478
--> New BEST Validation Score: 0.1428, validation_loss: 2.0498, validation_c_index: 0.3478
--> Current BEST Score: 0.1428
	--> validation_loss: 2.0498
	--> best validation_c_index: 0.3478
[16/01/2025 - 22:16:03] - Time elapsed for epoch 1: 27s
[16/01/2025 - 22:16:03] - Epoch: 2
--> Batch: 49, Loss: 1.6812, Label: 7, Survival Months: 46.67, Risk: -11.9993
	--> Average Speed: 0.07s per batch
	--> Time from Last Check: 2.37s
--> Batch: 99, Loss: 1.6173, Label: 0, Survival Months: 5.83, Risk: -10.5799
	--> Average Speed: 0.06s per batch
	--> Time from Last Check: 2.02s
--> Batch: 149, Loss: 4.3205, Label: 2, Survival Months: 29.00, Risk: -10.1933
	--> Average Speed: 0.06s per batch
	--> Time from Last Check: 2.02s
--> Batch: 199, Loss: 1.5727, Label: 3, Survival Months: 31.33, Risk: -13.4623
	--> Average Speed: 0.06s per batch
	--> Time from Last Check: 2.02s
--> Batch: 249, Loss: 1.5551, Label: 7, Survival Months: 45.92, Risk: -12.9239
	--> Average Speed: 0.06s per batch
	--> Time from Last Check: 2.03s
--> Batch: 299, Loss: 1.5368, Label: 11, Survival Months: 71.00, Risk: -15.1415
	--> Average Speed: 0.06s per batch
	--> Time from Last Check: 2.02s
--> Batch: 349, Loss: 1.5801, Label: 16, Survival Months: 165.67, Risk: -13.7007
	--> Average Speed: 0.06s per batch
	--> Time from Last Check: 2.03s
--> Batch: 399, Loss: 1.4897, Label: 5, Survival Months: 36.67, Risk: -13.0894
	--> Average Speed: 0.06s per batch
	--> Time from Last Check: 1.96s
--> Batch: 449, Loss: 1.4684, Label: 8, Survival Months: 48.00, Risk: -14.2946
	--> Average Speed: 0.06s per batch
	--> Time from Last Check: 2.00s
--> Batch: 499, Loss: 1.4495, Label: 4, Survival Months: 34.50, Risk: -11.4006
	--> Average Speed: 0.06s per batch
	--> Time from Last Check: 1.98s
--> Batch: 549, Loss: 1.6249, Label: 19, Survival Months: 273.58, Risk: -15.7363
	--> Average Speed: 0.06s per batch
	--> Time from Last Check: 1.85s
[16/01/2025 - 22:16:27] - Epoch: 2, lr: 0.00009100, training_loss: 1.8980, training_c_index: 0.5873
[16/01/2025 - 22:16:29] - Epoch: 2, validation_loss: 1.7808, validation_c_index: 0.3507
--> New BEST Validation Score: 0.1727, validation_loss: 1.7808, validation_c_index: 0.3507
--> Current BEST Score: 0.1727
	--> validation_loss: 1.7808
	--> best validation_c_index: 0.3507
[16/01/2025 - 22:16:30] - Time elapsed for epoch 2: 27s
[16/01/2025 - 22:16:30] - Epoch: 3
--> Batch: 49, Loss: 1.3806, Label: 1, Survival Months: 14.17, Risk: -14.2110
	--> Average Speed: 0.07s per batch
	--> Time from Last Check: 2.34s
--> Batch: 99, Loss: 1.3705, Label: 13, Survival Months: 94.83, Risk: -16.1424
	--> Average Speed: 0.07s per batch
	--> Time from Last Check: 2.13s
--> Batch: 149, Loss: 1.4072, Label: 17, Survival Months: 203.50, Risk: -16.0715
	--> Average Speed: 0.06s per batch
	--> Time from Last Check: 2.01s
--> Batch: 199, Loss: 1.3225, Label: 0, Survival Months: 7.00, Risk: -12.3421
	--> Average Speed: 0.06s per batch
	--> Time from Last Check: 2.00s
--> Batch: 249, Loss: 1.3126, Label: 9, Survival Months: 55.50, Risk: -15.0241
	--> Average Speed: 0.06s per batch
	--> Time from Last Check: 2.02s
--> Batch: 299, Loss: 1.3036, Label: 3, Survival Months: 30.50, Risk: -9.9838
	--> Average Speed: 0.06s per batch
	--> Time from Last Check: 2.01s
--> Batch: 349, Loss: 1.3951, Label: 18, Survival Months: 211.25, Risk: -15.0496
	--> Average Speed: 0.06s per batch
	--> Time from Last Check: 1.95s
--> Batch: 399, Loss: 1.2463, Label: 2, Survival Months: 29.33, Risk: -13.8863
	--> Average Speed: 0.06s per batch
	--> Time from Last Check: 2.02s
--> Batch: 449, Loss: 1.2528, Label: 3, Survival Months: 32.00, Risk: -10.3335
	--> Average Speed: 0.06s per batch
	--> Time from Last Check: 2.04s
--> Batch: 499, Loss: 1.2304, Label: 4, Survival Months: 35.08, Risk: -12.3277
	--> Average Speed: 0.06s per batch
	--> Time from Last Check: 1.88s
--> Batch: 549, Loss: 4.0843, Label: 16, Survival Months: 146.58, Risk: -14.8622
	--> Average Speed: 0.06s per batch
	--> Time from Last Check: 1.92s
[16/01/2025 - 22:16:54] - Epoch: 3, lr: 0.00008281, training_loss: 1.6433, training_c_index: 0.6059
[16/01/2025 - 22:16:56] - Epoch: 3, validation_loss: 1.6146, validation_c_index: 0.3224
--> No improvement in validation_loss or validation_c_index for 1 epoch(s)
--> Current BEST Score: 0.1727
	--> validation_loss: 1.7808
	--> best validation_c_index: 0.3507
[16/01/2025 - 22:16:56] - Time elapsed for epoch 3: 26s
[16/01/2025 - 22:16:56] - Epoch: 4
--> Batch: 49, Loss: 1.1722, Label: 0, Survival Months: 0.83, Risk: -14.5102
	--> Average Speed: 0.07s per batch
	--> Time from Last Check: 2.31s
--> Batch: 99, Loss: 1.1807, Label: 14, Survival Months: 118.50, Risk: -15.9522
	--> Average Speed: 0.06s per batch
	--> Time from Last Check: 2.02s
--> Batch: 149, Loss: 4.0672, Label: 0, Survival Months: 0.00, Risk: -10.3365
	--> Average Speed: 0.06s per batch
	--> Time from Last Check: 1.92s
--> Batch: 199, Loss: 1.1581, Label: 4, Survival Months: 35.08, Risk: -13.0214
	--> Average Speed: 0.06s per batch
	--> Time from Last Check: 1.88s
--> Batch: 249, Loss: 1.1607, Label: 8, Survival Months: 51.17, Risk: -11.9151
	--> Average Speed: 0.06s per batch
	--> Time from Last Check: 1.97s
--> Batch: 299, Loss: 1.1482, Label: 15, Survival Months: 140.33, Risk: -15.5161
	--> Average Speed: 0.06s per batch
	--> Time from Last Check: 2.07s
--> Batch: 349, Loss: 1.1287, Label: 12, Survival Months: 87.58, Risk: -12.0869
	--> Average Speed: 0.06s per batch
	--> Time from Last Check: 2.01s
--> Batch: 399, Loss: 3.0584, Label: 15, Survival Months: 136.83, Risk: -12.0831
	--> Average Speed: 0.06s per batch
	--> Time from Last Check: 1.95s
--> Batch: 449, Loss: 3.1384, Label: 18, Survival Months: 237.83, Risk: -13.5330
	--> Average Speed: 0.06s per batch
	--> Time from Last Check: 1.96s
--> Batch: 499, Loss: 1.2047, Label: 14, Survival Months: 110.83, Risk: -9.6993
	--> Average Speed: 0.06s per batch
	--> Time from Last Check: 1.91s
--> Batch: 549, Loss: 1.0705, Label: 0, Survival Months: 8.25, Risk: -15.5245
	--> Average Speed: 0.06s per batch
	--> Time from Last Check: 2.02s
[16/01/2025 - 22:17:20] - Epoch: 4, lr: 0.00007536, training_loss: 1.4661, training_c_index: 0.6599
[16/01/2025 - 22:17:22] - Epoch: 4, validation_loss: 1.4410, validation_c_index: 0.5149
--> New BEST Validation Score: 0.3708, validation_loss: 1.4410, validation_c_index: 0.5149
--> Current BEST Score: 0.3708
	--> validation_loss: 1.4410
	--> best validation_c_index: 0.5149
[16/01/2025 - 22:17:23] - Time elapsed for epoch 4: 27s
[16/01/2025 - 22:17:23] - Epoch: 5
--> Batch: 49, Loss: 1.0834, Label: 9, Survival Months: 56.25, Risk: -11.3964
	--> Average Speed: 0.07s per batch
	--> Time from Last Check: 2.32s
--> Batch: 99, Loss: 1.0577, Label: 2, Survival Months: 28.08, Risk: -9.8423
	--> Average Speed: 0.06s per batch
	--> Time from Last Check: 2.02s
--> Batch: 149, Loss: 1.0364, Label: 5, Survival Months: 38.92, Risk: -12.5582
	--> Average Speed: 0.06s per batch
	--> Time from Last Check: 2.01s
--> Batch: 199, Loss: 1.0998, Label: 17, Survival Months: 186.33, Risk: -15.5292
	--> Average Speed: 0.06s per batch
	--> Time from Last Check: 1.98s
--> Batch: 249, Loss: 1.3171, Label: 14, Survival Months: 105.83, Risk: -4.7113
	--> Average Speed: 0.06s per batch
	--> Time from Last Check: 2.00s
--> Batch: 299, Loss: 1.0298, Label: 12, Survival Months: 86.25, Risk: -14.1883
	--> Average Speed: 0.06s per batch
	--> Time from Last Check: 1.99s
--> Batch: 349, Loss: 1.0424, Label: 14, Survival Months: 117.42, Risk: -13.5823
	--> Average Speed: 0.06s per batch
	--> Time from Last Check: 2.03s
--> Batch: 399, Loss: 0.9998, Label: 9, Survival Months: 53.58, Risk: -12.3467
	--> Average Speed: 0.06s per batch
	--> Time from Last Check: 1.99s
--> Batch: 449, Loss: 1.0475, Label: 17, Survival Months: 178.50, Risk: -15.0673
	--> Average Speed: 0.06s per batch
	--> Time from Last Check: 2.05s
--> Batch: 499, Loss: 0.9796, Label: 9, Survival Months: 54.00, Risk: -14.6222
	--> Average Speed: 0.06s per batch
	--> Time from Last Check: 2.04s
--> Batch: 549, Loss: 0.9710, Label: 4, Survival Months: 35.42, Risk: -11.0615
	--> Average Speed: 0.06s per batch
	--> Time from Last Check: 2.00s
[16/01/2025 - 22:17:47] - Epoch: 5, lr: 0.00006857, training_loss: 1.3418, training_c_index: 0.6812
[16/01/2025 - 22:17:49] - Epoch: 5, validation_loss: 1.3330, validation_c_index: 0.5537
--> New BEST Validation Score: 0.4204, validation_loss: 1.3330, validation_c_index: 0.5537
--> Current BEST Score: 0.4204
	--> validation_loss: 1.3330
	--> best validation_c_index: 0.5537
[16/01/2025 - 22:17:50] - Time elapsed for epoch 5: 27s
[16/01/2025 - 22:17:50] - Epoch: 6
--> Batch: 49, Loss: 0.9589, Label: 9, Survival Months: 56.58, Risk: -13.5545
	--> Average Speed: 0.07s per batch
	--> Time from Last Check: 2.38s
--> Batch: 99, Loss: 0.9397, Label: 1, Survival Months: 9.83, Risk: -11.6428
	--> Average Speed: 0.06s per batch
	--> Time from Last Check: 2.01s
--> Batch: 149, Loss: 0.9368, Label: 2, Survival Months: 30.33, Risk: -14.3436
	--> Average Speed: 0.06s per batch
	--> Time from Last Check: 2.03s
--> Batch: 199, Loss: 2.3283, Label: 19, Survival Months: 288.50, Risk: -16.0453
	--> Average Speed: 0.06s per batch
	--> Time from Last Check: 2.02s
--> Batch: 249, Loss: 0.9326, Label: 11, Survival Months: 67.33, Risk: -15.2463
	--> Average Speed: 0.06s per batch
	--> Time from Last Check: 1.99s
--> Batch: 299, Loss: 1.0170, Label: 17, Survival Months: 178.00, Risk: -14.3197
	--> Average Speed: 0.06s per batch
	--> Time from Last Check: 2.00s
--> Batch: 349, Loss: 0.9032, Label: 9, Survival Months: 52.17, Risk: -15.1117
	--> Average Speed: 0.06s per batch
	--> Time from Last Check: 1.96s
--> Batch: 399, Loss: 0.9255, Label: 16, Survival Months: 156.75, Risk: -16.3163
	--> Average Speed: 0.06s per batch
	--> Time from Last Check: 1.90s
--> Batch: 449, Loss: 0.8941, Label: 11, Survival Months: 76.25, Risk: -16.0165
	--> Average Speed: 0.06s per batch
	--> Time from Last Check: 1.98s
--> Batch: 499, Loss: 3.2175, Label: 14, Survival Months: 110.33, Risk: -9.3279
	--> Average Speed: 0.06s per batch
	--> Time from Last Check: 2.01s
--> Batch: 549, Loss: 2.4270, Label: 19, Survival Months: 329.92, Risk: -16.1476
	--> Average Speed: 0.06s per batch
	--> Time from Last Check: 1.92s
[16/01/2025 - 22:18:14] - Epoch: 6, lr: 0.00006240, training_loss: 1.2332, training_c_index: 0.7574
[16/01/2025 - 22:18:16] - Epoch: 6, validation_loss: 1.3004, validation_c_index: 0.4955
--> No improvement in validation_loss or validation_c_index for 1 epoch(s)
--> Current BEST Score: 0.4204
	--> validation_loss: 1.3330
	--> best validation_c_index: 0.5537
[16/01/2025 - 22:18:16] - Time elapsed for epoch 6: 26s
[16/01/2025 - 22:18:16] - Epoch: 7
--> Batch: 49, Loss: 0.9022, Label: 14, Survival Months: 114.50, Risk: -16.1938
	--> Average Speed: 0.07s per batch
	--> Time from Last Check: 2.31s
--> Batch: 99, Loss: 0.9358, Label: 17, Survival Months: 175.67, Risk: -16.3416
	--> Average Speed: 0.06s per batch
	--> Time from Last Check: 2.02s
--> Batch: 149, Loss: 0.8681, Label: 4, Survival Months: 35.42, Risk: -16.0274
	--> Average Speed: 0.06s per batch
	--> Time from Last Check: 2.02s
--> Batch: 199, Loss: 0.9076, Label: 15, Survival Months: 133.00, Risk: -15.2053
	--> Average Speed: 0.06s per batch
	--> Time from Last Check: 2.02s
--> Batch: 249, Loss: 0.8870, Label: 12, Survival Months: 85.50, Risk: -13.7909
	--> Average Speed: 0.06s per batch
	--> Time from Last Check: 2.01s
--> Batch: 299, Loss: 0.8849, Label: 16, Survival Months: 148.58, Risk: -16.5706
	--> Average Speed: 0.06s per batch
	--> Time from Last Check: 2.00s
--> Batch: 349, Loss: 0.8491, Label: 9, Survival Months: 54.17, Risk: -14.8152
	--> Average Speed: 0.06s per batch
	--> Time from Last Check: 1.96s
--> Batch: 399, Loss: 0.8355, Label: 8, Survival Months: 51.33, Risk: -15.8610
	--> Average Speed: 0.06s per batch
	--> Time from Last Check: 1.94s
--> Batch: 449, Loss: 0.9275, Label: 16, Survival Months: 172.67, Risk: -13.0283
	--> Average Speed: 0.06s per batch
	--> Time from Last Check: 2.01s
--> Batch: 499, Loss: 0.8258, Label: 0, Survival Months: 0.42, Risk: -13.8794
	--> Average Speed: 0.06s per batch
	--> Time from Last Check: 2.00s
--> Batch: 549, Loss: 0.8325, Label: 10, Survival Months: 58.25, Risk: -16.9809
	--> Average Speed: 0.06s per batch
	--> Time from Last Check: 2.00s
[16/01/2025 - 22:18:40] - Epoch: 7, lr: 0.00005679, training_loss: 1.1627, training_c_index: 0.7875
[16/01/2025 - 22:18:42] - Epoch: 7, validation_loss: 1.2180, validation_c_index: 0.5358
--> No improvement in validation_loss or validation_c_index for 2 epoch(s)
--> Current BEST Score: 0.4204
	--> validation_loss: 1.3330
	--> best validation_c_index: 0.5537
[16/01/2025 - 22:18:42] - Time elapsed for epoch 7: 26s
[16/01/2025 - 22:18:42] - Epoch: 8
--> Batch: 49, Loss: 0.8375, Label: 12, Survival Months: 84.17, Risk: -16.4309
	--> Average Speed: 0.07s per batch
	--> Time from Last Check: 2.32s
--> Batch: 99, Loss: 0.8380, Label: 10, Survival Months: 56.92, Risk: -16.0659
	--> Average Speed: 0.06s per batch
	--> Time from Last Check: 2.02s
--> Batch: 149, Loss: 0.8769, Label: 15, Survival Months: 140.25, Risk: -15.3418
	--> Average Speed: 0.07s per batch
	--> Time from Last Check: 2.13s
--> Batch: 199, Loss: 0.8322, Label: 9, Survival Months: 54.00, Risk: -15.9302
	--> Average Speed: 0.06s per batch
	--> Time from Last Check: 2.02s
--> Batch: 249, Loss: 0.8195, Label: 2, Survival Months: 28.08, Risk: -16.1013
	--> Average Speed: 0.06s per batch
	--> Time from Last Check: 1.92s
--> Batch: 299, Loss: 0.8219, Label: 12, Survival Months: 84.00, Risk: -15.6278
	--> Average Speed: 0.06s per batch
	--> Time from Last Check: 1.99s
--> Batch: 349, Loss: 1.0536, Label: 19, Survival Months: 588.92, Risk: -16.6712
	--> Average Speed: 0.06s per batch
	--> Time from Last Check: 2.01s
--> Batch: 399, Loss: 2.2343, Label: 19, Survival Months: 305.75, Risk: -16.4141
	--> Average Speed: 0.06s per batch
	--> Time from Last Check: 1.99s
--> Batch: 449, Loss: 0.8118, Label: 9, Survival Months: 54.17, Risk: -16.0160
	--> Average Speed: 0.06s per batch
	--> Time from Last Check: 2.01s
--> Batch: 499, Loss: 0.7977, Label: 4, Survival Months: 35.42, Risk: -16.9464
	--> Average Speed: 0.06s per batch
	--> Time from Last Check: 2.01s
--> Batch: 549, Loss: 0.8297, Label: 11, Survival Months: 71.33, Risk: -12.1277
	--> Average Speed: 0.06s per batch
	--> Time from Last Check: 1.99s
[16/01/2025 - 22:19:06] - Epoch: 8, lr: 0.00005168, training_loss: 1.1277, training_c_index: 0.7824
[16/01/2025 - 22:19:08] - Epoch: 8, validation_loss: 1.2157, validation_c_index: 0.4582
--> No improvement in validation_loss or validation_c_index for 3 epoch(s)
--> Current BEST Score: 0.4204
	--> validation_loss: 1.3330
	--> best validation_c_index: 0.5537
[16/01/2025 - 22:19:08] - Time elapsed for epoch 8: 26s
[16/01/2025 - 22:19:08] - Epoch: 9
--> Batch: 49, Loss: 0.7801, Label: 3, Survival Months: 30.50, Risk: -13.5024
	--> Average Speed: 0.07s per batch
	--> Time from Last Check: 2.34s
--> Batch: 99, Loss: 0.8733, Label: 15, Survival Months: 137.33, Risk: -12.9455
	--> Average Speed: 0.06s per batch
	--> Time from Last Check: 2.01s
--> Batch: 149, Loss: 0.7981, Label: 8, Survival Months: 50.83, Risk: -13.4891
	--> Average Speed: 0.06s per batch
	--> Time from Last Check: 2.02s
--> Batch: 199, Loss: 0.7734, Label: 5, Survival Months: 37.58, Risk: -16.4249
	--> Average Speed: 0.06s per batch
	--> Time from Last Check: 2.02s
--> Batch: 249, Loss: 0.7679, Label: 12, Survival Months: 85.42, Risk: -16.9527
	--> Average Speed: 0.06s per batch
	--> Time from Last Check: 2.03s
--> Batch: 299, Loss: 0.8060, Label: 12, Survival Months: 81.25, Risk: -13.2857
	--> Average Speed: 0.07s per batch
	--> Time from Last Check: 2.11s
--> Batch: 349, Loss: 1.0221, Label: 18, Survival Months: 260.08, Risk: -11.9341
	--> Average Speed: 0.06s per batch
	--> Time from Last Check: 2.02s
--> Batch: 399, Loss: 0.7805, Label: 3, Survival Months: 31.33, Risk: -14.1551
	--> Average Speed: 0.06s per batch
	--> Time from Last Check: 2.01s
--> Batch: 449, Loss: 0.7706, Label: 2, Survival Months: 29.33, Risk: -15.6129
	--> Average Speed: 0.06s per batch
	--> Time from Last Check: 2.02s
--> Batch: 499, Loss: 0.8119, Label: 15, Survival Months: 127.33, Risk: -15.5294
	--> Average Speed: 0.06s per batch
	--> Time from Last Check: 2.01s
--> Batch: 549, Loss: 3.6692, Label: 15, Survival Months: 125.67, Risk: -17.4301
	--> Average Speed: 0.06s per batch
	--> Time from Last Check: 2.00s
[16/01/2025 - 22:19:32] - Epoch: 9, lr: 0.00004703, training_loss: 1.0711, training_c_index: 0.8250
[16/01/2025 - 22:19:34] - Epoch: 9, validation_loss: 1.2228, validation_c_index: 0.4299
--> No improvement in validation_loss or validation_c_index for 4 epoch(s)
--> Current BEST Score: 0.4204
	--> validation_loss: 1.3330
	--> best validation_c_index: 0.5537
[16/01/2025 - 22:19:34] - Time elapsed for epoch 9: 26s
[16/01/2025 - 22:19:34] - Epoch: 10
--> Batch: 49, Loss: 0.7615, Label: 3, Survival Months: 32.08, Risk: -17.4167
	--> Average Speed: 0.07s per batch
	--> Time from Last Check: 2.35s
--> Batch: 99, Loss: 0.9372, Label: 18, Survival Months: 218.50, Risk: -14.2468
	--> Average Speed: 0.06s per batch
	--> Time from Last Check: 1.98s
--> Batch: 149, Loss: 0.7658, Label: 9, Survival Months: 55.00, Risk: -14.6295
	--> Average Speed: 0.06s per batch
	--> Time from Last Check: 2.01s
--> Batch: 199, Loss: 2.0926, Label: 1, Survival Months: 13.33, Risk: -2.6620
	--> Average Speed: 0.06s per batch
	--> Time from Last Check: 2.00s
--> Batch: 249, Loss: 0.7619, Label: 3, Survival Months: 30.92, Risk: -14.1102
	--> Average Speed: 0.06s per batch
	--> Time from Last Check: 2.02s
--> Batch: 299, Loss: 0.7582, Label: 6, Survival Months: 39.83, Risk: -14.9834
	--> Average Speed: 0.06s per batch
	--> Time from Last Check: 2.02s
--> Batch: 349, Loss: 0.7522, Label: 13, Survival Months: 102.58, Risk: -17.4345
	--> Average Speed: 0.06s per batch
	--> Time from Last Check: 1.99s
--> Batch: 399, Loss: 0.7443, Label: 1, Survival Months: 21.00, Risk: -16.4038
	--> Average Speed: 0.06s per batch
	--> Time from Last Check: 1.98s
--> Batch: 449, Loss: 0.7385, Label: 5, Survival Months: 37.25, Risk: -17.0028
	--> Average Speed: 0.06s per batch
	--> Time from Last Check: 2.07s
--> Batch: 499, Loss: 0.7365, Label: 7, Survival Months: 47.33, Risk: -17.3714
	--> Average Speed: 0.06s per batch
	--> Time from Last Check: 1.97s
--> Batch: 549, Loss: 3.6971, Label: 13, Survival Months: 97.83, Risk: -13.3186
	--> Average Speed: 0.06s per batch
	--> Time from Last Check: 2.02s
[16/01/2025 - 22:19:58] - Epoch: 10, lr: 0.00004279, training_loss: 1.0420, training_c_index: 0.8646
[16/01/2025 - 22:20:00] - Epoch: 10, validation_loss: 1.1812, validation_c_index: 0.4657
--> No improvement in validation_loss or validation_c_index for 5 epoch(s)
--> Current BEST Score: 0.4204
	--> validation_loss: 1.3330
	--> best validation_c_index: 0.5537
[16/01/2025 - 22:20:00] - Time elapsed for epoch 10: 26s
[16/01/2025 - 22:20:00] - Epoch: 11
--> Batch: 49, Loss: 0.8068, Label: 15, Survival Months: 135.92, Risk: -13.8439
	--> Average Speed: 0.07s per batch
	--> Time from Last Check: 2.34s
--> Batch: 99, Loss: 0.7305, Label: 5, Survival Months: 38.00, Risk: -16.8852
	--> Average Speed: 0.06s per batch
	--> Time from Last Check: 2.01s
--> Batch: 149, Loss: 0.7329, Label: 6, Survival Months: 42.42, Risk: -14.6926
	--> Average Speed: 0.06s per batch
	--> Time from Last Check: 2.02s
--> Batch: 199, Loss: 0.8153, Label: 18, Survival Months: 232.00, Risk: -17.3110
	--> Average Speed: 0.06s per batch
	--> Time from Last Check: 2.01s
--> Batch: 249, Loss: 0.7382, Label: 13, Survival Months: 93.25, Risk: -15.0460
	--> Average Speed: 0.06s per batch
	--> Time from Last Check: 1.99s
--> Batch: 299, Loss: 0.8582, Label: 18, Survival Months: 207.17, Risk: -16.1024
	--> Average Speed: 0.06s per batch
	--> Time from Last Check: 2.02s
--> Batch: 349, Loss: 2.1512, Label: 18, Survival Months: 260.50, Risk: -16.4720
	--> Average Speed: 0.06s per batch
	--> Time from Last Check: 2.03s
--> Batch: 399, Loss: 0.7105, Label: 6, Survival Months: 43.17, Risk: -13.9866
	--> Average Speed: 0.06s per batch
	--> Time from Last Check: 2.01s
--> Batch: 449, Loss: 0.7354, Label: 15, Survival Months: 122.08, Risk: -16.5345
	--> Average Speed: 0.06s per batch
	--> Time from Last Check: 2.04s
--> Batch: 499, Loss: 0.7111, Label: 4, Survival Months: 34.67, Risk: -13.3163
	--> Average Speed: 0.06s per batch
	--> Time from Last Check: 2.02s
--> Batch: 549, Loss: 0.7197, Label: 3, Survival Months: 33.08, Risk: -11.1069
	--> Average Speed: 0.06s per batch
	--> Time from Last Check: 2.04s
[16/01/2025 - 22:20:25] - Epoch: 11, lr: 0.00003894, training_loss: 1.0122, training_c_index: 0.8266
[16/01/2025 - 22:20:27] - Epoch: 11, validation_loss: 1.1036, validation_c_index: 0.5597
--> New BEST Validation Score: 0.4493, validation_loss: 1.1036, validation_c_index: 0.5597
--> Current BEST Score: 0.4493
	--> validation_loss: 1.1036
	--> best validation_c_index: 0.5597
[16/01/2025 - 22:20:27] - Time elapsed for epoch 11: 27s
[16/01/2025 - 22:20:27] - Epoch: 12
--> Batch: 49, Loss: 0.6956, Label: 5, Survival Months: 39.00, Risk: -15.5589
	--> Average Speed: 0.07s per batch
	--> Time from Last Check: 2.37s
--> Batch: 99, Loss: 0.6889, Label: 9, Survival Months: 52.33, Risk: -17.0433
	--> Average Speed: 0.06s per batch
	--> Time from Last Check: 2.02s
--> Batch: 149, Loss: 2.9841, Label: 8, Survival Months: 51.33, Risk: -6.9723
	--> Average Speed: 0.06s per batch
	--> Time from Last Check: 2.03s
--> Batch: 199, Loss: 3.0135, Label: 8, Survival Months: 51.17, Risk: -8.3930
	--> Average Speed: 0.06s per batch
	--> Time from Last Check: 2.01s
--> Batch: 249, Loss: 0.7065, Label: 14, Survival Months: 107.33, Risk: -16.5641
	--> Average Speed: 0.06s per batch
	--> Time from Last Check: 2.01s
--> Batch: 299, Loss: 0.6828, Label: 2, Survival Months: 24.75, Risk: -16.6920
	--> Average Speed: 0.06s per batch
	--> Time from Last Check: 2.01s
--> Batch: 349, Loss: 0.6851, Label: 5, Survival Months: 37.83, Risk: -14.7241
	--> Average Speed: 0.06s per batch
	--> Time from Last Check: 1.97s
--> Batch: 399, Loss: 0.6880, Label: 6, Survival Months: 42.42, Risk: -16.4187
	--> Average Speed: 0.06s per batch
	--> Time from Last Check: 1.97s
--> Batch: 449, Loss: 0.6914, Label: 9, Survival Months: 53.92, Risk: -14.9282
	--> Average Speed: 0.06s per batch
	--> Time from Last Check: 2.02s
--> Batch: 499, Loss: 0.7375, Label: 12, Survival Months: 83.92, Risk: -11.8325
	--> Average Speed: 0.06s per batch
	--> Time from Last Check: 2.02s
--> Batch: 549, Loss: 0.7087, Label: 15, Survival Months: 140.25, Risk: -17.0259
	--> Average Speed: 0.06s per batch
	--> Time from Last Check: 2.02s
[16/01/2025 - 22:20:52] - Epoch: 12, lr: 0.00003544, training_loss: 0.9828, training_c_index: 0.8645
[16/01/2025 - 22:20:53] - Epoch: 12, validation_loss: 1.1116, validation_c_index: 0.4851
--> No improvement in validation_loss or validation_c_index for 1 epoch(s)
--> Current BEST Score: 0.4493
	--> validation_loss: 1.1036
	--> best validation_c_index: 0.5597
[16/01/2025 - 22:20:53] - Time elapsed for epoch 12: 26s
[16/01/2025 - 22:20:53] - Epoch: 13
--> Batch: 49, Loss: 0.6963, Label: 6, Survival Months: 42.17, Risk: -13.6091
	--> Average Speed: 0.07s per batch
	--> Time from Last Check: 2.30s
--> Batch: 99, Loss: 0.6876, Label: 3, Survival Months: 30.92, Risk: -15.7750
	--> Average Speed: 0.06s per batch
	--> Time from Last Check: 2.08s
--> Batch: 149, Loss: 0.6931, Label: 11, Survival Months: 76.25, Risk: -15.4652
	--> Average Speed: 0.06s per batch
	--> Time from Last Check: 1.93s
--> Batch: 199, Loss: 0.7402, Label: 14, Survival Months: 103.00, Risk: -13.5231
	--> Average Speed: 0.06s per batch
	--> Time from Last Check: 1.99s
--> Batch: 249, Loss: 0.6846, Label: 9, Survival Months: 51.83, Risk: -15.0806
	--> Average Speed: 0.06s per batch
	--> Time from Last Check: 2.00s
--> Batch: 299, Loss: 0.6786, Label: 8, Survival Months: 47.92, Risk: -15.0815
	--> Average Speed: 0.06s per batch
	--> Time from Last Check: 2.01s
--> Batch: 349, Loss: 0.6699, Label: 7, Survival Months: 46.17, Risk: -15.5275
	--> Average Speed: 0.06s per batch
	--> Time from Last Check: 2.02s
--> Batch: 399, Loss: 0.6596, Label: 4, Survival Months: 35.42, Risk: -17.2446
	--> Average Speed: 0.06s per batch
	--> Time from Last Check: 2.02s
--> Batch: 449, Loss: 1.9687, Label: 19, Survival Months: 329.92, Risk: -17.1128
	--> Average Speed: 0.06s per batch
	--> Time from Last Check: 2.02s
--> Batch: 499, Loss: 0.6568, Label: 10, Survival Months: 62.67, Risk: -16.9266
	--> Average Speed: 0.06s per batch
	--> Time from Last Check: 2.01s
--> Batch: 549, Loss: 2.3020, Label: 18, Survival Months: 237.83, Risk: -16.1654
	--> Average Speed: 0.06s per batch
	--> Time from Last Check: 2.02s
[16/01/2025 - 22:21:18] - Epoch: 13, lr: 0.00003225, training_loss: 0.9593, training_c_index: 0.8616
[16/01/2025 - 22:21:19] - Epoch: 13, validation_loss: 1.1773, validation_c_index: 0.3358
--> No improvement in validation_loss or validation_c_index for 2 epoch(s)
--> Current BEST Score: 0.4493
	--> validation_loss: 1.1036
	--> best validation_c_index: 0.5597
[16/01/2025 - 22:21:19] - Time elapsed for epoch 13: 26s
[16/01/2025 - 22:21:19] - Epoch: 14
--> Batch: 49, Loss: 0.6495, Label: 2, Survival Months: 27.33, Risk: -15.6239
	--> Average Speed: 0.07s per batch
	--> Time from Last Check: 2.35s
--> Batch: 99, Loss: 2.7290, Label: 17, Survival Months: 201.42, Risk: -13.3177
	--> Average Speed: 0.06s per batch
	--> Time from Last Check: 2.04s
--> Batch: 149, Loss: 0.6472, Label: 12, Survival Months: 78.58, Risk: -16.4829
	--> Average Speed: 0.06s per batch
	--> Time from Last Check: 2.03s
--> Batch: 199, Loss: 0.6622, Label: 6, Survival Months: 42.33, Risk: -10.6584
	--> Average Speed: 0.06s per batch
	--> Time from Last Check: 2.01s
--> Batch: 249, Loss: 0.8904, Label: 19, Survival Months: 328.42, Risk: -16.6770
	--> Average Speed: 0.06s per batch
	--> Time from Last Check: 2.02s
--> Batch: 299, Loss: 0.6527, Label: 11, Survival Months: 71.33, Risk: -14.7741
	--> Average Speed: 0.07s per batch
	--> Time from Last Check: 2.08s
--> Batch: 349, Loss: 0.6902, Label: 17, Survival Months: 186.33, Risk: -17.2583
	--> Average Speed: 0.06s per batch
	--> Time from Last Check: 2.01s
--> Batch: 399, Loss: 0.6917, Label: 16, Survival Months: 144.17, Risk: -16.0900
	--> Average Speed: 0.06s per batch
	--> Time from Last Check: 2.02s
--> Batch: 449, Loss: 0.6862, Label: 15, Survival Months: 137.33, Risk: -15.7560
	--> Average Speed: 0.06s per batch
	--> Time from Last Check: 2.02s
--> Batch: 499, Loss: 0.6408, Label: 2, Survival Months: 30.00, Risk: -16.2836
	--> Average Speed: 0.06s per batch
	--> Time from Last Check: 2.01s
--> Batch: 549, Loss: 0.6393, Label: 9, Survival Months: 56.25, Risk: -16.3797
	--> Average Speed: 0.06s per batch
	--> Time from Last Check: 1.99s
[16/01/2025 - 22:21:44] - Epoch: 14, lr: 0.00002935, training_loss: 0.9107, training_c_index: 0.9101
[16/01/2025 - 22:21:46] - Epoch: 14, validation_loss: 1.1171, validation_c_index: 0.5343
--> No improvement in validation_loss or validation_c_index for 3 epoch(s)
--> Current BEST Score: 0.4493
	--> validation_loss: 1.1036
	--> best validation_c_index: 0.5597
[16/01/2025 - 22:21:46] - Time elapsed for epoch 14: 26s
[16/01/2025 - 22:21:46] - Epoch: 15
--> Batch: 49, Loss: 0.6960, Label: 13, Survival Months: 93.25, Risk: -11.8543
	--> Average Speed: 0.07s per batch
	--> Time from Last Check: 2.26s
--> Batch: 99, Loss: 2.0647, Label: 18, Survival Months: 210.00, Risk: -17.3270
	--> Average Speed: 0.06s per batch
	--> Time from Last Check: 2.02s
--> Batch: 149, Loss: 0.6268, Label: 12, Survival Months: 88.67, Risk: -17.4797
	--> Average Speed: 0.06s per batch
	--> Time from Last Check: 2.03s
--> Batch: 199, Loss: 0.7544, Label: 18, Survival Months: 210.08, Risk: -16.5871
	--> Average Speed: 0.06s per batch
	--> Time from Last Check: 1.94s
--> Batch: 249, Loss: 0.6460, Label: 14, Survival Months: 105.83, Risk: -17.1670
	--> Average Speed: 0.06s per batch
	--> Time from Last Check: 1.97s
--> Batch: 299, Loss: 0.6353, Label: 8, Survival Months: 47.83, Risk: -16.2528
	--> Average Speed: 0.06s per batch
	--> Time from Last Check: 2.01s
--> Batch: 349, Loss: 0.6271, Label: 4, Survival Months: 34.83, Risk: -17.6260
	--> Average Speed: 0.06s per batch
	--> Time from Last Check: 2.02s
--> Batch: 399, Loss: 0.6329, Label: 12, Survival Months: 83.08, Risk: -16.7508
	--> Average Speed: 0.06s per batch
	--> Time from Last Check: 2.01s
--> Batch: 449, Loss: 0.6455, Label: 11, Survival Months: 71.00, Risk: -14.9586
	--> Average Speed: 0.06s per batch
	--> Time from Last Check: 2.07s
--> Batch: 499, Loss: 0.6450, Label: 11, Survival Months: 73.17, Risk: -14.4835
	--> Average Speed: 0.06s per batch
	--> Time from Last Check: 1.89s
--> Batch: 549, Loss: 0.7428, Label: 18, Survival Months: 207.17, Risk: -16.9750
	--> Average Speed: 0.06s per batch
	--> Time from Last Check: 1.95s
[16/01/2025 - 22:22:10] - Epoch: 15, lr: 0.00002670, training_loss: 0.8960, training_c_index: 0.8903
[16/01/2025 - 22:22:12] - Epoch: 15, validation_loss: 1.2216, validation_c_index: 0.3075
--> No improvement in validation_loss or validation_c_index for 4 epoch(s)
--> Current BEST Score: 0.4493
	--> validation_loss: 1.1036
	--> best validation_c_index: 0.5597
[16/01/2025 - 22:22:12] - Time elapsed for epoch 15: 26s
[16/01/2025 - 22:22:12] - Epoch: 16
--> Batch: 49, Loss: 3.1764, Label: 7, Survival Months: 47.75, Risk: -11.4801
	--> Average Speed: 0.07s per batch
	--> Time from Last Check: 2.38s
--> Batch: 99, Loss: 0.6219, Label: 12, Survival Months: 83.42, Risk: -17.0989
	--> Average Speed: 0.06s per batch
	--> Time from Last Check: 1.99s
--> Batch: 149, Loss: 2.8414, Label: 15, Survival Months: 125.67, Risk: -16.7330
	--> Average Speed: 0.06s per batch
	--> Time from Last Check: 2.02s
--> Batch: 199, Loss: 0.6171, Label: 2, Survival Months: 26.08, Risk: -16.5608
	--> Average Speed: 0.06s per batch
	--> Time from Last Check: 1.92s
--> Batch: 249, Loss: 0.6457, Label: 14, Survival Months: 121.92, Risk: -15.8267
	--> Average Speed: 0.06s per batch
	--> Time from Last Check: 2.02s
--> Batch: 299, Loss: 0.6173, Label: 12, Survival Months: 86.25, Risk: -16.7713
	--> Average Speed: 0.06s per batch
	--> Time from Last Check: 1.97s
--> Batch: 349, Loss: 0.6595, Label: 1, Survival Months: 17.92, Risk: -4.8345
	--> Average Speed: 0.06s per batch
	--> Time from Last Check: 2.02s
--> Batch: 399, Loss: 2.2719, Label: 17, Survival Months: 177.25, Risk: -17.3754
	--> Average Speed: 0.06s per batch
	--> Time from Last Check: 2.02s
--> Batch: 449, Loss: 0.8674, Label: 19, Survival Months: 431.33, Risk: -16.6910
	--> Average Speed: 0.06s per batch
	--> Time from Last Check: 1.99s
--> Batch: 499, Loss: 0.7835, Label: 18, Survival Months: 218.50, Risk: -15.1292
	--> Average Speed: 0.06s per batch
	--> Time from Last Check: 1.94s
--> Batch: 549, Loss: 0.6235, Label: 15, Survival Months: 131.17, Risk: -17.6272
	--> Average Speed: 0.06s per batch
	--> Time from Last Check: 2.01s
[16/01/2025 - 22:22:36] - Epoch: 16, lr: 0.00002430, training_loss: 0.8944, training_c_index: 0.8823
[16/01/2025 - 22:22:38] - Epoch: 16, validation_loss: 1.0816, validation_c_index: 0.5269
--> No improvement in validation_loss or validation_c_index for 5 epoch(s)
--> Current BEST Score: 0.4493
	--> validation_loss: 1.1036
	--> best validation_c_index: 0.5597
[16/01/2025 - 22:22:38] - Time elapsed for epoch 16: 26s
[16/01/2025 - 22:22:38] - Epoch: 17
--> Batch: 49, Loss: 0.6067, Label: 5, Survival Months: 39.67, Risk: -15.9456
	--> Average Speed: 0.07s per batch
	--> Time from Last Check: 2.28s
--> Batch: 99, Loss: 0.6027, Label: 0, Survival Months: 0.00, Risk: -15.6107
	--> Average Speed: 0.06s per batch
	--> Time from Last Check: 2.01s
--> Batch: 149, Loss: 2.9646, Label: 16, Survival Months: 149.42, Risk: -15.8720
	--> Average Speed: 0.06s per batch
	--> Time from Last Check: 2.03s
--> Batch: 199, Loss: 0.5976, Label: 2, Survival Months: 28.75, Risk: -15.4800
	--> Average Speed: 0.06s per batch
	--> Time from Last Check: 2.03s
--> Batch: 249, Loss: 0.5943, Label: 0, Survival Months: 0.00, Risk: -14.2634
	--> Average Speed: 0.06s per batch
	--> Time from Last Check: 1.99s
--> Batch: 299, Loss: 0.5919, Label: 6, Survival Months: 43.17, Risk: -16.9183
	--> Average Speed: 0.06s per batch
	--> Time from Last Check: 2.01s
--> Batch: 349, Loss: 0.7627, Label: 18, Survival Months: 206.92, Risk: -15.3671
	--> Average Speed: 0.06s per batch
	--> Time from Last Check: 1.97s
--> Batch: 399, Loss: 0.5926, Label: 1, Survival Months: 11.17, Risk: -16.4790
	--> Average Speed: 0.06s per batch
	--> Time from Last Check: 1.98s
--> Batch: 449, Loss: 0.6142, Label: 10, Survival Months: 60.67, Risk: -13.7690
	--> Average Speed: 0.06s per batch
	--> Time from Last Check: 1.93s
--> Batch: 499, Loss: 0.5927, Label: 4, Survival Months: 35.92, Risk: -16.4129
	--> Average Speed: 0.06s per batch
	--> Time from Last Check: 1.92s
--> Batch: 549, Loss: 0.5911, Label: 5, Survival Months: 37.58, Risk: -16.9467
	--> Average Speed: 0.06s per batch
	--> Time from Last Check: 1.96s
[16/01/2025 - 22:23:02] - Epoch: 17, lr: 0.00002211, training_loss: 0.8643, training_c_index: 0.9097
[16/01/2025 - 22:23:04] - Epoch: 17, validation_loss: 1.0832, validation_c_index: 0.5388
--> No improvement in validation_loss or validation_c_index for 6 epoch(s)
--> Current BEST Score: 0.4493
	--> validation_loss: 1.1036
	--> best validation_c_index: 0.5597
[16/01/2025 - 22:23:04] - Time elapsed for epoch 17: 26s
[16/01/2025 - 22:23:04] - Epoch: 18
--> Batch: 49, Loss: 0.6171, Label: 12, Survival Months: 83.92, Risk: -14.7142
	--> Average Speed: 0.07s per batch
	--> Time from Last Check: 2.34s
--> Batch: 99, Loss: 0.6363, Label: 17, Survival Months: 178.00, Risk: -17.6560
	--> Average Speed: 0.06s per batch
	--> Time from Last Check: 1.92s
--> Batch: 149, Loss: 2.4167, Label: 14, Survival Months: 113.75, Risk: -14.5982
	--> Average Speed: 0.07s per batch
	--> Time from Last Check: 2.15s
--> Batch: 199, Loss: 0.5855, Label: 4, Survival Months: 34.17, Risk: -17.0473
	--> Average Speed: 0.06s per batch
	--> Time from Last Check: 2.02s
--> Batch: 249, Loss: 1.9621, Label: 1, Survival Months: 18.92, Risk: -3.3553
	--> Average Speed: 0.06s per batch
	--> Time from Last Check: 1.96s
--> Batch: 299, Loss: 0.5836, Label: 4, Survival Months: 36.25, Risk: -17.1031
	--> Average Speed: 0.06s per batch
	--> Time from Last Check: 1.98s
--> Batch: 349, Loss: 0.5835, Label: 3, Survival Months: 31.25, Risk: -15.8681
	--> Average Speed: 0.06s per batch
	--> Time from Last Check: 1.99s
--> Batch: 399, Loss: 0.6114, Label: 12, Survival Months: 87.58, Risk: -13.9247
	--> Average Speed: 0.06s per batch
	--> Time from Last Check: 1.87s
--> Batch: 449, Loss: 0.5858, Label: 12, Survival Months: 86.92, Risk: -17.4068
	--> Average Speed: 0.06s per batch
	--> Time from Last Check: 1.97s
--> Batch: 499, Loss: 0.6892, Label: 16, Survival Months: 156.92, Risk: -13.8780
	--> Average Speed: 0.06s per batch
	--> Time from Last Check: 2.01s
--> Batch: 549, Loss: 0.5828, Label: 1, Survival Months: 15.50, Risk: -15.7570
	--> Average Speed: 0.06s per batch
	--> Time from Last Check: 1.98s
[16/01/2025 - 22:23:28] - Epoch: 18, lr: 0.00002012, training_loss: 0.8503, training_c_index: 0.9066
[16/01/2025 - 22:23:29] - Epoch: 18, validation_loss: 1.1303, validation_c_index: 0.4104
--> No improvement in validation_loss or validation_c_index for 7 epoch(s)
--> Current BEST Score: 0.4493
	--> validation_loss: 1.1036
	--> best validation_c_index: 0.5597
--> Early stopping triggered after 7 epochs without improvement
[16/01/2025 - 22:23:31] - Restoring best model from epoch 11
--> Model discarded due to low validation C-Index.

########### [16/01/2025 - 22:23:32] - Training completed (Fold n°2) ############

########### [16/01/2025 - 22:23:32] - Validation started (Fold n°2) ############
[16/01/2025 - 22:23:33] - Testing, testing_loss: 1.1036, testing_c_index: 0.5597
[16/01/2025 - 22:23:33] - Time elapsed for Validation: 2s

########## [16/01/2025 - 22:23:33] - Validation completed (Fold n°2) ###########

###################### [16/01/2025 - 22:23:33] - Fold n°3 ######################

MODEL: MCAT
--> Trainable parameters of MCAT: 16694550
--> Loss function: CrossEntropySurvivalLoss
--> Optimizer: adam

############ [16/01/2025 - 22:23:33] - Training started (Fold n°3) #############
[16/01/2025 - 22:23:33] - Epoch: 1
--> Batch: 49, Loss: 3.0419, Label: 6, Survival Months: 41.33, Risk: -1.0570
	--> Average Speed: 0.07s per batch
	--> Time from Last Check: 2.32s
--> Batch: 99, Loss: 3.4387, Label: 15, Survival Months: 140.33, Risk: -1.1693
	--> Average Speed: 0.06s per batch
	--> Time from Last Check: 2.02s
--> Batch: 149, Loss: 2.5717, Label: 5, Survival Months: 38.42, Risk: -1.3291
	--> Average Speed: 0.06s per batch
	--> Time from Last Check: 1.96s
--> Batch: 199, Loss: 2.7813, Label: 13, Survival Months: 93.33, Risk: -2.1269
	--> Average Speed: 0.07s per batch
	--> Time from Last Check: 2.10s
--> Batch: 249, Loss: 2.2534, Label: 5, Survival Months: 37.25, Risk: -2.2736
	--> Average Speed: 0.06s per batch
	--> Time from Last Check: 1.90s
--> Batch: 299, Loss: 2.0108, Label: 2, Survival Months: 25.58, Risk: -4.7558
	--> Average Speed: 0.06s per batch
	--> Time from Last Check: 1.95s
--> Batch: 349, Loss: 1.8912, Label: 0, Survival Months: 2.83, Risk: -9.5899
	--> Average Speed: 0.06s per batch
	--> Time from Last Check: 1.93s
--> Batch: 399, Loss: 1.8531, Label: 6, Survival Months: 42.00, Risk: -11.7974
	--> Average Speed: 0.06s per batch
	--> Time from Last Check: 2.03s
--> Batch: 449, Loss: 1.8249, Label: 12, Survival Months: 83.42, Risk: -14.0685
	--> Average Speed: 0.06s per batch
	--> Time from Last Check: 2.00s
--> Batch: 499, Loss: 6.0475, Label: 0, Survival Months: 8.17, Risk: -13.6558
	--> Average Speed: 0.06s per batch
	--> Time from Last Check: 2.00s
--> Batch: 549, Loss: 1.7691, Label: 12, Survival Months: 86.92, Risk: -12.1158
	--> Average Speed: 0.06s per batch
	--> Time from Last Check: 2.02s
[16/01/2025 - 22:23:58] - Epoch: 1, lr: 0.00010000, training_loss: 2.8926, training_c_index: 0.5185
[16/01/2025 - 22:23:59] - Epoch: 1, validation_loss: 2.0395, validation_c_index: 0.3220
--> New BEST Validation Score: 0.1181, validation_loss: 2.0395, validation_c_index: 0.3220
--> Current BEST Score: 0.1181
	--> validation_loss: 2.0395
	--> best validation_c_index: 0.3220
[16/01/2025 - 22:24:00] - Time elapsed for epoch 1: 27s
[16/01/2025 - 22:24:00] - Epoch: 2
