Environment conda activated
Job 2524497 started

#################### [07/02/2025 - 02:23:08] - MCAT started ####################
HOSTNAME: helmut

WANDB: setting up for report

CUDA: available
--> Device count: 1
--> Using device: NVIDIA GeForce RTX 2080 Ti
--> Running on CUDA

DATASET: Loading data
--> Gene Expression loaded
--> Methylation loaded
--> Remaining samples after removing incomplete: 742
--> Class intervals: [
	0: [0.00 - 9.68]
	1: [9.68 - 24.60]
	2: [24.60 - 30.34]
	3: [30.34 - 33.52]
	4: [33.52 - 36.60]
	5: [36.60 - 39.75]
	6: [39.75 - 43.45]
	7: [43.45 - 47.78]
	8: [47.78 - 51.67]
	9: [51.67 - 56.66]
	10: [56.66 - 66.00]
	11: [66.00 - 78.32]
	12: [78.32 - 89.10]
	13: [89.10 - 102.75]
	14: [102.75 - 122.04]
	15: [122.04 - 143.07]
	16: [143.07 - 173.40]
	17: [173.40 - 206.80]
	18: [206.80 - 268.52]
	19: [268.52 - 593.83]
    ]
--> Standardizing RNA-seq data
--> Standardizing Methylation Islands columns from 0 to 10000
--> Standardizing Methylation Islands columns from 10000 to 20000
--> Standardizing Methylation Islands columns from 20000 to 30000
--> Standardizing Methylation Islands columns from 30000 to 33161
--> Processing Methylation Islands columns from 0 to 10000
--> Processing Methylation Islands columns from 10000 to 20000
--> Processing Methylation Islands columns from 20000 to 30000
--> Processing Methylation Islands columns from 30000 to 33161
--> RNA-seq loaded
--> Methylation loaded
--> Gene Expression Signatures size: [82, 323, 512, 430, 1464, 446]
--> Methylation Signatures size: [22, 21, 26, 23, 22, 50, 32, 32, 24, 23, 27, 24, 25, 21, 35, 24, 35, 33, 38, 32, 29, 20, 22, 32, 21, 21, 21, 22, 21, 22, 22, 24, 23, 21, 25, 28, 20, 35, 20, 23, 20, 20, 30, 24, 27, 24, 20, 20, 24, 28, 23, 27, 28, 28, 24, 21, 23, 23, 45, 30, 45, 22, 20, 34, 21, 31, 21, 21, 24, 24, 20, 20, 21, 26, 32, 25, 23, 21, 23, 20, 29, 24, 20, 21, 21, 25, 22, 26, 21, 22, 20, 28, 20, 25, 20, 23, 25, 22, 21, 23, 23, 21, 23, 22, 23, 23, 23, 21, 20, 21, 21, 21, 21, 27, 25, 27, 21, 24, 20, 27, 27, 27, 21, 39, 39, 38, 22, 39, 34, 34, 34, 33, 20, 20, 22, 26, 23, 27, 24, 22, 25, 26, 31, 22, 28]
--> Using 80% training, 20% validation

#################### [07/02/2025 - 02:23:57] - Grid Search #####################

############# Cross Validation with Current Configuration started ##############
--> alpha: 1.0, dropout: 0.0, gamma: 0.75, lambda: 0.0, lr: 1e-2, weight_decay: 0.0

###################### [07/02/2025 - 02:24:58] - Fold n°1 ######################

MODEL: MCAT with Gene Expression & Methylation
--> Trainable parameters of MCAT with Gene Expression & Methylation: 5504470
--> Loss function: CrossEntropySurvivalLoss
--> Optimizer: adamax

############ [07/02/2025 - 02:25:01] - Training started (Fold n°1) #############
[07/02/2025 - 02:25:01] - Epoch: 1
--> Batch: 49, Loss: 0.0000, Label: 3, Survival Months: 31.92, Risk: -8.3918
	--> Average Speed: 0.22s per batch
	--> Time from Last Check: 6.96s
--> Batch: 99, Loss: 0.0000, Label: 5, Survival Months: 39.42, Risk: -10.5091
	--> Average Speed: 0.19s per batch
	--> Time from Last Check: 6.10s
--> Batch: 149, Loss: 0.0000, Label: 6, Survival Months: 40.17, Risk: -11.0346
	--> Average Speed: 0.16s per batch
	--> Time from Last Check: 5.09s
--> Batch: 199, Loss: 0.0000, Label: 17, Survival Months: 186.67, Risk: -17.2502
	--> Average Speed: 0.16s per batch
	--> Time from Last Check: 5.27s
--> Batch: 249, Loss: 0.0000, Label: 2, Survival Months: 25.17, Risk: -11.7587
	--> Average Speed: 0.16s per batch
	--> Time from Last Check: 5.26s
--> Batch: 299, Loss: 0.0000, Label: 12, Survival Months: 83.00, Risk: -7.4692
	--> Average Speed: 0.17s per batch
	--> Time from Last Check: 5.46s
--> Batch: 349, Loss: 0.0000, Label: 17, Survival Months: 190.75, Risk: -10.0312
	--> Average Speed: 0.16s per batch
	--> Time from Last Check: 5.02s
--> Batch: 399, Loss: 0.0000, Label: 14, Survival Months: 103.92, Risk: -9.6803
	--> Average Speed: 0.19s per batch
	--> Time from Last Check: 6.09s
--> Batch: 449, Loss: 0.0000, Label: 2, Survival Months: 25.00, Risk: -14.5942
	--> Average Speed: 0.16s per batch
	--> Time from Last Check: 5.11s
--> Batch: 499, Loss: 0.0000, Label: 5, Survival Months: 37.92, Risk: -9.5975
	--> Average Speed: 0.15s per batch
	--> Time from Last Check: 4.93s
--> Batch: 549, Loss: 3.7646, Label: 13, Survival Months: 96.00, Risk: -5.5912
	--> Average Speed: 0.16s per batch
	--> Time from Last Check: 5.12s
[07/02/2025 - 02:26:06] - Epoch: 1, lr: 0.01000000, training_loss: 0.4754, training_c_index: 0.5088
[07/02/2025 - 02:26:15] - Epoch: 1, validation_loss: 0.2493, validation_c_index: 0.5529
--> New BEST Validation Score: 0.5059, validation_loss: 0.2493, validation_c_index: 0.5529, training_loss: 0.4754, training_c_index: 0.5088
--> Current BEST Score: 0.5059
	--> validation_loss: 0.2493
	--> validation_c_index: 0.5529
	--> training_loss: 0.4754
	--> training_c_index: 0.5088
[07/02/2025 - 02:26:16] - Time elapsed for epoch 1: 75s
[07/02/2025 - 02:26:16] - Epoch: 2
--> Batch: 49, Loss: 0.0000, Label: 10, Survival Months: 65.25, Risk: -8.9722
	--> Average Speed: 0.21s per batch
	--> Time from Last Check: 6.80s
--> Batch: 99, Loss: 0.0000, Label: 10, Survival Months: 64.08, Risk: -13.0567
	--> Average Speed: 0.16s per batch
	--> Time from Last Check: 5.12s
--> Batch: 149, Loss: 0.0000, Label: 4, Survival Months: 33.75, Risk: -8.2652
	--> Average Speed: 0.17s per batch
	--> Time from Last Check: 5.35s
--> Batch: 199, Loss: 0.0000, Label: 1, Survival Months: 21.00, Risk: -14.5458
	--> Average Speed: 0.16s per batch
	--> Time from Last Check: 5.22s
--> Batch: 249, Loss: 0.0000, Label: 12, Survival Months: 88.50, Risk: -7.7973
	--> Average Speed: 0.16s per batch
	--> Time from Last Check: 5.22s
--> Batch: 299, Loss: 0.0000, Label: 8, Survival Months: 51.33, Risk: -12.0959
	--> Average Speed: 0.16s per batch
	--> Time from Last Check: 5.07s
--> Batch: 349, Loss: 0.0000, Label: 17, Survival Months: 175.67, Risk: -9.2654
	--> Average Speed: 0.16s per batch
	--> Time from Last Check: 5.22s
--> Batch: 399, Loss: 0.0000, Label: 11, Survival Months: 67.17, Risk: -11.3472
	--> Average Speed: 0.19s per batch
	--> Time from Last Check: 6.08s
--> Batch: 449, Loss: 0.0000, Label: 4, Survival Months: 34.17, Risk: -14.0413
	--> Average Speed: 0.16s per batch
	--> Time from Last Check: 5.17s
--> Batch: 499, Loss: 0.0000, Label: 2, Survival Months: 25.17, Risk: -11.5587
	--> Average Speed: 0.16s per batch
	--> Time from Last Check: 5.17s
--> Batch: 549, Loss: 0.0000, Label: 14, Survival Months: 114.50, Risk: -12.2935
	--> Average Speed: 0.16s per batch
	--> Time from Last Check: 5.25s
[07/02/2025 - 02:27:20] - Epoch: 2, lr: 0.00750000, training_loss: 0.3675, training_c_index: 0.4103
[07/02/2025 - 02:27:30] - Epoch: 2, validation_loss: 0.2468, validation_c_index: 0.4803
--> Score: 0.4206. No improvement in validation_loss or validation_c_index for 1 epoch(s)
--> Current BEST Score: 0.5059
	--> validation_loss: 0.2493
	--> validation_c_index: 0.5529
	--> training_loss: 0.4754
	--> training_c_index: 0.5088
[07/02/2025 - 02:27:30] - Time elapsed for epoch 2: 74s
[07/02/2025 - 02:27:30] - Epoch: 3
--> Batch: 49, Loss: 3.2716, Label: 18, Survival Months: 237.83, Risk: -9.8897
	--> Average Speed: 0.20s per batch
	--> Time from Last Check: 6.51s
--> Batch: 99, Loss: 0.0000, Label: 18, Survival Months: 207.17, Risk: -12.8190
	--> Average Speed: 0.16s per batch
	--> Time from Last Check: 5.23s
--> Batch: 149, Loss: 0.0000, Label: 2, Survival Months: 28.92, Risk: -11.3897
	--> Average Speed: 0.16s per batch
	--> Time from Last Check: 5.22s
--> Batch: 199, Loss: 0.0000, Label: 2, Survival Months: 25.25, Risk: -11.2252
	--> Average Speed: 0.17s per batch
	--> Time from Last Check: 5.28s
--> Batch: 249, Loss: 0.0000, Label: 11, Survival Months: 73.17, Risk: -10.8373
	--> Average Speed: 0.16s per batch
	--> Time from Last Check: 5.06s
--> Batch: 299, Loss: 0.0000, Label: 19, Survival Months: 273.00, Risk: -10.7807
	--> Average Speed: 0.16s per batch
	--> Time from Last Check: 5.18s
--> Batch: 349, Loss: 0.0000, Label: 11, Survival Months: 69.75, Risk: -13.1923
	--> Average Speed: 0.19s per batch
	--> Time from Last Check: 6.04s
--> Batch: 399, Loss: 0.0000, Label: 0, Survival Months: 6.50, Risk: -11.0353
	--> Average Speed: 0.16s per batch
	--> Time from Last Check: 5.19s
--> Batch: 449, Loss: 0.0000, Label: 16, Survival Months: 143.25, Risk: -10.3577
	--> Average Speed: 0.16s per batch
	--> Time from Last Check: 5.11s
--> Batch: 499, Loss: 0.0000, Label: 18, Survival Months: 260.08, Risk: -11.0788
	--> Average Speed: 0.16s per batch
	--> Time from Last Check: 5.11s
--> Batch: 549, Loss: 0.0000, Label: 19, Survival Months: 593.83, Risk: -12.3863
	--> Average Speed: 0.17s per batch
	--> Time from Last Check: 5.33s
[07/02/2025 - 02:28:34] - Epoch: 3, lr: 0.00562500, training_loss: 0.3577, training_c_index: 0.5156
[07/02/2025 - 02:28:44] - Epoch: 3, validation_loss: 0.2411, validation_c_index: 0.5287
--> Score: 0.4980. No improvement in validation_loss or validation_c_index for 2 epoch(s)
--> Current BEST Score: 0.5059
	--> validation_loss: 0.2493
	--> validation_c_index: 0.5529
	--> training_loss: 0.4754
	--> training_c_index: 0.5088
[07/02/2025 - 02:28:44] - Time elapsed for epoch 3: 74s
[07/02/2025 - 02:28:44] - Epoch: 4
--> Batch: 49, Loss: 0.0000, Label: 16, Survival Months: 159.92, Risk: -9.3097
	--> Average Speed: 0.19s per batch
	--> Time from Last Check: 5.93s
--> Batch: 99, Loss: 0.0000, Label: 4, Survival Months: 35.50, Risk: -11.2403
	--> Average Speed: 0.15s per batch
	--> Time from Last Check: 4.95s
--> Batch: 149, Loss: 0.0000, Label: 18, Survival Months: 220.42, Risk: -11.6279
	--> Average Speed: 0.16s per batch
	--> Time from Last Check: 5.13s
--> Batch: 199, Loss: 0.0000, Label: 15, Survival Months: 131.17, Risk: -8.6299
	--> Average Speed: 0.16s per batch
	--> Time from Last Check: 5.19s
--> Batch: 249, Loss: 0.0000, Label: 11, Survival Months: 73.17, Risk: -12.2395
	--> Average Speed: 0.16s per batch
	--> Time from Last Check: 5.15s
--> Batch: 299, Loss: 0.0000, Label: 12, Survival Months: 88.58, Risk: -12.8729
	--> Average Speed: 0.19s per batch
	--> Time from Last Check: 6.06s
--> Batch: 349, Loss: 0.0000, Label: 8, Survival Months: 50.67, Risk: -11.1532
	--> Average Speed: 0.16s per batch
	--> Time from Last Check: 5.15s
--> Batch: 399, Loss: 0.0000, Label: 0, Survival Months: 4.92, Risk: -8.9855
	--> Average Speed: 0.15s per batch
	--> Time from Last Check: 4.86s
--> Batch: 449, Loss: 0.0000, Label: 16, Survival Months: 170.08, Risk: -11.5209
	--> Average Speed: 0.16s per batch
	--> Time from Last Check: 5.24s
--> Batch: 499, Loss: 0.0000, Label: 13, Survival Months: 94.83, Risk: -8.8871
	--> Average Speed: 0.17s per batch
	--> Time from Last Check: 5.54s
--> Batch: 549, Loss: 0.0000, Label: 8, Survival Months: 51.67, Risk: -10.6687
	--> Average Speed: 0.16s per batch
	--> Time from Last Check: 5.22s
[07/02/2025 - 02:29:47] - Epoch: 4, lr: 0.00421875, training_loss: 0.3483, training_c_index: 0.4932
[07/02/2025 - 02:29:58] - Epoch: 4, validation_loss: 0.2347, validation_c_index: 0.4025
--> Score: 0.3338. No improvement in validation_loss or validation_c_index for 3 epoch(s)
--> Current BEST Score: 0.5059
	--> validation_loss: 0.2493
	--> validation_c_index: 0.5529
	--> training_loss: 0.4754
	--> training_c_index: 0.5088
[07/02/2025 - 02:29:58] - Time elapsed for epoch 4: 73s
[07/02/2025 - 02:29:58] - Epoch: 5
--> Batch: 49, Loss: 0.0000, Label: 5, Survival Months: 39.25, Risk: -11.3438
	--> Average Speed: 0.18s per batch
	--> Time from Last Check: 5.82s
--> Batch: 99, Loss: 0.0000, Label: 6, Survival Months: 42.42, Risk: -13.0216
	--> Average Speed: 0.16s per batch
	--> Time from Last Check: 5.25s
--> Batch: 149, Loss: 0.0000, Label: 9, Survival Months: 53.25, Risk: -8.6321
	--> Average Speed: 0.16s per batch
	--> Time from Last Check: 5.14s
--> Batch: 199, Loss: 0.0000, Label: 4, Survival Months: 35.25, Risk: -7.5739
	--> Average Speed: 0.16s per batch
	--> Time from Last Check: 5.27s
--> Batch: 249, Loss: 0.0000, Label: 13, Survival Months: 101.33, Risk: -9.9426
	--> Average Speed: 0.19s per batch
	--> Time from Last Check: 6.11s
--> Batch: 299, Loss: 0.0000, Label: 10, Survival Months: 65.25, Risk: -12.6763
	--> Average Speed: 0.16s per batch
	--> Time from Last Check: 5.03s
--> Batch: 349, Loss: 0.0000, Label: 18, Survival Months: 260.08, Risk: -13.4422
	--> Average Speed: 0.18s per batch
	--> Time from Last Check: 5.71s
--> Batch: 399, Loss: 0.0000, Label: 5, Survival Months: 37.08, Risk: -14.2680
	--> Average Speed: 0.16s per batch
	--> Time from Last Check: 5.26s
--> Batch: 449, Loss: 0.0000, Label: 5, Survival Months: 36.75, Risk: -12.7815
	--> Average Speed: 0.17s per batch
	--> Time from Last Check: 5.30s
--> Batch: 499, Loss: 0.0000, Label: 8, Survival Months: 48.67, Risk: -12.8473
	--> Average Speed: 0.16s per batch
	--> Time from Last Check: 5.14s
--> Batch: 549, Loss: 0.0000, Label: 12, Survival Months: 88.50, Risk: -9.3543
	--> Average Speed: 0.16s per batch
	--> Time from Last Check: 5.28s
[07/02/2025 - 02:31:03] - Epoch: 5, lr: 0.00316406, training_loss: 0.3488, training_c_index: 0.4628
[07/02/2025 - 02:31:12] - Epoch: 5, validation_loss: 0.2375, validation_c_index: 0.3554
--> Score: 0.2780. No improvement in validation_loss or validation_c_index for 4 epoch(s)
--> Current BEST Score: 0.5059
	--> validation_loss: 0.2493
	--> validation_c_index: 0.5529
	--> training_loss: 0.4754
	--> training_c_index: 0.5088
[07/02/2025 - 02:31:12] - Time elapsed for epoch 5: 74s
[07/02/2025 - 02:31:12] - Epoch: 6
--> Batch: 49, Loss: 0.0000, Label: 8, Survival Months: 48.08, Risk: -6.8876
	--> Average Speed: 0.19s per batch
	--> Time from Last Check: 5.93s
--> Batch: 99, Loss: 0.0000, Label: 9, Survival Months: 53.67, Risk: -9.3814
	--> Average Speed: 0.16s per batch
	--> Time from Last Check: 5.07s
--> Batch: 149, Loss: 0.0000, Label: 1, Survival Months: 23.92, Risk: -10.9757
	--> Average Speed: 0.16s per batch
	--> Time from Last Check: 5.22s
--> Batch: 199, Loss: 2.2814, Label: 12, Survival Months: 86.00, Risk: -11.9228
	--> Average Speed: 0.20s per batch
	--> Time from Last Check: 6.33s
--> Batch: 249, Loss: 0.0000, Label: 14, Survival Months: 110.50, Risk: -12.1672
	--> Average Speed: 0.16s per batch
	--> Time from Last Check: 5.04s
--> Batch: 299, Loss: 0.0000, Label: 17, Survival Months: 197.08, Risk: -11.2324
	--> Average Speed: 0.17s per batch
	--> Time from Last Check: 5.30s
--> Batch: 349, Loss: 0.0000, Label: 15, Survival Months: 138.50, Risk: -12.8902
	--> Average Speed: 0.16s per batch
	--> Time from Last Check: 5.21s
--> Batch: 399, Loss: 0.0000, Label: 0, Survival Months: 0.00, Risk: -13.5769
	--> Average Speed: 0.16s per batch
	--> Time from Last Check: 5.04s
--> Batch: 449, Loss: 0.0000, Label: 3, Survival Months: 30.75, Risk: -12.0010
	--> Average Speed: 0.16s per batch
	--> Time from Last Check: 5.07s
--> Batch: 499, Loss: 2.6487, Label: 12, Survival Months: 86.17, Risk: -10.0268
	--> Average Speed: 0.16s per batch
	--> Time from Last Check: 5.15s
--> Batch: 549, Loss: 0.0000, Label: 16, Survival Months: 157.25, Risk: -12.3107
	--> Average Speed: 0.19s per batch
	--> Time from Last Check: 6.13s
[07/02/2025 - 02:32:16] - Epoch: 6, lr: 0.00237305, training_loss: 0.3362, training_c_index: 0.5786
[07/02/2025 - 02:32:25] - Epoch: 6, validation_loss: 0.2353, validation_c_index: 0.4357
--> Score: 0.3407. No improvement in validation_loss or validation_c_index for 5 epoch(s)
--> Current BEST Score: 0.5059
	--> validation_loss: 0.2493
	--> validation_c_index: 0.5529
	--> training_loss: 0.4754
	--> training_c_index: 0.5088
[07/02/2025 - 02:32:25] - Time elapsed for epoch 6: 74s
[07/02/2025 - 02:32:25] - Epoch: 7
--> Batch: 49, Loss: 0.0000, Label: 11, Survival Months: 69.08, Risk: -13.7316
	--> Average Speed: 0.18s per batch
	--> Time from Last Check: 5.88s
--> Batch: 99, Loss: 0.0000, Label: 9, Survival Months: 51.83, Risk: -12.4437
	--> Average Speed: 0.18s per batch
	--> Time from Last Check: 5.65s
--> Batch: 149, Loss: 0.0000, Label: 13, Survival Months: 97.08, Risk: -7.6773
	--> Average Speed: 0.17s per batch
	--> Time from Last Check: 5.38s
--> Batch: 199, Loss: 0.0000, Label: 16, Survival Months: 155.50, Risk: -13.6080
	--> Average Speed: 0.19s per batch
	--> Time from Last Check: 5.93s
--> Batch: 249, Loss: 0.0000, Label: 3, Survival Months: 32.67, Risk: -12.9370
	--> Average Speed: 0.16s per batch
	--> Time from Last Check: 5.20s
--> Batch: 299, Loss: 0.0000, Label: 8, Survival Months: 51.33, Risk: -13.3562
	--> Average Speed: 0.16s per batch
	--> Time from Last Check: 5.22s
--> Batch: 349, Loss: 0.0000, Label: 3, Survival Months: 31.25, Risk: -12.5823
	--> Average Speed: 0.16s per batch
	--> Time from Last Check: 5.19s
--> Batch: 399, Loss: 0.0000, Label: 9, Survival Months: 52.75, Risk: -10.0224
	--> Average Speed: 0.16s per batch
	--> Time from Last Check: 5.18s
--> Batch: 449, Loss: 0.0000, Label: 19, Survival Months: 333.75, Risk: -9.4782
	--> Average Speed: 0.16s per batch
	--> Time from Last Check: 5.23s
--> Batch: 499, Loss: 2.6391, Label: 1, Survival Months: 22.17, Risk: -10.0737
	--> Average Speed: 0.18s per batch
	--> Time from Last Check: 5.84s
--> Batch: 549, Loss: 0.0000, Label: 16, Survival Months: 148.33, Risk: -10.0180
	--> Average Speed: 0.16s per batch
	--> Time from Last Check: 5.26s
[07/02/2025 - 02:33:30] - Epoch: 7, lr: 0.00177979, training_loss: 0.3272, training_c_index: 0.5889
[07/02/2025 - 02:33:40] - Epoch: 7, validation_loss: 0.2581, validation_c_index: 0.5159
--> Score: 0.4536. No improvement in validation_loss or validation_c_index for 6 epoch(s)
--> Current BEST Score: 0.5059
	--> validation_loss: 0.2493
	--> validation_c_index: 0.5529
	--> training_loss: 0.4754
	--> training_c_index: 0.5088
[07/02/2025 - 02:33:40] - Time elapsed for epoch 7: 74s
[07/02/2025 - 02:33:40] - Epoch: 8
--> Batch: 49, Loss: 0.0000, Label: 11, Survival Months: 67.17, Risk: -6.8600
	--> Average Speed: 0.20s per batch
	--> Time from Last Check: 6.48s
--> Batch: 99, Loss: 0.0000, Label: 13, Survival Months: 94.33, Risk: -16.1225
	--> Average Speed: 0.17s per batch
	--> Time from Last Check: 5.30s
--> Batch: 149, Loss: 0.0000, Label: 10, Survival Months: 63.33, Risk: -7.8230
	--> Average Speed: 0.18s per batch
	--> Time from Last Check: 5.61s
--> Batch: 199, Loss: 0.0000, Label: 18, Survival Months: 209.42, Risk: -8.6242
	--> Average Speed: 0.16s per batch
	--> Time from Last Check: 5.28s
--> Batch: 249, Loss: 2.9249, Label: 12, Survival Months: 86.17, Risk: -8.1593
	--> Average Speed: 0.16s per batch
	--> Time from Last Check: 4.97s
--> Batch: 299, Loss: 0.0000, Label: 12, Survival Months: 88.50, Risk: -10.3825
	--> Average Speed: 0.17s per batch
	--> Time from Last Check: 5.30s
--> Batch: 349, Loss: 0.0000, Label: 0, Survival Months: 0.67, Risk: -7.1990
	--> Average Speed: 0.16s per batch
	--> Time from Last Check: 5.18s
--> Batch: 399, Loss: 2.1657, Label: 15, Survival Months: 139.42, Risk: -15.4382
	--> Average Speed: 0.16s per batch
	--> Time from Last Check: 5.24s
--> Batch: 449, Loss: 0.0000, Label: 3, Survival Months: 32.92, Risk: -13.8282
	--> Average Speed: 0.18s per batch
	--> Time from Last Check: 5.72s
--> Batch: 499, Loss: 0.0000, Label: 8, Survival Months: 49.17, Risk: -10.9695
	--> Average Speed: 0.16s per batch
	--> Time from Last Check: 5.22s
--> Batch: 549, Loss: 3.4071, Label: 12, Survival Months: 86.17, Risk: -5.6336
	--> Average Speed: 0.18s per batch
	--> Time from Last Check: 5.62s
[07/02/2025 - 02:34:45] - Epoch: 8, lr: 0.00133484, training_loss: 0.3162, training_c_index: 0.6420
[07/02/2025 - 02:34:54] - Epoch: 8, validation_loss: 0.2710, validation_c_index: 0.4739
--> Score: 0.3627. No improvement in validation_loss or validation_c_index for 7 epoch(s)
--> Current BEST Score: 0.5059
	--> validation_loss: 0.2493
	--> validation_c_index: 0.5529
	--> training_loss: 0.4754
	--> training_c_index: 0.5088
[07/02/2025 - 02:34:54] - Time elapsed for epoch 8: 74s
[07/02/2025 - 02:34:54] - Epoch: 9
--> Batch: 49, Loss: 0.0000, Label: 2, Survival Months: 30.33, Risk: -8.1313
	--> Average Speed: 0.18s per batch
	--> Time from Last Check: 5.75s
--> Batch: 99, Loss: 2.9404, Label: 0, Survival Months: 0.08, Risk: -13.1425
	--> Average Speed: 0.19s per batch
	--> Time from Last Check: 6.02s
--> Batch: 149, Loss: 0.0000, Label: 1, Survival Months: 21.00, Risk: -15.6879
	--> Average Speed: 0.17s per batch
	--> Time from Last Check: 5.33s
--> Batch: 199, Loss: 0.0000, Label: 7, Survival Months: 45.08, Risk: -15.8191
	--> Average Speed: 0.16s per batch
	--> Time from Last Check: 5.23s
--> Batch: 249, Loss: 0.0000, Label: 7, Survival Months: 47.33, Risk: -16.0000
	--> Average Speed: 0.17s per batch
	--> Time from Last Check: 5.31s
--> Batch: 299, Loss: 0.0000, Label: 10, Survival Months: 60.67, Risk: -15.2436
	--> Average Speed: 0.16s per batch
	--> Time from Last Check: 4.98s
--> Batch: 349, Loss: 0.0000, Label: 8, Survival Months: 48.00, Risk: -15.1708
	--> Average Speed: 0.16s per batch
	--> Time from Last Check: 5.17s
--> Batch: 399, Loss: 0.0000, Label: 11, Survival Months: 76.42, Risk: -6.6141
	--> Average Speed: 0.17s per batch
	--> Time from Last Check: 5.30s
--> Batch: 449, Loss: 0.0000, Label: 6, Survival Months: 43.00, Risk: -7.5199
	--> Average Speed: 0.19s per batch
	--> Time from Last Check: 6.16s
--> Batch: 499, Loss: 0.0000, Label: 15, Survival Months: 127.33, Risk: -10.6202
	--> Average Speed: 0.16s per batch
	--> Time from Last Check: 5.22s
--> Batch: 549, Loss: 0.0000, Label: 16, Survival Months: 143.25, Risk: -8.3424
	--> Average Speed: 0.16s per batch
	--> Time from Last Check: 5.15s
[07/02/2025 - 02:35:58] - Epoch: 9, lr: 0.00100113, training_loss: 0.2975, training_c_index: 0.6363
[07/02/2025 - 02:36:08] - Epoch: 9, validation_loss: 0.2787, validation_c_index: 0.4764
--> Score: 0.3686. No improvement in validation_loss or validation_c_index for 8 epoch(s)
--> Current BEST Score: 0.5059
	--> validation_loss: 0.2493
	--> validation_c_index: 0.5529
	--> training_loss: 0.4754
	--> training_c_index: 0.5088
[07/02/2025 - 02:36:08] - Time elapsed for epoch 9: 74s
[07/02/2025 - 02:36:08] - Epoch: 10
--> Batch: 49, Loss: 0.0000, Label: 16, Survival Months: 172.67, Risk: -6.7693
	--> Average Speed: 0.21s per batch
	--> Time from Last Check: 6.70s
--> Batch: 99, Loss: 0.0000, Label: 6, Survival Months: 42.92, Risk: -14.4370
	--> Average Speed: 0.15s per batch
	--> Time from Last Check: 4.95s
--> Batch: 149, Loss: 0.0000, Label: 11, Survival Months: 77.92, Risk: -7.7786
	--> Average Speed: 0.16s per batch
	--> Time from Last Check: 5.20s
--> Batch: 199, Loss: 0.0000, Label: 16, Survival Months: 162.75, Risk: -13.2849
	--> Average Speed: 0.16s per batch
	--> Time from Last Check: 5.23s
--> Batch: 249, Loss: 0.0000, Label: 11, Survival Months: 76.50, Risk: -6.0850
	--> Average Speed: 0.16s per batch
	--> Time from Last Check: 5.18s
--> Batch: 299, Loss: 0.0000, Label: 11, Survival Months: 67.17, Risk: -6.8562
	--> Average Speed: 0.16s per batch
	--> Time from Last Check: 5.13s
--> Batch: 349, Loss: 0.0000, Label: 18, Survival Months: 207.17, Risk: -7.3540
	--> Average Speed: 0.17s per batch
	--> Time from Last Check: 5.47s
--> Batch: 399, Loss: 0.0000, Label: 10, Survival Months: 59.58, Risk: -7.0257
	--> Average Speed: 0.18s per batch
	--> Time from Last Check: 5.77s
--> Batch: 449, Loss: 0.0000, Label: 14, Survival Months: 109.83, Risk: -6.5390
	--> Average Speed: 0.16s per batch
	--> Time from Last Check: 5.16s
--> Batch: 499, Loss: 0.0000, Label: 14, Survival Months: 109.08, Risk: -7.9503
	--> Average Speed: 0.16s per batch
	--> Time from Last Check: 5.13s
--> Batch: 549, Loss: 0.0000, Label: 6, Survival Months: 42.92, Risk: -14.4535
	--> Average Speed: 0.16s per batch
	--> Time from Last Check: 5.25s
[07/02/2025 - 02:37:12] - Epoch: 10, lr: 0.00075085, training_loss: 0.3047, training_c_index: 0.6350
[07/02/2025 - 02:37:21] - Epoch: 10, validation_loss: 0.2799, validation_c_index: 0.4420
--> Score: 0.3176. No improvement in validation_loss or validation_c_index for 9 epoch(s)
--> Current BEST Score: 0.5059
	--> validation_loss: 0.2493
	--> validation_c_index: 0.5529
	--> training_loss: 0.4754
	--> training_c_index: 0.5088
[07/02/2025 - 02:37:21] - Time elapsed for epoch 10: 73s
[07/02/2025 - 02:37:21] - Epoch: 11
--> Batch: 49, Loss: 0.0000, Label: 15, Survival Months: 127.83, Risk: -15.3624
	--> Average Speed: 0.20s per batch
	--> Time from Last Check: 6.32s
--> Batch: 99, Loss: 0.0000, Label: 6, Survival Months: 42.42, Risk: -5.3234
	--> Average Speed: 0.16s per batch
	--> Time from Last Check: 5.20s
--> Batch: 149, Loss: 0.0000, Label: 8, Survival Months: 49.83, Risk: -14.7072
	--> Average Speed: 0.17s per batch
	--> Time from Last Check: 5.43s
--> Batch: 199, Loss: 0.0000, Label: 9, Survival Months: 53.67, Risk: -5.8826
	--> Average Speed: 0.16s per batch
	--> Time from Last Check: 5.10s
--> Batch: 249, Loss: 0.0000, Label: 9, Survival Months: 54.92, Risk: -15.8280
	--> Average Speed: 0.18s per batch
	--> Time from Last Check: 5.63s
--> Batch: 299, Loss: 0.0000, Label: 0, Survival Months: 0.42, Risk: -14.0951
	--> Average Speed: 0.17s per batch
	--> Time from Last Check: 5.33s
--> Batch: 349, Loss: 0.0000, Label: 5, Survival Months: 36.67, Risk: -11.4113
	--> Average Speed: 0.18s per batch
	--> Time from Last Check: 5.89s
--> Batch: 399, Loss: 0.0000, Label: 7, Survival Months: 46.92, Risk: -13.0762
	--> Average Speed: 0.16s per batch
	--> Time from Last Check: 5.08s
--> Batch: 449, Loss: 0.0000, Label: 9, Survival Months: 56.25, Risk: -15.4804
	--> Average Speed: 0.16s per batch
	--> Time from Last Check: 5.19s
--> Batch: 499, Loss: 0.0000, Label: 16, Survival Months: 162.75, Risk: -13.8720
	--> Average Speed: 0.16s per batch
	--> Time from Last Check: 5.10s
--> Batch: 549, Loss: 0.0000, Label: 12, Survival Months: 84.17, Risk: -15.0136
	--> Average Speed: 0.17s per batch
	--> Time from Last Check: 5.31s
[07/02/2025 - 02:38:26] - Epoch: 11, lr: 0.00056314, training_loss: 0.2970, training_c_index: 0.6315
[07/02/2025 - 02:38:36] - Epoch: 11, validation_loss: 0.2836, validation_c_index: 0.4535
--> Score: 0.3362. No improvement in validation_loss or validation_c_index for 10 epoch(s)
--> Current BEST Score: 0.5059
	--> validation_loss: 0.2493
	--> validation_c_index: 0.5529
	--> training_loss: 0.4754
	--> training_c_index: 0.5088
--> Early stopping triggered after 10 epochs without improvement
[07/02/2025 - 02:38:36] - Restoring best model from epoch 1
--> Model discarded due to low validation C-Index.

########### [07/02/2025 - 02:38:36] - Training completed (Fold n°1) ############

########### [07/02/2025 - 02:38:36] - Validation started (Fold n°1) ############
[07/02/2025 - 02:38:46] - Testing, testing_loss: 0.2493, testing_c_index: 0.5529
[07/02/2025 - 02:38:46] - Time elapsed for Validation: 10s

########## [07/02/2025 - 02:38:46] - Validation completed (Fold n°1) ###########

###################### [07/02/2025 - 02:38:46] - Fold n°2 ######################

MODEL: MCAT with Gene Expression & Methylation
--> Trainable parameters of MCAT with Gene Expression & Methylation: 5504470
--> Loss function: CrossEntropySurvivalLoss
--> Optimizer: adamax

############ [07/02/2025 - 02:38:46] - Training started (Fold n°2) #############
[07/02/2025 - 02:38:46] - Epoch: 1
--> Batch: 49, Loss: 0.0000, Label: 5, Survival Months: 38.92, Risk: -2.2859
	--> Average Speed: 0.19s per batch
	--> Time from Last Check: 5.93s
--> Batch: 99, Loss: 0.0000, Label: 1, Survival Months: 21.75, Risk: -3.4255
	--> Average Speed: 0.16s per batch
	--> Time from Last Check: 5.16s
--> Batch: 149, Loss: 0.0000, Label: 9, Survival Months: 56.25, Risk: -14.6332
	--> Average Speed: 0.17s per batch
	--> Time from Last Check: 5.37s
--> Batch: 199, Loss: 0.0000, Label: 5, Survival Months: 38.42, Risk: -4.4463
	--> Average Speed: 0.18s per batch
	--> Time from Last Check: 5.73s
--> Batch: 249, Loss: 0.0000, Label: 3, Survival Months: 33.25, Risk: -16.9116
	--> Average Speed: 0.16s per batch
	--> Time from Last Check: 5.04s
--> Batch: 299, Loss: 3.7906, Label: 13, Survival Months: 97.83, Risk: -13.2457
	--> Average Speed: 0.16s per batch
	--> Time from Last Check: 5.13s
--> Batch: 349, Loss: 0.0000, Label: 1, Survival Months: 21.50, Risk: -12.4462
	--> Average Speed: 0.16s per batch
	--> Time from Last Check: 5.05s
--> Batch: 399, Loss: 0.0000, Label: 0, Survival Months: 5.33, Risk: -15.3973
	--> Average Speed: 0.16s per batch
	--> Time from Last Check: 5.09s
--> Batch: 449, Loss: 0.0000, Label: 15, Survival Months: 127.83, Risk: -10.2671
	--> Average Speed: 0.18s per batch
	--> Time from Last Check: 5.72s
--> Batch: 499, Loss: 0.0000, Label: 7, Survival Months: 46.67, Risk: -6.5450
	--> Average Speed: 0.16s per batch
	--> Time from Last Check: 5.21s
--> Batch: 549, Loss: 5.9437, Label: 19, Survival Months: 305.75, Risk: -5.3720
	--> Average Speed: 0.18s per batch
	--> Time from Last Check: 5.87s
[07/02/2025 - 02:39:50] - Epoch: 1, lr: 0.01000000, training_loss: 0.4474, training_c_index: 0.5524
[07/02/2025 - 02:39:59] - Epoch: 1, validation_loss: 0.2904, validation_c_index: 0.4597
--> New BEST Validation Score: 0.3843, validation_loss: 0.2904, validation_c_index: 0.4597, training_loss: 0.4474, training_c_index: 0.5524
--> Current BEST Score: 0.3843
	--> validation_loss: 0.2904
	--> validation_c_index: 0.4597
	--> training_loss: 0.4474
	--> training_c_index: 0.5524
[07/02/2025 - 02:40:00] - Time elapsed for epoch 1: 74s
[07/02/2025 - 02:40:00] - Epoch: 2
--> Batch: 49, Loss: 0.0000, Label: 19, Survival Months: 273.58, Risk: -14.9297
	--> Average Speed: 0.18s per batch
	--> Time from Last Check: 5.68s
--> Batch: 99, Loss: 0.0000, Label: 13, Survival Months: 94.92, Risk: -15.4322
	--> Average Speed: 0.16s per batch
	--> Time from Last Check: 5.23s
--> Batch: 149, Loss: 0.0000, Label: 13, Survival Months: 93.33, Risk: -6.8508
	--> Average Speed: 0.18s per batch
	--> Time from Last Check: 5.91s
--> Batch: 199, Loss: 0.0000, Label: 5, Survival Months: 39.58, Risk: -13.1878
	--> Average Speed: 0.16s per batch
	--> Time from Last Check: 5.13s
--> Batch: 249, Loss: 0.0000, Label: 18, Survival Months: 257.33, Risk: -15.0164
	--> Average Speed: 0.18s per batch
	--> Time from Last Check: 5.75s
--> Batch: 299, Loss: 0.0000, Label: 13, Survival Months: 96.33, Risk: -8.8102
	--> Average Speed: 0.16s per batch
	--> Time from Last Check: 5.09s
--> Batch: 349, Loss: 0.0000, Label: 4, Survival Months: 34.08, Risk: -6.9925
	--> Average Speed: 0.15s per batch
	--> Time from Last Check: 4.94s
--> Batch: 399, Loss: 0.0000, Label: 19, Survival Months: 309.08, Risk: -11.0167
	--> Average Speed: 0.16s per batch
	--> Time from Last Check: 5.22s
--> Batch: 449, Loss: 0.0000, Label: 8, Survival Months: 49.17, Risk: -6.3984
	--> Average Speed: 0.17s per batch
	--> Time from Last Check: 5.28s
--> Batch: 499, Loss: 0.0000, Label: 4, Survival Months: 34.00, Risk: -12.1199
	--> Average Speed: 0.18s per batch
	--> Time from Last Check: 5.68s
--> Batch: 549, Loss: 0.0000, Label: 0, Survival Months: 2.83, Risk: -9.5124
	--> Average Speed: 0.16s per batch
	--> Time from Last Check: 5.24s
[07/02/2025 - 02:41:04] - Epoch: 2, lr: 0.00750000, training_loss: 0.3612, training_c_index: 0.4681
[07/02/2025 - 02:41:13] - Epoch: 2, validation_loss: 0.2924, validation_c_index: 0.5746
--> New BEST Validation Score: 0.4921, validation_loss: 0.2924, validation_c_index: 0.5746, training_loss: 0.3612, training_c_index: 0.4681
--> Current BEST Score: 0.4921
	--> validation_loss: 0.2924
	--> validation_c_index: 0.5746
	--> training_loss: 0.3612
	--> training_c_index: 0.4681
[07/02/2025 - 02:41:13] - Time elapsed for epoch 2: 74s
[07/02/2025 - 02:41:13] - Epoch: 3
--> Batch: 49, Loss: 0.0000, Label: 1, Survival Months: 22.92, Risk: -13.7613
	--> Average Speed: 0.18s per batch
	--> Time from Last Check: 5.67s
--> Batch: 99, Loss: 2.8262, Label: 11, Survival Months: 73.25, Risk: -10.8587
	--> Average Speed: 0.18s per batch
	--> Time from Last Check: 5.75s
--> Batch: 149, Loss: 0.0000, Label: 15, Survival Months: 137.33, Risk: -14.6352
	--> Average Speed: 0.17s per batch
	--> Time from Last Check: 5.52s
--> Batch: 199, Loss: 0.0000, Label: 13, Survival Months: 100.42, Risk: -13.1455
	--> Average Speed: 0.16s per batch
	--> Time from Last Check: 5.03s
--> Batch: 249, Loss: 0.0000, Label: 1, Survival Months: 18.00, Risk: -12.4321
	--> Average Speed: 0.16s per batch
	--> Time from Last Check: 5.18s
--> Batch: 299, Loss: 0.0000, Label: 13, Survival Months: 91.92, Risk: -10.5706
	--> Average Speed: 0.16s per batch
	--> Time from Last Check: 5.11s
--> Batch: 349, Loss: 3.7293, Label: 2, Survival Months: 29.00, Risk: -13.1047
	--> Average Speed: 0.17s per batch
	--> Time from Last Check: 5.29s
--> Batch: 399, Loss: 0.0000, Label: 16, Survival Months: 156.83, Risk: -8.3538
	--> Average Speed: 0.16s per batch
	--> Time from Last Check: 5.22s
--> Batch: 449, Loss: 0.0000, Label: 8, Survival Months: 50.67, Risk: -11.3328
	--> Average Speed: 0.18s per batch
	--> Time from Last Check: 5.66s
--> Batch: 499, Loss: 0.0000, Label: 17, Survival Months: 203.50, Risk: -8.9174
	--> Average Speed: 0.16s per batch
	--> Time from Last Check: 5.09s
--> Batch: 549, Loss: 0.0000, Label: 13, Survival Months: 101.67, Risk: -11.4071
	--> Average Speed: 0.16s per batch
	--> Time from Last Check: 5.07s
[07/02/2025 - 02:42:17] - Epoch: 3, lr: 0.00562500, training_loss: 0.3532, training_c_index: 0.4217
[07/02/2025 - 02:42:27] - Epoch: 3, validation_loss: 0.2882, validation_c_index: 0.4336
--> Score: 0.3988. No improvement in validation_loss or validation_c_index for 1 epoch(s)
--> Current BEST Score: 0.4921
	--> validation_loss: 0.2924
	--> validation_c_index: 0.5746
	--> training_loss: 0.3612
	--> training_c_index: 0.4681
[07/02/2025 - 02:42:27] - Time elapsed for epoch 3: 73s
[07/02/2025 - 02:42:27] - Epoch: 4
--> Batch: 49, Loss: 0.0000, Label: 10, Survival Months: 62.83, Risk: -11.3542
	--> Average Speed: 0.19s per batch
	--> Time from Last Check: 5.96s
--> Batch: 99, Loss: 0.0000, Label: 0, Survival Months: 7.00, Risk: -11.9430
	--> Average Speed: 0.18s per batch
	--> Time from Last Check: 5.84s
--> Batch: 149, Loss: 0.0000, Label: 2, Survival Months: 28.75, Risk: -13.6295
	--> Average Speed: 0.16s per batch
	--> Time from Last Check: 5.12s
--> Batch: 199, Loss: 0.0000, Label: 5, Survival Months: 39.08, Risk: -8.2480
	--> Average Speed: 0.16s per batch
	--> Time from Last Check: 5.25s
--> Batch: 249, Loss: 0.0000, Label: 9, Survival Months: 56.25, Risk: -12.4729
	--> Average Speed: 0.16s per batch
	--> Time from Last Check: 5.27s
--> Batch: 299, Loss: 0.0000, Label: 3, Survival Months: 32.08, Risk: -12.0624
	--> Average Speed: 0.16s per batch
	--> Time from Last Check: 5.05s
--> Batch: 349, Loss: 0.0000, Label: 18, Survival Months: 210.08, Risk: -11.7730
	--> Average Speed: 0.17s per batch
	--> Time from Last Check: 5.29s
--> Batch: 399, Loss: 0.0000, Label: 15, Survival Months: 140.33, Risk: -10.9090
	--> Average Speed: 0.18s per batch
	--> Time from Last Check: 5.75s
--> Batch: 449, Loss: 0.0000, Label: 6, Survival Months: 42.00, Risk: -13.1413
	--> Average Speed: 0.17s per batch
	--> Time from Last Check: 5.37s
--> Batch: 499, Loss: 0.0000, Label: 18, Survival Months: 251.42, Risk: -13.5705
	--> Average Speed: 0.16s per batch
	--> Time from Last Check: 5.21s
--> Batch: 549, Loss: 0.0000, Label: 19, Survival Months: 273.00, Risk: -8.7611
	--> Average Speed: 0.18s per batch
	--> Time from Last Check: 5.80s
[07/02/2025 - 02:43:32] - Epoch: 4, lr: 0.00421875, training_loss: 0.3416, training_c_index: 0.5279
[07/02/2025 - 02:43:41] - Epoch: 4, validation_loss: 0.2881, validation_c_index: 0.4209
--> Score: 0.3386. No improvement in validation_loss or validation_c_index for 2 epoch(s)
--> Current BEST Score: 0.4921
	--> validation_loss: 0.2924
	--> validation_c_index: 0.5746
	--> training_loss: 0.3612
	--> training_c_index: 0.4681
[07/02/2025 - 02:43:41] - Time elapsed for epoch 4: 74s
[07/02/2025 - 02:43:41] - Epoch: 5
--> Batch: 49, Loss: 0.0000, Label: 9, Survival Months: 53.33, Risk: -10.9994
	--> Average Speed: 0.20s per batch
	--> Time from Last Check: 6.41s
--> Batch: 99, Loss: 0.0000, Label: 18, Survival Months: 251.83, Risk: -9.7731
	--> Average Speed: 0.17s per batch
	--> Time from Last Check: 5.31s
--> Batch: 149, Loss: 0.0000, Label: 8, Survival Months: 51.67, Risk: -8.6685
	--> Average Speed: 0.16s per batch
	--> Time from Last Check: 5.17s
--> Batch: 199, Loss: 0.0000, Label: 3, Survival Months: 33.33, Risk: -12.6285
	--> Average Speed: 0.16s per batch
	--> Time from Last Check: 5.09s
--> Batch: 249, Loss: 2.2712, Label: 15, Survival Months: 140.67, Risk: -13.7385
	--> Average Speed: 0.16s per batch
	--> Time from Last Check: 5.20s
--> Batch: 299, Loss: 0.0000, Label: 18, Survival Months: 226.50, Risk: -10.9914
	--> Average Speed: 0.16s per batch
	--> Time from Last Check: 5.10s
--> Batch: 349, Loss: 0.0000, Label: 10, Survival Months: 59.50, Risk: -7.3155
	--> Average Speed: 0.17s per batch
	--> Time from Last Check: 5.31s
--> Batch: 399, Loss: 0.0000, Label: 1, Survival Months: 21.75, Risk: -14.0138
	--> Average Speed: 0.19s per batch
	--> Time from Last Check: 6.20s
--> Batch: 449, Loss: 0.0000, Label: 7, Survival Months: 47.08, Risk: -13.9943
	--> Average Speed: 0.17s per batch
	--> Time from Last Check: 5.39s
--> Batch: 499, Loss: 0.0000, Label: 1, Survival Months: 20.83, Risk: -13.9721
	--> Average Speed: 0.16s per batch
	--> Time from Last Check: 5.05s
--> Batch: 549, Loss: 0.0000, Label: 3, Survival Months: 31.08, Risk: -12.9411
	--> Average Speed: 0.17s per batch
	--> Time from Last Check: 5.28s
[07/02/2025 - 02:44:45] - Epoch: 5, lr: 0.00316406, training_loss: 0.3392, training_c_index: 0.5134
[07/02/2025 - 02:44:55] - Epoch: 5, validation_loss: 0.2904, validation_c_index: 0.4381
--> Score: 0.3714. No improvement in validation_loss or validation_c_index for 3 epoch(s)
--> Current BEST Score: 0.4921
	--> validation_loss: 0.2924
	--> validation_c_index: 0.5746
	--> training_loss: 0.3612
	--> training_c_index: 0.4681
[07/02/2025 - 02:44:55] - Time elapsed for epoch 5: 74s
[07/02/2025 - 02:44:55] - Epoch: 6
--> Batch: 49, Loss: 0.0000, Label: 0, Survival Months: 0.00, Risk: -8.8120
	--> Average Speed: 0.18s per batch
	--> Time from Last Check: 5.86s
--> Batch: 99, Loss: 0.0000, Label: 5, Survival Months: 36.67, Risk: -10.1407
	--> Average Speed: 0.19s per batch
	--> Time from Last Check: 6.17s
--> Batch: 149, Loss: 0.0000, Label: 17, Survival Months: 182.75, Risk: -12.7205
	--> Average Speed: 0.16s per batch
	--> Time from Last Check: 5.15s
--> Batch: 199, Loss: 0.0000, Label: 14, Survival Months: 121.92, Risk: -11.7497
	--> Average Speed: 0.16s per batch
	--> Time from Last Check: 5.01s
--> Batch: 249, Loss: 0.0000, Label: 19, Survival Months: 280.08, Risk: -10.1102
	--> Average Speed: 0.18s per batch
	--> Time from Last Check: 5.74s
--> Batch: 299, Loss: 0.0000, Label: 3, Survival Months: 30.92, Risk: -10.4163
	--> Average Speed: 0.16s per batch
	--> Time from Last Check: 5.21s
--> Batch: 349, Loss: 0.0000, Label: 9, Survival Months: 55.00, Risk: -12.4417
	--> Average Speed: 0.18s per batch
	--> Time from Last Check: 5.86s
--> Batch: 399, Loss: 0.0000, Label: 14, Survival Months: 117.42, Risk: -14.1855
	--> Average Speed: 0.16s per batch
	--> Time from Last Check: 5.22s
--> Batch: 449, Loss: 0.0000, Label: 6, Survival Months: 39.83, Risk: -6.3585
	--> Average Speed: 0.17s per batch
	--> Time from Last Check: 5.37s
--> Batch: 499, Loss: 2.4038, Label: 19, Survival Months: 288.50, Risk: -12.2544
	--> Average Speed: 0.17s per batch
	--> Time from Last Check: 5.39s
--> Batch: 549, Loss: 0.0000, Label: 5, Survival Months: 38.42, Risk: -8.8367
	--> Average Speed: 0.17s per batch
	--> Time from Last Check: 5.39s
[07/02/2025 - 02:46:00] - Epoch: 6, lr: 0.00237305, training_loss: 0.3331, training_c_index: 0.4567
[07/02/2025 - 02:46:10] - Epoch: 6, validation_loss: 0.2868, validation_c_index: 0.4537
--> Score: 0.4236. No improvement in validation_loss or validation_c_index for 4 epoch(s)
--> Current BEST Score: 0.4921
	--> validation_loss: 0.2924
	--> validation_c_index: 0.5746
	--> training_loss: 0.3612
	--> training_c_index: 0.4681
[07/02/2025 - 02:46:10] - Time elapsed for epoch 6: 75s
[07/02/2025 - 02:46:10] - Epoch: 7
--> Batch: 49, Loss: 0.0000, Label: 13, Survival Months: 102.00, Risk: -8.6175
	--> Average Speed: 0.19s per batch
	--> Time from Last Check: 6.01s
--> Batch: 99, Loss: 0.0000, Label: 4, Survival Months: 35.83, Risk: -12.1655
	--> Average Speed: 0.16s per batch
	--> Time from Last Check: 5.26s
--> Batch: 149, Loss: 0.0000, Label: 5, Survival Months: 38.92, Risk: -14.6542
	--> Average Speed: 0.18s per batch
	--> Time from Last Check: 5.69s
--> Batch: 199, Loss: 3.4000, Label: 16, Survival Months: 148.42, Risk: -8.1226
	--> Average Speed: 0.16s per batch
	--> Time from Last Check: 5.22s
--> Batch: 249, Loss: 0.0000, Label: 6, Survival Months: 43.17, Risk: -11.3118
	--> Average Speed: 0.16s per batch
	--> Time from Last Check: 5.20s
--> Batch: 299, Loss: 0.0000, Label: 5, Survival Months: 36.75, Risk: -15.0913
	--> Average Speed: 0.20s per batch
	--> Time from Last Check: 6.39s
--> Batch: 349, Loss: 0.0000, Label: 13, Survival Months: 93.33, Risk: -10.8674
	--> Average Speed: 0.16s per batch
	--> Time from Last Check: 5.20s
--> Batch: 399, Loss: 0.0000, Label: 8, Survival Months: 51.00, Risk: -13.3657
	--> Average Speed: 0.16s per batch
	--> Time from Last Check: 5.17s
--> Batch: 449, Loss: 0.0000, Label: 4, Survival Months: 34.67, Risk: -9.5412
	--> Average Speed: 0.16s per batch
	--> Time from Last Check: 5.08s
--> Batch: 499, Loss: 0.0000, Label: 6, Survival Months: 40.00, Risk: -11.0484
	--> Average Speed: 0.16s per batch
	--> Time from Last Check: 5.23s
--> Batch: 549, Loss: 0.0000, Label: 4, Survival Months: 35.17, Risk: -11.1889
	--> Average Speed: 0.16s per batch
	--> Time from Last Check: 5.17s
[07/02/2025 - 02:47:15] - Epoch: 7, lr: 0.00177979, training_loss: 0.3266, training_c_index: 0.5274
[07/02/2025 - 02:47:24] - Epoch: 7, validation_loss: 0.2880, validation_c_index: 0.4478
--> Score: 0.3791. No improvement in validation_loss or validation_c_index for 5 epoch(s)
--> Current BEST Score: 0.4921
	--> validation_loss: 0.2924
	--> validation_c_index: 0.5746
	--> training_loss: 0.3612
	--> training_c_index: 0.4681
[07/02/2025 - 02:47:24] - Time elapsed for epoch 7: 74s
[07/02/2025 - 02:47:24] - Epoch: 8
--> Batch: 49, Loss: 0.0000, Label: 1, Survival Months: 14.17, Risk: -10.2353
	--> Average Speed: 0.20s per batch
	--> Time from Last Check: 6.51s
--> Batch: 99, Loss: 2.4705, Label: 7, Survival Months: 47.58, Risk: -9.7332
	--> Average Speed: 0.16s per batch
	--> Time from Last Check: 5.22s
--> Batch: 149, Loss: 0.0000, Label: 13, Survival Months: 93.25, Risk: -9.4088
	--> Average Speed: 0.17s per batch
	--> Time from Last Check: 5.40s
--> Batch: 199, Loss: 0.0000, Label: 3, Survival Months: 31.33, Risk: -12.2861
	--> Average Speed: 0.16s per batch
	--> Time from Last Check: 5.26s
--> Batch: 249, Loss: 0.0000, Label: 8, Survival Months: 51.33, Risk: -8.1491
	--> Average Speed: 0.18s per batch
	--> Time from Last Check: 5.66s
--> Batch: 299, Loss: 0.0000, Label: 7, Survival Months: 44.33, Risk: -13.5248
	--> Average Speed: 0.16s per batch
	--> Time from Last Check: 5.21s
--> Batch: 349, Loss: 0.0000, Label: 17, Survival Months: 173.50, Risk: -13.3398
	--> Average Speed: 0.16s per batch
	--> Time from Last Check: 5.16s
--> Batch: 399, Loss: 2.2997, Label: 1, Survival Months: 18.92, Risk: -9.2975
	--> Average Speed: 0.16s per batch
	--> Time from Last Check: 5.27s
--> Batch: 449, Loss: 0.0000, Label: 5, Survival Months: 37.08, Risk: -13.9648
	--> Average Speed: 0.17s per batch
	--> Time from Last Check: 5.32s
--> Batch: 499, Loss: 4.0596, Label: 12, Survival Months: 79.92, Risk: -8.7670
	--> Average Speed: 0.17s per batch
	--> Time from Last Check: 5.36s
--> Batch: 549, Loss: 0.0000, Label: 7, Survival Months: 43.50, Risk: -13.6058
	--> Average Speed: 0.19s per batch
	--> Time from Last Check: 5.97s
[07/02/2025 - 02:48:30] - Epoch: 8, lr: 0.00133484, training_loss: 0.3336, training_c_index: 0.5173
[07/02/2025 - 02:48:39] - Epoch: 8, validation_loss: 0.2897, validation_c_index: 0.4493
--> Score: 0.3862. No improvement in validation_loss or validation_c_index for 6 epoch(s)
--> Current BEST Score: 0.4921
	--> validation_loss: 0.2924
	--> validation_c_index: 0.5746
	--> training_loss: 0.3612
	--> training_c_index: 0.4681
[07/02/2025 - 02:48:39] - Time elapsed for epoch 8: 75s
[07/02/2025 - 02:48:39] - Epoch: 9
--> Batch: 49, Loss: 0.0000, Label: 15, Survival Months: 140.25, Risk: -10.5670
	--> Average Speed: 0.18s per batch
	--> Time from Last Check: 5.92s
--> Batch: 99, Loss: 0.0000, Label: 5, Survival Months: 37.25, Risk: -10.4354
	--> Average Speed: 0.16s per batch
	--> Time from Last Check: 5.11s
--> Batch: 149, Loss: 0.0000, Label: 2, Survival Months: 27.17, Risk: -9.7392
	--> Average Speed: 0.17s per batch
	--> Time from Last Check: 5.50s
--> Batch: 199, Loss: 0.0000, Label: 4, Survival Months: 35.00, Risk: -7.3481
	--> Average Speed: 0.17s per batch
	--> Time from Last Check: 5.58s
--> Batch: 249, Loss: 0.0000, Label: 0, Survival Months: 0.67, Risk: -13.0229
	--> Average Speed: 0.16s per batch
	--> Time from Last Check: 5.19s
--> Batch: 299, Loss: 3.0057, Label: 18, Survival Months: 237.83, Risk: -8.8440
	--> Average Speed: 0.16s per batch
	--> Time from Last Check: 5.19s
--> Batch: 349, Loss: 0.0000, Label: 6, Survival Months: 41.33, Risk: -10.6925
	--> Average Speed: 0.16s per batch
	--> Time from Last Check: 5.12s
--> Batch: 399, Loss: 0.0000, Label: 19, Survival Months: 280.08, Risk: -12.9325
	--> Average Speed: 0.16s per batch
	--> Time from Last Check: 5.17s
--> Batch: 449, Loss: 2.3166, Label: 7, Survival Months: 44.83, Risk: -11.1343
	--> Average Speed: 0.18s per batch
	--> Time from Last Check: 5.72s
--> Batch: 499, Loss: 2.7758, Label: 8, Survival Months: 51.33, Risk: -11.3190
	--> Average Speed: 0.20s per batch
	--> Time from Last Check: 6.26s
--> Batch: 549, Loss: 0.0000, Label: 13, Survival Months: 97.25, Risk: -11.9190
	--> Average Speed: 0.16s per batch
	--> Time from Last Check: 5.20s
[07/02/2025 - 02:49:44] - Epoch: 9, lr: 0.00100113, training_loss: 0.3347, training_c_index: 0.4945
[07/02/2025 - 02:49:53] - Epoch: 9, validation_loss: 0.2913, validation_c_index: 0.4418
--> Score: 0.3863. No improvement in validation_loss or validation_c_index for 7 epoch(s)
--> Current BEST Score: 0.4921
	--> validation_loss: 0.2924
	--> validation_c_index: 0.5746
	--> training_loss: 0.3612
	--> training_c_index: 0.4681
[07/02/2025 - 02:49:53] - Time elapsed for epoch 9: 74s
[07/02/2025 - 02:49:53] - Epoch: 10
--> Batch: 49, Loss: 0.0000, Label: 1, Survival Months: 24.42, Risk: -13.8848
	--> Average Speed: 0.19s per batch
	--> Time from Last Check: 5.97s
--> Batch: 99, Loss: 0.0000, Label: 19, Survival Months: 329.75, Risk: -10.9414
	--> Average Speed: 0.16s per batch
	--> Time from Last Check: 5.14s
--> Batch: 149, Loss: 0.0000, Label: 7, Survival Months: 47.08, Risk: -13.6604
	--> Average Speed: 0.18s per batch
	--> Time from Last Check: 5.84s
--> Batch: 199, Loss: 0.0000, Label: 17, Survival Months: 201.67, Risk: -11.4942
	--> Average Speed: 0.16s per batch
	--> Time from Last Check: 5.05s
--> Batch: 249, Loss: 0.0000, Label: 8, Survival Months: 51.17, Risk: -13.5116
	--> Average Speed: 0.17s per batch
	--> Time from Last Check: 5.28s
--> Batch: 299, Loss: 0.0000, Label: 14, Survival Months: 108.50, Risk: -10.7378
	--> Average Speed: 0.16s per batch
	--> Time from Last Check: 5.10s
--> Batch: 349, Loss: 0.0000, Label: 8, Survival Months: 47.83, Risk: -11.9334
	--> Average Speed: 0.17s per batch
	--> Time from Last Check: 5.58s
--> Batch: 399, Loss: 0.0000, Label: 3, Survival Months: 32.58, Risk: -11.5419
	--> Average Speed: 0.16s per batch
	--> Time from Last Check: 5.28s
--> Batch: 449, Loss: 0.0000, Label: 7, Survival Months: 43.50, Risk: -10.3067
	--> Average Speed: 0.18s per batch
	--> Time from Last Check: 5.89s
--> Batch: 499, Loss: 0.0000, Label: 13, Survival Months: 96.83, Risk: -11.9588
	--> Average Speed: 0.16s per batch
	--> Time from Last Check: 5.10s
--> Batch: 549, Loss: 0.0000, Label: 12, Survival Months: 83.00, Risk: -11.6371
	--> Average Speed: 0.16s per batch
	--> Time from Last Check: 5.14s
[07/02/2025 - 02:50:57] - Epoch: 10, lr: 0.00075085, training_loss: 0.3186, training_c_index: 0.5745
[07/02/2025 - 02:51:07] - Epoch: 10, validation_loss: 0.2910, validation_c_index: 0.4313
--> Score: 0.3307. No improvement in validation_loss or validation_c_index for 8 epoch(s)
--> Current BEST Score: 0.4921
	--> validation_loss: 0.2924
	--> validation_c_index: 0.5746
	--> training_loss: 0.3612
	--> training_c_index: 0.4681
[07/02/2025 - 02:51:07] - Time elapsed for epoch 10: 74s
[07/02/2025 - 02:51:07] - Epoch: 11
--> Batch: 49, Loss: 0.0000, Label: 0, Survival Months: 0.42, Risk: -10.3564
	--> Average Speed: 0.20s per batch
	--> Time from Last Check: 6.35s
--> Batch: 99, Loss: 0.0000, Label: 3, Survival Months: 33.25, Risk: -11.8855
	--> Average Speed: 0.20s per batch
	--> Time from Last Check: 6.51s
--> Batch: 149, Loss: 0.0000, Label: 1, Survival Months: 15.58, Risk: -6.7168
	--> Average Speed: 0.16s per batch
	--> Time from Last Check: 5.17s
--> Batch: 199, Loss: 0.0000, Label: 8, Survival Months: 50.92, Risk: -13.6513
	--> Average Speed: 0.18s per batch
	--> Time from Last Check: 5.60s
--> Batch: 249, Loss: 0.0000, Label: 0, Survival Months: 0.00, Risk: -9.2973
	--> Average Speed: 0.16s per batch
	--> Time from Last Check: 5.23s
--> Batch: 299, Loss: 0.0000, Label: 13, Survival Months: 96.33, Risk: -11.2846
	--> Average Speed: 0.16s per batch
	--> Time from Last Check: 5.21s
--> Batch: 349, Loss: 0.0000, Label: 1, Survival Months: 21.50, Risk: -9.8638
	--> Average Speed: 0.16s per batch
	--> Time from Last Check: 5.09s
--> Batch: 399, Loss: 0.0000, Label: 14, Survival Months: 114.50, Risk: -12.9162
	--> Average Speed: 0.16s per batch
	--> Time from Last Check: 5.01s
--> Batch: 449, Loss: 2.8043, Label: 15, Survival Months: 125.67, Risk: -9.8450
	--> Average Speed: 0.18s per batch
	--> Time from Last Check: 5.67s
--> Batch: 499, Loss: 0.0000, Label: 16, Survival Months: 169.42, Risk: -11.9564
	--> Average Speed: 0.16s per batch
	--> Time from Last Check: 5.09s
--> Batch: 549, Loss: 0.0000, Label: 11, Survival Months: 75.92, Risk: -12.0244
	--> Average Speed: 0.16s per batch
	--> Time from Last Check: 5.22s
[07/02/2025 - 02:52:12] - Epoch: 11, lr: 0.00056314, training_loss: 0.3315, training_c_index: 0.4921
[07/02/2025 - 02:52:21] - Epoch: 11, validation_loss: 0.2900, validation_c_index: 0.4134
--> Score: 0.3451. No improvement in validation_loss or validation_c_index for 9 epoch(s)
--> Current BEST Score: 0.4921
	--> validation_loss: 0.2924
	--> validation_c_index: 0.5746
	--> training_loss: 0.3612
	--> training_c_index: 0.4681
[07/02/2025 - 02:52:21] - Time elapsed for epoch 11: 74s
[07/02/2025 - 02:52:21] - Epoch: 12
--> Batch: 49, Loss: 0.0000, Label: 6, Survival Months: 41.33, Risk: -13.5079
	--> Average Speed: 0.21s per batch
	--> Time from Last Check: 6.66s
--> Batch: 99, Loss: 0.0000, Label: 19, Survival Months: 328.42, Risk: -10.2608
	--> Average Speed: 0.17s per batch
	--> Time from Last Check: 5.55s
--> Batch: 149, Loss: 0.0000, Label: 17, Survival Months: 182.58, Risk: -10.0747
	--> Average Speed: 0.16s per batch
	--> Time from Last Check: 5.07s
--> Batch: 199, Loss: 0.0000, Label: 8, Survival Months: 48.00, Risk: -10.8789
	--> Average Speed: 0.16s per batch
	--> Time from Last Check: 5.24s
--> Batch: 249, Loss: 0.0000, Label: 5, Survival Months: 37.25, Risk: -12.3273
	--> Average Speed: 0.16s per batch
	--> Time from Last Check: 5.25s
--> Batch: 299, Loss: 0.0000, Label: 8, Survival Months: 51.00, Risk: -8.4331
	--> Average Speed: 0.16s per batch
	--> Time from Last Check: 5.21s
--> Batch: 349, Loss: 0.0000, Label: 8, Survival Months: 49.17, Risk: -10.1163
	--> Average Speed: 0.16s per batch
	--> Time from Last Check: 5.11s
--> Batch: 399, Loss: 0.0000, Label: 9, Survival Months: 53.75, Risk: -9.2960
	--> Average Speed: 0.18s per batch
	--> Time from Last Check: 5.74s
--> Batch: 449, Loss: 2.1636, Label: 18, Survival Months: 237.83, Risk: -13.2028
	--> Average Speed: 0.16s per batch
	--> Time from Last Check: 5.16s
--> Batch: 499, Loss: 0.0000, Label: 6, Survival Months: 42.42, Risk: -11.9008
	--> Average Speed: 0.16s per batch
	--> Time from Last Check: 5.13s
--> Batch: 549, Loss: 2.8350, Label: 18, Survival Months: 247.08, Risk: -10.7118
	--> Average Speed: 0.17s per batch
	--> Time from Last Check: 5.38s
[07/02/2025 - 02:53:26] - Epoch: 12, lr: 0.00042235, training_loss: 0.3307, training_c_index: 0.4813
[07/02/2025 - 02:53:35] - Epoch: 12, validation_loss: 0.2900, validation_c_index: 0.3851
--> Score: 0.3079. No improvement in validation_loss or validation_c_index for 10 epoch(s)
--> Current BEST Score: 0.4921
	--> validation_loss: 0.2924
	--> validation_c_index: 0.5746
	--> training_loss: 0.3612
	--> training_c_index: 0.4681
--> Early stopping triggered after 10 epochs without improvement
[07/02/2025 - 02:53:36] - Restoring best model from epoch 2
--> Model discarded due to low validation C-Index.

########### [07/02/2025 - 02:53:36] - Training completed (Fold n°2) ############

########### [07/02/2025 - 02:53:36] - Validation started (Fold n°2) ############
[07/02/2025 - 02:53:46] - Testing, testing_loss: 0.2924, testing_c_index: 0.5746
[07/02/2025 - 02:53:46] - Time elapsed for Validation: 10s

########## [07/02/2025 - 02:53:46] - Validation completed (Fold n°2) ###########

###################### [07/02/2025 - 02:53:46] - Fold n°3 ######################

MODEL: MCAT with Gene Expression & Methylation
--> Trainable parameters of MCAT with Gene Expression & Methylation: 5504470
--> Loss function: CrossEntropySurvivalLoss
--> Optimizer: adamax

############ [07/02/2025 - 02:53:46] - Training started (Fold n°3) #############
[07/02/2025 - 02:53:46] - Epoch: 1
--> Batch: 49, Loss: 0.0000, Label: 14, Survival Months: 109.00, Risk: -10.5782
	--> Average Speed: 0.18s per batch
	--> Time from Last Check: 5.87s
--> Batch: 99, Loss: 0.0000, Label: 2, Survival Months: 26.67, Risk: -14.3212
	--> Average Speed: 0.16s per batch
	--> Time from Last Check: 5.11s
--> Batch: 149, Loss: 0.0000, Label: 16, Survival Months: 156.75, Risk: -10.3461
	--> Average Speed: 0.16s per batch
	--> Time from Last Check: 5.18s
--> Batch: 199, Loss: 0.0000, Label: 2, Survival Months: 26.83, Risk: -6.5097
	--> Average Speed: 0.17s per batch
	--> Time from Last Check: 5.33s
--> Batch: 249, Loss: 0.0000, Label: 4, Survival Months: 35.92, Risk: -8.9352
	--> Average Speed: 0.18s per batch
	--> Time from Last Check: 5.91s
--> Batch: 299, Loss: 0.0000, Label: 18, Survival Months: 216.33, Risk: -6.8205
	--> Average Speed: 0.16s per batch
	--> Time from Last Check: 5.19s
--> Batch: 349, Loss: 0.0000, Label: 10, Survival Months: 60.58, Risk: -11.8364
	--> Average Speed: 0.18s per batch
	--> Time from Last Check: 5.60s
--> Batch: 399, Loss: 0.0000, Label: 18, Survival Months: 215.83, Risk: -9.0632
	--> Average Speed: 0.16s per batch
	--> Time from Last Check: 5.12s
--> Batch: 449, Loss: 0.0000, Label: 9, Survival Months: 55.33, Risk: -3.8433
	--> Average Speed: 0.16s per batch
	--> Time from Last Check: 5.21s
--> Batch: 499, Loss: 4.2086, Label: 18, Survival Months: 237.83, Risk: -5.7561
	--> Average Speed: 0.16s per batch
	--> Time from Last Check: 5.15s
--> Batch: 549, Loss: 0.0000, Label: 15, Survival Months: 123.08, Risk: -11.8342
	--> Average Speed: 0.17s per batch
	--> Time from Last Check: 5.37s
[07/02/2025 - 02:54:51] - Epoch: 1, lr: 0.01000000, training_loss: 0.4606, training_c_index: 0.4668
[07/02/2025 - 02:55:00] - Epoch: 1, validation_loss: 0.3483, validation_c_index: 0.4126
--> New BEST Validation Score: 0.3506, validation_loss: 0.3483, validation_c_index: 0.4126, training_loss: 0.4606, training_c_index: 0.4668
--> Current BEST Score: 0.3506
	--> validation_loss: 0.3483
	--> validation_c_index: 0.4126
	--> training_loss: 0.4606
	--> training_c_index: 0.4668
[07/02/2025 - 02:55:00] - Time elapsed for epoch 1: 74s
[07/02/2025 - 02:55:00] - Epoch: 2
--> Batch: 49, Loss: 0.0000, Label: 5, Survival Months: 38.58, Risk: -12.7049
	--> Average Speed: 0.18s per batch
	--> Time from Last Check: 5.80s
--> Batch: 99, Loss: 0.0000, Label: 4, Survival Months: 36.25, Risk: -7.7153
	--> Average Speed: 0.16s per batch
	--> Time from Last Check: 4.99s
--> Batch: 149, Loss: 0.0000, Label: 8, Survival Months: 51.33, Risk: -10.5463
	--> Average Speed: 0.16s per batch
	--> Time from Last Check: 5.27s
--> Batch: 199, Loss: 0.0000, Label: 12, Survival Months: 86.92, Risk: -6.3941
	--> Average Speed: 0.19s per batch
	--> Time from Last Check: 6.17s
--> Batch: 249, Loss: 0.0000, Label: 9, Survival Months: 51.83, Risk: -7.2585
	--> Average Speed: 0.16s per batch
	--> Time from Last Check: 5.07s
--> Batch: 299, Loss: 0.0000, Label: 11, Survival Months: 72.25, Risk: -13.8036
	--> Average Speed: 0.16s per batch
	--> Time from Last Check: 5.07s
--> Batch: 349, Loss: 0.0000, Label: 10, Survival Months: 66.00, Risk: -15.4437
	--> Average Speed: 0.16s per batch
	--> Time from Last Check: 5.24s
--> Batch: 399, Loss: 0.0000, Label: 8, Survival Months: 49.83, Risk: -14.0123
	--> Average Speed: 0.16s per batch
	--> Time from Last Check: 5.22s
--> Batch: 449, Loss: 0.0000, Label: 6, Survival Months: 40.17, Risk: -13.9659
	--> Average Speed: 0.17s per batch
	--> Time from Last Check: 5.31s
--> Batch: 499, Loss: 0.0000, Label: 8, Survival Months: 50.92, Risk: -13.4689
	--> Average Speed: 0.16s per batch
	--> Time from Last Check: 5.07s
--> Batch: 549, Loss: 0.0000, Label: 14, Survival Months: 107.33, Risk: -12.0847
	--> Average Speed: 0.18s per batch
	--> Time from Last Check: 5.74s
[07/02/2025 - 02:56:04] - Epoch: 2, lr: 0.00750000, training_loss: 0.3543, training_c_index: 0.5360
[07/02/2025 - 02:56:13] - Epoch: 2, validation_loss: 0.3421, validation_c_index: 0.4767
--> New BEST Validation Score: 0.4129, validation_loss: 0.3421, validation_c_index: 0.4767, training_loss: 0.3543, training_c_index: 0.5360
--> Current BEST Score: 0.4129
	--> validation_loss: 0.3421
	--> validation_c_index: 0.4767
	--> training_loss: 0.3543
	--> training_c_index: 0.5360
[07/02/2025 - 02:56:14] - Time elapsed for epoch 2: 74s
[07/02/2025 - 02:56:14] - Epoch: 3
--> Batch: 49, Loss: 0.0000, Label: 15, Survival Months: 135.00, Risk: -11.2913
	--> Average Speed: 0.21s per batch
	--> Time from Last Check: 6.59s
--> Batch: 99, Loss: 0.0000, Label: 2, Survival Months: 29.33, Risk: -14.2083
	--> Average Speed: 0.16s per batch
	--> Time from Last Check: 5.07s
--> Batch: 149, Loss: 0.0000, Label: 2, Survival Months: 28.75, Risk: -10.7095
	--> Average Speed: 0.17s per batch
	--> Time from Last Check: 5.50s
--> Batch: 199, Loss: 0.0000, Label: 2, Survival Months: 30.00, Risk: -14.3087
	--> Average Speed: 0.19s per batch
	--> Time from Last Check: 6.02s
--> Batch: 249, Loss: 0.0000, Label: 8, Survival Months: 49.67, Risk: -9.2193
	--> Average Speed: 0.16s per batch
	--> Time from Last Check: 5.25s
--> Batch: 299, Loss: 0.0000, Label: 16, Survival Months: 157.25, Risk: -10.0789
	--> Average Speed: 0.16s per batch
	--> Time from Last Check: 5.09s
--> Batch: 349, Loss: 0.0000, Label: 17, Survival Months: 187.92, Risk: -11.2225
	--> Average Speed: 0.16s per batch
	--> Time from Last Check: 5.22s
--> Batch: 399, Loss: 0.0000, Label: 4, Survival Months: 36.50, Risk: -12.2322
	--> Average Speed: 0.16s per batch
	--> Time from Last Check: 5.20s
--> Batch: 449, Loss: 0.0000, Label: 12, Survival Months: 81.25, Risk: -13.0948
	--> Average Speed: 0.16s per batch
	--> Time from Last Check: 5.23s
--> Batch: 499, Loss: 0.0000, Label: 11, Survival Months: 75.58, Risk: -11.8773
	--> Average Speed: 0.19s per batch
	--> Time from Last Check: 5.95s
--> Batch: 549, Loss: 0.0000, Label: 18, Survival Months: 215.83, Risk: -9.9526
	--> Average Speed: 0.16s per batch
	--> Time from Last Check: 5.22s
[07/02/2025 - 02:57:19] - Epoch: 3, lr: 0.00562500, training_loss: 0.3237, training_c_index: 0.4846
[07/02/2025 - 02:57:29] - Epoch: 3, validation_loss: 0.3415, validation_c_index: 0.4252
--> Score: 0.3613. No improvement in validation_loss or validation_c_index for 1 epoch(s)
--> Current BEST Score: 0.4129
	--> validation_loss: 0.3421
	--> validation_c_index: 0.4767
	--> training_loss: 0.3543
	--> training_c_index: 0.5360
[07/02/2025 - 02:57:29] - Time elapsed for epoch 3: 75s
[07/02/2025 - 02:57:29] - Epoch: 4
--> Batch: 49, Loss: 0.0000, Label: 12, Survival Months: 81.25, Risk: -8.8712
	--> Average Speed: 0.19s per batch
	--> Time from Last Check: 6.07s
--> Batch: 99, Loss: 0.0000, Label: 11, Survival Months: 66.50, Risk: -8.0859
	--> Average Speed: 0.17s per batch
	--> Time from Last Check: 5.37s
--> Batch: 149, Loss: 4.0316, Label: 13, Survival Months: 92.00, Risk: -4.8422
	--> Average Speed: 0.21s per batch
	--> Time from Last Check: 6.58s
--> Batch: 199, Loss: 3.6575, Label: 19, Survival Months: 288.42, Risk: -10.7823
	--> Average Speed: 0.16s per batch
	--> Time from Last Check: 5.18s
--> Batch: 249, Loss: 0.0000, Label: 6, Survival Months: 41.58, Risk: -10.4534
	--> Average Speed: 0.16s per batch
	--> Time from Last Check: 5.21s
--> Batch: 299, Loss: 0.0000, Label: 5, Survival Months: 39.33, Risk: -10.9700
	--> Average Speed: 0.16s per batch
	--> Time from Last Check: 5.25s
--> Batch: 349, Loss: 0.0000, Label: 5, Survival Months: 39.42, Risk: -8.3667
	--> Average Speed: 0.16s per batch
	--> Time from Last Check: 5.19s
--> Batch: 399, Loss: 0.0000, Label: 12, Survival Months: 82.00, Risk: -15.1974
	--> Average Speed: 0.16s per batch
	--> Time from Last Check: 5.23s
--> Batch: 449, Loss: 0.0000, Label: 17, Survival Months: 197.67, Risk: -11.4924
	--> Average Speed: 0.16s per batch
	--> Time from Last Check: 5.11s
--> Batch: 499, Loss: 2.6144, Label: 7, Survival Months: 44.83, Risk: -12.3537
	--> Average Speed: 0.18s per batch
	--> Time from Last Check: 5.74s
--> Batch: 549, Loss: 0.0000, Label: 18, Survival Months: 233.00, Risk: -9.6968
	--> Average Speed: 0.18s per batch
	--> Time from Last Check: 5.75s
[07/02/2025 - 02:58:34] - Epoch: 4, lr: 0.00421875, training_loss: 0.3344, training_c_index: 0.5213
[07/02/2025 - 02:58:43] - Epoch: 4, validation_loss: 0.3397, validation_c_index: 0.4830
--> New BEST Validation Score: 0.4299, validation_loss: 0.3397, validation_c_index: 0.4830, training_loss: 0.3344, training_c_index: 0.5213
--> Current BEST Score: 0.4299
	--> validation_loss: 0.3397
	--> validation_c_index: 0.4830
	--> training_loss: 0.3344
	--> training_c_index: 0.5213
[07/02/2025 - 02:58:44] - Time elapsed for epoch 4: 75s
[07/02/2025 - 02:58:44] - Epoch: 5
--> Batch: 49, Loss: 0.0000, Label: 4, Survival Months: 34.17, Risk: -10.1147
	--> Average Speed: 0.18s per batch
	--> Time from Last Check: 5.89s
--> Batch: 99, Loss: 0.0000, Label: 8, Survival Months: 51.67, Risk: -11.0170
	--> Average Speed: 0.19s per batch
	--> Time from Last Check: 5.94s
--> Batch: 149, Loss: 0.0000, Label: 19, Survival Months: 277.75, Risk: -11.6533
	--> Average Speed: 0.16s per batch
	--> Time from Last Check: 5.17s
--> Batch: 199, Loss: 0.0000, Label: 18, Survival Months: 209.42, Risk: -9.5685
	--> Average Speed: 0.16s per batch
	--> Time from Last Check: 5.18s
--> Batch: 249, Loss: 0.0000, Label: 19, Survival Months: 270.58, Risk: -12.4440
	--> Average Speed: 0.17s per batch
	--> Time from Last Check: 5.37s
--> Batch: 299, Loss: 0.0000, Label: 8, Survival Months: 50.92, Risk: -11.4520
	--> Average Speed: 0.16s per batch
	--> Time from Last Check: 5.15s
--> Batch: 349, Loss: 2.5428, Label: 8, Survival Months: 51.17, Risk: -9.7984
	--> Average Speed: 0.16s per batch
	--> Time from Last Check: 5.08s
--> Batch: 399, Loss: 0.0000, Label: 8, Survival Months: 48.75, Risk: -10.0606
	--> Average Speed: 0.17s per batch
	--> Time from Last Check: 5.50s
--> Batch: 449, Loss: 0.0000, Label: 9, Survival Months: 54.92, Risk: -8.8207
	--> Average Speed: 0.19s per batch
	--> Time from Last Check: 6.10s
--> Batch: 499, Loss: 0.0000, Label: 4, Survival Months: 36.25, Risk: -11.9568
	--> Average Speed: 0.16s per batch
	--> Time from Last Check: 5.27s
--> Batch: 549, Loss: 0.0000, Label: 13, Survival Months: 97.08, Risk: -11.0177
	--> Average Speed: 0.16s per batch
	--> Time from Last Check: 5.24s
[07/02/2025 - 02:59:49] - Epoch: 5, lr: 0.00316406, training_loss: 0.3264, training_c_index: 0.4916
[07/02/2025 - 02:59:58] - Epoch: 5, validation_loss: 0.3512, validation_c_index: 0.4138
--> Score: 0.3398. No improvement in validation_loss or validation_c_index for 1 epoch(s)
--> Current BEST Score: 0.4299
	--> validation_loss: 0.3397
	--> validation_c_index: 0.4830
	--> training_loss: 0.3344
	--> training_c_index: 0.5213
[07/02/2025 - 02:59:58] - Time elapsed for epoch 5: 74s
[07/02/2025 - 02:59:58] - Epoch: 6
--> Batch: 49, Loss: 0.0000, Label: 19, Survival Months: 588.92, Risk: -13.1700
	--> Average Speed: 0.20s per batch
	--> Time from Last Check: 6.51s
--> Batch: 99, Loss: 0.0000, Label: 14, Survival Months: 110.42, Risk: -8.4988
	--> Average Speed: 0.17s per batch
	--> Time from Last Check: 5.33s
--> Batch: 149, Loss: 0.0000, Label: 3, Survival Months: 32.67, Risk: -8.8264
	--> Average Speed: 0.16s per batch
	--> Time from Last Check: 5.22s
--> Batch: 199, Loss: 0.0000, Label: 16, Survival Months: 165.92, Risk: -8.4350
	--> Average Speed: 0.16s per batch
	--> Time from Last Check: 5.26s
--> Batch: 249, Loss: 0.0000, Label: 2, Survival Months: 28.75, Risk: -12.1712
	--> Average Speed: 0.18s per batch
	--> Time from Last Check: 5.66s
--> Batch: 299, Loss: 0.0000, Label: 13, Survival Months: 101.75, Risk: -8.2880
	--> Average Speed: 0.16s per batch
	--> Time from Last Check: 4.99s
--> Batch: 349, Loss: 0.0000, Label: 9, Survival Months: 51.83, Risk: -10.2754
	--> Average Speed: 0.16s per batch
	--> Time from Last Check: 5.25s
--> Batch: 399, Loss: 0.0000, Label: 18, Survival Months: 209.42, Risk: -9.3533
	--> Average Speed: 0.18s per batch
	--> Time from Last Check: 5.89s
--> Batch: 449, Loss: 0.0000, Label: 8, Survival Months: 49.00, Risk: -10.2507
	--> Average Speed: 0.16s per batch
	--> Time from Last Check: 5.22s
--> Batch: 499, Loss: 0.0000, Label: 18, Survival Months: 248.00, Risk: -12.5911
	--> Average Speed: 0.16s per batch
	--> Time from Last Check: 5.28s
--> Batch: 549, Loss: 0.0000, Label: 2, Survival Months: 26.25, Risk: -11.2930
	--> Average Speed: 0.16s per batch
	--> Time from Last Check: 5.24s
[07/02/2025 - 03:01:03] - Epoch: 6, lr: 0.00237305, training_loss: 0.3151, training_c_index: 0.5125
[07/02/2025 - 03:01:12] - Epoch: 6, validation_loss: 0.3401, validation_c_index: 0.4623
--> Score: 0.4031. No improvement in validation_loss or validation_c_index for 2 epoch(s)
--> Current BEST Score: 0.4299
	--> validation_loss: 0.3397
	--> validation_c_index: 0.4830
	--> training_loss: 0.3344
	--> training_c_index: 0.5213
[07/02/2025 - 03:01:12] - Time elapsed for epoch 6: 74s
[07/02/2025 - 03:01:12] - Epoch: 7
