Environment conda activated
Job 2542058 started

################## [16/03/2025 - 03:47:21] - SurvPath started ##################
HOSTNAME: rezzonico

WANDB: setting up for report

CUDA: available
--> Device count: 1
--> Using device: Quadro RTX 5000
--> Running on CUDA

DATASET: Loading data
--> Gene Expression loaded
--> Methylation loaded
--> Remaining samples after removing incomplete: 742
--> Class intervals:  survival_months
[60, inf) --> No Risk       355
[36, 60) --> Low Risk       208
[12, 36) --> Medium Risk    139
[0, 12) --> High Risk        40
Name: count, dtype: int64
--> Standardizing RNA-seq data
--> Standardizing Methylation Islands columns from 0 to 10000
--> Standardizing Methylation Islands columns from 10000 to 20000
--> Standardizing Methylation Islands columns from 20000 to 30000
--> Standardizing Methylation Islands columns from 30000 to 33161
--> Processing Methylation Islands columns from 0 to 10000
--> Processing Methylation Islands columns from 10000 to 20000
--> Processing Methylation Islands columns from 20000 to 30000
--> Processing Methylation Islands columns from 30000 to 33161
--> RNA-seq loaded
--> Methylation loaded
--> 331 Gene Expression Signatures with sizes: [21, 32, 11, 5, 23, 64, 18, 1, 2, 14, 2, 6, 4, 4, 25, 6, 4, 3, 10, 10, 4, 4, 3, 10, 18, 3, 1, 6, 4, 63, 4, 7, 44, 25, 3, 5, 5, 5, 3, 5, 3, 14, 14, 17, 2, 9, 2, 6, 1, 5, 3, 6, 69, 4, 19, 19, 3, 3, 2, 2, 17, 14, 11, 11, 4, 49, 5, 2, 6, 15, 2, 2, 3, 17, 17, 17, 3, 5, 9, 20, 5, 6, 1, 5, 5, 14, 2, 2, 8, 2, 4, 3, 15, 1, 4, 2, 2, 20, 3, 28, 29, 2, 2, 19, 3, 1, 9, 1, 7, 32, 11, 16, 8, 5, 1, 191, 194, 95, 35, 192, 42, 158, 111, 72, 137, 199, 146, 194, 197, 195, 195, 153, 188, 196, 35, 191, 190, 194, 86, 198, 94, 197, 193, 195, 197, 194, 192, 56, 197, 31, 183, 191, 39, 103, 103, 94, 46, 132, 53, 197, 106, 138, 153, 41, 195, 4, 5, 8, 9, 11, 4, 10, 8, 10, 10, 10, 10, 6, 18, 9, 25, 4, 5, 2, 2, 2, 25, 4, 13, 11, 2, 3, 7, 8, 24, 2, 8, 6, 9, 1, 7, 4, 18, 2, 5, 4, 8, 2, 1, 5, 2, 23, 3, 2, 6, 16, 4, 8, 4, 5, 6, 1, 6, 6, 11, 7, 1, 14, 14, 6, 4, 7, 3, 2, 3, 5, 4, 2, 4, 10, 9, 12, 9, 2, 4, 3, 5, 8, 2, 10, 10, 50, 14, 10, 15, 15, 3, 54, 3, 28, 3, 12, 5, 1, 2, 34, 4, 9, 6, 13, 2, 5, 4, 2, 10, 6, 15, 3, 1, 3, 4, 10, 10, 13, 2, 2, 2, 5, 1, 7, 12, 3, 3, 38, 1, 1, 2, 2, 27, 1, 3, 8, 8, 11, 7, 2, 9, 10, 9, 3, 6, 4, 4, 7, 6, 13, 10, 17, 4, 20, 9, 11, 13, 6, 7, 17, 1, 4, 18, 14, 10]
--> 328 Methylation Signatures with sizes: [156, 279, 68, 31, 191, 532, 151, 12, 3, 67, 7, 37, 33, 23, 143, 25, 13, 6, 28, 9, 14, 34, 53, 45, 45, 8, 7, 29, 10, 515, 30, 63, 137, 136, 38, 40, 45, 35, 8, 40, 22, 99, 107, 102, 7, 47, 6, 18, 4, 36, 32, 36, 567, 14, 92, 127, 36, 2, 1, 1, 139, 67, 64, 79, 6, 365, 43, 9, 42, 104, 20, 5, 27, 102, 122, 117, 21, 40, 90, 169, 18, 29, 2, 6, 21, 51, 11, 11, 22, 32, 29, 5, 78, 4, 8, 7, 169, 7, 281, 170, 6, 5, 70, 38, 23, 64, 1, 22, 232, 52, 90, 37, 13, 1238, 1036, 374, 115, 1173, 183, 957, 610, 469, 674, 977, 1189, 1314, 808, 765, 909, 929, 1205, 1170, 89, 1042, 989, 836, 396, 849, 500, 969, 1074, 834, 1005, 1294, 1415, 461, 1026, 150, 1335, 1257, 134, 626, 738, 428, 292, 678, 247, 916, 717, 404, 1124, 203, 1100, 22, 31, 47, 20, 24, 19, 42, 44, 49, 49, 57, 57, 24, 151, 17, 143, 9, 22, 17, 18, 8, 182, 25, 72, 35, 28, 9, 47, 59, 181, 4, 26, 36, 57, 1, 17, 58, 132, 4, 15, 18, 39, 7, 4, 6, 27, 107, 13, 10, 24, 53, 9, 16, 27, 16, 22, 2, 41, 61, 40, 73, 97, 97, 23, 27, 70, 1, 1, 20, 13, 11, 7, 21, 48, 75, 96, 84, 5, 25, 36, 39, 77, 5, 35, 34, 383, 93, 78, 107, 107, 12, 428, 25, 187, 19, 21, 15, 4, 11, 204, 48, 59, 45, 77, 8, 46, 29, 3, 71, 28, 110, 9, 7, 24, 17, 55, 52, 66, 11, 3, 1, 17, 2, 7, 79, 13, 7, 234, 1, 1, 1, 6, 196, 4, 32, 38, 53, 21, 65, 1, 21, 63, 50, 14, 22, 19, 41, 25, 24, 20, 109, 74, 35, 85, 60, 97, 108, 30, 77, 40, 7, 14, 117, 108, 64]
--> Using 80% training, 20% validation

#################### [16/03/2025 - 03:48:20] - Grid Search #####################

############# Cross Validation with Current Configuration started ##############
--> alpha: 0.3, dropout: 0.0, gamma: 0.75, lambda: 0.0001, lr: 1e-2, weight_decay: 0.0

###################### [16/03/2025 - 03:48:39] - Fold n°1 ######################

MODEL: SurvPath with Gene Expression & Methylation
--> Trainable parameters of SurvPath with Gene Expression & Methylation: 19274660
--> Loss function: CrossEntropySurvivalLoss
--> Optimizer: adamax

############ [16/03/2025 - 03:48:41] - Training started (Fold n°1) #############
[16/03/2025 - 03:48:41] - Epoch: 1
