Environment conda activated
Job 2503573 started

#################### [05/01/2025 - 15:07:16] - MCAT started ####################
HOSTNAME: germano

WANDB: setting up for report

CUDA: available
--> Device count: 1
--> Using device: NVIDIA GeForce RTX 2080 Ti
--> Running on CUDA

DATASET: TCGA data only
--> Remaining samples after removing incomplete: 910
--> Class intervals: [
	0: [0.00 - 4.83]
	1: [4.83 - 20.15]
	2: [20.15 - 28.14]
	3: [28.14 - 32.06]
	4: [32.06 - 35.42]
	5: [35.42 - 39.06]
	6: [39.06 - 43.86]
	7: [43.86 - 48.08]
	8: [48.08 - 52.18]
	9: [52.18 - 58.96]
	10: [58.96 - 68.74]
	11: [68.74 - 81.17]
	12: [81.17 - 93.39]
	13: [93.39 - 105.96]
	14: [105.96 - 124.19]
	15: [124.19 - 146.93]
	16: [146.93 - 179.46]
	17: [179.46 - 207.62]
	18: [207.62 - 269.79]
	19: [269.79 - 593.83]
    ]
--> Standardizing RNA-seq data
--> Signatures size: [19938]
--> Using 80% train, 20% validation
--> Training Set: [728], Validation Set: [182]

MODEL: MCAT
--> Trainable parameters of MCAT: 8401686
--> Loss function: CrossEntropySurvivalLoss
--> Optimizer: adam

################## [05/01/2025 - 15:08:12] - Training started ##################
[05/01/2025 - 15:08:12] - Epoch: 1
--> Batch: 49, Loss: 2.8919, Label: 16, Survival Months: 178.50, Risk: -1.0368
	--> Average Speed: 0.60s per batch
	--> Time from Last Check: 19.09s
--> Batch: 99, Loss: 2.2696, Label: 11, Survival Months: 77.58, Risk: -1.1770
	--> Average Speed: 0.71s per batch
	--> Time from Last Check: 22.79s
--> Batch: 149, Loss: 2.3704, Label: 13, Survival Months: 94.83, Risk: -1.2898
	--> Average Speed: 0.56s per batch
	--> Time from Last Check: 17.93s
--> Batch: 199, Loss: 1.3065, Label: 2, Survival Months: 26.92, Risk: -1.5376
	--> Average Speed: 0.69s per batch
	--> Time from Last Check: 22.08s
--> Batch: 249, Loss: 1.3741, Label: 4, Survival Months: 34.17, Risk: -1.8236
	--> Average Speed: 0.45s per batch
	--> Time from Last Check: 14.32s
--> Batch: 299, Loss: 1.2740, Label: 4, Survival Months: 33.75, Risk: -2.4892
	--> Average Speed: 0.66s per batch
	--> Time from Last Check: 20.96s
--> Batch: 349, Loss: 1.7025, Label: 14, Survival Months: 107.33, Risk: -3.8806
	--> Average Speed: 0.63s per batch
	--> Time from Last Check: 20.20s
--> Batch: 399, Loss: 1.1453, Label: 6, Survival Months: 41.58, Risk: -5.2540
	--> Average Speed: 0.61s per batch
	--> Time from Last Check: 19.54s
--> Batch: 449, Loss: 1.0528, Label: 6, Survival Months: 41.92, Risk: -7.6305
	--> Average Speed: 0.75s per batch
	--> Time from Last Check: 23.96s
--> Batch: 499, Loss: 1.1133, Label: 11, Survival Months: 68.75, Risk: -9.3235
	--> Average Speed: 1.04s per batch
	--> Time from Last Check: 33.43s
--> Batch: 549, Loss: 0.9396, Label: 2, Survival Months: 25.33, Risk: -12.3241
	--> Average Speed: 1.26s per batch
	--> Time from Last Check: 40.25s
--> Batch: 599, Loss: 0.9375, Label: 7, Survival Months: 46.17, Risk: -14.3041
	--> Average Speed: 1.02s per batch
	--> Time from Last Check: 32.72s
--> Batch: 649, Loss: 0.9006, Label: 1, Survival Months: 8.00, Risk: -15.1576
	--> Average Speed: 0.64s per batch
	--> Time from Last Check: 20.45s
--> Batch: 699, Loss: 0.9821, Label: 15, Survival Months: 140.33, Risk: -13.9783
	--> Average Speed: 1.04s per batch
	--> Time from Last Check: 33.19s
[05/01/2025 - 15:14:06] - Epoch: 1, lr: 0.00010000, train_loss: 1.9948, train_c_index: 0.5247
[05/01/2025 - 15:16:12] - Epoch: 1, val_loss: 1.2668, val_c_index: 0.5160
[05/01/2025 - 15:16:12] - Time elapsed for epoch 1: 480s
[05/01/2025 - 15:16:12] - Epoch: 2
--> Batch: 49, Loss: 0.8853, Label: 7, Survival Months: 46.00, Risk: -14.2921
	--> Average Speed: 1.18s per batch
	--> Time from Last Check: 37.82s
--> Batch: 99, Loss: 4.3380, Label: 1, Survival Months: 9.67, Risk: -12.2964
	--> Average Speed: 0.93s per batch
	--> Time from Last Check: 29.71s
--> Batch: 149, Loss: 0.8423, Label: 1, Survival Months: 13.58, Risk: -15.1161
	--> Average Speed: 1.24s per batch
	--> Time from Last Check: 39.55s
--> Batch: 199, Loss: 0.8553, Label: 8, Survival Months: 50.50, Risk: -14.1226
	--> Average Speed: 1.18s per batch
	--> Time from Last Check: 37.72s
--> Batch: 249, Loss: 0.8634, Label: 13, Survival Months: 101.75, Risk: -14.8948
	--> Average Speed: 1.09s per batch
	--> Time from Last Check: 34.85s
--> Batch: 299, Loss: 0.8352, Label: 8, Survival Months: 48.67, Risk: -13.7685
	--> Average Speed: 2.03s per batch
	--> Time from Last Check: 65.11s
--> Batch: 349, Loss: 4.6587, Label: 1, Survival Months: 13.17, Risk: -13.9894
	--> Average Speed: 0.95s per batch
	--> Time from Last Check: 30.48s
--> Batch: 399, Loss: 3.9525, Label: 12, Survival Months: 86.17, Risk: -13.2270
	--> Average Speed: 0.91s per batch
	--> Time from Last Check: 29.19s
--> Batch: 449, Loss: 0.7992, Label: 3, Survival Months: 30.50, Risk: -11.9433
	--> Average Speed: 1.13s per batch
	--> Time from Last Check: 36.06s
--> Batch: 499, Loss: 0.7742, Label: 1, Survival Months: 15.50, Risk: -12.8059
	--> Average Speed: 1.10s per batch
	--> Time from Last Check: 35.31s
--> Batch: 549, Loss: 0.7880, Label: 4, Survival Months: 32.25, Risk: -11.5058
	--> Average Speed: 0.66s per batch
	--> Time from Last Check: 21.19s
--> Batch: 599, Loss: 0.7631, Label: 5, Survival Months: 35.50, Risk: -13.8356
	--> Average Speed: 0.80s per batch
	--> Time from Last Check: 25.70s
--> Batch: 649, Loss: 0.8316, Label: 14, Survival Months: 109.17, Risk: -13.0699
	--> Average Speed: 0.89s per batch
	--> Time from Last Check: 28.33s
--> Batch: 699, Loss: 0.7307, Label: 3, Survival Months: 29.83, Risk: -15.2475
	--> Average Speed: 0.92s per batch
	--> Time from Last Check: 29.30s
[05/01/2025 - 15:24:34] - Epoch: 2, lr: 0.00010000, train_loss: 1.1782, train_c_index: 0.5056
[05/01/2025 - 15:26:40] - Epoch: 2, val_loss: 1.1017, val_c_index: 0.5267
[05/01/2025 - 15:26:40] - Time elapsed for epoch 2: 628s
[05/01/2025 - 15:26:40] - Epoch: 3
--> Batch: 49, Loss: 0.7371, Label: 10, Survival Months: 60.50, Risk: -14.5653
	--> Average Speed: 1.30s per batch
	--> Time from Last Check: 41.75s
--> Batch: 99, Loss: 0.8306, Label: 16, Survival Months: 178.50, Risk: -13.5112
	--> Average Speed: 0.88s per batch
	--> Time from Last Check: 28.24s
--> Batch: 149, Loss: 2.2169, Label: 18, Survival Months: 247.08, Risk: -13.5025
	--> Average Speed: 0.78s per batch
	--> Time from Last Check: 24.93s
--> Batch: 199, Loss: 3.4888, Label: 11, Survival Months: 76.00, Risk: -13.7328
	--> Average Speed: 0.76s per batch
	--> Time from Last Check: 24.39s
--> Batch: 249, Loss: 0.6923, Label: 7, Survival Months: 48.08, Risk: -14.4743
	--> Average Speed: 0.79s per batch
	--> Time from Last Check: 25.41s
--> Batch: 299, Loss: 0.7076, Label: 11, Survival Months: 75.58, Risk: -14.0396
	--> Average Speed: 1.23s per batch
	--> Time from Last Check: 39.21s
--> Batch: 349, Loss: 0.6880, Label: 11, Survival Months: 81.00, Risk: -14.7555
	--> Average Speed: 1.33s per batch
	--> Time from Last Check: 42.41s
--> Batch: 399, Loss: 0.6672, Label: 4, Survival Months: 34.17, Risk: -13.6123
	--> Average Speed: 1.01s per batch
	--> Time from Last Check: 32.25s
--> Batch: 449, Loss: 0.6492, Label: 6, Survival Months: 41.58, Risk: -15.3033
	--> Average Speed: 0.92s per batch
	--> Time from Last Check: 29.46s
--> Batch: 499, Loss: 0.6362, Label: 2, Survival Months: 25.33, Risk: -14.9086
	--> Average Speed: 1.29s per batch
	--> Time from Last Check: 41.24s
--> Batch: 549, Loss: 0.6557, Label: 11, Survival Months: 81.08, Risk: -14.7747
	--> Average Speed: 1.16s per batch
	--> Time from Last Check: 36.99s
--> Batch: 599, Loss: 4.5801, Label: 3, Survival Months: 30.17, Risk: -14.2837
	--> Average Speed: 0.63s per batch
	--> Time from Last Check: 20.13s
--> Batch: 649, Loss: 0.8749, Label: 18, Survival Months: 232.00, Risk: -12.6235
	--> Average Speed: 0.78s per batch
	--> Time from Last Check: 25.11s
--> Batch: 699, Loss: 0.6010, Label: 0, Survival Months: 0.92, Risk: -13.4677
	--> Average Speed: 0.89s per batch
	--> Time from Last Check: 28.54s
[05/01/2025 - 15:34:29] - Epoch: 3, lr: 0.00010000, train_loss: 1.0286, train_c_index: 0.6217
[05/01/2025 - 15:36:23] - Epoch: 3, val_loss: 0.9915, val_c_index: 0.5708
[05/01/2025 - 15:36:23] - Time elapsed for epoch 3: 583s
[05/01/2025 - 15:36:23] - Epoch: 4
--> Batch: 49, Loss: 0.8100, Label: 18, Survival Months: 226.75, Risk: -14.3547
	--> Average Speed: 1.17s per batch
	--> Time from Last Check: 37.32s
--> Batch: 99, Loss: 0.5986, Label: 11, Survival Months: 73.17, Risk: -15.8237
	--> Average Speed: 1.05s per batch
	--> Time from Last Check: 33.63s
--> Batch: 149, Loss: 0.6671, Label: 17, Survival Months: 197.58, Risk: -15.5615
	--> Average Speed: 1.06s per batch
	--> Time from Last Check: 33.94s
--> Batch: 199, Loss: 0.6073, Label: 13, Survival Months: 103.92, Risk: -14.7282
	--> Average Speed: 1.08s per batch
	--> Time from Last Check: 34.53s
--> Batch: 249, Loss: 4.2046, Label: 2, Survival Months: 25.17, Risk: -14.6140
	--> Average Speed: 0.78s per batch
	--> Time from Last Check: 25.10s
--> Batch: 299, Loss: 4.0662, Label: 11, Survival Months: 68.75, Risk: -15.0872
	--> Average Speed: 1.25s per batch
	--> Time from Last Check: 40.04s
--> Batch: 349, Loss: 0.5588, Label: 5, Survival Months: 35.50, Risk: -13.5824
	--> Average Speed: 1.00s per batch
	--> Time from Last Check: 32.14s
--> Batch: 399, Loss: 0.5673, Label: 5, Survival Months: 36.58, Risk: -11.6035
	--> Average Speed: 1.39s per batch
	--> Time from Last Check: 44.41s
--> Batch: 449, Loss: 0.5395, Label: 2, Survival Months: 24.50, Risk: -13.0913
	--> Average Speed: 0.92s per batch
	--> Time from Last Check: 29.48s
--> Batch: 499, Loss: 0.5361, Label: 2, Survival Months: 25.25, Risk: -12.7251
	--> Average Speed: 1.07s per batch
	--> Time from Last Check: 34.21s
--> Batch: 549, Loss: 0.5356, Label: 9, Survival Months: 54.92, Risk: -14.5688
	--> Average Speed: 1.01s per batch
	--> Time from Last Check: 32.36s
--> Batch: 599, Loss: 0.7501, Label: 18, Survival Months: 268.83, Risk: -12.9307
	--> Average Speed: 1.19s per batch
	--> Time from Last Check: 38.10s
--> Batch: 649, Loss: 0.5377, Label: 10, Survival Months: 63.33, Risk: -13.4464
	--> Average Speed: 0.62s per batch
	--> Time from Last Check: 19.92s
--> Batch: 699, Loss: 0.9875, Label: 19, Survival Months: 473.08, Risk: -9.6602
	--> Average Speed: 1.36s per batch
	--> Time from Last Check: 43.53s
[05/01/2025 - 15:44:38] - Epoch: 4, lr: 0.00010000, train_loss: 0.9209, train_c_index: 0.4974
[05/01/2025 - 15:46:25] - Epoch: 4, val_loss: 0.8793, val_c_index: 0.4526
[05/01/2025 - 15:46:25] - Time elapsed for epoch 4: 601s
[05/01/2025 - 15:46:25] - Epoch: 5
--> Batch: 49, Loss: 0.5462, Label: 11, Survival Months: 69.50, Risk: -12.6571
	--> Average Speed: 1.48s per batch
	--> Time from Last Check: 47.49s
--> Batch: 99, Loss: 0.4743, Label: 0, Survival Months: 2.83, Risk: -13.4871
	--> Average Speed: 0.93s per batch
	--> Time from Last Check: 29.64s
--> Batch: 149, Loss: 1.6166, Label: 18, Survival Months: 210.00, Risk: -15.2826
	--> Average Speed: 1.21s per batch
	--> Time from Last Check: 38.80s
--> Batch: 199, Loss: 0.4825, Label: 10, Survival Months: 66.25, Risk: -15.2768
	--> Average Speed: 0.90s per batch
	--> Time from Last Check: 28.84s
--> Batch: 249, Loss: 0.4685, Label: 8, Survival Months: 52.17, Risk: -15.2266
	--> Average Speed: 0.94s per batch
	--> Time from Last Check: 30.15s
--> Batch: 299, Loss: 0.4582, Label: 7, Survival Months: 46.17, Risk: -15.5170
	--> Average Speed: 0.72s per batch
	--> Time from Last Check: 23.01s
--> Batch: 349, Loss: 0.5501, Label: 16, Survival Months: 165.92, Risk: -14.3628
	--> Average Speed: 1.01s per batch
	--> Time from Last Check: 32.40s
--> Batch: 399, Loss: 0.4619, Label: 10, Survival Months: 64.42, Risk: -15.1650
	--> Average Speed: 0.88s per batch
	--> Time from Last Check: 28.28s
--> Batch: 449, Loss: 3.8612, Label: 12, Survival Months: 83.67, Risk: -14.9156
	--> Average Speed: 0.96s per batch
	--> Time from Last Check: 30.73s
--> Batch: 499, Loss: 0.4577, Label: 11, Survival Months: 81.00, Risk: -14.9790
	--> Average Speed: 1.78s per batch
	--> Time from Last Check: 56.88s
--> Batch: 549, Loss: 0.4295, Label: 3, Survival Months: 30.92, Risk: -15.2039
	--> Average Speed: 1.34s per batch
	--> Time from Last Check: 42.82s
--> Batch: 599, Loss: 0.4317, Label: 6, Survival Months: 41.00, Risk: -14.2611
	--> Average Speed: 0.97s per batch
	--> Time from Last Check: 31.12s
--> Batch: 649, Loss: 0.4612, Label: 9, Survival Months: 53.58, Risk: -11.9883
	--> Average Speed: 1.01s per batch
	--> Time from Last Check: 32.24s
--> Batch: 699, Loss: 0.4112, Label: 2, Survival Months: 28.08, Risk: -14.3152
	--> Average Speed: 0.97s per batch
	--> Time from Last Check: 31.07s
[05/01/2025 - 15:54:56] - Epoch: 5, lr: 0.00010000, train_loss: 0.8111, train_c_index: 0.6254
[05/01/2025 - 15:56:55] - Epoch: 5, val_loss: 0.7939, val_c_index: 0.5541
[05/01/2025 - 15:56:55] - Time elapsed for epoch 5: 630s
[05/01/2025 - 15:56:55] - Epoch: 6
--> Batch: 49, Loss: 0.4033, Label: 4, Survival Months: 32.92, Risk: -15.0107
	--> Average Speed: 1.26s per batch
	--> Time from Last Check: 40.24s
--> Batch: 99, Loss: 0.4199, Label: 11, Survival Months: 72.92, Risk: -15.1176
	--> Average Speed: 0.93s per batch
	--> Time from Last Check: 29.70s
--> Batch: 149, Loss: 0.4272, Label: 13, Survival Months: 97.08, Risk: -14.8675
	--> Average Speed: 0.95s per batch
	--> Time from Last Check: 30.55s
--> Batch: 199, Loss: 0.3881, Label: 3, Survival Months: 29.83, Risk: -14.6099
	--> Average Speed: 1.15s per batch
	--> Time from Last Check: 36.67s
--> Batch: 249, Loss: 0.4072, Label: 10, Survival Months: 59.17, Risk: -14.2139
	--> Average Speed: 0.86s per batch
	--> Time from Last Check: 27.53s
--> Batch: 299, Loss: 0.3970, Label: 9, Survival Months: 53.67, Risk: -13.9185
	--> Average Speed: 1.30s per batch
	--> Time from Last Check: 41.44s
--> Batch: 349, Loss: 3.3920, Label: 1, Survival Months: 18.92, Risk: -13.9233
	--> Average Speed: 1.02s per batch
	--> Time from Last Check: 32.61s
--> Batch: 399, Loss: 0.3771, Label: 3, Survival Months: 30.17, Risk: -13.9666
	--> Average Speed: 0.68s per batch
	--> Time from Last Check: 21.65s
--> Batch: 449, Loss: 0.3782, Label: 3, Survival Months: 28.42, Risk: -12.9851
	--> Average Speed: 1.40s per batch
	--> Time from Last Check: 44.64s
--> Batch: 499, Loss: 0.3800, Label: 6, Survival Months: 42.00, Risk: -12.6603
	--> Average Speed: 0.92s per batch
	--> Time from Last Check: 29.48s
--> Batch: 549, Loss: 0.3477, Label: 0, Survival Months: 0.83, Risk: -15.1095
	--> Average Speed: 0.94s per batch
	--> Time from Last Check: 30.04s
--> Batch: 599, Loss: 0.4281, Label: 14, Survival Months: 110.83, Risk: -13.7890
	--> Average Speed: 1.32s per batch
	--> Time from Last Check: 42.11s
--> Batch: 649, Loss: 0.3454, Label: 2, Survival Months: 22.92, Risk: -15.0575
	--> Average Speed: 1.62s per batch
	--> Time from Last Check: 51.90s
--> Batch: 699, Loss: 0.3488, Label: 5, Survival Months: 37.33, Risk: -14.6762
	--> Average Speed: 1.04s per batch
	--> Time from Last Check: 33.37s
[05/01/2025 - 16:05:24] - Epoch: 6, lr: 0.00010000, train_loss: 0.7270, train_c_index: 0.7026
[05/01/2025 - 16:07:39] - Epoch: 6, val_loss: 0.7147, val_c_index: 0.5961
[05/01/2025 - 16:07:39] - Time elapsed for epoch 6: 645s
[05/01/2025 - 16:07:39] - Epoch: 7
--> Batch: 49, Loss: 0.3770, Label: 12, Survival Months: 85.50, Risk: -14.4402
	--> Average Speed: 0.91s per batch
	--> Time from Last Check: 29.19s
--> Batch: 99, Loss: 0.3827, Label: 14, Survival Months: 110.42, Risk: -14.9177
	--> Average Speed: 0.91s per batch
	--> Time from Last Check: 29.27s
--> Batch: 149, Loss: 0.4230, Label: 17, Survival Months: 194.58, Risk: -15.5497
	--> Average Speed: 1.13s per batch
	--> Time from Last Check: 36.09s
--> Batch: 199, Loss: 0.3224, Label: 6, Survival Months: 41.92, Risk: -16.4382
	--> Average Speed: 0.70s per batch
	--> Time from Last Check: 22.43s
--> Batch: 249, Loss: 0.3502, Label: 14, Survival Months: 113.25, Risk: -16.1535
	--> Average Speed: 1.03s per batch
	--> Time from Last Check: 32.98s
--> Batch: 299, Loss: 0.3216, Label: 8, Survival Months: 50.50, Risk: -15.9538
	--> Average Speed: 0.91s per batch
	--> Time from Last Check: 29.07s
--> Batch: 349, Loss: 0.3051, Label: 0, Survival Months: 0.83, Risk: -16.2720
	--> Average Speed: 1.00s per batch
	--> Time from Last Check: 31.88s
--> Batch: 399, Loss: 0.3039, Label: 6, Survival Months: 42.42, Risk: -17.2868
	--> Average Speed: 0.97s per batch
	--> Time from Last Check: 30.92s
--> Batch: 449, Loss: 0.3059, Label: 3, Survival Months: 30.92, Risk: -15.6270
	--> Average Speed: 1.08s per batch
	--> Time from Last Check: 34.51s
--> Batch: 499, Loss: 0.3139, Label: 11, Survival Months: 81.08, Risk: -16.0414
	--> Average Speed: 1.09s per batch
	--> Time from Last Check: 34.90s
--> Batch: 549, Loss: 0.2958, Label: 7, Survival Months: 45.50, Risk: -16.8305
	--> Average Speed: 0.75s per batch
	--> Time from Last Check: 23.90s
--> Batch: 599, Loss: 0.6137, Label: 19, Survival Months: 279.17, Risk: -15.8481
	--> Average Speed: 1.13s per batch
	--> Time from Last Check: 36.30s
--> Batch: 649, Loss: 0.3015, Label: 2, Survival Months: 27.83, Risk: -12.6371
	--> Average Speed: 1.52s per batch
	--> Time from Last Check: 48.53s
--> Batch: 699, Loss: 0.2921, Label: 0, Survival Months: 0.83, Risk: -9.9348
	--> Average Speed: 0.70s per batch
	--> Time from Last Check: 22.53s
[05/01/2025 - 16:15:19] - Epoch: 7, lr: 0.00010000, train_loss: 0.6540, train_c_index: 0.7608
[05/01/2025 - 16:17:22] - Epoch: 7, val_loss: 0.7058, val_c_index: 0.5247
[05/01/2025 - 16:17:22] - Time elapsed for epoch 7: 583s
[05/01/2025 - 16:17:22] - Epoch: 8
--> Batch: 49, Loss: 0.2960, Label: 10, Survival Months: 59.50, Risk: -15.8894
	--> Average Speed: 1.49s per batch
	--> Time from Last Check: 47.68s
--> Batch: 99, Loss: 0.2787, Label: 1, Survival Months: 17.50, Risk: -16.2119
	--> Average Speed: 1.13s per batch
	--> Time from Last Check: 36.15s
--> Batch: 149, Loss: 0.3638, Label: 12, Survival Months: 88.83, Risk: -12.0785
	--> Average Speed: 0.90s per batch
	--> Time from Last Check: 28.73s
--> Batch: 199, Loss: 0.2811, Label: 8, Survival Months: 49.17, Risk: -15.6576
	--> Average Speed: 0.83s per batch
	--> Time from Last Check: 26.54s
--> Batch: 249, Loss: 0.3561, Label: 16, Survival Months: 156.92, Risk: -15.1173
	--> Average Speed: 0.42s per batch
	--> Time from Last Check: 13.45s
--> Batch: 299, Loss: 0.2950, Label: 13, Survival Months: 100.67, Risk: -15.6559
	--> Average Speed: 0.45s per batch
	--> Time from Last Check: 14.26s
--> Batch: 349, Loss: 0.2638, Label: 1, Survival Months: 14.33, Risk: -15.5516
	--> Average Speed: 0.73s per batch
	--> Time from Last Check: 23.21s
--> Batch: 399, Loss: 0.2692, Label: 2, Survival Months: 21.75, Risk: -14.0647
	--> Average Speed: 0.39s per batch
	--> Time from Last Check: 12.63s
--> Batch: 449, Loss: 2.9606, Label: 15, Survival Months: 146.58, Risk: -14.9369
	--> Average Speed: 0.46s per batch
	--> Time from Last Check: 14.85s
--> Batch: 499, Loss: 0.2629, Label: 9, Survival Months: 54.92, Risk: -16.5522
	--> Average Speed: 0.85s per batch
	--> Time from Last Check: 27.19s
--> Batch: 549, Loss: 0.2665, Label: 4, Survival Months: 34.75, Risk: -13.9161
	--> Average Speed: 0.41s per batch
	--> Time from Last Check: 12.99s
--> Batch: 599, Loss: 0.2626, Label: 10, Survival Months: 62.67, Risk: -16.4133
	--> Average Speed: 1.21s per batch
	--> Time from Last Check: 38.60s
--> Batch: 649, Loss: 0.2967, Label: 15, Survival Months: 135.92, Risk: -16.5047
	--> Average Speed: 0.52s per batch
	--> Time from Last Check: 16.62s
--> Batch: 699, Loss: 0.2615, Label: 7, Survival Months: 44.83, Risk: -15.5987
	--> Average Speed: 0.69s per batch
	--> Time from Last Check: 22.02s
[05/01/2025 - 16:23:05] - Epoch: 8, lr: 0.00010000, train_loss: 0.5972, train_c_index: 0.8075
[05/01/2025 - 16:24:33] - Epoch: 8, val_loss: 0.7166, val_c_index: 0.5414
[05/01/2025 - 16:24:33] - Time elapsed for epoch 8: 431s
[05/01/2025 - 16:24:33] - Epoch: 9
--> Batch: 49, Loss: 0.2731, Label: 4, Survival Months: 32.08, Risk: -12.0811
	--> Average Speed: 0.51s per batch
	--> Time from Last Check: 16.47s
--> Batch: 99, Loss: 0.2492, Label: 9, Survival Months: 56.58, Risk: -16.8920
	--> Average Speed: 0.67s per batch
	--> Time from Last Check: 21.34s
--> Batch: 149, Loss: 0.2403, Label: 0, Survival Months: 2.50, Risk: -16.4304
	--> Average Speed: 0.59s per batch
	--> Time from Last Check: 18.89s
--> Batch: 199, Loss: 0.2364, Label: 0, Survival Months: 2.83, Risk: -17.3933
	--> Average Speed: 0.69s per batch
	--> Time from Last Check: 22.08s
--> Batch: 249, Loss: 0.2370, Label: 5, Survival Months: 37.58, Risk: -16.6952
	--> Average Speed: 0.37s per batch
	--> Time from Last Check: 11.85s
--> Batch: 299, Loss: 1.9498, Label: 2, Survival Months: 22.17, Risk: -2.4666
	--> Average Speed: 0.51s per batch
	--> Time from Last Check: 16.25s
--> Batch: 349, Loss: 0.4912, Label: 18, Survival Months: 234.42, Risk: -13.9066
	--> Average Speed: 0.64s per batch
	--> Time from Last Check: 20.48s
--> Batch: 399, Loss: 0.2371, Label: 8, Survival Months: 50.00, Risk: -16.5926
	--> Average Speed: 0.59s per batch
	--> Time from Last Check: 18.77s
--> Batch: 449, Loss: 0.2802, Label: 16, Survival Months: 162.50, Risk: -16.7868
	--> Average Speed: 0.73s per batch
	--> Time from Last Check: 23.21s
--> Batch: 499, Loss: 1.7673, Label: 19, Survival Months: 284.08, Risk: -16.3994
	--> Average Speed: 0.94s per batch
	--> Time from Last Check: 30.17s
--> Batch: 549, Loss: 0.2337, Label: 5, Survival Months: 36.58, Risk: -15.5413
	--> Average Speed: 0.56s per batch
	--> Time from Last Check: 17.81s
--> Batch: 599, Loss: 0.2256, Label: 0, Survival Months: 0.67, Risk: -14.4467
	--> Average Speed: 0.50s per batch
	--> Time from Last Check: 15.88s
--> Batch: 649, Loss: 0.2294, Label: 2, Survival Months: 25.25, Risk: -14.8246
	--> Average Speed: 0.57s per batch
	--> Time from Last Check: 18.24s
--> Batch: 699, Loss: 0.2402, Label: 8, Survival Months: 51.83, Risk: -14.7035
	--> Average Speed: 0.80s per batch
	--> Time from Last Check: 25.66s
[05/01/2025 - 16:29:19] - Epoch: 9, lr: 0.00010000, train_loss: 0.5682, train_c_index: 0.8205
[05/01/2025 - 16:30:40] - Epoch: 9, val_loss: 0.6475, val_c_index: 0.5754
[05/01/2025 - 16:30:41] - Time elapsed for epoch 9: 367s
[05/01/2025 - 16:30:41] - Epoch: 10
--> Batch: 49, Loss: 0.3160, Label: 17, Survival Months: 185.08, Risk: -16.1355
	--> Average Speed: 0.74s per batch
	--> Time from Last Check: 23.58s
--> Batch: 99, Loss: 0.2733, Label: 12, Survival Months: 86.92, Risk: -13.7725
	--> Average Speed: 0.57s per batch
	--> Time from Last Check: 18.38s
--> Batch: 149, Loss: 0.2396, Label: 12, Survival Months: 91.92, Risk: -15.8847
	--> Average Speed: 0.42s per batch
	--> Time from Last Check: 13.51s
--> Batch: 199, Loss: 0.2282, Label: 6, Survival Months: 43.17, Risk: -14.3034
	--> Average Speed: 0.83s per batch
	--> Time from Last Check: 26.61s
--> Batch: 249, Loss: 0.2340, Label: 10, Survival Months: 65.25, Risk: -15.0234
	--> Average Speed: 0.42s per batch
	--> Time from Last Check: 13.53s
--> Batch: 299, Loss: 4.4214, Label: 8, Survival Months: 48.67, Risk: -15.6388
	--> Average Speed: 0.67s per batch
	--> Time from Last Check: 21.45s
--> Batch: 349, Loss: 0.2296, Label: 10, Survival Months: 64.08, Risk: -15.1888
	--> Average Speed: 0.84s per batch
	--> Time from Last Check: 26.75s
--> Batch: 399, Loss: 0.3008, Label: 16, Survival Months: 166.33, Risk: -15.2892
	--> Average Speed: 0.64s per batch
	--> Time from Last Check: 20.46s
--> Batch: 449, Loss: 0.2214, Label: 9, Survival Months: 58.92, Risk: -15.4015
	--> Average Speed: 0.48s per batch
	--> Time from Last Check: 15.50s
--> Batch: 499, Loss: 3.2719, Label: 10, Survival Months: 66.00, Risk: -14.0882
	--> Average Speed: 1.04s per batch
	--> Time from Last Check: 33.16s
--> Batch: 549, Loss: 0.2167, Label: 10, Survival Months: 59.58, Risk: -16.0652
	--> Average Speed: 0.55s per batch
	--> Time from Last Check: 17.62s
--> Batch: 599, Loss: 0.2019, Label: 6, Survival Months: 41.75, Risk: -17.2110
	--> Average Speed: 0.86s per batch
	--> Time from Last Check: 27.37s
--> Batch: 649, Loss: 0.1997, Label: 3, Survival Months: 31.75, Risk: -17.4104
	--> Average Speed: 0.55s per batch
	--> Time from Last Check: 17.56s
--> Batch: 699, Loss: 0.1994, Label: 4, Survival Months: 35.42, Risk: -17.0431
	--> Average Speed: 0.42s per batch
	--> Time from Last Check: 13.50s
[05/01/2025 - 16:35:39] - Epoch: 10, lr: 0.00010000, train_loss: 0.5327, train_c_index: 0.8492
[05/01/2025 - 16:36:45] - Epoch: 10, val_loss: 0.6771, val_c_index: 0.4973
[05/01/2025 - 16:36:45] - Time elapsed for epoch 10: 364s
[05/01/2025 - 16:36:45] - Epoch: 11
--> Batch: 49, Loss: 0.4350, Label: 18, Survival Months: 226.75, Risk: -14.0005
	--> Average Speed: 0.46s per batch
	--> Time from Last Check: 14.78s
--> Batch: 99, Loss: 0.2771, Label: 13, Survival Months: 101.75, Risk: -12.7740
	--> Average Speed: 0.40s per batch
	--> Time from Last Check: 12.80s
--> Batch: 149, Loss: 0.2244, Label: 13, Survival Months: 95.00, Risk: -15.8643
	--> Average Speed: 0.46s per batch
	--> Time from Last Check: 14.72s
--> Batch: 199, Loss: 0.1996, Label: 9, Survival Months: 55.00, Risk: -17.0983
	--> Average Speed: 0.64s per batch
	--> Time from Last Check: 20.62s
--> Batch: 249, Loss: 0.2054, Label: 13, Survival Months: 100.25, Risk: -17.1635
	--> Average Speed: 0.54s per batch
	--> Time from Last Check: 17.40s
--> Batch: 299, Loss: 0.2472, Label: 10, Survival Months: 64.42, Risk: -12.6416
	--> Average Speed: 0.49s per batch
	--> Time from Last Check: 15.66s
--> Batch: 349, Loss: 0.2327, Label: 14, Survival Months: 119.50, Risk: -16.2769
	--> Average Speed: 0.80s per batch
	--> Time from Last Check: 25.67s
--> Batch: 399, Loss: 0.2150, Label: 16, Survival Months: 172.00, Risk: -17.9123
	--> Average Speed: 0.57s per batch
	--> Time from Last Check: 18.21s
--> Batch: 449, Loss: 0.2575, Label: 17, Survival Months: 183.08, Risk: -16.9398
	--> Average Speed: 0.77s per batch
	--> Time from Last Check: 24.75s
--> Batch: 499, Loss: 0.1883, Label: 8, Survival Months: 50.50, Risk: -17.0957
	--> Average Speed: 0.86s per batch
	--> Time from Last Check: 27.48s
--> Batch: 549, Loss: 0.1845, Label: 4, Survival Months: 35.33, Risk: -17.0722
	--> Average Speed: 0.78s per batch
	--> Time from Last Check: 24.96s
--> Batch: 599, Loss: 0.1858, Label: 5, Survival Months: 36.75, Risk: -16.2911
	--> Average Speed: 0.56s per batch
	--> Time from Last Check: 17.99s
--> Batch: 649, Loss: 0.4750, Label: 19, Survival Months: 431.33, Risk: -17.4909
	--> Average Speed: 0.71s per batch
	--> Time from Last Check: 22.58s
--> Batch: 699, Loss: 0.1839, Label: 3, Survival Months: 30.17, Risk: -16.5020
	--> Average Speed: 0.77s per batch
	--> Time from Last Check: 24.55s
[05/01/2025 - 16:41:33] - Epoch: 11, lr: 0.00010000, train_loss: 0.5057, train_c_index: 0.8625
[05/01/2025 - 16:42:54] - Epoch: 11, val_loss: 0.6311, val_c_index: 0.5834
[05/01/2025 - 16:42:54] - Time elapsed for epoch 11: 369s
[05/01/2025 - 16:42:54] - Epoch: 12
--> Batch: 49, Loss: 0.2495, Label: 17, Survival Months: 207.42, Risk: -17.0664
	--> Average Speed: 0.58s per batch
	--> Time from Last Check: 18.53s
--> Batch: 99, Loss: 0.2276, Label: 16, Survival Months: 174.25, Risk: -16.8452
	--> Average Speed: 0.52s per batch
	--> Time from Last Check: 16.51s
--> Batch: 149, Loss: 0.2436, Label: 17, Survival Months: 182.50, Risk: -17.1530
	--> Average Speed: 0.68s per batch
	--> Time from Last Check: 21.67s
--> Batch: 199, Loss: 0.1816, Label: 12, Survival Months: 85.50, Risk: -17.1707
	--> Average Speed: 0.58s per batch
	--> Time from Last Check: 18.63s
--> Batch: 249, Loss: 0.1879, Label: 4, Survival Months: 33.00, Risk: -13.4327
	--> Average Speed: 0.83s per batch
	--> Time from Last Check: 26.71s
--> Batch: 299, Loss: 0.1770, Label: 2, Survival Months: 25.33, Risk: -14.9518
	--> Average Speed: 0.50s per batch
	--> Time from Last Check: 16.09s
--> Batch: 349, Loss: 0.2430, Label: 14, Survival Months: 108.50, Risk: -14.5286
	--> Average Speed: 0.71s per batch
	--> Time from Last Check: 22.88s
--> Batch: 399, Loss: 0.6869, Label: 19, Survival Months: 473.08, Risk: -11.7459
	--> Average Speed: 0.77s per batch
	--> Time from Last Check: 24.72s
--> Batch: 449, Loss: 0.1730, Label: 2, Survival Months: 20.83, Risk: -15.9375
	--> Average Speed: 0.48s per batch
	--> Time from Last Check: 15.33s
--> Batch: 499, Loss: 0.1786, Label: 12, Survival Months: 81.25, Risk: -16.9937
	--> Average Speed: 0.58s per batch
	--> Time from Last Check: 18.64s
--> Batch: 549, Loss: 0.1680, Label: 0, Survival Months: 0.83, Risk: -17.6368
	--> Average Speed: 0.80s per batch
	--> Time from Last Check: 25.74s
--> Batch: 599, Loss: 0.1727, Label: 8, Survival Months: 51.50, Risk: -16.4282
	--> Average Speed: 1.10s per batch
	--> Time from Last Check: 35.31s
--> Batch: 649, Loss: 2.3367, Label: 3, Survival Months: 30.42, Risk: -3.8714
	--> Average Speed: 0.63s per batch
	--> Time from Last Check: 20.09s
--> Batch: 699, Loss: 2.7565, Label: 11, Survival Months: 78.58, Risk: -5.7216
	--> Average Speed: 0.60s per batch
	--> Time from Last Check: 19.32s
[05/01/2025 - 16:48:12] - Epoch: 12, lr: 0.00010000, train_loss: 0.4635, train_c_index: 0.8953
[05/01/2025 - 16:49:23] - Epoch: 12, val_loss: 0.6266, val_c_index: 0.5841
[05/01/2025 - 16:49:23] - Time elapsed for epoch 12: 389s
[05/01/2025 - 16:49:23] - Epoch: 13
--> Batch: 49, Loss: 0.1652, Label: 5, Survival Months: 36.75, Risk: -16.6596
	--> Average Speed: 0.68s per batch
	--> Time from Last Check: 21.67s
--> Batch: 99, Loss: 0.1625, Label: 4, Survival Months: 34.17, Risk: -17.3315
	--> Average Speed: 0.82s per batch
	--> Time from Last Check: 26.09s
--> Batch: 149, Loss: 0.2049, Label: 16, Survival Months: 155.92, Risk: -17.2457
	--> Average Speed: 0.50s per batch
	--> Time from Last Check: 16.11s
--> Batch: 199, Loss: 0.1622, Label: 8, Survival Months: 50.50, Risk: -17.1426
	--> Average Speed: 0.44s per batch
	--> Time from Last Check: 13.97s
--> Batch: 249, Loss: 0.1629, Label: 9, Survival Months: 58.58, Risk: -16.7244
	--> Average Speed: 0.48s per batch
	--> Time from Last Check: 15.22s
--> Batch: 299, Loss: 0.1596, Label: 11, Survival Months: 71.33, Risk: -17.7582
	--> Average Speed: 0.71s per batch
	--> Time from Last Check: 22.63s
--> Batch: 349, Loss: 0.1783, Label: 7, Survival Months: 46.83, Risk: -13.7357
	--> Average Speed: 0.72s per batch
	--> Time from Last Check: 23.17s
--> Batch: 399, Loss: 2.6771, Label: 10, Survival Months: 65.42, Risk: -11.4443
	--> Average Speed: 0.62s per batch
	--> Time from Last Check: 19.78s
--> Batch: 449, Loss: 0.1883, Label: 9, Survival Months: 53.58, Risk: -13.4380
	--> Average Speed: 0.57s per batch
	--> Time from Last Check: 18.17s
--> Batch: 499, Loss: 2.9224, Label: 15, Survival Months: 136.83, Risk: -8.1035
	--> Average Speed: 0.45s per batch
	--> Time from Last Check: 14.28s
--> Batch: 549, Loss: 0.2391, Label: 14, Survival Months: 110.42, Risk: -14.3826
	--> Average Speed: 0.43s per batch
	--> Time from Last Check: 13.76s
--> Batch: 599, Loss: 2.1835, Label: 16, Survival Months: 166.08, Risk: -15.5145
	--> Average Speed: 0.99s per batch
	--> Time from Last Check: 31.71s
--> Batch: 649, Loss: 0.1598, Label: 12, Survival Months: 91.92, Risk: -17.1905
	--> Average Speed: 0.48s per batch
	--> Time from Last Check: 15.40s
--> Batch: 699, Loss: 0.1568, Label: 10, Survival Months: 61.17, Risk: -17.0354
	--> Average Speed: 0.81s per batch
	--> Time from Last Check: 25.96s
[05/01/2025 - 16:54:12] - Epoch: 13, lr: 0.00010000, train_loss: 0.4547, train_c_index: 0.9035
[05/01/2025 - 16:55:41] - Epoch: 13, val_loss: 0.6281, val_c_index: 0.5467
[05/01/2025 - 16:55:41] - Time elapsed for epoch 13: 378s
[05/01/2025 - 16:55:41] - Epoch: 14
--> Batch: 49, Loss: 0.1562, Label: 4, Survival Months: 35.42, Risk: -16.0540
	--> Average Speed: 0.58s per batch
	--> Time from Last Check: 18.60s
--> Batch: 99, Loss: 0.1707, Label: 4, Survival Months: 32.08, Risk: -12.1923
	--> Average Speed: 0.52s per batch
	--> Time from Last Check: 16.67s
--> Batch: 149, Loss: 0.1543, Label: 8, Survival Months: 51.50, Risk: -16.8271
	--> Average Speed: 0.56s per batch
	--> Time from Last Check: 17.76s
--> Batch: 199, Loss: 0.1521, Label: 6, Survival Months: 41.83, Risk: -16.3398
	--> Average Speed: 0.71s per batch
	--> Time from Last Check: 22.67s
--> Batch: 249, Loss: 0.1509, Label: 3, Survival Months: 31.75, Risk: -16.7137
	--> Average Speed: 0.86s per batch
	--> Time from Last Check: 27.44s
--> Batch: 299, Loss: 0.1568, Label: 6, Survival Months: 43.17, Risk: -15.0798
	--> Average Speed: 0.51s per batch
	--> Time from Last Check: 16.18s
--> Batch: 349, Loss: 0.3179, Label: 17, Survival Months: 185.17, Risk: -14.6865
	--> Average Speed: 0.60s per batch
	--> Time from Last Check: 19.28s
--> Batch: 399, Loss: 0.1499, Label: 9, Survival Months: 53.25, Risk: -17.5757
	--> Average Speed: 0.75s per batch
	--> Time from Last Check: 23.99s
--> Batch: 449, Loss: 0.1487, Label: 9, Survival Months: 54.92, Risk: -17.5268
	--> Average Speed: 0.59s per batch
	--> Time from Last Check: 18.74s
--> Batch: 499, Loss: 1.3600, Label: 19, Survival Months: 328.42, Risk: -18.0967
	--> Average Speed: 0.68s per batch
	--> Time from Last Check: 21.62s
--> Batch: 549, Loss: 2.2683, Label: 14, Survival Months: 119.92, Risk: -13.9735
	--> Average Speed: 0.88s per batch
	--> Time from Last Check: 28.23s
--> Batch: 599, Loss: 0.1539, Label: 10, Survival Months: 59.58, Risk: -17.5098
	--> Average Speed: 0.48s per batch
	--> Time from Last Check: 15.47s
--> Batch: 649, Loss: 0.1641, Label: 7, Survival Months: 44.25, Risk: -14.7437
	--> Average Speed: 0.93s per batch
	--> Time from Last Check: 29.87s
--> Batch: 699, Loss: 0.1817, Label: 13, Survival Months: 101.75, Risk: -15.4832
	--> Average Speed: 0.76s per batch
	--> Time from Last Check: 24.24s
[05/01/2025 - 17:00:48] - Epoch: 14, lr: 0.00010000, train_loss: 0.4513, train_c_index: 0.8933
[05/01/2025 - 17:01:54] - Epoch: 14, val_loss: 0.6531, val_c_index: 0.4713
[05/01/2025 - 17:01:54] - Time elapsed for epoch 14: 374s
[05/01/2025 - 17:01:54] - Epoch: 15
--> Batch: 49, Loss: 1.4323, Label: 18, Survival Months: 242.58, Risk: -17.8930
	--> Average Speed: 0.69s per batch
	--> Time from Last Check: 22.23s
--> Batch: 99, Loss: 0.4784, Label: 19, Survival Months: 410.75, Risk: -17.1531
	--> Average Speed: 0.75s per batch
	--> Time from Last Check: 23.98s
--> Batch: 149, Loss: 0.2472, Label: 16, Survival Months: 148.58, Risk: -15.3424
	--> Average Speed: 0.60s per batch
	--> Time from Last Check: 19.28s
--> Batch: 199, Loss: 0.1416, Label: 8, Survival Months: 51.00, Risk: -17.4999
	--> Average Speed: 0.54s per batch
	--> Time from Last Check: 17.29s
--> Batch: 249, Loss: 2.2116, Label: 1, Survival Months: 14.33, Risk: -7.7900
	--> Average Speed: 0.64s per batch
	--> Time from Last Check: 20.56s
--> Batch: 299, Loss: 1.3264, Label: 0, Survival Months: 0.00, Risk: -2.1736
	--> Average Speed: 0.73s per batch
	--> Time from Last Check: 23.33s
--> Batch: 349, Loss: 0.1509, Label: 10, Survival Months: 60.67, Risk: -15.8152
	--> Average Speed: 0.48s per batch
	--> Time from Last Check: 15.32s
--> Batch: 399, Loss: 0.3149, Label: 18, Survival Months: 217.67, Risk: -17.5541
	--> Average Speed: 0.64s per batch
	--> Time from Last Check: 20.45s
--> Batch: 449, Loss: 0.1406, Label: 9, Survival Months: 56.92, Risk: -17.0544
	--> Average Speed: 0.69s per batch
	--> Time from Last Check: 22.11s
--> Batch: 499, Loss: 0.1602, Label: 15, Survival Months: 135.25, Risk: -17.5352
	--> Average Speed: 0.97s per batch
	--> Time from Last Check: 31.15s
--> Batch: 549, Loss: 0.1368, Label: 5, Survival Months: 35.67, Risk: -17.7332
	--> Average Speed: 0.81s per batch
	--> Time from Last Check: 26.01s
--> Batch: 599, Loss: 0.1365, Label: 10, Survival Months: 65.92, Risk: -17.9545
	--> Average Speed: 0.34s per batch
	--> Time from Last Check: 10.89s
--> Batch: 649, Loss: 0.1382, Label: 13, Survival Months: 101.67, Risk: -17.8379
	--> Average Speed: 0.59s per batch
	--> Time from Last Check: 18.89s
--> Batch: 699, Loss: 0.1408, Label: 1, Survival Months: 8.00, Risk: -13.1006
	--> Average Speed: 0.64s per batch
	--> Time from Last Check: 20.52s
[05/01/2025 - 17:06:52] - Epoch: 15, lr: 0.00005000, train_loss: 0.4212, train_c_index: 0.9056
[05/01/2025 - 17:08:13] - Epoch: 15, val_loss: 0.6554, val_c_index: 0.5113
[05/01/2025 - 17:08:13] - Time elapsed for epoch 15: 378s
[05/01/2025 - 17:08:13] - Epoch: 16
--> Batch: 49, Loss: 0.1356, Label: 0, Survival Months: 0.67, Risk: -12.3369
	--> Average Speed: 0.94s per batch
	--> Time from Last Check: 29.98s
--> Batch: 99, Loss: 0.1396, Label: 11, Survival Months: 74.17, Risk: -17.0437
	--> Average Speed: 0.33s per batch
	--> Time from Last Check: 10.50s
--> Batch: 149, Loss: 0.1321, Label: 0, Survival Months: 0.42, Risk: -14.8834
	--> Average Speed: 0.70s per batch
	--> Time from Last Check: 22.42s
--> Batch: 199, Loss: 0.1332, Label: 9, Survival Months: 52.33, Risk: -17.1244
	--> Average Speed: 0.44s per batch
	--> Time from Last Check: 14.19s
--> Batch: 249, Loss: 0.1302, Label: 3, Survival Months: 28.25, Risk: -17.6134
	--> Average Speed: 0.67s per batch
	--> Time from Last Check: 21.28s
--> Batch: 299, Loss: 0.1310, Label: 9, Survival Months: 54.58, Risk: -17.5393
	--> Average Speed: 0.47s per batch
	--> Time from Last Check: 14.98s
--> Batch: 349, Loss: 0.2774, Label: 18, Survival Months: 220.83, Risk: -17.2430
	--> Average Speed: 0.57s per batch
	--> Time from Last Check: 18.34s
--> Batch: 399, Loss: 0.1890, Label: 16, Survival Months: 166.33, Risk: -16.9823
	--> Average Speed: 0.60s per batch
	--> Time from Last Check: 19.12s
--> Batch: 449, Loss: 2.3246, Label: 15, Survival Months: 140.67, Risk: -12.7949
	--> Average Speed: 0.84s per batch
	--> Time from Last Check: 26.94s
--> Batch: 499, Loss: 0.1276, Label: 0, Survival Months: 0.83, Risk: -17.2676
	--> Average Speed: 0.67s per batch
	--> Time from Last Check: 21.44s
--> Batch: 549, Loss: 0.1320, Label: 10, Survival Months: 60.67, Risk: -16.9759
	--> Average Speed: 0.43s per batch
	--> Time from Last Check: 13.75s
--> Batch: 599, Loss: 0.1272, Label: 6, Survival Months: 43.25, Risk: -17.3170
	--> Average Speed: 0.66s per batch
	--> Time from Last Check: 21.19s
--> Batch: 649, Loss: 0.1270, Label: 5, Survival Months: 38.58, Risk: -17.4823
	--> Average Speed: 0.94s per batch
	--> Time from Last Check: 30.21s
--> Batch: 699, Loss: 0.1382, Label: 13, Survival Months: 104.25, Risk: -16.7557
	--> Average Speed: 0.43s per batch
	--> Time from Last Check: 13.72s
[05/01/2025 - 17:13:01] - Epoch: 16, lr: 0.00005000, train_loss: 0.3931, train_c_index: 0.9276
[05/01/2025 - 17:14:29] - Epoch: 16, val_loss: 0.6388, val_c_index: 0.5641
[05/01/2025 - 17:14:29] - Time elapsed for epoch 16: 377s
[05/01/2025 - 17:14:29] - Epoch: 17
--> Batch: 49, Loss: 0.1969, Label: 16, Survival Months: 162.33, Risk: -16.6561
	--> Average Speed: 0.77s per batch
	--> Time from Last Check: 24.73s
--> Batch: 99, Loss: 0.1253, Label: 0, Survival Months: 4.25, Risk: -17.1724
	--> Average Speed: 0.68s per batch
	--> Time from Last Check: 21.69s
--> Batch: 149, Loss: 0.1262, Label: 4, Survival Months: 35.25, Risk: -16.6888
	--> Average Speed: 0.75s per batch
	--> Time from Last Check: 24.06s
--> Batch: 199, Loss: 0.1274, Label: 8, Survival Months: 51.67, Risk: -16.7976
	--> Average Speed: 0.57s per batch
	--> Time from Last Check: 18.19s
--> Batch: 249, Loss: 0.1326, Label: 11, Survival Months: 81.08, Risk: -16.7102
	--> Average Speed: 0.62s per batch
	--> Time from Last Check: 19.84s
--> Batch: 299, Loss: 0.1244, Label: 5, Survival Months: 37.25, Risk: -17.6067
	--> Average Speed: 0.48s per batch
	--> Time from Last Check: 15.37s
--> Batch: 349, Loss: 0.1246, Label: 4, Survival Months: 32.67, Risk: -16.8470
	--> Average Speed: 0.71s per batch
	--> Time from Last Check: 22.60s
--> Batch: 399, Loss: 0.1245, Label: 8, Survival Months: 51.33, Risk: -17.5787
	--> Average Speed: 0.51s per batch
	--> Time from Last Check: 16.25s
--> Batch: 449, Loss: 0.1306, Label: 12, Survival Months: 83.67, Risk: -17.1228
	--> Average Speed: 0.51s per batch
	--> Time from Last Check: 16.37s
--> Batch: 499, Loss: 0.1394, Label: 11, Survival Months: 81.00, Risk: -15.9850
	--> Average Speed: 0.80s per batch
	--> Time from Last Check: 25.76s
--> Batch: 549, Loss: 0.1735, Label: 16, Survival Months: 157.25, Risk: -17.2351
	--> Average Speed: 0.70s per batch
	--> Time from Last Check: 22.44s
--> Batch: 599, Loss: 0.1234, Label: 4, Survival Months: 33.58, Risk: -17.0676
	--> Average Speed: 0.34s per batch
	--> Time from Last Check: 10.75s
--> Batch: 649, Loss: 0.1227, Label: 5, Survival Months: 39.00, Risk: -17.7048
	--> Average Speed: 0.85s per batch
	--> Time from Last Check: 27.17s
--> Batch: 699, Loss: 0.1252, Label: 2, Survival Months: 24.08, Risk: -15.3658
	--> Average Speed: 0.86s per batch
	--> Time from Last Check: 27.58s
[05/01/2025 - 17:19:30] - Epoch: 17, lr: 0.00002500, train_loss: 0.3806, train_c_index: 0.9427
[05/01/2025 - 17:20:48] - Epoch: 17, val_loss: 0.6390, val_c_index: 0.5487
[05/01/2025 - 17:20:49] - Time elapsed for epoch 17: 379s
[05/01/2025 - 17:20:49] - Epoch: 18
--> Batch: 49, Loss: 0.1357, Label: 13, Survival Months: 93.92, Risk: -16.7580
	--> Average Speed: 0.74s per batch
	--> Time from Last Check: 23.56s
--> Batch: 99, Loss: 0.1236, Label: 6, Survival Months: 41.33, Risk: -16.8852
	--> Average Speed: 0.79s per batch
	--> Time from Last Check: 25.20s
--> Batch: 149, Loss: 0.1377, Label: 12, Survival Months: 86.92, Risk: -16.2854
	--> Average Speed: 0.61s per batch
	--> Time from Last Check: 19.37s
--> Batch: 199, Loss: 0.1222, Label: 1, Survival Months: 14.83, Risk: -17.2692
	--> Average Speed: 0.52s per batch
	--> Time from Last Check: 16.59s
--> Batch: 249, Loss: 1.8410, Label: 14, Survival Months: 119.92, Risk: -15.1531
	--> Average Speed: 0.46s per batch
	--> Time from Last Check: 14.58s
--> Batch: 299, Loss: 0.1216, Label: 5, Survival Months: 35.92, Risk: -17.3246
	--> Average Speed: 0.56s per batch
	--> Time from Last Check: 17.97s
--> Batch: 349, Loss: 1.3085, Label: 18, Survival Months: 242.58, Risk: -17.3724
	--> Average Speed: 0.51s per batch
	--> Time from Last Check: 16.34s
--> Batch: 399, Loss: 0.1450, Label: 15, Survival Months: 135.00, Risk: -17.5828
	--> Average Speed: 0.55s per batch
	--> Time from Last Check: 17.75s
--> Batch: 449, Loss: 0.1209, Label: 7, Survival Months: 47.92, Risk: -17.6120
	--> Average Speed: 0.97s per batch
	--> Time from Last Check: 31.16s
--> Batch: 499, Loss: 0.4379, Label: 19, Survival Months: 328.42, Risk: -17.2743
	--> Average Speed: 0.48s per batch
	--> Time from Last Check: 15.26s
--> Batch: 549, Loss: 0.1212, Label: 7, Survival Months: 45.58, Risk: -16.9816
	--> Average Speed: 0.70s per batch
	--> Time from Last Check: 22.36s
--> Batch: 599, Loss: 0.1449, Label: 15, Survival Months: 142.33, Risk: -17.5230
	--> Average Speed: 0.58s per batch
	--> Time from Last Check: 18.47s
--> Batch: 649, Loss: 0.1202, Label: 5, Survival Months: 38.83, Risk: -17.5625
	--> Average Speed: 0.54s per batch
	--> Time from Last Check: 17.35s
--> Batch: 699, Loss: 0.2404, Label: 12, Survival Months: 86.92, Risk: -11.1538
	--> Average Speed: 0.85s per batch
	--> Time from Last Check: 27.20s
[05/01/2025 - 17:25:41] - Epoch: 18, lr: 0.00002500, train_loss: 0.3765, train_c_index: 0.9471
[05/01/2025 - 17:27:03] - Epoch: 18, val_loss: 0.6425, val_c_index: 0.5961
[05/01/2025 - 17:27:03] - Time elapsed for epoch 18: 375s
[05/01/2025 - 17:27:03] - Epoch: 19
--> Batch: 49, Loss: 2.4894, Label: 15, Survival Months: 141.58, Risk: -15.8227
	--> Average Speed: 0.64s per batch
	--> Time from Last Check: 20.61s
--> Batch: 99, Loss: 0.1251, Label: 8, Survival Months: 52.00, Risk: -16.1193
	--> Average Speed: 0.49s per batch
	--> Time from Last Check: 15.56s
--> Batch: 149, Loss: 0.1198, Label: 3, Survival Months: 31.25, Risk: -16.9852
	--> Average Speed: 0.58s per batch
	--> Time from Last Check: 18.57s
--> Batch: 199, Loss: 0.2082, Label: 8, Survival Months: 48.67, Risk: -9.0586
	--> Average Speed: 0.40s per batch
	--> Time from Last Check: 12.92s
--> Batch: 249, Loss: 0.1193, Label: 2, Survival Months: 27.17, Risk: -17.2834
	--> Average Speed: 0.64s per batch
	--> Time from Last Check: 20.54s
--> Batch: 299, Loss: 0.1530, Label: 14, Survival Months: 117.42, Risk: -16.5823
	--> Average Speed: 0.60s per batch
	--> Time from Last Check: 19.24s
--> Batch: 349, Loss: 0.1732, Label: 15, Survival Months: 134.50, Risk: -16.4195
	--> Average Speed: 0.62s per batch
	--> Time from Last Check: 19.81s
--> Batch: 399, Loss: 0.1196, Label: 9, Survival Months: 54.58, Risk: -17.4213
	--> Average Speed: 0.73s per batch
	--> Time from Last Check: 23.43s
--> Batch: 449, Loss: 1.5118, Label: 1, Survival Months: 13.17, Risk: -2.8318
	--> Average Speed: 0.73s per batch
	--> Time from Last Check: 23.22s
--> Batch: 499, Loss: 2.0134, Label: 11, Survival Months: 76.00, Risk: -9.8890
	--> Average Speed: 0.48s per batch
	--> Time from Last Check: 15.33s
--> Batch: 549, Loss: 0.1191, Label: 10, Survival Months: 65.75, Risk: -17.8409
	--> Average Speed: 0.57s per batch
	--> Time from Last Check: 18.29s
--> Batch: 599, Loss: 0.1188, Label: 6, Survival Months: 41.33, Risk: -17.1736
	--> Average Speed: 0.39s per batch
	--> Time from Last Check: 12.41s
--> Batch: 649, Loss: 0.1536, Label: 15, Survival Months: 128.50, Risk: -17.1704
	--> Average Speed: 0.59s per batch
	--> Time from Last Check: 18.82s
--> Batch: 699, Loss: 0.1522, Label: 15, Survival Months: 126.83, Risk: -17.1728
	--> Average Speed: 0.67s per batch
	--> Time from Last Check: 21.53s
[05/01/2025 - 17:31:32] - Epoch: 19, lr: 0.00001250, train_loss: 0.3686, train_c_index: 0.9486
[05/01/2025 - 17:32:45] - Epoch: 19, val_loss: 0.6468, val_c_index: 0.5881
[05/01/2025 - 17:32:45] - Time elapsed for epoch 19: 341s
[05/01/2025 - 17:32:45] - Epoch: 20
--> Batch: 49, Loss: 1.4062, Label: 18, Survival Months: 212.58, Risk: -17.0462
	--> Average Speed: 0.90s per batch
	--> Time from Last Check: 28.90s
--> Batch: 99, Loss: 0.1187, Label: 6, Survival Months: 41.58, Risk: -16.8480
	--> Average Speed: 0.41s per batch
	--> Time from Last Check: 13.07s
--> Batch: 149, Loss: 0.1365, Label: 6, Survival Months: 43.17, Risk: -12.1202
	--> Average Speed: 1.00s per batch
	--> Time from Last Check: 31.92s
--> Batch: 199, Loss: 0.1275, Label: 13, Survival Months: 97.08, Risk: -16.9991
	--> Average Speed: 0.62s per batch
	--> Time from Last Check: 19.94s
--> Batch: 249, Loss: 0.1176, Label: 0, Survival Months: 2.50, Risk: -17.6608
	--> Average Speed: 0.26s per batch
	--> Time from Last Check: 8.24s
--> Batch: 299, Loss: 1.2953, Label: 18, Survival Months: 214.42, Risk: -17.7816
	--> Average Speed: 0.59s per batch
	--> Time from Last Check: 18.95s
--> Batch: 349, Loss: 2.3836, Label: 8, Survival Months: 51.33, Risk: -7.9899
	--> Average Speed: 0.44s per batch
	--> Time from Last Check: 14.08s
--> Batch: 399, Loss: 0.1679, Label: 16, Survival Months: 160.83, Risk: -17.2579
	--> Average Speed: 0.48s per batch
	--> Time from Last Check: 15.24s
--> Batch: 449, Loss: 0.1366, Label: 14, Survival Months: 113.58, Risk: -17.5173
	--> Average Speed: 0.41s per batch
	--> Time from Last Check: 13.13s
--> Batch: 499, Loss: 0.1186, Label: 0, Survival Months: 0.58, Risk: -13.2965
	--> Average Speed: 0.55s per batch
	--> Time from Last Check: 17.62s
--> Batch: 549, Loss: 0.1579, Label: 14, Survival Months: 114.25, Risk: -16.4749
	--> Average Speed: 0.77s per batch
	--> Time from Last Check: 24.49s
--> Batch: 599, Loss: 0.1657, Label: 14, Survival Months: 109.08, Risk: -15.9301
	--> Average Speed: 0.79s per batch
	--> Time from Last Check: 25.31s
--> Batch: 649, Loss: 0.3732, Label: 17, Survival Months: 190.75, Risk: -13.3128
	--> Average Speed: 0.34s per batch
	--> Time from Last Check: 10.91s
--> Batch: 699, Loss: 0.1191, Label: 11, Survival Months: 75.42, Risk: -17.6942
	--> Average Speed: 1.15s per batch
	--> Time from Last Check: 36.83s
[05/01/2025 - 17:37:29] - Epoch: 20, lr: 0.00001250, train_loss: 0.3674, train_c_index: 0.9458
--> Saving model into checkpoints/MCAT_TCGA-BRCA_E20_202501051737.pt
[05/01/2025 - 17:38:40] - Epoch: 20, val_loss: 0.6583, val_c_index: 0.5434
[05/01/2025 - 17:38:40] - Time elapsed for epoch 20: 355s

################# [05/01/2025 - 17:38:40] - Training completed #################

################# [05/01/2025 - 17:38:40] - Validation started #################
[05/01/2025 - 17:39:43] - Final Validation, val_loss: 0.6583, val_c_index: 0.5434
[05/01/2025 - 17:39:43] - Time elapsed for Validation: 63s

################ [05/01/2025 - 17:39:43] - Validation completed ################

################### [05/01/2025 - 17:39:46] - MCAT finished ####################
