Environment conda activated
Job 2503563 started

#################### [05/01/2025 - 13:49:57] - MCAT started ####################
HOSTNAME: lurcanio

WANDB: setting up for report

CUDA: available
--> Device count: 1
--> Using device: NVIDIA GeForce RTX 2080 Ti
--> Running on CUDA

DATASET: TCGA data only
--> Remaining samples after removing incomplete: 910
--> Class intervals: [
	0: [0.00 - 4.83]
	1: [4.83 - 20.15]
	2: [20.15 - 28.14]
	3: [28.14 - 32.06]
	4: [32.06 - 35.42]
	5: [35.42 - 39.06]
	6: [39.06 - 43.86]
	7: [43.86 - 48.08]
	8: [48.08 - 52.18]
	9: [52.18 - 58.96]
	10: [58.96 - 68.74]
	11: [68.74 - 81.17]
	12: [81.17 - 93.39]
	13: [93.39 - 105.96]
	14: [105.96 - 124.19]
	15: [124.19 - 146.93]
	16: [146.93 - 179.46]
	17: [179.46 - 207.62]
	18: [207.62 - 269.79]
	19: [269.79 - 593.83]
    ]
--> Standardizing RNA-seq data
--> Signatures size: [19938]
--> Using 80% train, 20% validation
--> Training Set: [728], Validation Set: [182]

MODEL: MCAT
--> Trainable parameters of MCAT: 8401686
--> Loss function: CrossEntropySurvivalLoss
--> Optimizer: adam

################## [05/01/2025 - 13:50:34] - Training started ##################
[05/01/2025 - 13:50:34] - Epoch: 1
--> Batch: 49, Loss: 9.4277, Label: 12, Survival Months: 84.42, Risk: -3.6604
	--> Average Speed: 0.73s per batch
	--> Time from Last Check: 23.32s
--> Batch: 99, Loss: 7.2787, Label: 10, Survival Months: 63.50, Risk: -17.3640
	--> Average Speed: 0.39s per batch
	--> Time from Last Check: 12.57s
--> Batch: 149, Loss: 5.8475, Label: 5, Survival Months: 36.75, Risk: -13.9064
	--> Average Speed: 0.57s per batch
	--> Time from Last Check: 18.14s
--> Batch: 199, Loss: 4.7002, Label: 8, Survival Months: 50.92, Risk: -11.2674
	--> Average Speed: 0.59s per batch
	--> Time from Last Check: 18.74s
--> Batch: 249, Loss: 3.4645, Label: 12, Survival Months: 85.50, Risk: -16.7986
	--> Average Speed: 0.83s per batch
	--> Time from Last Check: 26.53s
--> Batch: 299, Loss: 2.6842, Label: 16, Survival Months: 160.42, Risk: -17.2118
	--> Average Speed: 0.67s per batch
	--> Time from Last Check: 21.55s
--> Batch: 349, Loss: 2.0799, Label: 15, Survival Months: 134.25, Risk: -14.1155
	--> Average Speed: 0.37s per batch
	--> Time from Last Check: 11.70s
--> Batch: 399, Loss: 1.6470, Label: 14, Survival Months: 119.50, Risk: -11.3208
	--> Average Speed: 0.62s per batch
	--> Time from Last Check: 19.82s
--> Batch: 449, Loss: 3.7713, Label: 1, Survival Months: 18.92, Risk: -11.9747
	--> Average Speed: 0.69s per batch
	--> Time from Last Check: 22.06s
--> Batch: 499, Loss: 0.8536, Label: 12, Survival Months: 83.08, Risk: -15.0452
	--> Average Speed: 0.66s per batch
	--> Time from Last Check: 21.26s
--> Batch: 549, Loss: 1.9377, Label: 18, Survival Months: 214.42, Risk: -15.3532
	--> Average Speed: 1.05s per batch
	--> Time from Last Check: 33.48s
--> Batch: 599, Loss: 2.8636, Label: 15, Survival Months: 146.58, Risk: -16.1207
	--> Average Speed: 0.77s per batch
	--> Time from Last Check: 24.62s
--> Batch: 649, Loss: 0.5049, Label: 6, Survival Months: 41.58, Risk: -13.2887
	--> Average Speed: 0.60s per batch
	--> Time from Last Check: 19.33s
--> Batch: 699, Loss: 0.5674, Label: 13, Survival Months: 102.42, Risk: -12.3095
	--> Average Speed: 0.82s per batch
	--> Time from Last Check: 26.25s
[05/01/2025 - 13:55:51] - Epoch: 1, lr: 0.00100000, train_loss: 3.6688, train_c_index: 0.5381
[05/01/2025 - 13:57:15] - Epoch: 1, val_loss: 0.8143, val_c_index: 0.5295
[05/01/2025 - 13:57:15] - Time elapsed for epoch 1: 402s
[05/01/2025 - 13:57:15] - Epoch: 2
