Environment conda activated
Job 2507167 started

#################### [15/01/2025 - 15:44:05] - MCAT started ####################
HOSTNAME: rezzonico

WANDB: setting up for report

CUDA: available
--> Device count: 1
--> Using device: Quadro RTX 5000
--> Running on CUDA

DATASET: Loading data
--> Gene Expression loaded
--> Methylation loaded
--> Remaining samples after removing incomplete: 1039
--> Class intervals: [
	0: [0.00 - 2.57]
	1: [2.57 - 17.70]
	2: [17.70 - 26.37]
	3: [26.37 - 31.25]
	4: [31.25 - 34.71]
	5: [34.71 - 38.03]
	6: [38.03 - 42.94]
	7: [42.94 - 47.45]
	8: [47.45 - 51.69]
	9: [51.69 - 58.17]
	10: [58.17 - 67.10]
	11: [67.10 - 79.80]
	12: [79.80 - 88.56]
	13: [88.56 - 102.25]
	14: [102.25 - 120.62]
	15: [120.62 - 141.88]
	16: [141.88 - 174.40]
	17: [174.40 - 205.88]
	18: [205.88 - 263.29]
	19: [263.29 - 593.83]
    ]
--> Standardizing RNA-seq data
--> Standardizing Methylation Islands beta values
--> Gene Expression Signatures size: [19938]
--> Methylation Signatures size: [4522]
--> Using 80% training, 20% validation

###################### [15/01/2025 - 15:44:37] - Fold n°1 ######################

MODEL: MCAT
--> Trainable parameters of MCAT: 9362966
--> Loss function: CrossEntropySurvivalLoss
--> Optimizer: adam

############ [15/01/2025 - 15:44:38] - Training started (Fold n°1) #############
[15/01/2025 - 15:44:38] - Epoch: 1
--> Batch: 49, Loss: 0.9088, Label: 13, Survival Months: 89.33, Risk: -1.1192
	--> Average Speed: 0.07s per batch
	--> Time from Last Check: 2.22s
--> Batch: 99, Loss: 0.0576, Label: 0, Survival Months: 2.50, Risk: -1.2449
	--> Average Speed: 0.05s per batch
	--> Time from Last Check: 1.46s
--> Batch: 149, Loss: 0.0490, Label: 0, Survival Months: 0.00, Risk: -1.5377
	--> Average Speed: 0.05s per batch
	--> Time from Last Check: 1.45s
--> Batch: 199, Loss: 0.2884, Label: 6, Survival Months: 41.58, Risk: -1.9876
	--> Average Speed: 0.04s per batch
	--> Time from Last Check: 1.43s
--> Batch: 249, Loss: 0.4646, Label: 15, Survival Months: 132.25, Risk: -3.9479
	--> Average Speed: 0.05s per batch
	--> Time from Last Check: 1.45s
--> Batch: 299, Loss: 0.0530, Label: 9, Survival Months: 52.92, Risk: -10.8839
	--> Average Speed: 0.05s per batch
	--> Time from Last Check: 1.46s
--> Batch: 349, Loss: 0.0105, Label: 2, Survival Months: 21.50, Risk: -12.2811
	--> Average Speed: 0.04s per batch
	--> Time from Last Check: 1.32s
--> Batch: 399, Loss: 0.0021, Label: 1, Survival Months: 14.00, Risk: -15.1585
	--> Average Speed: 0.04s per batch
	--> Time from Last Check: 1.43s
--> Batch: 449, Loss: 0.0106, Label: 3, Survival Months: 28.58, Risk: -13.0419
	--> Average Speed: 0.04s per batch
	--> Time from Last Check: 1.41s
--> Batch: 499, Loss: 2.5733, Label: 14, Survival Months: 110.33, Risk: -12.2354
	--> Average Speed: 0.04s per batch
	--> Time from Last Check: 1.22s
--> Batch: 549, Loss: 0.1928, Label: 18, Survival Months: 207.42, Risk: -13.5116
	--> Average Speed: 0.02s per batch
	--> Time from Last Check: 0.76s
--> Batch: 599, Loss: 0.0330, Label: 8, Survival Months: 50.92, Risk: -11.7873
	--> Average Speed: 0.02s per batch
	--> Time from Last Check: 0.72s
--> Batch: 649, Loss: 0.2068, Label: 18, Survival Months: 220.42, Risk: -13.1203
	--> Average Speed: 0.03s per batch
	--> Time from Last Check: 0.84s
--> Batch: 699, Loss: 0.2789, Label: 19, Survival Months: 346.58, Risk: -12.6623
	--> Average Speed: 0.04s per batch
	--> Time from Last Check: 1.27s
--> Batch: 749, Loss: 0.1138, Label: 15, Survival Months: 126.83, Risk: -12.1790
	--> Average Speed: 0.04s per batch
	--> Time from Last Check: 1.28s
--> Batch: 799, Loss: 0.2163, Label: 18, Survival Months: 215.83, Risk: -11.8575
	--> Average Speed: 0.04s per batch
	--> Time from Last Check: 1.42s
[15/01/2025 - 15:45:00] - Epoch: 1, lr: 0.00010000, training_loss: 0.6676, training_c_index: 0.4449
[15/01/2025 - 15:45:02] - Epoch: 1, validation_loss: 0.3250, validation_c_index: 0.5185
--> New BEST Validation Score: 0.4860, validation_loss: 0.3250, validation_c_index: 0.5185
--> Current BEST Score: 0.4860
	--> validation_loss: 0.3250
	--> best validation_c_index: 0.5185
[15/01/2025 - 15:45:02] - Time elapsed for epoch 1: 24s
[15/01/2025 - 15:45:02] - Epoch: 2
--> Batch: 49, Loss: 0.1490, Label: 17, Survival Months: 197.58, Risk: -11.3195
	--> Average Speed: 0.04s per batch
	--> Time from Last Check: 1.43s
--> Batch: 99, Loss: 0.2453, Label: 19, Survival Months: 333.75, Risk: -14.2612
	--> Average Speed: 0.04s per batch
	--> Time from Last Check: 1.40s
--> Batch: 149, Loss: 0.0120, Label: 6, Survival Months: 39.67, Risk: -13.7552
	--> Average Speed: 0.05s per batch
	--> Time from Last Check: 1.44s
--> Batch: 199, Loss: 0.3011, Label: 19, Survival Months: 329.75, Risk: -12.2275
	--> Average Speed: 0.04s per batch
	--> Time from Last Check: 1.43s
--> Batch: 249, Loss: 0.1766, Label: 16, Survival Months: 166.50, Risk: -9.8820
	--> Average Speed: 0.04s per batch
	--> Time from Last Check: 1.41s
--> Batch: 299, Loss: 0.0137, Label: 3, Survival Months: 26.67, Risk: -12.7969
	--> Average Speed: 0.04s per batch
	--> Time from Last Check: 1.39s
--> Batch: 349, Loss: 0.0696, Label: 13, Survival Months: 93.92, Risk: -12.3805
	--> Average Speed: 0.04s per batch
	--> Time from Last Check: 1.42s
--> Batch: 399, Loss: 0.0049, Label: 1, Survival Months: 16.33, Risk: -13.3996
	--> Average Speed: 0.05s per batch
	--> Time from Last Check: 1.45s
--> Batch: 449, Loss: 0.0086, Label: 5, Survival Months: 36.58, Risk: -14.6333
	--> Average Speed: 0.05s per batch
	--> Time from Last Check: 1.44s
--> Batch: 499, Loss: 0.0111, Label: 7, Survival Months: 46.67, Risk: -14.8659
	--> Average Speed: 0.05s per batch
	--> Time from Last Check: 1.45s
--> Batch: 549, Loss: 3.3753, Label: 8, Survival Months: 51.00, Risk: -13.4511
	--> Average Speed: 0.05s per batch
	--> Time from Last Check: 1.47s
--> Batch: 599, Loss: 0.0060, Label: 1, Survival Months: 4.92, Risk: -13.3090
	--> Average Speed: 0.05s per batch
	--> Time from Last Check: 1.45s
--> Batch: 649, Loss: 0.0524, Label: 12, Survival Months: 83.08, Risk: -12.7497
	--> Average Speed: 0.04s per batch
	--> Time from Last Check: 1.38s
--> Batch: 699, Loss: 0.0797, Label: 13, Survival Months: 94.83, Risk: -11.4482
	--> Average Speed: 0.04s per batch
	--> Time from Last Check: 1.43s
--> Batch: 749, Loss: 2.9303, Label: 16, Survival Months: 149.42, Risk: -10.9894
	--> Average Speed: 0.05s per batch
	--> Time from Last Check: 1.46s
--> Batch: 799, Loss: 0.0134, Label: 4, Survival Months: 32.00, Risk: -13.5909
	--> Average Speed: 0.05s per batch
	--> Time from Last Check: 1.46s
[15/01/2025 - 15:45:26] - Epoch: 2, lr: 0.00009900, training_loss: 0.3888, training_c_index: 0.5690
[15/01/2025 - 15:45:28] - Epoch: 2, validation_loss: 0.3278, validation_c_index: 0.4760
--> No improvement in validation_loss or validation_c_index for 1 epoch(s)
--> Current BEST Score: 0.4860
	--> validation_loss: 0.3250
	--> best validation_c_index: 0.5185
[15/01/2025 - 15:45:28] - Time elapsed for epoch 2: 25s
[15/01/2025 - 15:45:28] - Epoch: 3
--> Batch: 49, Loss: 0.2726, Label: 19, Survival Months: 281.17, Risk: -14.1814
	--> Average Speed: 0.05s per batch
	--> Time from Last Check: 1.65s
--> Batch: 99, Loss: 0.0525, Label: 11, Survival Months: 72.08, Risk: -11.9627
	--> Average Speed: 0.05s per batch
	--> Time from Last Check: 1.45s
--> Batch: 149, Loss: 0.0251, Label: 7, Survival Months: 47.25, Risk: -12.4321
	--> Average Speed: 0.05s per batch
	--> Time from Last Check: 1.45s
--> Batch: 199, Loss: 0.0106, Label: 5, Survival Months: 35.67, Risk: -14.3554
	--> Average Speed: 0.05s per batch
	--> Time from Last Check: 1.45s
--> Batch: 249, Loss: 0.0568, Label: 15, Survival Months: 127.33, Risk: -14.4796
	--> Average Speed: 0.04s per batch
	--> Time from Last Check: 1.41s
--> Batch: 299, Loss: 0.0426, Label: 14, Survival Months: 109.00, Risk: -14.8176
	--> Average Speed: 0.05s per batch
	--> Time from Last Check: 1.44s
--> Batch: 349, Loss: 3.6995, Label: 3, Survival Months: 28.00, Risk: -14.9467
	--> Average Speed: 0.04s per batch
	--> Time from Last Check: 1.40s
--> Batch: 399, Loss: 0.0574, Label: 13, Survival Months: 96.83, Risk: -12.7092
	--> Average Speed: 0.05s per batch
	--> Time from Last Check: 1.44s
--> Batch: 449, Loss: 0.0190, Label: 6, Survival Months: 39.25, Risk: -12.5057
	--> Average Speed: 0.05s per batch
	--> Time from Last Check: 1.48s
--> Batch: 499, Loss: 0.0340, Label: 13, Survival Months: 90.42, Risk: -14.7223
	--> Average Speed: 0.05s per batch
	--> Time from Last Check: 1.48s
--> Batch: 549, Loss: 0.1633, Label: 18, Survival Months: 220.42, Risk: -14.5764
	--> Average Speed: 0.05s per batch
	--> Time from Last Check: 1.46s
--> Batch: 599, Loss: 0.2462, Label: 18, Survival Months: 210.08, Risk: -10.8543
	--> Average Speed: 0.05s per batch
	--> Time from Last Check: 1.48s
--> Batch: 649, Loss: 0.0204, Label: 11, Survival Months: 69.75, Risk: -15.3906
	--> Average Speed: 0.05s per batch
	--> Time from Last Check: 1.44s
--> Batch: 699, Loss: 0.0044, Label: 2, Survival Months: 17.92, Risk: -14.8569
	--> Average Speed: 0.05s per batch
	--> Time from Last Check: 1.45s
--> Batch: 749, Loss: 0.0441, Label: 15, Survival Months: 128.92, Risk: -15.6847
	--> Average Speed: 0.04s per batch
	--> Time from Last Check: 1.42s
--> Batch: 799, Loss: 0.0115, Label: 3, Survival Months: 29.83, Risk: -13.1103
	--> Average Speed: 0.04s per batch
	--> Time from Last Check: 1.43s
[15/01/2025 - 15:45:52] - Epoch: 3, lr: 0.00009801, training_loss: 0.3700, training_c_index: 0.6884
[15/01/2025 - 15:45:53] - Epoch: 3, validation_loss: 0.3888, validation_c_index: 0.3726
--> No improvement in validation_loss or validation_c_index for 2 epoch(s)
--> Current BEST Score: 0.4860
	--> validation_loss: 0.3250
	--> best validation_c_index: 0.5185
[15/01/2025 - 15:45:53] - Time elapsed for epoch 3: 26s
[15/01/2025 - 15:45:53] - Epoch: 4
--> Batch: 49, Loss: 0.0240, Label: 15, Survival Months: 123.75, Risk: -16.9680
	--> Average Speed: 0.05s per batch
	--> Time from Last Check: 1.61s
--> Batch: 99, Loss: 0.0063, Label: 10, Survival Months: 62.83, Risk: -16.8165
	--> Average Speed: 0.04s per batch
	--> Time from Last Check: 1.42s
--> Batch: 149, Loss: 0.1298, Label: 12, Survival Months: 87.25, Risk: -8.3832
	--> Average Speed: 0.04s per batch
	--> Time from Last Check: 1.40s
--> Batch: 199, Loss: 0.0354, Label: 5, Survival Months: 36.58, Risk: -9.5722
	--> Average Speed: 0.04s per batch
	--> Time from Last Check: 1.44s
--> Batch: 249, Loss: 3.5271, Label: 15, Survival Months: 141.58, Risk: -16.6622
	--> Average Speed: 0.04s per batch
	--> Time from Last Check: 1.38s
--> Batch: 299, Loss: 0.0903, Label: 13, Survival Months: 94.83, Risk: -10.9171
	--> Average Speed: 0.04s per batch
	--> Time from Last Check: 1.24s
--> Batch: 349, Loss: 2.6886, Label: 12, Survival Months: 83.67, Risk: -11.9137
	--> Average Speed: 0.05s per batch
	--> Time from Last Check: 1.45s
--> Batch: 399, Loss: 0.0725, Label: 17, Survival Months: 193.08, Risk: -15.6129
	--> Average Speed: 0.05s per batch
	--> Time from Last Check: 1.47s
--> Batch: 449, Loss: 0.0410, Label: 5, Survival Months: 35.67, Risk: -8.5842
	--> Average Speed: 0.05s per batch
	--> Time from Last Check: 1.45s
--> Batch: 499, Loss: 0.1009, Label: 17, Survival Months: 186.67, Risk: -14.2484
	--> Average Speed: 0.05s per batch
	--> Time from Last Check: 1.45s
--> Batch: 549, Loss: 0.0038, Label: 4, Survival Months: 33.08, Risk: -15.5234
	--> Average Speed: 0.03s per batch
	--> Time from Last Check: 0.85s
--> Batch: 599, Loss: 0.0169, Label: 11, Survival Months: 73.17, Risk: -15.4403
	--> Average Speed: 0.03s per batch
	--> Time from Last Check: 0.90s
--> Batch: 649, Loss: 2.4878, Label: 7, Survival Months: 43.67, Risk: -7.8309
	--> Average Speed: 0.03s per batch
	--> Time from Last Check: 0.90s
--> Batch: 699, Loss: 0.0275, Label: 8, Survival Months: 50.50, Risk: -12.6268
	--> Average Speed: 0.02s per batch
	--> Time from Last Check: 0.79s
--> Batch: 749, Loss: 0.0004, Label: 0, Survival Months: 0.58, Risk: -15.9725
	--> Average Speed: 0.02s per batch
	--> Time from Last Check: 0.77s
--> Batch: 799, Loss: 0.0639, Label: 17, Survival Months: 197.58, Risk: -16.2389
	--> Average Speed: 0.03s per batch
	--> Time from Last Check: 0.85s
[15/01/2025 - 15:46:14] - Epoch: 4, lr: 0.00009703, training_loss: 0.3464, training_c_index: 0.7992
[15/01/2025 - 15:46:15] - Epoch: 4, validation_loss: 0.3852, validation_c_index: 0.4740
--> No improvement in validation_loss or validation_c_index for 3 epoch(s)
--> Current BEST Score: 0.4860
	--> validation_loss: 0.3250
	--> best validation_c_index: 0.5185
[15/01/2025 - 15:46:15] - Time elapsed for epoch 4: 22s
[15/01/2025 - 15:46:15] - Epoch: 5
--> Batch: 49, Loss: 0.0043, Label: 4, Survival Months: 33.50, Risk: -15.8402
	--> Average Speed: 0.04s per batch
	--> Time from Last Check: 1.39s
--> Batch: 99, Loss: 0.0248, Label: 10, Survival Months: 63.42, Risk: -13.3486
	--> Average Speed: 0.05s per batch
	--> Time from Last Check: 1.46s
--> Batch: 149, Loss: 0.0030, Label: 5, Survival Months: 37.92, Risk: -16.3097
	--> Average Speed: 0.05s per batch
	--> Time from Last Check: 1.48s
--> Batch: 199, Loss: 0.0132, Label: 3, Survival Months: 27.67, Risk: -12.3807
	--> Average Speed: 0.05s per batch
	--> Time from Last Check: 1.46s
--> Batch: 249, Loss: 0.0682, Label: 12, Survival Months: 83.67, Risk: -11.6691
	--> Average Speed: 0.05s per batch
	--> Time from Last Check: 1.47s
--> Batch: 299, Loss: 0.0682, Label: 17, Survival Months: 182.75, Risk: -16.0829
	--> Average Speed: 0.05s per batch
	--> Time from Last Check: 1.47s
--> Batch: 349, Loss: 0.1010, Label: 18, Survival Months: 226.50, Risk: -17.0656
	--> Average Speed: 0.05s per batch
	--> Time from Last Check: 1.47s
--> Batch: 399, Loss: 0.0037, Label: 8, Survival Months: 47.83, Risk: -16.5056
	--> Average Speed: 0.04s per batch
	--> Time from Last Check: 1.43s
--> Batch: 449, Loss: 0.0350, Label: 15, Survival Months: 123.75, Risk: -16.5074
	--> Average Speed: 0.04s per batch
	--> Time from Last Check: 1.42s
--> Batch: 499, Loss: 0.0563, Label: 16, Survival Months: 165.92, Risk: -15.8398
	--> Average Speed: 0.05s per batch
	--> Time from Last Check: 1.47s
--> Batch: 549, Loss: 0.0108, Label: 5, Survival Months: 35.17, Risk: -13.1463
	--> Average Speed: 0.05s per batch
	--> Time from Last Check: 1.47s
--> Batch: 599, Loss: 0.0311, Label: 10, Survival Months: 63.25, Risk: -13.1428
	--> Average Speed: 0.05s per batch
	--> Time from Last Check: 1.47s
--> Batch: 649, Loss: 0.0839, Label: 13, Survival Months: 96.33, Risk: -11.8516
	--> Average Speed: 0.04s per batch
	--> Time from Last Check: 1.43s
--> Batch: 699, Loss: 0.0705, Label: 11, Survival Months: 76.50, Risk: -10.9574
	--> Average Speed: 0.05s per batch
	--> Time from Last Check: 1.46s
--> Batch: 749, Loss: 3.0010, Label: 13, Survival Months: 92.00, Risk: -12.7055
	--> Average Speed: 0.05s per batch
	--> Time from Last Check: 1.46s
--> Batch: 799, Loss: 1.7661, Label: 1, Survival Months: 13.33, Risk: -4.0974
	--> Average Speed: 0.05s per batch
	--> Time from Last Check: 1.45s
[15/01/2025 - 15:46:40] - Epoch: 5, lr: 0.00009606, training_loss: 0.3149, training_c_index: 0.8764
[15/01/2025 - 15:46:41] - Epoch: 5, validation_loss: 0.4834, validation_c_index: 0.4212
--> No improvement in validation_loss or validation_c_index for 4 epoch(s)
--> Current BEST Score: 0.4860
	--> validation_loss: 0.3250
	--> best validation_c_index: 0.5185
[15/01/2025 - 15:46:41] - Time elapsed for epoch 5: 26s
[15/01/2025 - 15:46:41] - Epoch: 6
--> Batch: 49, Loss: 0.0401, Label: 16, Survival Months: 174.25, Risk: -16.8370
	--> Average Speed: 0.05s per batch
	--> Time from Last Check: 1.73s
--> Batch: 99, Loss: 0.0009, Label: 5, Survival Months: 37.33, Risk: -16.9994
	--> Average Speed: 0.04s per batch
	--> Time from Last Check: 1.44s
--> Batch: 149, Loss: 0.0941, Label: 17, Survival Months: 200.50, Risk: -15.9736
	--> Average Speed: 0.05s per batch
	--> Time from Last Check: 1.44s
--> Batch: 199, Loss: 0.0051, Label: 12, Survival Months: 85.42, Risk: -17.0959
	--> Average Speed: 0.04s per batch
	--> Time from Last Check: 1.43s
--> Batch: 249, Loss: 0.0005, Label: 6, Survival Months: 42.50, Risk: -17.5974
	--> Average Speed: 0.04s per batch
	--> Time from Last Check: 1.44s
--> Batch: 299, Loss: 0.0063, Label: 13, Survival Months: 94.83, Risk: -17.4315
	--> Average Speed: 0.04s per batch
	--> Time from Last Check: 1.42s
--> Batch: 349, Loss: 2.4874, Label: 7, Survival Months: 45.67, Risk: -4.2118
	--> Average Speed: 0.05s per batch
	--> Time from Last Check: 1.45s
--> Batch: 399, Loss: 0.0018, Label: 6, Survival Months: 39.58, Risk: -16.6915
	--> Average Speed: 0.05s per batch
	--> Time from Last Check: 1.45s
--> Batch: 449, Loss: 0.0057, Label: 10, Survival Months: 58.58, Risk: -16.2729
	--> Average Speed: 0.04s per batch
	--> Time from Last Check: 1.40s
--> Batch: 499, Loss: 0.0014, Label: 2, Survival Months: 25.25, Risk: -15.7212
	--> Average Speed: 0.04s per batch
	--> Time from Last Check: 1.42s
--> Batch: 549, Loss: 0.0064, Label: 3, Survival Months: 31.25, Risk: -14.1563
	--> Average Speed: 0.05s per batch
	--> Time from Last Check: 1.47s
--> Batch: 599, Loss: 0.0382, Label: 16, Survival Months: 157.25, Risk: -16.7343
	--> Average Speed: 0.05s per batch
	--> Time from Last Check: 1.49s
--> Batch: 649, Loss: 2.1770, Label: 14, Survival Months: 119.92, Risk: -15.6278
	--> Average Speed: 0.04s per batch
	--> Time from Last Check: 1.43s
--> Batch: 699, Loss: 0.0183, Label: 14, Survival Months: 113.25, Risk: -16.8578
	--> Average Speed: 0.05s per batch
	--> Time from Last Check: 1.48s
--> Batch: 749, Loss: 0.0049, Label: 11, Survival Months: 75.42, Risk: -16.9087
	--> Average Speed: 0.02s per batch
	--> Time from Last Check: 0.77s
--> Batch: 799, Loss: 0.0290, Label: 9, Survival Months: 55.33, Risk: -11.7678
	--> Average Speed: 0.02s per batch
	--> Time from Last Check: 0.65s
[15/01/2025 - 15:47:03] - Epoch: 6, lr: 0.00009510, training_loss: 0.3001, training_c_index: 0.8949
[15/01/2025 - 15:47:05] - Epoch: 6, validation_loss: 0.4405, validation_c_index: 0.4760
--> No improvement in validation_loss or validation_c_index for 5 epoch(s)
--> Current BEST Score: 0.4860
	--> validation_loss: 0.3250
	--> best validation_c_index: 0.5185
[15/01/2025 - 15:47:05] - Time elapsed for epoch 6: 24s
[15/01/2025 - 15:47:05] - Epoch: 7
--> Batch: 49, Loss: 0.0047, Label: 6, Survival Months: 42.17, Risk: -14.7110
	--> Average Speed: 0.05s per batch
	--> Time from Last Check: 1.58s
--> Batch: 99, Loss: 0.0009, Label: 3, Survival Months: 30.17, Risk: -16.7887
	--> Average Speed: 0.04s per batch
	--> Time from Last Check: 1.42s
--> Batch: 149, Loss: 0.0147, Label: 14, Survival Months: 107.33, Risk: -16.9888
	--> Average Speed: 0.05s per batch
	--> Time from Last Check: 1.44s
--> Batch: 199, Loss: 0.0016, Label: 10, Survival Months: 60.58, Risk: -17.3539
	--> Average Speed: 0.05s per batch
	--> Time from Last Check: 1.47s
--> Batch: 249, Loss: 0.0049, Label: 4, Survival Months: 33.50, Risk: -14.6168
	--> Average Speed: 0.05s per batch
	--> Time from Last Check: 1.47s
--> Batch: 299, Loss: 4.4151, Label: 7, Survival Months: 46.50, Risk: -15.9009
	--> Average Speed: 0.05s per batch
	--> Time from Last Check: 1.46s
--> Batch: 349, Loss: 0.0011, Label: 2, Survival Months: 19.25, Risk: -15.5942
	--> Average Speed: 0.05s per batch
	--> Time from Last Check: 1.47s
--> Batch: 399, Loss: 0.0225, Label: 6, Survival Months: 38.42, Risk: -10.6634
	--> Average Speed: 0.04s per batch
	--> Time from Last Check: 1.44s
--> Batch: 449, Loss: 0.0083, Label: 10, Survival Months: 60.50, Risk: -15.7663
	--> Average Speed: 0.05s per batch
	--> Time from Last Check: 1.46s
--> Batch: 499, Loss: 0.0165, Label: 14, Survival Months: 118.08, Risk: -17.0920
	--> Average Speed: 0.04s per batch
	--> Time from Last Check: 1.40s
--> Batch: 549, Loss: 2.6510, Label: 15, Survival Months: 137.42, Risk: -9.9976
	--> Average Speed: 0.04s per batch
	--> Time from Last Check: 1.43s
--> Batch: 599, Loss: 0.0038, Label: 1, Survival Months: 6.33, Risk: -12.1550
	--> Average Speed: 0.05s per batch
	--> Time from Last Check: 1.45s
--> Batch: 649, Loss: 0.0062, Label: 3, Survival Months: 30.42, Risk: -12.7538
	--> Average Speed: 0.05s per batch
	--> Time from Last Check: 1.46s
--> Batch: 699, Loss: 2.0669, Label: 18, Survival Months: 260.50, Risk: -14.0983
	--> Average Speed: 0.04s per batch
	--> Time from Last Check: 1.43s
--> Batch: 749, Loss: 0.0000, Label: 0, Survival Months: 2.50, Risk: -17.4940
	--> Average Speed: 0.05s per batch
	--> Time from Last Check: 1.48s
--> Batch: 799, Loss: 0.0003, Label: 7, Survival Months: 47.25, Risk: -17.7623
	--> Average Speed: 0.04s per batch
	--> Time from Last Check: 1.44s
[15/01/2025 - 15:47:29] - Epoch: 7, lr: 0.00009415, training_loss: 0.2882, training_c_index: 0.9187
[15/01/2025 - 15:47:31] - Epoch: 7, validation_loss: 0.4329, validation_c_index: 0.5390
--> New BEST Validation Score: 0.4958, validation_loss: 0.4329, validation_c_index: 0.5390
--> Current BEST Score: 0.4958
	--> validation_loss: 0.4329
	--> best validation_c_index: 0.5390
[15/01/2025 - 15:47:31] - Time elapsed for epoch 7: 26s
[15/01/2025 - 15:47:31] - Epoch: 8
--> Batch: 49, Loss: 0.0001, Label: 1, Survival Months: 14.17, Risk: -17.2089
	--> Average Speed: 0.05s per batch
	--> Time from Last Check: 1.54s
--> Batch: 99, Loss: 0.2419, Label: 19, Survival Months: 273.92, Risk: -17.7013
	--> Average Speed: 0.04s per batch
	--> Time from Last Check: 1.44s
--> Batch: 149, Loss: 0.0001, Label: 5, Survival Months: 38.00, Risk: -17.9203
	--> Average Speed: 0.05s per batch
	--> Time from Last Check: 1.46s
--> Batch: 199, Loss: 0.0004, Label: 0, Survival Months: 0.83, Risk: -13.7939
	--> Average Speed: 0.05s per batch
	--> Time from Last Check: 1.45s
--> Batch: 249, Loss: 0.0006, Label: 2, Survival Months: 25.75, Risk: -16.2624
	--> Average Speed: 0.04s per batch
	--> Time from Last Check: 1.43s
--> Batch: 299, Loss: 0.2152, Label: 14, Survival Months: 107.33, Risk: -10.3678
	--> Average Speed: 0.05s per batch
	--> Time from Last Check: 1.44s
--> Batch: 349, Loss: 0.0001, Label: 0, Survival Months: 0.42, Risk: -15.6329
	--> Average Speed: 0.05s per batch
	--> Time from Last Check: 1.44s
--> Batch: 399, Loss: 0.0164, Label: 16, Survival Months: 165.92, Risk: -17.7308
	--> Average Speed: 0.04s per batch
	--> Time from Last Check: 1.19s
--> Batch: 449, Loss: 0.3805, Label: 19, Survival Months: 478.25, Risk: -12.4924
	--> Average Speed: 0.04s per batch
	--> Time from Last Check: 1.39s
--> Batch: 499, Loss: 0.0050, Label: 13, Survival Months: 96.83, Risk: -17.3999
	--> Average Speed: 0.04s per batch
	--> Time from Last Check: 1.20s
--> Batch: 549, Loss: 0.0364, Label: 16, Survival Months: 155.42, Risk: -17.0755
	--> Average Speed: 0.04s per batch
	--> Time from Last Check: 1.21s
--> Batch: 599, Loss: 0.0030, Label: 4, Survival Months: 32.08, Risk: -14.6595
	--> Average Speed: 0.04s per batch
	--> Time from Last Check: 1.42s
--> Batch: 649, Loss: 0.2670, Label: 19, Survival Months: 281.17, Risk: -17.3881
	--> Average Speed: 0.04s per batch
	--> Time from Last Check: 1.39s
--> Batch: 699, Loss: 0.0000, Label: 1, Survival Months: 16.67, Risk: -17.1226
	--> Average Speed: 0.04s per batch
	--> Time from Last Check: 1.38s
--> Batch: 749, Loss: 0.0134, Label: 11, Survival Months: 76.00, Risk: -15.2388
	--> Average Speed: 0.04s per batch
	--> Time from Last Check: 1.37s
--> Batch: 799, Loss: 0.0000, Label: 0, Survival Months: 1.58, Risk: -17.1384
	--> Average Speed: 0.04s per batch
	--> Time from Last Check: 1.43s
[15/01/2025 - 15:47:54] - Epoch: 8, lr: 0.00009321, training_loss: 0.2695, training_c_index: 0.9317
[15/01/2025 - 15:47:56] - Epoch: 8, validation_loss: 0.4606, validation_c_index: 0.4918
--> No improvement in validation_loss or validation_c_index for 1 epoch(s)
--> Current BEST Score: 0.4958
	--> validation_loss: 0.4329
	--> best validation_c_index: 0.5390
[15/01/2025 - 15:47:56] - Time elapsed for epoch 8: 25s
[15/01/2025 - 15:47:56] - Epoch: 9
--> Batch: 49, Loss: 1.6524, Label: 2, Survival Months: 21.25, Risk: -3.7468
	--> Average Speed: 0.03s per batch
	--> Time from Last Check: 0.98s
--> Batch: 99, Loss: 0.0091, Label: 14, Survival Months: 104.25, Risk: -17.2211
	--> Average Speed: 0.03s per batch
	--> Time from Last Check: 0.98s
--> Batch: 149, Loss: 0.0017, Label: 10, Survival Months: 59.50, Risk: -16.8445
	--> Average Speed: 0.04s per batch
	--> Time from Last Check: 1.41s
--> Batch: 199, Loss: 0.0206, Label: 11, Survival Months: 77.58, Risk: -15.9398
	--> Average Speed: 0.04s per batch
	--> Time from Last Check: 1.29s
--> Batch: 249, Loss: 0.0001, Label: 6, Survival Months: 38.83, Risk: -17.8913
	--> Average Speed: 0.04s per batch
	--> Time from Last Check: 1.43s
--> Batch: 299, Loss: 0.1101, Label: 18, Survival Months: 216.33, Risk: -17.7132
	--> Average Speed: 0.05s per batch
	--> Time from Last Check: 1.46s
--> Batch: 349, Loss: 0.0003, Label: 4, Survival Months: 33.00, Risk: -17.6009
	--> Average Speed: 0.04s per batch
	--> Time from Last Check: 1.39s
--> Batch: 399, Loss: 1.5023, Label: 11, Survival Months: 78.58, Risk: -12.5043
	--> Average Speed: 0.05s per batch
	--> Time from Last Check: 1.45s
--> Batch: 449, Loss: 0.0012, Label: 9, Survival Months: 54.58, Risk: -16.6498
	--> Average Speed: 0.04s per batch
	--> Time from Last Check: 1.42s
--> Batch: 499, Loss: 0.0007, Label: 8, Survival Months: 49.00, Risk: -17.4035
	--> Average Speed: 0.04s per batch
	--> Time from Last Check: 1.41s
--> Batch: 549, Loss: 0.0001, Label: 6, Survival Months: 39.58, Risk: -17.9961
	--> Average Speed: 0.04s per batch
	--> Time from Last Check: 1.24s
--> Batch: 599, Loss: 0.0001, Label: 5, Survival Months: 35.67, Risk: -18.0968
	--> Average Speed: 0.04s per batch
	--> Time from Last Check: 1.40s
--> Batch: 649, Loss: 0.0017, Label: 7, Survival Months: 45.58, Risk: -17.1385
	--> Average Speed: 0.05s per batch
	--> Time from Last Check: 1.46s
--> Batch: 699, Loss: 0.0769, Label: 18, Survival Months: 207.17, Risk: -18.1231
	--> Average Speed: 0.05s per batch
	--> Time from Last Check: 1.47s
--> Batch: 749, Loss: 0.0130, Label: 4, Survival Months: 32.08, Risk: -11.0181
	--> Average Speed: 0.05s per batch
	--> Time from Last Check: 1.46s
--> Batch: 799, Loss: 0.0052, Label: 4, Survival Months: 31.33, Risk: -10.8046
	--> Average Speed: 0.05s per batch
	--> Time from Last Check: 1.47s
[15/01/2025 - 15:48:18] - Epoch: 9, lr: 0.00009227, training_loss: 0.2523, training_c_index: 0.9288
[15/01/2025 - 15:48:20] - Epoch: 9, validation_loss: 0.5020, validation_c_index: 0.4493
--> No improvement in validation_loss or validation_c_index for 2 epoch(s)
--> Current BEST Score: 0.4958
	--> validation_loss: 0.4329
	--> best validation_c_index: 0.5390
[15/01/2025 - 15:48:20] - Time elapsed for epoch 9: 24s
[15/01/2025 - 15:48:20] - Epoch: 10
--> Batch: 49, Loss: 0.0003, Label: 5, Survival Months: 37.50, Risk: -16.8608
	--> Average Speed: 0.05s per batch
	--> Time from Last Check: 1.50s
--> Batch: 99, Loss: 0.0030, Label: 14, Survival Months: 119.50, Risk: -17.6118
	--> Average Speed: 0.05s per batch
	--> Time from Last Check: 1.45s
--> Batch: 149, Loss: 0.0007, Label: 3, Survival Months: 29.33, Risk: -15.8999
	--> Average Speed: 0.04s per batch
	--> Time from Last Check: 1.41s
--> Batch: 199, Loss: 0.0018, Label: 11, Survival Months: 74.08, Risk: -18.0330
	--> Average Speed: 0.04s per batch
	--> Time from Last Check: 1.42s
--> Batch: 249, Loss: 0.0119, Label: 16, Survival Months: 144.17, Risk: -18.0048
	--> Average Speed: 0.04s per batch
	--> Time from Last Check: 1.42s
--> Batch: 299, Loss: 0.0602, Label: 17, Survival Months: 182.75, Risk: -17.0696
	--> Average Speed: 0.05s per batch
	--> Time from Last Check: 1.46s
--> Batch: 349, Loss: 1.8579, Label: 3, Survival Months: 30.42, Risk: -2.9782
	--> Average Speed: 0.05s per batch
	--> Time from Last Check: 1.45s
--> Batch: 399, Loss: 2.0515, Label: 17, Survival Months: 205.75, Risk: -17.4995
	--> Average Speed: 0.05s per batch
	--> Time from Last Check: 1.47s
--> Batch: 449, Loss: 0.0005, Label: 9, Survival Months: 54.58, Risk: -17.7483
	--> Average Speed: 0.05s per batch
	--> Time from Last Check: 1.47s
--> Batch: 499, Loss: 0.0003, Label: 0, Survival Months: 0.83, Risk: -13.0718
	--> Average Speed: 0.04s per batch
	--> Time from Last Check: 1.30s
--> Batch: 549, Loss: 0.0006, Label: 10, Survival Months: 59.00, Risk: -17.8512
	--> Average Speed: 0.05s per batch
	--> Time from Last Check: 1.46s
--> Batch: 599, Loss: 0.0001, Label: 3, Survival Months: 26.42, Risk: -18.2467
	--> Average Speed: 0.04s per batch
	--> Time from Last Check: 1.30s
--> Batch: 649, Loss: 0.0002, Label: 6, Survival Months: 42.00, Risk: -17.7738
	--> Average Speed: 0.05s per batch
	--> Time from Last Check: 1.44s
--> Batch: 699, Loss: 0.0059, Label: 13, Survival Months: 100.42, Risk: -17.7877
	--> Average Speed: 0.05s per batch
	--> Time from Last Check: 1.47s
--> Batch: 749, Loss: 2.1526, Label: 15, Survival Months: 140.67, Risk: -13.8515
	--> Average Speed: 0.05s per batch
	--> Time from Last Check: 1.48s
--> Batch: 799, Loss: 0.0138, Label: 6, Survival Months: 41.75, Risk: -11.2371
	--> Average Speed: 0.05s per batch
	--> Time from Last Check: 1.48s
[15/01/2025 - 15:48:44] - Epoch: 10, lr: 0.00009135, training_loss: 0.2328, training_c_index: 0.9496
[15/01/2025 - 15:48:45] - Epoch: 10, validation_loss: 0.5795, validation_c_index: 0.3897
--> No improvement in validation_loss or validation_c_index for 3 epoch(s)
--> Current BEST Score: 0.4958
	--> validation_loss: 0.4329
	--> best validation_c_index: 0.5390
[15/01/2025 - 15:48:45] - Time elapsed for epoch 10: 26s
[15/01/2025 - 15:48:45] - Epoch: 11
--> Batch: 49, Loss: 0.0032, Label: 2, Survival Months: 25.17, Risk: -11.0500
	--> Average Speed: 0.03s per batch
	--> Time from Last Check: 1.10s
--> Batch: 99, Loss: 0.0010, Label: 10, Survival Months: 64.08, Risk: -16.2315
	--> Average Speed: 0.03s per batch
	--> Time from Last Check: 0.82s
--> Batch: 149, Loss: 0.0001, Label: 5, Survival Months: 37.25, Risk: -17.1833
	--> Average Speed: 0.02s per batch
	--> Time from Last Check: 0.79s
--> Batch: 199, Loss: 0.0001, Label: 10, Survival Months: 62.33, Risk: -18.5857
	--> Average Speed: 0.02s per batch
	--> Time from Last Check: 0.73s
--> Batch: 249, Loss: 0.0000, Label: 0, Survival Months: 0.83, Risk: -17.8259
	--> Average Speed: 0.02s per batch
	--> Time from Last Check: 0.75s
--> Batch: 299, Loss: 0.0117, Label: 14, Survival Months: 109.00, Risk: -17.0444
	--> Average Speed: 0.02s per batch
	--> Time from Last Check: 0.73s
--> Batch: 349, Loss: 1.4708, Label: 8, Survival Months: 47.75, Risk: -10.4793
	--> Average Speed: 0.03s per batch
	--> Time from Last Check: 0.92s
--> Batch: 399, Loss: 1.1136, Label: 15, Survival Months: 139.42, Risk: -14.7931
	--> Average Speed: 0.04s per batch
	--> Time from Last Check: 1.30s
--> Batch: 449, Loss: 0.0004, Label: 10, Survival Months: 59.17, Risk: -17.5537
	--> Average Speed: 0.04s per batch
	--> Time from Last Check: 1.42s
--> Batch: 499, Loss: 0.1581, Label: 19, Survival Months: 379.17, Risk: -17.9555
	--> Average Speed: 0.05s per batch
	--> Time from Last Check: 1.45s
--> Batch: 549, Loss: 0.0253, Label: 15, Survival Months: 129.17, Risk: -16.4475
	--> Average Speed: 0.05s per batch
	--> Time from Last Check: 1.45s
--> Batch: 599, Loss: 0.3654, Label: 14, Survival Months: 113.75, Risk: -14.4362
	--> Average Speed: 0.05s per batch
	--> Time from Last Check: 1.45s
--> Batch: 649, Loss: 0.0002, Label: 9, Survival Months: 54.83, Risk: -17.8349
	--> Average Speed: 0.05s per batch
	--> Time from Last Check: 1.47s
--> Batch: 699, Loss: 0.0187, Label: 17, Survival Months: 190.75, Risk: -18.4471
	--> Average Speed: 0.04s per batch
	--> Time from Last Check: 1.43s
--> Batch: 749, Loss: 0.0001, Label: 0, Survival Months: 0.00, Risk: -12.1850
	--> Average Speed: 0.05s per batch
	--> Time from Last Check: 1.46s
--> Batch: 799, Loss: 0.2285, Label: 19, Survival Months: 363.42, Risk: -18.0321
	--> Average Speed: 0.05s per batch
	--> Time from Last Check: 1.46s
[15/01/2025 - 15:49:05] - Epoch: 11, lr: 0.00009044, training_loss: 0.2086, training_c_index: 0.9594
[15/01/2025 - 15:49:07] - Epoch: 11, validation_loss: 0.5656, validation_c_index: 0.4733
--> No improvement in validation_loss or validation_c_index for 4 epoch(s)
--> Current BEST Score: 0.4958
	--> validation_loss: 0.4329
	--> best validation_c_index: 0.5390
[15/01/2025 - 15:49:07] - Time elapsed for epoch 11: 21s
[15/01/2025 - 15:49:07] - Epoch: 12
--> Batch: 49, Loss: 1.9571, Label: 16, Survival Months: 149.42, Risk: -13.1218
	--> Average Speed: 0.05s per batch
	--> Time from Last Check: 1.64s
--> Batch: 99, Loss: 1.3661, Label: 12, Survival Months: 86.17, Risk: -10.8874
	--> Average Speed: 0.05s per batch
	--> Time from Last Check: 1.46s
--> Batch: 149, Loss: 0.0000, Label: 2, Survival Months: 25.00, Risk: -17.7871
	--> Average Speed: 0.05s per batch
	--> Time from Last Check: 1.46s
--> Batch: 199, Loss: 0.0005, Label: 12, Survival Months: 83.67, Risk: -18.7567
	--> Average Speed: 0.05s per batch
	--> Time from Last Check: 1.45s
--> Batch: 249, Loss: 0.0234, Label: 17, Survival Months: 197.67, Risk: -18.4435
	--> Average Speed: 0.05s per batch
	--> Time from Last Check: 1.45s
--> Batch: 299, Loss: 0.0000, Label: 1, Survival Months: 16.33, Risk: -17.6118
	--> Average Speed: 0.05s per batch
	--> Time from Last Check: 1.45s
--> Batch: 349, Loss: 0.0030, Label: 14, Survival Months: 113.25, Risk: -17.7568
	--> Average Speed: 0.05s per batch
	--> Time from Last Check: 1.45s
--> Batch: 399, Loss: 0.0469, Label: 17, Survival Months: 187.33, Risk: -17.6277
	--> Average Speed: 0.05s per batch
	--> Time from Last Check: 1.44s
--> Batch: 449, Loss: 0.0005, Label: 12, Survival Months: 80.67, Risk: -18.0493
	--> Average Speed: 0.04s per batch
	--> Time from Last Check: 1.43s
--> Batch: 499, Loss: 0.0000, Label: 9, Survival Months: 53.25, Risk: -18.7485
	--> Average Speed: 0.05s per batch
	--> Time from Last Check: 1.45s
--> Batch: 549, Loss: 0.0451, Label: 17, Survival Months: 200.50, Risk: -17.3671
	--> Average Speed: 0.05s per batch
	--> Time from Last Check: 1.47s
--> Batch: 599, Loss: 0.0004, Label: 11, Survival Months: 75.42, Risk: -18.7648
	--> Average Speed: 0.05s per batch
	--> Time from Last Check: 1.46s
--> Batch: 649, Loss: 0.0000, Label: 1, Survival Months: 6.50, Risk: -18.6552
	--> Average Speed: 0.05s per batch
	--> Time from Last Check: 1.46s
--> Batch: 699, Loss: 0.0023, Label: 5, Survival Months: 37.58, Risk: -15.0635
	--> Average Speed: 0.04s per batch
	--> Time from Last Check: 1.16s
--> Batch: 749, Loss: 0.0005, Label: 8, Survival Months: 50.50, Risk: -17.5924
	--> Average Speed: 0.03s per batch
	--> Time from Last Check: 0.92s
--> Batch: 799, Loss: 0.8389, Label: 18, Survival Months: 230.25, Risk: -18.3486
	--> Average Speed: 0.02s per batch
	--> Time from Last Check: 0.67s
[15/01/2025 - 15:49:30] - Epoch: 12, lr: 0.00008953, training_loss: 0.1854, training_c_index: 0.9632
[15/01/2025 - 15:49:31] - Epoch: 12, validation_loss: nan, validation_c_index: 0.4815
--> No improvement in validation_loss or validation_c_index for 5 epoch(s)
--> Current BEST Score: 0.4958
	--> validation_loss: 0.4329
	--> best validation_c_index: 0.5390
[15/01/2025 - 15:49:31] - Time elapsed for epoch 12: 24s
[15/01/2025 - 15:49:31] - Epoch: 13
--> Batch: 49, Loss: 0.0001, Label: 9, Survival Months: 54.58, Risk: -17.6638
	--> Average Speed: 0.05s per batch
	--> Time from Last Check: 1.45s
--> Batch: 99, Loss: 0.0000, Label: 5, Survival Months: 37.17, Risk: -17.4501
	--> Average Speed: 0.04s per batch
	--> Time from Last Check: 1.37s
--> Batch: 149, Loss: 0.0013, Label: 13, Survival Months: 91.92, Risk: -18.5374
	--> Average Speed: 0.04s per batch
	--> Time from Last Check: 1.43s
--> Batch: 199, Loss: 0.0073, Label: 17, Survival Months: 198.75, Risk: -18.3037
	--> Average Speed: 0.05s per batch
	--> Time from Last Check: 1.44s
--> Batch: 249, Loss: 0.0001, Label: 0, Survival Months: 0.83, Risk: -14.1098
	--> Average Speed: 0.05s per batch
	--> Time from Last Check: 1.47s
--> Batch: 299, Loss: 0.0006, Label: 7, Survival Months: 46.17, Risk: -15.4931
	--> Average Speed: 0.05s per batch
	--> Time from Last Check: 1.46s
--> Batch: 349, Loss: 0.0001, Label: 10, Survival Months: 62.08, Risk: -18.3167
	--> Average Speed: 0.05s per batch
	--> Time from Last Check: 1.50s
--> Batch: 399, Loss: 0.0003, Label: 11, Survival Months: 71.33, Risk: -18.5417
	--> Average Speed: 0.05s per batch
	--> Time from Last Check: 1.53s
--> Batch: 449, Loss: 0.0280, Label: 18, Survival Months: 206.92, Risk: -18.6134
	--> Average Speed: 0.05s per batch
	--> Time from Last Check: 1.53s
--> Batch: 499, Loss: 0.0002, Label: 11, Survival Months: 74.17, Risk: -18.6218
	--> Average Speed: 0.05s per batch
	--> Time from Last Check: 1.54s
--> Batch: 549, Loss: 0.0000, Label: 3, Survival Months: 30.33, Risk: -18.6368
	--> Average Speed: 0.05s per batch
	--> Time from Last Check: 1.51s
--> Batch: 599, Loss: 4.0463, Label: 17, Survival Months: 174.75, Risk: -12.2054
	--> Average Speed: 0.05s per batch
	--> Time from Last Check: 1.45s
--> Batch: 649, Loss: 0.0001, Label: 2, Survival Months: 24.42, Risk: -18.4695
	--> Average Speed: 0.04s per batch
	--> Time from Last Check: 1.38s
--> Batch: 699, Loss: nan, Label: 15, Survival Months: 128.92, Risk: nan
	--> Average Speed: 0.05s per batch
	--> Time from Last Check: 1.47s
--> Batch: 749, Loss: nan, Label: 2, Survival Months: 24.42, Risk: nan
	--> Average Speed: 0.04s per batch
	--> Time from Last Check: 1.41s
--> Batch: 799, Loss: nan, Label: 4, Survival Months: 33.75, Risk: nan
	--> Average Speed: 0.05s per batch
	--> Time from Last Check: 1.47s
[1;34mwandb[0m: 🚀 View run [33mlucas_job_2507167[0m at: [34mhttps://wandb.ai/luca_inghilterra-unimore/TCGA-BRCA-GE-ME-27-Cross-Validation/runs/4pah0mjh[0m
[1;34mwandb[0m: Find logs at: [1;35mwandb/run-20250115_154406-4pah0mjh/logs[0m
