Environment conda activated
Job 2503942 started

#################### [07/01/2025 - 04:08:32] - MCAT started ####################
HOSTNAME: rezzonico

WANDB: setting up for report

CUDA: available
--> Device count: 1
--> Using device: Quadro RTX 5000
--> Running on CUDA

DATASET: Loading data
--> Remaining samples after removing incomplete: 1039
--> Class intervals: [
	0: [0.00 - 2.57]
	1: [2.57 - 17.70]
	2: [17.70 - 26.37]
	3: [26.37 - 31.25]
	4: [31.25 - 34.71]
	5: [34.71 - 38.03]
	6: [38.03 - 42.94]
	7: [42.94 - 47.45]
	8: [47.45 - 51.69]
	9: [51.69 - 58.17]
	10: [58.17 - 67.10]
	11: [67.10 - 79.80]
	12: [79.80 - 88.56]
	13: [88.56 - 102.25]
	14: [102.25 - 120.62]
	15: [120.62 - 141.88]
	16: [141.88 - 174.40]
	17: [174.40 - 205.88]
	18: [205.88 - 263.29]
	19: [263.29 - 593.83]
    ]
--> Standardizing RNA-seq data
--> Standardizing Methylation Islands beta values
--> Gene Expression Signatures size: [19938]
--> Methylation Signatures size: [4522]
--> Using 80% training, 20% validation
--> Training Set: [831], Validation Set: [208]

MODEL: MCAT
--> Trainable parameters of MCAT: 9362966
--> Loss function: CrossEntropySurvivalLoss
--> Optimizer: adam

################## [07/01/2025 - 04:09:00] - Training started ##################
[07/01/2025 - 04:09:00] - Epoch: 1
--> Batch: 49, Loss: 4.7057, Label: 16, Survival Months: 144.00, Risk: -1.0512
	--> Average Speed: 0.09s per batch
	--> Time from Last Check: 2.74s
--> Batch: 99, Loss: 3.9265, Label: 11, Survival Months: 77.92, Risk: -1.0998
	--> Average Speed: 0.07s per batch
	--> Time from Last Check: 2.21s
--> Batch: 149, Loss: 3.0248, Label: 5, Survival Months: 34.83, Risk: -1.1318
	--> Average Speed: 0.07s per batch
	--> Time from Last Check: 2.17s
--> Batch: 199, Loss: 3.3634, Label: 9, Survival Months: 53.33, Risk: -1.3011
	--> Average Speed: 0.05s per batch
	--> Time from Last Check: 1.53s
--> Batch: 249, Loss: 3.3462, Label: 11, Survival Months: 76.00, Risk: -1.6110
	--> Average Speed: 0.04s per batch
	--> Time from Last Check: 1.36s
--> Batch: 299, Loss: 3.8467, Label: 16, Survival Months: 163.83, Risk: -1.6400
	--> Average Speed: 0.05s per batch
	--> Time from Last Check: 1.75s
--> Batch: 349, Loss: 2.2615, Label: 3, Survival Months: 29.17, Risk: -2.8567
	--> Average Speed: 0.06s per batch
	--> Time from Last Check: 1.99s
--> Batch: 399, Loss: 2.5033, Label: 11, Survival Months: 76.42, Risk: -4.5064
	--> Average Speed: 0.07s per batch
	--> Time from Last Check: 2.11s
--> Batch: 449, Loss: 6.0623, Label: 19, Survival Months: 328.42, Risk: -7.4496
	--> Average Speed: 0.07s per batch
	--> Time from Last Check: 2.18s
--> Batch: 499, Loss: 2.4589, Label: 18, Survival Months: 251.83, Risk: -11.6692
	--> Average Speed: 0.07s per batch
	--> Time from Last Check: 2.16s
--> Batch: 549, Loss: 1.9072, Label: 9, Survival Months: 54.92, Risk: -14.6415
	--> Average Speed: 0.07s per batch
	--> Time from Last Check: 2.17s
--> Batch: 599, Loss: 1.8526, Label: 3, Survival Months: 28.75, Risk: -14.2575
	--> Average Speed: 0.07s per batch
	--> Time from Last Check: 2.19s
--> Batch: 649, Loss: 2.2419, Label: 19, Survival Months: 448.58, Risk: -14.8646
	--> Average Speed: 0.07s per batch
	--> Time from Last Check: 2.11s
--> Batch: 699, Loss: 1.9866, Label: 17, Survival Months: 180.33, Risk: -14.7837
	--> Average Speed: 0.06s per batch
	--> Time from Last Check: 2.05s
--> Batch: 749, Loss: 1.7756, Label: 10, Survival Months: 58.58, Risk: -15.4881
	--> Average Speed: 0.07s per batch
	--> Time from Last Check: 2.14s
--> Batch: 799, Loss: 1.7481, Label: 9, Survival Months: 52.75, Risk: -15.4138
	--> Average Speed: 0.06s per batch
	--> Time from Last Check: 1.99s
[07/01/2025 - 04:09:35] - Epoch: 1, lr: 0.00010000, train_loss: 3.0620, train_c_index: 0.4554
[07/01/2025 - 04:09:36] - Epoch: 1, val_loss: 2.2709, val_c_index: 0.6137
[07/01/2025 - 04:09:36] - Time elapsed for epoch 1: 36s
[07/01/2025 - 04:09:36] - Epoch: 2
--> Batch: 49, Loss: 1.9912, Label: 19, Survival Months: 559.92, Risk: -15.9375
	--> Average Speed: 0.06s per batch
	--> Time from Last Check: 1.97s
--> Batch: 99, Loss: 1.6641, Label: 2, Survival Months: 18.17, Risk: -15.0068
	--> Average Speed: 0.07s per batch
	--> Time from Last Check: 2.21s
--> Batch: 149, Loss: 1.6339, Label: 0, Survival Months: 0.83, Risk: -16.0691
	--> Average Speed: 0.07s per batch
	--> Time from Last Check: 2.19s
--> Batch: 199, Loss: 1.6397, Label: 8, Survival Months: 50.50, Risk: -14.8223
	--> Average Speed: 0.07s per batch
	--> Time from Last Check: 2.22s
--> Batch: 249, Loss: 1.6054, Label: 5, Survival Months: 36.75, Risk: -14.8741
	--> Average Speed: 0.07s per batch
	--> Time from Last Check: 2.18s
--> Batch: 299, Loss: 1.5750, Label: 3, Survival Months: 29.00, Risk: -15.8058
	--> Average Speed: 0.07s per batch
	--> Time from Last Check: 2.22s
--> Batch: 349, Loss: 1.6956, Label: 14, Survival Months: 112.25, Risk: -12.5274
	--> Average Speed: 0.07s per batch
	--> Time from Last Check: 2.20s
--> Batch: 399, Loss: 1.5383, Label: 4, Survival Months: 33.00, Risk: -15.7623
	--> Average Speed: 0.07s per batch
	--> Time from Last Check: 2.22s
--> Batch: 449, Loss: 4.9464, Label: 8, Survival Months: 47.75, Risk: -14.5741
	--> Average Speed: 0.07s per batch
	--> Time from Last Check: 2.19s
--> Batch: 499, Loss: 1.7599, Label: 18, Survival Months: 251.83, Risk: -14.6203
	--> Average Speed: 0.07s per batch
	--> Time from Last Check: 2.22s
--> Batch: 549, Loss: 4.3722, Label: 12, Survival Months: 79.92, Risk: -15.9727
	--> Average Speed: 0.06s per batch
	--> Time from Last Check: 2.02s
--> Batch: 599, Loss: 1.4518, Label: 0, Survival Months: 0.00, Risk: -15.4032
	--> Average Speed: 0.06s per batch
	--> Time from Last Check: 2.07s
--> Batch: 649, Loss: 1.4525, Label: 5, Survival Months: 37.25, Risk: -14.1991
	--> Average Speed: 0.06s per batch
	--> Time from Last Check: 1.98s
--> Batch: 699, Loss: 1.4420, Label: 7, Survival Months: 46.17, Risk: -14.1963
	--> Average Speed: 0.07s per batch
	--> Time from Last Check: 2.10s
--> Batch: 749, Loss: 1.4380, Label: 9, Survival Months: 53.33, Risk: -14.3023
	--> Average Speed: 0.07s per batch
	--> Time from Last Check: 2.20s
--> Batch: 799, Loss: 1.4192, Label: 10, Survival Months: 59.58, Risk: -14.7588
	--> Average Speed: 0.07s per batch
	--> Time from Last Check: 2.19s
[07/01/2025 - 04:10:13] - Epoch: 2, lr: 0.00009900, train_loss: 1.8868, train_c_index: 0.5277
[07/01/2025 - 04:10:14] - Epoch: 2, val_loss: 2.0180, val_c_index: 0.4797
[07/01/2025 - 04:10:14] - Time elapsed for epoch 2: 38s
[07/01/2025 - 04:10:14] - Epoch: 3
--> Batch: 49, Loss: 1.3635, Label: 5, Survival Months: 36.50, Risk: -15.3866
	--> Average Speed: 0.05s per batch
	--> Time from Last Check: 1.45s
--> Batch: 99, Loss: 1.3372, Label: 5, Survival Months: 35.67, Risk: -16.6593
	--> Average Speed: 0.07s per batch
	--> Time from Last Check: 2.23s
--> Batch: 149, Loss: 1.3592, Label: 13, Survival Months: 97.25, Risk: -15.7380
	--> Average Speed: 0.07s per batch
	--> Time from Last Check: 2.18s
--> Batch: 199, Loss: 4.1698, Label: 10, Survival Months: 66.00, Risk: -13.3438
	--> Average Speed: 0.07s per batch
	--> Time from Last Check: 2.22s
--> Batch: 249, Loss: 1.4321, Label: 14, Survival Months: 114.25, Risk: -12.8237
	--> Average Speed: 0.07s per batch
	--> Time from Last Check: 2.25s
--> Batch: 299, Loss: 1.2696, Label: 1, Survival Months: 10.33, Risk: -16.8740
	--> Average Speed: 0.07s per batch
	--> Time from Last Check: 2.25s
--> Batch: 349, Loss: 1.2815, Label: 5, Survival Months: 37.25, Risk: -13.7481
	--> Average Speed: 0.07s per batch
	--> Time from Last Check: 2.21s
--> Batch: 399, Loss: 1.2576, Label: 9, Survival Months: 52.17, Risk: -15.9804
	--> Average Speed: 0.07s per batch
	--> Time from Last Check: 2.20s
--> Batch: 449, Loss: 3.6703, Label: 16, Survival Months: 160.00, Risk: -14.3033
	--> Average Speed: 0.07s per batch
	--> Time from Last Check: 2.21s
--> Batch: 499, Loss: 1.2972, Label: 13, Survival Months: 93.92, Risk: -13.7434
	--> Average Speed: 0.07s per batch
	--> Time from Last Check: 2.20s
--> Batch: 549, Loss: 1.2190, Label: 9, Survival Months: 54.92, Risk: -15.3637
	--> Average Speed: 0.07s per batch
	--> Time from Last Check: 2.20s
--> Batch: 599, Loss: 1.7183, Label: 19, Survival Months: 281.17, Risk: -11.4921
	--> Average Speed: 0.07s per batch
	--> Time from Last Check: 2.20s
--> Batch: 649, Loss: 1.1711, Label: 1, Survival Months: 14.33, Risk: -13.0259
	--> Average Speed: 0.07s per batch
	--> Time from Last Check: 2.22s
--> Batch: 699, Loss: 4.3926, Label: 8, Survival Months: 48.08, Risk: -15.7546
	--> Average Speed: 0.07s per batch
	--> Time from Last Check: 2.20s
--> Batch: 749, Loss: 1.1343, Label: 0, Survival Months: 2.50, Risk: -15.2627
	--> Average Speed: 0.07s per batch
	--> Time from Last Check: 2.20s
--> Batch: 799, Loss: 1.1189, Label: 0, Survival Months: 0.00, Risk: -15.8363
	--> Average Speed: 0.07s per batch
	--> Time from Last Check: 2.17s
[07/01/2025 - 04:10:51] - Epoch: 3, lr: 0.00009801, train_loss: 1.5923, train_c_index: 0.4968
[07/01/2025 - 04:10:53] - Epoch: 3, val_loss: 1.7837, val_c_index: 0.6090
[07/01/2025 - 04:10:53] - Time elapsed for epoch 3: 38s
[07/01/2025 - 04:10:53] - Epoch: 4
--> Batch: 49, Loss: 5.9795, Label: 1, Survival Months: 8.17, Risk: -17.0027
	--> Average Speed: 0.07s per batch
	--> Time from Last Check: 2.10s
--> Batch: 99, Loss: 1.2438, Label: 15, Survival Months: 137.00, Risk: -13.1341
	--> Average Speed: 0.07s per batch
	--> Time from Last Check: 2.23s
--> Batch: 149, Loss: 1.1027, Label: 3, Survival Months: 28.58, Risk: -13.2573
	--> Average Speed: 0.07s per batch
	--> Time from Last Check: 2.24s
--> Batch: 199, Loss: 1.1631, Label: 15, Survival Months: 132.08, Risk: -15.0468
	--> Average Speed: 0.07s per batch
	--> Time from Last Check: 2.18s
--> Batch: 249, Loss: 1.0484, Label: 0, Survival Months: 0.83, Risk: -13.7246
	--> Average Speed: 0.07s per batch
	--> Time from Last Check: 2.31s
--> Batch: 299, Loss: 1.0368, Label: 1, Survival Months: 2.83, Risk: -15.9263
	--> Average Speed: 0.07s per batch
	--> Time from Last Check: 2.31s
--> Batch: 349, Loss: 1.0525, Label: 5, Survival Months: 35.08, Risk: -13.0549
	--> Average Speed: 0.07s per batch
	--> Time from Last Check: 2.28s
--> Batch: 399, Loss: 1.0180, Label: 3, Survival Months: 30.42, Risk: -15.4201
	--> Average Speed: 0.07s per batch
	--> Time from Last Check: 2.29s
--> Batch: 449, Loss: 1.1772, Label: 17, Survival Months: 179.25, Risk: -14.8954
	--> Average Speed: 0.07s per batch
	--> Time from Last Check: 2.28s
--> Batch: 499, Loss: 1.0156, Label: 4, Survival Months: 34.50, Risk: -12.3922
	--> Average Speed: 0.07s per batch
	--> Time from Last Check: 2.29s
--> Batch: 549, Loss: 0.9746, Label: 1, Survival Months: 4.08, Risk: -15.4242
	--> Average Speed: 0.07s per batch
	--> Time from Last Check: 2.28s
--> Batch: 599, Loss: 0.9900, Label: 13, Survival Months: 92.17, Risk: -16.4933
	--> Average Speed: 0.07s per batch
	--> Time from Last Check: 2.26s
--> Batch: 649, Loss: 0.9999, Label: 16, Survival Months: 156.33, Risk: -17.2161
	--> Average Speed: 0.07s per batch
	--> Time from Last Check: 2.23s
--> Batch: 699, Loss: 0.9795, Label: 13, Survival Months: 91.92, Risk: -15.6586
	--> Average Speed: 0.07s per batch
	--> Time from Last Check: 2.24s
--> Batch: 749, Loss: 1.0817, Label: 18, Survival Months: 216.33, Risk: -17.3422
	--> Average Speed: 0.07s per batch
	--> Time from Last Check: 2.24s
--> Batch: 799, Loss: 3.2104, Label: 15, Survival Months: 141.58, Risk: -14.6172
	--> Average Speed: 0.07s per batch
	--> Time from Last Check: 2.22s
[07/01/2025 - 04:11:30] - Epoch: 4, lr: 0.00009703, train_loss: 1.3599, train_c_index: 0.5058
[07/01/2025 - 04:11:32] - Epoch: 4, val_loss: 1.5862, val_c_index: 0.5647
[07/01/2025 - 04:11:32] - Time elapsed for epoch 4: 39s
[07/01/2025 - 04:11:32] - Epoch: 5
--> Batch: 49, Loss: 0.9204, Label: 9, Survival Months: 55.33, Risk: -15.5336
	--> Average Speed: 0.07s per batch
	--> Time from Last Check: 2.30s
--> Batch: 99, Loss: 0.8852, Label: 6, Survival Months: 39.17, Risk: -17.8511
	--> Average Speed: 0.07s per batch
	--> Time from Last Check: 2.28s
--> Batch: 149, Loss: 0.8855, Label: 1, Survival Months: 6.50, Risk: -13.5939
	--> Average Speed: 0.07s per batch
	--> Time from Last Check: 2.22s
--> Batch: 199, Loss: 0.9023, Label: 13, Survival Months: 100.67, Risk: -16.4434
	--> Average Speed: 0.07s per batch
	--> Time from Last Check: 2.21s
--> Batch: 249, Loss: 0.9271, Label: 16, Survival Months: 172.83, Risk: -16.4933
	--> Average Speed: 0.07s per batch
	--> Time from Last Check: 2.21s
--> Batch: 299, Loss: 0.9793, Label: 18, Survival Months: 206.92, Risk: -17.0262
	--> Average Speed: 0.07s per batch
	--> Time from Last Check: 2.21s
--> Batch: 349, Loss: 0.8532, Label: 5, Survival Months: 35.83, Risk: -15.2328
	--> Average Speed: 0.07s per batch
	--> Time from Last Check: 2.24s
--> Batch: 399, Loss: 0.9571, Label: 16, Survival Months: 170.08, Risk: -14.8270
	--> Average Speed: 0.07s per batch
	--> Time from Last Check: 2.23s
--> Batch: 449, Loss: 3.0979, Label: 14, Survival Months: 119.92, Risk: -14.9694
	--> Average Speed: 0.07s per batch
	--> Time from Last Check: 2.23s
--> Batch: 499, Loss: 0.9761, Label: 18, Survival Months: 251.83, Risk: -16.5836
	--> Average Speed: 0.07s per batch
	--> Time from Last Check: 2.27s
--> Batch: 549, Loss: 0.8171, Label: 1, Survival Months: 4.08, Risk: -11.7962
	--> Average Speed: 0.07s per batch
	--> Time from Last Check: 2.19s
--> Batch: 599, Loss: 0.8132, Label: 11, Survival Months: 73.42, Risk: -16.4074
	--> Average Speed: 0.07s per batch
	--> Time from Last Check: 2.21s
--> Batch: 649, Loss: 0.8162, Label: 13, Survival Months: 93.67, Risk: -16.3159
	--> Average Speed: 0.07s per batch
	--> Time from Last Check: 2.20s
--> Batch: 699, Loss: 0.8022, Label: 4, Survival Months: 33.50, Risk: -13.3803
	--> Average Speed: 0.07s per batch
	--> Time from Last Check: 2.20s
--> Batch: 749, Loss: 0.9165, Label: 13, Survival Months: 94.33, Risk: -11.1339
	--> Average Speed: 0.07s per batch
	--> Time from Last Check: 2.19s
--> Batch: 799, Loss: 0.8497, Label: 17, Survival Months: 182.00, Risk: -16.8185
	--> Average Speed: 0.07s per batch
	--> Time from Last Check: 2.21s
[07/01/2025 - 04:12:10] - Epoch: 5, lr: 0.00009606, train_loss: 1.1879, train_c_index: 0.5006
[07/01/2025 - 04:12:11] - Epoch: 5, val_loss: 1.5275, val_c_index: 0.5406
[07/01/2025 - 04:12:11] - Time elapsed for epoch 5: 39s
[07/01/2025 - 04:12:11] - Epoch: 6
--> Batch: 49, Loss: 0.7395, Label: 0, Survival Months: 0.83, Risk: -16.0623
	--> Average Speed: 0.06s per batch
	--> Time from Last Check: 1.96s
--> Batch: 99, Loss: 0.7957, Label: 12, Survival Months: 81.08, Risk: -14.1916
	--> Average Speed: 0.07s per batch
	--> Time from Last Check: 2.25s
--> Batch: 149, Loss: 0.9079, Label: 18, Survival Months: 206.42, Risk: -16.7296
	--> Average Speed: 0.07s per batch
	--> Time from Last Check: 2.21s
--> Batch: 199, Loss: 3.4575, Label: 8, Survival Months: 51.17, Risk: -13.8553
	--> Average Speed: 0.07s per batch
	--> Time from Last Check: 2.21s
--> Batch: 249, Loss: 0.7371, Label: 4, Survival Months: 32.08, Risk: -12.7965
	--> Average Speed: 0.07s per batch
	--> Time from Last Check: 2.21s
--> Batch: 299, Loss: 0.7186, Label: 9, Survival Months: 55.17, Risk: -15.7596
	--> Average Speed: 0.07s per batch
	--> Time from Last Check: 2.24s
--> Batch: 349, Loss: 4.7548, Label: 2, Survival Months: 18.92, Risk: -15.4503
	--> Average Speed: 0.07s per batch
	--> Time from Last Check: 2.23s
--> Batch: 399, Loss: 0.6971, Label: 2, Survival Months: 24.08, Risk: -14.4997
	--> Average Speed: 0.07s per batch
	--> Time from Last Check: 2.22s
--> Batch: 449, Loss: 0.6975, Label: 6, Survival Months: 40.67, Risk: -14.9653
	--> Average Speed: 0.07s per batch
	--> Time from Last Check: 2.28s
--> Batch: 499, Loss: 0.7972, Label: 16, Survival Months: 172.83, Risk: -14.9001
	--> Average Speed: 0.07s per batch
	--> Time from Last Check: 2.24s
--> Batch: 549, Loss: 0.6847, Label: 6, Survival Months: 41.75, Risk: -14.5876
	--> Average Speed: 0.07s per batch
	--> Time from Last Check: 2.22s
--> Batch: 599, Loss: 0.6580, Label: 0, Survival Months: 0.83, Risk: -15.4906
	--> Average Speed: 0.07s per batch
	--> Time from Last Check: 2.22s
--> Batch: 649, Loss: 5.2319, Label: 7, Survival Months: 44.83, Risk: -16.1973
	--> Average Speed: 0.07s per batch
	--> Time from Last Check: 2.23s
--> Batch: 699, Loss: 1.1361, Label: 18, Survival Months: 217.67, Risk: -10.0884
	--> Average Speed: 0.07s per batch
	--> Time from Last Check: 2.22s
--> Batch: 749, Loss: 0.7765, Label: 11, Survival Months: 74.58, Risk: -10.5662
	--> Average Speed: 0.07s per batch
	--> Time from Last Check: 2.20s
--> Batch: 799, Loss: 0.6377, Label: 6, Survival Months: 41.83, Risk: -17.1201
	--> Average Speed: 0.07s per batch
	--> Time from Last Check: 2.23s
[07/01/2025 - 04:12:49] - Epoch: 6, lr: 0.00009510, train_loss: 1.0413, train_c_index: 0.5249
[07/01/2025 - 04:12:51] - Epoch: 6, val_loss: 1.3745, val_c_index: 0.5586
[07/01/2025 - 04:12:51] - Time elapsed for epoch 6: 39s
[07/01/2025 - 04:12:51] - Epoch: 7
--> Batch: 49, Loss: 0.6547, Label: 12, Survival Months: 85.50, Risk: -16.1940
	--> Average Speed: 0.07s per batch
	--> Time from Last Check: 2.15s
--> Batch: 99, Loss: 0.6306, Label: 4, Survival Months: 33.33, Risk: -15.1018
	--> Average Speed: 0.07s per batch
	--> Time from Last Check: 2.23s
--> Batch: 149, Loss: 0.7152, Label: 13, Survival Months: 89.50, Risk: -12.9857
	--> Average Speed: 0.07s per batch
	--> Time from Last Check: 2.22s
--> Batch: 199, Loss: 0.6512, Label: 5, Survival Months: 35.83, Risk: -11.8553
	--> Average Speed: 0.07s per batch
	--> Time from Last Check: 2.14s
--> Batch: 249, Loss: 0.6209, Label: 12, Survival Months: 84.58, Risk: -16.5591
	--> Average Speed: 0.07s per batch
	--> Time from Last Check: 2.23s
--> Batch: 299, Loss: 0.6055, Label: 4, Survival Months: 33.00, Risk: -15.1894
	--> Average Speed: 0.07s per batch
	--> Time from Last Check: 2.23s
--> Batch: 349, Loss: 0.5956, Label: 4, Survival Months: 33.50, Risk: -15.7998
	--> Average Speed: 0.07s per batch
	--> Time from Last Check: 2.25s
--> Batch: 399, Loss: 2.6848, Label: 17, Survival Months: 174.75, Risk: -14.1252
	--> Average Speed: 0.07s per batch
	--> Time from Last Check: 2.24s
--> Batch: 449, Loss: 0.5944, Label: 4, Survival Months: 33.75, Risk: -14.1741
	--> Average Speed: 0.07s per batch
	--> Time from Last Check: 2.24s
--> Batch: 499, Loss: 4.2862, Label: 11, Survival Months: 68.75, Risk: -16.2251
	--> Average Speed: 0.07s per batch
	--> Time from Last Check: 2.22s
--> Batch: 549, Loss: 1.0557, Label: 19, Survival Months: 328.42, Risk: -13.0676
	--> Average Speed: 0.07s per batch
	--> Time from Last Check: 2.22s
--> Batch: 599, Loss: 3.8741, Label: 1, Survival Months: 13.17, Risk: -13.0023
	--> Average Speed: 0.07s per batch
	--> Time from Last Check: 2.24s
--> Batch: 649, Loss: 0.5850, Label: 7, Survival Months: 46.17, Risk: -14.4737
	--> Average Speed: 0.07s per batch
	--> Time from Last Check: 2.24s
--> Batch: 699, Loss: 0.6214, Label: 11, Survival Months: 67.17, Risk: -13.8316
	--> Average Speed: 0.07s per batch
	--> Time from Last Check: 2.09s
--> Batch: 749, Loss: 0.5911, Label: 14, Survival Months: 110.42, Risk: -16.6912
	--> Average Speed: 0.07s per batch
	--> Time from Last Check: 2.21s
--> Batch: 799, Loss: 0.5587, Label: 9, Survival Months: 56.42, Risk: -16.8856
	--> Average Speed: 0.07s per batch
	--> Time from Last Check: 2.19s
[07/01/2025 - 04:13:28] - Epoch: 7, lr: 0.00009415, train_loss: 0.9423, train_c_index: 0.5459
[07/01/2025 - 04:13:29] - Epoch: 7, val_loss: 1.4261, val_c_index: 0.5130
[07/01/2025 - 04:13:29] - Time elapsed for epoch 7: 39s
[07/01/2025 - 04:13:29] - Epoch: 8
--> Batch: 49, Loss: 0.5529, Label: 7, Survival Months: 45.50, Risk: -15.5396
	--> Average Speed: 0.05s per batch
	--> Time from Last Check: 1.64s
--> Batch: 99, Loss: 0.5359, Label: 4, Survival Months: 34.00, Risk: -17.4096
	--> Average Speed: 0.07s per batch
	--> Time from Last Check: 2.19s
--> Batch: 149, Loss: 3.9022, Label: 11, Survival Months: 73.25, Risk: -15.8324
	--> Average Speed: 0.07s per batch
	--> Time from Last Check: 2.18s
--> Batch: 199, Loss: 0.5887, Label: 14, Survival Months: 114.25, Risk: -15.6992
	--> Average Speed: 0.07s per batch
	--> Time from Last Check: 2.19s
--> Batch: 249, Loss: 0.5293, Label: 5, Survival Months: 36.58, Risk: -17.3255
	--> Average Speed: 0.07s per batch
	--> Time from Last Check: 2.21s
--> Batch: 299, Loss: 0.8390, Label: 19, Survival Months: 410.75, Risk: -17.7513
	--> Average Speed: 0.07s per batch
	--> Time from Last Check: 2.19s
--> Batch: 349, Loss: 0.5221, Label: 5, Survival Months: 34.83, Risk: -16.5524
	--> Average Speed: 0.07s per batch
	--> Time from Last Check: 2.19s
--> Batch: 399, Loss: 0.6744, Label: 15, Survival Months: 133.00, Risk: -13.2282
	--> Average Speed: 0.07s per batch
	--> Time from Last Check: 2.19s
--> Batch: 449, Loss: 0.5288, Label: 5, Survival Months: 36.25, Risk: -14.5250
	--> Average Speed: 0.07s per batch
	--> Time from Last Check: 2.19s
--> Batch: 499, Loss: 0.5303, Label: 10, Survival Months: 63.33, Risk: -16.0137
	--> Average Speed: 0.07s per batch
	--> Time from Last Check: 2.18s
--> Batch: 549, Loss: 0.5309, Label: 7, Survival Months: 44.83, Risk: -14.3419
	--> Average Speed: 0.07s per batch
	--> Time from Last Check: 2.20s
--> Batch: 599, Loss: 0.5521, Label: 5, Survival Months: 35.50, Risk: -11.5519
	--> Average Speed: 0.07s per batch
	--> Time from Last Check: 2.19s
--> Batch: 649, Loss: 0.5102, Label: 7, Survival Months: 43.17, Risk: -15.9437
	--> Average Speed: 0.07s per batch
	--> Time from Last Check: 2.21s
--> Batch: 699, Loss: 0.5790, Label: 6, Survival Months: 38.83, Risk: -9.2552
	--> Average Speed: 0.07s per batch
	--> Time from Last Check: 2.18s
--> Batch: 749, Loss: 0.5640, Label: 16, Survival Months: 166.33, Risk: -16.4446
	--> Average Speed: 0.07s per batch
	--> Time from Last Check: 2.19s
--> Batch: 799, Loss: 3.7186, Label: 12, Survival Months: 82.58, Risk: -16.4924
	--> Average Speed: 0.07s per batch
	--> Time from Last Check: 2.22s
[07/01/2025 - 04:14:06] - Epoch: 8, lr: 0.00009321, train_loss: 0.8653, train_c_index: 0.5894
[07/01/2025 - 04:14:08] - Epoch: 8, val_loss: 1.3522, val_c_index: 0.4700
[07/01/2025 - 04:14:08] - Time elapsed for epoch 8: 38s
[07/01/2025 - 04:14:08] - Epoch: 9
--> Batch: 49, Loss: 0.5275, Label: 9, Survival Months: 54.50, Risk: -13.7297
	--> Average Speed: 0.07s per batch
	--> Time from Last Check: 2.16s
--> Batch: 99, Loss: 0.5185, Label: 12, Survival Months: 87.58, Risk: -15.9020
	--> Average Speed: 0.07s per batch
	--> Time from Last Check: 2.21s
--> Batch: 149, Loss: 0.4947, Label: 10, Survival Months: 59.00, Risk: -16.2827
	--> Average Speed: 0.07s per batch
	--> Time from Last Check: 2.17s
--> Batch: 199, Loss: 0.4761, Label: 0, Survival Months: 0.83, Risk: -14.8686
	--> Average Speed: 0.07s per batch
	--> Time from Last Check: 2.20s
--> Batch: 249, Loss: 0.8509, Label: 18, Survival Months: 248.00, Risk: -12.5903
	--> Average Speed: 0.07s per batch
	--> Time from Last Check: 2.23s
--> Batch: 299, Loss: 0.4984, Label: 6, Survival Months: 42.92, Risk: -13.4588
	--> Average Speed: 0.07s per batch
	--> Time from Last Check: 2.22s
--> Batch: 349, Loss: 0.4738, Label: 9, Survival Months: 52.33, Risk: -17.0998
	--> Average Speed: 0.07s per batch
	--> Time from Last Check: 2.22s
--> Batch: 399, Loss: 0.4708, Label: 5, Survival Months: 36.58, Risk: -16.4517
	--> Average Speed: 0.07s per batch
	--> Time from Last Check: 2.19s
--> Batch: 449, Loss: 0.4681, Label: 4, Survival Months: 31.33, Risk: -16.3058
	--> Average Speed: 0.07s per batch
	--> Time from Last Check: 2.18s
--> Batch: 499, Loss: 0.4620, Label: 1, Survival Months: 4.08, Risk: -16.1817
	--> Average Speed: 0.07s per batch
	--> Time from Last Check: 2.22s
--> Batch: 549, Loss: 0.4705, Label: 3, Survival Months: 30.50, Risk: -15.0008
	--> Average Speed: 0.07s per batch
	--> Time from Last Check: 2.21s
--> Batch: 599, Loss: 0.4549, Label: 0, Survival Months: 0.83, Risk: -16.9603
	--> Average Speed: 0.07s per batch
	--> Time from Last Check: 2.21s
--> Batch: 649, Loss: 0.4559, Label: 3, Survival Months: 31.25, Risk: -17.3738
	--> Average Speed: 0.07s per batch
	--> Time from Last Check: 2.25s
--> Batch: 699, Loss: 0.4829, Label: 9, Survival Months: 54.58, Risk: -14.7037
	--> Average Speed: 0.07s per batch
	--> Time from Last Check: 2.19s
--> Batch: 749, Loss: 0.4454, Label: 0, Survival Months: 2.50, Risk: -16.4334
	--> Average Speed: 0.07s per batch
	--> Time from Last Check: 2.23s
--> Batch: 799, Loss: 0.4637, Label: 8, Survival Months: 50.58, Risk: -15.6484
	--> Average Speed: 0.07s per batch
	--> Time from Last Check: 2.18s
[07/01/2025 - 04:14:45] - Epoch: 9, lr: 0.00009227, train_loss: 0.8038, train_c_index: 0.6539
[07/01/2025 - 04:14:47] - Epoch: 9, val_loss: 1.3709, val_c_index: 0.5666
[07/01/2025 - 04:14:47] - Time elapsed for epoch 9: 39s
[07/01/2025 - 04:14:47] - Epoch: 10
--> Batch: 49, Loss: 0.9416, Label: 19, Survival Months: 357.08, Risk: -13.0554
	--> Average Speed: 0.03s per batch
	--> Time from Last Check: 1.09s
--> Batch: 99, Loss: 0.4424, Label: 2, Survival Months: 23.75, Risk: -16.5050
	--> Average Speed: 0.03s per batch
	--> Time from Last Check: 0.86s
--> Batch: 149, Loss: 0.6310, Label: 16, Survival Months: 144.00, Risk: -12.9107
	--> Average Speed: 0.03s per batch
	--> Time from Last Check: 0.89s
--> Batch: 199, Loss: 0.4395, Label: 6, Survival Months: 38.08, Risk: -16.5405
	--> Average Speed: 0.03s per batch
	--> Time from Last Check: 0.90s
--> Batch: 249, Loss: 0.4405, Label: 4, Survival Months: 34.08, Risk: -15.5926
	--> Average Speed: 0.03s per batch
	--> Time from Last Check: 1.08s
--> Batch: 299, Loss: 0.5175, Label: 15, Survival Months: 129.92, Risk: -15.3150
	--> Average Speed: 0.06s per batch
	--> Time from Last Check: 1.80s
--> Batch: 349, Loss: 0.4654, Label: 15, Survival Months: 129.00, Risk: -17.1723
	--> Average Speed: 0.07s per batch
	--> Time from Last Check: 2.28s
--> Batch: 399, Loss: 0.4467, Label: 7, Survival Months: 47.25, Risk: -14.3761
	--> Average Speed: 0.07s per batch
	--> Time from Last Check: 2.23s
--> Batch: 449, Loss: 0.4849, Label: 14, Survival Months: 109.08, Risk: -15.5710
	--> Average Speed: 0.07s per batch
	--> Time from Last Check: 2.21s
--> Batch: 499, Loss: 0.4505, Label: 3, Survival Months: 28.25, Risk: -12.4909
	--> Average Speed: 0.05s per batch
	--> Time from Last Check: 1.51s
--> Batch: 549, Loss: 0.4230, Label: 1, Survival Months: 4.92, Risk: -14.0542
	--> Average Speed: 0.07s per batch
	--> Time from Last Check: 2.23s
--> Batch: 599, Loss: 0.4306, Label: 10, Survival Months: 63.33, Risk: -16.3614
	--> Average Speed: 0.07s per batch
	--> Time from Last Check: 2.24s
--> Batch: 649, Loss: 0.4455, Label: 13, Survival Months: 101.00, Risk: -16.2854
	--> Average Speed: 0.07s per batch
	--> Time from Last Check: 2.26s
--> Batch: 699, Loss: 0.4463, Label: 15, Survival Months: 134.67, Risk: -17.3213
	--> Average Speed: 0.07s per batch
	--> Time from Last Check: 2.22s
--> Batch: 749, Loss: 0.4737, Label: 15, Survival Months: 128.50, Risk: -16.2225
	--> Average Speed: 0.07s per batch
	--> Time from Last Check: 2.23s
--> Batch: 799, Loss: 0.5132, Label: 17, Survival Months: 202.17, Risk: -16.4952
	--> Average Speed: 0.07s per batch
	--> Time from Last Check: 2.23s
[07/01/2025 - 04:15:17] - Epoch: 10, lr: 0.00009135, train_loss: 0.7647, train_c_index: 0.6498
[07/01/2025 - 04:15:19] - Epoch: 10, val_loss: 1.2778, val_c_index: 0.5778
[07/01/2025 - 04:15:19] - Time elapsed for epoch 10: 32s
[07/01/2025 - 04:15:19] - Epoch: 11
--> Batch: 49, Loss: 0.4187, Label: 5, Survival Months: 35.83, Risk: -15.2573
	--> Average Speed: 0.07s per batch
	--> Time from Last Check: 2.17s
--> Batch: 99, Loss: 0.5055, Label: 6, Survival Months: 41.92, Risk: -8.3280
	--> Average Speed: 0.07s per batch
	--> Time from Last Check: 2.22s
--> Batch: 149, Loss: 0.5125, Label: 14, Survival Months: 109.00, Risk: -13.5080
	--> Average Speed: 0.07s per batch
	--> Time from Last Check: 2.25s
--> Batch: 199, Loss: 0.4024, Label: 9, Survival Months: 58.17, Risk: -17.1025
	--> Average Speed: 0.07s per batch
	--> Time from Last Check: 2.20s
--> Batch: 249, Loss: 0.4354, Label: 13, Survival Months: 96.42, Risk: -15.7943
	--> Average Speed: 0.07s per batch
	--> Time from Last Check: 2.21s
--> Batch: 299, Loss: 0.5920, Label: 14, Survival Months: 102.83, Risk: -10.9842
	--> Average Speed: 0.07s per batch
	--> Time from Last Check: 2.21s
--> Batch: 349, Loss: 0.4054, Label: 7, Survival Months: 43.25, Risk: -14.8977
	--> Average Speed: 0.07s per batch
	--> Time from Last Check: 2.21s
--> Batch: 399, Loss: 0.4046, Label: 13, Survival Months: 100.83, Risk: -17.1620
	--> Average Speed: 0.07s per batch
	--> Time from Last Check: 2.20s
--> Batch: 449, Loss: 0.3979, Label: 6, Survival Months: 40.17, Risk: -15.1353
	--> Average Speed: 0.07s per batch
	--> Time from Last Check: 2.21s
--> Batch: 499, Loss: 0.5511, Label: 16, Survival Months: 166.50, Risk: -13.9318
	--> Average Speed: 0.07s per batch
	--> Time from Last Check: 2.23s
--> Batch: 549, Loss: 0.4500, Label: 15, Survival Months: 136.83, Risk: -16.2148
	--> Average Speed: 0.07s per batch
	--> Time from Last Check: 2.21s
--> Batch: 599, Loss: 0.4091, Label: 10, Survival Months: 60.67, Risk: -15.2953
	--> Average Speed: 0.07s per batch
	--> Time from Last Check: 2.20s
--> Batch: 649, Loss: 0.3804, Label: 7, Survival Months: 43.17, Risk: -18.0571
	--> Average Speed: 0.07s per batch
	--> Time from Last Check: 2.20s
--> Batch: 699, Loss: 1.3209, Label: 19, Survival Months: 289.33, Risk: -17.8508
	--> Average Speed: 0.07s per batch
	--> Time from Last Check: 2.21s
--> Batch: 749, Loss: 0.4239, Label: 9, Survival Months: 52.00, Risk: -13.4934
	--> Average Speed: 0.07s per batch
	--> Time from Last Check: 2.18s
--> Batch: 799, Loss: 0.3781, Label: 1, Survival Months: 4.75, Risk: -17.0229
	--> Average Speed: 0.07s per batch
	--> Time from Last Check: 2.24s
[07/01/2025 - 04:15:56] - Epoch: 11, lr: 0.00009044, train_loss: 0.7273, train_c_index: 0.6736
[07/01/2025 - 04:15:58] - Epoch: 11, val_loss: 1.2893, val_c_index: 0.5400
[07/01/2025 - 04:15:58] - Time elapsed for epoch 11: 39s
[07/01/2025 - 04:15:58] - Epoch: 12
--> Batch: 49, Loss: 0.5393, Label: 18, Survival Months: 210.42, Risk: -16.5654
	--> Average Speed: 0.06s per batch
	--> Time from Last Check: 1.98s
--> Batch: 99, Loss: 0.4201, Label: 10, Survival Months: 58.50, Risk: -13.9672
	--> Average Speed: 0.07s per batch
	--> Time from Last Check: 2.26s
--> Batch: 149, Loss: 0.3768, Label: 9, Survival Months: 54.00, Risk: -17.1633
	--> Average Speed: 0.07s per batch
	--> Time from Last Check: 2.28s
--> Batch: 199, Loss: 0.4603, Label: 8, Survival Months: 47.83, Risk: -10.6921
	--> Average Speed: 0.07s per batch
	--> Time from Last Check: 2.26s
--> Batch: 249, Loss: 0.6278, Label: 15, Survival Months: 129.17, Risk: -10.6334
	--> Average Speed: 0.07s per batch
	--> Time from Last Check: 2.26s
--> Batch: 299, Loss: 5.0054, Label: 2, Survival Months: 18.67, Risk: -16.5535
	--> Average Speed: 0.07s per batch
	--> Time from Last Check: 2.27s
--> Batch: 349, Loss: 0.3589, Label: 2, Survival Months: 18.00, Risk: -17.7035
	--> Average Speed: 0.07s per batch
	--> Time from Last Check: 2.27s
--> Batch: 399, Loss: 0.3878, Label: 14, Survival Months: 112.25, Risk: -17.1109
	--> Average Speed: 0.07s per batch
	--> Time from Last Check: 2.28s
--> Batch: 449, Loss: 0.4179, Label: 13, Survival Months: 95.00, Risk: -14.8669
	--> Average Speed: 0.07s per batch
	--> Time from Last Check: 2.26s
--> Batch: 499, Loss: 0.4551, Label: 13, Survival Months: 90.42, Risk: -13.1466
	--> Average Speed: 0.07s per batch
	--> Time from Last Check: 2.25s
--> Batch: 549, Loss: 2.0195, Label: 18, Survival Months: 211.17, Risk: -16.6686
	--> Average Speed: 0.07s per batch
	--> Time from Last Check: 2.11s
--> Batch: 599, Loss: 2.2495, Label: 19, Survival Months: 284.08, Risk: -12.9569
	--> Average Speed: 0.07s per batch
	--> Time from Last Check: 2.14s
--> Batch: 649, Loss: 0.3838, Label: 15, Survival Months: 134.25, Risk: -17.4800
	--> Average Speed: 0.07s per batch
	--> Time from Last Check: 2.20s
--> Batch: 699, Loss: 0.3565, Label: 4, Survival Months: 32.67, Risk: -16.0068
	--> Average Speed: 0.06s per batch
	--> Time from Last Check: 2.06s
--> Batch: 749, Loss: 0.3474, Label: 0, Survival Months: 0.00, Risk: -15.9483
	--> Average Speed: 0.07s per batch
	--> Time from Last Check: 2.14s
--> Batch: 799, Loss: 0.4899, Label: 13, Survival Months: 100.42, Risk: -11.7184
	--> Average Speed: 0.07s per batch
	--> Time from Last Check: 2.11s
[07/01/2025 - 04:16:35] - Epoch: 12, lr: 0.00008953, train_loss: 0.6913, train_c_index: 0.7023
[07/01/2025 - 04:16:37] - Epoch: 12, val_loss: 1.2749, val_c_index: 0.5514
[07/01/2025 - 04:16:37] - Time elapsed for epoch 12: 39s
[07/01/2025 - 04:16:37] - Epoch: 13
--> Batch: 49, Loss: 0.3813, Label: 3, Survival Months: 30.92, Risk: -11.2229
	--> Average Speed: 0.05s per batch
	--> Time from Last Check: 1.62s
--> Batch: 99, Loss: 0.3548, Label: 5, Survival Months: 37.83, Risk: -14.7632
	--> Average Speed: 0.06s per batch
	--> Time from Last Check: 1.80s
--> Batch: 149, Loss: 0.3530, Label: 3, Survival Months: 28.58, Risk: -14.4072
	--> Average Speed: 0.05s per batch
	--> Time from Last Check: 1.53s
--> Batch: 199, Loss: 0.3929, Label: 8, Survival Months: 48.67, Risk: -12.5478
	--> Average Speed: 0.05s per batch
	--> Time from Last Check: 1.45s
--> Batch: 249, Loss: 0.3464, Label: 4, Survival Months: 32.08, Risk: -15.0881
	--> Average Speed: 0.06s per batch
	--> Time from Last Check: 1.81s
--> Batch: 299, Loss: 2.7551, Label: 8, Survival Months: 48.67, Risk: -11.1588
	--> Average Speed: 0.04s per batch
	--> Time from Last Check: 1.34s
--> Batch: 349, Loss: 0.3369, Label: 3, Survival Months: 29.00, Risk: -16.0134
	--> Average Speed: 0.06s per batch
	--> Time from Last Check: 1.95s
--> Batch: 399, Loss: 0.3745, Label: 14, Survival Months: 114.50, Risk: -16.1053
	--> Average Speed: 0.05s per batch
	--> Time from Last Check: 1.60s
--> Batch: 449, Loss: 0.3883, Label: 11, Survival Months: 73.58, Risk: -13.9095
	--> Average Speed: 0.05s per batch
	--> Time from Last Check: 1.65s
--> Batch: 499, Loss: 0.5356, Label: 18, Survival Months: 206.42, Risk: -16.5825
	--> Average Speed: 0.06s per batch
	--> Time from Last Check: 1.86s
--> Batch: 549, Loss: 0.6789, Label: 19, Survival Months: 268.83, Risk: -17.1045
	--> Average Speed: 0.06s per batch
	--> Time from Last Check: 2.05s
--> Batch: 599, Loss: 0.3657, Label: 7, Survival Months: 44.33, Risk: -12.6600
	--> Average Speed: 0.05s per batch
	--> Time from Last Check: 1.70s
--> Batch: 649, Loss: 0.3265, Label: 8, Survival Months: 49.00, Risk: -17.2933
	--> Average Speed: 0.06s per batch
	--> Time from Last Check: 1.89s
--> Batch: 699, Loss: 0.3434, Label: 13, Survival Months: 99.25, Risk: -16.8202
	--> Average Speed: 0.05s per batch
	--> Time from Last Check: 1.73s
--> Batch: 749, Loss: 3.1607, Label: 16, Survival Months: 148.42, Risk: -17.4012
	--> Average Speed: 0.07s per batch
	--> Time from Last Check: 2.19s
--> Batch: 799, Loss: 0.3773, Label: 12, Survival Months: 86.17, Risk: -14.9922
	--> Average Speed: 0.07s per batch
	--> Time from Last Check: 2.25s
[07/01/2025 - 04:17:07] - Epoch: 13, lr: 0.00008864, train_loss: 0.6599, train_c_index: 0.6773
[07/01/2025 - 04:17:09] - Epoch: 13, val_loss: 1.3083, val_c_index: 0.5530
[07/01/2025 - 04:17:09] - Time elapsed for epoch 13: 32s
[07/01/2025 - 04:17:09] - Epoch: 14
--> Batch: 49, Loss: 0.5251, Label: 15, Survival Months: 129.92, Risk: -12.0986
	--> Average Speed: 0.05s per batch
	--> Time from Last Check: 1.48s
--> Batch: 99, Loss: 0.5146, Label: 12, Survival Months: 84.08, Risk: -9.8528
	--> Average Speed: 0.07s per batch
	--> Time from Last Check: 2.15s
--> Batch: 149, Loss: 0.6592, Label: 19, Survival Months: 270.67, Risk: -16.5916
	--> Average Speed: 0.07s per batch
	--> Time from Last Check: 2.17s
--> Batch: 199, Loss: 0.3407, Label: 14, Survival Months: 107.33, Risk: -17.2629
	--> Average Speed: 0.07s per batch
	--> Time from Last Check: 2.18s
--> Batch: 249, Loss: 0.3479, Label: 4, Survival Months: 32.75, Risk: -11.8898
	--> Average Speed: 0.07s per batch
	--> Time from Last Check: 2.22s
--> Batch: 299, Loss: 0.3133, Label: 7, Survival Months: 43.17, Risk: -17.1641
	--> Average Speed: 0.07s per batch
	--> Time from Last Check: 2.19s
--> Batch: 349, Loss: 0.3199, Label: 10, Survival Months: 60.58, Risk: -17.0044
	--> Average Speed: 0.07s per batch
	--> Time from Last Check: 2.20s
--> Batch: 399, Loss: 0.3250, Label: 6, Survival Months: 39.00, Risk: -14.9898
	--> Average Speed: 0.07s per batch
	--> Time from Last Check: 2.22s
--> Batch: 449, Loss: 0.3102, Label: 6, Survival Months: 41.58, Risk: -17.5406
	--> Average Speed: 0.07s per batch
	--> Time from Last Check: 2.19s
--> Batch: 499, Loss: 0.7517, Label: 18, Survival Months: 213.25, Risk: -10.8713
	--> Average Speed: 0.06s per batch
	--> Time from Last Check: 1.93s
--> Batch: 549, Loss: 0.4013, Label: 16, Survival Months: 156.33, Risk: -15.8312
	--> Average Speed: 0.07s per batch
	--> Time from Last Check: 2.09s
--> Batch: 599, Loss: 0.3107, Label: 2, Survival Months: 18.92, Risk: -15.6471
	--> Average Speed: 0.07s per batch
	--> Time from Last Check: 2.23s
--> Batch: 649, Loss: 0.4631, Label: 17, Survival Months: 179.58, Risk: -15.0834
	--> Average Speed: 0.07s per batch
	--> Time from Last Check: 2.24s
--> Batch: 699, Loss: 0.3141, Label: 7, Survival Months: 44.00, Risk: -15.5477
	--> Average Speed: 0.07s per batch
	--> Time from Last Check: 2.23s
--> Batch: 749, Loss: 0.3026, Label: 5, Survival Months: 36.75, Risk: -16.9904
	--> Average Speed: 0.07s per batch
	--> Time from Last Check: 2.23s
--> Batch: 799, Loss: 0.3486, Label: 13, Survival Months: 101.42, Risk: -15.3725
	--> Average Speed: 0.07s per batch
	--> Time from Last Check: 2.25s
[07/01/2025 - 04:17:45] - Epoch: 14, lr: 0.00008775, train_loss: 0.6425, train_c_index: 0.7044
[07/01/2025 - 04:17:47] - Epoch: 14, val_loss: 1.2478, val_c_index: 0.5682
[07/01/2025 - 04:17:47] - Time elapsed for epoch 14: 38s
[07/01/2025 - 04:17:47] - Epoch: 15
--> Batch: 49, Loss: 0.3019, Label: 3, Survival Months: 28.25, Risk: -15.6748
	--> Average Speed: 0.07s per batch
	--> Time from Last Check: 2.23s
--> Batch: 99, Loss: 0.3120, Label: 10, Survival Months: 65.25, Risk: -15.8721
	--> Average Speed: 0.07s per batch
	--> Time from Last Check: 2.23s
--> Batch: 149, Loss: 2.5163, Label: 16, Survival Months: 149.42, Risk: -13.4793
	--> Average Speed: 0.07s per batch
	--> Time from Last Check: 2.23s
--> Batch: 199, Loss: 0.2866, Label: 0, Survival Months: 1.58, Risk: -17.8353
	--> Average Speed: 0.07s per batch
	--> Time from Last Check: 2.09s
--> Batch: 249, Loss: 0.2913, Label: 6, Survival Months: 41.83, Risk: -16.7479
	--> Average Speed: 0.07s per batch
	--> Time from Last Check: 2.17s
--> Batch: 299, Loss: 0.2877, Label: 5, Survival Months: 35.08, Risk: -17.5161
	--> Average Speed: 0.07s per batch
	--> Time from Last Check: 2.20s
--> Batch: 349, Loss: 0.2932, Label: 10, Survival Months: 64.42, Risk: -17.2598
	--> Average Speed: 0.07s per batch
	--> Time from Last Check: 2.20s
--> Batch: 399, Loss: 0.2917, Label: 3, Survival Months: 30.17, Risk: -16.3047
	--> Average Speed: 0.07s per batch
	--> Time from Last Check: 2.21s
--> Batch: 449, Loss: 0.2849, Label: 0, Survival Months: 0.00, Risk: -17.2611
	--> Average Speed: 0.07s per batch
	--> Time from Last Check: 2.19s
--> Batch: 499, Loss: 0.2894, Label: 8, Survival Months: 48.67, Risk: -17.0655
	--> Average Speed: 0.07s per batch
	--> Time from Last Check: 2.23s
--> Batch: 549, Loss: 0.2826, Label: 6, Survival Months: 39.25, Risk: -17.3179
	--> Average Speed: 0.07s per batch
	--> Time from Last Check: 2.22s
--> Batch: 599, Loss: 0.3205, Label: 14, Survival Months: 102.58, Risk: -16.5926
	--> Average Speed: 0.07s per batch
	--> Time from Last Check: 2.22s
--> Batch: 649, Loss: 3.4998, Label: 8, Survival Months: 47.58, Risk: -15.5228
	--> Average Speed: 0.07s per batch
	--> Time from Last Check: 2.24s
--> Batch: 699, Loss: 1.8783, Label: 18, Survival Months: 260.50, Risk: -16.5571
	--> Average Speed: 0.07s per batch
	--> Time from Last Check: 2.22s
--> Batch: 749, Loss: 0.3385, Label: 16, Survival Months: 144.00, Risk: -17.3258
	--> Average Speed: 0.07s per batch
	--> Time from Last Check: 2.25s
--> Batch: 799, Loss: 0.2854, Label: 0, Survival Months: 0.42, Risk: -13.6312
	--> Average Speed: 0.06s per batch
	--> Time from Last Check: 1.79s
[07/01/2025 - 04:18:23] - Epoch: 15, lr: 0.00008687, train_loss: 0.6052, train_c_index: 0.7599
[07/01/2025 - 04:18:25] - Epoch: 15, val_loss: 1.2749, val_c_index: 0.5270
[07/01/2025 - 04:18:25] - Time elapsed for epoch 15: 38s
[07/01/2025 - 04:18:25] - Epoch: 16
--> Batch: 49, Loss: 0.3533, Label: 17, Survival Months: 194.08, Risk: -17.5520
	--> Average Speed: 0.07s per batch
	--> Time from Last Check: 2.34s
--> Batch: 99, Loss: 0.2810, Label: 2, Survival Months: 21.00, Risk: -15.7286
	--> Average Speed: 0.07s per batch
	--> Time from Last Check: 2.19s
--> Batch: 149, Loss: 0.2862, Label: 2, Survival Months: 25.25, Risk: -14.1691
	--> Average Speed: 0.07s per batch
	--> Time from Last Check: 2.17s
--> Batch: 199, Loss: 0.2799, Label: 11, Survival Months: 75.42, Risk: -17.9351
	--> Average Speed: 0.07s per batch
	--> Time from Last Check: 2.21s
--> Batch: 249, Loss: 0.2759, Label: 11, Survival Months: 75.50, Risk: -18.1175
	--> Average Speed: 0.07s per batch
	--> Time from Last Check: 2.21s
--> Batch: 299, Loss: 0.2731, Label: 3, Survival Months: 26.92, Risk: -17.0694
	--> Average Speed: 0.07s per batch
	--> Time from Last Check: 2.19s
--> Batch: 349, Loss: 0.6116, Label: 19, Survival Months: 280.08, Risk: -17.4416
	--> Average Speed: 0.07s per batch
	--> Time from Last Check: 2.21s
--> Batch: 399, Loss: 0.2762, Label: 11, Survival Months: 69.08, Risk: -17.5908
	--> Average Speed: 0.07s per batch
	--> Time from Last Check: 2.21s
--> Batch: 449, Loss: 0.2737, Label: 6, Survival Months: 42.92, Risk: -16.9628
	--> Average Speed: 0.07s per batch
	--> Time from Last Check: 2.21s
--> Batch: 499, Loss: 0.2846, Label: 12, Survival Months: 81.25, Risk: -17.1523
	--> Average Speed: 0.07s per batch
	--> Time from Last Check: 2.19s
--> Batch: 549, Loss: 0.2835, Label: 3, Survival Months: 30.33, Risk: -14.5815
	--> Average Speed: 0.07s per batch
	--> Time from Last Check: 2.13s
--> Batch: 599, Loss: 2.7836, Label: 14, Survival Months: 110.33, Risk: -16.4600
	--> Average Speed: 0.06s per batch
	--> Time from Last Check: 2.00s
--> Batch: 649, Loss: 0.2710, Label: 1, Survival Months: 2.58, Risk: -15.3687
	--> Average Speed: 0.07s per batch
	--> Time from Last Check: 2.18s
--> Batch: 699, Loss: 0.2700, Label: 7, Survival Months: 47.33, Risk: -17.2098
	--> Average Speed: 0.07s per batch
	--> Time from Last Check: 2.24s
--> Batch: 749, Loss: 0.2735, Label: 9, Survival Months: 55.50, Risk: -17.0798
	--> Average Speed: 0.07s per batch
	--> Time from Last Check: 2.21s
--> Batch: 799, Loss: 0.2853, Label: 8, Survival Months: 50.58, Risk: -15.4042
	--> Average Speed: 0.07s per batch
	--> Time from Last Check: 2.22s
[07/01/2025 - 04:19:02] - Epoch: 16, lr: 0.00008601, train_loss: 0.5935, train_c_index: 0.7666
[07/01/2025 - 04:19:04] - Epoch: 16, val_loss: 1.3466, val_c_index: 0.5595
[07/01/2025 - 04:19:04] - Time elapsed for epoch 16: 39s
[07/01/2025 - 04:19:04] - Epoch: 17
--> Batch: 49, Loss: 0.2929, Label: 14, Survival Months: 109.00, Risk: -17.1315
	--> Average Speed: 0.07s per batch
	--> Time from Last Check: 2.10s
--> Batch: 99, Loss: 0.2597, Label: 1, Survival Months: 6.50, Risk: -17.8701
	--> Average Speed: 0.07s per batch
	--> Time from Last Check: 2.23s
--> Batch: 149, Loss: 0.2776, Label: 5, Survival Months: 37.25, Risk: -14.5462
	--> Average Speed: 0.07s per batch
	--> Time from Last Check: 2.20s
--> Batch: 199, Loss: 0.2737, Label: 7, Survival Months: 43.00, Risk: -15.2277
	--> Average Speed: 0.07s per batch
	--> Time from Last Check: 2.25s
--> Batch: 249, Loss: 0.2908, Label: 13, Survival Months: 88.67, Risk: -16.3943
	--> Average Speed: 0.07s per batch
	--> Time from Last Check: 2.21s
--> Batch: 299, Loss: 0.3175, Label: 14, Survival Months: 114.50, Risk: -15.6957
	--> Average Speed: 0.07s per batch
	--> Time from Last Check: 2.20s
--> Batch: 349, Loss: 0.2614, Label: 7, Survival Months: 44.33, Risk: -16.4045
	--> Average Speed: 0.07s per batch
	--> Time from Last Check: 2.22s
--> Batch: 399, Loss: 0.2979, Label: 11, Survival Months: 73.17, Risk: -14.8389
	--> Average Speed: 0.07s per batch
	--> Time from Last Check: 2.20s
--> Batch: 449, Loss: 0.3825, Label: 17, Survival Months: 187.92, Risk: -16.3438
	--> Average Speed: 0.07s per batch
	--> Time from Last Check: 2.19s
--> Batch: 499, Loss: 0.2661, Label: 13, Survival Months: 93.33, Risk: -17.4033
	--> Average Speed: 0.07s per batch
	--> Time from Last Check: 2.21s
--> Batch: 549, Loss: 0.6745, Label: 19, Survival Months: 593.83, Risk: -15.3223
	--> Average Speed: 0.07s per batch
	--> Time from Last Check: 2.20s
--> Batch: 599, Loss: 1.8332, Label: 18, Survival Months: 206.92, Risk: -15.2827
	--> Average Speed: 0.07s per batch
	--> Time from Last Check: 2.20s
--> Batch: 649, Loss: 0.2539, Label: 2, Survival Months: 20.17, Risk: -15.5693
	--> Average Speed: 0.07s per batch
	--> Time from Last Check: 2.15s
--> Batch: 699, Loss: 0.2798, Label: 11, Survival Months: 76.00, Risk: -15.4873
	--> Average Speed: 0.07s per batch
	--> Time from Last Check: 2.19s
--> Batch: 749, Loss: 0.2460, Label: 3, Survival Months: 30.00, Risk: -17.2872
	--> Average Speed: 0.07s per batch
	--> Time from Last Check: 2.18s
--> Batch: 799, Loss: 0.3635, Label: 15, Survival Months: 125.42, Risk: -14.6900
	--> Average Speed: 0.07s per batch
	--> Time from Last Check: 2.17s
[07/01/2025 - 04:19:41] - Epoch: 17, lr: 0.00008515, train_loss: 0.5625, train_c_index: 0.7969
[07/01/2025 - 04:19:42] - Epoch: 17, val_loss: 1.3894, val_c_index: 0.5725
[07/01/2025 - 04:19:43] - Time elapsed for epoch 17: 39s
[07/01/2025 - 04:19:43] - Epoch: 18
--> Batch: 49, Loss: 0.2787, Label: 17, Survival Months: 182.00, Risk: -18.4925
	--> Average Speed: 0.06s per batch
	--> Time from Last Check: 2.07s
--> Batch: 99, Loss: 0.2433, Label: 11, Survival Months: 78.50, Risk: -18.2349
	--> Average Speed: 0.07s per batch
	--> Time from Last Check: 2.26s
--> Batch: 149, Loss: 1.9680, Label: 19, Survival Months: 329.92, Risk: -14.2237
	--> Average Speed: 0.07s per batch
	--> Time from Last Check: 2.24s
--> Batch: 199, Loss: 0.2653, Label: 10, Survival Months: 59.58, Risk: -15.4997
	--> Average Speed: 0.07s per batch
	--> Time from Last Check: 2.28s
--> Batch: 249, Loss: 0.2615, Label: 13, Survival Months: 94.33, Risk: -17.0836
	--> Average Speed: 0.07s per batch
	--> Time from Last Check: 2.28s
--> Batch: 299, Loss: 0.2425, Label: 0, Survival Months: 0.58, Risk: -15.8243
	--> Average Speed: 0.07s per batch
	--> Time from Last Check: 2.24s
--> Batch: 349, Loss: 0.2537, Label: 6, Survival Months: 41.33, Risk: -15.2664
	--> Average Speed: 0.07s per batch
	--> Time from Last Check: 2.28s
--> Batch: 399, Loss: 0.2447, Label: 1, Survival Months: 11.17, Risk: -15.6557
	--> Average Speed: 0.07s per batch
	--> Time from Last Check: 2.28s
--> Batch: 449, Loss: 0.4443, Label: 18, Survival Months: 224.58, Risk: -16.3200
	--> Average Speed: 0.07s per batch
	--> Time from Last Check: 2.29s
--> Batch: 499, Loss: 0.2850, Label: 13, Survival Months: 100.83, Risk: -15.5924
	--> Average Speed: 0.07s per batch
	--> Time from Last Check: 2.20s
--> Batch: 549, Loss: 0.2472, Label: 10, Survival Months: 62.67, Risk: -17.1266
	--> Average Speed: 0.07s per batch
	--> Time from Last Check: 2.21s
--> Batch: 599, Loss: 0.3916, Label: 18, Survival Months: 233.00, Risk: -17.6377
	--> Average Speed: 0.07s per batch
	--> Time from Last Check: 2.17s
--> Batch: 649, Loss: 0.2742, Label: 12, Survival Months: 86.25, Risk: -15.8422
	--> Average Speed: 0.07s per batch
	--> Time from Last Check: 2.16s
--> Batch: 699, Loss: 0.2399, Label: 4, Survival Months: 33.00, Risk: -16.3949
	--> Average Speed: 0.07s per batch
	--> Time from Last Check: 2.19s
--> Batch: 749, Loss: 0.5271, Label: 18, Survival Months: 251.83, Risk: -14.9044
	--> Average Speed: 0.07s per batch
	--> Time from Last Check: 2.19s
--> Batch: 799, Loss: 0.2872, Label: 6, Survival Months: 41.00, Risk: -10.9501
	--> Average Speed: 0.07s per batch
	--> Time from Last Check: 2.15s
[07/01/2025 - 04:20:20] - Epoch: 18, lr: 0.00008429, train_loss: 0.5514, train_c_index: 0.7905
[07/01/2025 - 04:20:22] - Epoch: 18, val_loss: 1.3457, val_c_index: 0.5520
[07/01/2025 - 04:20:22] - Time elapsed for epoch 18: 39s
[07/01/2025 - 04:20:22] - Epoch: 19
--> Batch: 49, Loss: 0.2448, Label: 3, Survival Months: 28.58, Risk: -14.4284
	--> Average Speed: 0.07s per batch
	--> Time from Last Check: 2.25s
--> Batch: 99, Loss: 0.2368, Label: 9, Survival Months: 54.50, Risk: -17.0878
	--> Average Speed: 0.07s per batch
	--> Time from Last Check: 2.22s
--> Batch: 149, Loss: 0.2384, Label: 14, Survival Months: 118.08, Risk: -18.1570
	--> Average Speed: 0.07s per batch
	--> Time from Last Check: 2.21s
--> Batch: 199, Loss: 0.2308, Label: 10, Survival Months: 58.92, Risk: -18.0636
	--> Average Speed: 0.07s per batch
	--> Time from Last Check: 2.20s
--> Batch: 249, Loss: 0.3166, Label: 16, Survival Months: 173.50, Risk: -16.4672
	--> Average Speed: 0.07s per batch
	--> Time from Last Check: 2.22s
--> Batch: 299, Loss: 0.2272, Label: 1, Survival Months: 8.17, Risk: -17.2581
	--> Average Speed: 0.07s per batch
	--> Time from Last Check: 2.22s
--> Batch: 349, Loss: 0.2715, Label: 4, Survival Months: 32.08, Risk: -11.2415
	--> Average Speed: 0.07s per batch
	--> Time from Last Check: 2.21s
--> Batch: 399, Loss: 0.8276, Label: 19, Survival Months: 270.67, Risk: -11.7548
	--> Average Speed: 0.07s per batch
	--> Time from Last Check: 2.20s
--> Batch: 449, Loss: 0.2298, Label: 6, Survival Months: 39.00, Risk: -16.5457
	--> Average Speed: 0.07s per batch
	--> Time from Last Check: 2.21s
--> Batch: 499, Loss: 0.2364, Label: 4, Survival Months: 34.17, Risk: -14.9316
	--> Average Speed: 0.07s per batch
	--> Time from Last Check: 2.23s
--> Batch: 549, Loss: 0.2262, Label: 7, Survival Months: 43.25, Risk: -17.3369
	--> Average Speed: 0.07s per batch
	--> Time from Last Check: 2.22s
--> Batch: 599, Loss: 3.7293, Label: 12, Survival Months: 86.17, Risk: -3.1429
	--> Average Speed: 0.07s per batch
	--> Time from Last Check: 2.22s
--> Batch: 649, Loss: 0.2254, Label: 0, Survival Months: 0.00, Risk: -16.5430
	--> Average Speed: 0.07s per batch
	--> Time from Last Check: 2.17s
--> Batch: 699, Loss: 0.2326, Label: 6, Survival Months: 38.92, Risk: -15.6126
	--> Average Speed: 0.07s per batch
	--> Time from Last Check: 2.14s
--> Batch: 749, Loss: 2.6270, Label: 16, Survival Months: 160.00, Risk: -16.8997
	--> Average Speed: 0.05s per batch
	--> Time from Last Check: 1.70s
--> Batch: 799, Loss: 0.6451, Label: 19, Survival Months: 280.33, Risk: -15.3102
	--> Average Speed: 0.05s per batch
	--> Time from Last Check: 1.71s
[07/01/2025 - 04:20:58] - Epoch: 19, lr: 0.00008345, train_loss: 0.5255, train_c_index: 0.8324
[07/01/2025 - 04:21:00] - Epoch: 19, val_loss: 1.4015, val_c_index: 0.5217
[07/01/2025 - 04:21:00] - Time elapsed for epoch 19: 38s
[07/01/2025 - 04:21:00] - Epoch: 20
--> Batch: 49, Loss: 0.2200, Label: 1, Survival Months: 14.00, Risk: -16.8141
	--> Average Speed: 0.06s per batch
	--> Time from Last Check: 1.90s
--> Batch: 99, Loss: 2.3047, Label: 1, Survival Months: 8.17, Risk: -6.8037
	--> Average Speed: 0.07s per batch
	--> Time from Last Check: 2.20s
--> Batch: 149, Loss: 0.4280, Label: 18, Survival Months: 257.33, Risk: -16.6008
	--> Average Speed: 0.07s per batch
	--> Time from Last Check: 2.20s
--> Batch: 199, Loss: 0.4291, Label: 18, Survival Months: 216.33, Risk: -16.5988
	--> Average Speed: 0.07s per batch
	--> Time from Last Check: 2.20s
--> Batch: 249, Loss: 0.2210, Label: 0, Survival Months: 0.83, Risk: -15.7684
	--> Average Speed: 0.07s per batch
	--> Time from Last Check: 2.19s
--> Batch: 299, Loss: 0.2348, Label: 1, Survival Months: 13.50, Risk: -11.4303
	--> Average Speed: 0.07s per batch
	--> Time from Last Check: 2.20s
--> Batch: 349, Loss: 0.2229, Label: 10, Survival Months: 63.67, Risk: -17.3497
	--> Average Speed: 0.07s per batch
	--> Time from Last Check: 2.18s
--> Batch: 399, Loss: 0.2189, Label: 5, Survival Months: 36.75, Risk: -16.7638
	--> Average Speed: 0.07s per batch
	--> Time from Last Check: 2.23s
--> Batch: 449, Loss: 0.2173, Label: 12, Survival Months: 82.50, Risk: -18.2776
	--> Average Speed: 0.07s per batch
	--> Time from Last Check: 2.20s
--> Batch: 499, Loss: 0.2187, Label: 2, Survival Months: 18.67, Risk: -16.1324
	--> Average Speed: 0.07s per batch
	--> Time from Last Check: 2.17s
--> Batch: 549, Loss: 0.2236, Label: 11, Survival Months: 69.50, Risk: -17.3600
	--> Average Speed: 0.07s per batch
	--> Time from Last Check: 2.16s
--> Batch: 599, Loss: 0.2166, Label: 5, Survival Months: 35.25, Risk: -17.9304
	--> Average Speed: 0.06s per batch
	--> Time from Last Check: 2.08s
--> Batch: 649, Loss: 0.2145, Label: 7, Survival Months: 46.17, Risk: -17.9920
	--> Average Speed: 0.07s per batch
	--> Time from Last Check: 2.14s
--> Batch: 699, Loss: 0.2131, Label: 3, Survival Months: 28.42, Risk: -17.8057
	--> Average Speed: 0.07s per batch
	--> Time from Last Check: 2.15s
--> Batch: 749, Loss: 0.2150, Label: 11, Survival Months: 73.58, Risk: -17.7906
	--> Average Speed: 0.07s per batch
	--> Time from Last Check: 2.29s
--> Batch: 799, Loss: 0.2558, Label: 16, Survival Months: 160.83, Risk: -17.5519
	--> Average Speed: 0.07s per batch
	--> Time from Last Check: 2.20s
[07/01/2025 - 04:21:36] - Epoch: 20, lr: 0.00008262, train_loss: 0.5164, train_c_index: 0.8306
--> Saving model into checkpoints/MCAT_TCGA-BRCA-GE-ME_E20_202501070421.pt
[07/01/2025 - 04:21:38] - Epoch: 20, val_loss: 1.3171, val_c_index: 0.6032
[07/01/2025 - 04:21:38] - Time elapsed for epoch 20: 39s

################# [07/01/2025 - 04:21:38] - Training completed #################

################# [07/01/2025 - 04:21:38] - Validation started #################
[07/01/2025 - 04:21:40] - Final Validation, val_loss: 1.3171, val_c_index: 0.6032
[07/01/2025 - 04:21:40] - Time elapsed for Validation: 2s

################ [07/01/2025 - 04:21:40] - Validation completed ################

################## [07/01/2025 - 04:21:43] - MCAT terminated ###################
