Environment conda activated
Job 2524503 started

#################### [07/02/2025 - 02:55:38] - MCAT started ####################
HOSTNAME: carabbaggio

WANDB: setting up for report

CUDA: available
--> Device count: 1
--> Using device: NVIDIA GeForce GTX 1080 Ti
--> Running on CUDA

DATASET: Loading data
--> Gene Expression loaded
--> Methylation loaded
--> Remaining samples after removing incomplete: 742
--> Class intervals: [
	0: [0.00 - 9.68]
	1: [9.68 - 24.60]
	2: [24.60 - 30.34]
	3: [30.34 - 33.52]
	4: [33.52 - 36.60]
	5: [36.60 - 39.75]
	6: [39.75 - 43.45]
	7: [43.45 - 47.78]
	8: [47.78 - 51.67]
	9: [51.67 - 56.66]
	10: [56.66 - 66.00]
	11: [66.00 - 78.32]
	12: [78.32 - 89.10]
	13: [89.10 - 102.75]
	14: [102.75 - 122.04]
	15: [122.04 - 143.07]
	16: [143.07 - 173.40]
	17: [173.40 - 206.80]
	18: [206.80 - 268.52]
	19: [268.52 - 593.83]
    ]
--> Standardizing RNA-seq data
--> Standardizing Methylation Islands columns from 0 to 10000
--> Standardizing Methylation Islands columns from 10000 to 20000
--> Standardizing Methylation Islands columns from 20000 to 30000
--> Standardizing Methylation Islands columns from 30000 to 33161
--> Processing Methylation Islands columns from 0 to 10000
--> Processing Methylation Islands columns from 10000 to 20000
--> Processing Methylation Islands columns from 20000 to 30000
--> Processing Methylation Islands columns from 30000 to 33161
--> RNA-seq loaded
--> Methylation loaded
--> Gene Expression Signatures size: [82, 323, 512, 430, 1464, 446]
--> Methylation Signatures size: [22, 21, 26, 23, 22, 50, 32, 32, 24, 23, 27, 24, 25, 21, 35, 24, 35, 33, 38, 32, 29, 20, 22, 32, 21, 21, 21, 22, 21, 22, 22, 24, 23, 21, 25, 28, 20, 35, 20, 23, 20, 20, 30, 24, 27, 24, 20, 20, 24, 28, 23, 27, 28, 28, 24, 21, 23, 23, 45, 30, 45, 22, 20, 34, 21, 31, 21, 21, 24, 24, 20, 20, 21, 26, 32, 25, 23, 21, 23, 20, 29, 24, 20, 21, 21, 25, 22, 26, 21, 22, 20, 28, 20, 25, 20, 23, 25, 22, 21, 23, 23, 21, 23, 22, 23, 23, 23, 21, 20, 21, 21, 21, 21, 27, 25, 27, 21, 24, 20, 27, 27, 27, 21, 39, 39, 38, 22, 39, 34, 34, 34, 33, 20, 20, 22, 26, 23, 27, 24, 22, 25, 26, 31, 22, 28]
--> Using 80% training, 20% validation

#################### [07/02/2025 - 02:56:20] - Grid Search #####################

############# Cross Validation with Current Configuration started ##############
--> alpha: 1.0, dropout: 0.0, gamma: 0.75, lambda: 0.0, lr: 1e-2, weight_decay: 0.0

###################### [07/02/2025 - 02:56:39] - Fold n°1 ######################

MODEL: MCAT with Gene Expression & Methylation
--> Trainable parameters of MCAT with Gene Expression & Methylation: 5504470
--> Loss function: CrossEntropySurvivalLoss
--> Optimizer: adamax

############ [07/02/2025 - 02:56:40] - Training started (Fold n°1) #############
[07/02/2025 - 02:56:40] - Epoch: 1
--> Batch: 49, Loss: 0.0000, Label: 3, Survival Months: 31.92, Risk: -4.6382
	--> Average Speed: 0.20s per batch
	--> Time from Last Check: 6.40s
--> Batch: 99, Loss: 0.0000, Label: 5, Survival Months: 39.42, Risk: -7.1759
	--> Average Speed: 0.17s per batch
	--> Time from Last Check: 5.53s
--> Batch: 149, Loss: 0.0000, Label: 6, Survival Months: 40.17, Risk: -9.0557
	--> Average Speed: 0.18s per batch
	--> Time from Last Check: 5.60s
--> Batch: 199, Loss: 0.0000, Label: 17, Survival Months: 186.67, Risk: -17.2556
	--> Average Speed: 0.20s per batch
	--> Time from Last Check: 6.47s
--> Batch: 249, Loss: 0.0000, Label: 2, Survival Months: 25.17, Risk: -4.3656
	--> Average Speed: 0.18s per batch
	--> Time from Last Check: 5.63s
--> Batch: 299, Loss: 0.0000, Label: 12, Survival Months: 83.00, Risk: -13.8580
	--> Average Speed: 0.19s per batch
	--> Time from Last Check: 6.03s
--> Batch: 349, Loss: 0.0000, Label: 17, Survival Months: 190.75, Risk: -13.0516
	--> Average Speed: 0.18s per batch
	--> Time from Last Check: 5.61s
--> Batch: 399, Loss: 0.0000, Label: 14, Survival Months: 103.92, Risk: -7.2793
	--> Average Speed: 0.18s per batch
	--> Time from Last Check: 5.72s
--> Batch: 449, Loss: 0.0000, Label: 2, Survival Months: 25.00, Risk: -10.6238
	--> Average Speed: 0.18s per batch
	--> Time from Last Check: 5.78s
--> Batch: 499, Loss: 0.0000, Label: 5, Survival Months: 37.92, Risk: -8.2852
	--> Average Speed: 0.20s per batch
	--> Time from Last Check: 6.24s
--> Batch: 549, Loss: 2.8872, Label: 13, Survival Months: 96.00, Risk: -9.2450
	--> Average Speed: 0.18s per batch
	--> Time from Last Check: 5.64s
[07/02/2025 - 02:57:50] - Epoch: 1, lr: 0.01000000, training_loss: 0.5153, training_c_index: 0.5598
[07/02/2025 - 02:58:00] - Epoch: 1, validation_loss: 0.2559, validation_c_index: 0.5605
--> New BEST Validation Score: 0.5342, validation_loss: 0.2559, validation_c_index: 0.5605, training_loss: 0.5153, training_c_index: 0.5598
--> Current BEST Score: 0.5342
	--> validation_loss: 0.2559
	--> validation_c_index: 0.5605
	--> training_loss: 0.5153
	--> training_c_index: 0.5598
[07/02/2025 - 02:58:01] - Time elapsed for epoch 1: 81s
[07/02/2025 - 02:58:01] - Epoch: 2
--> Batch: 49, Loss: 0.0000, Label: 10, Survival Months: 65.25, Risk: -12.7802
	--> Average Speed: 0.20s per batch
	--> Time from Last Check: 6.32s
--> Batch: 99, Loss: 0.0000, Label: 10, Survival Months: 64.08, Risk: -12.6066
	--> Average Speed: 0.21s per batch
	--> Time from Last Check: 6.72s
--> Batch: 149, Loss: 0.0000, Label: 4, Survival Months: 33.75, Risk: -7.5301
	--> Average Speed: 0.18s per batch
	--> Time from Last Check: 5.67s
--> Batch: 199, Loss: 0.0000, Label: 1, Survival Months: 21.00, Risk: -8.1187
	--> Average Speed: 0.18s per batch
	--> Time from Last Check: 5.71s
--> Batch: 249, Loss: 0.0000, Label: 12, Survival Months: 88.50, Risk: -7.5629
	--> Average Speed: 0.18s per batch
	--> Time from Last Check: 5.76s
--> Batch: 299, Loss: 0.0000, Label: 8, Survival Months: 51.33, Risk: -12.4339
	--> Average Speed: 0.18s per batch
	--> Time from Last Check: 5.72s
--> Batch: 349, Loss: 0.0000, Label: 17, Survival Months: 175.67, Risk: -12.8254
	--> Average Speed: 0.18s per batch
	--> Time from Last Check: 5.64s
--> Batch: 399, Loss: 0.0000, Label: 11, Survival Months: 67.17, Risk: -10.2827
	--> Average Speed: 0.20s per batch
	--> Time from Last Check: 6.38s
--> Batch: 449, Loss: 0.0000, Label: 4, Survival Months: 34.17, Risk: -10.3528
	--> Average Speed: 0.18s per batch
	--> Time from Last Check: 5.77s
--> Batch: 499, Loss: 0.0000, Label: 2, Survival Months: 25.17, Risk: -11.2222
	--> Average Speed: 0.18s per batch
	--> Time from Last Check: 5.71s
--> Batch: 549, Loss: 0.0000, Label: 14, Survival Months: 114.50, Risk: -9.3286
	--> Average Speed: 0.18s per batch
	--> Time from Last Check: 5.72s
[07/02/2025 - 02:59:11] - Epoch: 2, lr: 0.00750000, training_loss: 0.3672, training_c_index: 0.4953
[07/02/2025 - 02:59:23] - Epoch: 2, validation_loss: 0.2478, validation_c_index: 0.4994
--> Score: 0.4705. No improvement in validation_loss or validation_c_index for 1 epoch(s)
--> Current BEST Score: 0.5342
	--> validation_loss: 0.2559
	--> validation_c_index: 0.5605
	--> training_loss: 0.5153
	--> training_c_index: 0.5598
[07/02/2025 - 02:59:23] - Time elapsed for epoch 2: 82s
[07/02/2025 - 02:59:23] - Epoch: 3
--> Batch: 49, Loss: 3.4373, Label: 18, Survival Months: 237.83, Risk: -8.3171
	--> Average Speed: 0.20s per batch
	--> Time from Last Check: 6.39s
--> Batch: 99, Loss: 0.0000, Label: 18, Survival Months: 207.17, Risk: -12.4042
	--> Average Speed: 0.18s per batch
	--> Time from Last Check: 5.72s
--> Batch: 149, Loss: 0.0000, Label: 2, Survival Months: 28.92, Risk: -12.2690
	--> Average Speed: 0.18s per batch
	--> Time from Last Check: 5.74s
--> Batch: 199, Loss: 0.0000, Label: 2, Survival Months: 25.25, Risk: -8.1603
	--> Average Speed: 0.18s per batch
	--> Time from Last Check: 5.73s
--> Batch: 249, Loss: 0.0000, Label: 11, Survival Months: 73.17, Risk: -10.7203
	--> Average Speed: 0.18s per batch
	--> Time from Last Check: 5.71s
--> Batch: 299, Loss: 0.0000, Label: 19, Survival Months: 273.00, Risk: -11.0021
	--> Average Speed: 0.20s per batch
	--> Time from Last Check: 6.37s
--> Batch: 349, Loss: 0.0000, Label: 11, Survival Months: 69.75, Risk: -10.1938
	--> Average Speed: 0.18s per batch
	--> Time from Last Check: 5.70s
--> Batch: 399, Loss: 0.0000, Label: 0, Survival Months: 6.50, Risk: -11.3328
	--> Average Speed: 0.18s per batch
	--> Time from Last Check: 5.67s
--> Batch: 449, Loss: 0.0000, Label: 16, Survival Months: 143.25, Risk: -10.7750
	--> Average Speed: 0.18s per batch
	--> Time from Last Check: 5.69s
--> Batch: 499, Loss: 0.0000, Label: 18, Survival Months: 260.08, Risk: -7.4135
	--> Average Speed: 0.19s per batch
	--> Time from Last Check: 6.05s
--> Batch: 549, Loss: 0.0000, Label: 19, Survival Months: 593.83, Risk: -13.3721
	--> Average Speed: 0.19s per batch
	--> Time from Last Check: 6.06s
[07/02/2025 - 03:00:33] - Epoch: 3, lr: 0.00562500, training_loss: 0.3566, training_c_index: 0.4742
[07/02/2025 - 03:00:43] - Epoch: 3, validation_loss: 0.2434, validation_c_index: 0.4306
--> Score: 0.3626. No improvement in validation_loss or validation_c_index for 2 epoch(s)
--> Current BEST Score: 0.5342
	--> validation_loss: 0.2559
	--> validation_c_index: 0.5605
	--> training_loss: 0.5153
	--> training_c_index: 0.5598
[07/02/2025 - 03:00:43] - Time elapsed for epoch 3: 81s
[07/02/2025 - 03:00:43] - Epoch: 4
--> Batch: 49, Loss: 0.0000, Label: 16, Survival Months: 159.92, Risk: -10.6556
	--> Average Speed: 0.20s per batch
	--> Time from Last Check: 6.36s
--> Batch: 99, Loss: 0.0000, Label: 4, Survival Months: 35.50, Risk: -11.1555
	--> Average Speed: 0.18s per batch
	--> Time from Last Check: 5.62s
--> Batch: 149, Loss: 0.0000, Label: 18, Survival Months: 220.42, Risk: -12.0390
	--> Average Speed: 0.18s per batch
	--> Time from Last Check: 5.67s
--> Batch: 199, Loss: 0.0000, Label: 15, Survival Months: 131.17, Risk: -12.4017
	--> Average Speed: 0.20s per batch
	--> Time from Last Check: 6.40s
--> Batch: 249, Loss: 0.0000, Label: 11, Survival Months: 73.17, Risk: -12.6438
	--> Average Speed: 0.18s per batch
	--> Time from Last Check: 5.79s
--> Batch: 299, Loss: 0.0000, Label: 12, Survival Months: 88.58, Risk: -11.8492
	--> Average Speed: 0.18s per batch
	--> Time from Last Check: 5.67s
--> Batch: 349, Loss: 0.0000, Label: 8, Survival Months: 50.67, Risk: -11.2641
	--> Average Speed: 0.19s per batch
	--> Time from Last Check: 6.05s
--> Batch: 399, Loss: 0.0000, Label: 0, Survival Months: 4.92, Risk: -5.8802
	--> Average Speed: 0.18s per batch
	--> Time from Last Check: 5.70s
--> Batch: 449, Loss: 0.0000, Label: 16, Survival Months: 170.08, Risk: -13.1626
	--> Average Speed: 0.18s per batch
	--> Time from Last Check: 5.71s
--> Batch: 499, Loss: 0.0000, Label: 13, Survival Months: 94.83, Risk: -10.3958
	--> Average Speed: 0.20s per batch
	--> Time from Last Check: 6.45s
--> Batch: 549, Loss: 0.0000, Label: 8, Survival Months: 51.67, Risk: -10.3312
	--> Average Speed: 0.18s per batch
	--> Time from Last Check: 5.65s
[07/02/2025 - 03:01:54] - Epoch: 4, lr: 0.00421875, training_loss: 0.3510, training_c_index: 0.4422
[07/02/2025 - 03:02:04] - Epoch: 4, validation_loss: 0.2405, validation_c_index: 0.6318
--> Score: 0.4182. No improvement in validation_loss or validation_c_index for 3 epoch(s)
--> Current BEST Score: 0.5342
	--> validation_loss: 0.2559
	--> validation_c_index: 0.5605
	--> training_loss: 0.5153
	--> training_c_index: 0.5598
[07/02/2025 - 03:02:04] - Time elapsed for epoch 4: 81s
[07/02/2025 - 03:02:04] - Epoch: 5
--> Batch: 49, Loss: 0.0000, Label: 5, Survival Months: 39.25, Risk: -9.4599
	--> Average Speed: 0.20s per batch
	--> Time from Last Check: 6.39s
--> Batch: 99, Loss: 0.0000, Label: 6, Survival Months: 42.42, Risk: -12.6518
	--> Average Speed: 0.20s per batch
	--> Time from Last Check: 6.37s
--> Batch: 149, Loss: 0.0000, Label: 9, Survival Months: 53.25, Risk: -10.5502
	--> Average Speed: 0.18s per batch
	--> Time from Last Check: 5.68s
--> Batch: 199, Loss: 0.0000, Label: 4, Survival Months: 35.25, Risk: -9.7179
	--> Average Speed: 0.19s per batch
	--> Time from Last Check: 6.01s
--> Batch: 249, Loss: 0.0000, Label: 13, Survival Months: 101.33, Risk: -10.5343
	--> Average Speed: 0.18s per batch
	--> Time from Last Check: 5.74s
--> Batch: 299, Loss: 0.0000, Label: 10, Survival Months: 65.25, Risk: -13.5172
	--> Average Speed: 0.18s per batch
	--> Time from Last Check: 5.73s
--> Batch: 349, Loss: 0.0000, Label: 18, Survival Months: 260.08, Risk: -12.8381
	--> Average Speed: 0.18s per batch
	--> Time from Last Check: 5.65s
--> Batch: 399, Loss: 0.0000, Label: 5, Survival Months: 37.08, Risk: -13.5785
	--> Average Speed: 0.20s per batch
	--> Time from Last Check: 6.34s
--> Batch: 449, Loss: 0.0000, Label: 5, Survival Months: 36.75, Risk: -13.3682
	--> Average Speed: 0.18s per batch
	--> Time from Last Check: 5.81s
--> Batch: 499, Loss: 0.0000, Label: 8, Survival Months: 48.67, Risk: -13.4936
	--> Average Speed: 0.18s per batch
	--> Time from Last Check: 5.70s
--> Batch: 549, Loss: 0.0000, Label: 12, Survival Months: 88.50, Risk: -12.6901
	--> Average Speed: 0.18s per batch
	--> Time from Last Check: 5.71s
[07/02/2025 - 03:03:15] - Epoch: 5, lr: 0.00316406, training_loss: 0.3443, training_c_index: 0.4367
[07/02/2025 - 03:03:26] - Epoch: 5, validation_loss: 0.2399, validation_c_index: 0.5414
--> Score: 0.4128. No improvement in validation_loss or validation_c_index for 4 epoch(s)
--> Current BEST Score: 0.5342
	--> validation_loss: 0.2559
	--> validation_c_index: 0.5605
	--> training_loss: 0.5153
	--> training_c_index: 0.5598
[07/02/2025 - 03:03:26] - Time elapsed for epoch 5: 81s
[07/02/2025 - 03:03:26] - Epoch: 6
--> Batch: 49, Loss: 0.0000, Label: 8, Survival Months: 48.08, Risk: -9.0356
	--> Average Speed: 0.21s per batch
	--> Time from Last Check: 6.69s
--> Batch: 99, Loss: 0.0000, Label: 9, Survival Months: 53.67, Risk: -11.4672
	--> Average Speed: 0.18s per batch
	--> Time from Last Check: 5.67s
--> Batch: 149, Loss: 0.0000, Label: 1, Survival Months: 23.92, Risk: -11.3889
	--> Average Speed: 0.18s per batch
	--> Time from Last Check: 5.82s
--> Batch: 199, Loss: 2.4641, Label: 12, Survival Months: 86.00, Risk: -12.0108
	--> Average Speed: 0.18s per batch
	--> Time from Last Check: 5.70s
--> Batch: 249, Loss: 0.0000, Label: 14, Survival Months: 110.50, Risk: -12.8505
	--> Average Speed: 0.18s per batch
	--> Time from Last Check: 5.74s
--> Batch: 299, Loss: 0.0000, Label: 17, Survival Months: 197.08, Risk: -10.3212
	--> Average Speed: 0.20s per batch
	--> Time from Last Check: 6.34s
--> Batch: 349, Loss: 0.0000, Label: 15, Survival Months: 138.50, Risk: -12.4026
	--> Average Speed: 0.18s per batch
	--> Time from Last Check: 5.70s
--> Batch: 399, Loss: 0.0000, Label: 0, Survival Months: 0.00, Risk: -12.6600
	--> Average Speed: 0.18s per batch
	--> Time from Last Check: 5.72s
--> Batch: 449, Loss: 0.0000, Label: 3, Survival Months: 30.75, Risk: -11.7674
	--> Average Speed: 0.18s per batch
	--> Time from Last Check: 5.73s
--> Batch: 499, Loss: 2.6350, Label: 12, Survival Months: 86.17, Risk: -10.4268
	--> Average Speed: 0.18s per batch
	--> Time from Last Check: 5.65s
--> Batch: 549, Loss: 0.0000, Label: 16, Survival Months: 157.25, Risk: -12.7164
	--> Average Speed: 0.19s per batch
	--> Time from Last Check: 5.98s
[07/02/2025 - 03:04:36] - Epoch: 6, lr: 0.00237305, training_loss: 0.3441, training_c_index: 0.5233
[07/02/2025 - 03:04:47] - Epoch: 6, validation_loss: 0.2395, validation_c_index: 0.5096
--> Score: 0.4719. No improvement in validation_loss or validation_c_index for 5 epoch(s)
--> Current BEST Score: 0.5342
	--> validation_loss: 0.2559
	--> validation_c_index: 0.5605
	--> training_loss: 0.5153
	--> training_c_index: 0.5598
[07/02/2025 - 03:04:47] - Time elapsed for epoch 6: 81s
[07/02/2025 - 03:04:47] - Epoch: 7
--> Batch: 49, Loss: 0.0000, Label: 11, Survival Months: 69.08, Risk: -14.1794
	--> Average Speed: 0.20s per batch
	--> Time from Last Check: 6.41s
--> Batch: 99, Loss: 0.0000, Label: 9, Survival Months: 51.83, Risk: -11.9029
	--> Average Speed: 0.18s per batch
	--> Time from Last Check: 5.72s
--> Batch: 149, Loss: 0.0000, Label: 13, Survival Months: 97.08, Risk: -13.6409
	--> Average Speed: 0.18s per batch
	--> Time from Last Check: 5.70s
--> Batch: 199, Loss: 0.0000, Label: 16, Survival Months: 155.50, Risk: -12.7646
	--> Average Speed: 0.20s per batch
	--> Time from Last Check: 6.44s
--> Batch: 249, Loss: 0.0000, Label: 3, Survival Months: 32.67, Risk: -13.3152
	--> Average Speed: 0.18s per batch
	--> Time from Last Check: 5.78s
--> Batch: 299, Loss: 0.0000, Label: 8, Survival Months: 51.33, Risk: -11.0008
	--> Average Speed: 0.18s per batch
	--> Time from Last Check: 5.77s
--> Batch: 349, Loss: 0.0000, Label: 3, Survival Months: 31.25, Risk: -10.9694
	--> Average Speed: 0.18s per batch
	--> Time from Last Check: 5.67s
--> Batch: 399, Loss: 0.0000, Label: 9, Survival Months: 52.75, Risk: -8.7701
	--> Average Speed: 0.19s per batch
	--> Time from Last Check: 6.09s
--> Batch: 449, Loss: 0.0000, Label: 19, Survival Months: 333.75, Risk: -10.3855
	--> Average Speed: 0.18s per batch
	--> Time from Last Check: 5.79s
--> Batch: 499, Loss: 2.3030, Label: 1, Survival Months: 22.17, Risk: -9.0809
	--> Average Speed: 0.20s per batch
	--> Time from Last Check: 6.42s
--> Batch: 549, Loss: 0.0000, Label: 16, Survival Months: 148.33, Risk: -10.3585
	--> Average Speed: 0.18s per batch
	--> Time from Last Check: 5.66s
[07/02/2025 - 03:05:57] - Epoch: 7, lr: 0.00177979, training_loss: 0.3423, training_c_index: 0.5356
[07/02/2025 - 03:06:08] - Epoch: 7, validation_loss: 0.2407, validation_c_index: 0.5503
--> Score: 0.5115. No improvement in validation_loss or validation_c_index for 6 epoch(s)
--> Current BEST Score: 0.5342
	--> validation_loss: 0.2559
	--> validation_c_index: 0.5605
	--> training_loss: 0.5153
	--> training_c_index: 0.5598
[07/02/2025 - 03:06:08] - Time elapsed for epoch 7: 81s
[07/02/2025 - 03:06:08] - Epoch: 8
--> Batch: 49, Loss: 0.0000, Label: 11, Survival Months: 67.17, Risk: -12.0220
	--> Average Speed: 0.20s per batch
	--> Time from Last Check: 6.35s
--> Batch: 99, Loss: 0.0000, Label: 13, Survival Months: 94.33, Risk: -12.6854
	--> Average Speed: 0.20s per batch
	--> Time from Last Check: 6.47s
--> Batch: 149, Loss: 0.0000, Label: 10, Survival Months: 63.33, Risk: -13.1178
	--> Average Speed: 0.18s per batch
	--> Time from Last Check: 5.72s
--> Batch: 199, Loss: 0.0000, Label: 18, Survival Months: 209.42, Risk: -14.5233
	--> Average Speed: 0.18s per batch
	--> Time from Last Check: 5.63s
--> Batch: 249, Loss: 2.5187, Label: 12, Survival Months: 86.17, Risk: -12.2700
	--> Average Speed: 0.19s per batch
	--> Time from Last Check: 6.19s
--> Batch: 299, Loss: 0.0000, Label: 12, Survival Months: 88.50, Risk: -11.7429
	--> Average Speed: 0.18s per batch
	--> Time from Last Check: 5.73s
--> Batch: 349, Loss: 0.0000, Label: 0, Survival Months: 0.67, Risk: -13.4723
	--> Average Speed: 0.18s per batch
	--> Time from Last Check: 5.75s
--> Batch: 399, Loss: 2.7024, Label: 15, Survival Months: 139.42, Risk: -13.4977
	--> Average Speed: 0.20s per batch
	--> Time from Last Check: 6.42s
--> Batch: 449, Loss: 0.0000, Label: 3, Survival Months: 32.92, Risk: -7.8710
	--> Average Speed: 0.18s per batch
	--> Time from Last Check: 5.73s
--> Batch: 499, Loss: 0.0000, Label: 8, Survival Months: 49.17, Risk: -9.2612
	--> Average Speed: 0.18s per batch
	--> Time from Last Check: 5.69s
--> Batch: 549, Loss: 2.7615, Label: 12, Survival Months: 86.17, Risk: -8.8784
	--> Average Speed: 0.18s per batch
	--> Time from Last Check: 5.67s
[07/02/2025 - 03:07:19] - Epoch: 8, lr: 0.00133484, training_loss: 0.3390, training_c_index: 0.5468
[07/02/2025 - 03:07:30] - Epoch: 8, validation_loss: 0.2471, validation_c_index: 0.5108
--> Score: 0.4501. No improvement in validation_loss or validation_c_index for 7 epoch(s)
--> Current BEST Score: 0.5342
	--> validation_loss: 0.2559
	--> validation_c_index: 0.5605
	--> training_loss: 0.5153
	--> training_c_index: 0.5598
[07/02/2025 - 03:07:30] - Time elapsed for epoch 8: 82s
[07/02/2025 - 03:07:30] - Epoch: 9
--> Batch: 49, Loss: 0.0000, Label: 2, Survival Months: 30.33, Risk: -8.4126
	--> Average Speed: 0.20s per batch
	--> Time from Last Check: 6.30s
--> Batch: 99, Loss: 2.4020, Label: 0, Survival Months: 0.08, Risk: -12.1085
	--> Average Speed: 0.19s per batch
	--> Time from Last Check: 6.21s
--> Batch: 149, Loss: 0.0000, Label: 1, Survival Months: 21.00, Risk: -15.9042
	--> Average Speed: 0.18s per batch
	--> Time from Last Check: 5.63s
--> Batch: 199, Loss: 0.0000, Label: 7, Survival Months: 45.08, Risk: -15.5222
	--> Average Speed: 0.18s per batch
	--> Time from Last Check: 5.61s
--> Batch: 249, Loss: 0.0000, Label: 7, Survival Months: 47.33, Risk: -10.6866
	--> Average Speed: 0.18s per batch
	--> Time from Last Check: 5.73s
--> Batch: 299, Loss: 0.0000, Label: 10, Survival Months: 60.67, Risk: -15.2273
	--> Average Speed: 0.20s per batch
	--> Time from Last Check: 6.39s
--> Batch: 349, Loss: 0.0000, Label: 8, Survival Months: 48.00, Risk: -15.3489
	--> Average Speed: 0.18s per batch
	--> Time from Last Check: 5.78s
--> Batch: 399, Loss: 0.0000, Label: 11, Survival Months: 76.42, Risk: -10.2204
	--> Average Speed: 0.18s per batch
	--> Time from Last Check: 5.67s
--> Batch: 449, Loss: 0.0000, Label: 6, Survival Months: 43.00, Risk: -11.2077
	--> Average Speed: 0.18s per batch
	--> Time from Last Check: 5.67s
--> Batch: 499, Loss: 0.0000, Label: 15, Survival Months: 127.33, Risk: -15.6718
	--> Average Speed: 0.18s per batch
	--> Time from Last Check: 5.63s
--> Batch: 549, Loss: 0.0000, Label: 16, Survival Months: 143.25, Risk: -11.4924
	--> Average Speed: 0.18s per batch
	--> Time from Last Check: 5.67s
[07/02/2025 - 03:08:40] - Epoch: 9, lr: 0.00100113, training_loss: 0.3303, training_c_index: 0.5140
[07/02/2025 - 03:08:50] - Epoch: 9, validation_loss: 0.2488, validation_c_index: 0.5452
--> Score: 0.4891. No improvement in validation_loss or validation_c_index for 8 epoch(s)
--> Current BEST Score: 0.5342
	--> validation_loss: 0.2559
	--> validation_c_index: 0.5605
	--> training_loss: 0.5153
	--> training_c_index: 0.5598
[07/02/2025 - 03:08:50] - Time elapsed for epoch 9: 81s
[07/02/2025 - 03:08:50] - Epoch: 10
--> Batch: 49, Loss: 0.0000, Label: 16, Survival Months: 172.67, Risk: -9.9943
	--> Average Speed: 0.20s per batch
	--> Time from Last Check: 6.43s
--> Batch: 99, Loss: 0.0000, Label: 6, Survival Months: 42.92, Risk: -13.1731
	--> Average Speed: 0.18s per batch
	--> Time from Last Check: 5.73s
--> Batch: 149, Loss: 0.0000, Label: 11, Survival Months: 77.92, Risk: -9.6190
	--> Average Speed: 0.18s per batch
	--> Time from Last Check: 5.67s
--> Batch: 199, Loss: 0.0000, Label: 16, Survival Months: 162.75, Risk: -7.9091
	--> Average Speed: 0.20s per batch
	--> Time from Last Check: 6.51s
--> Batch: 249, Loss: 0.0000, Label: 11, Survival Months: 76.50, Risk: -8.7897
	--> Average Speed: 0.18s per batch
	--> Time from Last Check: 5.71s
--> Batch: 299, Loss: 0.0000, Label: 11, Survival Months: 67.17, Risk: -10.4386
	--> Average Speed: 0.18s per batch
	--> Time from Last Check: 5.71s
--> Batch: 349, Loss: 0.0000, Label: 18, Survival Months: 207.17, Risk: -10.0343
	--> Average Speed: 0.18s per batch
	--> Time from Last Check: 5.68s
--> Batch: 399, Loss: 0.0000, Label: 10, Survival Months: 59.58, Risk: -10.0198
	--> Average Speed: 0.18s per batch
	--> Time from Last Check: 5.68s
--> Batch: 449, Loss: 0.0000, Label: 14, Survival Months: 109.83, Risk: -7.3019
	--> Average Speed: 0.18s per batch
	--> Time from Last Check: 5.76s
--> Batch: 499, Loss: 0.0000, Label: 14, Survival Months: 109.08, Risk: -10.6331
	--> Average Speed: 0.21s per batch
	--> Time from Last Check: 6.74s
--> Batch: 549, Loss: 0.0000, Label: 6, Survival Months: 42.92, Risk: -13.1753
	--> Average Speed: 0.18s per batch
	--> Time from Last Check: 5.74s
[07/02/2025 - 03:10:01] - Epoch: 10, lr: 0.00075085, training_loss: 0.3279, training_c_index: 0.5544
[07/02/2025 - 03:10:11] - Epoch: 10, validation_loss: 0.2497, validation_c_index: 0.5516
--> Score: 0.5238. No improvement in validation_loss or validation_c_index for 9 epoch(s)
--> Current BEST Score: 0.5342
	--> validation_loss: 0.2559
	--> validation_c_index: 0.5605
	--> training_loss: 0.5153
	--> training_c_index: 0.5598
[07/02/2025 - 03:10:11] - Time elapsed for epoch 10: 81s
[07/02/2025 - 03:10:11] - Epoch: 11
--> Batch: 49, Loss: 0.0000, Label: 15, Survival Months: 127.83, Risk: -11.5771
	--> Average Speed: 0.20s per batch
	--> Time from Last Check: 6.27s
--> Batch: 99, Loss: 0.0000, Label: 6, Survival Months: 42.42, Risk: -7.4637
	--> Average Speed: 0.20s per batch
	--> Time from Last Check: 6.43s
--> Batch: 149, Loss: 0.0000, Label: 8, Survival Months: 49.83, Risk: -14.2422
	--> Average Speed: 0.18s per batch
	--> Time from Last Check: 5.66s
--> Batch: 199, Loss: 0.0000, Label: 9, Survival Months: 53.67, Risk: -9.7929
	--> Average Speed: 0.18s per batch
	--> Time from Last Check: 5.62s
--> Batch: 249, Loss: 0.0000, Label: 9, Survival Months: 54.92, Risk: -12.8315
	--> Average Speed: 0.18s per batch
	--> Time from Last Check: 5.75s
--> Batch: 299, Loss: 0.0000, Label: 0, Survival Months: 0.42, Risk: -13.2252
	--> Average Speed: 0.18s per batch
	--> Time from Last Check: 5.70s
--> Batch: 349, Loss: 0.0000, Label: 5, Survival Months: 36.67, Risk: -8.1023
	--> Average Speed: 0.19s per batch
	--> Time from Last Check: 6.07s
--> Batch: 399, Loss: 0.0000, Label: 7, Survival Months: 46.92, Risk: -8.1644
	--> Average Speed: 0.20s per batch
	--> Time from Last Check: 6.41s
--> Batch: 449, Loss: 0.0000, Label: 9, Survival Months: 56.25, Risk: -7.6134
	--> Average Speed: 0.18s per batch
	--> Time from Last Check: 5.72s
--> Batch: 499, Loss: 0.0000, Label: 16, Survival Months: 162.75, Risk: -11.0406
	--> Average Speed: 0.18s per batch
	--> Time from Last Check: 5.70s
--> Batch: 549, Loss: 0.0000, Label: 12, Survival Months: 84.17, Risk: -8.9748
	--> Average Speed: 0.18s per batch
	--> Time from Last Check: 5.68s
[07/02/2025 - 03:11:21] - Epoch: 11, lr: 0.00056314, training_loss: 0.3226, training_c_index: 0.5168
[07/02/2025 - 03:11:33] - Epoch: 11, validation_loss: 0.2507, validation_c_index: 0.5312
--> Score: 0.4917. No improvement in validation_loss or validation_c_index for 10 epoch(s)
--> Current BEST Score: 0.5342
	--> validation_loss: 0.2559
	--> validation_c_index: 0.5605
	--> training_loss: 0.5153
	--> training_c_index: 0.5598
--> Early stopping triggered after 10 epochs without improvement
[07/02/2025 - 03:11:33] - Restoring best model from epoch 1
--> Model discarded due to low validation C-Index.

########### [07/02/2025 - 03:11:33] - Training completed (Fold n°1) ############

########### [07/02/2025 - 03:11:33] - Validation started (Fold n°1) ############
[07/02/2025 - 03:11:43] - Testing, testing_loss: 0.2559, testing_c_index: 0.5605
[07/02/2025 - 03:11:43] - Time elapsed for Validation: 10s

########## [07/02/2025 - 03:11:43] - Validation completed (Fold n°1) ###########

###################### [07/02/2025 - 03:11:43] - Fold n°2 ######################

MODEL: MCAT with Gene Expression & Methylation
--> Trainable parameters of MCAT with Gene Expression & Methylation: 5504470
--> Loss function: CrossEntropySurvivalLoss
--> Optimizer: adamax

############ [07/02/2025 - 03:11:44] - Training started (Fold n°2) #############
[07/02/2025 - 03:11:44] - Epoch: 1
--> Batch: 49, Loss: 0.0000, Label: 5, Survival Months: 38.92, Risk: -2.4723
	--> Average Speed: 0.20s per batch
	--> Time from Last Check: 6.42s
--> Batch: 99, Loss: 0.0000, Label: 1, Survival Months: 21.75, Risk: -5.9209
	--> Average Speed: 0.18s per batch
	--> Time from Last Check: 5.75s
--> Batch: 149, Loss: 0.0000, Label: 9, Survival Months: 56.25, Risk: -8.5938
	--> Average Speed: 0.18s per batch
	--> Time from Last Check: 5.66s
--> Batch: 199, Loss: 0.0000, Label: 5, Survival Months: 38.42, Risk: -4.8386
	--> Average Speed: 0.20s per batch
	--> Time from Last Check: 6.35s
--> Batch: 249, Loss: 0.0000, Label: 3, Survival Months: 33.25, Risk: -16.4915
	--> Average Speed: 0.18s per batch
	--> Time from Last Check: 5.81s
--> Batch: 299, Loss: 3.4539, Label: 13, Survival Months: 97.83, Risk: -11.8337
	--> Average Speed: 0.18s per batch
	--> Time from Last Check: 5.69s
--> Batch: 349, Loss: 0.0000, Label: 1, Survival Months: 21.50, Risk: -14.5200
	--> Average Speed: 0.18s per batch
	--> Time from Last Check: 5.77s
--> Batch: 399, Loss: 0.0000, Label: 0, Survival Months: 5.33, Risk: -16.6326
	--> Average Speed: 0.18s per batch
	--> Time from Last Check: 5.67s
--> Batch: 449, Loss: 0.0000, Label: 15, Survival Months: 127.83, Risk: -6.3531
	--> Average Speed: 0.18s per batch
	--> Time from Last Check: 5.78s
--> Batch: 499, Loss: 0.0000, Label: 7, Survival Months: 46.67, Risk: -5.3865
	--> Average Speed: 0.20s per batch
	--> Time from Last Check: 6.40s
--> Batch: 549, Loss: 7.5689, Label: 19, Survival Months: 305.75, Risk: -3.3441
	--> Average Speed: 0.19s per batch
	--> Time from Last Check: 6.09s
[07/02/2025 - 03:12:55] - Epoch: 1, lr: 0.01000000, training_loss: 0.4475, training_c_index: 0.5766
[07/02/2025 - 03:13:05] - Epoch: 1, validation_loss: 0.2884, validation_c_index: 0.4597
--> New BEST Validation Score: 0.3139, validation_loss: 0.2884, validation_c_index: 0.4597, training_loss: 0.4475, training_c_index: 0.5766
--> Current BEST Score: 0.3139
	--> validation_loss: 0.2884
	--> validation_c_index: 0.4597
	--> training_loss: 0.4475
	--> training_c_index: 0.5766
[07/02/2025 - 03:13:05] - Time elapsed for epoch 1: 82s
[07/02/2025 - 03:13:05] - Epoch: 2
--> Batch: 49, Loss: 0.0000, Label: 19, Survival Months: 273.58, Risk: -14.8065
	--> Average Speed: 0.20s per batch
	--> Time from Last Check: 6.35s
--> Batch: 99, Loss: 0.0000, Label: 13, Survival Months: 94.92, Risk: -16.2580
	--> Average Speed: 0.20s per batch
	--> Time from Last Check: 6.43s
--> Batch: 149, Loss: 0.0000, Label: 13, Survival Months: 93.33, Risk: -9.0208
	--> Average Speed: 0.18s per batch
	--> Time from Last Check: 5.71s
--> Batch: 199, Loss: 0.0000, Label: 5, Survival Months: 39.58, Risk: -10.3183
	--> Average Speed: 0.18s per batch
	--> Time from Last Check: 5.70s
--> Batch: 249, Loss: 0.0000, Label: 18, Survival Months: 257.33, Risk: -11.6242
	--> Average Speed: 0.18s per batch
	--> Time from Last Check: 5.82s
--> Batch: 299, Loss: 0.0000, Label: 13, Survival Months: 96.33, Risk: -10.8295
	--> Average Speed: 0.18s per batch
	--> Time from Last Check: 5.71s
--> Batch: 349, Loss: 0.0000, Label: 4, Survival Months: 34.08, Risk: -6.6258
	--> Average Speed: 0.18s per batch
	--> Time from Last Check: 5.70s
--> Batch: 399, Loss: 0.0000, Label: 19, Survival Months: 309.08, Risk: -8.0744
	--> Average Speed: 0.21s per batch
	--> Time from Last Check: 6.71s
--> Batch: 449, Loss: 0.0000, Label: 8, Survival Months: 49.17, Risk: -10.1711
	--> Average Speed: 0.18s per batch
	--> Time from Last Check: 5.82s
--> Batch: 499, Loss: 0.0000, Label: 4, Survival Months: 34.00, Risk: -12.6545
	--> Average Speed: 0.18s per batch
	--> Time from Last Check: 5.67s
--> Batch: 549, Loss: 0.0000, Label: 0, Survival Months: 2.83, Risk: -10.7174
	--> Average Speed: 0.18s per batch
	--> Time from Last Check: 5.70s
[07/02/2025 - 03:14:16] - Epoch: 2, lr: 0.00750000, training_loss: 0.3614, training_c_index: 0.4350
[07/02/2025 - 03:14:27] - Epoch: 2, validation_loss: 0.2910, validation_c_index: 0.4343
--> New BEST Validation Score: 0.4045, validation_loss: 0.2910, validation_c_index: 0.4343, training_loss: 0.3614, training_c_index: 0.4350
--> Current BEST Score: 0.4045
	--> validation_loss: 0.2910
	--> validation_c_index: 0.4343
	--> training_loss: 0.3614
	--> training_c_index: 0.4350
[07/02/2025 - 03:14:28] - Time elapsed for epoch 2: 82s
[07/02/2025 - 03:14:28] - Epoch: 3
--> Batch: 49, Loss: 0.0000, Label: 1, Survival Months: 22.92, Risk: -12.8672
	--> Average Speed: 0.20s per batch
	--> Time from Last Check: 6.36s
--> Batch: 99, Loss: 2.8661, Label: 11, Survival Months: 73.25, Risk: -12.2337
	--> Average Speed: 0.18s per batch
	--> Time from Last Check: 5.70s
--> Batch: 149, Loss: 0.0000, Label: 15, Survival Months: 137.33, Risk: -13.7423
	--> Average Speed: 0.18s per batch
	--> Time from Last Check: 5.70s
--> Batch: 199, Loss: 0.0000, Label: 13, Survival Months: 100.42, Risk: -13.2097
	--> Average Speed: 0.19s per batch
	--> Time from Last Check: 6.18s
--> Batch: 249, Loss: 0.0000, Label: 1, Survival Months: 18.00, Risk: -11.2513
	--> Average Speed: 0.18s per batch
	--> Time from Last Check: 5.78s
--> Batch: 299, Loss: 0.0000, Label: 13, Survival Months: 91.92, Risk: -10.2118
	--> Average Speed: 0.20s per batch
	--> Time from Last Check: 6.38s
--> Batch: 349, Loss: 3.6068, Label: 2, Survival Months: 29.00, Risk: -11.6947
	--> Average Speed: 0.18s per batch
	--> Time from Last Check: 5.72s
--> Batch: 399, Loss: 0.0000, Label: 16, Survival Months: 156.83, Risk: -9.8434
	--> Average Speed: 0.18s per batch
	--> Time from Last Check: 5.73s
--> Batch: 449, Loss: 0.0000, Label: 8, Survival Months: 50.67, Risk: -10.7369
	--> Average Speed: 0.18s per batch
	--> Time from Last Check: 5.73s
--> Batch: 499, Loss: 0.0000, Label: 17, Survival Months: 203.50, Risk: -7.8811
	--> Average Speed: 0.18s per batch
	--> Time from Last Check: 5.67s
--> Batch: 549, Loss: 0.0000, Label: 13, Survival Months: 101.67, Risk: -11.0478
	--> Average Speed: 0.19s per batch
	--> Time from Last Check: 5.99s
[07/02/2025 - 03:15:38] - Epoch: 3, lr: 0.00562500, training_loss: 0.3466, training_c_index: 0.4721
[07/02/2025 - 03:15:49] - Epoch: 3, validation_loss: 0.2965, validation_c_index: 0.5194
--> New BEST Validation Score: 0.4425, validation_loss: 0.2965, validation_c_index: 0.5194, training_loss: 0.3466, training_c_index: 0.4721
--> Current BEST Score: 0.4425
	--> validation_loss: 0.2965
	--> validation_c_index: 0.5194
	--> training_loss: 0.3466
	--> training_c_index: 0.4721
[07/02/2025 - 03:15:49] - Time elapsed for epoch 3: 81s
[07/02/2025 - 03:15:49] - Epoch: 4
--> Batch: 49, Loss: 0.0000, Label: 10, Survival Months: 62.83, Risk: -13.4995
	--> Average Speed: 0.21s per batch
	--> Time from Last Check: 6.72s
--> Batch: 99, Loss: 0.0000, Label: 0, Survival Months: 7.00, Risk: -13.3934
	--> Average Speed: 0.18s per batch
	--> Time from Last Check: 5.72s
--> Batch: 149, Loss: 0.0000, Label: 2, Survival Months: 28.75, Risk: -13.5595
	--> Average Speed: 0.19s per batch
	--> Time from Last Check: 6.19s
--> Batch: 199, Loss: 0.0000, Label: 5, Survival Months: 39.08, Risk: -9.4519
	--> Average Speed: 0.19s per batch
	--> Time from Last Check: 6.08s
--> Batch: 249, Loss: 0.0000, Label: 9, Survival Months: 56.25, Risk: -11.7925
	--> Average Speed: 0.18s per batch
	--> Time from Last Check: 5.77s
--> Batch: 299, Loss: 0.0000, Label: 3, Survival Months: 32.08, Risk: -10.8372
	--> Average Speed: 0.18s per batch
	--> Time from Last Check: 5.73s
--> Batch: 349, Loss: 0.0000, Label: 18, Survival Months: 210.08, Risk: -12.7173
	--> Average Speed: 0.18s per batch
	--> Time from Last Check: 5.68s
--> Batch: 399, Loss: 0.0000, Label: 15, Survival Months: 140.33, Risk: -10.6712
	--> Average Speed: 0.18s per batch
	--> Time from Last Check: 5.63s
--> Batch: 449, Loss: 0.0000, Label: 6, Survival Months: 42.00, Risk: -12.3842
	--> Average Speed: 0.20s per batch
	--> Time from Last Check: 6.39s
--> Batch: 499, Loss: 0.0000, Label: 18, Survival Months: 251.42, Risk: -13.8897
	--> Average Speed: 0.18s per batch
	--> Time from Last Check: 5.84s
--> Batch: 549, Loss: 0.0000, Label: 19, Survival Months: 273.00, Risk: -9.6824
	--> Average Speed: 0.18s per batch
	--> Time from Last Check: 5.79s
[07/02/2025 - 03:17:00] - Epoch: 4, lr: 0.00421875, training_loss: 0.3370, training_c_index: 0.5612
[07/02/2025 - 03:17:11] - Epoch: 4, validation_loss: 0.2859, validation_c_index: 0.5224
--> New BEST Validation Score: 0.4550, validation_loss: 0.2859, validation_c_index: 0.5224, training_loss: 0.3370, training_c_index: 0.5612
--> Current BEST Score: 0.4550
	--> validation_loss: 0.2859
	--> validation_c_index: 0.5224
	--> training_loss: 0.3370
	--> training_c_index: 0.5612
[07/02/2025 - 03:17:11] - Time elapsed for epoch 4: 82s
[07/02/2025 - 03:17:11] - Epoch: 5
--> Batch: 49, Loss: 0.0000, Label: 9, Survival Months: 53.33, Risk: -10.6084
	--> Average Speed: 0.22s per batch
	--> Time from Last Check: 7.07s
--> Batch: 99, Loss: 0.0000, Label: 18, Survival Months: 251.83, Risk: -11.4026
	--> Average Speed: 0.18s per batch
	--> Time from Last Check: 5.68s
--> Batch: 149, Loss: 0.0000, Label: 8, Survival Months: 51.67, Risk: -6.6454
	--> Average Speed: 0.18s per batch
	--> Time from Last Check: 5.68s
--> Batch: 199, Loss: 0.0000, Label: 3, Survival Months: 33.33, Risk: -11.1780
	--> Average Speed: 0.18s per batch
	--> Time from Last Check: 5.69s
--> Batch: 249, Loss: 2.3435, Label: 15, Survival Months: 140.67, Risk: -13.8399
	--> Average Speed: 0.18s per batch
	--> Time from Last Check: 5.78s
--> Batch: 299, Loss: 0.0000, Label: 18, Survival Months: 226.50, Risk: -14.1328
	--> Average Speed: 0.18s per batch
	--> Time from Last Check: 5.63s
--> Batch: 349, Loss: 0.0000, Label: 10, Survival Months: 59.50, Risk: -9.8193
	--> Average Speed: 0.20s per batch
	--> Time from Last Check: 6.39s
--> Batch: 399, Loss: 0.0000, Label: 1, Survival Months: 21.75, Risk: -13.7817
	--> Average Speed: 0.18s per batch
	--> Time from Last Check: 5.73s
--> Batch: 449, Loss: 0.0000, Label: 7, Survival Months: 47.08, Risk: -13.8065
	--> Average Speed: 0.19s per batch
	--> Time from Last Check: 6.18s
--> Batch: 499, Loss: 0.0000, Label: 1, Survival Months: 20.83, Risk: -13.3715
	--> Average Speed: 0.18s per batch
	--> Time from Last Check: 5.72s
--> Batch: 549, Loss: 0.0000, Label: 3, Survival Months: 31.08, Risk: -11.9786
	--> Average Speed: 0.18s per batch
	--> Time from Last Check: 5.77s
[07/02/2025 - 03:18:22] - Epoch: 5, lr: 0.00316406, training_loss: 0.3426, training_c_index: 0.4924
[07/02/2025 - 03:18:33] - Epoch: 5, validation_loss: 0.2861, validation_c_index: 0.5164
--> New BEST Validation Score: 0.4638, validation_loss: 0.2861, validation_c_index: 0.5164, training_loss: 0.3426, training_c_index: 0.4924
--> Current BEST Score: 0.4638
	--> validation_loss: 0.2861
	--> validation_c_index: 0.5164
	--> training_loss: 0.3426
	--> training_c_index: 0.4924
[07/02/2025 - 03:18:34] - Time elapsed for epoch 5: 82s
[07/02/2025 - 03:18:34] - Epoch: 6
--> Batch: 49, Loss: 0.0000, Label: 0, Survival Months: 0.00, Risk: -7.9312
	--> Average Speed: 0.20s per batch
	--> Time from Last Check: 6.28s
--> Batch: 99, Loss: 0.0000, Label: 5, Survival Months: 36.67, Risk: -9.1171
	--> Average Speed: 0.18s per batch
	--> Time from Last Check: 5.70s
--> Batch: 149, Loss: 0.0000, Label: 17, Survival Months: 182.75, Risk: -11.3371
	--> Average Speed: 0.18s per batch
	--> Time from Last Check: 5.67s
--> Batch: 199, Loss: 0.0000, Label: 14, Survival Months: 121.92, Risk: -11.5787
	--> Average Speed: 0.18s per batch
	--> Time from Last Check: 5.72s
--> Batch: 249, Loss: 0.0000, Label: 19, Survival Months: 280.08, Risk: -10.9234
	--> Average Speed: 0.21s per batch
	--> Time from Last Check: 6.87s
--> Batch: 299, Loss: 0.0000, Label: 3, Survival Months: 30.92, Risk: -10.1852
	--> Average Speed: 0.18s per batch
	--> Time from Last Check: 5.71s
--> Batch: 349, Loss: 0.0000, Label: 9, Survival Months: 55.00, Risk: -11.0090
	--> Average Speed: 0.18s per batch
	--> Time from Last Check: 5.75s
--> Batch: 399, Loss: 0.0000, Label: 14, Survival Months: 117.42, Risk: -14.6651
	--> Average Speed: 0.18s per batch
	--> Time from Last Check: 5.66s
--> Batch: 449, Loss: 0.0000, Label: 6, Survival Months: 39.83, Risk: -7.6385
	--> Average Speed: 0.18s per batch
	--> Time from Last Check: 5.81s
--> Batch: 499, Loss: 2.4764, Label: 19, Survival Months: 288.50, Risk: -11.6759
	--> Average Speed: 0.18s per batch
	--> Time from Last Check: 5.65s
--> Batch: 549, Loss: 0.0000, Label: 5, Survival Months: 38.42, Risk: -9.0288
	--> Average Speed: 0.20s per batch
	--> Time from Last Check: 6.36s
[07/02/2025 - 03:19:44] - Epoch: 6, lr: 0.00237305, training_loss: 0.3299, training_c_index: 0.4739
[07/02/2025 - 03:19:54] - Epoch: 6, validation_loss: 0.2841, validation_c_index: 0.5000
--> Score: 0.4455. No improvement in validation_loss or validation_c_index for 1 epoch(s)
--> Current BEST Score: 0.4638
	--> validation_loss: 0.2861
	--> validation_c_index: 0.5164
	--> training_loss: 0.3426
	--> training_c_index: 0.4924
[07/02/2025 - 03:19:54] - Time elapsed for epoch 6: 81s
[07/02/2025 - 03:19:54] - Epoch: 7
--> Batch: 49, Loss: 0.0000, Label: 13, Survival Months: 102.00, Risk: -9.7887
	--> Average Speed: 0.19s per batch
	--> Time from Last Check: 6.22s
--> Batch: 99, Loss: 0.0000, Label: 4, Survival Months: 35.83, Risk: -10.7641
	--> Average Speed: 0.19s per batch
	--> Time from Last Check: 6.05s
--> Batch: 149, Loss: 0.0000, Label: 5, Survival Months: 38.92, Risk: -14.4949
	--> Average Speed: 0.20s per batch
	--> Time from Last Check: 6.39s
--> Batch: 199, Loss: 2.9331, Label: 16, Survival Months: 148.42, Risk: -8.7909
	--> Average Speed: 0.18s per batch
	--> Time from Last Check: 5.65s
--> Batch: 249, Loss: 0.0000, Label: 6, Survival Months: 43.17, Risk: -12.5920
	--> Average Speed: 0.18s per batch
	--> Time from Last Check: 5.75s
--> Batch: 299, Loss: 0.0000, Label: 5, Survival Months: 36.75, Risk: -14.9456
	--> Average Speed: 0.18s per batch
	--> Time from Last Check: 5.73s
--> Batch: 349, Loss: 0.0000, Label: 13, Survival Months: 93.33, Risk: -10.6997
	--> Average Speed: 0.18s per batch
	--> Time from Last Check: 5.69s
--> Batch: 399, Loss: 0.0000, Label: 8, Survival Months: 51.00, Risk: -13.2952
	--> Average Speed: 0.18s per batch
	--> Time from Last Check: 5.70s
--> Batch: 449, Loss: 0.0000, Label: 4, Survival Months: 34.67, Risk: -12.4579
	--> Average Speed: 0.20s per batch
	--> Time from Last Check: 6.44s
--> Batch: 499, Loss: 0.0000, Label: 6, Survival Months: 40.00, Risk: -12.2574
	--> Average Speed: 0.18s per batch
	--> Time from Last Check: 5.72s
--> Batch: 549, Loss: 0.0000, Label: 4, Survival Months: 35.17, Risk: -12.3687
	--> Average Speed: 0.18s per batch
	--> Time from Last Check: 5.70s
[07/02/2025 - 03:21:05] - Epoch: 7, lr: 0.00177979, training_loss: 0.3225, training_c_index: 0.5236
[07/02/2025 - 03:21:16] - Epoch: 7, validation_loss: 0.2877, validation_c_index: 0.4970
--> Score: 0.4417. No improvement in validation_loss or validation_c_index for 2 epoch(s)
--> Current BEST Score: 0.4638
	--> validation_loss: 0.2861
	--> validation_c_index: 0.5164
	--> training_loss: 0.3426
	--> training_c_index: 0.4924
[07/02/2025 - 03:21:16] - Time elapsed for epoch 7: 81s
[07/02/2025 - 03:21:16] - Epoch: 8
--> Batch: 49, Loss: 0.0000, Label: 1, Survival Months: 14.17, Risk: -9.7591
	--> Average Speed: 0.22s per batch
	--> Time from Last Check: 7.05s
--> Batch: 99, Loss: 2.7529, Label: 7, Survival Months: 47.58, Risk: -10.5558
	--> Average Speed: 0.18s per batch
	--> Time from Last Check: 5.71s
--> Batch: 149, Loss: 0.0000, Label: 13, Survival Months: 93.25, Risk: -9.8944
	--> Average Speed: 0.18s per batch
	--> Time from Last Check: 5.71s
--> Batch: 199, Loss: 0.0000, Label: 3, Survival Months: 31.33, Risk: -11.5630
	--> Average Speed: 0.18s per batch
	--> Time from Last Check: 5.66s
--> Batch: 249, Loss: 0.0000, Label: 8, Survival Months: 51.33, Risk: -9.2206
	--> Average Speed: 0.18s per batch
	--> Time from Last Check: 5.73s
--> Batch: 299, Loss: 0.0000, Label: 7, Survival Months: 44.33, Risk: -13.2337
	--> Average Speed: 0.18s per batch
	--> Time from Last Check: 5.70s
--> Batch: 349, Loss: 0.0000, Label: 17, Survival Months: 173.50, Risk: -12.3127
	--> Average Speed: 0.20s per batch
	--> Time from Last Check: 6.38s
--> Batch: 399, Loss: 1.8782, Label: 1, Survival Months: 18.92, Risk: -7.6126
	--> Average Speed: 0.18s per batch
	--> Time from Last Check: 5.66s
--> Batch: 449, Loss: 0.0000, Label: 5, Survival Months: 37.08, Risk: -14.2817
	--> Average Speed: 0.18s per batch
	--> Time from Last Check: 5.72s
--> Batch: 499, Loss: 4.0397, Label: 12, Survival Months: 79.92, Risk: -8.6410
	--> Average Speed: 0.19s per batch
	--> Time from Last Check: 6.04s
--> Batch: 549, Loss: 0.0000, Label: 7, Survival Months: 43.50, Risk: -14.5176
	--> Average Speed: 0.18s per batch
	--> Time from Last Check: 5.68s
[07/02/2025 - 03:22:26] - Epoch: 8, lr: 0.00133484, training_loss: 0.3352, training_c_index: 0.5381
[07/02/2025 - 03:22:37] - Epoch: 8, validation_loss: 0.2879, validation_c_index: 0.5015
--> Score: 0.4361. No improvement in validation_loss or validation_c_index for 3 epoch(s)
--> Current BEST Score: 0.4638
	--> validation_loss: 0.2861
	--> validation_c_index: 0.5164
	--> training_loss: 0.3426
	--> training_c_index: 0.4924
[07/02/2025 - 03:22:37] - Time elapsed for epoch 8: 82s
[07/02/2025 - 03:22:37] - Epoch: 9
--> Batch: 49, Loss: 0.0000, Label: 15, Survival Months: 140.25, Risk: -11.1184
	--> Average Speed: 0.20s per batch
	--> Time from Last Check: 6.39s
--> Batch: 99, Loss: 0.0000, Label: 5, Survival Months: 37.25, Risk: -10.7023
	--> Average Speed: 0.18s per batch
	--> Time from Last Check: 5.75s
--> Batch: 149, Loss: 0.0000, Label: 2, Survival Months: 27.17, Risk: -11.9421
	--> Average Speed: 0.18s per batch
	--> Time from Last Check: 5.68s
--> Batch: 199, Loss: 0.0000, Label: 4, Survival Months: 35.00, Risk: -7.3848
	--> Average Speed: 0.18s per batch
	--> Time from Last Check: 5.75s
--> Batch: 249, Loss: 0.0000, Label: 0, Survival Months: 0.67, Risk: -12.7810
	--> Average Speed: 0.20s per batch
	--> Time from Last Check: 6.44s
--> Batch: 299, Loss: 3.4053, Label: 18, Survival Months: 237.83, Risk: -7.6439
	--> Average Speed: 0.18s per batch
	--> Time from Last Check: 5.78s
--> Batch: 349, Loss: 0.0000, Label: 6, Survival Months: 41.33, Risk: -10.9846
	--> Average Speed: 0.19s per batch
	--> Time from Last Check: 6.08s
--> Batch: 399, Loss: 0.0000, Label: 19, Survival Months: 280.08, Risk: -13.4618
	--> Average Speed: 0.18s per batch
	--> Time from Last Check: 5.68s
--> Batch: 449, Loss: 2.2779, Label: 7, Survival Months: 44.83, Risk: -11.0314
	--> Average Speed: 0.18s per batch
	--> Time from Last Check: 5.78s
--> Batch: 499, Loss: 2.6295, Label: 8, Survival Months: 51.33, Risk: -10.6386
	--> Average Speed: 0.18s per batch
	--> Time from Last Check: 5.74s
--> Batch: 549, Loss: 0.0000, Label: 13, Survival Months: 97.25, Risk: -11.0660
	--> Average Speed: 0.20s per batch
	--> Time from Last Check: 6.39s
[07/02/2025 - 03:23:48] - Epoch: 9, lr: 0.00100113, training_loss: 0.3382, training_c_index: 0.5284
[07/02/2025 - 03:23:58] - Epoch: 9, validation_loss: 0.2901, validation_c_index: 0.4985
--> Score: 0.4397. No improvement in validation_loss or validation_c_index for 4 epoch(s)
--> Current BEST Score: 0.4638
	--> validation_loss: 0.2861
	--> validation_c_index: 0.5164
	--> training_loss: 0.3426
	--> training_c_index: 0.4924
[07/02/2025 - 03:23:58] - Time elapsed for epoch 9: 81s
[07/02/2025 - 03:23:58] - Epoch: 10
--> Batch: 49, Loss: 0.0000, Label: 1, Survival Months: 24.42, Risk: -13.4610
	--> Average Speed: 0.20s per batch
	--> Time from Last Check: 6.30s
--> Batch: 99, Loss: 0.0000, Label: 19, Survival Months: 329.75, Risk: -10.3828
	--> Average Speed: 0.18s per batch
	--> Time from Last Check: 5.78s
--> Batch: 149, Loss: 0.0000, Label: 7, Survival Months: 47.08, Risk: -12.5611
	--> Average Speed: 0.20s per batch
	--> Time from Last Check: 6.48s
--> Batch: 199, Loss: 0.0000, Label: 17, Survival Months: 201.67, Risk: -12.1922
	--> Average Speed: 0.19s per batch
	--> Time from Last Check: 6.06s
--> Batch: 249, Loss: 0.0000, Label: 8, Survival Months: 51.17, Risk: -13.2205
	--> Average Speed: 0.18s per batch
	--> Time from Last Check: 5.77s
--> Batch: 299, Loss: 0.0000, Label: 14, Survival Months: 108.50, Risk: -10.7996
	--> Average Speed: 0.18s per batch
	--> Time from Last Check: 5.80s
--> Batch: 349, Loss: 0.0000, Label: 8, Survival Months: 47.83, Risk: -12.3803
	--> Average Speed: 0.18s per batch
	--> Time from Last Check: 5.75s
--> Batch: 399, Loss: 0.0000, Label: 3, Survival Months: 32.58, Risk: -11.1556
	--> Average Speed: 0.18s per batch
	--> Time from Last Check: 5.73s
--> Batch: 449, Loss: 0.0000, Label: 7, Survival Months: 43.50, Risk: -12.4740
	--> Average Speed: 0.20s per batch
	--> Time from Last Check: 6.49s
--> Batch: 499, Loss: 0.0000, Label: 13, Survival Months: 96.83, Risk: -11.5588
	--> Average Speed: 0.18s per batch
	--> Time from Last Check: 5.74s
--> Batch: 549, Loss: 0.0000, Label: 12, Survival Months: 83.00, Risk: -13.0629
	--> Average Speed: 0.18s per batch
	--> Time from Last Check: 5.73s
[07/02/2025 - 03:25:09] - Epoch: 10, lr: 0.00075085, training_loss: 0.3178, training_c_index: 0.5929
[07/02/2025 - 03:25:20] - Epoch: 10, validation_loss: 0.2888, validation_c_index: 0.5015
--> Score: 0.3812. No improvement in validation_loss or validation_c_index for 5 epoch(s)
--> Current BEST Score: 0.4638
	--> validation_loss: 0.2861
	--> validation_c_index: 0.5164
	--> training_loss: 0.3426
	--> training_c_index: 0.4924
[07/02/2025 - 03:25:20] - Time elapsed for epoch 10: 81s
[07/02/2025 - 03:25:20] - Epoch: 11
--> Batch: 49, Loss: 0.0000, Label: 0, Survival Months: 0.42, Risk: -10.6554
	--> Average Speed: 0.22s per batch
	--> Time from Last Check: 7.08s
--> Batch: 99, Loss: 0.0000, Label: 3, Survival Months: 33.25, Risk: -10.1786
	--> Average Speed: 0.19s per batch
	--> Time from Last Check: 6.09s
--> Batch: 149, Loss: 0.0000, Label: 1, Survival Months: 15.58, Risk: -7.1372
	--> Average Speed: 0.18s per batch
	--> Time from Last Check: 5.66s
--> Batch: 199, Loss: 0.0000, Label: 8, Survival Months: 50.92, Risk: -13.3607
	--> Average Speed: 0.18s per batch
	--> Time from Last Check: 5.69s
--> Batch: 249, Loss: 0.0000, Label: 0, Survival Months: 0.00, Risk: -9.0417
	--> Average Speed: 0.18s per batch
	--> Time from Last Check: 5.81s
--> Batch: 299, Loss: 0.0000, Label: 13, Survival Months: 96.33, Risk: -12.8749
	--> Average Speed: 0.18s per batch
	--> Time from Last Check: 5.75s
--> Batch: 349, Loss: 0.0000, Label: 1, Survival Months: 21.50, Risk: -9.6670
	--> Average Speed: 0.20s per batch
	--> Time from Last Check: 6.45s
--> Batch: 399, Loss: 0.0000, Label: 14, Survival Months: 114.50, Risk: -12.3560
	--> Average Speed: 0.18s per batch
	--> Time from Last Check: 5.73s
--> Batch: 449, Loss: 2.7135, Label: 15, Survival Months: 125.67, Risk: -9.8280
	--> Average Speed: 0.18s per batch
	--> Time from Last Check: 5.81s
--> Batch: 499, Loss: 0.0000, Label: 16, Survival Months: 169.42, Risk: -12.8028
	--> Average Speed: 0.18s per batch
	--> Time from Last Check: 5.75s
--> Batch: 549, Loss: 0.0000, Label: 11, Survival Months: 75.92, Risk: -11.5553
	--> Average Speed: 0.18s per batch
	--> Time from Last Check: 5.75s
[07/02/2025 - 03:26:31] - Epoch: 11, lr: 0.00056314, training_loss: 0.3315, training_c_index: 0.4938
[07/02/2025 - 03:26:43] - Epoch: 11, validation_loss: 0.2879, validation_c_index: 0.4507
--> Score: 0.3789. No improvement in validation_loss or validation_c_index for 6 epoch(s)
--> Current BEST Score: 0.4638
	--> validation_loss: 0.2861
	--> validation_c_index: 0.5164
	--> training_loss: 0.3426
	--> training_c_index: 0.4924
[07/02/2025 - 03:26:43] - Time elapsed for epoch 11: 83s
[07/02/2025 - 03:26:43] - Epoch: 12
--> Batch: 49, Loss: 0.0000, Label: 6, Survival Months: 41.33, Risk: -13.5939
	--> Average Speed: 0.20s per batch
	--> Time from Last Check: 6.42s
--> Batch: 99, Loss: 0.0000, Label: 19, Survival Months: 328.42, Risk: -9.1829
	--> Average Speed: 0.18s per batch
	--> Time from Last Check: 5.71s
--> Batch: 149, Loss: 0.0000, Label: 17, Survival Months: 182.58, Risk: -9.5176
	--> Average Speed: 0.18s per batch
	--> Time from Last Check: 5.74s
--> Batch: 199, Loss: 0.0000, Label: 8, Survival Months: 48.00, Risk: -11.3736
	--> Average Speed: 0.18s per batch
	--> Time from Last Check: 5.70s
--> Batch: 249, Loss: 0.0000, Label: 5, Survival Months: 37.25, Risk: -11.9902
	--> Average Speed: 0.20s per batch
	--> Time from Last Check: 6.40s
--> Batch: 299, Loss: 0.0000, Label: 8, Survival Months: 51.00, Risk: -8.3159
	--> Average Speed: 0.18s per batch
	--> Time from Last Check: 5.70s
--> Batch: 349, Loss: 0.0000, Label: 8, Survival Months: 49.17, Risk: -9.7160
	--> Average Speed: 0.18s per batch
	--> Time from Last Check: 5.70s
--> Batch: 399, Loss: 0.0000, Label: 9, Survival Months: 53.75, Risk: -9.3024
	--> Average Speed: 0.18s per batch
	--> Time from Last Check: 5.72s
--> Batch: 449, Loss: 2.1901, Label: 18, Survival Months: 237.83, Risk: -13.0583
	--> Average Speed: 0.18s per batch
	--> Time from Last Check: 5.76s
--> Batch: 499, Loss: 0.0000, Label: 6, Survival Months: 42.42, Risk: -10.3335
	--> Average Speed: 0.19s per batch
	--> Time from Last Check: 6.13s
--> Batch: 549, Loss: 2.7820, Label: 18, Survival Months: 247.08, Risk: -10.3789
	--> Average Speed: 0.20s per batch
	--> Time from Last Check: 6.52s
[07/02/2025 - 03:27:53] - Epoch: 12, lr: 0.00042235, training_loss: 0.3316, training_c_index: 0.4714
[07/02/2025 - 03:28:04] - Epoch: 12, validation_loss: 0.2881, validation_c_index: 0.4716
--> Score: 0.4426. No improvement in validation_loss or validation_c_index for 7 epoch(s)
--> Current BEST Score: 0.4638
	--> validation_loss: 0.2861
	--> validation_c_index: 0.5164
	--> training_loss: 0.3426
	--> training_c_index: 0.4924
[07/02/2025 - 03:28:04] - Time elapsed for epoch 12: 81s
[07/02/2025 - 03:28:04] - Epoch: 13
--> Batch: 49, Loss: 0.0000, Label: 15, Survival Months: 138.50, Risk: -10.6176
	--> Average Speed: 0.20s per batch
	--> Time from Last Check: 6.38s
--> Batch: 99, Loss: 0.0000, Label: 13, Survival Months: 100.42, Risk: -11.8341
	--> Average Speed: 0.18s per batch
	--> Time from Last Check: 5.66s
--> Batch: 149, Loss: 0.0000, Label: 2, Survival Months: 26.67, Risk: -13.0248
	--> Average Speed: 0.20s per batch
	--> Time from Last Check: 6.45s
--> Batch: 199, Loss: 0.0000, Label: 19, Survival Months: 588.92, Risk: -11.9504
	--> Average Speed: 0.18s per batch
	--> Time from Last Check: 5.72s
--> Batch: 249, Loss: 3.6125, Label: 12, Survival Months: 84.08, Risk: -10.0243
	--> Average Speed: 0.18s per batch
	--> Time from Last Check: 5.85s
--> Batch: 299, Loss: 0.0000, Label: 4, Survival Months: 35.08, Risk: -10.5764
	--> Average Speed: 0.18s per batch
	--> Time from Last Check: 5.67s
--> Batch: 349, Loss: 0.0000, Label: 1, Survival Months: 21.00, Risk: -10.4126
	--> Average Speed: 0.19s per batch
	--> Time from Last Check: 6.11s
--> Batch: 399, Loss: 0.0000, Label: 9, Survival Months: 54.58, Risk: -12.3402
	--> Average Speed: 0.18s per batch
	--> Time from Last Check: 5.64s
--> Batch: 449, Loss: 0.0000, Label: 0, Survival Months: 2.83, Risk: -10.1390
	--> Average Speed: 0.20s per batch
	--> Time from Last Check: 6.44s
--> Batch: 499, Loss: 0.0000, Label: 4, Survival Months: 35.67, Risk: -11.5504
	--> Average Speed: 0.18s per batch
	--> Time from Last Check: 5.70s
--> Batch: 549, Loss: 0.0000, Label: 16, Survival Months: 156.83, Risk: -10.4135
	--> Average Speed: 0.18s per batch
	--> Time from Last Check: 5.75s
[07/02/2025 - 03:29:15] - Epoch: 13, lr: 0.00031676, training_loss: 0.3286, training_c_index: 0.5642
[07/02/2025 - 03:29:25] - Epoch: 13, validation_loss: 0.2888, validation_c_index: 0.4493
--> Score: 0.3054. No improvement in validation_loss or validation_c_index for 8 epoch(s)
--> Current BEST Score: 0.4638
	--> validation_loss: 0.2861
	--> validation_c_index: 0.5164
	--> training_loss: 0.3426
	--> training_c_index: 0.4924
[07/02/2025 - 03:29:25] - Time elapsed for epoch 13: 81s
[07/02/2025 - 03:29:25] - Epoch: 14
--> Batch: 49, Loss: 0.0000, Label: 16, Survival Months: 169.42, Risk: -10.9523
	--> Average Speed: 0.22s per batch
	--> Time from Last Check: 7.07s
--> Batch: 99, Loss: 0.0000, Label: 9, Survival Months: 55.17, Risk: -8.8273
	--> Average Speed: 0.18s per batch
	--> Time from Last Check: 5.68s
--> Batch: 149, Loss: 0.0000, Label: 9, Survival Months: 55.00, Risk: -11.3950
	--> Average Speed: 0.18s per batch
	--> Time from Last Check: 5.73s
--> Batch: 199, Loss: 0.0000, Label: 14, Survival Months: 105.83, Risk: -12.5495
	--> Average Speed: 0.19s per batch
	--> Time from Last Check: 6.09s
--> Batch: 249, Loss: 0.0000, Label: 10, Survival Months: 57.42, Risk: -12.0185
	--> Average Speed: 0.18s per batch
	--> Time from Last Check: 5.74s
--> Batch: 299, Loss: 0.0000, Label: 17, Survival Months: 186.33, Risk: -10.3464
	--> Average Speed: 0.18s per batch
	--> Time from Last Check: 5.70s
--> Batch: 349, Loss: 0.0000, Label: 13, Survival Months: 101.58, Risk: -12.8276
	--> Average Speed: 0.20s per batch
	--> Time from Last Check: 6.40s
--> Batch: 399, Loss: 0.0000, Label: 10, Survival Months: 63.50, Risk: -12.6374
	--> Average Speed: 0.18s per batch
	--> Time from Last Check: 5.73s
--> Batch: 449, Loss: 0.0000, Label: 16, Survival Months: 172.67, Risk: -13.3791
	--> Average Speed: 0.18s per batch
	--> Time from Last Check: 5.79s
--> Batch: 499, Loss: 0.0000, Label: 4, Survival Months: 35.42, Risk: -13.6276
	--> Average Speed: 0.18s per batch
	--> Time from Last Check: 5.74s
--> Batch: 549, Loss: 0.0000, Label: 10, Survival Months: 58.25, Risk: -10.8160
	--> Average Speed: 0.18s per batch
	--> Time from Last Check: 5.73s
[07/02/2025 - 03:30:36] - Epoch: 14, lr: 0.00023757, training_loss: 0.3275, training_c_index: 0.5297
[07/02/2025 - 03:30:47] - Epoch: 14, validation_loss: 0.2894, validation_c_index: 0.4433
--> Score: 0.3279. No improvement in validation_loss or validation_c_index for 9 epoch(s)
--> Current BEST Score: 0.4638
	--> validation_loss: 0.2861
	--> validation_c_index: 0.5164
	--> training_loss: 0.3426
	--> training_c_index: 0.4924
[07/02/2025 - 03:30:47] - Time elapsed for epoch 14: 82s
[07/02/2025 - 03:30:47] - Epoch: 15
--> Batch: 49, Loss: 0.0000, Label: 4, Survival Months: 35.83, Risk: -13.8615
	--> Average Speed: 0.21s per batch
	--> Time from Last Check: 6.72s
--> Batch: 99, Loss: 0.0000, Label: 8, Survival Months: 48.67, Risk: -13.4598
	--> Average Speed: 0.18s per batch
	--> Time from Last Check: 5.71s
--> Batch: 149, Loss: 0.0000, Label: 9, Survival Months: 55.50, Risk: -12.9628
	--> Average Speed: 0.18s per batch
	--> Time from Last Check: 5.76s
--> Batch: 199, Loss: 0.0000, Label: 6, Survival Months: 43.42, Risk: -11.6003
	--> Average Speed: 0.18s per batch
	--> Time from Last Check: 5.75s
--> Batch: 249, Loss: 0.0000, Label: 12, Survival Months: 84.58, Risk: -8.6435
	--> Average Speed: 0.20s per batch
	--> Time from Last Check: 6.48s
--> Batch: 299, Loss: 0.0000, Label: 19, Survival Months: 309.08, Risk: -11.8211
	--> Average Speed: 0.18s per batch
	--> Time from Last Check: 5.75s
--> Batch: 349, Loss: 0.0000, Label: 12, Survival Months: 81.08, Risk: -9.6847
	--> Average Speed: 0.18s per batch
	--> Time from Last Check: 5.75s
--> Batch: 399, Loss: 0.0000, Label: 9, Survival Months: 53.58, Risk: -11.5916
	--> Average Speed: 0.18s per batch
	--> Time from Last Check: 5.70s
--> Batch: 449, Loss: 0.0000, Label: 2, Survival Months: 26.25, Risk: -10.9211
	--> Average Speed: 0.18s per batch
	--> Time from Last Check: 5.74s
--> Batch: 499, Loss: 0.0000, Label: 4, Survival Months: 34.75, Risk: -9.9093
	--> Average Speed: 0.17s per batch
	--> Time from Last Check: 5.60s
--> Batch: 549, Loss: 0.0000, Label: 0, Survival Months: 2.83, Risk: -9.0825
	--> Average Speed: 0.20s per batch
	--> Time from Last Check: 6.33s
[07/02/2025 - 03:31:58] - Epoch: 15, lr: 0.00017818, training_loss: 0.3244, training_c_index: 0.4997
[07/02/2025 - 03:32:08] - Epoch: 15, validation_loss: 0.2895, validation_c_index: 0.4657
--> Score: 0.4027. No improvement in validation_loss or validation_c_index for 10 epoch(s)
--> Current BEST Score: 0.4638
	--> validation_loss: 0.2861
	--> validation_c_index: 0.5164
	--> training_loss: 0.3426
	--> training_c_index: 0.4924
--> Early stopping triggered after 10 epochs without improvement
[07/02/2025 - 03:32:08] - Restoring best model from epoch 5
--> Model discarded due to low validation C-Index.

########### [07/02/2025 - 03:32:09] - Training completed (Fold n°2) ############

########### [07/02/2025 - 03:32:09] - Validation started (Fold n°2) ############
[07/02/2025 - 03:32:19] - Testing, testing_loss: 0.2861, testing_c_index: 0.5164
[07/02/2025 - 03:32:19] - Time elapsed for Validation: 10s

########## [07/02/2025 - 03:32:19] - Validation completed (Fold n°2) ###########

###################### [07/02/2025 - 03:32:19] - Fold n°3 ######################

MODEL: MCAT with Gene Expression & Methylation
--> Trainable parameters of MCAT with Gene Expression & Methylation: 5504470
--> Loss function: CrossEntropySurvivalLoss
--> Optimizer: adamax

############ [07/02/2025 - 03:32:19] - Training started (Fold n°3) #############
[07/02/2025 - 03:32:19] - Epoch: 1
--> Batch: 49, Loss: 0.0000, Label: 12, Survival Months: 81.25, Risk: -2.4168
	--> Average Speed: 0.23s per batch
	--> Time from Last Check: 7.27s
--> Batch: 99, Loss: nan, Label: 11, Survival Months: 66.50, Risk: -0.0000
	--> Average Speed: 0.18s per batch
	--> Time from Last Check: 5.65s
--> Batch: 149, Loss: nan, Label: 13, Survival Months: 92.00, Risk: -0.0000
	--> Average Speed: 0.18s per batch
	--> Time from Last Check: 5.75s
--> Batch: 199, Loss: nan, Label: 19, Survival Months: 288.42, Risk: -0.0000
	--> Average Speed: 0.18s per batch
	--> Time from Last Check: 5.73s
--> Batch: 249, Loss: nan, Label: 6, Survival Months: 41.58, Risk: -0.0000
	--> Average Speed: 0.19s per batch
	--> Time from Last Check: 6.16s
--> Batch: 299, Loss: nan, Label: 5, Survival Months: 39.33, Risk: -0.0000
	--> Average Speed: 0.18s per batch
	--> Time from Last Check: 5.79s
--> Batch: 349, Loss: nan, Label: 5, Survival Months: 39.42, Risk: -0.0000
	--> Average Speed: 0.20s per batch
	--> Time from Last Check: 6.45s
--> Batch: 399, Loss: nan, Label: 12, Survival Months: 82.00, Risk: -0.0000
	--> Average Speed: 0.18s per batch
	--> Time from Last Check: 5.74s
--> Batch: 449, Loss: nan, Label: 17, Survival Months: 197.67, Risk: -0.0000
	--> Average Speed: 0.18s per batch
	--> Time from Last Check: 5.81s
--> Batch: 499, Loss: nan, Label: 7, Survival Months: 44.83, Risk: -0.0000
	--> Average Speed: 0.18s per batch
	--> Time from Last Check: 5.75s
--> Batch: 549, Loss: nan, Label: 18, Survival Months: 233.00, Risk: -0.0000
	--> Average Speed: 0.18s per batch
	--> Time from Last Check: 5.69s
NaN detected in training_loss (float), skipping
[07/02/2025 - 03:33:30] - Epoch: 1, lr: 0.01000000, training_loss: 0.0000, training_c_index: 0.5087
[07/02/2025 - 03:33:41] - Epoch: 1, validation_loss: nan, validation_c_index: 0.5000
--> Score: nan. No improvement in validation_loss or validation_c_index for 1 epoch(s)
--> Current BEST Score: -inf
	--> validation_loss: inf
	--> validation_c_index: 0.0000
	--> training_loss: inf
	--> training_c_index: 0.0000
[07/02/2025 - 03:33:41] - Time elapsed for epoch 1: 82s
[07/02/2025 - 03:33:41] - Epoch: 2
--> Batch: 49, Loss: nan, Label: 4, Survival Months: 34.17, Risk: -0.0000
	--> Average Speed: 0.20s per batch
	--> Time from Last Check: 6.37s
--> Batch: 99, Loss: nan, Label: 8, Survival Months: 51.67, Risk: -0.0000
	--> Average Speed: 0.19s per batch
	--> Time from Last Check: 6.10s
--> Batch: 149, Loss: nan, Label: 19, Survival Months: 277.75, Risk: -0.0000
	--> Average Speed: 0.18s per batch
	--> Time from Last Check: 5.75s
--> Batch: 199, Loss: nan, Label: 18, Survival Months: 209.42, Risk: -0.0000
	--> Average Speed: 0.18s per batch
	--> Time from Last Check: 5.74s
--> Batch: 249, Loss: nan, Label: 19, Survival Months: 270.58, Risk: -0.0000
	--> Average Speed: 0.20s per batch
	--> Time from Last Check: 6.48s
--> Batch: 299, Loss: nan, Label: 8, Survival Months: 50.92, Risk: -0.0000
	--> Average Speed: 0.18s per batch
	--> Time from Last Check: 5.70s
--> Batch: 349, Loss: nan, Label: 8, Survival Months: 51.17, Risk: -0.0000
	--> Average Speed: 0.18s per batch
	--> Time from Last Check: 5.69s
--> Batch: 399, Loss: nan, Label: 8, Survival Months: 48.75, Risk: -0.0000
	--> Average Speed: 0.18s per batch
	--> Time from Last Check: 5.67s
--> Batch: 449, Loss: nan, Label: 9, Survival Months: 54.92, Risk: -0.0000
	--> Average Speed: 0.18s per batch
	--> Time from Last Check: 5.73s
--> Batch: 499, Loss: nan, Label: 4, Survival Months: 36.25, Risk: -0.0000
	--> Average Speed: 0.18s per batch
	--> Time from Last Check: 5.68s
--> Batch: 549, Loss: nan, Label: 13, Survival Months: 97.08, Risk: -0.0000
	--> Average Speed: 0.20s per batch
	--> Time from Last Check: 6.38s
NaN detected in training_loss (float), skipping
[07/02/2025 - 03:34:52] - Epoch: 2, lr: 0.00750000, training_loss: 0.0000, training_c_index: 0.5000
[07/02/2025 - 03:35:03] - Epoch: 2, validation_loss: nan, validation_c_index: 0.5000
--> Score: nan. No improvement in validation_loss or validation_c_index for 2 epoch(s)
--> Current BEST Score: -inf
	--> validation_loss: inf
	--> validation_c_index: 0.0000
	--> training_loss: inf
	--> training_c_index: 0.0000
[07/02/2025 - 03:35:03] - Time elapsed for epoch 2: 82s
[07/02/2025 - 03:35:03] - Epoch: 3
--> Batch: 49, Loss: nan, Label: 19, Survival Months: 588.92, Risk: -0.0000
	--> Average Speed: 0.20s per batch
	--> Time from Last Check: 6.40s
--> Batch: 99, Loss: nan, Label: 14, Survival Months: 110.42, Risk: -0.0000
	--> Average Speed: 0.18s per batch
	--> Time from Last Check: 5.64s
--> Batch: 149, Loss: nan, Label: 3, Survival Months: 32.67, Risk: -0.0000
	--> Average Speed: 0.20s per batch
	--> Time from Last Check: 6.29s
--> Batch: 199, Loss: nan, Label: 16, Survival Months: 165.92, Risk: -0.0000
	--> Average Speed: 0.18s per batch
	--> Time from Last Check: 5.65s
--> Batch: 249, Loss: nan, Label: 2, Survival Months: 28.75, Risk: -0.0000
	--> Average Speed: 0.18s per batch
	--> Time from Last Check: 5.77s
--> Batch: 299, Loss: nan, Label: 13, Survival Months: 101.75, Risk: -0.0000
	--> Average Speed: 0.18s per batch
	--> Time from Last Check: 5.68s
--> Batch: 349, Loss: nan, Label: 9, Survival Months: 51.83, Risk: -0.0000
	--> Average Speed: 0.18s per batch
	--> Time from Last Check: 5.70s
--> Batch: 399, Loss: nan, Label: 18, Survival Months: 209.42, Risk: -0.0000
	--> Average Speed: 0.18s per batch
	--> Time from Last Check: 5.63s
--> Batch: 449, Loss: nan, Label: 8, Survival Months: 49.00, Risk: -0.0000
	--> Average Speed: 0.20s per batch
	--> Time from Last Check: 6.51s
--> Batch: 499, Loss: nan, Label: 18, Survival Months: 248.00, Risk: -0.0000
	--> Average Speed: 0.19s per batch
	--> Time from Last Check: 6.00s
--> Batch: 549, Loss: nan, Label: 2, Survival Months: 26.25, Risk: -0.0000
	--> Average Speed: 0.18s per batch
	--> Time from Last Check: 5.65s
NaN detected in training_loss (float), skipping
[07/02/2025 - 03:36:13] - Epoch: 3, lr: 0.00562500, training_loss: 0.0000, training_c_index: 0.5000
[07/02/2025 - 03:36:23] - Epoch: 3, validation_loss: nan, validation_c_index: 0.5000
--> Score: nan. No improvement in validation_loss or validation_c_index for 3 epoch(s)
--> Current BEST Score: -inf
	--> validation_loss: inf
	--> validation_c_index: 0.0000
	--> training_loss: inf
	--> training_c_index: 0.0000
[07/02/2025 - 03:36:23] - Time elapsed for epoch 3: 81s
[07/02/2025 - 03:36:23] - Epoch: 4
--> Batch: 49, Loss: nan, Label: 12, Survival Months: 84.08, Risk: -0.0000
	--> Average Speed: 0.22s per batch
	--> Time from Last Check: 7.12s
--> Batch: 99, Loss: nan, Label: 19, Survival Months: 346.58, Risk: -0.0000
	--> Average Speed: 0.18s per batch
	--> Time from Last Check: 5.67s
--> Batch: 149, Loss: nan, Label: 11, Survival Months: 74.17, Risk: -0.0000
	--> Average Speed: 0.18s per batch
	--> Time from Last Check: 5.69s
--> Batch: 199, Loss: nan, Label: 8, Survival Months: 49.67, Risk: -0.0000
	--> Average Speed: 0.18s per batch
	--> Time from Last Check: 5.71s
--> Batch: 249, Loss: nan, Label: 15, Survival Months: 133.75, Risk: -0.0000
	--> Average Speed: 0.18s per batch
	--> Time from Last Check: 5.81s
--> Batch: 299, Loss: nan, Label: 19, Survival Months: 280.08, Risk: -0.0000
	--> Average Speed: 0.18s per batch
	--> Time from Last Check: 5.73s
--> Batch: 349, Loss: nan, Label: 19, Survival Months: 273.92, Risk: -0.0000
	--> Average Speed: 0.21s per batch
	--> Time from Last Check: 6.81s
--> Batch: 399, Loss: nan, Label: 19, Survival Months: 536.25, Risk: -0.0000
	--> Average Speed: 0.18s per batch
	--> Time from Last Check: 5.79s
--> Batch: 449, Loss: nan, Label: 11, Survival Months: 77.92, Risk: -0.0000
	--> Average Speed: 0.18s per batch
	--> Time from Last Check: 5.79s
--> Batch: 499, Loss: nan, Label: 17, Survival Months: 173.50, Risk: -0.0000
	--> Average Speed: 0.18s per batch
	--> Time from Last Check: 5.71s
--> Batch: 549, Loss: nan, Label: 17, Survival Months: 190.08, Risk: -0.0000
	--> Average Speed: 0.18s per batch
	--> Time from Last Check: 5.78s
NaN detected in training_loss (float), skipping
[07/02/2025 - 03:37:35] - Epoch: 4, lr: 0.00421875, training_loss: 0.0000, training_c_index: 0.5000
[07/02/2025 - 03:37:46] - Epoch: 4, validation_loss: nan, validation_c_index: 0.5000
--> Score: nan. No improvement in validation_loss or validation_c_index for 4 epoch(s)
--> Current BEST Score: -inf
	--> validation_loss: inf
	--> validation_c_index: 0.0000
	--> training_loss: inf
	--> training_c_index: 0.0000
[07/02/2025 - 03:37:46] - Time elapsed for epoch 4: 82s
[07/02/2025 - 03:37:46] - Epoch: 5
--> Batch: 49, Loss: nan, Label: 11, Survival Months: 74.58, Risk: -0.0000
	--> Average Speed: 0.20s per batch
	--> Time from Last Check: 6.33s
--> Batch: 99, Loss: nan, Label: 9, Survival Months: 53.33, Risk: -0.0000
	--> Average Speed: 0.18s per batch
	--> Time from Last Check: 5.79s
--> Batch: 149, Loss: nan, Label: 0, Survival Months: 0.83, Risk: -0.0000
	--> Average Speed: 0.18s per batch
	--> Time from Last Check: 5.72s
--> Batch: 199, Loss: nan, Label: 17, Survival Months: 200.50, Risk: -0.0000
	--> Average Speed: 0.19s per batch
	--> Time from Last Check: 6.09s
--> Batch: 249, Loss: nan, Label: 10, Survival Months: 58.92, Risk: -0.0000
	--> Average Speed: 0.20s per batch
	--> Time from Last Check: 6.45s
--> Batch: 299, Loss: nan, Label: 19, Survival Months: 346.58, Risk: -0.0000
	--> Average Speed: 0.18s per batch
	--> Time from Last Check: 5.79s
--> Batch: 349, Loss: nan, Label: 5, Survival Months: 38.58, Risk: -0.0000
	--> Average Speed: 0.18s per batch
	--> Time from Last Check: 5.75s
--> Batch: 399, Loss: nan, Label: 16, Survival Months: 170.08, Risk: -0.0000
	--> Average Speed: 0.18s per batch
	--> Time from Last Check: 5.66s
--> Batch: 449, Loss: nan, Label: 19, Survival Months: 272.75, Risk: -0.0000
	--> Average Speed: 0.18s per batch
	--> Time from Last Check: 5.76s
--> Batch: 499, Loss: nan, Label: 11, Survival Months: 75.67, Risk: -0.0000
	--> Average Speed: 0.18s per batch
	--> Time from Last Check: 5.71s
--> Batch: 549, Loss: nan, Label: 7, Survival Months: 45.08, Risk: -0.0000
	--> Average Speed: 0.20s per batch
	--> Time from Last Check: 6.49s
NaN detected in training_loss (float), skipping
[07/02/2025 - 03:38:57] - Epoch: 5, lr: 0.00316406, training_loss: 0.0000, training_c_index: 0.5000
[07/02/2025 - 03:39:07] - Epoch: 5, validation_loss: nan, validation_c_index: 0.5000
--> Score: nan. No improvement in validation_loss or validation_c_index for 5 epoch(s)
--> Current BEST Score: -inf
	--> validation_loss: inf
	--> validation_c_index: 0.0000
	--> training_loss: inf
	--> training_c_index: 0.0000
[07/02/2025 - 03:39:07] - Time elapsed for epoch 5: 81s
[07/02/2025 - 03:39:07] - Epoch: 6
--> Batch: 49, Loss: nan, Label: 2, Survival Months: 26.08, Risk: -0.0000
	--> Average Speed: 0.21s per batch
	--> Time from Last Check: 6.73s
--> Batch: 99, Loss: nan, Label: 4, Survival Months: 35.08, Risk: -0.0000
	--> Average Speed: 0.18s per batch
	--> Time from Last Check: 5.68s
--> Batch: 149, Loss: nan, Label: 12, Survival Months: 86.92, Risk: -0.0000
	--> Average Speed: 0.20s per batch
	--> Time from Last Check: 6.43s
--> Batch: 199, Loss: nan, Label: 4, Survival Months: 34.17, Risk: -0.0000
	--> Average Speed: 0.18s per batch
	--> Time from Last Check: 5.72s
--> Batch: 249, Loss: nan, Label: 3, Survival Months: 32.25, Risk: -0.0000
	--> Average Speed: 0.18s per batch
	--> Time from Last Check: 5.81s
--> Batch: 299, Loss: nan, Label: 6, Survival Months: 42.58, Risk: -0.0000
	--> Average Speed: 0.18s per batch
	--> Time from Last Check: 5.64s
--> Batch: 349, Loss: nan, Label: 11, Survival Months: 72.92, Risk: -0.0000
	--> Average Speed: 0.18s per batch
	--> Time from Last Check: 5.69s
--> Batch: 399, Loss: nan, Label: 17, Survival Months: 179.58, Risk: -0.0000
	--> Average Speed: 0.18s per batch
	--> Time from Last Check: 5.71s
--> Batch: 449, Loss: nan, Label: 15, Survival Months: 129.92, Risk: -0.0000
	--> Average Speed: 0.20s per batch
	--> Time from Last Check: 6.45s
--> Batch: 499, Loss: nan, Label: 5, Survival Months: 36.75, Risk: -0.0000
	--> Average Speed: 0.18s per batch
	--> Time from Last Check: 5.80s
--> Batch: 549, Loss: nan, Label: 15, Survival Months: 138.50, Risk: -0.0000
	--> Average Speed: 0.18s per batch
	--> Time from Last Check: 5.74s
NaN detected in training_loss (float), skipping
[07/02/2025 - 03:40:18] - Epoch: 6, lr: 0.00237305, training_loss: 0.0000, training_c_index: 0.5000
[07/02/2025 - 03:40:28] - Epoch: 6, validation_loss: nan, validation_c_index: 0.5000
--> Score: nan. No improvement in validation_loss or validation_c_index for 6 epoch(s)
--> Current BEST Score: -inf
	--> validation_loss: inf
	--> validation_c_index: 0.0000
	--> training_loss: inf
	--> training_c_index: 0.0000
[07/02/2025 - 03:40:28] - Time elapsed for epoch 6: 81s
[07/02/2025 - 03:40:28] - Epoch: 7
--> Batch: 49, Loss: nan, Label: 18, Survival Months: 248.00, Risk: -0.0000
	--> Average Speed: 0.22s per batch
	--> Time from Last Check: 7.03s
--> Batch: 99, Loss: nan, Label: 6, Survival Months: 40.75, Risk: -0.0000
	--> Average Speed: 0.18s per batch
	--> Time from Last Check: 5.74s
--> Batch: 149, Loss: nan, Label: 14, Survival Months: 104.25, Risk: -0.0000
	--> Average Speed: 0.18s per batch
	--> Time from Last Check: 5.73s
--> Batch: 199, Loss: nan, Label: 15, Survival Months: 128.50, Risk: -0.0000
	--> Average Speed: 0.18s per batch
	--> Time from Last Check: 5.69s
--> Batch: 249, Loss: nan, Label: 15, Survival Months: 122.08, Risk: -0.0000
	--> Average Speed: 0.18s per batch
	--> Time from Last Check: 5.75s
--> Batch: 299, Loss: nan, Label: 8, Survival Months: 50.67, Risk: -0.0000
	--> Average Speed: 0.18s per batch
	--> Time from Last Check: 5.71s
--> Batch: 349, Loss: nan, Label: 17, Survival Months: 194.08, Risk: -0.0000
	--> Average Speed: 0.20s per batch
	--> Time from Last Check: 6.35s
--> Batch: 399, Loss: nan, Label: 16, Survival Months: 172.00, Risk: -0.0000
	--> Average Speed: 0.18s per batch
	--> Time from Last Check: 5.74s
--> Batch: 449, Loss: nan, Label: 2, Survival Months: 30.17, Risk: -0.0000
	--> Average Speed: 0.19s per batch
	--> Time from Last Check: 6.17s
--> Batch: 499, Loss: nan, Label: 2, Survival Months: 26.42, Risk: -0.0000
	--> Average Speed: 0.18s per batch
	--> Time from Last Check: 5.79s
--> Batch: 549, Loss: nan, Label: 6, Survival Months: 40.17, Risk: -0.0000
	--> Average Speed: 0.18s per batch
	--> Time from Last Check: 5.76s
NaN detected in training_loss (float), skipping
[07/02/2025 - 03:41:40] - Epoch: 7, lr: 0.00177979, training_loss: 0.0000, training_c_index: 0.5000
[07/02/2025 - 03:41:50] - Epoch: 7, validation_loss: nan, validation_c_index: 0.5000
--> Score: nan. No improvement in validation_loss or validation_c_index for 7 epoch(s)
--> Current BEST Score: -inf
	--> validation_loss: inf
	--> validation_c_index: 0.0000
	--> training_loss: inf
	--> training_c_index: 0.0000
[07/02/2025 - 03:41:50] - Time elapsed for epoch 7: 82s
[07/02/2025 - 03:41:50] - Epoch: 8
--> Batch: 49, Loss: nan, Label: 7, Survival Months: 43.67, Risk: -0.0000
	--> Average Speed: 0.20s per batch
	--> Time from Last Check: 6.38s
--> Batch: 99, Loss: nan, Label: 12, Survival Months: 78.58, Risk: -0.0000
	--> Average Speed: 0.18s per batch
	--> Time from Last Check: 5.70s
--> Batch: 149, Loss: nan, Label: 13, Survival Months: 92.00, Risk: -0.0000
	--> Average Speed: 0.18s per batch
	--> Time from Last Check: 5.71s
--> Batch: 199, Loss: nan, Label: 10, Survival Months: 63.25, Risk: -0.0000
	--> Average Speed: 0.18s per batch
	--> Time from Last Check: 5.71s
--> Batch: 249, Loss: nan, Label: 4, Survival Months: 33.58, Risk: -0.0000
	--> Average Speed: 0.20s per batch
	--> Time from Last Check: 6.44s
--> Batch: 299, Loss: nan, Label: 6, Survival Months: 42.00, Risk: -0.0000
	--> Average Speed: 0.19s per batch
	--> Time from Last Check: 6.13s
--> Batch: 349, Loss: nan, Label: 18, Survival Months: 215.83, Risk: -0.0000
	--> Average Speed: 0.18s per batch
	--> Time from Last Check: 5.74s
--> Batch: 399, Loss: nan, Label: 1, Survival Months: 13.33, Risk: -0.0000
	--> Average Speed: 0.18s per batch
	--> Time from Last Check: 5.70s
--> Batch: 449, Loss: nan, Label: 0, Survival Months: 6.67, Risk: -0.0000
	--> Average Speed: 0.18s per batch
	--> Time from Last Check: 5.83s
--> Batch: 499, Loss: nan, Label: 4, Survival Months: 34.17, Risk: -0.0000
	--> Average Speed: 0.20s per batch
	--> Time from Last Check: 6.44s
--> Batch: 549, Loss: nan, Label: 2, Survival Months: 25.17, Risk: -0.0000
	--> Average Speed: 0.18s per batch
	--> Time from Last Check: 5.75s
NaN detected in training_loss (float), skipping
[07/02/2025 - 03:43:01] - Epoch: 8, lr: 0.00133484, training_loss: 0.0000, training_c_index: 0.5000
[07/02/2025 - 03:43:11] - Epoch: 8, validation_loss: nan, validation_c_index: 0.5000
--> Score: nan. No improvement in validation_loss or validation_c_index for 8 epoch(s)
--> Current BEST Score: -inf
	--> validation_loss: inf
	--> validation_c_index: 0.0000
	--> training_loss: inf
	--> training_c_index: 0.0000
[07/02/2025 - 03:43:11] - Time elapsed for epoch 8: 81s
[07/02/2025 - 03:43:11] - Epoch: 9
--> Batch: 49, Loss: nan, Label: 10, Survival Months: 62.25, Risk: -0.0000
	--> Average Speed: 0.20s per batch
	--> Time from Last Check: 6.34s
--> Batch: 99, Loss: nan, Label: 3, Survival Months: 31.25, Risk: -0.0000
	--> Average Speed: 0.19s per batch
	--> Time from Last Check: 6.05s
--> Batch: 149, Loss: nan, Label: 7, Survival Months: 47.58, Risk: -0.0000
	--> Average Speed: 0.20s per batch
	--> Time from Last Check: 6.50s
--> Batch: 199, Loss: nan, Label: 3, Survival Months: 31.75, Risk: -0.0000
	--> Average Speed: 0.18s per batch
	--> Time from Last Check: 5.65s
--> Batch: 249, Loss: nan, Label: 9, Survival Months: 55.17, Risk: -0.0000
	--> Average Speed: 0.18s per batch
	--> Time from Last Check: 5.77s
--> Batch: 299, Loss: nan, Label: 5, Survival Months: 37.92, Risk: -0.0000
	--> Average Speed: 0.18s per batch
	--> Time from Last Check: 5.67s
--> Batch: 349, Loss: nan, Label: 6, Survival Months: 43.17, Risk: -0.0000
	--> Average Speed: 0.18s per batch
	--> Time from Last Check: 5.72s
--> Batch: 399, Loss: nan, Label: 6, Survival Months: 40.17, Risk: -0.0000
	--> Average Speed: 0.20s per batch
	--> Time from Last Check: 6.43s
--> Batch: 449, Loss: nan, Label: 11, Survival Months: 76.42, Risk: -0.0000
	--> Average Speed: 0.18s per batch
	--> Time from Last Check: 5.77s
--> Batch: 499, Loss: nan, Label: 8, Survival Months: 49.83, Risk: -0.0000
	--> Average Speed: 0.18s per batch
	--> Time from Last Check: 5.72s
--> Batch: 549, Loss: nan, Label: 19, Survival Months: 292.17, Risk: -0.0000
	--> Average Speed: 0.18s per batch
	--> Time from Last Check: 5.73s
NaN detected in training_loss (float), skipping
[07/02/2025 - 03:44:22] - Epoch: 9, lr: 0.00100113, training_loss: 0.0000, training_c_index: 0.5000
[07/02/2025 - 03:44:33] - Epoch: 9, validation_loss: nan, validation_c_index: 0.5000
--> Score: nan. No improvement in validation_loss or validation_c_index for 9 epoch(s)
--> Current BEST Score: -inf
	--> validation_loss: inf
	--> validation_c_index: 0.0000
	--> training_loss: inf
	--> training_c_index: 0.0000
[07/02/2025 - 03:44:33] - Time elapsed for epoch 9: 81s
[07/02/2025 - 03:44:33] - Epoch: 10
--> Batch: 49, Loss: nan, Label: 0, Survival Months: 6.67, Risk: -0.0000
	--> Average Speed: 0.23s per batch
	--> Time from Last Check: 7.34s
--> Batch: 99, Loss: nan, Label: 6, Survival Months: 43.33, Risk: -0.0000
	--> Average Speed: 0.18s per batch
	--> Time from Last Check: 5.69s
--> Batch: 149, Loss: nan, Label: 6, Survival Months: 41.00, Risk: -0.0000
	--> Average Speed: 0.18s per batch
	--> Time from Last Check: 5.71s
--> Batch: 199, Loss: nan, Label: 13, Survival Months: 93.33, Risk: -0.0000
	--> Average Speed: 0.18s per batch
	--> Time from Last Check: 5.68s
--> Batch: 249, Loss: nan, Label: 0, Survival Months: 0.08, Risk: -0.0000
	--> Average Speed: 0.18s per batch
	--> Time from Last Check: 5.77s
--> Batch: 299, Loss: nan, Label: 5, Survival Months: 38.42, Risk: -0.0000
	--> Average Speed: 0.20s per batch
	--> Time from Last Check: 6.40s
--> Batch: 349, Loss: nan, Label: 9, Survival Months: 53.92, Risk: -0.0000
	--> Average Speed: 0.18s per batch
	--> Time from Last Check: 5.71s
--> Batch: 399, Loss: nan, Label: 9, Survival Months: 51.83, Risk: -0.0000
	--> Average Speed: 0.18s per batch
	--> Time from Last Check: 5.74s
--> Batch: 449, Loss: nan, Label: 11, Survival Months: 69.50, Risk: -0.0000
	--> Average Speed: 0.18s per batch
	--> Time from Last Check: 5.77s
--> Batch: 499, Loss: nan, Label: 18, Survival Months: 260.50, Risk: -0.0000
	--> Average Speed: 0.18s per batch
	--> Time from Last Check: 5.78s
--> Batch: 549, Loss: nan, Label: 14, Survival Months: 118.50, Risk: -0.0000
	--> Average Speed: 0.19s per batch
	--> Time from Last Check: 6.05s
NaN detected in training_loss (float), skipping
[07/02/2025 - 03:45:44] - Epoch: 10, lr: 0.00075085, training_loss: 0.0000, training_c_index: 0.5000
[07/02/2025 - 03:45:54] - Epoch: 10, validation_loss: nan, validation_c_index: 0.5000
--> Score: nan. No improvement in validation_loss or validation_c_index for 10 epoch(s)
--> Current BEST Score: -inf
	--> validation_loss: inf
	--> validation_c_index: 0.0000
	--> training_loss: inf
	--> training_c_index: 0.0000
--> Early stopping triggered after 10 epochs without improvement
[1;34mwandb[0m: 🚀 View run [33mlucas_job_2524503[0m at: [34mhttps://wandb.ai/luca_inghilterra-unimore/TCGA-BRCA-GE-ME-Cross-Validation/runs/n28av1ye[0m
[1;34mwandb[0m: Find logs at: [1;35mwandb/run-20250207_025538-n28av1ye/logs[0m
