Environment conda activated
Job 2504621 started

#################### [08/01/2025 - 17:50:04] - MCAT started ####################
HOSTNAME: ajeje

WANDB: setting up for report

CUDA: available
--> Device count: 1
--> Using device: NVIDIA GeForce RTX 2080 Ti
--> Running on CUDA

DATASET: Loading data
--> Remaining samples after removing incomplete: 1039
--> Class intervals: [
	0: [0.00 - 2.57]
	1: [2.57 - 17.70]
	2: [17.70 - 26.37]
	3: [26.37 - 31.25]
	4: [31.25 - 34.71]
	5: [34.71 - 38.03]
	6: [38.03 - 42.94]
	7: [42.94 - 47.45]
	8: [47.45 - 51.69]
	9: [51.69 - 58.17]
	10: [58.17 - 67.10]
	11: [67.10 - 79.80]
	12: [79.80 - 88.56]
	13: [88.56 - 102.25]
	14: [102.25 - 120.62]
	15: [120.62 - 141.88]
	16: [141.88 - 174.40]
	17: [174.40 - 205.88]
	18: [205.88 - 263.29]
	19: [263.29 - 593.83]
    ]
--> Standardizing RNA-seq data
--> Standardizing Methylation Islands beta values
--> Gene Expression Signatures size: [19938]
--> Methylation Signatures size: [4522]
--> Using 80% training, 20% validation
--> Training Set: [831], Validation Set: [208]

MODEL: MCAT
--> Trainable parameters of MCAT: 9362966
--> Loss function: CrossEntropySurvivalLoss
--> Optimizer: adam

################## [08/01/2025 - 17:50:38] - Training started ##################
[08/01/2025 - 17:50:38] - Epoch: 1
--> Batch: 49, Loss: 2.5354, Label: 9, Survival Months: 51.83, Risk: -1.0865
	--> Average Speed: 0.08s per batch
	--> Time from Last Check: 2.50s
--> Batch: 99, Loss: 2.7232, Label: 11, Survival Months: 67.17, Risk: -1.1088
	--> Average Speed: 0.06s per batch
	--> Time from Last Check: 1.91s
--> Batch: 149, Loss: 3.5636, Label: 18, Survival Months: 220.83, Risk: -1.2168
	--> Average Speed: 0.06s per batch
	--> Time from Last Check: 1.86s
--> Batch: 199, Loss: 3.2526, Label: 17, Survival Months: 190.17, Risk: -1.3717
	--> Average Speed: 0.06s per batch
	--> Time from Last Check: 1.85s
--> Batch: 249, Loss: 1.6039, Label: 4, Survival Months: 33.00, Risk: -1.5512
	--> Average Speed: 0.06s per batch
	--> Time from Last Check: 1.77s
--> Batch: 299, Loss: 1.9117, Label: 9, Survival Months: 55.50, Risk: -2.0726
	--> Average Speed: 0.06s per batch
	--> Time from Last Check: 1.95s
--> Batch: 349, Loss: 1.9541, Label: 12, Survival Months: 84.08, Risk: -2.9010
	--> Average Speed: 0.05s per batch
	--> Time from Last Check: 1.72s
--> Batch: 399, Loss: 2.1061, Label: 18, Survival Months: 218.50, Risk: -4.7770
	--> Average Speed: 0.06s per batch
	--> Time from Last Check: 1.86s
--> Batch: 449, Loss: 1.1093, Label: 3, Survival Months: 28.75, Risk: -7.2409
	--> Average Speed: 0.06s per batch
	--> Time from Last Check: 1.81s
--> Batch: 499, Loss: 1.0452, Label: 4, Survival Months: 32.67, Risk: -12.1140
	--> Average Speed: 0.06s per batch
	--> Time from Last Check: 1.77s
--> Batch: 549, Loss: 1.0189, Label: 3, Survival Months: 30.25, Risk: -13.4249
	--> Average Speed: 0.06s per batch
	--> Time from Last Check: 1.82s
--> Batch: 599, Loss: 0.9981, Label: 4, Survival Months: 32.25, Risk: -14.9709
	--> Average Speed: 0.06s per batch
	--> Time from Last Check: 1.78s
--> Batch: 649, Loss: 5.3384, Label: 2, Survival Months: 18.67, Risk: -15.9864
	--> Average Speed: 0.06s per batch
	--> Time from Last Check: 1.78s
--> Batch: 699, Loss: 0.9588, Label: 4, Survival Months: 33.00, Risk: -16.8843
	--> Average Speed: 0.05s per batch
	--> Time from Last Check: 1.75s
--> Batch: 749, Loss: 0.9552, Label: 8, Survival Months: 50.67, Risk: -16.5607
	--> Average Speed: 0.06s per batch
	--> Time from Last Check: 1.86s
--> Batch: 799, Loss: 0.9728, Label: 13, Survival Months: 101.67, Risk: -16.1078
	--> Average Speed: 0.06s per batch
	--> Time from Last Check: 1.88s
[08/01/2025 - 17:51:09] - Epoch: 1, lr: 0.00010000, train_loss: 2.0546, train_c_index: 0.5050
[08/01/2025 - 17:51:11] - Epoch: 1, val_loss: 1.4337, val_c_index: 0.3696
[08/01/2025 - 17:51:11] - Time elapsed for epoch 1: 33s
[08/01/2025 - 17:51:11] - Epoch: 2
--> Batch: 49, Loss: 3.9840, Label: 14, Survival Months: 119.17, Risk: -14.4378
	--> Average Speed: 0.06s per batch
	--> Time from Last Check: 2.03s
--> Batch: 99, Loss: 0.9586, Label: 14, Survival Months: 113.58, Risk: -15.4786
	--> Average Speed: 0.06s per batch
	--> Time from Last Check: 1.77s
--> Batch: 149, Loss: 0.8993, Label: 4, Survival Months: 31.75, Risk: -14.8989
	--> Average Speed: 0.05s per batch
	--> Time from Last Check: 1.75s
--> Batch: 199, Loss: 0.9000, Label: 9, Survival Months: 53.58, Risk: -15.5539
	--> Average Speed: 0.06s per batch
	--> Time from Last Check: 1.84s
--> Batch: 249, Loss: 0.8923, Label: 5, Survival Months: 35.67, Risk: -13.6192
	--> Average Speed: 0.06s per batch
	--> Time from Last Check: 1.84s
--> Batch: 299, Loss: 0.8895, Label: 7, Survival Months: 45.92, Risk: -13.9781
	--> Average Speed: 0.06s per batch
	--> Time from Last Check: 1.80s
--> Batch: 349, Loss: 0.9671, Label: 15, Survival Months: 129.92, Risk: -13.5217
	--> Average Speed: 0.06s per batch
	--> Time from Last Check: 1.78s
--> Batch: 399, Loss: 0.8402, Label: 3, Survival Months: 30.17, Risk: -16.1779
	--> Average Speed: 0.05s per batch
	--> Time from Last Check: 1.75s
--> Batch: 449, Loss: 4.2599, Label: 12, Survival Months: 86.17, Risk: -15.9257
	--> Average Speed: 0.06s per batch
	--> Time from Last Check: 1.87s
--> Batch: 499, Loss: 0.8220, Label: 5, Survival Months: 35.67, Risk: -16.5787
	--> Average Speed: 0.06s per batch
	--> Time from Last Check: 1.81s
--> Batch: 549, Loss: 0.8591, Label: 9, Survival Months: 52.92, Risk: -13.5591
	--> Average Speed: 0.06s per batch
	--> Time from Last Check: 1.77s
--> Batch: 599, Loss: 0.8948, Label: 14, Survival Months: 102.42, Risk: -14.4229
	--> Average Speed: 0.05s per batch
	--> Time from Last Check: 1.73s
--> Batch: 649, Loss: 0.8037, Label: 3, Survival Months: 27.17, Risk: -14.3547
	--> Average Speed: 0.06s per batch
	--> Time from Last Check: 1.80s
--> Batch: 699, Loss: 0.7925, Label: 6, Survival Months: 39.00, Risk: -15.7031
	--> Average Speed: 0.06s per batch
	--> Time from Last Check: 1.82s
--> Batch: 749, Loss: 0.8759, Label: 14, Survival Months: 112.42, Risk: -14.2228
	--> Average Speed: 0.06s per batch
	--> Time from Last Check: 1.82s
--> Batch: 799, Loss: 0.8459, Label: 14, Survival Months: 109.00, Risk: -15.0980
	--> Average Speed: 0.06s per batch
	--> Time from Last Check: 1.80s
[08/01/2025 - 17:51:42] - Epoch: 2, lr: 0.00009900, train_loss: 1.2102, train_c_index: 0.5654
[08/01/2025 - 17:51:44] - Epoch: 2, val_loss: 1.3055, val_c_index: 0.4974
[08/01/2025 - 17:51:44] - Time elapsed for epoch 2: 33s
[08/01/2025 - 17:51:44] - Epoch: 3
--> Batch: 49, Loss: 0.7823, Label: 7, Survival Months: 47.42, Risk: -14.1569
	--> Average Speed: 0.07s per batch
	--> Time from Last Check: 2.08s
--> Batch: 99, Loss: 0.9160, Label: 16, Survival Months: 144.00, Risk: -13.2085
	--> Average Speed: 0.06s per batch
	--> Time from Last Check: 1.82s
--> Batch: 149, Loss: 0.8696, Label: 17, Survival Months: 186.33, Risk: -15.1427
	--> Average Speed: 0.06s per batch
	--> Time from Last Check: 1.77s
--> Batch: 199, Loss: 2.5780, Label: 18, Survival Months: 233.17, Risk: -13.3399
	--> Average Speed: 0.05s per batch
	--> Time from Last Check: 1.73s
--> Batch: 249, Loss: 0.7318, Label: 0, Survival Months: 0.00, Risk: -11.4889
	--> Average Speed: 0.06s per batch
	--> Time from Last Check: 1.89s
--> Batch: 299, Loss: 3.9850, Label: 0, Survival Months: 0.00, Risk: -13.4424
	--> Average Speed: 0.06s per batch
	--> Time from Last Check: 1.85s
--> Batch: 349, Loss: 0.7305, Label: 3, Survival Months: 31.25, Risk: -14.1057
	--> Average Speed: 0.06s per batch
	--> Time from Last Check: 1.80s
--> Batch: 399, Loss: 0.7087, Label: 1, Survival Months: 16.67, Risk: -15.4113
	--> Average Speed: 0.06s per batch
	--> Time from Last Check: 1.78s
--> Batch: 449, Loss: 0.7297, Label: 5, Survival Months: 35.42, Risk: -12.6551
	--> Average Speed: 0.05s per batch
	--> Time from Last Check: 1.73s
--> Batch: 499, Loss: 0.7129, Label: 7, Survival Months: 45.58, Risk: -14.8295
	--> Average Speed: 0.05s per batch
	--> Time from Last Check: 1.68s
--> Batch: 549, Loss: 0.6995, Label: 8, Survival Months: 51.33, Risk: -15.9537
	--> Average Speed: 0.06s per batch
	--> Time from Last Check: 1.78s
--> Batch: 599, Loss: 0.6942, Label: 4, Survival Months: 31.33, Risk: -14.1652
	--> Average Speed: 0.06s per batch
	--> Time from Last Check: 1.82s
--> Batch: 649, Loss: 0.6903, Label: 4, Survival Months: 34.67, Risk: -13.5859
	--> Average Speed: 0.05s per batch
	--> Time from Last Check: 1.73s
--> Batch: 699, Loss: 0.6879, Label: 8, Survival Months: 51.50, Risk: -15.2217
	--> Average Speed: 0.05s per batch
	--> Time from Last Check: 1.74s
--> Batch: 749, Loss: 0.6759, Label: 8, Survival Months: 48.25, Risk: -15.7589
	--> Average Speed: 0.06s per batch
	--> Time from Last Check: 1.84s
--> Batch: 799, Loss: 0.6466, Label: 0, Survival Months: 0.83, Risk: -17.0393
	--> Average Speed: 0.06s per batch
	--> Time from Last Check: 1.77s
[08/01/2025 - 17:52:14] - Epoch: 3, lr: 0.00009801, train_loss: 1.0676, train_c_index: 0.6131
[08/01/2025 - 17:52:17] - Epoch: 3, val_loss: 1.2153, val_c_index: 0.4130
[08/01/2025 - 17:52:17] - Time elapsed for epoch 3: 32s
[08/01/2025 - 17:52:17] - Epoch: 4
--> Batch: 49, Loss: 4.6422, Label: 10, Survival Months: 66.00, Risk: -16.9760
	--> Average Speed: 0.06s per batch
	--> Time from Last Check: 1.92s
--> Batch: 99, Loss: 0.6953, Label: 13, Survival Months: 101.42, Risk: -14.7152
	--> Average Speed: 0.06s per batch
	--> Time from Last Check: 1.79s
--> Batch: 149, Loss: 0.6336, Label: 6, Survival Months: 39.75, Risk: -16.6540
	--> Average Speed: 0.05s per batch
	--> Time from Last Check: 1.74s
--> Batch: 199, Loss: 1.9158, Label: 19, Survival Months: 305.75, Risk: -15.5385
	--> Average Speed: 0.06s per batch
	--> Time from Last Check: 1.77s
--> Batch: 249, Loss: 0.7333, Label: 14, Survival Months: 114.50, Risk: -14.1988
	--> Average Speed: 0.05s per batch
	--> Time from Last Check: 1.64s
--> Batch: 299, Loss: 0.6382, Label: 3, Survival Months: 28.58, Risk: -13.2171
	--> Average Speed: 0.05s per batch
	--> Time from Last Check: 1.76s
--> Batch: 349, Loss: 0.6777, Label: 14, Survival Months: 112.58, Risk: -16.0096
	--> Average Speed: 0.06s per batch
	--> Time from Last Check: 1.76s
--> Batch: 399, Loss: 0.6109, Label: 4, Survival Months: 33.08, Risk: -16.0779
	--> Average Speed: 0.05s per batch
	--> Time from Last Check: 1.59s
--> Batch: 449, Loss: 0.6836, Label: 14, Survival Months: 108.42, Risk: -15.1239
	--> Average Speed: 0.06s per batch
	--> Time from Last Check: 1.76s
--> Batch: 499, Loss: 3.6351, Label: 13, Survival Months: 92.00, Risk: -14.3886
	--> Average Speed: 0.06s per batch
	--> Time from Last Check: 1.80s
--> Batch: 549, Loss: 0.9356, Label: 19, Survival Months: 273.83, Risk: -15.9684
	--> Average Speed: 0.05s per batch
	--> Time from Last Check: 1.66s
--> Batch: 599, Loss: 3.7970, Label: 7, Survival Months: 45.67, Risk: -13.3262
	--> Average Speed: 0.06s per batch
	--> Time from Last Check: 1.79s
--> Batch: 649, Loss: 0.6820, Label: 10, Survival Months: 60.50, Risk: -11.0121
	--> Average Speed: 0.05s per batch
	--> Time from Last Check: 1.72s
--> Batch: 699, Loss: 0.5865, Label: 11, Survival Months: 78.50, Risk: -16.8602
	--> Average Speed: 0.06s per batch
	--> Time from Last Check: 1.87s
--> Batch: 749, Loss: 0.6291, Label: 12, Survival Months: 83.42, Risk: -14.5708
	--> Average Speed: 0.06s per batch
	--> Time from Last Check: 1.76s
--> Batch: 799, Loss: 0.6136, Label: 12, Survival Months: 82.00, Risk: -15.2513
	--> Average Speed: 0.06s per batch
	--> Time from Last Check: 1.86s
[08/01/2025 - 17:52:46] - Epoch: 4, lr: 0.00009703, train_loss: 0.9589, train_c_index: 0.6522
[08/01/2025 - 17:52:48] - Epoch: 4, val_loss: 1.1501, val_c_index: 0.5427
[08/01/2025 - 17:52:49] - Time elapsed for epoch 4: 32s
[08/01/2025 - 17:52:49] - Epoch: 5
--> Batch: 49, Loss: 0.5718, Label: 3, Survival Months: 27.83, Risk: -14.1385
	--> Average Speed: 0.06s per batch
	--> Time from Last Check: 2.02s
--> Batch: 99, Loss: 2.0089, Label: 19, Survival Months: 288.42, Risk: -15.3058
	--> Average Speed: 0.05s per batch
	--> Time from Last Check: 1.74s
--> Batch: 149, Loss: 3.0026, Label: 16, Survival Months: 166.08, Risk: -11.8482
	--> Average Speed: 0.06s per batch
	--> Time from Last Check: 1.87s
--> Batch: 199, Loss: 1.0152, Label: 19, Survival Months: 478.25, Risk: -11.8107
	--> Average Speed: 0.05s per batch
	--> Time from Last Check: 1.66s
--> Batch: 249, Loss: 0.5586, Label: 12, Survival Months: 83.92, Risk: -17.1398
	--> Average Speed: 0.06s per batch
	--> Time from Last Check: 1.77s
--> Batch: 299, Loss: 0.5501, Label: 8, Survival Months: 49.83, Risk: -16.0327
	--> Average Speed: 0.05s per batch
	--> Time from Last Check: 1.71s
--> Batch: 349, Loss: 0.5957, Label: 17, Survival Months: 187.33, Risk: -17.3391
	--> Average Speed: 0.06s per batch
	--> Time from Last Check: 1.78s
--> Batch: 399, Loss: 0.5559, Label: 7, Survival Months: 46.17, Risk: -14.1601
	--> Average Speed: 0.06s per batch
	--> Time from Last Check: 1.76s
--> Batch: 449, Loss: 0.5488, Label: 6, Survival Months: 42.17, Risk: -13.7660
	--> Average Speed: 0.06s per batch
	--> Time from Last Check: 1.78s
--> Batch: 499, Loss: 2.9511, Label: 8, Survival Months: 48.08, Risk: -9.3306
	--> Average Speed: 0.05s per batch
	--> Time from Last Check: 1.75s
--> Batch: 549, Loss: 0.5144, Label: 1, Survival Months: 2.58, Risk: -17.0562
	--> Average Speed: 0.06s per batch
	--> Time from Last Check: 1.81s
--> Batch: 599, Loss: 3.8873, Label: 11, Survival Months: 68.75, Risk: -16.2892
	--> Average Speed: 0.06s per batch
	--> Time from Last Check: 1.84s
--> Batch: 649, Loss: 0.8233, Label: 16, Survival Months: 156.83, Risk: -9.7586
	--> Average Speed: 0.06s per batch
	--> Time from Last Check: 1.78s
--> Batch: 699, Loss: 0.5017, Label: 0, Survival Months: 0.00, Risk: -16.4845
	--> Average Speed: 0.06s per batch
	--> Time from Last Check: 1.82s
--> Batch: 749, Loss: 0.5034, Label: 7, Survival Months: 44.00, Risk: -17.1077
	--> Average Speed: 0.05s per batch
	--> Time from Last Check: 1.74s
--> Batch: 799, Loss: 0.5044, Label: 2, Survival Months: 20.25, Risk: -14.6925
	--> Average Speed: 0.06s per batch
	--> Time from Last Check: 1.78s
[08/01/2025 - 17:53:18] - Epoch: 5, lr: 0.00009606, train_loss: 0.8843, train_c_index: 0.6766
[08/01/2025 - 17:53:21] - Epoch: 5, val_loss: 1.1159, val_c_index: 0.4441
[08/01/2025 - 17:53:21] - Time elapsed for epoch 5: 32s
[08/01/2025 - 17:53:21] - Epoch: 6
--> Batch: 49, Loss: 0.8450, Label: 19, Survival Months: 346.58, Risk: -15.6312
	--> Average Speed: 0.06s per batch
	--> Time from Last Check: 1.84s
--> Batch: 99, Loss: 0.5004, Label: 4, Survival Months: 32.83, Risk: -14.0270
	--> Average Speed: 0.06s per batch
	--> Time from Last Check: 1.83s
--> Batch: 149, Loss: 0.4794, Label: 1, Survival Months: 6.33, Risk: -15.6831
	--> Average Speed: 0.06s per batch
	--> Time from Last Check: 1.78s
--> Batch: 199, Loss: 0.6261, Label: 17, Survival Months: 191.50, Risk: -15.1214
	--> Average Speed: 0.06s per batch
	--> Time from Last Check: 1.77s
--> Batch: 249, Loss: 3.7305, Label: 15, Survival Months: 122.33, Risk: -13.3866
	--> Average Speed: 0.05s per batch
	--> Time from Last Check: 1.76s
--> Batch: 299, Loss: 0.5483, Label: 14, Survival Months: 119.50, Risk: -15.2180
	--> Average Speed: 0.06s per batch
	--> Time from Last Check: 1.85s
--> Batch: 349, Loss: 0.7373, Label: 18, Survival Months: 210.08, Risk: -14.8150
	--> Average Speed: 0.06s per batch
	--> Time from Last Check: 2.00s
--> Batch: 399, Loss: 0.5411, Label: 3, Survival Months: 28.58, Risk: -7.9327
	--> Average Speed: 0.05s per batch
	--> Time from Last Check: 1.68s
--> Batch: 449, Loss: 0.6474, Label: 18, Survival Months: 234.42, Risk: -17.3854
	--> Average Speed: 0.05s per batch
	--> Time from Last Check: 1.67s
--> Batch: 499, Loss: 0.7992, Label: 18, Survival Months: 221.17, Risk: -13.6308
	--> Average Speed: 0.06s per batch
	--> Time from Last Check: 1.81s
--> Batch: 549, Loss: 0.4479, Label: 0, Survival Months: 0.00, Risk: -16.0127
	--> Average Speed: 0.06s per batch
	--> Time from Last Check: 1.84s
--> Batch: 599, Loss: 0.4512, Label: 8, Survival Months: 51.00, Risk: -17.0844
	--> Average Speed: 0.06s per batch
	--> Time from Last Check: 1.81s
--> Batch: 649, Loss: 0.4567, Label: 11, Survival Months: 76.50, Risk: -17.1485
	--> Average Speed: 0.06s per batch
	--> Time from Last Check: 1.82s
--> Batch: 699, Loss: 0.4781, Label: 9, Survival Months: 52.17, Risk: -14.4656
	--> Average Speed: 0.05s per batch
	--> Time from Last Check: 1.76s
--> Batch: 749, Loss: 0.7866, Label: 19, Survival Months: 277.75, Risk: -15.6267
	--> Average Speed: 0.06s per batch
	--> Time from Last Check: 1.91s
--> Batch: 799, Loss: 0.4463, Label: 5, Survival Months: 36.58, Risk: -16.0681
	--> Average Speed: 0.06s per batch
	--> Time from Last Check: 1.77s
[08/01/2025 - 17:53:51] - Epoch: 6, lr: 0.00009510, train_loss: 0.8100, train_c_index: 0.7079
[08/01/2025 - 17:53:53] - Epoch: 6, val_loss: 1.0854, val_c_index: 0.3909
[08/01/2025 - 17:53:53] - Time elapsed for epoch 6: 32s
[08/01/2025 - 17:53:53] - Epoch: 7
--> Batch: 49, Loss: 0.4401, Label: 8, Survival Months: 48.67, Risk: -17.4189
	--> Average Speed: 0.06s per batch
	--> Time from Last Check: 2.01s
--> Batch: 99, Loss: 0.4322, Label: 0, Survival Months: 0.58, Risk: -15.1926
	--> Average Speed: 0.05s per batch
	--> Time from Last Check: 1.74s
--> Batch: 149, Loss: 0.4398, Label: 3, Survival Months: 30.42, Risk: -15.2581
	--> Average Speed: 0.06s per batch
	--> Time from Last Check: 1.83s
--> Batch: 199, Loss: 0.7577, Label: 19, Survival Months: 431.33, Risk: -15.7333
	--> Average Speed: 0.05s per batch
	--> Time from Last Check: 1.75s
--> Batch: 249, Loss: 0.4307, Label: 8, Survival Months: 51.67, Risk: -17.1305
	--> Average Speed: 0.06s per batch
	--> Time from Last Check: 1.81s
--> Batch: 299, Loss: 0.5729, Label: 18, Survival Months: 216.33, Risk: -16.4675
	--> Average Speed: 0.06s per batch
	--> Time from Last Check: 1.83s
--> Batch: 349, Loss: 0.4240, Label: 6, Survival Months: 41.33, Risk: -16.6927
	--> Average Speed: 0.05s per batch
	--> Time from Last Check: 1.69s
--> Batch: 399, Loss: 0.4246, Label: 5, Survival Months: 36.58, Risk: -15.8659
	--> Average Speed: 0.06s per batch
	--> Time from Last Check: 1.77s
--> Batch: 449, Loss: 2.9256, Label: 12, Survival Months: 82.58, Risk: -13.4077
	--> Average Speed: 0.06s per batch
	--> Time from Last Check: 1.82s
--> Batch: 499, Loss: 0.4118, Label: 6, Survival Months: 40.67, Risk: -17.2374
	--> Average Speed: 0.06s per batch
	--> Time from Last Check: 1.79s
--> Batch: 549, Loss: 0.5126, Label: 17, Survival Months: 188.58, Risk: -16.2517
	--> Average Speed: 0.06s per batch
	--> Time from Last Check: 1.77s
--> Batch: 599, Loss: 0.4086, Label: 5, Survival Months: 35.92, Risk: -16.9755
	--> Average Speed: 0.05s per batch
	--> Time from Last Check: 1.73s
--> Batch: 649, Loss: 0.4799, Label: 15, Survival Months: 124.33, Risk: -15.7193
	--> Average Speed: 0.06s per batch
	--> Time from Last Check: 1.80s
--> Batch: 699, Loss: 0.4582, Label: 17, Survival Months: 175.67, Risk: -17.9502
	--> Average Speed: 0.06s per batch
	--> Time from Last Check: 1.78s
--> Batch: 749, Loss: 0.4016, Label: 1, Survival Months: 4.08, Risk: -16.5163
	--> Average Speed: 0.05s per batch
	--> Time from Last Check: 1.75s
--> Batch: 799, Loss: 2.6033, Label: 14, Survival Months: 106.25, Risk: -12.5824
	--> Average Speed: 0.06s per batch
	--> Time from Last Check: 1.78s
[08/01/2025 - 17:54:23] - Epoch: 7, lr: 0.00009415, train_loss: 0.7308, train_c_index: 0.8465
[08/01/2025 - 17:54:26] - Epoch: 7, val_loss: 1.0794, val_c_index: 0.4559
[08/01/2025 - 17:54:26] - Time elapsed for epoch 7: 32s
[08/01/2025 - 17:54:26] - Epoch: 8
--> Batch: 49, Loss: 0.6677, Label: 19, Survival Months: 327.33, Risk: -17.6771
	--> Average Speed: 0.06s per batch
	--> Time from Last Check: 1.88s
--> Batch: 99, Loss: 0.3949, Label: 4, Survival Months: 31.33, Risk: -17.3147
	--> Average Speed: 0.05s per batch
	--> Time from Last Check: 1.74s
--> Batch: 149, Loss: 3.6334, Label: 12, Survival Months: 82.58, Risk: -16.1919
	--> Average Speed: 0.06s per batch
	--> Time from Last Check: 1.83s
--> Batch: 199, Loss: 0.4054, Label: 2, Survival Months: 23.75, Risk: -12.8178
	--> Average Speed: 0.05s per batch
	--> Time from Last Check: 1.74s
--> Batch: 249, Loss: 0.7313, Label: 19, Survival Months: 559.92, Risk: -16.4132
	--> Average Speed: 0.05s per batch
	--> Time from Last Check: 1.69s
--> Batch: 299, Loss: 0.3919, Label: 11, Survival Months: 77.58, Risk: -17.8042
	--> Average Speed: 0.05s per batch
	--> Time from Last Check: 1.72s
--> Batch: 349, Loss: 0.3884, Label: 8, Survival Months: 50.92, Risk: -17.2403
	--> Average Speed: 0.05s per batch
	--> Time from Last Check: 1.69s
--> Batch: 399, Loss: 0.3898, Label: 4, Survival Months: 31.75, Risk: -15.2500
	--> Average Speed: 0.05s per batch
	--> Time from Last Check: 1.73s
--> Batch: 449, Loss: 0.3880, Label: 8, Survival Months: 50.92, Risk: -16.5881
	--> Average Speed: 0.05s per batch
	--> Time from Last Check: 1.63s
--> Batch: 499, Loss: 0.4007, Label: 9, Survival Months: 55.33, Risk: -15.0634
	--> Average Speed: 0.05s per batch
	--> Time from Last Check: 1.73s
--> Batch: 549, Loss: 0.4489, Label: 16, Survival Months: 156.92, Risk: -16.5427
	--> Average Speed: 0.05s per batch
	--> Time from Last Check: 1.53s
--> Batch: 599, Loss: 0.3868, Label: 13, Survival Months: 93.33, Risk: -17.6427
	--> Average Speed: 0.05s per batch
	--> Time from Last Check: 1.64s
--> Batch: 649, Loss: 0.4332, Label: 10, Survival Months: 59.00, Risk: -13.2923
	--> Average Speed: 0.05s per batch
	--> Time from Last Check: 1.75s
--> Batch: 699, Loss: 0.4055, Label: 10, Survival Months: 62.25, Risk: -15.1764
	--> Average Speed: 0.05s per batch
	--> Time from Last Check: 1.74s
--> Batch: 749, Loss: 0.3670, Label: 0, Survival Months: 0.08, Risk: -17.9255
	--> Average Speed: 0.05s per batch
	--> Time from Last Check: 1.74s
--> Batch: 799, Loss: 0.3690, Label: 0, Survival Months: 0.92, Risk: -15.8972
	--> Average Speed: 0.06s per batch
	--> Time from Last Check: 1.79s
[08/01/2025 - 17:54:55] - Epoch: 8, lr: 0.00009321, train_loss: 0.7069, train_c_index: 0.8218
[08/01/2025 - 17:54:57] - Epoch: 8, val_loss: 1.0529, val_c_index: 0.5233
[08/01/2025 - 17:54:57] - Time elapsed for epoch 8: 31s
[08/01/2025 - 17:54:57] - Epoch: 9
--> Batch: 49, Loss: 0.3860, Label: 2, Survival Months: 24.08, Risk: -12.7238
	--> Average Speed: 0.06s per batch
	--> Time from Last Check: 1.97s
--> Batch: 99, Loss: 0.3726, Label: 2, Survival Months: 18.17, Risk: -15.4806
	--> Average Speed: 0.06s per batch
	--> Time from Last Check: 1.78s
--> Batch: 149, Loss: 0.4363, Label: 11, Survival Months: 77.58, Risk: -13.6794
	--> Average Speed: 0.05s per batch
	--> Time from Last Check: 1.66s
--> Batch: 199, Loss: 0.4160, Label: 13, Survival Months: 101.67, Risk: -15.5553
	--> Average Speed: 0.06s per batch
	--> Time from Last Check: 1.77s
--> Batch: 249, Loss: 0.3705, Label: 4, Survival Months: 33.17, Risk: -15.3979
	--> Average Speed: 0.06s per batch
	--> Time from Last Check: 1.81s
--> Batch: 299, Loss: 0.4487, Label: 16, Survival Months: 169.42, Risk: -15.9871
	--> Average Speed: 0.05s per batch
	--> Time from Last Check: 1.72s
--> Batch: 349, Loss: 0.3586, Label: 4, Survival Months: 33.08, Risk: -17.7673
	--> Average Speed: 0.06s per batch
	--> Time from Last Check: 1.79s
--> Batch: 399, Loss: 0.3570, Label: 1, Survival Months: 2.58, Risk: -15.9822
	--> Average Speed: 0.05s per batch
	--> Time from Last Check: 1.67s
--> Batch: 449, Loss: 0.5180, Label: 18, Survival Months: 246.08, Risk: -17.4002
	--> Average Speed: 0.05s per batch
	--> Time from Last Check: 1.74s
--> Batch: 499, Loss: 2.6589, Label: 8, Survival Months: 47.75, Risk: -9.3106
	--> Average Speed: 0.05s per batch
	--> Time from Last Check: 1.73s
--> Batch: 549, Loss: 2.6231, Label: 4, Survival Months: 32.08, Risk: -2.7889
	--> Average Speed: 0.05s per batch
	--> Time from Last Check: 1.76s
--> Batch: 599, Loss: 0.3751, Label: 14, Survival Months: 109.08, Risk: -17.7493
	--> Average Speed: 0.05s per batch
	--> Time from Last Check: 1.74s
--> Batch: 649, Loss: 0.4447, Label: 15, Survival Months: 134.25, Risk: -15.2027
	--> Average Speed: 0.06s per batch
	--> Time from Last Check: 1.76s
--> Batch: 699, Loss: 0.3702, Label: 11, Survival Months: 71.50, Risk: -16.6910
	--> Average Speed: 0.06s per batch
	--> Time from Last Check: 1.83s
--> Batch: 749, Loss: 0.5205, Label: 18, Survival Months: 251.42, Risk: -17.2349
	--> Average Speed: 0.06s per batch
	--> Time from Last Check: 1.86s
--> Batch: 799, Loss: 0.3795, Label: 11, Survival Months: 78.58, Risk: -15.8016
	--> Average Speed: 0.06s per batch
	--> Time from Last Check: 1.88s
[08/01/2025 - 17:55:27] - Epoch: 9, lr: 0.00009227, train_loss: 0.6661, train_c_index: 0.8594
[08/01/2025 - 17:55:29] - Epoch: 9, val_loss: 1.0997, val_c_index: 0.4125
[08/01/2025 - 17:55:29] - Time elapsed for epoch 9: 32s
[08/01/2025 - 17:55:29] - Epoch: 10
--> Batch: 49, Loss: 0.3663, Label: 16, Survival Months: 144.17, Risk: -18.1401
	--> Average Speed: 0.06s per batch
	--> Time from Last Check: 1.88s
--> Batch: 99, Loss: 0.3409, Label: 1, Survival Months: 10.42, Risk: -17.8317
	--> Average Speed: 0.05s per batch
	--> Time from Last Check: 1.70s
--> Batch: 149, Loss: 2.8603, Label: 10, Survival Months: 66.00, Risk: -14.0541
	--> Average Speed: 0.05s per batch
	--> Time from Last Check: 1.63s
--> Batch: 199, Loss: 1.2484, Label: 19, Survival Months: 371.33, Risk: -18.6592
	--> Average Speed: 0.06s per batch
	--> Time from Last Check: 1.77s
--> Batch: 249, Loss: 0.3379, Label: 1, Survival Months: 4.25, Risk: -17.5712
	--> Average Speed: 0.06s per batch
	--> Time from Last Check: 1.84s
--> Batch: 299, Loss: 0.3908, Label: 10, Survival Months: 61.17, Risk: -13.7602
	--> Average Speed: 0.06s per batch
	--> Time from Last Check: 1.79s
--> Batch: 349, Loss: 0.3534, Label: 15, Survival Months: 140.25, Risk: -18.1233
	--> Average Speed: 0.06s per batch
	--> Time from Last Check: 1.94s
--> Batch: 399, Loss: 0.3457, Label: 0, Survival Months: 0.00, Risk: -11.4881
	--> Average Speed: 0.06s per batch
	--> Time from Last Check: 1.91s
--> Batch: 449, Loss: 0.4180, Label: 17, Survival Months: 182.58, Risk: -17.0844
	--> Average Speed: 0.06s per batch
	--> Time from Last Check: 1.78s
--> Batch: 499, Loss: 0.3351, Label: 8, Survival Months: 49.00, Risk: -17.7215
	--> Average Speed: 0.05s per batch
	--> Time from Last Check: 1.72s
--> Batch: 549, Loss: 1.5910, Label: 0, Survival Months: 2.50, Risk: -2.6115
	--> Average Speed: 0.05s per batch
	--> Time from Last Check: 1.71s
--> Batch: 599, Loss: 0.3337, Label: 6, Survival Months: 40.67, Risk: -16.4050
	--> Average Speed: 0.05s per batch
	--> Time from Last Check: 1.75s
--> Batch: 649, Loss: 0.3945, Label: 9, Survival Months: 55.33, Risk: -12.0531
	--> Average Speed: 0.05s per batch
	--> Time from Last Check: 1.74s
--> Batch: 699, Loss: 0.3309, Label: 12, Survival Months: 88.50, Risk: -18.0345
	--> Average Speed: 0.05s per batch
	--> Time from Last Check: 1.54s
--> Batch: 749, Loss: 0.3238, Label: 0, Survival Months: 0.00, Risk: -17.3686
	--> Average Speed: 0.05s per batch
	--> Time from Last Check: 1.63s
--> Batch: 799, Loss: 0.3331, Label: 14, Survival Months: 102.83, Risk: -18.2995
	--> Average Speed: 0.05s per batch
	--> Time from Last Check: 1.71s
[08/01/2025 - 17:55:58] - Epoch: 10, lr: 0.00009135, train_loss: 0.6450, train_c_index: 0.8652
[08/01/2025 - 17:56:01] - Epoch: 10, val_loss: 1.0577, val_c_index: 0.4946
[08/01/2025 - 17:56:01] - Time elapsed for epoch 10: 32s
[08/01/2025 - 17:56:01] - Epoch: 11
--> Batch: 49, Loss: 0.3378, Label: 5, Survival Months: 36.25, Risk: -14.0190
	--> Average Speed: 0.06s per batch
	--> Time from Last Check: 1.86s
--> Batch: 99, Loss: 0.3250, Label: 5, Survival Months: 37.25, Risk: -15.8041
	--> Average Speed: 0.05s per batch
	--> Time from Last Check: 1.73s
--> Batch: 149, Loss: 0.3300, Label: 6, Survival Months: 41.58, Risk: -14.7551
	--> Average Speed: 0.05s per batch
	--> Time from Last Check: 1.71s
--> Batch: 199, Loss: 0.3206, Label: 4, Survival Months: 32.75, Risk: -16.1467
	--> Average Speed: 0.05s per batch
	--> Time from Last Check: 1.67s
--> Batch: 249, Loss: 0.3259, Label: 10, Survival Months: 63.50, Risk: -17.2882
	--> Average Speed: 0.05s per batch
	--> Time from Last Check: 1.76s
--> Batch: 299, Loss: 0.6945, Label: 19, Survival Months: 270.58, Risk: -17.1841
	--> Average Speed: 0.06s per batch
	--> Time from Last Check: 1.81s
--> Batch: 349, Loss: 0.3601, Label: 13, Survival Months: 88.58, Risk: -16.1001
	--> Average Speed: 0.06s per batch
	--> Time from Last Check: 1.80s
--> Batch: 399, Loss: 0.3201, Label: 12, Survival Months: 82.00, Risk: -17.8844
	--> Average Speed: 0.06s per batch
	--> Time from Last Check: 1.84s
--> Batch: 449, Loss: 0.3689, Label: 16, Survival Months: 154.42, Risk: -16.8519
	--> Average Speed: 0.06s per batch
	--> Time from Last Check: 1.87s
--> Batch: 499, Loss: 0.5002, Label: 18, Survival Months: 210.08, Risk: -16.8627
	--> Average Speed: 0.06s per batch
	--> Time from Last Check: 1.85s
--> Batch: 549, Loss: 2.7932, Label: 14, Survival Months: 106.25, Risk: -14.3571
	--> Average Speed: 0.06s per batch
	--> Time from Last Check: 1.89s
--> Batch: 599, Loss: 0.3511, Label: 9, Survival Months: 55.00, Risk: -13.4872
	--> Average Speed: 0.06s per batch
	--> Time from Last Check: 1.89s
--> Batch: 649, Loss: 0.3508, Label: 13, Survival Months: 99.67, Risk: -16.1246
	--> Average Speed: 0.06s per batch
	--> Time from Last Check: 1.83s
--> Batch: 699, Loss: 0.3108, Label: 6, Survival Months: 39.42, Risk: -16.4160
	--> Average Speed: 0.06s per batch
	--> Time from Last Check: 1.79s
--> Batch: 749, Loss: 0.5551, Label: 18, Survival Months: 257.33, Risk: -15.1288
	--> Average Speed: 0.06s per batch
	--> Time from Last Check: 1.91s
--> Batch: 799, Loss: 0.3043, Label: 0, Survival Months: 0.00, Risk: -16.9180
	--> Average Speed: 0.06s per batch
	--> Time from Last Check: 1.92s
[08/01/2025 - 17:56:31] - Epoch: 11, lr: 0.00009044, train_loss: 0.6224, train_c_index: 0.8539
[08/01/2025 - 17:56:33] - Epoch: 11, val_loss: 0.9807, val_c_index: 0.5422
[08/01/2025 - 17:56:33] - Time elapsed for epoch 11: 33s
[08/01/2025 - 17:56:33] - Epoch: 12
--> Batch: 49, Loss: 0.3022, Label: 7, Survival Months: 44.33, Risk: -17.8804
	--> Average Speed: 0.07s per batch
	--> Time from Last Check: 2.18s
--> Batch: 99, Loss: 0.3052, Label: 11, Survival Months: 75.50, Risk: -18.1493
	--> Average Speed: 0.06s per batch
	--> Time from Last Check: 1.84s
--> Batch: 149, Loss: 0.3007, Label: 9, Survival Months: 52.92, Risk: -18.0017
	--> Average Speed: 0.06s per batch
	--> Time from Last Check: 1.95s
--> Batch: 199, Loss: 2.4267, Label: 14, Survival Months: 107.17, Risk: -12.0575
	--> Average Speed: 0.06s per batch
	--> Time from Last Check: 1.92s
--> Batch: 249, Loss: 0.2954, Label: 2, Survival Months: 20.25, Risk: -17.2255
	--> Average Speed: 0.06s per batch
	--> Time from Last Check: 1.87s
--> Batch: 299, Loss: 0.6223, Label: 18, Survival Months: 224.58, Risk: -13.8369
	--> Average Speed: 0.06s per batch
	--> Time from Last Check: 1.86s
--> Batch: 349, Loss: 0.3061, Label: 5, Survival Months: 37.92, Risk: -14.6032
	--> Average Speed: 0.06s per batch
	--> Time from Last Check: 1.92s
--> Batch: 399, Loss: 0.3002, Label: 12, Survival Months: 86.92, Risk: -17.9101
	--> Average Speed: 0.06s per batch
	--> Time from Last Check: 1.89s
--> Batch: 449, Loss: 5.8167, Label: 4, Survival Months: 32.08, Risk: -15.2087
	--> Average Speed: 0.06s per batch
	--> Time from Last Check: 1.90s
--> Batch: 499, Loss: 0.2964, Label: 9, Survival Months: 54.58, Risk: -17.2277
	--> Average Speed: 0.06s per batch
	--> Time from Last Check: 1.88s
--> Batch: 549, Loss: 0.2973, Label: 13, Survival Months: 97.08, Risk: -18.0256
	--> Average Speed: 0.06s per batch
	--> Time from Last Check: 1.81s
--> Batch: 599, Loss: 0.2972, Label: 12, Survival Months: 82.25, Risk: -17.8670
	--> Average Speed: 0.06s per batch
	--> Time from Last Check: 1.87s
--> Batch: 649, Loss: 0.3311, Label: 16, Survival Months: 169.42, Risk: -17.5236
	--> Average Speed: 0.06s per batch
	--> Time from Last Check: 1.88s
--> Batch: 699, Loss: 0.2922, Label: 1, Survival Months: 14.00, Risk: -14.4129
	--> Average Speed: 0.06s per batch
	--> Time from Last Check: 1.78s
--> Batch: 749, Loss: 0.2864, Label: 5, Survival Months: 37.25, Risk: -17.4126
	--> Average Speed: 0.06s per batch
	--> Time from Last Check: 1.82s
--> Batch: 799, Loss: 0.3118, Label: 10, Survival Months: 63.50, Risk: -15.5213
	--> Average Speed: 0.06s per batch
	--> Time from Last Check: 1.81s
[08/01/2025 - 17:57:05] - Epoch: 12, lr: 0.00008953, train_loss: 0.5968, train_c_index: 0.8759
[08/01/2025 - 17:57:07] - Epoch: 12, val_loss: 0.9553, val_c_index: 0.5545
[08/01/2025 - 17:57:07] - Time elapsed for epoch 12: 34s
[08/01/2025 - 17:57:07] - Epoch: 13
--> Batch: 49, Loss: 0.2920, Label: 5, Survival Months: 38.00, Risk: -15.0671
	--> Average Speed: 0.06s per batch
	--> Time from Last Check: 2.08s
--> Batch: 99, Loss: 0.2829, Label: 5, Survival Months: 37.17, Risk: -17.5017
	--> Average Speed: 0.06s per batch
	--> Time from Last Check: 1.84s
--> Batch: 149, Loss: 0.2818, Label: 8, Survival Months: 51.00, Risk: -18.1003
	--> Average Speed: 0.06s per batch
	--> Time from Last Check: 1.91s
--> Batch: 199, Loss: 0.3406, Label: 12, Survival Months: 80.42, Risk: -14.8751
	--> Average Speed: 0.06s per batch
	--> Time from Last Check: 1.91s
--> Batch: 249, Loss: 1.4097, Label: 18, Survival Months: 247.08, Risk: -17.6812
	--> Average Speed: 0.06s per batch
	--> Time from Last Check: 1.90s
--> Batch: 299, Loss: 0.3335, Label: 12, Survival Months: 81.00, Risk: -15.0556
	--> Average Speed: 0.06s per batch
	--> Time from Last Check: 1.87s
--> Batch: 349, Loss: 0.2870, Label: 8, Survival Months: 51.33, Risk: -16.1662
	--> Average Speed: 0.06s per batch
	--> Time from Last Check: 1.89s
--> Batch: 399, Loss: 0.2757, Label: 0, Survival Months: 0.83, Risk: -15.5479
	--> Average Speed: 0.06s per batch
	--> Time from Last Check: 1.84s
--> Batch: 449, Loss: 0.2949, Label: 2, Survival Months: 23.75, Risk: -11.8674
	--> Average Speed: 0.06s per batch
	--> Time from Last Check: 1.87s
--> Batch: 499, Loss: 0.2752, Label: 1, Survival Months: 7.67, Risk: -16.2101
	--> Average Speed: 0.06s per batch
	--> Time from Last Check: 1.82s
--> Batch: 549, Loss: 0.2824, Label: 14, Survival Months: 112.42, Risk: -18.4026
	--> Average Speed: 0.06s per batch
	--> Time from Last Check: 1.87s
--> Batch: 599, Loss: 0.2712, Label: 6, Survival Months: 39.00, Risk: -17.9445
	--> Average Speed: 0.06s per batch
	--> Time from Last Check: 1.86s
--> Batch: 649, Loss: 0.2761, Label: 10, Survival Months: 58.92, Risk: -17.7092
	--> Average Speed: 0.06s per batch
	--> Time from Last Check: 1.88s
--> Batch: 699, Loss: 0.2803, Label: 11, Survival Months: 75.58, Risk: -17.6004
	--> Average Speed: 0.06s per batch
	--> Time from Last Check: 1.88s
--> Batch: 749, Loss: 0.2722, Label: 10, Survival Months: 64.08, Risk: -18.2207
	--> Average Speed: 0.05s per batch
	--> Time from Last Check: 1.74s
--> Batch: 799, Loss: 1.7880, Label: 0, Survival Months: 2.50, Risk: -3.2160
	--> Average Speed: 0.06s per batch
	--> Time from Last Check: 1.83s
[08/01/2025 - 17:57:38] - Epoch: 13, lr: 0.00008864, train_loss: 0.5575, train_c_index: 0.9098
[08/01/2025 - 17:57:41] - Epoch: 13, val_loss: 1.0362, val_c_index: 0.4380
[08/01/2025 - 17:57:41] - Time elapsed for epoch 13: 34s
[08/01/2025 - 17:57:41] - Epoch: 14
--> Batch: 49, Loss: 1.7126, Label: 18, Survival Months: 233.17, Risk: -17.4058
	--> Average Speed: 0.07s per batch
	--> Time from Last Check: 2.09s
--> Batch: 99, Loss: 1.4123, Label: 18, Survival Months: 206.92, Risk: -17.7821
	--> Average Speed: 0.06s per batch
	--> Time from Last Check: 1.98s
--> Batch: 149, Loss: 0.2657, Label: 3, Survival Months: 31.25, Risk: -18.0464
	--> Average Speed: 0.06s per batch
	--> Time from Last Check: 1.91s
--> Batch: 199, Loss: 0.2817, Label: 3, Survival Months: 28.92, Risk: -13.0849
	--> Average Speed: 0.06s per batch
	--> Time from Last Check: 1.91s
--> Batch: 249, Loss: 0.2660, Label: 1, Survival Months: 14.17, Risk: -15.4534
	--> Average Speed: 0.06s per batch
	--> Time from Last Check: 1.90s
--> Batch: 299, Loss: 0.3095, Label: 12, Survival Months: 86.25, Risk: -15.4609
	--> Average Speed: 0.06s per batch
	--> Time from Last Check: 1.83s
--> Batch: 349, Loss: 0.3659, Label: 9, Survival Months: 53.58, Risk: -10.1063
	--> Average Speed: 0.06s per batch
	--> Time from Last Check: 1.83s
--> Batch: 399, Loss: 2.3140, Label: 3, Survival Months: 26.67, Risk: -6.1648
	--> Average Speed: 0.06s per batch
	--> Time from Last Check: 1.89s
--> Batch: 449, Loss: 0.2652, Label: 4, Survival Months: 31.75, Risk: -16.0103
	--> Average Speed: 0.06s per batch
	--> Time from Last Check: 1.88s
--> Batch: 499, Loss: 0.2613, Label: 10, Survival Months: 60.58, Risk: -18.4022
	--> Average Speed: 0.06s per batch
	--> Time from Last Check: 1.84s
--> Batch: 549, Loss: 0.2598, Label: 8, Survival Months: 47.92, Risk: -17.7766
	--> Average Speed: 0.06s per batch
	--> Time from Last Check: 1.85s
--> Batch: 599, Loss: 0.2777, Label: 12, Survival Months: 83.92, Risk: -16.9604
	--> Average Speed: 0.06s per batch
	--> Time from Last Check: 1.86s
--> Batch: 649, Loss: 0.2821, Label: 15, Survival Months: 129.92, Risk: -17.8228
	--> Average Speed: 0.06s per batch
	--> Time from Last Check: 1.87s
--> Batch: 699, Loss: 2.9896, Label: 12, Survival Months: 82.58, Risk: -15.3058
	--> Average Speed: 0.06s per batch
	--> Time from Last Check: 1.83s
--> Batch: 749, Loss: 0.2559, Label: 1, Survival Months: 13.50, Risk: -17.9158
	--> Average Speed: 0.06s per batch
	--> Time from Last Check: 1.91s
--> Batch: 799, Loss: 0.2616, Label: 12, Survival Months: 84.42, Risk: -18.1354
	--> Average Speed: 0.06s per batch
	--> Time from Last Check: 1.87s
[08/01/2025 - 17:58:12] - Epoch: 14, lr: 0.00008775, train_loss: 0.5576, train_c_index: 0.8924
[08/01/2025 - 17:58:15] - Epoch: 14, val_loss: 1.0571, val_c_index: 0.4512
[08/01/2025 - 17:58:15] - Time elapsed for epoch 14: 34s
[08/01/2025 - 17:58:15] - Epoch: 15
--> Batch: 49, Loss: 2.0654, Label: 14, Survival Months: 113.75, Risk: -13.5610
	--> Average Speed: 0.06s per batch
	--> Time from Last Check: 2.04s
--> Batch: 99, Loss: 0.2514, Label: 2, Survival Months: 25.17, Risk: -18.7509
	--> Average Speed: 0.06s per batch
	--> Time from Last Check: 1.91s
--> Batch: 149, Loss: 2.4908, Label: 11, Survival Months: 71.67, Risk: -10.4495
	--> Average Speed: 0.06s per batch
	--> Time from Last Check: 1.93s
--> Batch: 199, Loss: 2.1963, Label: 17, Survival Months: 191.33, Risk: -17.3760
	--> Average Speed: 0.06s per batch
	--> Time from Last Check: 1.89s
--> Batch: 249, Loss: 0.2961, Label: 11, Survival Months: 71.50, Risk: -15.1980
	--> Average Speed: 0.06s per batch
	--> Time from Last Check: 1.92s
--> Batch: 299, Loss: 0.2479, Label: 3, Survival Months: 28.92, Risk: -17.2998
	--> Average Speed: 0.06s per batch
	--> Time from Last Check: 1.93s
--> Batch: 349, Loss: 0.2480, Label: 3, Survival Months: 26.92, Risk: -17.1297
	--> Average Speed: 0.06s per batch
	--> Time from Last Check: 1.91s
--> Batch: 399, Loss: 0.2625, Label: 11, Survival Months: 72.50, Risk: -16.6247
	--> Average Speed: 0.06s per batch
	--> Time from Last Check: 1.95s
--> Batch: 449, Loss: 0.2669, Label: 14, Survival Months: 119.75, Risk: -18.0267
	--> Average Speed: 0.06s per batch
	--> Time from Last Check: 1.82s
--> Batch: 499, Loss: 4.0950, Label: 9, Survival Months: 53.25, Risk: -1.9730
	--> Average Speed: 0.06s per batch
	--> Time from Last Check: 1.80s
--> Batch: 549, Loss: 0.2462, Label: 4, Survival Months: 34.00, Risk: -17.7690
	--> Average Speed: 0.06s per batch
	--> Time from Last Check: 1.89s
--> Batch: 599, Loss: 0.2796, Label: 15, Survival Months: 132.08, Risk: -17.6763
	--> Average Speed: 0.06s per batch
	--> Time from Last Check: 1.90s
--> Batch: 649, Loss: 0.2730, Label: 12, Survival Months: 81.17, Risk: -16.4571
	--> Average Speed: 0.06s per batch
	--> Time from Last Check: 1.87s
--> Batch: 699, Loss: 0.4071, Label: 18, Survival Months: 217.67, Risk: -17.4728
	--> Average Speed: 0.06s per batch
	--> Time from Last Check: 1.87s
--> Batch: 749, Loss: 0.2418, Label: 6, Survival Months: 39.75, Risk: -17.5936
	--> Average Speed: 0.06s per batch
	--> Time from Last Check: 1.84s
--> Batch: 799, Loss: 0.2644, Label: 16, Survival Months: 172.67, Risk: -18.1073
	--> Average Speed: 0.06s per batch
	--> Time from Last Check: 1.91s
[08/01/2025 - 17:58:46] - Epoch: 15, lr: 0.00008687, train_loss: 0.5322, train_c_index: 0.8958
[08/01/2025 - 17:58:49] - Epoch: 15, val_loss: 1.0267, val_c_index: 0.4536
[08/01/2025 - 17:58:49] - Time elapsed for epoch 15: 34s
[08/01/2025 - 17:58:49] - Epoch: 16
--> Batch: 49, Loss: 0.2435, Label: 4, Survival Months: 33.58, Risk: -15.8818
	--> Average Speed: 0.07s per batch
	--> Time from Last Check: 2.09s
--> Batch: 99, Loss: 0.2497, Label: 0, Survival Months: 1.75, Risk: -9.7422
	--> Average Speed: 0.06s per batch
	--> Time from Last Check: 1.84s
--> Batch: 149, Loss: 0.3059, Label: 17, Survival Months: 201.67, Risk: -17.6942
	--> Average Speed: 0.06s per batch
	--> Time from Last Check: 1.79s
--> Batch: 199, Loss: 0.6896, Label: 19, Survival Months: 379.17, Risk: -14.5846
	--> Average Speed: 0.05s per batch
	--> Time from Last Check: 1.76s
--> Batch: 249, Loss: 0.2353, Label: 0, Survival Months: 2.50, Risk: -17.9532
	--> Average Speed: 0.06s per batch
	--> Time from Last Check: 1.81s
--> Batch: 299, Loss: 0.2442, Label: 6, Survival Months: 40.17, Risk: -14.9353
	--> Average Speed: 0.06s per batch
	--> Time from Last Check: 1.87s
--> Batch: 349, Loss: 0.2339, Label: 2, Survival Months: 17.92, Risk: -18.4544
	--> Average Speed: 0.06s per batch
	--> Time from Last Check: 1.80s
--> Batch: 399, Loss: 5.0622, Label: 1, Survival Months: 13.33, Risk: -15.3692
	--> Average Speed: 0.06s per batch
	--> Time from Last Check: 1.78s
--> Batch: 449, Loss: 0.2369, Label: 6, Survival Months: 40.67, Risk: -17.9956
	--> Average Speed: 0.06s per batch
	--> Time from Last Check: 1.81s
--> Batch: 499, Loss: 0.2405, Label: 4, Survival Months: 34.50, Risk: -16.4105
	--> Average Speed: 0.06s per batch
	--> Time from Last Check: 1.82s
--> Batch: 549, Loss: 1.1720, Label: 19, Survival Months: 328.42, Risk: -18.2613
	--> Average Speed: 0.06s per batch
	--> Time from Last Check: 1.83s
--> Batch: 599, Loss: 4.0676, Label: 16, Survival Months: 166.08, Risk: -18.5473
	--> Average Speed: 0.06s per batch
	--> Time from Last Check: 1.87s
--> Batch: 649, Loss: 2.2510, Label: 17, Survival Months: 182.67, Risk: -16.4700
	--> Average Speed: 0.06s per batch
	--> Time from Last Check: 1.81s
--> Batch: 699, Loss: 0.2468, Label: 4, Survival Months: 32.08, Risk: -13.7775
	--> Average Speed: 0.06s per batch
	--> Time from Last Check: 1.87s
--> Batch: 749, Loss: 0.2896, Label: 17, Survival Months: 182.58, Risk: -18.0837
	--> Average Speed: 0.06s per batch
	--> Time from Last Check: 1.86s
--> Batch: 799, Loss: 0.2322, Label: 4, Survival Months: 32.67, Risk: -17.9037
	--> Average Speed: 0.05s per batch
	--> Time from Last Check: 1.67s
[08/01/2025 - 17:59:19] - Epoch: 16, lr: 0.00008601, train_loss: 0.5244, train_c_index: 0.9064
[08/01/2025 - 17:59:21] - Epoch: 16, val_loss: 1.0335, val_c_index: 0.4446
[08/01/2025 - 17:59:21] - Time elapsed for epoch 16: 33s
[08/01/2025 - 17:59:21] - Epoch: 17
--> Batch: 49, Loss: 0.2294, Label: 6, Survival Months: 39.33, Risk: -17.8071
	--> Average Speed: 0.07s per batch
	--> Time from Last Check: 2.12s
--> Batch: 99, Loss: 0.2290, Label: 9, Survival Months: 53.25, Risk: -18.0775
	--> Average Speed: 0.06s per batch
	--> Time from Last Check: 1.90s
--> Batch: 149, Loss: 0.2587, Label: 15, Survival Months: 130.75, Risk: -17.8120
	--> Average Speed: 0.06s per batch
	--> Time from Last Check: 1.90s
--> Batch: 199, Loss: 0.2280, Label: 3, Survival Months: 30.25, Risk: -18.2069
	--> Average Speed: 0.06s per batch
	--> Time from Last Check: 1.83s
--> Batch: 249, Loss: 0.2290, Label: 8, Survival Months: 50.67, Risk: -17.5202
	--> Average Speed: 0.06s per batch
	--> Time from Last Check: 1.87s
--> Batch: 299, Loss: 0.2860, Label: 17, Survival Months: 179.67, Risk: -18.0165
	--> Average Speed: 0.06s per batch
	--> Time from Last Check: 1.88s
--> Batch: 349, Loss: 0.3143, Label: 15, Survival Months: 124.33, Risk: -15.8355
	--> Average Speed: 0.06s per batch
	--> Time from Last Check: 1.86s
--> Batch: 399, Loss: 0.2313, Label: 12, Survival Months: 83.08, Risk: -17.9531
	--> Average Speed: 0.06s per batch
	--> Time from Last Check: 1.90s
--> Batch: 449, Loss: 3.6548, Label: 15, Survival Months: 137.42, Risk: -6.0617
	--> Average Speed: 0.06s per batch
	--> Time from Last Check: 1.88s
--> Batch: 499, Loss: 1.6111, Label: 1, Survival Months: 8.17, Risk: -2.4614
	--> Average Speed: 0.06s per batch
	--> Time from Last Check: 1.90s
--> Batch: 549, Loss: 0.2641, Label: 17, Survival Months: 191.50, Risk: -18.0946
	--> Average Speed: 0.06s per batch
	--> Time from Last Check: 1.92s
--> Batch: 599, Loss: 0.2514, Label: 13, Survival Months: 101.58, Risk: -16.6021
	--> Average Speed: 0.06s per batch
	--> Time from Last Check: 1.88s
--> Batch: 649, Loss: 0.2189, Label: 9, Survival Months: 51.83, Risk: -18.1907
	--> Average Speed: 0.06s per batch
	--> Time from Last Check: 1.79s
--> Batch: 699, Loss: 0.3347, Label: 10, Survival Months: 60.58, Risk: -10.5012
	--> Average Speed: 0.06s per batch
	--> Time from Last Check: 1.87s
--> Batch: 749, Loss: 1.6802, Label: 19, Survival Months: 329.92, Risk: -18.0840
	--> Average Speed: 0.06s per batch
	--> Time from Last Check: 1.85s
--> Batch: 799, Loss: 0.2514, Label: 16, Survival Months: 165.67, Risk: -18.0237
	--> Average Speed: 0.06s per batch
	--> Time from Last Check: 1.87s
[08/01/2025 - 17:59:53] - Epoch: 17, lr: 0.00008515, train_loss: 0.5044, train_c_index: 0.9042
[08/01/2025 - 17:59:55] - Epoch: 17, val_loss: 0.9806, val_c_index: 0.4837
[08/01/2025 - 17:59:55] - Time elapsed for epoch 17: 34s
[08/01/2025 - 17:59:55] - Epoch: 18
--> Batch: 49, Loss: 0.2218, Label: 9, Survival Months: 53.92, Risk: -17.1039
	--> Average Speed: 0.07s per batch
	--> Time from Last Check: 2.15s
--> Batch: 99, Loss: 0.2315, Label: 14, Survival Months: 104.25, Risk: -18.3681
	--> Average Speed: 0.06s per batch
	--> Time from Last Check: 1.98s
--> Batch: 149, Loss: 0.2775, Label: 4, Survival Months: 32.92, Risk: -8.7985
	--> Average Speed: 0.06s per batch
	--> Time from Last Check: 1.90s
--> Batch: 199, Loss: 2.5201, Label: 4, Survival Months: 32.08, Risk: -2.2190
	--> Average Speed: 0.06s per batch
	--> Time from Last Check: 1.92s
--> Batch: 249, Loss: 0.2121, Label: 1, Survival Months: 14.33, Risk: -18.2938
	--> Average Speed: 0.06s per batch
	--> Time from Last Check: 1.82s
--> Batch: 299, Loss: 0.2112, Label: 5, Survival Months: 35.67, Risk: -18.2293
	--> Average Speed: 0.05s per batch
	--> Time from Last Check: 1.73s
--> Batch: 349, Loss: 0.2128, Label: 13, Survival Months: 101.00, Risk: -18.4566
	--> Average Speed: 0.06s per batch
	--> Time from Last Check: 1.80s
--> Batch: 399, Loss: 0.2094, Label: 0, Survival Months: 1.75, Risk: -18.0637
	--> Average Speed: 0.06s per batch
	--> Time from Last Check: 1.86s
--> Batch: 449, Loss: 0.2108, Label: 3, Survival Months: 30.75, Risk: -16.6429
	--> Average Speed: 0.06s per batch
	--> Time from Last Check: 1.79s
--> Batch: 499, Loss: 0.2095, Label: 9, Survival Months: 54.33, Risk: -17.8825
	--> Average Speed: 0.06s per batch
	--> Time from Last Check: 1.81s
--> Batch: 549, Loss: 0.2316, Label: 17, Survival Months: 187.33, Risk: -18.3459
	--> Average Speed: 0.06s per batch
	--> Time from Last Check: 1.81s
--> Batch: 599, Loss: 0.2111, Label: 8, Survival Months: 47.92, Risk: -17.4494
	--> Average Speed: 0.06s per batch
	--> Time from Last Check: 1.90s
--> Batch: 649, Loss: 0.6023, Label: 19, Survival Months: 328.42, Risk: -18.5145
	--> Average Speed: 0.06s per batch
	--> Time from Last Check: 1.92s
--> Batch: 699, Loss: 0.2298, Label: 12, Survival Months: 84.58, Risk: -17.3699
	--> Average Speed: 0.06s per batch
	--> Time from Last Check: 1.85s
--> Batch: 749, Loss: 0.2193, Label: 15, Survival Months: 126.58, Risk: -18.5881
	--> Average Speed: 0.06s per batch
	--> Time from Last Check: 1.86s
--> Batch: 799, Loss: 0.2189, Label: 1, Survival Months: 6.58, Risk: -13.1978
	--> Average Speed: 0.05s per batch
	--> Time from Last Check: 1.72s
[08/01/2025 - 18:00:26] - Epoch: 18, lr: 0.00008429, train_loss: 0.4695, train_c_index: 0.9376
[08/01/2025 - 18:00:29] - Epoch: 18, val_loss: 1.0461, val_c_index: 0.4776
[08/01/2025 - 18:00:29] - Time elapsed for epoch 18: 33s
[08/01/2025 - 18:00:29] - Epoch: 19
--> Batch: 49, Loss: 0.3130, Label: 18, Survival Months: 257.33, Risk: -18.1044
	--> Average Speed: 0.07s per batch
	--> Time from Last Check: 2.18s
--> Batch: 99, Loss: 0.2578, Label: 16, Survival Months: 144.17, Risk: -17.6041
	--> Average Speed: 0.06s per batch
	--> Time from Last Check: 1.81s
--> Batch: 149, Loss: 2.3111, Label: 7, Survival Months: 45.67, Risk: -7.1464
	--> Average Speed: 0.06s per batch
	--> Time from Last Check: 1.90s
--> Batch: 199, Loss: 0.2060, Label: 1, Survival Months: 14.00, Risk: -18.0103
	--> Average Speed: 0.06s per batch
	--> Time from Last Check: 1.87s
--> Batch: 249, Loss: 0.3144, Label: 18, Survival Months: 216.33, Risk: -18.0335
	--> Average Speed: 0.06s per batch
	--> Time from Last Check: 1.92s
--> Batch: 299, Loss: 0.2039, Label: 5, Survival Months: 37.50, Risk: -17.4323
	--> Average Speed: 0.06s per batch
	--> Time from Last Check: 1.93s
--> Batch: 349, Loss: 0.4792, Label: 19, Survival Months: 279.17, Risk: -18.4821
	--> Average Speed: 0.06s per batch
	--> Time from Last Check: 1.90s
--> Batch: 399, Loss: 0.2413, Label: 16, Survival Months: 162.50, Risk: -17.6493
	--> Average Speed: 0.06s per batch
	--> Time from Last Check: 1.90s
--> Batch: 449, Loss: 0.5432, Label: 19, Survival Months: 473.08, Risk: -16.7973
	--> Average Speed: 0.06s per batch
	--> Time from Last Check: 1.87s
--> Batch: 499, Loss: 0.5022, Label: 19, Survival Months: 593.83, Risk: -18.3559
	--> Average Speed: 0.06s per batch
	--> Time from Last Check: 1.91s
--> Batch: 549, Loss: 0.5263, Label: 19, Survival Months: 362.83, Risk: -17.8902
	--> Average Speed: 0.06s per batch
	--> Time from Last Check: 1.85s
--> Batch: 599, Loss: 0.2278, Label: 13, Survival Months: 101.42, Risk: -17.1730
	--> Average Speed: 0.06s per batch
	--> Time from Last Check: 1.83s
--> Batch: 649, Loss: 0.2000, Label: 2, Survival Months: 22.75, Risk: -17.5862
	--> Average Speed: 0.06s per batch
	--> Time from Last Check: 1.88s
--> Batch: 699, Loss: 0.5779, Label: 19, Survival Months: 281.17, Risk: -17.2103
	--> Average Speed: 0.06s per batch
	--> Time from Last Check: 1.84s
--> Batch: 749, Loss: 0.5638, Label: 19, Survival Months: 352.75, Risk: -17.1314
	--> Average Speed: 0.05s per batch
	--> Time from Last Check: 1.74s
--> Batch: 799, Loss: 0.5143, Label: 19, Survival Months: 478.25, Risk: -17.4109
	--> Average Speed: 0.06s per batch
	--> Time from Last Check: 1.88s
[08/01/2025 - 18:01:00] - Epoch: 19, lr: 0.00008345, train_loss: 0.4704, train_c_index: 0.9244
[08/01/2025 - 18:01:02] - Epoch: 19, val_loss: 1.0317, val_c_index: 0.4465
[08/01/2025 - 18:01:02] - Time elapsed for epoch 19: 34s
[08/01/2025 - 18:01:02] - Epoch: 20
--> Batch: 49, Loss: 0.1976, Label: 0, Survival Months: 0.42, Risk: -17.6403
	--> Average Speed: 0.06s per batch
	--> Time from Last Check: 2.04s
--> Batch: 99, Loss: 0.2197, Label: 15, Survival Months: 137.33, Risk: -17.9285
	--> Average Speed: 0.06s per batch
	--> Time from Last Check: 1.91s
--> Batch: 149, Loss: 0.2077, Label: 11, Survival Months: 68.50, Risk: -17.5508
	--> Average Speed: 0.06s per batch
	--> Time from Last Check: 1.83s
--> Batch: 199, Loss: 0.2350, Label: 16, Survival Months: 159.50, Risk: -17.7730
	--> Average Speed: 0.06s per batch
	--> Time from Last Check: 1.88s
--> Batch: 249, Loss: 0.1954, Label: 2, Survival Months: 18.67, Risk: -17.3598
	--> Average Speed: 0.06s per batch
	--> Time from Last Check: 1.80s
--> Batch: 299, Loss: 0.2453, Label: 13, Survival Months: 97.08, Risk: -16.0958
	--> Average Speed: 0.06s per batch
	--> Time from Last Check: 1.83s
--> Batch: 349, Loss: 1.3672, Label: 19, Survival Months: 322.75, Risk: -17.6730
	--> Average Speed: 0.06s per batch
	--> Time from Last Check: 1.82s
--> Batch: 399, Loss: 0.1966, Label: 0, Survival Months: 0.83, Risk: -11.8914
	--> Average Speed: 0.06s per batch
	--> Time from Last Check: 1.85s
--> Batch: 449, Loss: 2.8698, Label: 13, Survival Months: 97.83, Risk: -13.7809
	--> Average Speed: 0.06s per batch
	--> Time from Last Check: 1.81s
--> Batch: 499, Loss: 0.1939, Label: 2, Survival Months: 19.25, Risk: -16.3864
	--> Average Speed: 0.06s per batch
	--> Time from Last Check: 1.87s
--> Batch: 549, Loss: 0.1922, Label: 1, Survival Months: 4.25, Risk: -18.4759
	--> Average Speed: 0.06s per batch
	--> Time from Last Check: 1.89s
--> Batch: 599, Loss: 0.1940, Label: 8, Survival Months: 51.50, Risk: -18.4469
	--> Average Speed: 0.06s per batch
	--> Time from Last Check: 1.89s
--> Batch: 649, Loss: 0.3407, Label: 18, Survival Months: 209.42, Risk: -17.5849
	--> Average Speed: 0.06s per batch
	--> Time from Last Check: 1.87s
--> Batch: 699, Loss: 2.3653, Label: 8, Survival Months: 47.58, Risk: -11.8208
	--> Average Speed: 0.06s per batch
	--> Time from Last Check: 1.93s
--> Batch: 749, Loss: 0.1970, Label: 12, Survival Months: 88.25, Risk: -18.7262
	--> Average Speed: 0.06s per batch
	--> Time from Last Check: 1.89s
--> Batch: 799, Loss: 0.2251, Label: 16, Survival Months: 158.58, Risk: -18.0029
	--> Average Speed: 0.06s per batch
	--> Time from Last Check: 1.95s
[08/01/2025 - 18:01:34] - Epoch: 20, lr: 0.00008262, train_loss: 0.4592, train_c_index: 0.9302
--> Saving model into checkpoints/MCAT_TCGA-BRCA-GE-ME_E20_202501081801.pt
[08/01/2025 - 18:01:37] - Epoch: 20, val_loss: 1.0865, val_c_index: 0.4682
[08/01/2025 - 18:01:37] - Time elapsed for epoch 20: 34s

################# [08/01/2025 - 18:01:37] - Training completed #################

################# [08/01/2025 - 18:01:37] - Validation started #################
[08/01/2025 - 18:01:39] - Final Validation, val_loss: 1.0865, val_c_index: 0.4682
[08/01/2025 - 18:01:39] - Time elapsed for Validation: 2s

################ [08/01/2025 - 18:01:39] - Validation completed ################

################## [08/01/2025 - 18:01:41] - MCAT terminated ###################
