Environment conda activated
Job 2503564 started

#################### [05/01/2025 - 13:51:16] - MCAT started ####################
HOSTNAME: carabbaggio

WANDB: setting up for report

CUDA: available
--> Device count: 1
--> Using device: NVIDIA GeForce GTX 1080 Ti
--> Running on CUDA

DATASET: TCGA data only
--> Remaining samples after removing incomplete: 910
--> Class intervals: [
	0: [0.00 - 4.83]
	1: [4.83 - 20.15]
	2: [20.15 - 28.14]
	3: [28.14 - 32.06]
	4: [32.06 - 35.42]
	5: [35.42 - 39.06]
	6: [39.06 - 43.86]
	7: [43.86 - 48.08]
	8: [48.08 - 52.18]
	9: [52.18 - 58.96]
	10: [58.96 - 68.74]
	11: [68.74 - 81.17]
	12: [81.17 - 93.39]
	13: [93.39 - 105.96]
	14: [105.96 - 124.19]
	15: [124.19 - 146.93]
	16: [146.93 - 179.46]
	17: [179.46 - 207.62]
	18: [207.62 - 269.79]
	19: [269.79 - 593.83]
    ]
--> Standardizing RNA-seq data
--> Signatures size: [19938]
--> Using 80% train, 20% validation
--> Training Set: [728], Validation Set: [182]

MODEL: MCAT
--> Trainable parameters of MCAT: 8401686
--> Loss function: CrossEntropySurvivalLoss
--> Optimizer: adam

################## [05/01/2025 - 13:51:55] - Training started ##################
[05/01/2025 - 13:51:55] - Epoch: 1
--> Batch: 49, Loss: 12.4212, Label: 8, Survival Months: 51.50, Risk: -1.0289
	--> Average Speed: 0.96s per batch
	--> Time from Last Check: 30.66s
--> Batch: 99, Loss: 12.6554, Label: 15, Survival Months: 144.17, Risk: -1.0787
	--> Average Speed: 0.61s per batch
	--> Time from Last Check: 19.64s
--> Batch: 149, Loss: 11.5912, Label: 9, Survival Months: 53.25, Risk: -1.1498
	--> Average Speed: 0.72s per batch
	--> Time from Last Check: 22.92s
--> Batch: 199, Loss: 12.0295, Label: 18, Survival Months: 220.83, Risk: -1.2441
	--> Average Speed: 0.99s per batch
	--> Time from Last Check: 31.57s
--> Batch: 249, Loss: 13.6736, Label: 7, Survival Months: 48.08, Risk: -1.4312
	--> Average Speed: 1.02s per batch
	--> Time from Last Check: 32.52s
--> Batch: 299, Loss: 9.8710, Label: 4, Survival Months: 33.17, Risk: -1.5788
	--> Average Speed: 0.52s per batch
	--> Time from Last Check: 16.67s
--> Batch: 349, Loss: 9.8354, Label: 9, Survival Months: 58.25, Risk: -2.0083
	--> Average Speed: 0.61s per batch
	--> Time from Last Check: 19.42s
--> Batch: 399, Loss: 10.8020, Label: 3, Survival Months: 29.00, Risk: -2.4299
	--> Average Speed: 0.86s per batch
	--> Time from Last Check: 27.55s
--> Batch: 449, Loss: 9.3810, Label: 16, Survival Months: 173.50, Risk: -3.8425
	--> Average Speed: 0.48s per batch
	--> Time from Last Check: 15.32s
--> Batch: 499, Loss: 11.1702, Label: 12, Survival Months: 83.67, Risk: -5.5742
	--> Average Speed: 0.77s per batch
	--> Time from Last Check: 24.54s
--> Batch: 549, Loss: 8.6806, Label: 16, Survival Months: 160.42, Risk: -6.6910
	--> Average Speed: 0.83s per batch
	--> Time from Last Check: 26.58s
--> Batch: 599, Loss: 8.1185, Label: 5, Survival Months: 39.00, Risk: -9.6858
	--> Average Speed: 0.50s per batch
	--> Time from Last Check: 16.01s
--> Batch: 649, Loss: 7.9162, Label: 6, Survival Months: 41.83, Risk: -10.7902
	--> Average Speed: 0.53s per batch
	--> Time from Last Check: 17.04s
--> Batch: 699, Loss: 7.7297, Label: 5, Survival Months: 35.67, Risk: -12.7969
	--> Average Speed: 0.88s per batch
	--> Time from Last Check: 28.02s
[05/01/2025 - 13:57:32] - Epoch: 1, lr: 0.00010000, train_loss: 10.5102, train_c_index: 0.5318
[05/01/2025 - 13:58:45] - Epoch: 1, val_loss: 7.9533, val_c_index: 0.5386
[05/01/2025 - 13:58:45] - Time elapsed for epoch 1: 410s
[05/01/2025 - 13:58:45] - Epoch: 2
--> Batch: 49, Loss: 7.4580, Label: 5, Survival Months: 38.17, Risk: -13.8136
	--> Average Speed: 0.53s per batch
	--> Time from Last Check: 16.88s
--> Batch: 99, Loss: 9.7371, Label: 17, Survival Months: 197.75, Risk: -13.4348
	--> Average Speed: 0.64s per batch
	--> Time from Last Check: 20.37s
--> Batch: 149, Loss: 10.0419, Label: 15, Survival Months: 146.58, Risk: -14.8696
	--> Average Speed: 0.89s per batch
	--> Time from Last Check: 28.57s
--> Batch: 199, Loss: 7.0149, Label: 10, Survival Months: 65.75, Risk: -14.2310
	--> Average Speed: 0.61s per batch
	--> Time from Last Check: 19.49s
--> Batch: 249, Loss: 6.8214, Label: 4, Survival Months: 35.42, Risk: -13.8762
	--> Average Speed: 0.59s per batch
	--> Time from Last Check: 18.86s
--> Batch: 299, Loss: 6.6825, Label: 6, Survival Months: 42.58, Risk: -13.5085
	--> Average Speed: 0.56s per batch
	--> Time from Last Check: 18.08s
--> Batch: 349, Loss: 6.5162, Label: 0, Survival Months: 0.83, Risk: -13.0091
	--> Average Speed: 0.49s per batch
	--> Time from Last Check: 15.79s
--> Batch: 399, Loss: 6.4141, Label: 8, Survival Months: 50.92, Risk: -12.9004
	--> Average Speed: 0.69s per batch
	--> Time from Last Check: 22.12s
--> Batch: 449, Loss: 6.2222, Label: 3, Survival Months: 30.75, Risk: -13.1878
	--> Average Speed: 0.80s per batch
	--> Time from Last Check: 25.70s
--> Batch: 499, Loss: 6.4216, Label: 19, Survival Months: 363.42, Risk: -12.5002
	--> Average Speed: 0.45s per batch
	--> Time from Last Check: 14.32s
--> Batch: 549, Loss: 5.9538, Label: 3, Survival Months: 31.25, Risk: -11.8840
	--> Average Speed: 0.53s per batch
	--> Time from Last Check: 17.10s
--> Batch: 599, Loss: 5.9103, Label: 14, Survival Months: 108.50, Risk: -12.4217
	--> Average Speed: 0.85s per batch
	--> Time from Last Check: 27.15s
--> Batch: 649, Loss: 5.6740, Label: 11, Survival Months: 69.75, Risk: -15.0832
	--> Average Speed: 0.65s per batch
	--> Time from Last Check: 20.82s
--> Batch: 699, Loss: 5.5432, Label: 9, Survival Months: 52.58, Risk: -13.9513
	--> Average Speed: 1.14s per batch
	--> Time from Last Check: 36.64s
[05/01/2025 - 14:03:51] - Epoch: 2, lr: 0.00010000, train_loss: 6.8768, train_c_index: 0.5238
[05/01/2025 - 14:05:01] - Epoch: 2, val_loss: 5.7838, val_c_index: 0.4162
[05/01/2025 - 14:05:01] - Time elapsed for epoch 2: 376s
[05/01/2025 - 14:05:01] - Epoch: 3
--> Batch: 49, Loss: 5.3046, Label: 1, Survival Months: 18.00, Risk: -13.2687
	--> Average Speed: 0.71s per batch
	--> Time from Last Check: 22.77s
--> Batch: 99, Loss: 8.4249, Label: 8, Survival Months: 51.33, Risk: -13.6948
	--> Average Speed: 0.49s per batch
	--> Time from Last Check: 15.78s
--> Batch: 149, Loss: 7.7700, Label: 13, Survival Months: 93.92, Risk: -10.2826
	--> Average Speed: 0.56s per batch
	--> Time from Last Check: 17.97s
--> Batch: 199, Loss: 8.9599, Label: 2, Survival Months: 28.00, Risk: -13.9879
	--> Average Speed: 0.59s per batch
	--> Time from Last Check: 18.87s
--> Batch: 249, Loss: 4.7901, Label: 1, Survival Months: 4.92, Risk: -13.4508
	--> Average Speed: 1.36s per batch
	--> Time from Last Check: 43.49s
--> Batch: 299, Loss: 4.7109, Label: 11, Survival Months: 75.58, Risk: -13.5758
	--> Average Speed: 0.50s per batch
	--> Time from Last Check: 15.92s
--> Batch: 349, Loss: 4.5691, Label: 10, Survival Months: 65.75, Risk: -15.1494
	--> Average Speed: 0.53s per batch
	--> Time from Last Check: 16.89s
--> Batch: 399, Loss: 4.7542, Label: 19, Survival Months: 438.42, Risk: -14.5705
	--> Average Speed: 0.80s per batch
	--> Time from Last Check: 25.74s
--> Batch: 449, Loss: 4.6165, Label: 19, Survival Months: 352.75, Risk: -14.5945
	--> Average Speed: 0.82s per batch
	--> Time from Last Check: 26.34s
--> Batch: 499, Loss: 4.1873, Label: 0, Survival Months: 0.75, Risk: -15.3181
	--> Average Speed: 0.43s per batch
	--> Time from Last Check: 13.77s
--> Batch: 549, Loss: 4.1311, Label: 8, Survival Months: 49.00, Risk: -11.8981
	--> Average Speed: 0.68s per batch
	--> Time from Last Check: 21.64s
--> Batch: 599, Loss: 3.9883, Label: 3, Survival Months: 28.92, Risk: -12.8044
	--> Average Speed: 0.71s per batch
	--> Time from Last Check: 22.58s
--> Batch: 649, Loss: 3.8872, Label: 11, Survival Months: 81.00, Risk: -14.2521
	--> Average Speed: 1.00s per batch
	--> Time from Last Check: 32.08s
--> Batch: 699, Loss: 3.8076, Label: 14, Survival Months: 113.25, Risk: -14.5973
	--> Average Speed: 0.45s per batch
	--> Time from Last Check: 14.45s
[05/01/2025 - 14:10:18] - Epoch: 3, lr: 0.00010000, train_loss: 4.9103, train_c_index: 0.4498
[05/01/2025 - 14:11:35] - Epoch: 3, val_loss: 4.0408, val_c_index: 0.4727
[05/01/2025 - 14:11:35] - Time elapsed for epoch 3: 394s
[05/01/2025 - 14:11:35] - Epoch: 4
--> Batch: 49, Loss: 3.6205, Label: 13, Survival Months: 97.08, Risk: -14.7495
	--> Average Speed: 0.46s per batch
	--> Time from Last Check: 14.87s
--> Batch: 99, Loss: 3.5439, Label: 12, Survival Months: 83.92, Risk: -13.0348
	--> Average Speed: 0.47s per batch
	--> Time from Last Check: 15.13s
--> Batch: 149, Loss: 6.3721, Label: 1, Survival Months: 9.67, Risk: -12.9899
	--> Average Speed: 1.03s per batch
	--> Time from Last Check: 33.08s
--> Batch: 199, Loss: 5.7123, Label: 17, Survival Months: 196.75, Risk: -13.8928
	--> Average Speed: 0.61s per batch
	--> Time from Last Check: 19.49s
--> Batch: 249, Loss: 3.1870, Label: 5, Survival Months: 37.33, Risk: -14.9640
	--> Average Speed: 0.50s per batch
	--> Time from Last Check: 15.88s
--> Batch: 299, Loss: 3.1551, Label: 14, Survival Months: 107.33, Risk: -14.2837
	--> Average Speed: 0.36s per batch
	--> Time from Last Check: 11.38s
--> Batch: 349, Loss: 3.0022, Label: 1, Survival Months: 18.75, Risk: -13.7342
	--> Average Speed: 0.49s per batch
	--> Time from Last Check: 15.54s
--> Batch: 399, Loss: 2.9564, Label: 11, Survival Months: 78.58, Risk: -13.4395
	--> Average Speed: 0.51s per batch
	--> Time from Last Check: 16.25s
--> Batch: 449, Loss: 5.7044, Label: 10, Survival Months: 65.42, Risk: -12.2439
	--> Average Speed: 0.70s per batch
	--> Time from Last Check: 22.37s
--> Batch: 499, Loss: 3.0577, Label: 19, Survival Months: 280.33, Risk: -14.0460
	--> Average Speed: 0.62s per batch
	--> Time from Last Check: 19.84s
--> Batch: 549, Loss: 2.6592, Label: 4, Survival Months: 33.25, Risk: -13.5823
	--> Average Speed: 1.24s per batch
	--> Time from Last Check: 39.64s
--> Batch: 599, Loss: 2.5792, Label: 7, Survival Months: 46.17, Risk: -14.8578
	--> Average Speed: 0.59s per batch
	--> Time from Last Check: 18.82s
--> Batch: 649, Loss: 4.1400, Label: 18, Survival Months: 210.00, Risk: -14.6038
	--> Average Speed: 0.68s per batch
	--> Time from Last Check: 21.74s
--> Batch: 699, Loss: 2.6145, Label: 18, Survival Months: 220.83, Risk: -13.6695
	--> Average Speed: 0.70s per batch
	--> Time from Last Check: 22.33s
[05/01/2025 - 14:16:42] - Epoch: 4, lr: 0.00010000, train_loss: 3.3654, train_c_index: 0.5086
[05/01/2025 - 14:17:51] - Epoch: 4, val_loss: 2.7113, val_c_index: 0.5060
[05/01/2025 - 14:17:51] - Time elapsed for epoch 4: 376s
[05/01/2025 - 14:17:51] - Epoch: 5
--> Batch: 49, Loss: 2.3206, Label: 13, Survival Months: 103.00, Risk: -14.4720
	--> Average Speed: 0.41s per batch
	--> Time from Last Check: 13.26s
--> Batch: 99, Loss: 2.2139, Label: 4, Survival Months: 34.75, Risk: -13.5615
	--> Average Speed: 0.33s per batch
	--> Time from Last Check: 10.52s
--> Batch: 149, Loss: 2.1663, Label: 7, Survival Months: 46.00, Risk: -12.3895
	--> Average Speed: 0.44s per batch
	--> Time from Last Check: 14.14s
--> Batch: 199, Loss: 4.7332, Label: 11, Survival Months: 73.58, Risk: -12.7755
	--> Average Speed: 0.54s per batch
	--> Time from Last Check: 17.31s
--> Batch: 249, Loss: 2.0595, Label: 10, Survival Months: 59.58, Risk: -11.1302
	--> Average Speed: 0.86s per batch
	--> Time from Last Check: 27.61s
--> Batch: 299, Loss: 2.0109, Label: 16, Survival Months: 155.92, Risk: -14.9274
	--> Average Speed: 0.70s per batch
	--> Time from Last Check: 22.26s
--> Batch: 349, Loss: 1.8636, Label: 3, Survival Months: 30.75, Risk: -14.3194
	--> Average Speed: 1.12s per batch
	--> Time from Last Check: 35.91s
--> Batch: 399, Loss: 1.8774, Label: 15, Survival Months: 140.33, Risk: -14.5336
	--> Average Speed: 0.62s per batch
	--> Time from Last Check: 19.79s
--> Batch: 449, Loss: 1.7248, Label: 1, Survival Months: 13.58, Risk: -15.3248
	--> Average Speed: 0.78s per batch
	--> Time from Last Check: 24.83s
--> Batch: 499, Loss: 4.2693, Label: 14, Survival Months: 119.92, Risk: -14.5292
	--> Average Speed: 0.48s per batch
	--> Time from Last Check: 15.21s
--> Batch: 549, Loss: 1.9570, Label: 18, Survival Months: 257.83, Risk: -10.5379
	--> Average Speed: 0.60s per batch
	--> Time from Last Check: 19.33s
--> Batch: 599, Loss: 1.5793, Label: 7, Survival Months: 47.92, Risk: -14.1983
	--> Average Speed: 0.74s per batch
	--> Time from Last Check: 23.65s
--> Batch: 649, Loss: 1.5231, Label: 6, Survival Months: 39.08, Risk: -12.6577
	--> Average Speed: 0.55s per batch
	--> Time from Last Check: 17.61s
--> Batch: 699, Loss: 1.4649, Label: 8, Survival Months: 50.50, Risk: -14.6725
	--> Average Speed: 0.80s per batch
	--> Time from Last Check: 25.49s
[05/01/2025 - 14:22:52] - Epoch: 5, lr: 0.00010000, train_loss: 2.2291, train_c_index: 0.5258
[05/01/2025 - 14:24:03] - Epoch: 5, val_loss: 1.7699, val_c_index: 0.5612
[05/01/2025 - 14:24:03] - Time elapsed for epoch 5: 372s
[05/01/2025 - 14:24:03] - Epoch: 6
--> Batch: 49, Loss: 1.4533, Label: 14, Survival Months: 119.75, Risk: -13.0509
	--> Average Speed: 0.75s per batch
	--> Time from Last Check: 24.05s
--> Batch: 99, Loss: 1.3440, Label: 8, Survival Months: 50.92, Risk: -13.5929
	--> Average Speed: 0.78s per batch
	--> Time from Last Check: 25.06s
--> Batch: 149, Loss: 3.6337, Label: 14, Survival Months: 110.33, Risk: -14.0431
	--> Average Speed: 0.32s per batch
	--> Time from Last Check: 10.35s
--> Batch: 199, Loss: 3.9492, Label: 11, Survival Months: 68.75, Risk: -11.2746
	--> Average Speed: 0.73s per batch
	--> Time from Last Check: 23.32s
--> Batch: 249, Loss: 1.1788, Label: 4, Survival Months: 34.67, Risk: -15.1204
	--> Average Speed: 0.58s per batch
	--> Time from Last Check: 18.64s
--> Batch: 299, Loss: 1.1303, Label: 0, Survival Months: 0.83, Risk: -12.0250
	--> Average Speed: 0.40s per batch
	--> Time from Last Check: 12.86s
--> Batch: 349, Loss: 1.1186, Label: 12, Survival Months: 88.50, Risk: -15.3033
	--> Average Speed: 1.14s per batch
	--> Time from Last Check: 36.42s
--> Batch: 399, Loss: 4.2676, Label: 11, Survival Months: 79.92, Risk: -14.7799
	--> Average Speed: 0.65s per batch
	--> Time from Last Check: 20.72s
--> Batch: 449, Loss: 1.0540, Label: 8, Survival Months: 51.33, Risk: -11.7695
	--> Average Speed: 0.43s per batch
	--> Time from Last Check: 13.81s
--> Batch: 499, Loss: 0.9637, Label: 0, Survival Months: 0.00, Risk: -14.6677
	--> Average Speed: 0.68s per batch
	--> Time from Last Check: 21.84s
--> Batch: 549, Loss: 0.9351, Label: 1, Survival Months: 5.33, Risk: -13.8499
	--> Average Speed: 0.76s per batch
	--> Time from Last Check: 24.22s
--> Batch: 599, Loss: 1.0122, Label: 15, Survival Months: 135.00, Risk: -13.0243
	--> Average Speed: 0.74s per batch
	--> Time from Last Check: 23.60s
--> Batch: 649, Loss: 0.9510, Label: 17, Survival Months: 193.08, Risk: -15.3635
	--> Average Speed: 0.33s per batch
	--> Time from Last Check: 10.62s
--> Batch: 699, Loss: 0.8880, Label: 12, Survival Months: 83.67, Risk: -13.0650
	--> Average Speed: 0.64s per batch
	--> Time from Last Check: 20.33s
[05/01/2025 - 14:28:57] - Epoch: 6, lr: 0.00010000, train_loss: 1.4600, train_c_index: 0.5808
[05/01/2025 - 14:30:03] - Epoch: 6, val_loss: 1.1660, val_c_index: 0.4807
[05/01/2025 - 14:30:03] - Time elapsed for epoch 6: 360s
[05/01/2025 - 14:30:03] - Epoch: 7
--> Batch: 49, Loss: 0.7723, Label: 0, Survival Months: 2.83, Risk: -11.9947
	--> Average Speed: 0.66s per batch
	--> Time from Last Check: 21.21s
--> Batch: 99, Loss: 0.7653, Label: 10, Survival Months: 67.17, Risk: -14.7918
	--> Average Speed: 0.68s per batch
	--> Time from Last Check: 21.65s
--> Batch: 149, Loss: 3.0417, Label: 14, Survival Months: 106.25, Risk: -13.5446
	--> Average Speed: 0.74s per batch
	--> Time from Last Check: 23.83s
--> Batch: 199, Loss: 0.7123, Label: 8, Survival Months: 48.25, Risk: -14.1132
	--> Average Speed: 0.59s per batch
	--> Time from Last Check: 18.83s
--> Batch: 249, Loss: 0.7268, Label: 14, Survival Months: 118.08, Risk: -14.2819
	--> Average Speed: 0.55s per batch
	--> Time from Last Check: 17.63s
--> Batch: 299, Loss: 0.6643, Label: 8, Survival Months: 52.17, Risk: -13.5978
	--> Average Speed: 0.44s per batch
	--> Time from Last Check: 14.13s
--> Batch: 349, Loss: 0.6661, Label: 12, Survival Months: 88.25, Risk: -13.7522
	--> Average Speed: 0.60s per batch
	--> Time from Last Check: 19.18s
--> Batch: 399, Loss: 0.5859, Label: 0, Survival Months: 2.58, Risk: -14.5615
	--> Average Speed: 0.68s per batch
	--> Time from Last Check: 21.83s
--> Batch: 449, Loss: 0.5645, Label: 1, Survival Months: 4.92, Risk: -15.7813
	--> Average Speed: 0.79s per batch
	--> Time from Last Check: 25.13s
--> Batch: 499, Loss: 0.6759, Label: 12, Survival Months: 86.92, Risk: -10.1646
	--> Average Speed: 0.87s per batch
	--> Time from Last Check: 27.93s
--> Batch: 549, Loss: 0.5584, Label: 10, Survival Months: 59.00, Risk: -14.1164
	--> Average Speed: 0.60s per batch
	--> Time from Last Check: 19.32s
--> Batch: 599, Loss: 2.3782, Label: 19, Survival Months: 549.42, Risk: -13.5215
	--> Average Speed: 0.77s per batch
	--> Time from Last Check: 24.69s
--> Batch: 649, Loss: 0.5483, Label: 12, Survival Months: 83.08, Risk: -13.6753
	--> Average Speed: 0.51s per batch
	--> Time from Last Check: 16.24s
--> Batch: 699, Loss: 3.5239, Label: 10, Survival Months: 65.42, Risk: -14.1756
	--> Average Speed: 0.63s per batch
	--> Time from Last Check: 20.03s
[05/01/2025 - 14:35:07] - Epoch: 7, lr: 0.00010000, train_loss: 0.9864, train_c_index: 0.5849
[05/01/2025 - 14:36:21] - Epoch: 7, val_loss: 0.8398, val_c_index: 0.5160
[05/01/2025 - 14:36:21] - Time elapsed for epoch 7: 379s
[05/01/2025 - 14:36:21] - Epoch: 8
--> Batch: 49, Loss: 0.4873, Label: 12, Survival Months: 83.83, Risk: -15.2398
	--> Average Speed: 0.77s per batch
	--> Time from Last Check: 24.65s
--> Batch: 99, Loss: 0.4930, Label: 11, Survival Months: 78.50, Risk: -13.2402
	--> Average Speed: 0.37s per batch
	--> Time from Last Check: 11.81s
--> Batch: 149, Loss: 0.4455, Label: 6, Survival Months: 41.92, Risk: -14.0015
	--> Average Speed: 0.50s per batch
	--> Time from Last Check: 15.87s
--> Batch: 199, Loss: 0.4387, Label: 6, Survival Months: 41.33, Risk: -13.3458
	--> Average Speed: 0.54s per batch
	--> Time from Last Check: 17.26s
--> Batch: 249, Loss: 0.5322, Label: 17, Survival Months: 190.17, Risk: -14.3898
	--> Average Speed: 0.68s per batch
	--> Time from Last Check: 21.85s
--> Batch: 299, Loss: 0.3983, Label: 1, Survival Months: 17.50, Risk: -14.7047
	--> Average Speed: 0.48s per batch
	--> Time from Last Check: 15.42s
--> Batch: 349, Loss: 0.3973, Label: 4, Survival Months: 33.25, Risk: -14.1481
	--> Average Speed: 0.48s per batch
	--> Time from Last Check: 15.33s
--> Batch: 399, Loss: 0.5794, Label: 15, Survival Months: 131.17, Risk: -10.3596
	--> Average Speed: 0.55s per batch
	--> Time from Last Check: 17.75s
--> Batch: 449, Loss: 2.7343, Label: 14, Survival Months: 115.67, Risk: -13.4257
	--> Average Speed: 0.63s per batch
	--> Time from Last Check: 20.15s
--> Batch: 499, Loss: 0.4235, Label: 15, Survival Months: 126.83, Risk: -15.5460
	--> Average Speed: 0.47s per batch
	--> Time from Last Check: 14.93s
--> Batch: 549, Loss: 0.3861, Label: 9, Survival Months: 54.92, Risk: -13.3900
	--> Average Speed: 0.65s per batch
	--> Time from Last Check: 20.93s
--> Batch: 599, Loss: 0.3527, Label: 2, Survival Months: 25.33, Risk: -14.2798
	--> Average Speed: 1.07s per batch
	--> Time from Last Check: 34.32s
--> Batch: 649, Loss: 0.5537, Label: 17, Survival Months: 188.58, Risk: -11.7252
	--> Average Speed: 1.08s per batch
	--> Time from Last Check: 34.50s
--> Batch: 699, Loss: 0.3702, Label: 12, Survival Months: 89.33, Risk: -14.9691
	--> Average Speed: 0.46s per batch
	--> Time from Last Check: 14.67s
[05/01/2025 - 14:41:10] - Epoch: 8, lr: 0.00010000, train_loss: 0.7667, train_c_index: 0.5282
[05/01/2025 - 14:42:25] - Epoch: 8, val_loss: 0.7021, val_c_index: 0.4794
[05/01/2025 - 14:42:25] - Time elapsed for epoch 8: 363s
[05/01/2025 - 14:42:25] - Epoch: 9
--> Batch: 49, Loss: 0.3580, Label: 10, Survival Months: 63.33, Risk: -14.0287
	--> Average Speed: 0.77s per batch
	--> Time from Last Check: 24.77s
--> Batch: 99, Loss: 0.3809, Label: 13, Survival Months: 103.83, Risk: -13.6467
	--> Average Speed: 0.87s per batch
	--> Time from Last Check: 27.86s
--> Batch: 149, Loss: 0.4238, Label: 15, Survival Months: 126.83, Risk: -13.4214
	--> Average Speed: 0.72s per batch
	--> Time from Last Check: 23.12s
--> Batch: 199, Loss: 0.3101, Label: 0, Survival Months: 0.58, Risk: -14.5314
	--> Average Speed: 0.90s per batch
	--> Time from Last Check: 28.72s
--> Batch: 249, Loss: 0.3195, Label: 5, Survival Months: 39.00, Risk: -14.5749
	--> Average Speed: 0.84s per batch
	--> Time from Last Check: 26.84s
--> Batch: 299, Loss: 0.3358, Label: 10, Survival Months: 62.25, Risk: -14.2152
	--> Average Speed: 0.42s per batch
	--> Time from Last Check: 13.50s
--> Batch: 349, Loss: 0.3161, Label: 3, Survival Months: 31.33, Risk: -13.8143
	--> Average Speed: 0.39s per batch
	--> Time from Last Check: 12.50s
--> Batch: 399, Loss: 0.3232, Label: 10, Survival Months: 65.25, Risk: -15.0610
	--> Average Speed: 0.53s per batch
	--> Time from Last Check: 16.97s
--> Batch: 449, Loss: 0.5195, Label: 18, Survival Months: 221.17, Risk: -14.0043
	--> Average Speed: 0.58s per batch
	--> Time from Last Check: 18.41s
--> Batch: 499, Loss: 0.3540, Label: 10, Survival Months: 62.33, Risk: -12.2659
	--> Average Speed: 0.59s per batch
	--> Time from Last Check: 18.84s
--> Batch: 549, Loss: 0.3193, Label: 4, Survival Months: 34.50, Risk: -12.2407
	--> Average Speed: 0.67s per batch
	--> Time from Last Check: 21.51s
--> Batch: 599, Loss: 0.5470, Label: 18, Survival Months: 233.00, Risk: -12.8802
	--> Average Speed: 0.62s per batch
	--> Time from Last Check: 19.97s
--> Batch: 649, Loss: 0.4064, Label: 15, Survival Months: 128.50, Risk: -13.1851
	--> Average Speed: 0.78s per batch
	--> Time from Last Check: 24.97s
--> Batch: 699, Loss: 0.3148, Label: 5, Survival Months: 35.83, Risk: -12.7627
	--> Average Speed: 0.69s per batch
	--> Time from Last Check: 22.04s
[05/01/2025 - 14:47:37] - Epoch: 9, lr: 0.00010000, train_loss: 0.6782, train_c_index: 0.5489
[05/01/2025 - 14:48:52] - Epoch: 9, val_loss: 0.6577, val_c_index: 0.5160
[05/01/2025 - 14:48:52] - Time elapsed for epoch 9: 388s
[05/01/2025 - 14:48:52] - Epoch: 10
--> Batch: 49, Loss: 0.2884, Label: 0, Survival Months: 0.83, Risk: -14.3429
	--> Average Speed: 0.49s per batch
	--> Time from Last Check: 15.79s
--> Batch: 99, Loss: 0.3158, Label: 9, Survival Months: 57.42, Risk: -13.9030
	--> Average Speed: 0.47s per batch
	--> Time from Last Check: 15.10s
--> Batch: 149, Loss: 0.3989, Label: 13, Survival Months: 96.42, Risk: -11.2647
	--> Average Speed: 0.78s per batch
	--> Time from Last Check: 25.11s
--> Batch: 199, Loss: 0.3350, Label: 13, Survival Months: 96.92, Risk: -14.4369
	--> Average Speed: 0.76s per batch
	--> Time from Last Check: 24.23s
--> Batch: 249, Loss: 0.3926, Label: 15, Survival Months: 131.17, Risk: -13.5840
	--> Average Speed: 0.59s per batch
	--> Time from Last Check: 18.84s
--> Batch: 299, Loss: 0.3978, Label: 16, Survival Months: 159.92, Risk: -14.0804
	--> Average Speed: 0.92s per batch
	--> Time from Last Check: 29.57s
--> Batch: 349, Loss: 3.1061, Label: 11, Survival Months: 73.58, Risk: -13.1557
	--> Average Speed: 0.88s per batch
	--> Time from Last Check: 28.01s
--> Batch: 399, Loss: 0.2971, Label: 4, Survival Months: 35.42, Risk: -13.7071
	--> Average Speed: 0.42s per batch
	--> Time from Last Check: 13.45s
--> Batch: 449, Loss: 0.2891, Label: 7, Survival Months: 45.08, Risk: -15.9685
	--> Average Speed: 0.52s per batch
	--> Time from Last Check: 16.65s
--> Batch: 499, Loss: 0.2901, Label: 2, Survival Months: 26.92, Risk: -13.8505
	--> Average Speed: 0.64s per batch
	--> Time from Last Check: 20.60s
--> Batch: 549, Loss: 0.4050, Label: 16, Survival Months: 163.83, Risk: -13.4752
	--> Average Speed: 0.60s per batch
	--> Time from Last Check: 19.32s
--> Batch: 599, Loss: 0.5034, Label: 18, Survival Months: 220.42, Risk: -13.5814
	--> Average Speed: 0.84s per batch
	--> Time from Last Check: 26.92s
--> Batch: 649, Loss: 0.3256, Label: 11, Survival Months: 80.42, Risk: -13.5463
	--> Average Speed: 0.42s per batch
	--> Time from Last Check: 13.56s
--> Batch: 699, Loss: 1.8171, Label: 18, Survival Months: 247.08, Risk: -14.8678
	--> Average Speed: 0.72s per batch
	--> Time from Last Check: 22.92s
[05/01/2025 - 14:53:46] - Epoch: 10, lr: 0.00010000, train_loss: 0.6541, train_c_index: 0.6219
[05/01/2025 - 14:54:51] - Epoch: 10, val_loss: 0.6425, val_c_index: 0.5406
[05/01/2025 - 14:54:51] - Time elapsed for epoch 10: 359s
[05/01/2025 - 14:54:51] - Epoch: 11
--> Batch: 49, Loss: 0.2946, Label: 7, Survival Months: 46.83, Risk: -14.1980
	--> Average Speed: 0.65s per batch
	--> Time from Last Check: 20.71s
--> Batch: 99, Loss: 0.4607, Label: 17, Survival Months: 194.58, Risk: -12.4818
	--> Average Speed: 0.99s per batch
	--> Time from Last Check: 31.81s
--> Batch: 149, Loss: 0.4653, Label: 17, Survival Months: 207.17, Risk: -12.3297
	--> Average Speed: 0.41s per batch
	--> Time from Last Check: 13.13s
--> Batch: 199, Loss: 0.3800, Label: 16, Survival Months: 160.50, Risk: -14.1117
	--> Average Speed: 0.47s per batch
	--> Time from Last Check: 14.93s
--> Batch: 249, Loss: 4.1363, Label: 0, Survival Months: 2.50, Risk: -14.0296
	--> Average Speed: 0.80s per batch
	--> Time from Last Check: 25.70s
--> Batch: 299, Loss: 0.2763, Label: 1, Survival Months: 18.67, Risk: -13.5858
	--> Average Speed: 0.60s per batch
	--> Time from Last Check: 19.15s
--> Batch: 349, Loss: 0.2786, Label: 1, Survival Months: 17.83, Risk: -12.4870
	--> Average Speed: 0.60s per batch
	--> Time from Last Check: 19.18s
--> Batch: 399, Loss: 0.2813, Label: 6, Survival Months: 41.92, Risk: -14.7329
	--> Average Speed: 0.81s per batch
	--> Time from Last Check: 25.88s
--> Batch: 449, Loss: 0.2901, Label: 9, Survival Months: 53.33, Risk: -14.5189
	--> Average Speed: 0.47s per batch
	--> Time from Last Check: 14.89s
--> Batch: 499, Loss: 0.3138, Label: 9, Survival Months: 53.58, Risk: -12.3142
	--> Average Speed: 0.57s per batch
	--> Time from Last Check: 18.22s
--> Batch: 549, Loss: 0.2778, Label: 6, Survival Months: 41.58, Risk: -14.9050
	--> Average Speed: 0.72s per batch
	--> Time from Last Check: 23.12s
--> Batch: 599, Loss: 3.2850, Label: 10, Survival Months: 66.00, Risk: -14.5949
	--> Average Speed: 0.78s per batch
	--> Time from Last Check: 24.94s
--> Batch: 649, Loss: 0.3049, Label: 10, Survival Months: 68.25, Risk: -13.6403
	--> Average Speed: 0.54s per batch
	--> Time from Last Check: 17.17s
--> Batch: 699, Loss: 0.5763, Label: 19, Survival Months: 352.75, Risk: -15.4073
	--> Average Speed: 0.57s per batch
	--> Time from Last Check: 18.31s
[05/01/2025 - 14:59:46] - Epoch: 11, lr: 0.00010000, train_loss: 0.6400, train_c_index: 0.6077
[05/01/2025 - 15:00:54] - Epoch: 11, val_loss: 0.6302, val_c_index: 0.5479
[05/01/2025 - 15:00:54] - Time elapsed for epoch 11: 362s
[05/01/2025 - 15:00:54] - Epoch: 12
--> Batch: 49, Loss: 3.0754, Label: 12, Survival Months: 86.17, Risk: -14.1113
	--> Average Speed: 0.70s per batch
	--> Time from Last Check: 22.37s
--> Batch: 99, Loss: 0.2828, Label: 9, Survival Months: 56.25, Risk: -14.7305
	--> Average Speed: 0.61s per batch
	--> Time from Last Check: 19.56s
--> Batch: 149, Loss: 0.3303, Label: 12, Survival Months: 90.42, Risk: -13.0779
	--> Average Speed: 0.77s per batch
	--> Time from Last Check: 24.50s
--> Batch: 199, Loss: 0.5835, Label: 19, Survival Months: 279.17, Risk: -14.5600
	--> Average Speed: 0.61s per batch
	--> Time from Last Check: 19.50s
--> Batch: 249, Loss: 0.2756, Label: 7, Survival Months: 45.08, Risk: -14.9298
	--> Average Speed: 0.54s per batch
	--> Time from Last Check: 17.33s
--> Batch: 299, Loss: 0.2996, Label: 12, Survival Months: 88.25, Risk: -14.9949
	--> Average Speed: 0.83s per batch
	--> Time from Last Check: 26.63s
--> Batch: 349, Loss: 0.3700, Label: 16, Survival Months: 174.25, Risk: -14.1148
	--> Average Speed: 0.38s per batch
	--> Time from Last Check: 12.12s
--> Batch: 399, Loss: 0.2706, Label: 5, Survival Months: 37.33, Risk: -14.6111
	--> Average Speed: 0.58s per batch
	--> Time from Last Check: 18.55s
--> Batch: 449, Loss: 0.2783, Label: 9, Survival Months: 56.42, Risk: -14.9737
	--> Average Speed: 0.42s per batch
	--> Time from Last Check: 13.34s
--> Batch: 499, Loss: 0.3437, Label: 16, Survival Months: 148.33, Risk: -15.0141
	--> Average Speed: 0.71s per batch
	--> Time from Last Check: 22.62s
--> Batch: 549, Loss: 0.3073, Label: 11, Survival Months: 74.58, Risk: -13.6149
	--> Average Speed: 0.53s per batch
	--> Time from Last Check: 17.02s
--> Batch: 599, Loss: 0.3077, Label: 13, Survival Months: 103.83, Risk: -14.4169
	--> Average Speed: 0.80s per batch
	--> Time from Last Check: 25.72s
--> Batch: 649, Loss: 0.2880, Label: 11, Survival Months: 79.33, Risk: -14.8875
	--> Average Speed: 0.69s per batch
	--> Time from Last Check: 21.97s
--> Batch: 699, Loss: 2.5884, Label: 14, Survival Months: 113.75, Risk: -13.2835
	--> Average Speed: 0.73s per batch
	--> Time from Last Check: 23.47s
[05/01/2025 - 15:05:46] - Epoch: 12, lr: 0.00010000, train_loss: 0.6240, train_c_index: 0.6482
[05/01/2025 - 15:06:58] - Epoch: 12, val_loss: 0.6208, val_c_index: 0.5665
[05/01/2025 - 15:06:58] - Time elapsed for epoch 12: 364s
[05/01/2025 - 15:06:58] - Epoch: 13
--> Batch: 49, Loss: 2.4895, Label: 15, Survival Months: 146.58, Risk: -13.6073
	--> Average Speed: 0.70s per batch
	--> Time from Last Check: 22.34s
--> Batch: 99, Loss: 1.8036, Label: 19, Survival Months: 328.42, Risk: -14.7889
	--> Average Speed: 0.79s per batch
	--> Time from Last Check: 25.43s
--> Batch: 149, Loss: 0.2531, Label: 0, Survival Months: 2.83, Risk: -15.0509
	--> Average Speed: 0.62s per batch
	--> Time from Last Check: 19.93s
--> Batch: 199, Loss: 0.5304, Label: 16, Survival Months: 148.33, Risk: -9.2628
	--> Average Speed: 0.64s per batch
	--> Time from Last Check: 20.53s
--> Batch: 249, Loss: 0.2736, Label: 6, Survival Months: 40.00, Risk: -13.3956
	--> Average Speed: 1.10s per batch
	--> Time from Last Check: 35.17s
--> Batch: 299, Loss: 0.3453, Label: 15, Survival Months: 138.75, Risk: -14.2761
	--> Average Speed: 0.70s per batch
	--> Time from Last Check: 22.43s
--> Batch: 349, Loss: 0.2699, Label: 8, Survival Months: 51.17, Risk: -14.8600
	--> Average Speed: 1.20s per batch
	--> Time from Last Check: 38.38s
--> Batch: 399, Loss: 0.2996, Label: 12, Survival Months: 83.08, Risk: -14.1017
	--> Average Speed: 1.13s per batch
	--> Time from Last Check: 36.14s
--> Batch: 449, Loss: 0.5796, Label: 19, Survival Months: 379.17, Risk: -15.5248
	--> Average Speed: 0.76s per batch
	--> Time from Last Check: 24.44s
--> Batch: 499, Loss: 0.3100, Label: 13, Survival Months: 102.00, Risk: -13.7320
	--> Average Speed: 0.66s per batch
	--> Time from Last Check: 21.20s
--> Batch: 549, Loss: 0.2748, Label: 6, Survival Months: 41.75, Risk: -12.9719
	--> Average Speed: 0.84s per batch
	--> Time from Last Check: 26.93s
--> Batch: 599, Loss: 0.3424, Label: 17, Survival Months: 200.25, Risk: -15.7876
	--> Average Speed: 0.81s per batch
	--> Time from Last Check: 26.04s
--> Batch: 649, Loss: 0.2658, Label: 8, Survival Months: 50.83, Risk: -15.0356
	--> Average Speed: 0.78s per batch
	--> Time from Last Check: 25.04s
--> Batch: 699, Loss: 0.2476, Label: 0, Survival Months: 1.75, Risk: -15.5027
	--> Average Speed: 0.75s per batch
	--> Time from Last Check: 23.95s
[05/01/2025 - 15:13:19] - Epoch: 13, lr: 0.00010000, train_loss: 0.6105, train_c_index: 0.7103
[05/01/2025 - 15:15:03] - Epoch: 13, val_loss: 0.6234, val_c_index: 0.6223
[05/01/2025 - 15:15:03] - Time elapsed for epoch 13: 485s
[05/01/2025 - 15:15:03] - Epoch: 14
--> Batch: 49, Loss: 0.2882, Label: 13, Survival Months: 101.75, Risk: -15.0715
	--> Average Speed: 1.24s per batch
	--> Time from Last Check: 39.72s
--> Batch: 99, Loss: 0.3371, Label: 8, Survival Months: 49.67, Risk: -9.3998
	--> Average Speed: 0.87s per batch
	--> Time from Last Check: 27.75s
--> Batch: 149, Loss: 0.3407, Label: 15, Survival Months: 125.42, Risk: -14.2214
	--> Average Speed: 0.92s per batch
	--> Time from Last Check: 29.51s
--> Batch: 199, Loss: 0.2518, Label: 4, Survival Months: 32.25, Risk: -15.7127
	--> Average Speed: 0.92s per batch
	--> Time from Last Check: 29.50s
--> Batch: 249, Loss: 0.2993, Label: 12, Survival Months: 88.50, Risk: -13.9332
	--> Average Speed: 0.70s per batch
	--> Time from Last Check: 22.40s
--> Batch: 299, Loss: 0.2538, Label: 2, Survival Months: 27.33, Risk: -14.3229
	--> Average Speed: 0.79s per batch
	--> Time from Last Check: 25.26s
--> Batch: 349, Loss: 0.2594, Label: 5, Survival Months: 36.75, Risk: -14.2272
	--> Average Speed: 1.13s per batch
	--> Time from Last Check: 36.16s
--> Batch: 399, Loss: 3.4211, Label: 8, Survival Months: 51.17, Risk: -13.0446
	--> Average Speed: 0.77s per batch
	--> Time from Last Check: 24.61s
--> Batch: 449, Loss: 0.3120, Label: 15, Survival Months: 143.25, Risk: -15.4071
	--> Average Speed: 1.37s per batch
	--> Time from Last Check: 43.91s
--> Batch: 499, Loss: 0.5469, Label: 19, Survival Months: 280.33, Risk: -16.2915
	--> Average Speed: 1.03s per batch
	--> Time from Last Check: 32.81s
--> Batch: 549, Loss: 0.3404, Label: 13, Survival Months: 97.25, Risk: -11.9658
	--> Average Speed: 0.79s per batch
	--> Time from Last Check: 25.42s
--> Batch: 599, Loss: 0.2741, Label: 7, Survival Months: 45.08, Risk: -13.1453
	--> Average Speed: 0.86s per batch
	--> Time from Last Check: 27.46s
--> Batch: 649, Loss: 0.3080, Label: 14, Survival Months: 117.42, Risk: -14.6658
	--> Average Speed: 0.87s per batch
	--> Time from Last Check: 27.80s
--> Batch: 699, Loss: 0.2815, Label: 11, Survival Months: 74.58, Risk: -14.3432
	--> Average Speed: 0.62s per batch
	--> Time from Last Check: 19.96s
[05/01/2025 - 15:22:14] - Epoch: 14, lr: 0.00010000, train_loss: 0.6043, train_c_index: 0.6647
[05/01/2025 - 15:23:53] - Epoch: 14, val_loss: 0.6183, val_c_index: 0.3956
[05/01/2025 - 15:23:53] - Time elapsed for epoch 14: 530s
[05/01/2025 - 15:23:53] - Epoch: 15
--> Batch: 49, Loss: 0.2626, Label: 8, Survival Months: 50.92, Risk: -14.7001
	--> Average Speed: 0.96s per batch
	--> Time from Last Check: 30.78s
--> Batch: 99, Loss: 0.2573, Label: 9, Survival Months: 56.92, Risk: -15.2960
	--> Average Speed: 0.52s per batch
	--> Time from Last Check: 16.56s
--> Batch: 149, Loss: 0.2461, Label: 2, Survival Months: 25.33, Risk: -15.4679
	--> Average Speed: 0.70s per batch
	--> Time from Last Check: 22.35s
--> Batch: 199, Loss: 0.2542, Label: 6, Survival Months: 39.75, Risk: -14.6546
	--> Average Speed: 0.76s per batch
	--> Time from Last Check: 24.24s
--> Batch: 249, Loss: 0.2766, Label: 9, Survival Months: 54.17, Risk: -13.1495
	--> Average Speed: 0.61s per batch
	--> Time from Last Check: 19.63s
--> Batch: 299, Loss: 0.2592, Label: 6, Survival Months: 43.17, Risk: -13.7770
	--> Average Speed: 0.94s per batch
	--> Time from Last Check: 30.07s
--> Batch: 349, Loss: 0.2393, Label: 0, Survival Months: 0.08, Risk: -15.7206
	--> Average Speed: 0.71s per batch
	--> Time from Last Check: 22.70s
--> Batch: 399, Loss: 3.7309, Label: 2, Survival Months: 22.17, Risk: -13.4413
	--> Average Speed: 1.02s per batch
	--> Time from Last Check: 32.50s
--> Batch: 449, Loss: 0.2905, Label: 12, Survival Months: 87.58, Risk: -14.0519
	--> Average Speed: 1.09s per batch
	--> Time from Last Check: 35.01s
--> Batch: 499, Loss: 0.2658, Label: 10, Survival Months: 63.67, Risk: -14.6630
	--> Average Speed: 1.19s per batch
	--> Time from Last Check: 38.16s
--> Batch: 549, Loss: 0.2709, Label: 6, Survival Months: 42.92, Risk: -12.0928
	--> Average Speed: 1.12s per batch
	--> Time from Last Check: 35.92s
--> Batch: 599, Loss: 0.2475, Label: 1, Survival Months: 5.67, Risk: -12.9804
	--> Average Speed: 0.70s per batch
	--> Time from Last Check: 22.32s
--> Batch: 649, Loss: 0.2759, Label: 3, Survival Months: 28.58, Risk: -9.9977
	--> Average Speed: 0.59s per batch
	--> Time from Last Check: 19.01s
--> Batch: 699, Loss: 0.2796, Label: 10, Survival Months: 63.50, Risk: -13.3510
	--> Average Speed: 1.04s per batch
	--> Time from Last Check: 33.43s
[05/01/2025 - 15:30:31] - Epoch: 15, lr: 0.00010000, train_loss: 0.6079, train_c_index: 0.6265
[05/01/2025 - 15:32:11] - Epoch: 15, val_loss: 0.5973, val_c_index: 0.6124
[05/01/2025 - 15:32:11] - Time elapsed for epoch 15: 498s
[05/01/2025 - 15:32:11] - Epoch: 16
--> Batch: 49, Loss: 0.2643, Label: 13, Survival Months: 101.75, Risk: -15.9319
	--> Average Speed: 1.02s per batch
	--> Time from Last Check: 32.63s
--> Batch: 99, Loss: 0.2456, Label: 4, Survival Months: 33.00, Risk: -14.8633
	--> Average Speed: 1.23s per batch
	--> Time from Last Check: 39.43s
--> Batch: 149, Loss: 0.2579, Label: 10, Survival Months: 65.75, Risk: -15.2799
	--> Average Speed: 1.15s per batch
	--> Time from Last Check: 36.93s
--> Batch: 199, Loss: 0.5253, Label: 18, Survival Months: 225.75, Risk: -11.9987
	--> Average Speed: 0.62s per batch
	--> Time from Last Check: 19.77s
--> Batch: 249, Loss: 0.2784, Label: 12, Survival Months: 91.92, Risk: -14.6933
	--> Average Speed: 0.75s per batch
	--> Time from Last Check: 24.00s
--> Batch: 299, Loss: 0.2476, Label: 7, Survival Months: 44.33, Risk: -15.5685
	--> Average Speed: 1.30s per batch
	--> Time from Last Check: 41.65s
--> Batch: 349, Loss: 0.2497, Label: 3, Survival Months: 29.33, Risk: -13.7050
	--> Average Speed: 0.69s per batch
	--> Time from Last Check: 22.20s
--> Batch: 399, Loss: 0.2550, Label: 7, Survival Months: 44.17, Risk: -14.2890
	--> Average Speed: 1.16s per batch
	--> Time from Last Check: 37.20s
--> Batch: 449, Loss: 0.2511, Label: 5, Survival Months: 36.08, Risk: -13.7892
	--> Average Speed: 0.68s per batch
	--> Time from Last Check: 21.66s
--> Batch: 499, Loss: 0.2424, Label: 4, Survival Months: 33.17, Risk: -14.9699
	--> Average Speed: 1.17s per batch
	--> Time from Last Check: 37.39s
--> Batch: 549, Loss: 0.2536, Label: 8, Survival Months: 51.17, Risk: -14.7832
	--> Average Speed: 0.95s per batch
	--> Time from Last Check: 30.39s
--> Batch: 599, Loss: 0.2488, Label: 3, Survival Months: 30.42, Risk: -13.3575
	--> Average Speed: 0.91s per batch
	--> Time from Last Check: 29.20s
--> Batch: 649, Loss: 0.3267, Label: 12, Survival Months: 93.25, Risk: -11.8693
	--> Average Speed: 0.96s per batch
	--> Time from Last Check: 30.78s
--> Batch: 699, Loss: 0.3436, Label: 15, Survival Months: 133.00, Risk: -13.4285
	--> Average Speed: 0.93s per batch
	--> Time from Last Check: 29.61s
[05/01/2025 - 15:39:37] - Epoch: 16, lr: 0.00010000, train_loss: 0.6032, train_c_index: 0.6264
[05/01/2025 - 15:41:23] - Epoch: 16, val_loss: 0.5940, val_c_index: 0.6130
[05/01/2025 - 15:41:23] - Time elapsed for epoch 16: 552s
[05/01/2025 - 15:41:23] - Epoch: 17
--> Batch: 49, Loss: 0.5056, Label: 18, Survival Months: 209.42, Risk: -12.3906
	--> Average Speed: 0.84s per batch
	--> Time from Last Check: 26.78s
--> Batch: 99, Loss: 0.3192, Label: 13, Survival Months: 93.92, Risk: -12.4668
	--> Average Speed: 0.78s per batch
	--> Time from Last Check: 24.98s
--> Batch: 149, Loss: 0.2448, Label: 5, Survival Months: 38.17, Risk: -14.3345
	--> Average Speed: 1.05s per batch
	--> Time from Last Check: 33.69s
--> Batch: 199, Loss: 0.2329, Label: 1, Survival Months: 16.67, Risk: -15.7604
	--> Average Speed: 0.50s per batch
	--> Time from Last Check: 15.90s
--> Batch: 249, Loss: 0.2302, Label: 0, Survival Months: 0.83, Risk: -15.4443
	--> Average Speed: 1.41s per batch
	--> Time from Last Check: 45.00s
--> Batch: 299, Loss: 0.2505, Label: 5, Survival Months: 37.50, Risk: -13.1448
	--> Average Speed: 1.16s per batch
	--> Time from Last Check: 37.14s
--> Batch: 349, Loss: 0.3274, Label: 15, Survival Months: 124.33, Risk: -14.2882
	--> Average Speed: 0.79s per batch
	--> Time from Last Check: 25.35s
--> Batch: 399, Loss: 0.4746, Label: 18, Survival Months: 234.42, Risk: -13.5831
	--> Average Speed: 0.63s per batch
	--> Time from Last Check: 20.32s
--> Batch: 449, Loss: 0.2691, Label: 11, Survival Months: 76.25, Risk: -14.2613
	--> Average Speed: 1.05s per batch
	--> Time from Last Check: 33.51s
--> Batch: 499, Loss: 0.2478, Label: 11, Survival Months: 81.17, Risk: -16.0758
	--> Average Speed: 0.91s per batch
	--> Time from Last Check: 29.14s
--> Batch: 549, Loss: 0.2588, Label: 8, Survival Months: 52.17, Risk: -13.7002
	--> Average Speed: 0.90s per batch
	--> Time from Last Check: 28.89s
--> Batch: 599, Loss: 0.2495, Label: 11, Survival Months: 76.42, Risk: -15.8836
	--> Average Speed: 0.76s per batch
	--> Time from Last Check: 24.26s
--> Batch: 649, Loss: 0.3231, Label: 16, Survival Months: 164.33, Risk: -14.9251
	--> Average Speed: 1.11s per batch
	--> Time from Last Check: 35.38s
--> Batch: 699, Loss: 0.2956, Label: 12, Survival Months: 86.92, Risk: -13.2228
	--> Average Speed: 0.91s per batch
	--> Time from Last Check: 29.20s
[05/01/2025 - 15:48:24] - Epoch: 17, lr: 0.00010000, train_loss: 0.5882, train_c_index: 0.6543
[05/01/2025 - 15:49:59] - Epoch: 17, val_loss: 0.5973, val_c_index: 0.6403
[05/01/2025 - 15:49:59] - Time elapsed for epoch 17: 516s
[05/01/2025 - 15:49:59] - Epoch: 18
--> Batch: 49, Loss: 0.2509, Label: 10, Survival Months: 59.50, Risk: -15.1748
	--> Average Speed: 0.95s per batch
	--> Time from Last Check: 30.28s
--> Batch: 99, Loss: 0.2851, Label: 13, Survival Months: 104.25, Risk: -14.0302
	--> Average Speed: 0.81s per batch
	--> Time from Last Check: 25.87s
--> Batch: 149, Loss: 0.2782, Label: 12, Survival Months: 83.67, Risk: -14.2042
	--> Average Speed: 0.57s per batch
	--> Time from Last Check: 18.36s
--> Batch: 199, Loss: 0.2608, Label: 11, Survival Months: 72.25, Risk: -14.7528
	--> Average Speed: 0.95s per batch
	--> Time from Last Check: 30.33s
--> Batch: 249, Loss: 0.2732, Label: 13, Survival Months: 93.67, Risk: -14.6750
	--> Average Speed: 0.95s per batch
	--> Time from Last Check: 30.45s
--> Batch: 299, Loss: 0.5969, Label: 19, Survival Months: 273.58, Risk: -14.2300
	--> Average Speed: 0.79s per batch
	--> Time from Last Check: 25.42s
--> Batch: 349, Loss: 0.2466, Label: 11, Survival Months: 72.92, Risk: -15.8844
	--> Average Speed: 1.25s per batch
	--> Time from Last Check: 40.07s
--> Batch: 399, Loss: 0.2346, Label: 3, Survival Months: 30.42, Risk: -14.7647
	--> Average Speed: 0.80s per batch
	--> Time from Last Check: 25.64s
--> Batch: 449, Loss: 0.2352, Label: 8, Survival Months: 52.17, Risk: -15.9762
	--> Average Speed: 0.85s per batch
	--> Time from Last Check: 27.21s
--> Batch: 499, Loss: 0.3786, Label: 17, Survival Months: 197.08, Risk: -14.0436
	--> Average Speed: 1.16s per batch
	--> Time from Last Check: 37.01s
--> Batch: 549, Loss: 0.3757, Label: 17, Survival Months: 202.17, Risk: -14.0776
	--> Average Speed: 1.09s per batch
	--> Time from Last Check: 34.80s
--> Batch: 599, Loss: 0.2342, Label: 6, Survival Months: 41.33, Risk: -15.2867
	--> Average Speed: 1.04s per batch
	--> Time from Last Check: 33.41s
--> Batch: 649, Loss: 0.2350, Label: 4, Survival Months: 35.42, Risk: -14.4870
	--> Average Speed: 0.88s per batch
	--> Time from Last Check: 28.07s
--> Batch: 699, Loss: 0.3298, Label: 17, Survival Months: 194.08, Risk: -15.4615
	--> Average Speed: 0.97s per batch
	--> Time from Last Check: 31.09s
[05/01/2025 - 15:57:17] - Epoch: 18, lr: 0.00010000, train_loss: 0.5801, train_c_index: 0.6794
[05/01/2025 - 15:59:02] - Epoch: 18, val_loss: 0.6031, val_c_index: 0.5612
[05/01/2025 - 15:59:02] - Time elapsed for epoch 18: 543s
[05/01/2025 - 15:59:02] - Epoch: 19
--> Batch: 49, Loss: 0.2300, Label: 5, Survival Months: 38.58, Risk: -15.9546
	--> Average Speed: 0.54s per batch
	--> Time from Last Check: 17.18s
--> Batch: 99, Loss: 0.2942, Label: 14, Survival Months: 113.25, Risk: -14.4081
	--> Average Speed: 0.96s per batch
	--> Time from Last Check: 30.85s
--> Batch: 149, Loss: 4.3938, Label: 6, Survival Months: 43.67, Risk: -13.9697
	--> Average Speed: 0.80s per batch
	--> Time from Last Check: 25.63s
--> Batch: 199, Loss: 0.2503, Label: 10, Survival Months: 59.50, Risk: -14.7811
	--> Average Speed: 1.08s per batch
	--> Time from Last Check: 34.54s
--> Batch: 249, Loss: 0.2389, Label: 1, Survival Months: 10.33, Risk: -11.2181
	--> Average Speed: 1.21s per batch
	--> Time from Last Check: 38.68s
--> Batch: 299, Loss: 1.8551, Label: 19, Survival Months: 284.08, Risk: -14.1862
	--> Average Speed: 0.99s per batch
	--> Time from Last Check: 31.73s
--> Batch: 349, Loss: 0.2359, Label: 4, Survival Months: 34.33, Risk: -14.0597
	--> Average Speed: 0.59s per batch
	--> Time from Last Check: 18.84s
--> Batch: 399, Loss: 0.3995, Label: 17, Survival Months: 206.92, Risk: -13.0430
	--> Average Speed: 1.31s per batch
	--> Time from Last Check: 41.94s
--> Batch: 449, Loss: 0.2310, Label: 1, Survival Months: 6.67, Risk: -13.3183
	--> Average Speed: 1.15s per batch
	--> Time from Last Check: 36.71s
--> Batch: 499, Loss: 3.3825, Label: 12, Survival Months: 86.17, Risk: -15.7426
	--> Average Speed: 0.80s per batch
	--> Time from Last Check: 25.63s
--> Batch: 549, Loss: 1.7902, Label: 18, Survival Months: 247.08, Risk: -14.9538
	--> Average Speed: 0.49s per batch
	--> Time from Last Check: 15.82s
--> Batch: 599, Loss: 0.2347, Label: 9, Survival Months: 56.42, Risk: -15.7360
	--> Average Speed: 0.75s per batch
	--> Time from Last Check: 24.11s
--> Batch: 649, Loss: 0.2893, Label: 14, Survival Months: 109.00, Risk: -14.4930
	--> Average Speed: 0.71s per batch
	--> Time from Last Check: 22.81s
--> Batch: 699, Loss: 0.2898, Label: 14, Survival Months: 122.08, Risk: -14.4291
	--> Average Speed: 1.22s per batch
	--> Time from Last Check: 39.14s
[05/01/2025 - 16:05:57] - Epoch: 19, lr: 0.00010000, train_loss: 0.5802, train_c_index: 0.6690
[05/01/2025 - 16:07:35] - Epoch: 19, val_loss: 0.5896, val_c_index: 0.6396
[05/01/2025 - 16:07:35] - Time elapsed for epoch 19: 513s
[05/01/2025 - 16:07:35] - Epoch: 20
--> Batch: 49, Loss: 0.3101, Label: 15, Survival Months: 142.33, Risk: -14.5344
	--> Average Speed: 1.03s per batch
	--> Time from Last Check: 32.85s
--> Batch: 99, Loss: 0.2769, Label: 15, Survival Months: 129.92, Risk: -15.9929
	--> Average Speed: 0.83s per batch
	--> Time from Last Check: 26.66s
--> Batch: 149, Loss: 0.2204, Label: 0, Survival Months: 0.83, Risk: -14.5492
	--> Average Speed: 1.27s per batch
	--> Time from Last Check: 40.71s
--> Batch: 199, Loss: 0.2353, Label: 5, Survival Months: 36.67, Risk: -13.8747
	--> Average Speed: 0.85s per batch
	--> Time from Last Check: 27.32s
--> Batch: 249, Loss: 0.2244, Label: 4, Survival Months: 32.92, Risk: -15.7436
	--> Average Speed: 0.91s per batch
	--> Time from Last Check: 29.15s
--> Batch: 299, Loss: 0.2316, Label: 3, Survival Months: 30.50, Risk: -13.9336
	--> Average Speed: 1.02s per batch
	--> Time from Last Check: 32.59s
--> Batch: 349, Loss: 0.3148, Label: 15, Survival Months: 130.08, Risk: -14.2529
	--> Average Speed: 1.07s per batch
	--> Time from Last Check: 34.38s
--> Batch: 399, Loss: 0.2265, Label: 3, Survival Months: 28.42, Risk: -15.0248
	--> Average Speed: 1.00s per batch
	--> Time from Last Check: 31.95s
--> Batch: 449, Loss: 0.2730, Label: 11, Survival Months: 78.58, Risk: -13.1936
	--> Average Speed: 0.94s per batch
	--> Time from Last Check: 30.16s
--> Batch: 499, Loss: 0.2302, Label: 5, Survival Months: 37.50, Risk: -14.5365
	--> Average Speed: 0.98s per batch
	--> Time from Last Check: 31.36s
--> Batch: 549, Loss: 0.2486, Label: 13, Survival Months: 103.00, Risk: -15.7614
	--> Average Speed: 1.24s per batch
	--> Time from Last Check: 39.66s
--> Batch: 599, Loss: 0.2235, Label: 2, Survival Months: 25.75, Risk: -15.2282
	--> Average Speed: 0.82s per batch
	--> Time from Last Check: 26.17s
--> Batch: 649, Loss: 0.4433, Label: 14, Survival Months: 114.25, Risk: -8.8547
	--> Average Speed: 0.69s per batch
	--> Time from Last Check: 22.21s
--> Batch: 699, Loss: 0.3640, Label: 16, Survival Months: 159.50, Risk: -13.1545
	--> Average Speed: 1.38s per batch
	--> Time from Last Check: 44.28s
[05/01/2025 - 16:15:18] - Epoch: 20, lr: 0.00010000, train_loss: 0.5735, train_c_index: 0.6563
--> Saving model into checkpoints/MCAT_TCGA-BRCA_E20_202501051615.pt
[05/01/2025 - 16:17:06] - Epoch: 20, val_loss: 0.5862, val_c_index: 0.6676
[05/01/2025 - 16:17:06] - Time elapsed for epoch 20: 571s

################# [05/01/2025 - 16:17:06] - Training completed #################

################# [05/01/2025 - 16:17:06] - Validation started #################
[05/01/2025 - 16:18:42] - Final Validation, val_loss: 0.5862, val_c_index: 0.6676
[05/01/2025 - 16:18:42] - Time elapsed for Validation: 96s

################ [05/01/2025 - 16:18:42] - Validation completed ################

################### [05/01/2025 - 16:18:45] - MCAT finished ####################
