Environment conda activated
Job 2503950 started

#################### [07/01/2025 - 04:44:37] - MCAT started ####################
HOSTNAME: germano

WANDB: setting up for report

CUDA: available
--> Device count: 1
--> Using device: NVIDIA GeForce RTX 2080 Ti
--> Running on CUDA

DATASET: Loading data
--> Remaining samples after removing incomplete: 1039
--> Class intervals: [
	0: [0.00 - 2.57]
	1: [2.57 - 17.70]
	2: [17.70 - 26.37]
	3: [26.37 - 31.25]
	4: [31.25 - 34.71]
	5: [34.71 - 38.03]
	6: [38.03 - 42.94]
	7: [42.94 - 47.45]
	8: [47.45 - 51.69]
	9: [51.69 - 58.17]
	10: [58.17 - 67.10]
	11: [67.10 - 79.80]
	12: [79.80 - 88.56]
	13: [88.56 - 102.25]
	14: [102.25 - 120.62]
	15: [120.62 - 141.88]
	16: [141.88 - 174.40]
	17: [174.40 - 205.88]
	18: [205.88 - 263.29]
	19: [263.29 - 593.83]
    ]
--> Standardizing RNA-seq data
--> Standardizing Methylation Islands beta values
--> Gene Expression Signatures size: [19938]
--> Methylation Signatures size: [4522]
--> Using 80% training, 20% validation
--> Training Set: [831], Validation Set: [208]

MODEL: MCAT
--> Trainable parameters of MCAT: 9362966
--> Loss function: CrossEntropySurvivalLoss
--> Optimizer: adam

################## [07/01/2025 - 04:45:06] - Training started ##################
[07/01/2025 - 04:45:06] - Epoch: 1
--> Batch: 49, Loss: 2.4257, Label: 8, Survival Months: 47.83, Risk: -1.0214
	--> Average Speed: 0.07s per batch
	--> Time from Last Check: 2.34s
--> Batch: 99, Loss: 2.3557, Label: 8, Survival Months: 48.00, Risk: -1.1149
	--> Average Speed: 0.06s per batch
	--> Time from Last Check: 1.97s
--> Batch: 149, Loss: 2.8071, Label: 12, Survival Months: 85.58, Risk: -1.1514
	--> Average Speed: 0.06s per batch
	--> Time from Last Check: 1.98s
--> Batch: 199, Loss: 2.5711, Label: 11, Survival Months: 72.50, Risk: -1.2703
	--> Average Speed: 0.06s per batch
	--> Time from Last Check: 1.97s
--> Batch: 249, Loss: 2.9188, Label: 15, Survival Months: 140.33, Risk: -1.4867
	--> Average Speed: 0.06s per batch
	--> Time from Last Check: 2.02s
--> Batch: 299, Loss: 1.2101, Label: 1, Survival Months: 7.67, Risk: -2.1696
	--> Average Speed: 0.06s per batch
	--> Time from Last Check: 2.00s
--> Batch: 349, Loss: 2.8557, Label: 19, Survival Months: 410.75, Risk: -2.6804
	--> Average Speed: 0.07s per batch
	--> Time from Last Check: 2.27s
--> Batch: 399, Loss: 1.3209, Label: 8, Survival Months: 47.92, Risk: -5.3026
	--> Average Speed: 0.06s per batch
	--> Time from Last Check: 1.88s
--> Batch: 449, Loss: 1.0839, Label: 3, Survival Months: 30.17, Risk: -7.1236
	--> Average Speed: 0.06s per batch
	--> Time from Last Check: 1.99s
--> Batch: 499, Loss: 3.0993, Label: 18, Survival Months: 255.25, Risk: -10.5762
	--> Average Speed: 0.06s per batch
	--> Time from Last Check: 2.02s
--> Batch: 549, Loss: 4.1899, Label: 17, Survival Months: 174.75, Risk: -12.9249
	--> Average Speed: 0.06s per batch
	--> Time from Last Check: 1.88s
--> Batch: 599, Loss: 0.9767, Label: 0, Survival Months: 0.92, Risk: -15.7602
	--> Average Speed: 0.06s per batch
	--> Time from Last Check: 1.96s
--> Batch: 649, Loss: 0.9643, Label: 3, Survival Months: 30.75, Risk: -15.5691
	--> Average Speed: 0.06s per batch
	--> Time from Last Check: 2.02s
--> Batch: 699, Loss: 5.7935, Label: 3, Survival Months: 30.17, Risk: -15.6430
	--> Average Speed: 0.06s per batch
	--> Time from Last Check: 1.97s
--> Batch: 749, Loss: 0.9382, Label: 2, Survival Months: 25.75, Risk: -15.4098
	--> Average Speed: 0.06s per batch
	--> Time from Last Check: 2.01s
--> Batch: 799, Loss: 0.9229, Label: 0, Survival Months: 0.00, Risk: -15.2557
	--> Average Speed: 0.06s per batch
	--> Time from Last Check: 2.00s
[07/01/2025 - 04:45:40] - Epoch: 1, lr: 0.00010000, train_loss: 2.0579, train_c_index: 0.4606
[07/01/2025 - 04:45:42] - Epoch: 1, val_loss: 1.3432, val_c_index: 0.5654
[07/01/2025 - 04:45:42] - Time elapsed for epoch 1: 36s
[07/01/2025 - 04:45:42] - Epoch: 2
--> Batch: 49, Loss: 0.9904, Label: 12, Survival Months: 84.58, Risk: -13.3106
	--> Average Speed: 0.06s per batch
	--> Time from Last Check: 2.06s
--> Batch: 99, Loss: 3.8185, Label: 10, Survival Months: 62.83, Risk: -13.3861
	--> Average Speed: 0.06s per batch
	--> Time from Last Check: 1.89s
--> Batch: 149, Loss: 0.9814, Label: 17, Survival Months: 197.67, Risk: -16.0365
	--> Average Speed: 0.06s per batch
	--> Time from Last Check: 1.85s
--> Batch: 199, Loss: 0.8842, Label: 6, Survival Months: 41.75, Risk: -15.3908
	--> Average Speed: 0.06s per batch
	--> Time from Last Check: 1.88s
--> Batch: 249, Loss: 0.8571, Label: 1, Survival Months: 7.50, Risk: -16.3640
	--> Average Speed: 0.06s per batch
	--> Time from Last Check: 1.86s
--> Batch: 299, Loss: 0.8685, Label: 2, Survival Months: 26.25, Risk: -12.9385
	--> Average Speed: 0.06s per batch
	--> Time from Last Check: 1.88s
--> Batch: 349, Loss: 0.9298, Label: 12, Survival Months: 83.08, Risk: -13.3088
	--> Average Speed: 0.07s per batch
	--> Time from Last Check: 2.33s
--> Batch: 399, Loss: 0.9393, Label: 10, Survival Months: 63.42, Risk: -11.2106
	--> Average Speed: 0.06s per batch
	--> Time from Last Check: 1.98s
--> Batch: 449, Loss: 3.6893, Label: 12, Survival Months: 82.58, Risk: -14.8150
	--> Average Speed: 0.06s per batch
	--> Time from Last Check: 1.78s
--> Batch: 499, Loss: 0.8305, Label: 4, Survival Months: 31.33, Risk: -14.3471
	--> Average Speed: 0.06s per batch
	--> Time from Last Check: 1.85s
--> Batch: 549, Loss: 0.8765, Label: 11, Survival Months: 67.17, Risk: -13.4428
	--> Average Speed: 0.06s per batch
	--> Time from Last Check: 1.80s
--> Batch: 599, Loss: 0.8100, Label: 3, Survival Months: 30.75, Risk: -14.6392
	--> Average Speed: 0.06s per batch
	--> Time from Last Check: 1.87s
--> Batch: 649, Loss: 3.7768, Label: 17, Survival Months: 191.33, Risk: -15.0131
	--> Average Speed: 0.06s per batch
	--> Time from Last Check: 1.88s
--> Batch: 699, Loss: 0.8573, Label: 14, Survival Months: 110.42, Risk: -15.3362
	--> Average Speed: 0.06s per batch
	--> Time from Last Check: 1.79s
--> Batch: 749, Loss: 0.8879, Label: 17, Survival Months: 190.08, Risk: -15.3913
	--> Average Speed: 0.06s per batch
	--> Time from Last Check: 1.84s
--> Batch: 799, Loss: 0.8123, Label: 13, Survival Months: 96.33, Risk: -15.7766
	--> Average Speed: 0.06s per batch
	--> Time from Last Check: 1.77s
[07/01/2025 - 04:46:13] - Epoch: 2, lr: 0.00009900, train_loss: 1.2170, train_c_index: 0.5253
[07/01/2025 - 04:46:16] - Epoch: 2, val_loss: 1.2000, val_c_index: 0.5392
[07/01/2025 - 04:46:16] - Time elapsed for epoch 2: 34s
[07/01/2025 - 04:46:16] - Epoch: 3
--> Batch: 49, Loss: 0.8473, Label: 15, Survival Months: 129.92, Risk: -15.0730
	--> Average Speed: 0.06s per batch
	--> Time from Last Check: 2.07s
--> Batch: 99, Loss: 0.7646, Label: 5, Survival Months: 36.75, Risk: -13.9059
	--> Average Speed: 0.06s per batch
	--> Time from Last Check: 1.93s
--> Batch: 149, Loss: 0.7536, Label: 3, Survival Months: 30.50, Risk: -13.6951
	--> Average Speed: 0.06s per batch
	--> Time from Last Check: 1.86s
--> Batch: 199, Loss: 0.7301, Label: 0, Survival Months: 0.42, Risk: -14.2020
	--> Average Speed: 0.06s per batch
	--> Time from Last Check: 1.86s
--> Batch: 249, Loss: 0.7618, Label: 7, Survival Months: 45.58, Risk: -12.9860
	--> Average Speed: 0.06s per batch
	--> Time from Last Check: 1.85s
--> Batch: 299, Loss: 3.4710, Label: 8, Survival Months: 48.08, Risk: -11.9559
	--> Average Speed: 0.06s per batch
	--> Time from Last Check: 1.81s
--> Batch: 349, Loss: 0.9354, Label: 17, Survival Months: 201.67, Risk: -13.2630
	--> Average Speed: 0.06s per batch
	--> Time from Last Check: 1.90s
--> Batch: 399, Loss: 0.7017, Label: 0, Survival Months: 1.58, Risk: -15.9417
	--> Average Speed: 0.06s per batch
	--> Time from Last Check: 1.88s
--> Batch: 449, Loss: 5.0566, Label: 2, Survival Months: 21.25, Risk: -16.3176
	--> Average Speed: 0.06s per batch
	--> Time from Last Check: 1.78s
--> Batch: 499, Loss: 0.7169, Label: 4, Survival Months: 33.58, Risk: -12.4062
	--> Average Speed: 0.06s per batch
	--> Time from Last Check: 1.90s
--> Batch: 549, Loss: 0.9104, Label: 15, Survival Months: 123.08, Risk: -11.0730
	--> Average Speed: 0.06s per batch
	--> Time from Last Check: 1.94s
--> Batch: 599, Loss: 0.7301, Label: 10, Survival Months: 59.00, Risk: -13.4965
	--> Average Speed: 0.06s per batch
	--> Time from Last Check: 1.86s
--> Batch: 649, Loss: 0.8403, Label: 18, Survival Months: 220.42, Risk: -16.6783
	--> Average Speed: 0.06s per batch
	--> Time from Last Check: 1.79s
--> Batch: 699, Loss: 0.7835, Label: 15, Survival Months: 135.25, Risk: -14.2131
	--> Average Speed: 0.06s per batch
	--> Time from Last Check: 1.83s
--> Batch: 749, Loss: 0.6688, Label: 7, Survival Months: 44.17, Risk: -15.7951
	--> Average Speed: 0.06s per batch
	--> Time from Last Check: 1.82s
--> Batch: 799, Loss: 0.7867, Label: 16, Survival Months: 155.92, Risk: -14.3714
	--> Average Speed: 0.06s per batch
	--> Time from Last Check: 1.78s
[07/01/2025 - 04:46:47] - Epoch: 3, lr: 0.00009801, train_loss: 1.0717, train_c_index: 0.6310
[07/01/2025 - 04:46:50] - Epoch: 3, val_loss: 1.1179, val_c_index: 0.5358
[07/01/2025 - 04:46:50] - Time elapsed for epoch 3: 34s
[07/01/2025 - 04:46:50] - Epoch: 4
--> Batch: 49, Loss: 0.6481, Label: 6, Survival Months: 42.50, Risk: -15.9828
	--> Average Speed: 0.07s per batch
	--> Time from Last Check: 2.14s
--> Batch: 99, Loss: 0.7639, Label: 17, Survival Months: 190.75, Risk: -14.9370
	--> Average Speed: 0.06s per batch
	--> Time from Last Check: 1.86s
--> Batch: 149, Loss: 0.6273, Label: 0, Survival Months: 1.33, Risk: -16.2292
	--> Average Speed: 0.06s per batch
	--> Time from Last Check: 1.94s
--> Batch: 199, Loss: 1.0019, Label: 18, Survival Months: 215.83, Risk: -11.1158
	--> Average Speed: 0.06s per batch
	--> Time from Last Check: 1.82s
--> Batch: 249, Loss: 3.1487, Label: 16, Survival Months: 160.58, Risk: -14.7308
	--> Average Speed: 0.06s per batch
	--> Time from Last Check: 1.83s
--> Batch: 299, Loss: 0.6345, Label: 10, Survival Months: 66.00, Risk: -15.7275
	--> Average Speed: 0.06s per batch
	--> Time from Last Check: 1.79s
--> Batch: 349, Loss: 0.6217, Label: 6, Survival Months: 42.00, Risk: -15.1577
	--> Average Speed: 0.06s per batch
	--> Time from Last Check: 1.96s
--> Batch: 399, Loss: 0.6109, Label: 8, Survival Months: 48.00, Risk: -16.6034
	--> Average Speed: 0.06s per batch
	--> Time from Last Check: 1.81s
--> Batch: 449, Loss: 0.5953, Label: 4, Survival Months: 34.17, Risk: -17.1138
	--> Average Speed: 0.06s per batch
	--> Time from Last Check: 1.77s
--> Batch: 499, Loss: 3.4750, Label: 8, Survival Months: 51.33, Risk: -13.4718
	--> Average Speed: 0.06s per batch
	--> Time from Last Check: 1.86s
--> Batch: 549, Loss: 0.6426, Label: 13, Survival Months: 96.33, Risk: -15.4133
	--> Average Speed: 0.06s per batch
	--> Time from Last Check: 1.91s
--> Batch: 599, Loss: 1.0478, Label: 19, Survival Months: 559.92, Risk: -14.3815
	--> Average Speed: 0.06s per batch
	--> Time from Last Check: 1.80s
--> Batch: 649, Loss: 0.7032, Label: 15, Survival Months: 137.33, Risk: -14.0769
	--> Average Speed: 0.06s per batch
	--> Time from Last Check: 1.82s
--> Batch: 699, Loss: 0.5760, Label: 1, Survival Months: 4.33, Risk: -15.4171
	--> Average Speed: 0.06s per batch
	--> Time from Last Check: 1.85s
--> Batch: 749, Loss: 1.2933, Label: 19, Survival Months: 410.75, Risk: -8.7559
	--> Average Speed: 0.06s per batch
	--> Time from Last Check: 1.93s
--> Batch: 799, Loss: 1.7133, Label: 19, Survival Months: 355.58, Risk: -16.5180
	--> Average Speed: 0.06s per batch
	--> Time from Last Check: 1.83s
[07/01/2025 - 04:47:21] - Epoch: 4, lr: 0.00009703, train_loss: 0.9805, train_c_index: 0.6084
[07/01/2025 - 04:47:24] - Epoch: 4, val_loss: 1.0432, val_c_index: 0.5592
[07/01/2025 - 04:47:24] - Time elapsed for epoch 4: 34s
[07/01/2025 - 04:47:24] - Epoch: 5
--> Batch: 49, Loss: 0.5638, Label: 9, Survival Months: 55.17, Risk: -16.8186
	--> Average Speed: 0.06s per batch
	--> Time from Last Check: 2.06s
--> Batch: 99, Loss: 0.5787, Label: 11, Survival Months: 72.92, Risk: -16.1335
	--> Average Speed: 0.06s per batch
	--> Time from Last Check: 1.91s
--> Batch: 149, Loss: 0.5636, Label: 4, Survival Months: 34.17, Risk: -14.3405
	--> Average Speed: 0.06s per batch
	--> Time from Last Check: 1.84s
--> Batch: 199, Loss: 2.4913, Label: 18, Survival Months: 260.50, Risk: -12.0430
	--> Average Speed: 0.06s per batch
	--> Time from Last Check: 1.88s
--> Batch: 249, Loss: 0.6800, Label: 17, Survival Months: 193.00, Risk: -15.2518
	--> Average Speed: 0.06s per batch
	--> Time from Last Check: 1.78s
--> Batch: 299, Loss: 0.5757, Label: 9, Survival Months: 53.33, Risk: -13.7929
	--> Average Speed: 0.06s per batch
	--> Time from Last Check: 1.94s
--> Batch: 349, Loss: 0.7458, Label: 4, Survival Months: 31.92, Risk: -3.8824
	--> Average Speed: 0.06s per batch
	--> Time from Last Check: 1.90s
--> Batch: 399, Loss: 0.5261, Label: 5, Survival Months: 37.92, Risk: -17.2372
	--> Average Speed: 0.06s per batch
	--> Time from Last Check: 1.87s
--> Batch: 449, Loss: 0.6024, Label: 15, Survival Months: 134.42, Risk: -15.6936
	--> Average Speed: 0.06s per batch
	--> Time from Last Check: 1.89s
--> Batch: 499, Loss: 0.5618, Label: 15, Survival Months: 140.25, Risk: -17.0061
	--> Average Speed: 0.06s per batch
	--> Time from Last Check: 1.89s
--> Batch: 549, Loss: 0.5098, Label: 0, Survival Months: 0.00, Risk: -13.9596
	--> Average Speed: 0.06s per batch
	--> Time from Last Check: 1.85s
--> Batch: 599, Loss: 0.5167, Label: 7, Survival Months: 43.25, Risk: -16.0703
	--> Average Speed: 0.06s per batch
	--> Time from Last Check: 1.83s
--> Batch: 649, Loss: 2.9422, Label: 17, Survival Months: 177.25, Risk: -15.4045
	--> Average Speed: 0.06s per batch
	--> Time from Last Check: 1.92s
--> Batch: 699, Loss: 2.9751, Label: 12, Survival Months: 86.00, Risk: -13.0196
	--> Average Speed: 0.06s per batch
	--> Time from Last Check: 1.85s
--> Batch: 749, Loss: 0.5168, Label: 12, Survival Months: 88.50, Risk: -16.8290
	--> Average Speed: 0.06s per batch
	--> Time from Last Check: 1.85s
--> Batch: 799, Loss: 0.5507, Label: 15, Survival Months: 131.17, Risk: -16.5247
	--> Average Speed: 0.06s per batch
	--> Time from Last Check: 1.86s
[07/01/2025 - 04:47:55] - Epoch: 5, lr: 0.00009606, train_loss: 0.8928, train_c_index: 0.6555
[07/01/2025 - 04:47:57] - Epoch: 5, val_loss: 0.9799, val_c_index: 0.5315
[07/01/2025 - 04:47:58] - Time elapsed for epoch 5: 34s
[07/01/2025 - 04:47:58] - Epoch: 6
--> Batch: 49, Loss: 0.4873, Label: 7, Survival Months: 43.50, Risk: -16.9529
	--> Average Speed: 0.07s per batch
	--> Time from Last Check: 2.10s
--> Batch: 99, Loss: 0.5257, Label: 8, Survival Months: 48.00, Risk: -13.1462
	--> Average Speed: 0.06s per batch
	--> Time from Last Check: 1.95s
--> Batch: 149, Loss: 1.8293, Label: 18, Survival Months: 247.08, Risk: -17.6365
	--> Average Speed: 0.06s per batch
	--> Time from Last Check: 1.87s
--> Batch: 199, Loss: 0.4997, Label: 11, Survival Months: 78.58, Risk: -15.9103
	--> Average Speed: 0.06s per batch
	--> Time from Last Check: 1.82s
--> Batch: 249, Loss: 0.5300, Label: 15, Survival Months: 132.08, Risk: -16.1452
	--> Average Speed: 0.06s per batch
	--> Time from Last Check: 1.85s
--> Batch: 299, Loss: 0.5448, Label: 16, Survival Months: 145.50, Risk: -16.0861
	--> Average Speed: 0.06s per batch
	--> Time from Last Check: 1.91s
--> Batch: 349, Loss: 1.0441, Label: 19, Survival Months: 273.00, Risk: -12.9550
	--> Average Speed: 0.05s per batch
	--> Time from Last Check: 1.73s
--> Batch: 399, Loss: 0.5656, Label: 14, Survival Months: 110.83, Risk: -13.8608
	--> Average Speed: 0.06s per batch
	--> Time from Last Check: 1.80s
--> Batch: 449, Loss: 0.4706, Label: 13, Survival Months: 101.00, Risk: -17.4630
	--> Average Speed: 0.06s per batch
	--> Time from Last Check: 1.91s
--> Batch: 499, Loss: 0.4561, Label: 6, Survival Months: 38.58, Risk: -17.3945
	--> Average Speed: 0.06s per batch
	--> Time from Last Check: 1.84s
--> Batch: 549, Loss: 0.4703, Label: 10, Survival Months: 58.50, Risk: -16.0574
	--> Average Speed: 0.06s per batch
	--> Time from Last Check: 1.86s
--> Batch: 599, Loss: 0.4569, Label: 9, Survival Months: 56.42, Risk: -17.0348
	--> Average Speed: 0.06s per batch
	--> Time from Last Check: 1.86s
--> Batch: 649, Loss: 0.4510, Label: 0, Survival Months: 0.00, Risk: -12.9320
	--> Average Speed: 0.06s per batch
	--> Time from Last Check: 1.82s
--> Batch: 699, Loss: 0.4582, Label: 3, Survival Months: 30.25, Risk: -14.3690
	--> Average Speed: 0.06s per batch
	--> Time from Last Check: 1.88s
--> Batch: 749, Loss: 0.4927, Label: 11, Survival Months: 78.58, Risk: -14.0974
	--> Average Speed: 0.06s per batch
	--> Time from Last Check: 1.89s
--> Batch: 799, Loss: 0.4484, Label: 6, Survival Months: 39.75, Risk: -15.8032
	--> Average Speed: 0.06s per batch
	--> Time from Last Check: 1.83s
[07/01/2025 - 04:48:29] - Epoch: 6, lr: 0.00009510, train_loss: 0.8310, train_c_index: 0.6804
[07/01/2025 - 04:48:31] - Epoch: 6, val_loss: 0.9311, val_c_index: 0.4957
[07/01/2025 - 04:48:31] - Time elapsed for epoch 6: 34s
[07/01/2025 - 04:48:31] - Epoch: 7
--> Batch: 49, Loss: 0.4491, Label: 5, Survival Months: 37.50, Risk: -14.9230
	--> Average Speed: 0.07s per batch
	--> Time from Last Check: 2.09s
--> Batch: 99, Loss: 0.4351, Label: 7, Survival Months: 45.08, Risk: -17.2714
	--> Average Speed: 0.06s per batch
	--> Time from Last Check: 1.80s
--> Batch: 149, Loss: 0.5091, Label: 11, Survival Months: 74.08, Risk: -12.7714
	--> Average Speed: 0.06s per batch
	--> Time from Last Check: 1.91s
--> Batch: 199, Loss: 0.4459, Label: 6, Survival Months: 42.42, Risk: -14.2528
	--> Average Speed: 0.06s per batch
	--> Time from Last Check: 1.87s
--> Batch: 249, Loss: 0.4292, Label: 5, Survival Months: 34.75, Risk: -16.2887
	--> Average Speed: 0.06s per batch
	--> Time from Last Check: 1.88s
--> Batch: 299, Loss: 0.5096, Label: 17, Survival Months: 183.08, Risk: -16.5182
	--> Average Speed: 0.06s per batch
	--> Time from Last Check: 1.86s
--> Batch: 349, Loss: 0.4203, Label: 8, Survival Months: 49.83, Risk: -17.4130
	--> Average Speed: 0.06s per batch
	--> Time from Last Check: 1.81s
--> Batch: 399, Loss: 0.6885, Label: 18, Survival Months: 210.42, Risk: -14.8761
	--> Average Speed: 0.06s per batch
	--> Time from Last Check: 1.94s
--> Batch: 449, Loss: 0.4140, Label: 5, Survival Months: 36.75, Risk: -16.7612
	--> Average Speed: 0.06s per batch
	--> Time from Last Check: 1.94s
--> Batch: 499, Loss: 0.4121, Label: 1, Survival Months: 4.25, Risk: -15.7669
	--> Average Speed: 0.06s per batch
	--> Time from Last Check: 1.88s
--> Batch: 549, Loss: 0.7388, Label: 15, Survival Months: 138.50, Risk: -9.4932
	--> Average Speed: 0.06s per batch
	--> Time from Last Check: 1.89s
--> Batch: 599, Loss: 3.7959, Label: 2, Survival Months: 25.17, Risk: -13.8735
	--> Average Speed: 0.06s per batch
	--> Time from Last Check: 1.82s
--> Batch: 649, Loss: 0.4971, Label: 11, Survival Months: 71.33, Risk: -12.4736
	--> Average Speed: 0.06s per batch
	--> Time from Last Check: 1.81s
--> Batch: 699, Loss: 0.5625, Label: 14, Survival Months: 118.50, Risk: -12.5346
	--> Average Speed: 0.06s per batch
	--> Time from Last Check: 1.78s
--> Batch: 749, Loss: 3.0546, Label: 17, Survival Months: 191.33, Risk: -16.9330
	--> Average Speed: 0.06s per batch
	--> Time from Last Check: 1.83s
--> Batch: 799, Loss: 0.4371, Label: 11, Survival Months: 67.33, Risk: -15.1766
	--> Average Speed: 0.06s per batch
	--> Time from Last Check: 1.77s
[07/01/2025 - 04:49:02] - Epoch: 7, lr: 0.00009415, train_loss: 0.7581, train_c_index: 0.7855
[07/01/2025 - 04:49:05] - Epoch: 7, val_loss: 0.9926, val_c_index: 0.4494
[07/01/2025 - 04:49:05] - Time elapsed for epoch 7: 34s
[07/01/2025 - 04:49:05] - Epoch: 8
--> Batch: 49, Loss: 0.4323, Label: 13, Survival Months: 92.17, Risk: -16.3089
	--> Average Speed: 0.07s per batch
	--> Time from Last Check: 2.14s
--> Batch: 99, Loss: 0.4122, Label: 6, Survival Months: 39.83, Risk: -14.2348
	--> Average Speed: 0.06s per batch
	--> Time from Last Check: 1.77s
--> Batch: 149, Loss: 0.3991, Label: 6, Survival Months: 39.83, Risk: -15.4812
	--> Average Speed: 0.06s per batch
	--> Time from Last Check: 1.85s
--> Batch: 199, Loss: 0.3867, Label: 9, Survival Months: 53.67, Risk: -18.0353
	--> Average Speed: 0.06s per batch
	--> Time from Last Check: 1.78s
--> Batch: 249, Loss: 0.4309, Label: 14, Survival Months: 110.83, Risk: -16.8712
	--> Average Speed: 0.06s per batch
	--> Time from Last Check: 2.00s
--> Batch: 299, Loss: 0.3846, Label: 2, Survival Months: 23.92, Risk: -16.7281
	--> Average Speed: 0.06s per batch
	--> Time from Last Check: 1.84s
--> Batch: 349, Loss: 0.4073, Label: 13, Survival Months: 101.33, Risk: -16.8302
	--> Average Speed: 0.05s per batch
	--> Time from Last Check: 1.69s
--> Batch: 399, Loss: 0.4347, Label: 13, Survival Months: 101.75, Risk: -15.4524
	--> Average Speed: 0.06s per batch
	--> Time from Last Check: 1.90s
--> Batch: 449, Loss: 0.4003, Label: 2, Survival Months: 22.75, Risk: -12.4072
	--> Average Speed: 0.06s per batch
	--> Time from Last Check: 1.85s
--> Batch: 499, Loss: 0.3878, Label: 10, Survival Months: 63.67, Risk: -16.7350
	--> Average Speed: 0.06s per batch
	--> Time from Last Check: 1.90s
--> Batch: 549, Loss: 0.4156, Label: 11, Survival Months: 76.00, Risk: -14.9832
	--> Average Speed: 0.05s per batch
	--> Time from Last Check: 1.71s
--> Batch: 599, Loss: 0.3924, Label: 5, Survival Months: 36.42, Risk: -13.7105
	--> Average Speed: 0.06s per batch
	--> Time from Last Check: 1.86s
--> Batch: 649, Loss: 0.4160, Label: 11, Survival Months: 78.58, Risk: -14.8855
	--> Average Speed: 0.06s per batch
	--> Time from Last Check: 1.87s
--> Batch: 699, Loss: 0.7134, Label: 16, Survival Months: 142.33, Risk: -10.3142
	--> Average Speed: 0.06s per batch
	--> Time from Last Check: 1.83s
--> Batch: 749, Loss: 0.3815, Label: 8, Survival Months: 48.00, Risk: -17.1289
	--> Average Speed: 0.06s per batch
	--> Time from Last Check: 1.91s
--> Batch: 799, Loss: 0.4866, Label: 15, Survival Months: 127.83, Risk: -15.1397
	--> Average Speed: 0.06s per batch
	--> Time from Last Check: 1.78s
[07/01/2025 - 04:49:36] - Epoch: 8, lr: 0.00009321, train_loss: 0.7272, train_c_index: 0.8017
[07/01/2025 - 04:49:38] - Epoch: 8, val_loss: 0.9437, val_c_index: 0.4723
[07/01/2025 - 04:49:39] - Time elapsed for epoch 8: 34s
[07/01/2025 - 04:49:39] - Epoch: 9
--> Batch: 49, Loss: 0.3787, Label: 3, Survival Months: 28.58, Risk: -17.1828
	--> Average Speed: 0.06s per batch
	--> Time from Last Check: 1.94s
--> Batch: 99, Loss: 0.4369, Label: 9, Survival Months: 54.92, Risk: -12.3608
	--> Average Speed: 0.05s per batch
	--> Time from Last Check: 1.61s
--> Batch: 149, Loss: 2.7913, Label: 11, Survival Months: 67.58, Risk: -12.8209
	--> Average Speed: 0.05s per batch
	--> Time from Last Check: 1.72s
--> Batch: 199, Loss: 2.5618, Label: 11, Survival Months: 68.75, Risk: -9.9564
	--> Average Speed: 0.06s per batch
	--> Time from Last Check: 1.93s
--> Batch: 249, Loss: 0.4487, Label: 4, Survival Months: 32.67, Risk: -8.3065
	--> Average Speed: 0.06s per batch
	--> Time from Last Check: 1.81s
--> Batch: 299, Loss: 0.4712, Label: 16, Survival Months: 162.50, Risk: -15.7906
	--> Average Speed: 0.06s per batch
	--> Time from Last Check: 1.77s
--> Batch: 349, Loss: 0.4813, Label: 18, Survival Months: 260.08, Risk: -17.7242
	--> Average Speed: 0.06s per batch
	--> Time from Last Check: 1.83s
--> Batch: 399, Loss: 0.3627, Label: 3, Survival Months: 30.42, Risk: -17.8938
	--> Average Speed: 0.06s per batch
	--> Time from Last Check: 1.93s
--> Batch: 449, Loss: 3.3607, Label: 13, Survival Months: 92.00, Risk: -15.9040
	--> Average Speed: 0.06s per batch
	--> Time from Last Check: 1.87s
--> Batch: 499, Loss: 0.3701, Label: 10, Survival Months: 60.67, Risk: -17.2136
	--> Average Speed: 0.06s per batch
	--> Time from Last Check: 1.78s
--> Batch: 549, Loss: 0.3943, Label: 2, Survival Months: 18.00, Risk: -10.5367
	--> Average Speed: 0.06s per batch
	--> Time from Last Check: 1.86s
--> Batch: 599, Loss: 0.3974, Label: 10, Survival Months: 61.67, Risk: -14.3977
	--> Average Speed: 0.06s per batch
	--> Time from Last Check: 1.83s
--> Batch: 649, Loss: 0.3584, Label: 1, Survival Months: 5.67, Risk: -15.3398
	--> Average Speed: 0.06s per batch
	--> Time from Last Check: 1.82s
--> Batch: 699, Loss: 0.3947, Label: 14, Survival Months: 109.00, Risk: -16.7037
	--> Average Speed: 0.06s per batch
	--> Time from Last Check: 1.93s
--> Batch: 749, Loss: 0.3518, Label: 1, Survival Months: 15.50, Risk: -17.3513
	--> Average Speed: 0.06s per batch
	--> Time from Last Check: 1.78s
--> Batch: 799, Loss: 0.3516, Label: 0, Survival Months: 0.00, Risk: -14.9160
	--> Average Speed: 0.06s per batch
	--> Time from Last Check: 1.81s
[07/01/2025 - 04:50:09] - Epoch: 9, lr: 0.00009227, train_loss: 0.7055, train_c_index: 0.7930
[07/01/2025 - 04:50:12] - Epoch: 9, val_loss: 0.9727, val_c_index: 0.4804
[07/01/2025 - 04:50:12] - Time elapsed for epoch 9: 33s
[07/01/2025 - 04:50:12] - Epoch: 10
--> Batch: 49, Loss: 0.3483, Label: 3, Survival Months: 30.33, Risk: -17.1423
	--> Average Speed: 0.06s per batch
	--> Time from Last Check: 2.02s
--> Batch: 99, Loss: 0.4620, Label: 15, Survival Months: 138.50, Risk: -14.9754
	--> Average Speed: 0.06s per batch
	--> Time from Last Check: 1.86s
--> Batch: 149, Loss: 0.3616, Label: 8, Survival Months: 48.00, Risk: -15.4196
	--> Average Speed: 0.06s per batch
	--> Time from Last Check: 1.90s
--> Batch: 199, Loss: 0.6932, Label: 19, Survival Months: 410.75, Risk: -17.1369
	--> Average Speed: 0.06s per batch
	--> Time from Last Check: 1.97s
--> Batch: 249, Loss: 0.3530, Label: 9, Survival Months: 56.25, Risk: -15.8792
	--> Average Speed: 0.06s per batch
	--> Time from Last Check: 1.87s
--> Batch: 299, Loss: 0.5526, Label: 17, Survival Months: 200.25, Risk: -14.1848
	--> Average Speed: 0.06s per batch
	--> Time from Last Check: 1.78s
--> Batch: 349, Loss: 0.3406, Label: 6, Survival Months: 42.33, Risk: -16.6740
	--> Average Speed: 0.05s per batch
	--> Time from Last Check: 1.71s
--> Batch: 399, Loss: 0.3408, Label: 5, Survival Months: 37.08, Risk: -16.1359
	--> Average Speed: 0.06s per batch
	--> Time from Last Check: 1.78s
--> Batch: 449, Loss: 0.6811, Label: 13, Survival Months: 93.25, Risk: -7.8239
	--> Average Speed: 0.06s per batch
	--> Time from Last Check: 1.90s
--> Batch: 499, Loss: 0.4254, Label: 14, Survival Months: 105.00, Risk: -15.2537
	--> Average Speed: 0.06s per batch
	--> Time from Last Check: 1.92s
--> Batch: 549, Loss: 0.3700, Label: 12, Survival Months: 81.17, Risk: -16.0189
	--> Average Speed: 0.06s per batch
	--> Time from Last Check: 1.80s
--> Batch: 599, Loss: 0.3746, Label: 17, Survival Months: 179.25, Risk: -18.0082
	--> Average Speed: 0.06s per batch
	--> Time from Last Check: 1.78s
--> Batch: 649, Loss: 0.3623, Label: 7, Survival Months: 43.33, Risk: -13.5186
	--> Average Speed: 0.06s per batch
	--> Time from Last Check: 1.88s
--> Batch: 699, Loss: 0.3414, Label: 9, Survival Months: 52.75, Risk: -16.1283
	--> Average Speed: 0.06s per batch
	--> Time from Last Check: 1.86s
--> Batch: 749, Loss: 0.3296, Label: 9, Survival Months: 52.92, Risk: -17.8873
	--> Average Speed: 0.06s per batch
	--> Time from Last Check: 1.86s
--> Batch: 799, Loss: 0.3325, Label: 11, Survival Months: 78.58, Risk: -17.7865
	--> Average Speed: 0.06s per batch
	--> Time from Last Check: 1.84s
[07/01/2025 - 04:50:43] - Epoch: 10, lr: 0.00009135, train_loss: 0.6711, train_c_index: 0.8179
[07/01/2025 - 04:50:45] - Epoch: 10, val_loss: 0.9683, val_c_index: 0.4451
[07/01/2025 - 04:50:45] - Time elapsed for epoch 10: 34s
[07/01/2025 - 04:50:45] - Epoch: 11
--> Batch: 49, Loss: 0.3252, Label: 0, Survival Months: 0.83, Risk: -17.0998
	--> Average Speed: 0.07s per batch
	--> Time from Last Check: 2.10s
--> Batch: 99, Loss: 2.5053, Label: 12, Survival Months: 82.58, Risk: -9.5659
	--> Average Speed: 0.06s per batch
	--> Time from Last Check: 1.82s
--> Batch: 149, Loss: 0.6931, Label: 19, Survival Months: 536.25, Risk: -17.7204
	--> Average Speed: 0.06s per batch
	--> Time from Last Check: 2.00s
--> Batch: 199, Loss: 0.3910, Label: 15, Survival Months: 140.25, Risk: -16.5135
	--> Average Speed: 0.06s per batch
	--> Time from Last Check: 1.96s
--> Batch: 249, Loss: 0.3243, Label: 2, Survival Months: 25.00, Risk: -15.9652
	--> Average Speed: 0.06s per batch
	--> Time from Last Check: 1.87s
--> Batch: 299, Loss: 0.7231, Label: 19, Survival Months: 293.25, Risk: -16.0027
	--> Average Speed: 0.06s per batch
	--> Time from Last Check: 1.85s
--> Batch: 349, Loss: 0.3594, Label: 7, Survival Months: 43.83, Risk: -12.4203
	--> Average Speed: 0.06s per batch
	--> Time from Last Check: 1.85s
--> Batch: 399, Loss: 0.4473, Label: 18, Survival Months: 246.08, Risk: -17.7971
	--> Average Speed: 0.06s per batch
	--> Time from Last Check: 1.81s
--> Batch: 449, Loss: 1.2617, Label: 19, Survival Months: 410.75, Risk: -6.6436
	--> Average Speed: 0.06s per batch
	--> Time from Last Check: 1.79s
--> Batch: 499, Loss: 0.4398, Label: 17, Survival Months: 194.58, Risk: -16.1507
	--> Average Speed: 0.06s per batch
	--> Time from Last Check: 1.83s
--> Batch: 549, Loss: 0.3103, Label: 7, Survival Months: 43.17, Risk: -18.0323
	--> Average Speed: 0.06s per batch
	--> Time from Last Check: 1.84s
--> Batch: 599, Loss: 0.3484, Label: 5, Survival Months: 37.33, Risk: -11.4276
	--> Average Speed: 0.06s per batch
	--> Time from Last Check: 1.84s
--> Batch: 649, Loss: 3.7924, Label: 13, Survival Months: 92.00, Risk: -3.8899
	--> Average Speed: 0.05s per batch
	--> Time from Last Check: 1.75s
--> Batch: 699, Loss: 0.4251, Label: 15, Survival Months: 137.33, Risk: -14.9712
	--> Average Speed: 0.06s per batch
	--> Time from Last Check: 1.80s
--> Batch: 749, Loss: 0.3415, Label: 13, Survival Months: 99.67, Risk: -16.8948
	--> Average Speed: 0.06s per batch
	--> Time from Last Check: 1.86s
--> Batch: 799, Loss: 0.3481, Label: 14, Survival Months: 102.83, Risk: -17.0402
	--> Average Speed: 0.06s per batch
	--> Time from Last Check: 1.84s
[07/01/2025 - 04:51:16] - Epoch: 11, lr: 0.00009044, train_loss: 0.6307, train_c_index: 0.8749
[07/01/2025 - 04:51:19] - Epoch: 11, val_loss: 0.9754, val_c_index: 0.4374
[07/01/2025 - 04:51:19] - Time elapsed for epoch 11: 34s
[07/01/2025 - 04:51:19] - Epoch: 12
--> Batch: 49, Loss: 0.3085, Label: 0, Survival Months: 0.42, Risk: -17.2141
	--> Average Speed: 0.06s per batch
	--> Time from Last Check: 2.03s
--> Batch: 99, Loss: 0.3089, Label: 4, Survival Months: 32.08, Risk: -17.1464
	--> Average Speed: 0.06s per batch
	--> Time from Last Check: 1.91s
--> Batch: 149, Loss: 0.3256, Label: 9, Survival Months: 57.42, Risk: -15.1783
	--> Average Speed: 0.06s per batch
	--> Time from Last Check: 1.94s
--> Batch: 199, Loss: 0.3536, Label: 10, Survival Months: 63.50, Risk: -13.5205
	--> Average Speed: 0.06s per batch
	--> Time from Last Check: 1.82s
--> Batch: 249, Loss: 0.3262, Label: 10, Survival Months: 63.25, Risk: -15.3270
	--> Average Speed: 0.06s per batch
	--> Time from Last Check: 1.90s
--> Batch: 299, Loss: 0.3259, Label: 15, Survival Months: 133.75, Risk: -18.2011
	--> Average Speed: 0.06s per batch
	--> Time from Last Check: 1.83s
--> Batch: 349, Loss: 0.2998, Label: 0, Survival Months: 2.50, Risk: -17.3168
	--> Average Speed: 0.06s per batch
	--> Time from Last Check: 2.00s
--> Batch: 399, Loss: 0.3306, Label: 14, Survival Months: 112.42, Risk: -17.2640
	--> Average Speed: 0.06s per batch
	--> Time from Last Check: 1.89s
--> Batch: 449, Loss: 1.5528, Label: 18, Survival Months: 247.08, Risk: -17.9409
	--> Average Speed: 0.06s per batch
	--> Time from Last Check: 1.87s
--> Batch: 499, Loss: 0.3486, Label: 14, Survival Months: 107.33, Risk: -16.4292
	--> Average Speed: 0.06s per batch
	--> Time from Last Check: 1.79s
--> Batch: 549, Loss: 0.2975, Label: 3, Survival Months: 30.42, Risk: -17.6692
	--> Average Speed: 0.06s per batch
	--> Time from Last Check: 1.80s
--> Batch: 599, Loss: 0.3178, Label: 13, Survival Months: 100.67, Risk: -17.0522
	--> Average Speed: 0.06s per batch
	--> Time from Last Check: 1.91s
--> Batch: 649, Loss: 0.2981, Label: 2, Survival Months: 25.75, Risk: -17.6062
	--> Average Speed: 0.05s per batch
	--> Time from Last Check: 1.70s
--> Batch: 699, Loss: 2.8561, Label: 14, Survival Months: 119.92, Risk: -16.9620
	--> Average Speed: 0.05s per batch
	--> Time from Last Check: 1.73s
--> Batch: 749, Loss: 2.7842, Label: 12, Survival Months: 82.58, Risk: -14.0656
	--> Average Speed: 0.06s per batch
	--> Time from Last Check: 1.82s
--> Batch: 799, Loss: 0.3417, Label: 9, Survival Months: 52.50, Risk: -13.0165
	--> Average Speed: 0.06s per batch
	--> Time from Last Check: 1.85s
[07/01/2025 - 04:51:50] - Epoch: 12, lr: 0.00008953, train_loss: 0.6143, train_c_index: 0.8752
[07/01/2025 - 04:51:52] - Epoch: 12, val_loss: 1.0016, val_c_index: 0.4365
[07/01/2025 - 04:51:52] - Time elapsed for epoch 12: 34s
[07/01/2025 - 04:51:52] - Epoch: 13
--> Batch: 49, Loss: 0.2902, Label: 3, Survival Months: 30.00, Risk: -17.8319
	--> Average Speed: 0.06s per batch
	--> Time from Last Check: 2.01s
--> Batch: 99, Loss: 0.2885, Label: 0, Survival Months: 0.08, Risk: -16.0471
	--> Average Speed: 0.06s per batch
	--> Time from Last Check: 1.95s
--> Batch: 149, Loss: 0.2992, Label: 16, Survival Months: 165.92, Risk: -18.6401
	--> Average Speed: 0.06s per batch
	--> Time from Last Check: 2.02s
--> Batch: 199, Loss: 0.2849, Label: 2, Survival Months: 26.08, Risk: -18.1202
	--> Average Speed: 0.06s per batch
	--> Time from Last Check: 1.84s
--> Batch: 249, Loss: 0.2879, Label: 6, Survival Months: 40.67, Risk: -16.3687
	--> Average Speed: 0.06s per batch
	--> Time from Last Check: 1.94s
--> Batch: 299, Loss: 0.2828, Label: 2, Survival Months: 25.25, Risk: -17.9663
	--> Average Speed: 0.06s per batch
	--> Time from Last Check: 1.90s
--> Batch: 349, Loss: 0.3463, Label: 16, Survival Months: 145.50, Risk: -17.3398
	--> Average Speed: 0.06s per batch
	--> Time from Last Check: 1.92s
--> Batch: 399, Loss: 0.2819, Label: 0, Survival Months: 0.83, Risk: -17.8127
	--> Average Speed: 0.06s per batch
	--> Time from Last Check: 1.82s
--> Batch: 449, Loss: 0.2800, Label: 0, Survival Months: 1.33, Risk: -17.7617
	--> Average Speed: 0.06s per batch
	--> Time from Last Check: 1.90s
--> Batch: 499, Loss: 0.2788, Label: 0, Survival Months: 0.83, Risk: -17.9723
	--> Average Speed: 0.06s per batch
	--> Time from Last Check: 1.92s
--> Batch: 549, Loss: 0.3135, Label: 10, Survival Months: 64.75, Risk: -14.3941
	--> Average Speed: 0.06s per batch
	--> Time from Last Check: 1.85s
--> Batch: 599, Loss: 0.2809, Label: 2, Survival Months: 17.75, Risk: -17.3922
	--> Average Speed: 0.06s per batch
	--> Time from Last Check: 1.87s
--> Batch: 649, Loss: 0.3405, Label: 3, Survival Months: 30.17, Risk: -8.9232
	--> Average Speed: 0.06s per batch
	--> Time from Last Check: 1.80s
--> Batch: 699, Loss: 0.2818, Label: 6, Survival Months: 42.92, Risk: -16.4272
	--> Average Speed: 0.06s per batch
	--> Time from Last Check: 1.91s
--> Batch: 749, Loss: 0.2845, Label: 4, Survival Months: 34.42, Risk: -15.3282
	--> Average Speed: 0.06s per batch
	--> Time from Last Check: 1.81s
--> Batch: 799, Loss: 0.2909, Label: 14, Survival Months: 110.42, Risk: -18.0388
	--> Average Speed: 0.06s per batch
	--> Time from Last Check: 1.87s
[07/01/2025 - 04:52:24] - Epoch: 13, lr: 0.00008864, train_loss: 0.5842, train_c_index: 0.8958
[07/01/2025 - 04:52:27] - Epoch: 13, val_loss: 0.9714, val_c_index: 0.4852
[07/01/2025 - 04:52:27] - Time elapsed for epoch 13: 34s
[07/01/2025 - 04:52:27] - Epoch: 14
--> Batch: 49, Loss: 0.3104, Label: 15, Survival Months: 134.42, Risk: -17.7171
	--> Average Speed: 0.06s per batch
	--> Time from Last Check: 2.07s
--> Batch: 99, Loss: 0.2785, Label: 3, Survival Months: 31.25, Risk: -16.2294
	--> Average Speed: 0.06s per batch
	--> Time from Last Check: 1.94s
--> Batch: 149, Loss: 0.4092, Label: 18, Survival Months: 260.08, Risk: -17.4813
	--> Average Speed: 0.06s per batch
	--> Time from Last Check: 1.81s
--> Batch: 199, Loss: 0.2743, Label: 0, Survival Months: 0.42, Risk: -16.4861
	--> Average Speed: 0.06s per batch
	--> Time from Last Check: 1.76s
--> Batch: 249, Loss: 1.1072, Label: 19, Survival Months: 549.42, Risk: -18.3782
	--> Average Speed: 0.06s per batch
	--> Time from Last Check: 1.93s
--> Batch: 299, Loss: 0.2736, Label: 5, Survival Months: 34.83, Risk: -17.0242
	--> Average Speed: 0.06s per batch
	--> Time from Last Check: 1.85s
--> Batch: 349, Loss: 0.3238, Label: 5, Survival Months: 35.42, Risk: -9.9862
	--> Average Speed: 0.06s per batch
	--> Time from Last Check: 1.82s
--> Batch: 399, Loss: 0.2771, Label: 5, Survival Months: 37.58, Risk: -14.8797
	--> Average Speed: 0.06s per batch
	--> Time from Last Check: 1.83s
--> Batch: 449, Loss: 0.3778, Label: 17, Survival Months: 191.50, Risk: -16.8814
	--> Average Speed: 0.06s per batch
	--> Time from Last Check: 1.83s
--> Batch: 499, Loss: 0.2685, Label: 0, Survival Months: 0.00, Risk: -16.0148
	--> Average Speed: 0.06s per batch
	--> Time from Last Check: 1.90s
--> Batch: 549, Loss: 0.2680, Label: 6, Survival Months: 40.75, Risk: -16.8524
	--> Average Speed: 0.06s per batch
	--> Time from Last Check: 1.88s
--> Batch: 599, Loss: 0.4834, Label: 13, Survival Months: 96.42, Risk: -10.7635
	--> Average Speed: 0.06s per batch
	--> Time from Last Check: 1.82s
--> Batch: 649, Loss: 0.2942, Label: 12, Survival Months: 84.58, Risk: -16.7201
	--> Average Speed: 0.06s per batch
	--> Time from Last Check: 1.81s
--> Batch: 699, Loss: 0.3456, Label: 15, Survival Months: 123.08, Risk: -16.3128
	--> Average Speed: 0.05s per batch
	--> Time from Last Check: 1.73s
--> Batch: 749, Loss: 0.5813, Label: 9, Survival Months: 52.17, Risk: -5.1432
	--> Average Speed: 0.06s per batch
	--> Time from Last Check: 1.87s
--> Batch: 799, Loss: 0.2694, Label: 10, Survival Months: 63.67, Risk: -17.3853
	--> Average Speed: 0.06s per batch
	--> Time from Last Check: 1.84s
[07/01/2025 - 04:52:58] - Epoch: 14, lr: 0.00008775, train_loss: 0.5771, train_c_index: 0.8843
[07/01/2025 - 04:53:00] - Epoch: 14, val_loss: 0.9586, val_c_index: 0.4370
[07/01/2025 - 04:53:00] - Time elapsed for epoch 14: 34s
[07/01/2025 - 04:53:00] - Epoch: 15
--> Batch: 49, Loss: 0.3598, Label: 16, Survival Months: 155.50, Risk: -16.3774
	--> Average Speed: 0.07s per batch
	--> Time from Last Check: 2.35s
--> Batch: 99, Loss: 0.3060, Label: 16, Survival Months: 153.50, Risk: -17.7763
	--> Average Speed: 0.06s per batch
	--> Time from Last Check: 1.88s
--> Batch: 149, Loss: 0.2653, Label: 13, Survival Months: 91.92, Risk: -18.5535
	--> Average Speed: 0.06s per batch
	--> Time from Last Check: 1.84s
--> Batch: 199, Loss: 0.2933, Label: 12, Survival Months: 80.67, Risk: -16.3670
	--> Average Speed: 0.06s per batch
	--> Time from Last Check: 1.90s
--> Batch: 249, Loss: 0.2853, Label: 12, Survival Months: 84.00, Risk: -16.9452
	--> Average Speed: 0.06s per batch
	--> Time from Last Check: 1.89s
--> Batch: 299, Loss: 0.2592, Label: 0, Survival Months: 0.83, Risk: -18.5062
	--> Average Speed: 0.06s per batch
	--> Time from Last Check: 1.93s
--> Batch: 349, Loss: 0.2627, Label: 13, Survival Months: 96.33, Risk: -18.6175
	--> Average Speed: 0.06s per batch
	--> Time from Last Check: 1.96s
--> Batch: 399, Loss: 2.9278, Label: 8, Survival Months: 48.08, Risk: -3.1450
	--> Average Speed: 0.06s per batch
	--> Time from Last Check: 1.79s
--> Batch: 449, Loss: 0.2839, Label: 11, Survival Months: 75.58, Risk: -16.0531
	--> Average Speed: 0.06s per batch
	--> Time from Last Check: 1.86s
--> Batch: 499, Loss: 0.3018, Label: 15, Survival Months: 138.50, Risk: -17.5127
	--> Average Speed: 0.06s per batch
	--> Time from Last Check: 1.93s
--> Batch: 549, Loss: 0.2553, Label: 4, Survival Months: 32.67, Risk: -18.3889
	--> Average Speed: 0.06s per batch
	--> Time from Last Check: 1.89s
--> Batch: 599, Loss: 0.7045, Label: 16, Survival Months: 148.33, Risk: -9.0763
	--> Average Speed: 0.06s per batch
	--> Time from Last Check: 1.93s
--> Batch: 649, Loss: 0.2850, Label: 13, Survival Months: 95.08, Risk: -17.0553
	--> Average Speed: 0.06s per batch
	--> Time from Last Check: 1.80s
--> Batch: 699, Loss: 0.2569, Label: 1, Survival Months: 2.83, Risk: -18.1817
	--> Average Speed: 0.05s per batch
	--> Time from Last Check: 1.76s
--> Batch: 749, Loss: 0.2636, Label: 14, Survival Months: 110.08, Risk: -18.3461
	--> Average Speed: 0.05s per batch
	--> Time from Last Check: 1.74s
--> Batch: 799, Loss: 0.2543, Label: 6, Survival Months: 42.42, Risk: -18.6408
	--> Average Speed: 0.06s per batch
	--> Time from Last Check: 1.80s
[07/01/2025 - 04:53:32] - Epoch: 15, lr: 0.00008687, train_loss: 0.5620, train_c_index: 0.8927
[07/01/2025 - 04:53:34] - Epoch: 15, val_loss: 0.9406, val_c_index: 0.5220
[07/01/2025 - 04:53:34] - Time elapsed for epoch 15: 34s
[07/01/2025 - 04:53:34] - Epoch: 16
--> Batch: 49, Loss: 0.2552, Label: 5, Survival Months: 35.00, Risk: -18.3069
	--> Average Speed: 0.07s per batch
	--> Time from Last Check: 2.26s
--> Batch: 99, Loss: 0.3728, Label: 13, Survival Months: 89.50, Risk: -13.5390
	--> Average Speed: 0.06s per batch
	--> Time from Last Check: 1.92s
--> Batch: 149, Loss: 0.3113, Label: 16, Survival Months: 162.33, Risk: -17.2979
	--> Average Speed: 0.06s per batch
	--> Time from Last Check: 1.90s
--> Batch: 199, Loss: 0.2527, Label: 0, Survival Months: 0.00, Risk: -17.2119
	--> Average Speed: 0.06s per batch
	--> Time from Last Check: 1.91s
--> Batch: 249, Loss: 0.2840, Label: 17, Survival Months: 179.67, Risk: -18.2011
	--> Average Speed: 0.06s per batch
	--> Time from Last Check: 1.84s
--> Batch: 299, Loss: 0.8133, Label: 14, Survival Months: 103.83, Risk: -6.0393
	--> Average Speed: 0.05s per batch
	--> Time from Last Check: 1.67s
--> Batch: 349, Loss: 0.2504, Label: 6, Survival Months: 39.25, Risk: -16.8385
	--> Average Speed: 0.06s per batch
	--> Time from Last Check: 1.82s
--> Batch: 399, Loss: 0.2485, Label: 5, Survival Months: 37.92, Risk: -17.2187
	--> Average Speed: 0.06s per batch
	--> Time from Last Check: 1.79s
--> Batch: 449, Loss: 0.2798, Label: 16, Survival Months: 148.58, Risk: -17.8509
	--> Average Speed: 0.06s per batch
	--> Time from Last Check: 1.78s
--> Batch: 499, Loss: 0.2958, Label: 4, Survival Months: 33.00, Risk: -9.8268
	--> Average Speed: 0.05s per batch
	--> Time from Last Check: 1.75s
--> Batch: 549, Loss: 0.2458, Label: 10, Survival Months: 59.50, Risk: -17.7687
	--> Average Speed: 0.06s per batch
	--> Time from Last Check: 1.85s
--> Batch: 599, Loss: 0.2894, Label: 16, Survival Months: 145.50, Risk: -17.4903
	--> Average Speed: 0.06s per batch
	--> Time from Last Check: 1.84s
--> Batch: 649, Loss: 0.2467, Label: 9, Survival Months: 54.00, Risk: -17.2782
	--> Average Speed: 0.06s per batch
	--> Time from Last Check: 1.87s
--> Batch: 699, Loss: 0.2430, Label: 6, Survival Months: 40.67, Risk: -18.5484
	--> Average Speed: 0.06s per batch
	--> Time from Last Check: 1.84s
--> Batch: 749, Loss: 0.2801, Label: 17, Survival Months: 179.25, Risk: -18.1204
	--> Average Speed: 0.06s per batch
	--> Time from Last Check: 1.84s
--> Batch: 799, Loss: 0.6495, Label: 19, Survival Months: 346.58, Risk: -16.8816
	--> Average Speed: 0.06s per batch
	--> Time from Last Check: 1.87s
[07/01/2025 - 04:54:05] - Epoch: 16, lr: 0.00008601, train_loss: 0.5453, train_c_index: 0.8969
[07/01/2025 - 04:54:08] - Epoch: 16, val_loss: 0.9087, val_c_index: 0.4690
[07/01/2025 - 04:54:08] - Time elapsed for epoch 16: 34s
[07/01/2025 - 04:54:08] - Epoch: 17
--> Batch: 49, Loss: 0.2528, Label: 10, Survival Months: 60.67, Risk: -16.2484
	--> Average Speed: 0.06s per batch
	--> Time from Last Check: 1.85s
--> Batch: 99, Loss: 0.2413, Label: 2, Survival Months: 19.25, Risk: -16.1243
	--> Average Speed: 0.06s per batch
	--> Time from Last Check: 1.79s
--> Batch: 149, Loss: 0.2552, Label: 15, Survival Months: 131.00, Risk: -18.4327
	--> Average Speed: 0.06s per batch
	--> Time from Last Check: 1.86s
--> Batch: 199, Loss: 0.2371, Label: 3, Survival Months: 28.08, Risk: -17.6488
	--> Average Speed: 0.06s per batch
	--> Time from Last Check: 1.81s
--> Batch: 249, Loss: 0.2357, Label: 0, Survival Months: 0.83, Risk: -16.4400
	--> Average Speed: 0.06s per batch
	--> Time from Last Check: 1.85s
--> Batch: 299, Loss: 0.2382, Label: 2, Survival Months: 18.75, Risk: -15.6191
	--> Average Speed: 0.06s per batch
	--> Time from Last Check: 1.87s
--> Batch: 349, Loss: 0.6125, Label: 19, Survival Months: 363.42, Risk: -15.9100
	--> Average Speed: 0.06s per batch
	--> Time from Last Check: 1.82s
--> Batch: 399, Loss: 0.2828, Label: 17, Survival Months: 187.92, Risk: -18.1294
	--> Average Speed: 0.06s per batch
	--> Time from Last Check: 1.88s
--> Batch: 449, Loss: 0.2318, Label: 6, Survival Months: 39.25, Risk: -18.1214
	--> Average Speed: 0.06s per batch
	--> Time from Last Check: 1.83s
--> Batch: 499, Loss: 0.2491, Label: 2, Survival Months: 18.92, Risk: -12.2171
	--> Average Speed: 0.06s per batch
	--> Time from Last Check: 1.86s
--> Batch: 549, Loss: 0.2575, Label: 4, Survival Months: 34.67, Risk: -11.5327
	--> Average Speed: 0.06s per batch
	--> Time from Last Check: 1.85s
--> Batch: 599, Loss: 0.2682, Label: 15, Survival Months: 130.75, Risk: -17.6834
	--> Average Speed: 0.06s per batch
	--> Time from Last Check: 1.87s
--> Batch: 649, Loss: 0.2311, Label: 9, Survival Months: 53.25, Risk: -16.9755
	--> Average Speed: 0.06s per batch
	--> Time from Last Check: 1.87s
--> Batch: 699, Loss: 0.2304, Label: 9, Survival Months: 53.67, Risk: -16.9543
	--> Average Speed: 0.05s per batch
	--> Time from Last Check: 1.72s
--> Batch: 749, Loss: 0.2266, Label: 9, Survival Months: 55.17, Risk: -18.2514
	--> Average Speed: 0.06s per batch
	--> Time from Last Check: 1.83s
--> Batch: 799, Loss: 0.2880, Label: 16, Survival Months: 156.83, Risk: -17.2172
	--> Average Speed: 0.06s per batch
	--> Time from Last Check: 1.78s
[07/01/2025 - 04:54:39] - Epoch: 17, lr: 0.00008515, train_loss: 0.5176, train_c_index: 0.9053
[07/01/2025 - 04:54:42] - Epoch: 17, val_loss: 1.0099, val_c_index: 0.4804
[07/01/2025 - 04:54:42] - Time elapsed for epoch 17: 34s
[07/01/2025 - 04:54:42] - Epoch: 18
--> Batch: 49, Loss: 0.2275, Label: 7, Survival Months: 46.17, Risk: -17.4487
	--> Average Speed: 0.07s per batch
	--> Time from Last Check: 2.13s
--> Batch: 99, Loss: 0.2273, Label: 7, Survival Months: 47.42, Risk: -17.5041
	--> Average Speed: 0.06s per batch
	--> Time from Last Check: 1.85s
--> Batch: 149, Loss: 1.2558, Label: 18, Survival Months: 210.00, Risk: -17.9959
	--> Average Speed: 0.06s per batch
	--> Time from Last Check: 1.88s
--> Batch: 199, Loss: 0.2419, Label: 0, Survival Months: 0.83, Risk: -7.8346
	--> Average Speed: 0.06s per batch
	--> Time from Last Check: 1.85s
--> Batch: 249, Loss: 0.2247, Label: 2, Survival Months: 21.50, Risk: -17.4148
	--> Average Speed: 0.06s per batch
	--> Time from Last Check: 1.93s
--> Batch: 299, Loss: 0.2618, Label: 15, Survival Months: 123.00, Risk: -17.4281
	--> Average Speed: 0.06s per batch
	--> Time from Last Check: 1.90s
--> Batch: 349, Loss: 0.2234, Label: 8, Survival Months: 50.83, Risk: -18.0737
	--> Average Speed: 0.06s per batch
	--> Time from Last Check: 1.91s
--> Batch: 399, Loss: 0.2775, Label: 17, Survival Months: 188.58, Risk: -17.6817
	--> Average Speed: 0.06s per batch
	--> Time from Last Check: 1.89s
--> Batch: 449, Loss: 0.2217, Label: 4, Survival Months: 32.08, Risk: -18.1583
	--> Average Speed: 0.06s per batch
	--> Time from Last Check: 1.89s
--> Batch: 499, Loss: 0.2213, Label: 5, Survival Months: 35.08, Risk: -17.9884
	--> Average Speed: 0.06s per batch
	--> Time from Last Check: 1.84s
--> Batch: 549, Loss: 0.2215, Label: 2, Survival Months: 25.75, Risk: -16.6471
	--> Average Speed: 0.06s per batch
	--> Time from Last Check: 1.89s
--> Batch: 599, Loss: 2.5552, Label: 11, Survival Months: 73.58, Risk: -14.3143
	--> Average Speed: 0.06s per batch
	--> Time from Last Check: 1.80s
--> Batch: 649, Loss: 0.7252, Label: 19, Survival Months: 329.75, Risk: -13.8879
	--> Average Speed: 0.06s per batch
	--> Time from Last Check: 1.80s
--> Batch: 699, Loss: 0.2278, Label: 14, Survival Months: 114.25, Risk: -18.5906
	--> Average Speed: 0.06s per batch
	--> Time from Last Check: 1.90s
--> Batch: 749, Loss: 0.2195, Label: 6, Survival Months: 39.75, Risk: -17.4523
	--> Average Speed: 0.06s per batch
	--> Time from Last Check: 1.91s
--> Batch: 799, Loss: 0.2257, Label: 6, Survival Months: 39.75, Risk: -14.6532
	--> Average Speed: 0.06s per batch
	--> Time from Last Check: 1.82s
[07/01/2025 - 04:55:13] - Epoch: 18, lr: 0.00008429, train_loss: 0.5021, train_c_index: 0.9347
[07/01/2025 - 04:55:16] - Epoch: 18, val_loss: 1.0135, val_c_index: 0.4542
[07/01/2025 - 04:55:16] - Time elapsed for epoch 18: 34s
[07/01/2025 - 04:55:16] - Epoch: 19
--> Batch: 49, Loss: 0.2932, Label: 16, Survival Months: 151.67, Risk: -16.9541
	--> Average Speed: 0.06s per batch
	--> Time from Last Check: 1.97s
--> Batch: 99, Loss: 0.3481, Label: 18, Survival Months: 218.50, Risk: -18.3918
	--> Average Speed: 0.05s per batch
	--> Time from Last Check: 1.73s
--> Batch: 149, Loss: 0.2306, Label: 12, Survival Months: 81.17, Risk: -17.6282
	--> Average Speed: 0.06s per batch
	--> Time from Last Check: 1.84s
--> Batch: 199, Loss: 0.2184, Label: 0, Survival Months: 0.83, Risk: -18.1218
	--> Average Speed: 0.06s per batch
	--> Time from Last Check: 1.81s
--> Batch: 249, Loss: 0.2176, Label: 2, Survival Months: 24.17, Risk: -17.1447
	--> Average Speed: 0.06s per batch
	--> Time from Last Check: 1.87s
--> Batch: 299, Loss: 0.2253, Label: 9, Survival Months: 54.17, Risk: -16.3692
	--> Average Speed: 0.06s per batch
	--> Time from Last Check: 1.88s
--> Batch: 349, Loss: 0.2189, Label: 9, Survival Months: 56.25, Risk: -18.1319
	--> Average Speed: 0.06s per batch
	--> Time from Last Check: 1.91s
--> Batch: 399, Loss: 0.2208, Label: 12, Survival Months: 86.92, Risk: -18.7331
	--> Average Speed: 0.06s per batch
	--> Time from Last Check: 1.90s
--> Batch: 449, Loss: 0.2185, Label: 3, Survival Months: 28.08, Risk: -18.1431
	--> Average Speed: 0.06s per batch
	--> Time from Last Check: 1.88s
--> Batch: 499, Loss: 0.2186, Label: 7, Survival Months: 46.67, Risk: -17.8995
	--> Average Speed: 0.06s per batch
	--> Time from Last Check: 1.87s
--> Batch: 549, Loss: 0.2196, Label: 9, Survival Months: 54.92, Risk: -17.6909
	--> Average Speed: 0.06s per batch
	--> Time from Last Check: 1.80s
--> Batch: 599, Loss: 0.2207, Label: 10, Survival Months: 62.67, Risk: -17.5667
	--> Average Speed: 0.06s per batch
	--> Time from Last Check: 1.85s
--> Batch: 649, Loss: 0.2329, Label: 13, Survival Months: 99.67, Risk: -17.2099
	--> Average Speed: 0.06s per batch
	--> Time from Last Check: 1.86s
--> Batch: 699, Loss: 0.2220, Label: 14, Survival Months: 109.83, Risk: -18.4620
	--> Average Speed: 0.06s per batch
	--> Time from Last Check: 1.81s
--> Batch: 749, Loss: 3.7227, Label: 2, Survival Months: 22.17, Risk: -13.1335
	--> Average Speed: 0.06s per batch
	--> Time from Last Check: 1.86s
--> Batch: 799, Loss: 0.2173, Label: 13, Survival Months: 92.17, Risk: -18.5626
	--> Average Speed: 0.06s per batch
	--> Time from Last Check: 1.89s
[07/01/2025 - 04:55:47] - Epoch: 19, lr: 0.00008345, train_loss: 0.5110, train_c_index: 0.9181
[07/01/2025 - 04:55:50] - Epoch: 19, val_loss: 1.0092, val_c_index: 0.4752
[07/01/2025 - 04:55:50] - Time elapsed for epoch 19: 34s
[07/01/2025 - 04:55:50] - Epoch: 20
--> Batch: 49, Loss: 0.2166, Label: 2, Survival Months: 18.92, Risk: -16.9724
	--> Average Speed: 0.06s per batch
	--> Time from Last Check: 2.02s
--> Batch: 99, Loss: 0.5761, Label: 19, Survival Months: 281.17, Risk: -17.9450
	--> Average Speed: 0.05s per batch
	--> Time from Last Check: 1.74s
--> Batch: 149, Loss: 0.7251, Label: 19, Survival Months: 588.92, Risk: -14.9383
	--> Average Speed: 0.06s per batch
	--> Time from Last Check: 1.84s
--> Batch: 199, Loss: 0.2137, Label: 11, Survival Months: 76.00, Risk: -17.7105
	--> Average Speed: 0.06s per batch
	--> Time from Last Check: 1.89s
--> Batch: 249, Loss: 0.2085, Label: 3, Survival Months: 29.00, Risk: -18.1655
	--> Average Speed: 0.06s per batch
	--> Time from Last Check: 1.95s
--> Batch: 299, Loss: 2.2895, Label: 12, Survival Months: 84.08, Risk: -8.5058
	--> Average Speed: 0.06s per batch
	--> Time from Last Check: 1.85s
--> Batch: 349, Loss: 0.2067, Label: 1, Survival Months: 13.58, Risk: -17.7324
	--> Average Speed: 0.06s per batch
	--> Time from Last Check: 1.91s
--> Batch: 399, Loss: 0.2146, Label: 13, Survival Months: 97.83, Risk: -17.9293
	--> Average Speed: 0.05s per batch
	--> Time from Last Check: 1.74s
--> Batch: 449, Loss: 0.2091, Label: 3, Survival Months: 30.42, Risk: -15.7626
	--> Average Speed: 0.06s per batch
	--> Time from Last Check: 1.86s
--> Batch: 499, Loss: 0.2096, Label: 8, Survival Months: 49.17, Risk: -16.8813
	--> Average Speed: 0.06s per batch
	--> Time from Last Check: 1.89s
--> Batch: 549, Loss: 0.2101, Label: 5, Survival Months: 34.75, Risk: -15.6523
	--> Average Speed: 0.06s per batch
	--> Time from Last Check: 1.84s
--> Batch: 599, Loss: 0.3867, Label: 17, Survival Months: 179.67, Risk: -15.2872
	--> Average Speed: 0.06s per batch
	--> Time from Last Check: 1.87s
--> Batch: 649, Loss: 0.3927, Label: 18, Survival Months: 230.58, Risk: -17.0974
	--> Average Speed: 0.06s per batch
	--> Time from Last Check: 1.91s
--> Batch: 699, Loss: 0.2154, Label: 15, Survival Months: 131.17, Risk: -18.5605
	--> Average Speed: 0.06s per batch
	--> Time from Last Check: 1.86s
--> Batch: 749, Loss: 0.2510, Label: 8, Survival Months: 47.92, Risk: -12.4408
	--> Average Speed: 0.06s per batch
	--> Time from Last Check: 1.85s
--> Batch: 799, Loss: 0.3692, Label: 18, Survival Months: 206.92, Risk: -17.4176
	--> Average Speed: 0.06s per batch
	--> Time from Last Check: 1.97s
[07/01/2025 - 04:56:21] - Epoch: 20, lr: 0.00008262, train_loss: 0.4869, train_c_index: 0.9280
--> Saving model into checkpoints/MCAT_TCGA-BRCA-GE-ME_E20_202501070456.pt
[07/01/2025 - 04:56:24] - Epoch: 20, val_loss: 1.0301, val_c_index: 0.4833
[07/01/2025 - 04:56:24] - Time elapsed for epoch 20: 34s

################# [07/01/2025 - 04:56:24] - Training completed #################

################# [07/01/2025 - 04:56:24] - Validation started #################
[07/01/2025 - 04:56:26] - Final Validation, val_loss: 1.0301, val_c_index: 0.4833
[07/01/2025 - 04:56:26] - Time elapsed for Validation: 2s

################ [07/01/2025 - 04:56:26] - Validation completed ################

################## [07/01/2025 - 04:56:29] - MCAT terminated ###################
