Environment conda activated
Job 2503940 started

#################### [07/01/2025 - 04:05:06] - MCAT started ####################
HOSTNAME: carabbaggio

WANDB: setting up for report

CUDA: available
--> Device count: 1
--> Using device: NVIDIA GeForce GTX 1080 Ti
--> Running on CUDA

DATASET: Loading data
--> Remaining samples after removing incomplete: 1039
--> Class intervals: [
	0: [0.00 - 2.57]
	1: [2.57 - 17.70]
	2: [17.70 - 26.37]
	3: [26.37 - 31.25]
	4: [31.25 - 34.71]
	5: [34.71 - 38.03]
	6: [38.03 - 42.94]
	7: [42.94 - 47.45]
	8: [47.45 - 51.69]
	9: [51.69 - 58.17]
	10: [58.17 - 67.10]
	11: [67.10 - 79.80]
	12: [79.80 - 88.56]
	13: [88.56 - 102.25]
	14: [102.25 - 120.62]
	15: [120.62 - 141.88]
	16: [141.88 - 174.40]
	17: [174.40 - 205.88]
	18: [205.88 - 263.29]
	19: [263.29 - 593.83]
    ]
--> Standardizing RNA-seq data
--> Standardizing Methylation Islands beta values
--> Gene Expression Signatures size: [19938]
--> Methylation Signatures size: [4522]
--> Using 80% training, 20% validation
--> Training Set: [831], Validation Set: [208]

MODEL: MCAT
--> Trainable parameters of MCAT: 9362966
--> Loss function: CrossEntropySurvivalLoss
--> Optimizer: adam

################## [07/01/2025 - 04:05:37] - Training started ##################
[07/01/2025 - 04:05:37] - Epoch: 1
--> Batch: 49, Loss: 8.1861, Label: 11, Survival Months: 78.58, Risk: -1.0769
	--> Average Speed: 0.07s per batch
	--> Time from Last Check: 2.12s
--> Batch: 99, Loss: 2.5117, Label: 5, Survival Months: 37.58, Risk: -1.1790
	--> Average Speed: 0.05s per batch
	--> Time from Last Check: 1.74s
--> Batch: 149, Loss: 3.8873, Label: 16, Survival Months: 166.33, Risk: -1.1827
	--> Average Speed: 0.05s per batch
	--> Time from Last Check: 1.69s
--> Batch: 199, Loss: 2.7322, Label: 8, Survival Months: 49.00, Risk: -1.2998
	--> Average Speed: 0.05s per batch
	--> Time from Last Check: 1.73s
--> Batch: 249, Loss: 3.6537, Label: 17, Survival Months: 193.00, Risk: -1.4962
	--> Average Speed: 0.05s per batch
	--> Time from Last Check: 1.74s
--> Batch: 299, Loss: 1.8328, Label: 2, Survival Months: 23.75, Risk: -1.8629
	--> Average Speed: 0.05s per batch
	--> Time from Last Check: 1.72s
--> Batch: 349, Loss: 3.0698, Label: 18, Survival Months: 210.08, Risk: -2.7007
	--> Average Speed: 0.05s per batch
	--> Time from Last Check: 1.69s
--> Batch: 399, Loss: 7.0537, Label: 19, Survival Months: 284.08, Risk: -3.9729
	--> Average Speed: 0.06s per batch
	--> Time from Last Check: 1.87s
--> Batch: 449, Loss: 1.5999, Label: 6, Survival Months: 39.08, Risk: -8.2613
	--> Average Speed: 0.05s per batch
	--> Time from Last Check: 1.72s
--> Batch: 499, Loss: 1.5841, Label: 13, Survival Months: 97.08, Risk: -12.8590
	--> Average Speed: 0.05s per batch
	--> Time from Last Check: 1.75s
--> Batch: 549, Loss: 1.4559, Label: 3, Survival Months: 26.83, Risk: -14.1471
	--> Average Speed: 0.05s per batch
	--> Time from Last Check: 1.64s
--> Batch: 599, Loss: 1.4291, Label: 4, Survival Months: 34.33, Risk: -15.3359
	--> Average Speed: 0.05s per batch
	--> Time from Last Check: 1.73s
--> Batch: 649, Loss: 1.3924, Label: 1, Survival Months: 4.33, Risk: -16.1175
	--> Average Speed: 0.05s per batch
	--> Time from Last Check: 1.72s
--> Batch: 699, Loss: 1.3724, Label: 0, Survival Months: 0.83, Risk: -16.0651
	--> Average Speed: 0.05s per batch
	--> Time from Last Check: 1.66s
--> Batch: 749, Loss: 1.3572, Label: 1, Survival Months: 11.17, Risk: -13.9679
	--> Average Speed: 0.05s per batch
	--> Time from Last Check: 1.61s
--> Batch: 799, Loss: 1.6436, Label: 17, Survival Months: 182.58, Risk: -11.6437
	--> Average Speed: 0.05s per batch
	--> Time from Last Check: 1.76s
[07/01/2025 - 04:06:06] - Epoch: 1, lr: 0.00010000, train_loss: 2.5901, train_c_index: 0.4567
[07/01/2025 - 04:06:08] - Epoch: 1, val_loss: 1.6867, val_c_index: 0.5143
[07/01/2025 - 04:06:08] - Time elapsed for epoch 1: 32s
[07/01/2025 - 04:06:08] - Epoch: 2
--> Batch: 49, Loss: 1.4822, Label: 16, Survival Months: 148.33, Risk: -13.6145
	--> Average Speed: 0.06s per batch
	--> Time from Last Check: 1.78s
--> Batch: 99, Loss: 1.2917, Label: 1, Survival Months: 5.83, Risk: -13.2484
	--> Average Speed: 0.05s per batch
	--> Time from Last Check: 1.70s
--> Batch: 149, Loss: 1.4152, Label: 14, Survival Months: 112.58, Risk: -13.3656
	--> Average Speed: 0.05s per batch
	--> Time from Last Check: 1.75s
--> Batch: 199, Loss: 1.2773, Label: 7, Survival Months: 44.33, Risk: -14.8853
	--> Average Speed: 0.05s per batch
	--> Time from Last Check: 1.70s
--> Batch: 249, Loss: 1.4486, Label: 18, Survival Months: 233.00, Risk: -14.7042
	--> Average Speed: 0.05s per batch
	--> Time from Last Check: 1.70s
--> Batch: 299, Loss: 1.3024, Label: 13, Survival Months: 101.75, Risk: -14.6806
	--> Average Speed: 0.05s per batch
	--> Time from Last Check: 1.68s
--> Batch: 349, Loss: 1.2343, Label: 8, Survival Months: 47.92, Risk: -15.4366
	--> Average Speed: 0.05s per batch
	--> Time from Last Check: 1.75s
--> Batch: 399, Loss: 1.4035, Label: 17, Survival Months: 197.67, Risk: -13.4508
	--> Average Speed: 0.06s per batch
	--> Time from Last Check: 1.79s
--> Batch: 449, Loss: 1.2447, Label: 11, Survival Months: 69.08, Risk: -13.8990
	--> Average Speed: 0.05s per batch
	--> Time from Last Check: 1.70s
--> Batch: 499, Loss: 1.2603, Label: 12, Survival Months: 84.17, Risk: -13.3440
	--> Average Speed: 0.06s per batch
	--> Time from Last Check: 1.82s
--> Batch: 549, Loss: 1.2037, Label: 7, Survival Months: 44.33, Risk: -12.2902
	--> Average Speed: 0.06s per batch
	--> Time from Last Check: 1.79s
--> Batch: 599, Loss: 5.0683, Label: 9, Survival Months: 53.25, Risk: -13.5831
	--> Average Speed: 0.05s per batch
	--> Time from Last Check: 1.75s
--> Batch: 649, Loss: 1.1265, Label: 0, Survival Months: 1.75, Risk: -14.3024
	--> Average Speed: 0.05s per batch
	--> Time from Last Check: 1.75s
--> Batch: 699, Loss: 1.2036, Label: 13, Survival Months: 101.58, Risk: -14.0133
	--> Average Speed: 0.05s per batch
	--> Time from Last Check: 1.68s
--> Batch: 749, Loss: 1.1168, Label: 7, Survival Months: 45.92, Risk: -15.3606
	--> Average Speed: 0.05s per batch
	--> Time from Last Check: 1.74s
--> Batch: 799, Loss: 1.1016, Label: 5, Survival Months: 35.33, Risk: -14.6737
	--> Average Speed: 0.05s per batch
	--> Time from Last Check: 1.75s
[07/01/2025 - 04:06:37] - Epoch: 2, lr: 0.00009900, train_loss: 1.6017, train_c_index: 0.5415
[07/01/2025 - 04:06:40] - Epoch: 2, val_loss: 1.4472, val_c_index: 0.5161
[07/01/2025 - 04:06:40] - Time elapsed for epoch 2: 32s
[07/01/2025 - 04:06:40] - Epoch: 3
--> Batch: 49, Loss: 1.1952, Label: 15, Survival Months: 130.75, Risk: -14.3559
	--> Average Speed: 0.06s per batch
	--> Time from Last Check: 1.89s
--> Batch: 99, Loss: 1.0609, Label: 3, Survival Months: 30.17, Risk: -16.0780
	--> Average Speed: 0.05s per batch
	--> Time from Last Check: 1.68s
--> Batch: 149, Loss: 1.0559, Label: 3, Survival Months: 26.83, Risk: -14.2467
	--> Average Speed: 0.05s per batch
	--> Time from Last Check: 1.73s
--> Batch: 199, Loss: 1.1691, Label: 12, Survival Months: 81.08, Risk: -11.7694
	--> Average Speed: 0.05s per batch
	--> Time from Last Check: 1.73s
--> Batch: 249, Loss: 1.0330, Label: 7, Survival Months: 44.33, Risk: -15.6433
	--> Average Speed: 0.05s per batch
	--> Time from Last Check: 1.70s
--> Batch: 299, Loss: 1.2626, Label: 18, Survival Months: 260.08, Risk: -14.5444
	--> Average Speed: 0.05s per batch
	--> Time from Last Check: 1.75s
--> Batch: 349, Loss: 0.9995, Label: 0, Survival Months: 0.75, Risk: -14.0242
	--> Average Speed: 0.05s per batch
	--> Time from Last Check: 1.73s
--> Batch: 399, Loss: 0.9884, Label: 1, Survival Months: 8.17, Risk: -13.9924
	--> Average Speed: 0.05s per batch
	--> Time from Last Check: 1.74s
--> Batch: 449, Loss: 1.1263, Label: 16, Survival Months: 174.25, Risk: -14.1452
	--> Average Speed: 0.06s per batch
	--> Time from Last Check: 1.77s
--> Batch: 499, Loss: 1.0960, Label: 12, Survival Months: 82.00, Risk: -11.8322
	--> Average Speed: 0.05s per batch
	--> Time from Last Check: 1.67s
--> Batch: 549, Loss: 0.9523, Label: 1, Survival Months: 14.33, Risk: -16.5161
	--> Average Speed: 0.06s per batch
	--> Time from Last Check: 1.78s
--> Batch: 599, Loss: 1.0660, Label: 7, Survival Months: 45.42, Risk: -8.4397
	--> Average Speed: 0.05s per batch
	--> Time from Last Check: 1.71s
--> Batch: 649, Loss: 0.9322, Label: 0, Survival Months: 0.83, Risk: -15.4736
	--> Average Speed: 0.05s per batch
	--> Time from Last Check: 1.72s
--> Batch: 699, Loss: 0.9715, Label: 14, Survival Months: 109.08, Risk: -16.3938
	--> Average Speed: 0.05s per batch
	--> Time from Last Check: 1.63s
--> Batch: 749, Loss: 0.9207, Label: 6, Survival Months: 39.17, Risk: -16.3986
	--> Average Speed: 0.05s per batch
	--> Time from Last Check: 1.70s
--> Batch: 799, Loss: 0.9190, Label: 4, Survival Months: 34.08, Risk: -14.8080
	--> Average Speed: 0.06s per batch
	--> Time from Last Check: 1.76s
[07/01/2025 - 04:07:09] - Epoch: 3, lr: 0.00009801, train_loss: 1.3905, train_c_index: 0.5162
[07/01/2025 - 04:07:11] - Epoch: 3, val_loss: 1.2842, val_c_index: 0.5223
[07/01/2025 - 04:07:11] - Time elapsed for epoch 3: 31s
[07/01/2025 - 04:07:11] - Epoch: 4
--> Batch: 49, Loss: 2.2905, Label: 18, Survival Months: 214.42, Risk: -16.2202
	--> Average Speed: 0.06s per batch
	--> Time from Last Check: 1.85s
--> Batch: 99, Loss: 3.8001, Label: 11, Survival Months: 67.58, Risk: -14.1297
	--> Average Speed: 0.05s per batch
	--> Time from Last Check: 1.76s
--> Batch: 149, Loss: 0.8693, Label: 2, Survival Months: 24.50, Risk: -16.6372
	--> Average Speed: 0.06s per batch
	--> Time from Last Check: 1.79s
--> Batch: 199, Loss: 0.8861, Label: 5, Survival Months: 34.75, Risk: -13.2422
	--> Average Speed: 0.05s per batch
	--> Time from Last Check: 1.75s
--> Batch: 249, Loss: 0.9457, Label: 14, Survival Months: 109.08, Risk: -14.3739
	--> Average Speed: 0.05s per batch
	--> Time from Last Check: 1.75s
--> Batch: 299, Loss: 0.8623, Label: 9, Survival Months: 52.17, Risk: -15.5831
	--> Average Speed: 0.05s per batch
	--> Time from Last Check: 1.70s
--> Batch: 349, Loss: 1.1039, Label: 17, Survival Months: 188.58, Risk: -11.7850
	--> Average Speed: 0.05s per batch
	--> Time from Last Check: 1.72s
--> Batch: 399, Loss: 0.8312, Label: 3, Survival Months: 29.83, Risk: -15.6694
	--> Average Speed: 0.05s per batch
	--> Time from Last Check: 1.68s
--> Batch: 449, Loss: 3.5993, Label: 15, Survival Months: 137.42, Risk: -16.5224
	--> Average Speed: 0.05s per batch
	--> Time from Last Check: 1.69s
--> Batch: 499, Loss: 0.8641, Label: 11, Survival Months: 71.33, Risk: -14.4338
	--> Average Speed: 0.05s per batch
	--> Time from Last Check: 1.75s
--> Batch: 549, Loss: 0.8711, Label: 15, Survival Months: 137.33, Risk: -16.0866
	--> Average Speed: 0.06s per batch
	--> Time from Last Check: 1.80s
--> Batch: 599, Loss: 0.8246, Label: 7, Survival Months: 45.92, Risk: -13.4845
	--> Average Speed: 0.05s per batch
	--> Time from Last Check: 1.69s
--> Batch: 649, Loss: 1.0735, Label: 15, Survival Months: 132.08, Risk: -10.0207
	--> Average Speed: 0.05s per batch
	--> Time from Last Check: 1.68s
--> Batch: 699, Loss: 0.9069, Label: 13, Survival Months: 93.67, Risk: -12.5344
	--> Average Speed: 0.05s per batch
	--> Time from Last Check: 1.75s
--> Batch: 749, Loss: 0.8570, Label: 11, Survival Months: 69.08, Risk: -12.7570
	--> Average Speed: 0.05s per batch
	--> Time from Last Check: 1.75s
--> Batch: 799, Loss: 0.9111, Label: 17, Survival Months: 197.67, Risk: -14.6664
	--> Average Speed: 0.05s per batch
	--> Time from Last Check: 1.74s
[07/01/2025 - 04:07:40] - Epoch: 4, lr: 0.00009703, train_loss: 1.2222, train_c_index: 0.5766
[07/01/2025 - 04:07:43] - Epoch: 4, val_loss: 1.2154, val_c_index: 0.5204
[07/01/2025 - 04:07:43] - Time elapsed for epoch 4: 32s
[07/01/2025 - 04:07:43] - Epoch: 5
--> Batch: 49, Loss: 2.0294, Label: 19, Survival Months: 322.75, Risk: -16.0383
	--> Average Speed: 0.06s per batch
	--> Time from Last Check: 1.80s
--> Batch: 99, Loss: 0.7907, Label: 13, Survival Months: 101.00, Risk: -15.5238
	--> Average Speed: 0.06s per batch
	--> Time from Last Check: 1.79s
--> Batch: 149, Loss: 0.7776, Label: 7, Survival Months: 43.50, Risk: -12.6846
	--> Average Speed: 0.06s per batch
	--> Time from Last Check: 1.78s
--> Batch: 199, Loss: 3.5406, Label: 16, Survival Months: 151.00, Risk: -11.7924
	--> Average Speed: 0.05s per batch
	--> Time from Last Check: 1.67s
--> Batch: 249, Loss: 0.7334, Label: 4, Survival Months: 34.33, Risk: -13.8395
	--> Average Speed: 0.05s per batch
	--> Time from Last Check: 1.75s
--> Batch: 299, Loss: 0.7649, Label: 7, Survival Months: 47.08, Risk: -11.7413
	--> Average Speed: 0.05s per batch
	--> Time from Last Check: 1.70s
--> Batch: 349, Loss: 0.7100, Label: 1, Survival Months: 15.50, Risk: -11.9884
	--> Average Speed: 0.05s per batch
	--> Time from Last Check: 1.69s
--> Batch: 399, Loss: 0.8388, Label: 18, Survival Months: 221.17, Risk: -16.6755
	--> Average Speed: 0.05s per batch
	--> Time from Last Check: 1.73s
--> Batch: 449, Loss: 0.6828, Label: 2, Survival Months: 18.17, Risk: -17.0658
	--> Average Speed: 0.05s per batch
	--> Time from Last Check: 1.74s
--> Batch: 499, Loss: 0.6772, Label: 1, Survival Months: 2.58, Risk: -15.1156
	--> Average Speed: 0.05s per batch
	--> Time from Last Check: 1.69s
--> Batch: 549, Loss: 0.6674, Label: 1, Survival Months: 11.17, Risk: -16.9163
	--> Average Speed: 0.05s per batch
	--> Time from Last Check: 1.71s
--> Batch: 599, Loss: 0.6617, Label: 0, Survival Months: 0.83, Risk: -16.1801
	--> Average Speed: 0.06s per batch
	--> Time from Last Check: 1.82s
--> Batch: 649, Loss: 0.7358, Label: 16, Survival Months: 144.00, Risk: -16.1535
	--> Average Speed: 0.05s per batch
	--> Time from Last Check: 1.66s
--> Batch: 699, Loss: 0.8123, Label: 13, Survival Months: 97.08, Risk: -11.7713
	--> Average Speed: 0.06s per batch
	--> Time from Last Check: 1.77s
--> Batch: 749, Loss: 0.6572, Label: 5, Survival Months: 36.75, Risk: -16.1339
	--> Average Speed: 0.05s per batch
	--> Time from Last Check: 1.70s
--> Batch: 799, Loss: 0.6748, Label: 6, Survival Months: 42.33, Risk: -13.1453
	--> Average Speed: 0.06s per batch
	--> Time from Last Check: 1.76s
[07/01/2025 - 04:08:12] - Epoch: 5, lr: 0.00009606, train_loss: 1.0927, train_c_index: 0.5706
[07/01/2025 - 04:08:14] - Epoch: 5, val_loss: 1.0659, val_c_index: 0.4219
[07/01/2025 - 04:08:14] - Time elapsed for epoch 5: 31s
[07/01/2025 - 04:08:14] - Epoch: 6
--> Batch: 49, Loss: 0.7503, Label: 15, Survival Months: 129.00, Risk: -14.3881
	--> Average Speed: 0.06s per batch
	--> Time from Last Check: 1.77s
--> Batch: 99, Loss: 0.6637, Label: 11, Survival Months: 72.92, Risk: -15.5349
	--> Average Speed: 0.05s per batch
	--> Time from Last Check: 1.70s
--> Batch: 149, Loss: 0.6404, Label: 2, Survival Months: 26.25, Risk: -12.9204
	--> Average Speed: 0.05s per batch
	--> Time from Last Check: 1.71s
--> Batch: 199, Loss: 0.7324, Label: 13, Survival Months: 100.67, Risk: -12.8085
	--> Average Speed: 0.05s per batch
	--> Time from Last Check: 1.69s
--> Batch: 249, Loss: 0.6641, Label: 5, Survival Months: 36.58, Risk: -10.9132
	--> Average Speed: 0.05s per batch
	--> Time from Last Check: 1.70s
--> Batch: 299, Loss: 3.4917, Label: 14, Survival Months: 119.92, Risk: -15.9508
	--> Average Speed: 0.05s per batch
	--> Time from Last Check: 1.68s
--> Batch: 349, Loss: 0.6081, Label: 6, Survival Months: 39.83, Risk: -16.0118
	--> Average Speed: 0.05s per batch
	--> Time from Last Check: 1.70s
--> Batch: 399, Loss: 0.8356, Label: 18, Survival Months: 206.42, Risk: -14.6370
	--> Average Speed: 0.05s per batch
	--> Time from Last Check: 1.70s
--> Batch: 449, Loss: 0.6510, Label: 12, Survival Months: 82.50, Risk: -14.6580
	--> Average Speed: 0.05s per batch
	--> Time from Last Check: 1.69s
--> Batch: 499, Loss: 0.6130, Label: 7, Survival Months: 47.17, Risk: -13.8423
	--> Average Speed: 0.06s per batch
	--> Time from Last Check: 1.77s
--> Batch: 549, Loss: 0.5843, Label: 4, Survival Months: 33.00, Risk: -16.5318
	--> Average Speed: 0.05s per batch
	--> Time from Last Check: 1.75s
--> Batch: 599, Loss: 0.5836, Label: 2, Survival Months: 18.08, Risk: -14.6990
	--> Average Speed: 0.05s per batch
	--> Time from Last Check: 1.65s
--> Batch: 649, Loss: 0.5961, Label: 5, Survival Months: 36.75, Risk: -13.2946
	--> Average Speed: 0.05s per batch
	--> Time from Last Check: 1.70s
--> Batch: 699, Loss: 0.7965, Label: 13, Survival Months: 99.25, Risk: -9.7965
	--> Average Speed: 0.05s per batch
	--> Time from Last Check: 1.70s
--> Batch: 749, Loss: 0.5727, Label: 3, Survival Months: 30.50, Risk: -14.7949
	--> Average Speed: 0.05s per batch
	--> Time from Last Check: 1.75s
--> Batch: 799, Loss: 0.5653, Label: 2, Survival Months: 24.50, Risk: -14.4128
	--> Average Speed: 0.06s per batch
	--> Time from Last Check: 1.77s
[07/01/2025 - 04:08:43] - Epoch: 6, lr: 0.00009510, train_loss: 0.9954, train_c_index: 0.6014
[07/01/2025 - 04:08:45] - Epoch: 6, val_loss: 0.9751, val_c_index: 0.4734
[07/01/2025 - 04:08:45] - Time elapsed for epoch 6: 31s
[07/01/2025 - 04:08:45] - Epoch: 7
--> Batch: 49, Loss: 0.6193, Label: 9, Survival Months: 53.58, Risk: -11.9709
	--> Average Speed: 0.06s per batch
	--> Time from Last Check: 1.87s
--> Batch: 99, Loss: 0.5491, Label: 3, Survival Months: 30.17, Risk: -16.1263
	--> Average Speed: 0.05s per batch
	--> Time from Last Check: 1.75s
--> Batch: 149, Loss: 2.9048, Label: 11, Survival Months: 73.58, Risk: -9.8593
	--> Average Speed: 0.05s per batch
	--> Time from Last Check: 1.72s
--> Batch: 199, Loss: 0.5536, Label: 6, Survival Months: 38.58, Risk: -14.4286
	--> Average Speed: 0.05s per batch
	--> Time from Last Check: 1.72s
--> Batch: 249, Loss: 0.6021, Label: 14, Survival Months: 119.75, Risk: -15.2759
	--> Average Speed: 0.05s per batch
	--> Time from Last Check: 1.72s
--> Batch: 299, Loss: 0.5532, Label: 9, Survival Months: 54.50, Risk: -15.1212
	--> Average Speed: 0.05s per batch
	--> Time from Last Check: 1.76s
--> Batch: 349, Loss: 4.1791, Label: 2, Survival Months: 25.17, Risk: -14.3797
	--> Average Speed: 0.06s per batch
	--> Time from Last Check: 1.77s
--> Batch: 399, Loss: 0.5407, Label: 3, Survival Months: 29.83, Risk: -13.1630
	--> Average Speed: 0.05s per batch
	--> Time from Last Check: 1.69s
--> Batch: 449, Loss: 0.7308, Label: 16, Survival Months: 153.50, Risk: -12.3849
	--> Average Speed: 0.05s per batch
	--> Time from Last Check: 1.76s
--> Batch: 499, Loss: 0.5267, Label: 6, Survival Months: 40.67, Risk: -14.9208
	--> Average Speed: 0.05s per batch
	--> Time from Last Check: 1.66s
--> Batch: 549, Loss: 0.5203, Label: 5, Survival Months: 36.75, Risk: -15.1529
	--> Average Speed: 0.05s per batch
	--> Time from Last Check: 1.73s
--> Batch: 599, Loss: 0.5221, Label: 7, Survival Months: 46.17, Risk: -15.0663
	--> Average Speed: 0.05s per batch
	--> Time from Last Check: 1.70s
--> Batch: 649, Loss: 0.8442, Label: 19, Survival Months: 346.58, Risk: -16.7013
	--> Average Speed: 0.05s per batch
	--> Time from Last Check: 1.73s
--> Batch: 699, Loss: 0.5075, Label: 6, Survival Months: 38.83, Risk: -15.6894
	--> Average Speed: 0.06s per batch
	--> Time from Last Check: 1.79s
--> Batch: 749, Loss: 0.5073, Label: 6, Survival Months: 39.75, Risk: -15.1364
	--> Average Speed: 0.05s per batch
	--> Time from Last Check: 1.72s
--> Batch: 799, Loss: 0.5136, Label: 5, Survival Months: 36.58, Risk: -13.7589
	--> Average Speed: 0.05s per batch
	--> Time from Last Check: 1.70s
[07/01/2025 - 04:09:14] - Epoch: 7, lr: 0.00009415, train_loss: 0.9080, train_c_index: 0.6936
[07/01/2025 - 04:09:17] - Epoch: 7, val_loss: 0.9703, val_c_index: 0.4201
[07/01/2025 - 04:09:17] - Time elapsed for epoch 7: 31s
[07/01/2025 - 04:09:17] - Epoch: 8
--> Batch: 49, Loss: 3.0313, Label: 4, Survival Months: 32.08, Risk: -5.4565
	--> Average Speed: 0.06s per batch
	--> Time from Last Check: 1.87s
--> Batch: 99, Loss: 0.4915, Label: 0, Survival Months: 0.83, Risk: -11.7863
	--> Average Speed: 0.05s per batch
	--> Time from Last Check: 1.67s
--> Batch: 149, Loss: 0.5070, Label: 13, Survival Months: 100.83, Risk: -17.1105
	--> Average Speed: 0.05s per batch
	--> Time from Last Check: 1.72s
--> Batch: 199, Loss: 0.8207, Label: 19, Survival Months: 363.42, Risk: -16.0567
	--> Average Speed: 0.05s per batch
	--> Time from Last Check: 1.74s
--> Batch: 249, Loss: 0.4938, Label: 6, Survival Months: 39.00, Risk: -14.5081
	--> Average Speed: 0.05s per batch
	--> Time from Last Check: 1.72s
--> Batch: 299, Loss: 0.5604, Label: 9, Survival Months: 54.92, Risk: -11.3069
	--> Average Speed: 0.05s per batch
	--> Time from Last Check: 1.72s
--> Batch: 349, Loss: 0.4954, Label: 5, Survival Months: 37.25, Risk: -13.7462
	--> Average Speed: 0.05s per batch
	--> Time from Last Check: 1.70s
--> Batch: 399, Loss: 0.8236, Label: 19, Survival Months: 273.00, Risk: -15.9607
	--> Average Speed: 0.05s per batch
	--> Time from Last Check: 1.71s
--> Batch: 449, Loss: 0.4729, Label: 0, Survival Months: 0.92, Risk: -12.0283
	--> Average Speed: 0.05s per batch
	--> Time from Last Check: 1.73s
--> Batch: 499, Loss: 0.5822, Label: 15, Survival Months: 129.17, Risk: -14.6325
	--> Average Speed: 0.05s per batch
	--> Time from Last Check: 1.72s
--> Batch: 549, Loss: 0.5566, Label: 5, Survival Months: 35.83, Risk: -8.0398
	--> Average Speed: 0.06s per batch
	--> Time from Last Check: 1.77s
--> Batch: 599, Loss: 0.7035, Label: 18, Survival Months: 218.50, Risk: -14.5360
	--> Average Speed: 0.05s per batch
	--> Time from Last Check: 1.73s
--> Batch: 649, Loss: 0.5491, Label: 11, Survival Months: 76.42, Risk: -12.4728
	--> Average Speed: 0.05s per batch
	--> Time from Last Check: 1.70s
--> Batch: 699, Loss: 0.5505, Label: 15, Survival Months: 137.33, Risk: -15.2452
	--> Average Speed: 0.05s per batch
	--> Time from Last Check: 1.72s
--> Batch: 749, Loss: 0.4619, Label: 8, Survival Months: 51.00, Risk: -16.6399
	--> Average Speed: 0.05s per batch
	--> Time from Last Check: 1.71s
--> Batch: 799, Loss: 0.4928, Label: 16, Survival Months: 156.33, Risk: -17.4541
	--> Average Speed: 0.06s per batch
	--> Time from Last Check: 1.78s
[07/01/2025 - 04:09:46] - Epoch: 8, lr: 0.00009321, train_loss: 0.8551, train_c_index: 0.6573
[07/01/2025 - 04:09:48] - Epoch: 8, val_loss: 0.9416, val_c_index: 0.3234
[07/01/2025 - 04:09:48] - Time elapsed for epoch 8: 31s
[07/01/2025 - 04:09:48] - Epoch: 9
--> Batch: 49, Loss: 0.4589, Label: 5, Survival Months: 36.75, Risk: -14.8157
	--> Average Speed: 0.06s per batch
	--> Time from Last Check: 1.77s
--> Batch: 99, Loss: 0.6022, Label: 10, Survival Months: 66.00, Risk: -9.2439
	--> Average Speed: 0.05s per batch
	--> Time from Last Check: 1.70s
--> Batch: 149, Loss: 0.5913, Label: 9, Survival Months: 57.25, Risk: -8.7137
	--> Average Speed: 0.05s per batch
	--> Time from Last Check: 1.69s
--> Batch: 199, Loss: 3.8919, Label: 8, Survival Months: 48.67, Risk: -15.5891
	--> Average Speed: 0.05s per batch
	--> Time from Last Check: 1.73s
--> Batch: 249, Loss: 0.4570, Label: 13, Survival Months: 101.33, Risk: -17.4811
	--> Average Speed: 0.05s per batch
	--> Time from Last Check: 1.73s
--> Batch: 299, Loss: 0.4405, Label: 5, Survival Months: 37.83, Risk: -16.6001
	--> Average Speed: 0.05s per batch
	--> Time from Last Check: 1.68s
--> Batch: 349, Loss: 0.4529, Label: 8, Survival Months: 49.00, Risk: -15.9603
	--> Average Speed: 0.05s per batch
	--> Time from Last Check: 1.76s
--> Batch: 399, Loss: 0.4562, Label: 10, Survival Months: 64.75, Risk: -16.2077
	--> Average Speed: 0.05s per batch
	--> Time from Last Check: 1.73s
--> Batch: 449, Loss: 0.4753, Label: 13, Survival Months: 96.33, Risk: -16.2416
	--> Average Speed: 0.05s per batch
	--> Time from Last Check: 1.63s
--> Batch: 499, Loss: 0.5003, Label: 7, Survival Months: 43.17, Risk: -10.8068
	--> Average Speed: 0.05s per batch
	--> Time from Last Check: 1.74s
--> Batch: 549, Loss: 0.4288, Label: 5, Survival Months: 35.08, Risk: -17.6089
	--> Average Speed: 0.05s per batch
	--> Time from Last Check: 1.66s
--> Batch: 599, Loss: 0.4260, Label: 0, Survival Months: 0.83, Risk: -15.6112
	--> Average Speed: 0.05s per batch
	--> Time from Last Check: 1.66s
--> Batch: 649, Loss: 0.4449, Label: 4, Survival Months: 32.08, Risk: -13.0068
	--> Average Speed: 0.05s per batch
	--> Time from Last Check: 1.69s
--> Batch: 699, Loss: 0.4614, Label: 5, Survival Months: 35.33, Risk: -11.1259
	--> Average Speed: 0.05s per batch
	--> Time from Last Check: 1.68s
--> Batch: 749, Loss: 0.4150, Label: 3, Survival Months: 27.83, Risk: -17.5494
	--> Average Speed: 0.05s per batch
	--> Time from Last Check: 1.66s
--> Batch: 799, Loss: 0.5326, Label: 11, Survival Months: 69.75, Risk: -11.5350
	--> Average Speed: 0.05s per batch
	--> Time from Last Check: 1.72s
[07/01/2025 - 04:10:16] - Epoch: 9, lr: 0.00009227, train_loss: 0.8169, train_c_index: 0.6841
[07/01/2025 - 04:10:19] - Epoch: 9, val_loss: 0.8761, val_c_index: 0.4343
[07/01/2025 - 04:10:19] - Time elapsed for epoch 9: 31s
[07/01/2025 - 04:10:19] - Epoch: 10
--> Batch: 49, Loss: 0.6045, Label: 18, Survival Months: 225.75, Risk: -16.4441
	--> Average Speed: 0.06s per batch
	--> Time from Last Check: 1.80s
--> Batch: 99, Loss: 0.7240, Label: 16, Survival Months: 155.42, Risk: -10.6015
	--> Average Speed: 0.05s per batch
	--> Time from Last Check: 1.69s
--> Batch: 149, Loss: 2.9154, Label: 11, Survival Months: 68.75, Risk: -13.8623
	--> Average Speed: 0.05s per batch
	--> Time from Last Check: 1.72s
--> Batch: 199, Loss: 2.7084, Label: 10, Survival Months: 65.42, Risk: -8.2548
	--> Average Speed: 0.05s per batch
	--> Time from Last Check: 1.70s
--> Batch: 249, Loss: 0.5889, Label: 15, Survival Months: 134.42, Risk: -12.9245
	--> Average Speed: 0.05s per batch
	--> Time from Last Check: 1.74s
--> Batch: 299, Loss: 0.4596, Label: 8, Survival Months: 51.50, Risk: -12.2238
	--> Average Speed: 0.06s per batch
	--> Time from Last Check: 1.77s
--> Batch: 349, Loss: 0.7219, Label: 15, Survival Months: 134.50, Risk: -9.9075
	--> Average Speed: 0.05s per batch
	--> Time from Last Check: 1.74s
--> Batch: 399, Loss: 0.5950, Label: 17, Survival Months: 175.67, Risk: -14.1373
	--> Average Speed: 0.05s per batch
	--> Time from Last Check: 1.75s
--> Batch: 449, Loss: 0.3959, Label: 0, Survival Months: 0.83, Risk: -17.6136
	--> Average Speed: 0.06s per batch
	--> Time from Last Check: 1.77s
--> Batch: 499, Loss: 0.4144, Label: 13, Survival Months: 94.83, Risk: -17.2336
	--> Average Speed: 0.06s per batch
	--> Time from Last Check: 1.81s
--> Batch: 549, Loss: 0.3944, Label: 2, Survival Months: 24.17, Risk: -16.8454
	--> Average Speed: 0.05s per batch
	--> Time from Last Check: 1.69s
--> Batch: 599, Loss: 0.4085, Label: 11, Survival Months: 73.17, Risk: -16.8692
	--> Average Speed: 0.05s per batch
	--> Time from Last Check: 1.73s
--> Batch: 649, Loss: 0.7319, Label: 19, Survival Months: 593.83, Risk: -17.7159
	--> Average Speed: 0.05s per batch
	--> Time from Last Check: 1.72s
--> Batch: 699, Loss: 0.3868, Label: 1, Survival Months: 13.58, Risk: -17.6923
	--> Average Speed: 0.05s per batch
	--> Time from Last Check: 1.71s
--> Batch: 749, Loss: 0.4269, Label: 7, Survival Months: 45.42, Risk: -12.9266
	--> Average Speed: 0.05s per batch
	--> Time from Last Check: 1.73s
--> Batch: 799, Loss: 0.4283, Label: 5, Survival Months: 35.08, Risk: -11.2968
	--> Average Speed: 0.05s per batch
	--> Time from Last Check: 1.67s
[07/01/2025 - 04:10:48] - Epoch: 10, lr: 0.00009135, train_loss: 0.7713, train_c_index: 0.7189
[07/01/2025 - 04:10:50] - Epoch: 10, val_loss: 0.9060, val_c_index: 0.3773
[07/01/2025 - 04:10:50] - Time elapsed for epoch 10: 32s
[07/01/2025 - 04:10:50] - Epoch: 11
--> Batch: 49, Loss: 1.7014, Label: 18, Survival Months: 212.58, Risk: -17.0244
	--> Average Speed: 0.06s per batch
	--> Time from Last Check: 1.93s
--> Batch: 99, Loss: 0.3793, Label: 3, Survival Months: 27.67, Risk: -17.1126
	--> Average Speed: 0.05s per batch
	--> Time from Last Check: 1.68s
--> Batch: 149, Loss: 0.3833, Label: 0, Survival Months: 0.83, Risk: -11.9859
	--> Average Speed: 0.05s per batch
	--> Time from Last Check: 1.67s
--> Batch: 199, Loss: 0.5515, Label: 13, Survival Months: 89.50, Risk: -11.2332
	--> Average Speed: 0.05s per batch
	--> Time from Last Check: 1.68s
--> Batch: 249, Loss: 0.3790, Label: 0, Survival Months: 0.00, Risk: -12.5546
	--> Average Speed: 0.06s per batch
	--> Time from Last Check: 1.76s
--> Batch: 299, Loss: 0.3824, Label: 10, Survival Months: 63.67, Risk: -16.7647
	--> Average Speed: 0.05s per batch
	--> Time from Last Check: 1.74s
--> Batch: 349, Loss: 0.3854, Label: 7, Survival Months: 44.25, Risk: -14.9634
	--> Average Speed: 0.05s per batch
	--> Time from Last Check: 1.72s
--> Batch: 399, Loss: 0.3752, Label: 4, Survival Months: 32.67, Risk: -15.4154
	--> Average Speed: 0.05s per batch
	--> Time from Last Check: 1.66s
--> Batch: 449, Loss: 0.3910, Label: 13, Survival Months: 93.25, Risk: -16.9852
	--> Average Speed: 0.05s per batch
	--> Time from Last Check: 1.74s
--> Batch: 499, Loss: 0.3802, Label: 10, Survival Months: 64.75, Risk: -16.4860
	--> Average Speed: 0.05s per batch
	--> Time from Last Check: 1.71s
--> Batch: 549, Loss: 3.8204, Label: 11, Survival Months: 73.58, Risk: -16.2577
	--> Average Speed: 0.05s per batch
	--> Time from Last Check: 1.67s
--> Batch: 599, Loss: 0.4621, Label: 13, Survival Months: 100.25, Risk: -13.7481
	--> Average Speed: 0.05s per batch
	--> Time from Last Check: 1.71s
--> Batch: 649, Loss: 0.4930, Label: 16, Survival Months: 156.33, Risk: -15.1260
	--> Average Speed: 0.05s per batch
	--> Time from Last Check: 1.73s
--> Batch: 699, Loss: 1.8012, Label: 19, Survival Months: 288.50, Risk: -15.2810
	--> Average Speed: 0.05s per batch
	--> Time from Last Check: 1.72s
--> Batch: 749, Loss: 0.3709, Label: 4, Survival Months: 33.08, Risk: -15.8868
	--> Average Speed: 0.05s per batch
	--> Time from Last Check: 1.66s
--> Batch: 799, Loss: 0.7904, Label: 19, Survival Months: 270.58, Risk: -14.8003
	--> Average Speed: 0.06s per batch
	--> Time from Last Check: 1.78s
[07/01/2025 - 04:11:19] - Epoch: 11, lr: 0.00009044, train_loss: 0.7311, train_c_index: 0.7757
[07/01/2025 - 04:11:22] - Epoch: 11, val_loss: 0.8486, val_c_index: 0.4672
[07/01/2025 - 04:11:22] - Time elapsed for epoch 11: 31s
[07/01/2025 - 04:11:22] - Epoch: 12
--> Batch: 49, Loss: 2.5624, Label: 14, Survival Months: 110.33, Risk: -13.2694
	--> Average Speed: 0.05s per batch
	--> Time from Last Check: 1.74s
--> Batch: 99, Loss: 0.3651, Label: 9, Survival Months: 56.25, Risk: -16.7597
	--> Average Speed: 0.05s per batch
	--> Time from Last Check: 1.73s
--> Batch: 149, Loss: 1.4184, Label: 18, Survival Months: 247.08, Risk: -16.8219
	--> Average Speed: 0.05s per batch
	--> Time from Last Check: 1.73s
--> Batch: 199, Loss: 0.5831, Label: 18, Survival Months: 232.00, Risk: -16.3087
	--> Average Speed: 0.06s per batch
	--> Time from Last Check: 1.76s
--> Batch: 249, Loss: 3.1346, Label: 10, Survival Months: 65.42, Risk: -3.8744
	--> Average Speed: 0.05s per batch
	--> Time from Last Check: 1.72s
--> Batch: 299, Loss: 0.3696, Label: 7, Survival Months: 43.17, Risk: -15.0031
	--> Average Speed: 0.05s per batch
	--> Time from Last Check: 1.72s
--> Batch: 349, Loss: 0.5503, Label: 18, Survival Months: 226.75, Risk: -16.5058
	--> Average Speed: 0.05s per batch
	--> Time from Last Check: 1.66s
--> Batch: 399, Loss: 0.3740, Label: 10, Survival Months: 63.50, Risk: -15.3864
	--> Average Speed: 0.05s per batch
	--> Time from Last Check: 1.74s
--> Batch: 449, Loss: 0.7124, Label: 19, Survival Months: 478.25, Risk: -16.4802
	--> Average Speed: 0.05s per batch
	--> Time from Last Check: 1.74s
--> Batch: 499, Loss: 0.4789, Label: 13, Survival Months: 88.58, Risk: -12.5326
	--> Average Speed: 0.05s per batch
	--> Time from Last Check: 1.65s
--> Batch: 549, Loss: 0.3572, Label: 6, Survival Months: 41.58, Risk: -15.1994
	--> Average Speed: 0.05s per batch
	--> Time from Last Check: 1.74s
--> Batch: 599, Loss: 0.3513, Label: 4, Survival Months: 34.33, Risk: -16.0062
	--> Average Speed: 0.05s per batch
	--> Time from Last Check: 1.68s
--> Batch: 649, Loss: 3.0125, Label: 14, Survival Months: 119.17, Risk: -16.6789
	--> Average Speed: 0.05s per batch
	--> Time from Last Check: 1.73s
--> Batch: 699, Loss: 0.4253, Label: 16, Survival Months: 172.00, Risk: -16.4334
	--> Average Speed: 0.05s per batch
	--> Time from Last Check: 1.72s
--> Batch: 749, Loss: 0.4219, Label: 17, Survival Months: 185.08, Risk: -16.9342
	--> Average Speed: 0.05s per batch
	--> Time from Last Check: 1.70s
--> Batch: 799, Loss: 0.3481, Label: 6, Survival Months: 42.50, Risk: -14.7576
	--> Average Speed: 0.05s per batch
	--> Time from Last Check: 1.75s
[07/01/2025 - 04:11:51] - Epoch: 12, lr: 0.00008953, train_loss: 0.7144, train_c_index: 0.7914
[07/01/2025 - 04:11:53] - Epoch: 12, val_loss: 0.8438, val_c_index: 0.4083
[07/01/2025 - 04:11:53] - Time elapsed for epoch 12: 31s
[07/01/2025 - 04:11:53] - Epoch: 13
--> Batch: 49, Loss: 0.3420, Label: 4, Survival Months: 33.33, Risk: -15.5472
	--> Average Speed: 0.06s per batch
	--> Time from Last Check: 1.95s
--> Batch: 99, Loss: 0.7474, Label: 18, Survival Months: 232.00, Risk: -11.9752
	--> Average Speed: 0.05s per batch
	--> Time from Last Check: 1.71s
--> Batch: 149, Loss: 2.6806, Label: 4, Survival Months: 32.08, Risk: -3.1353
	--> Average Speed: 0.05s per batch
	--> Time from Last Check: 1.75s
--> Batch: 199, Loss: 0.3304, Label: 0, Survival Months: 0.83, Risk: -14.8139
	--> Average Speed: 0.05s per batch
	--> Time from Last Check: 1.71s
--> Batch: 249, Loss: 0.3888, Label: 11, Survival Months: 75.42, Risk: -13.8176
	--> Average Speed: 0.06s per batch
	--> Time from Last Check: 1.80s
--> Batch: 299, Loss: 0.3537, Label: 16, Survival Months: 153.50, Risk: -18.0822
	--> Average Speed: 0.05s per batch
	--> Time from Last Check: 1.74s
--> Batch: 349, Loss: 2.8589, Label: 11, Survival Months: 68.75, Risk: -13.7525
	--> Average Speed: 0.05s per batch
	--> Time from Last Check: 1.74s
--> Batch: 399, Loss: 1.7081, Label: 19, Survival Months: 355.58, Risk: -16.1267
	--> Average Speed: 0.05s per batch
	--> Time from Last Check: 1.72s
--> Batch: 449, Loss: 0.4007, Label: 17, Survival Months: 185.08, Risk: -16.9506
	--> Average Speed: 0.06s per batch
	--> Time from Last Check: 1.77s
--> Batch: 499, Loss: 0.3201, Label: 6, Survival Months: 38.83, Risk: -16.9276
	--> Average Speed: 0.05s per batch
	--> Time from Last Check: 1.66s
--> Batch: 549, Loss: 0.6591, Label: 18, Survival Months: 246.08, Risk: -13.5413
	--> Average Speed: 0.05s per batch
	--> Time from Last Check: 1.72s
--> Batch: 599, Loss: 0.3204, Label: 2, Survival Months: 18.75, Risk: -15.8438
	--> Average Speed: 0.05s per batch
	--> Time from Last Check: 1.68s
--> Batch: 649, Loss: 0.3171, Label: 5, Survival Months: 36.75, Risk: -17.9399
	--> Average Speed: 0.05s per batch
	--> Time from Last Check: 1.74s
--> Batch: 699, Loss: 1.8112, Label: 18, Survival Months: 206.92, Risk: -14.9596
	--> Average Speed: 0.05s per batch
	--> Time from Last Check: 1.69s
--> Batch: 749, Loss: 0.3200, Label: 9, Survival Months: 54.00, Risk: -17.0856
	--> Average Speed: 0.05s per batch
	--> Time from Last Check: 1.70s
--> Batch: 799, Loss: 0.4746, Label: 17, Survival Months: 179.67, Risk: -15.2339
	--> Average Speed: 0.05s per batch
	--> Time from Last Check: 1.58s
[07/01/2025 - 04:12:22] - Epoch: 13, lr: 0.00008864, train_loss: 0.6669, train_c_index: 0.8293
[07/01/2025 - 04:12:24] - Epoch: 13, val_loss: 0.8344, val_c_index: 0.4727
[07/01/2025 - 04:12:25] - Time elapsed for epoch 13: 31s
[07/01/2025 - 04:12:25] - Epoch: 14
--> Batch: 49, Loss: 0.7580, Label: 19, Survival Months: 292.17, Risk: -14.3585
	--> Average Speed: 0.06s per batch
	--> Time from Last Check: 1.92s
--> Batch: 99, Loss: 1.3890, Label: 19, Survival Months: 288.42, Risk: -17.4614
	--> Average Speed: 0.05s per batch
	--> Time from Last Check: 1.73s
--> Batch: 149, Loss: 0.3705, Label: 14, Survival Months: 119.50, Risk: -16.2243
	--> Average Speed: 0.05s per batch
	--> Time from Last Check: 1.68s
--> Batch: 199, Loss: 0.3838, Label: 17, Survival Months: 194.08, Risk: -17.1402
	--> Average Speed: 0.05s per batch
	--> Time from Last Check: 1.71s
--> Batch: 249, Loss: 0.3074, Label: 9, Survival Months: 54.92, Risk: -17.8872
	--> Average Speed: 0.05s per batch
	--> Time from Last Check: 1.65s
--> Batch: 299, Loss: 0.3738, Label: 13, Survival Months: 101.75, Risk: -15.0471
	--> Average Speed: 0.05s per batch
	--> Time from Last Check: 1.70s
--> Batch: 349, Loss: 0.3058, Label: 3, Survival Months: 30.17, Risk: -16.1661
	--> Average Speed: 0.05s per batch
	--> Time from Last Check: 1.72s
--> Batch: 399, Loss: 0.3223, Label: 6, Survival Months: 39.75, Risk: -13.5552
	--> Average Speed: 0.05s per batch
	--> Time from Last Check: 1.70s
--> Batch: 449, Loss: 2.3793, Label: 17, Survival Months: 174.75, Risk: -14.4269
	--> Average Speed: 0.05s per batch
	--> Time from Last Check: 1.76s
--> Batch: 499, Loss: 0.3059, Label: 6, Survival Months: 38.58, Risk: -16.3035
	--> Average Speed: 0.05s per batch
	--> Time from Last Check: 1.75s
--> Batch: 549, Loss: 0.4897, Label: 16, Survival Months: 148.58, Risk: -13.8429
	--> Average Speed: 0.05s per batch
	--> Time from Last Check: 1.70s
--> Batch: 599, Loss: 0.3057, Label: 5, Survival Months: 34.75, Risk: -17.4095
	--> Average Speed: 0.06s per batch
	--> Time from Last Check: 1.76s
--> Batch: 649, Loss: 0.3186, Label: 8, Survival Months: 50.58, Risk: -15.8569
	--> Average Speed: 0.05s per batch
	--> Time from Last Check: 1.68s
--> Batch: 699, Loss: 0.3018, Label: 0, Survival Months: 0.83, Risk: -17.9386
	--> Average Speed: 0.06s per batch
	--> Time from Last Check: 1.76s
--> Batch: 749, Loss: 0.3000, Label: 1, Survival Months: 4.92, Risk: -16.9098
	--> Average Speed: 0.05s per batch
	--> Time from Last Check: 1.74s
--> Batch: 799, Loss: 0.2986, Label: 2, Survival Months: 17.75, Risk: -17.0968
	--> Average Speed: 0.05s per batch
	--> Time from Last Check: 1.70s
[07/01/2025 - 04:12:53] - Epoch: 14, lr: 0.00008775, train_loss: 0.6459, train_c_index: 0.8558
[07/01/2025 - 04:12:56] - Epoch: 14, val_loss: 0.9078, val_c_index: 0.4027
[07/01/2025 - 04:12:56] - Time elapsed for epoch 14: 31s
[07/01/2025 - 04:12:56] - Epoch: 15
--> Batch: 49, Loss: 0.2948, Label: 5, Survival Months: 36.58, Risk: -18.0057
	--> Average Speed: 0.06s per batch
	--> Time from Last Check: 1.90s
--> Batch: 99, Loss: 0.2920, Label: 3, Survival Months: 29.17, Risk: -18.4652
	--> Average Speed: 0.06s per batch
	--> Time from Last Check: 1.76s
--> Batch: 149, Loss: 0.3408, Label: 17, Survival Months: 203.50, Risk: -17.9205
	--> Average Speed: 0.06s per batch
	--> Time from Last Check: 1.79s
--> Batch: 199, Loss: 2.3810, Label: 15, Survival Months: 122.33, Risk: -16.3022
	--> Average Speed: 0.06s per batch
	--> Time from Last Check: 1.78s
--> Batch: 249, Loss: 0.2918, Label: 3, Survival Months: 30.50, Risk: -17.4268
	--> Average Speed: 0.05s per batch
	--> Time from Last Check: 1.74s
--> Batch: 299, Loss: 0.3465, Label: 5, Survival Months: 36.58, Risk: -9.8766
	--> Average Speed: 0.05s per batch
	--> Time from Last Check: 1.71s
--> Batch: 349, Loss: 0.3658, Label: 15, Survival Months: 140.25, Risk: -16.4559
	--> Average Speed: 0.06s per batch
	--> Time from Last Check: 1.76s
--> Batch: 399, Loss: 0.2902, Label: 11, Survival Months: 69.08, Risk: -17.7641
	--> Average Speed: 0.05s per batch
	--> Time from Last Check: 1.70s
--> Batch: 449, Loss: 0.2844, Label: 0, Survival Months: 0.83, Risk: -17.2776
	--> Average Speed: 0.05s per batch
	--> Time from Last Check: 1.66s
--> Batch: 499, Loss: 0.2833, Label: 3, Survival Months: 27.67, Risk: -17.5674
	--> Average Speed: 0.05s per batch
	--> Time from Last Check: 1.69s
--> Batch: 549, Loss: 0.3206, Label: 13, Survival Months: 88.58, Risk: -16.3030
	--> Average Speed: 0.05s per batch
	--> Time from Last Check: 1.75s
--> Batch: 599, Loss: 0.2932, Label: 11, Survival Months: 72.92, Risk: -17.0857
	--> Average Speed: 0.06s per batch
	--> Time from Last Check: 1.80s
--> Batch: 649, Loss: 0.2815, Label: 1, Survival Months: 7.50, Risk: -18.1527
	--> Average Speed: 0.06s per batch
	--> Time from Last Check: 1.77s
--> Batch: 699, Loss: 0.2940, Label: 5, Survival Months: 37.25, Risk: -14.5326
	--> Average Speed: 0.05s per batch
	--> Time from Last Check: 1.72s
--> Batch: 749, Loss: 0.6687, Label: 19, Survival Months: 363.42, Risk: -16.0099
	--> Average Speed: 0.05s per batch
	--> Time from Last Check: 1.75s
--> Batch: 799, Loss: 0.7180, Label: 16, Survival Months: 166.33, Risk: -9.1719
	--> Average Speed: 0.06s per batch
	--> Time from Last Check: 1.77s
[07/01/2025 - 04:13:25] - Epoch: 15, lr: 0.00008687, train_loss: 0.6240, train_c_index: 0.8469
[07/01/2025 - 04:13:28] - Epoch: 15, val_loss: 0.8061, val_c_index: 0.5582
[07/01/2025 - 04:13:28] - Time elapsed for epoch 15: 32s
[07/01/2025 - 04:13:28] - Epoch: 16
--> Batch: 49, Loss: 0.2813, Label: 10, Survival Months: 60.58, Risk: -18.2350
	--> Average Speed: 0.06s per batch
	--> Time from Last Check: 1.80s
--> Batch: 99, Loss: 0.2994, Label: 11, Survival Months: 69.08, Risk: -16.4308
	--> Average Speed: 0.06s per batch
	--> Time from Last Check: 1.81s
--> Batch: 149, Loss: 0.2762, Label: 1, Survival Months: 14.17, Risk: -17.3785
	--> Average Speed: 0.05s per batch
	--> Time from Last Check: 1.69s
--> Batch: 199, Loss: 0.2943, Label: 0, Survival Months: 0.00, Risk: -7.9789
	--> Average Speed: 0.06s per batch
	--> Time from Last Check: 1.77s
--> Batch: 249, Loss: 0.2767, Label: 7, Survival Months: 43.25, Risk: -17.2958
	--> Average Speed: 0.05s per batch
	--> Time from Last Check: 1.68s
--> Batch: 299, Loss: 0.3035, Label: 7, Survival Months: 47.42, Risk: -13.1752
	--> Average Speed: 0.05s per batch
	--> Time from Last Check: 1.66s
--> Batch: 349, Loss: 0.2873, Label: 13, Survival Months: 94.83, Risk: -17.4985
	--> Average Speed: 0.05s per batch
	--> Time from Last Check: 1.65s
--> Batch: 399, Loss: 0.2844, Label: 8, Survival Months: 48.08, Risk: -15.6554
	--> Average Speed: 0.05s per batch
	--> Time from Last Check: 1.67s
--> Batch: 449, Loss: 0.2749, Label: 13, Survival Months: 93.25, Risk: -18.1953
	--> Average Speed: 0.05s per batch
	--> Time from Last Check: 1.70s
--> Batch: 499, Loss: 0.2684, Label: 7, Survival Months: 43.17, Risk: -17.5066
	--> Average Speed: 0.05s per batch
	--> Time from Last Check: 1.67s
--> Batch: 549, Loss: 0.6256, Label: 19, Survival Months: 270.58, Risk: -17.6739
	--> Average Speed: 0.05s per batch
	--> Time from Last Check: 1.76s
--> Batch: 599, Loss: 0.2685, Label: 5, Survival Months: 37.25, Risk: -16.5280
	--> Average Speed: 0.05s per batch
	--> Time from Last Check: 1.71s
--> Batch: 649, Loss: 0.2710, Label: 8, Survival Months: 47.92, Risk: -16.9142
	--> Average Speed: 0.06s per batch
	--> Time from Last Check: 1.77s
--> Batch: 699, Loss: 0.3162, Label: 2, Survival Months: 18.75, Risk: -7.8041
	--> Average Speed: 0.05s per batch
	--> Time from Last Check: 1.66s
--> Batch: 749, Loss: 0.3348, Label: 13, Survival Months: 89.50, Risk: -15.1208
	--> Average Speed: 0.05s per batch
	--> Time from Last Check: 1.72s
--> Batch: 799, Loss: 0.3053, Label: 16, Survival Months: 159.50, Risk: -17.8316
	--> Average Speed: 0.05s per batch
	--> Time from Last Check: 1.72s
[07/01/2025 - 04:13:56] - Epoch: 16, lr: 0.00008601, train_loss: 0.6056, train_c_index: 0.8720
[07/01/2025 - 04:13:59] - Epoch: 16, val_loss: 0.8166, val_c_index: 0.5062
[07/01/2025 - 04:13:59] - Time elapsed for epoch 16: 31s
[07/01/2025 - 04:13:59] - Epoch: 17
--> Batch: 49, Loss: 0.2684, Label: 14, Survival Months: 108.42, Risk: -18.5939
	--> Average Speed: 0.05s per batch
	--> Time from Last Check: 1.71s
--> Batch: 99, Loss: 0.2607, Label: 2, Survival Months: 24.75, Risk: -16.6408
	--> Average Speed: 0.05s per batch
	--> Time from Last Check: 1.73s
--> Batch: 149, Loss: 0.2603, Label: 10, Survival Months: 62.83, Risk: -18.1064
	--> Average Speed: 0.06s per batch
	--> Time from Last Check: 1.83s
--> Batch: 199, Loss: 0.3109, Label: 15, Survival Months: 138.50, Risk: -17.0837
	--> Average Speed: 0.05s per batch
	--> Time from Last Check: 1.69s
--> Batch: 249, Loss: 0.2717, Label: 11, Survival Months: 69.50, Risk: -16.9857
	--> Average Speed: 0.05s per batch
	--> Time from Last Check: 1.69s
--> Batch: 299, Loss: 0.2717, Label: 16, Survival Months: 165.67, Risk: -18.3646
	--> Average Speed: 0.05s per batch
	--> Time from Last Check: 1.72s
--> Batch: 349, Loss: 0.2550, Label: 0, Survival Months: 0.42, Risk: -15.9260
	--> Average Speed: 0.05s per batch
	--> Time from Last Check: 1.69s
--> Batch: 399, Loss: 0.2562, Label: 10, Survival Months: 60.50, Risk: -17.8750
	--> Average Speed: 0.05s per batch
	--> Time from Last Check: 1.76s
--> Batch: 449, Loss: 0.2866, Label: 15, Survival Months: 121.33, Risk: -17.6639
	--> Average Speed: 0.05s per batch
	--> Time from Last Check: 1.75s
--> Batch: 499, Loss: 0.2732, Label: 10, Survival Months: 59.17, Risk: -15.8765
	--> Average Speed: 0.05s per batch
	--> Time from Last Check: 1.57s
--> Batch: 549, Loss: 2.6033, Label: 7, Survival Months: 45.67, Risk: -3.5552
	--> Average Speed: 0.05s per batch
	--> Time from Last Check: 1.70s
--> Batch: 599, Loss: 0.2601, Label: 3, Survival Months: 27.50, Risk: -16.0013
	--> Average Speed: 0.05s per batch
	--> Time from Last Check: 1.71s
--> Batch: 649, Loss: 3.0262, Label: 15, Survival Months: 125.67, Risk: -17.3733
	--> Average Speed: 0.05s per batch
	--> Time from Last Check: 1.73s
--> Batch: 699, Loss: 3.7165, Label: 5, Survival Months: 35.50, Risk: -9.8872
	--> Average Speed: 0.05s per batch
	--> Time from Last Check: 1.76s
--> Batch: 749, Loss: 0.2606, Label: 2, Survival Months: 17.92, Risk: -14.3963
	--> Average Speed: 0.05s per batch
	--> Time from Last Check: 1.76s
--> Batch: 799, Loss: 0.2575, Label: 13, Survival Months: 101.33, Risk: -18.3805
	--> Average Speed: 0.05s per batch
	--> Time from Last Check: 1.68s
[07/01/2025 - 04:14:27] - Epoch: 17, lr: 0.00008515, train_loss: 0.5791, train_c_index: 0.8899
[07/01/2025 - 04:14:30] - Epoch: 17, val_loss: 0.9059, val_c_index: 0.4424
[07/01/2025 - 04:14:30] - Time elapsed for epoch 17: 31s
[07/01/2025 - 04:14:30] - Epoch: 18
--> Batch: 49, Loss: 0.2497, Label: 1, Survival Months: 8.25, Risk: -16.8645
	--> Average Speed: 0.06s per batch
	--> Time from Last Check: 1.97s
--> Batch: 99, Loss: 2.4565, Label: 11, Survival Months: 71.67, Risk: -12.5979
	--> Average Speed: 0.05s per batch
	--> Time from Last Check: 1.69s
--> Batch: 149, Loss: 0.2453, Label: 1, Survival Months: 6.58, Risk: -17.9001
	--> Average Speed: 0.05s per batch
	--> Time from Last Check: 1.76s
--> Batch: 199, Loss: 0.6108, Label: 15, Survival Months: 138.75, Risk: -9.6688
	--> Average Speed: 0.05s per batch
	--> Time from Last Check: 1.76s
--> Batch: 249, Loss: 0.2549, Label: 3, Survival Months: 27.50, Risk: -13.8452
	--> Average Speed: 0.05s per batch
	--> Time from Last Check: 1.65s
--> Batch: 299, Loss: 1.6084, Label: 18, Survival Months: 214.42, Risk: -16.3254
	--> Average Speed: 0.05s per batch
	--> Time from Last Check: 1.71s
--> Batch: 349, Loss: 0.2476, Label: 9, Survival Months: 51.83, Risk: -16.4740
	--> Average Speed: 0.05s per batch
	--> Time from Last Check: 1.67s
--> Batch: 399, Loss: 0.3110, Label: 14, Survival Months: 114.25, Risk: -16.1201
	--> Average Speed: 0.05s per batch
	--> Time from Last Check: 1.67s
--> Batch: 449, Loss: 0.2766, Label: 9, Survival Months: 51.83, Risk: -13.6597
	--> Average Speed: 0.06s per batch
	--> Time from Last Check: 1.77s
--> Batch: 499, Loss: 0.2450, Label: 9, Survival Months: 55.17, Risk: -17.3178
	--> Average Speed: 0.05s per batch
	--> Time from Last Check: 1.72s
--> Batch: 549, Loss: 0.2776, Label: 1, Survival Months: 8.17, Risk: -7.3649
	--> Average Speed: 0.05s per batch
	--> Time from Last Check: 1.70s
--> Batch: 599, Loss: 0.2440, Label: 6, Survival Months: 38.17, Risk: -16.1697
	--> Average Speed: 0.05s per batch
	--> Time from Last Check: 1.72s
--> Batch: 649, Loss: 0.2377, Label: 5, Survival Months: 35.25, Risk: -17.7857
	--> Average Speed: 0.05s per batch
	--> Time from Last Check: 1.73s
--> Batch: 699, Loss: 0.2505, Label: 5, Survival Months: 37.92, Risk: -13.8450
	--> Average Speed: 0.05s per batch
	--> Time from Last Check: 1.76s
--> Batch: 749, Loss: 2.6103, Label: 10, Survival Months: 66.00, Risk: -11.4207
	--> Average Speed: 0.05s per batch
	--> Time from Last Check: 1.69s
--> Batch: 799, Loss: 0.2345, Label: 8, Survival Months: 51.67, Risk: -18.3794
	--> Average Speed: 0.05s per batch
	--> Time from Last Check: 1.69s
[07/01/2025 - 04:14:59] - Epoch: 18, lr: 0.00008429, train_loss: 0.5476, train_c_index: 0.9048
[07/01/2025 - 04:15:01] - Epoch: 18, val_loss: 0.8845, val_c_index: 0.4622
[07/01/2025 - 04:15:01] - Time elapsed for epoch 18: 31s
[07/01/2025 - 04:15:01] - Epoch: 19
--> Batch: 49, Loss: 0.2928, Label: 6, Survival Months: 42.42, Risk: -9.9051
	--> Average Speed: 0.06s per batch
	--> Time from Last Check: 1.80s
--> Batch: 99, Loss: 0.6107, Label: 19, Survival Months: 327.33, Risk: -17.0124
	--> Average Speed: 0.06s per batch
	--> Time from Last Check: 1.77s
--> Batch: 149, Loss: 0.3683, Label: 16, Survival Months: 156.83, Risk: -15.3347
	--> Average Speed: 0.05s per batch
	--> Time from Last Check: 1.71s
--> Batch: 199, Loss: 0.2328, Label: 10, Survival Months: 65.75, Risk: -17.9333
	--> Average Speed: 0.05s per batch
	--> Time from Last Check: 1.72s
--> Batch: 249, Loss: 0.2962, Label: 14, Survival Months: 104.25, Risk: -16.0280
	--> Average Speed: 0.06s per batch
	--> Time from Last Check: 1.81s
--> Batch: 299, Loss: 2.7860, Label: 14, Survival Months: 113.75, Risk: -16.3992
	--> Average Speed: 0.05s per batch
	--> Time from Last Check: 1.73s
--> Batch: 349, Loss: 0.2734, Label: 9, Survival Months: 54.33, Risk: -13.1847
	--> Average Speed: 0.05s per batch
	--> Time from Last Check: 1.75s
--> Batch: 399, Loss: 0.2335, Label: 6, Survival Months: 41.83, Risk: -17.7945
	--> Average Speed: 0.06s per batch
	--> Time from Last Check: 1.77s
--> Batch: 449, Loss: 2.2062, Label: 18, Survival Months: 247.08, Risk: -12.8768
	--> Average Speed: 0.05s per batch
	--> Time from Last Check: 1.75s
--> Batch: 499, Loss: 1.8015, Label: 2, Survival Months: 21.25, Risk: -2.3580
	--> Average Speed: 0.05s per batch
	--> Time from Last Check: 1.68s
--> Batch: 549, Loss: 0.2607, Label: 14, Survival Months: 109.00, Risk: -17.3233
	--> Average Speed: 0.06s per batch
	--> Time from Last Check: 1.79s
--> Batch: 599, Loss: 0.3783, Label: 3, Survival Months: 30.75, Risk: -4.7916
	--> Average Speed: 0.05s per batch
	--> Time from Last Check: 1.72s
--> Batch: 649, Loss: 0.2381, Label: 12, Survival Months: 81.08, Risk: -17.7539
	--> Average Speed: 0.05s per batch
	--> Time from Last Check: 1.71s
--> Batch: 699, Loss: 0.2287, Label: 2, Survival Months: 18.00, Risk: -17.5206
	--> Average Speed: 0.05s per batch
	--> Time from Last Check: 1.66s
--> Batch: 749, Loss: 0.2317, Label: 9, Survival Months: 53.67, Risk: -17.1729
	--> Average Speed: 0.05s per batch
	--> Time from Last Check: 1.71s
--> Batch: 799, Loss: 1.7902, Label: 2, Survival Months: 24.58, Risk: -2.3683
	--> Average Speed: 0.05s per batch
	--> Time from Last Check: 1.69s
[07/01/2025 - 04:15:30] - Epoch: 19, lr: 0.00008345, train_loss: 0.5540, train_c_index: 0.8836
[07/01/2025 - 04:15:32] - Epoch: 19, val_loss: 0.8823, val_c_index: 0.4634
[07/01/2025 - 04:15:32] - Time elapsed for epoch 19: 31s
[07/01/2025 - 04:15:32] - Epoch: 20
--> Batch: 49, Loss: 0.2273, Label: 5, Survival Months: 37.33, Risk: -16.2372
	--> Average Speed: 0.06s per batch
	--> Time from Last Check: 1.79s
--> Batch: 99, Loss: 0.2307, Label: 9, Survival Months: 54.92, Risk: -16.3922
	--> Average Speed: 0.05s per batch
	--> Time from Last Check: 1.74s
--> Batch: 149, Loss: 0.2251, Label: 4, Survival Months: 32.08, Risk: -16.1642
	--> Average Speed: 0.05s per batch
	--> Time from Last Check: 1.73s
--> Batch: 199, Loss: 0.2238, Label: 0, Survival Months: 0.83, Risk: -14.9925
	--> Average Speed: 0.06s per batch
	--> Time from Last Check: 1.77s
--> Batch: 249, Loss: 0.5448, Label: 19, Survival Months: 357.08, Risk: -17.8152
	--> Average Speed: 0.05s per batch
	--> Time from Last Check: 1.73s
--> Batch: 299, Loss: 0.2256, Label: 11, Survival Months: 71.33, Risk: -18.3616
	--> Average Speed: 0.06s per batch
	--> Time from Last Check: 1.77s
--> Batch: 349, Loss: 0.5839, Label: 19, Survival Months: 438.42, Risk: -16.8403
	--> Average Speed: 0.05s per batch
	--> Time from Last Check: 1.75s
--> Batch: 399, Loss: 0.2692, Label: 17, Survival Months: 182.75, Risk: -18.0241
	--> Average Speed: 0.06s per batch
	--> Time from Last Check: 1.77s
--> Batch: 449, Loss: 0.2190, Label: 0, Survival Months: 0.42, Risk: -17.3691
	--> Average Speed: 0.05s per batch
	--> Time from Last Check: 1.73s
--> Batch: 499, Loss: 0.2250, Label: 7, Survival Months: 45.92, Risk: -15.7932
	--> Average Speed: 0.05s per batch
	--> Time from Last Check: 1.71s
--> Batch: 549, Loss: 0.2247, Label: 13, Survival Months: 95.83, Risk: -18.1792
	--> Average Speed: 0.05s per batch
	--> Time from Last Check: 1.69s
--> Batch: 599, Loss: 0.2561, Label: 8, Survival Months: 49.50, Risk: -12.9951
	--> Average Speed: 0.05s per batch
	--> Time from Last Check: 1.69s
--> Batch: 649, Loss: 0.2881, Label: 15, Survival Months: 131.00, Risk: -16.6125
	--> Average Speed: 0.05s per batch
	--> Time from Last Check: 1.75s
--> Batch: 699, Loss: 0.2317, Label: 6, Survival Months: 41.33, Risk: -13.4848
	--> Average Speed: 0.05s per batch
	--> Time from Last Check: 1.75s
--> Batch: 749, Loss: 0.2228, Label: 14, Survival Months: 110.08, Risk: -18.3631
	--> Average Speed: 0.05s per batch
	--> Time from Last Check: 1.70s
--> Batch: 799, Loss: 0.2293, Label: 0, Survival Months: 0.83, Risk: -8.5415
	--> Average Speed: 0.05s per batch
	--> Time from Last Check: 1.70s
[07/01/2025 - 04:16:02] - Epoch: 20, lr: 0.00008262, train_loss: 0.5292, train_c_index: 0.9033
--> Saving model into checkpoints/MCAT_TCGA-BRCA-GE-ME_E20_202501070416.pt
[07/01/2025 - 04:16:04] - Epoch: 20, val_loss: 0.8786, val_c_index: 0.4492
[07/01/2025 - 04:16:04] - Time elapsed for epoch 20: 32s

################# [07/01/2025 - 04:16:04] - Training completed #################

################# [07/01/2025 - 04:16:04] - Validation started #################
[07/01/2025 - 04:16:07] - Final Validation, val_loss: 0.8786, val_c_index: 0.4492
[07/01/2025 - 04:16:07] - Time elapsed for Validation: 2s

################ [07/01/2025 - 04:16:07] - Validation completed ################

################## [07/01/2025 - 04:16:09] - MCAT terminated ###################
