Environment conda activated
Job 2510240 started

#################### [16/01/2025 - 22:34:48] - MCAT started ####################
HOSTNAME: ajeje

WANDB: setting up for report

CUDA: available
--> Device count: 1
--> Using device: NVIDIA GeForce RTX 2080 Ti
--> Running on CUDA

DATASET: Loading data
--> Gene Expression loaded
--> Methylation loaded
--> Remaining samples after removing incomplete: 742
--> Class intervals: [
	0: [0.00 - 9.68]
	1: [9.68 - 24.60]
	2: [24.60 - 30.34]
	3: [30.34 - 33.52]
	4: [33.52 - 36.60]
	5: [36.60 - 39.75]
	6: [39.75 - 43.45]
	7: [43.45 - 47.78]
	8: [47.78 - 51.67]
	9: [51.67 - 56.66]
	10: [56.66 - 66.00]
	11: [66.00 - 78.32]
	12: [78.32 - 89.10]
	13: [89.10 - 102.75]
	14: [102.75 - 122.04]
	15: [122.04 - 143.07]
	16: [143.07 - 173.40]
	17: [173.40 - 206.80]
	18: [206.80 - 268.52]
	19: [268.52 - 593.83]
    ]
--> Standardizing RNA-seq data
--> Standardizing Methylation Islands beta values
[1;34mwandb[0m: 🚀 View run [33mlucas_job_2510240[0m at: [34mhttps://wandb.ai/luca_inghilterra-unimore/TCGA-BRCA-GE-ME-27-Cross-Validation/runs/ve98d6mw[0m
[1;34mwandb[0m: Find logs at: [1;35mwandb/run-20250116_223449-ve98d6mw/logs[0m
