Environment conda activated
Job 2507176 started

#################### [15/01/2025 - 15:55:34] - MCAT started ####################
HOSTNAME: nullazzo

WANDB: setting up for report

CUDA: available
--> Device count: 1
--> Using device: Quadro RTX 6000
--> Running on CUDA

DATASET: Loading data
--> Gene Expression loaded
--> Methylation loaded
--> Remaining samples after removing incomplete: 1039
--> Class intervals: [
	0: [0.00 - 2.57]
	1: [2.57 - 17.70]
	2: [17.70 - 26.37]
	3: [26.37 - 31.25]
	4: [31.25 - 34.71]
	5: [34.71 - 38.03]
	6: [38.03 - 42.94]
	7: [42.94 - 47.45]
	8: [47.45 - 51.69]
	9: [51.69 - 58.17]
	10: [58.17 - 67.10]
	11: [67.10 - 79.80]
	12: [79.80 - 88.56]
	13: [88.56 - 102.25]
	14: [102.25 - 120.62]
	15: [120.62 - 141.88]
	16: [141.88 - 174.40]
	17: [174.40 - 205.88]
	18: [205.88 - 263.29]
	19: [263.29 - 593.83]
    ]
--> Standardizing RNA-seq data
--> Standardizing Methylation Islands beta values
--> Gene Expression Signatures size: [19938]
--> Methylation Signatures size: [4522]
--> Using 80% training, 20% validation

###################### [15/01/2025 - 15:56:07] - Fold n°1 ######################

MODEL: MCAT
--> Trainable parameters of MCAT: 9362966
--> Loss function: CrossEntropySurvivalLoss
--> Optimizer: adam

############ [15/01/2025 - 15:56:08] - Training started (Fold n°1) #############
[15/01/2025 - 15:56:08] - Epoch: 1
--> Batch: 49, Loss: 1.0325, Label: 13, Survival Months: 89.33, Risk: -1.1203
	--> Average Speed: 0.08s per batch
	--> Time from Last Check: 2.69s
--> Batch: 99, Loss: 0.1804, Label: 0, Survival Months: 2.50, Risk: -1.2450
	--> Average Speed: 0.07s per batch
	--> Time from Last Check: 2.17s
--> Batch: 149, Loss: 0.1702, Label: 0, Survival Months: 0.00, Risk: -1.5394
	--> Average Speed: 0.07s per batch
	--> Time from Last Check: 2.17s
--> Batch: 199, Loss: 0.4076, Label: 6, Survival Months: 41.58, Risk: -1.9868
	--> Average Speed: 0.07s per batch
	--> Time from Last Check: 2.15s
--> Batch: 249, Loss: 0.5837, Label: 15, Survival Months: 132.25, Risk: -3.9414
	--> Average Speed: 0.07s per batch
	--> Time from Last Check: 2.17s
--> Batch: 299, Loss: 0.1705, Label: 9, Survival Months: 52.92, Risk: -10.8850
	--> Average Speed: 0.07s per batch
	--> Time from Last Check: 2.17s
--> Batch: 349, Loss: 0.1271, Label: 2, Survival Months: 21.50, Risk: -12.1990
	--> Average Speed: 0.07s per batch
	--> Time from Last Check: 2.17s
--> Batch: 399, Loss: 0.1172, Label: 1, Survival Months: 14.00, Risk: -15.1971
	--> Average Speed: 0.07s per batch
	--> Time from Last Check: 2.20s
--> Batch: 449, Loss: 0.1249, Label: 3, Survival Months: 28.58, Risk: -12.9655
	--> Average Speed: 0.07s per batch
	--> Time from Last Check: 2.20s
--> Batch: 499, Loss: 2.7177, Label: 14, Survival Months: 110.33, Risk: -12.1940
	--> Average Speed: 0.07s per batch
	--> Time from Last Check: 2.17s
--> Batch: 549, Loss: 0.3022, Label: 18, Survival Months: 207.42, Risk: -13.5188
	--> Average Speed: 0.07s per batch
	--> Time from Last Check: 2.17s
--> Batch: 599, Loss: 0.1435, Label: 8, Survival Months: 50.92, Risk: -11.8073
	--> Average Speed: 0.07s per batch
	--> Time from Last Check: 2.17s
--> Batch: 649, Loss: 0.3146, Label: 18, Survival Months: 220.42, Risk: -13.1254
	--> Average Speed: 0.07s per batch
	--> Time from Last Check: 2.15s
--> Batch: 699, Loss: 0.3788, Label: 19, Survival Months: 346.58, Risk: -12.9788
	--> Average Speed: 0.07s per batch
	--> Time from Last Check: 2.17s
--> Batch: 749, Loss: 0.2195, Label: 15, Survival Months: 126.83, Risk: -12.2399
	--> Average Speed: 0.07s per batch
	--> Time from Last Check: 2.16s
--> Batch: 799, Loss: 0.3198, Label: 18, Survival Months: 215.83, Risk: -11.9453
	--> Average Speed: 0.07s per batch
	--> Time from Last Check: 2.17s
[15/01/2025 - 15:56:45] - Epoch: 1, lr: 0.00010000, training_loss: 0.7833, training_c_index: 0.4452
[15/01/2025 - 15:56:47] - Epoch: 1, validation_loss: 0.4308, validation_c_index: 0.5192
--> New BEST Validation Score: 0.4761, validation_loss: 0.4308, validation_c_index: 0.5192
--> Current BEST Score: 0.4761
	--> validation_loss: 0.4308
	--> best validation_c_index: 0.5192
[15/01/2025 - 15:56:47] - Time elapsed for epoch 1: 39s
[15/01/2025 - 15:56:47] - Epoch: 2
--> Batch: 49, Loss: 0.2451, Label: 17, Survival Months: 197.58, Risk: -11.6833
	--> Average Speed: 0.05s per batch
	--> Time from Last Check: 1.73s
--> Batch: 99, Loss: 0.3434, Label: 19, Survival Months: 333.75, Risk: -14.3703
	--> Average Speed: 0.07s per batch
	--> Time from Last Check: 2.17s
--> Batch: 149, Loss: 0.1143, Label: 6, Survival Months: 39.67, Risk: -13.8406
	--> Average Speed: 0.07s per batch
	--> Time from Last Check: 2.17s
--> Batch: 199, Loss: 0.4021, Label: 19, Survival Months: 329.75, Risk: -12.1944
	--> Average Speed: 0.07s per batch
	--> Time from Last Check: 2.17s
--> Batch: 249, Loss: 0.2725, Label: 16, Survival Months: 166.50, Risk: -10.0557
	--> Average Speed: 0.07s per batch
	--> Time from Last Check: 2.18s
--> Batch: 299, Loss: 0.1138, Label: 3, Survival Months: 26.67, Risk: -12.8187
	--> Average Speed: 0.07s per batch
	--> Time from Last Check: 2.18s
--> Batch: 349, Loss: 0.1684, Label: 13, Survival Months: 93.92, Risk: -12.3924
	--> Average Speed: 0.07s per batch
	--> Time from Last Check: 2.22s
--> Batch: 399, Loss: 0.1031, Label: 1, Survival Months: 16.33, Risk: -13.4503
	--> Average Speed: 0.07s per batch
	--> Time from Last Check: 2.22s
--> Batch: 449, Loss: 0.1058, Label: 5, Survival Months: 36.58, Risk: -14.7017
	--> Average Speed: 0.07s per batch
	--> Time from Last Check: 2.22s
--> Batch: 499, Loss: 0.1082, Label: 7, Survival Months: 46.67, Risk: -14.7842
	--> Average Speed: 0.07s per batch
	--> Time from Last Check: 2.22s
--> Batch: 549, Loss: 3.4814, Label: 8, Survival Months: 51.00, Risk: -13.5486
	--> Average Speed: 0.07s per batch
	--> Time from Last Check: 2.22s
--> Batch: 599, Loss: 0.1011, Label: 1, Survival Months: 4.92, Risk: -13.2863
	--> Average Speed: 0.07s per batch
	--> Time from Last Check: 2.22s
--> Batch: 649, Loss: 0.1469, Label: 12, Survival Months: 83.08, Risk: -12.7877
	--> Average Speed: 0.07s per batch
	--> Time from Last Check: 2.24s
--> Batch: 699, Loss: 0.1716, Label: 13, Survival Months: 94.83, Risk: -11.6001
	--> Average Speed: 0.07s per batch
	--> Time from Last Check: 2.20s
--> Batch: 749, Loss: 3.0608, Label: 16, Survival Months: 149.42, Risk: -10.5899
	--> Average Speed: 0.07s per batch
	--> Time from Last Check: 2.18s
--> Batch: 799, Loss: 0.1057, Label: 4, Survival Months: 32.00, Risk: -13.6397
	--> Average Speed: 0.07s per batch
	--> Time from Last Check: 2.20s
[15/01/2025 - 15:57:24] - Epoch: 2, lr: 0.00009900, training_loss: 0.4873, training_c_index: 0.5708
[15/01/2025 - 15:57:25] - Epoch: 2, validation_loss: 0.4217, validation_c_index: 0.4589
--> No improvement in validation_loss or validation_c_index for 1 epoch(s)
--> Current BEST Score: 0.4761
	--> validation_loss: 0.4308
	--> best validation_c_index: 0.5192
[15/01/2025 - 15:57:25] - Time elapsed for epoch 2: 38s
[15/01/2025 - 15:57:25] - Epoch: 3
--> Batch: 49, Loss: 0.3651, Label: 19, Survival Months: 281.17, Risk: -14.0519
	--> Average Speed: 0.07s per batch
	--> Time from Last Check: 2.20s
--> Batch: 99, Loss: 0.1460, Label: 11, Survival Months: 72.08, Risk: -11.7400
	--> Average Speed: 0.07s per batch
	--> Time from Last Check: 2.21s
--> Batch: 149, Loss: 0.1142, Label: 7, Survival Months: 47.25, Risk: -12.6329
	--> Average Speed: 0.07s per batch
	--> Time from Last Check: 2.22s
--> Batch: 199, Loss: 0.1009, Label: 5, Survival Months: 35.67, Risk: -14.2173
	--> Average Speed: 0.07s per batch
	--> Time from Last Check: 2.21s
--> Batch: 249, Loss: 0.1470, Label: 15, Survival Months: 127.33, Risk: -14.3834
	--> Average Speed: 0.07s per batch
	--> Time from Last Check: 2.21s
--> Batch: 299, Loss: 0.1321, Label: 14, Survival Months: 109.00, Risk: -14.7838
	--> Average Speed: 0.06s per batch
	--> Time from Last Check: 2.01s
--> Batch: 349, Loss: 3.8360, Label: 3, Survival Months: 28.00, Risk: -15.0391
	--> Average Speed: 0.07s per batch
	--> Time from Last Check: 2.18s
--> Batch: 399, Loss: 0.1474, Label: 13, Survival Months: 96.83, Risk: -12.5381
	--> Average Speed: 0.07s per batch
	--> Time from Last Check: 2.18s
--> Batch: 449, Loss: 0.1109, Label: 6, Survival Months: 39.25, Risk: -11.7156
	--> Average Speed: 0.07s per batch
	--> Time from Last Check: 2.18s
--> Batch: 499, Loss: 0.1200, Label: 13, Survival Months: 90.42, Risk: -14.8147
	--> Average Speed: 0.07s per batch
	--> Time from Last Check: 2.18s
--> Batch: 549, Loss: 0.2428, Label: 18, Survival Months: 220.42, Risk: -14.8573
	--> Average Speed: 0.07s per batch
	--> Time from Last Check: 2.18s
--> Batch: 599, Loss: 0.3222, Label: 18, Survival Months: 210.08, Risk: -11.2011
	--> Average Speed: 0.07s per batch
	--> Time from Last Check: 2.17s
--> Batch: 649, Loss: 0.1067, Label: 11, Survival Months: 69.75, Risk: -15.3774
	--> Average Speed: 0.07s per batch
	--> Time from Last Check: 2.19s
--> Batch: 699, Loss: 0.0911, Label: 2, Survival Months: 17.92, Risk: -14.6124
	--> Average Speed: 0.07s per batch
	--> Time from Last Check: 2.18s
--> Batch: 749, Loss: 0.1297, Label: 15, Survival Months: 128.92, Risk: -15.7071
	--> Average Speed: 0.07s per batch
	--> Time from Last Check: 2.19s
--> Batch: 799, Loss: 0.0961, Label: 3, Survival Months: 29.83, Risk: -13.3955
	--> Average Speed: 0.07s per batch
	--> Time from Last Check: 2.18s
[15/01/2025 - 15:58:02] - Epoch: 3, lr: 0.00009801, training_loss: 0.4587, training_c_index: 0.6795
[15/01/2025 - 15:58:04] - Epoch: 3, validation_loss: 0.4685, validation_c_index: 0.3795
--> No improvement in validation_loss or validation_c_index for 2 epoch(s)
--> Current BEST Score: 0.4761
	--> validation_loss: 0.4308
	--> best validation_c_index: 0.5192
[15/01/2025 - 15:58:04] - Time elapsed for epoch 3: 39s
[15/01/2025 - 15:58:04] - Epoch: 4
--> Batch: 49, Loss: 0.1088, Label: 15, Survival Months: 123.75, Risk: -16.9676
	--> Average Speed: 0.07s per batch
	--> Time from Last Check: 2.19s
--> Batch: 99, Loss: 0.0924, Label: 10, Survival Months: 62.83, Risk: -16.5241
	--> Average Speed: 0.07s per batch
	--> Time from Last Check: 2.19s
--> Batch: 149, Loss: 0.2429, Label: 12, Survival Months: 87.25, Risk: -7.3518
	--> Average Speed: 0.07s per batch
	--> Time from Last Check: 2.17s
--> Batch: 199, Loss: 0.1198, Label: 5, Survival Months: 36.58, Risk: -9.5845
	--> Average Speed: 0.07s per batch
	--> Time from Last Check: 2.18s
--> Batch: 249, Loss: 3.5106, Label: 15, Survival Months: 141.58, Risk: -16.6750
	--> Average Speed: 0.07s per batch
	--> Time from Last Check: 2.13s
--> Batch: 299, Loss: 0.1400, Label: 13, Survival Months: 94.83, Risk: -12.9279
	--> Average Speed: 0.07s per batch
	--> Time from Last Check: 2.11s
--> Batch: 349, Loss: 3.0811, Label: 12, Survival Months: 83.67, Risk: -13.9749
	--> Average Speed: 0.07s per batch
	--> Time from Last Check: 2.17s
--> Batch: 399, Loss: 0.1632, Label: 17, Survival Months: 193.08, Risk: -15.2688
	--> Average Speed: 0.07s per batch
	--> Time from Last Check: 2.18s
--> Batch: 449, Loss: 0.1216, Label: 5, Survival Months: 35.67, Risk: -8.8973
	--> Average Speed: 0.07s per batch
	--> Time from Last Check: 2.20s
--> Batch: 499, Loss: 0.1942, Label: 17, Survival Months: 186.67, Risk: -13.8136
	--> Average Speed: 0.07s per batch
	--> Time from Last Check: 2.19s
--> Batch: 549, Loss: 0.0888, Label: 4, Survival Months: 33.08, Risk: -14.6643
	--> Average Speed: 0.07s per batch
	--> Time from Last Check: 2.17s
--> Batch: 599, Loss: 0.0969, Label: 11, Survival Months: 73.17, Risk: -15.9169
	--> Average Speed: 0.07s per batch
	--> Time from Last Check: 2.19s
--> Batch: 649, Loss: 2.5557, Label: 7, Survival Months: 43.67, Risk: -6.7796
	--> Average Speed: 0.07s per batch
	--> Time from Last Check: 2.20s
--> Batch: 699, Loss: 0.1189, Label: 8, Survival Months: 50.50, Risk: -11.5520
	--> Average Speed: 0.07s per batch
	--> Time from Last Check: 2.19s
--> Batch: 749, Loss: 0.0832, Label: 0, Survival Months: 0.58, Risk: -16.3222
	--> Average Speed: 0.07s per batch
	--> Time from Last Check: 2.20s
--> Batch: 799, Loss: 0.1437, Label: 17, Survival Months: 197.58, Risk: -16.3652
	--> Average Speed: 0.07s per batch
	--> Time from Last Check: 2.19s
[15/01/2025 - 15:58:41] - Epoch: 4, lr: 0.00009703, training_loss: 0.4307, training_c_index: 0.7905
[15/01/2025 - 15:58:43] - Epoch: 4, validation_loss: 0.4777, validation_c_index: 0.4644
--> No improvement in validation_loss or validation_c_index for 3 epoch(s)
--> Current BEST Score: 0.4761
	--> validation_loss: 0.4308
	--> best validation_c_index: 0.5192
[15/01/2025 - 15:58:43] - Time elapsed for epoch 4: 39s
[15/01/2025 - 15:58:43] - Epoch: 5
--> Batch: 49, Loss: 0.0882, Label: 4, Survival Months: 33.50, Risk: -15.2446
	--> Average Speed: 0.07s per batch
	--> Time from Last Check: 2.14s
--> Batch: 99, Loss: 0.1039, Label: 10, Survival Months: 63.42, Risk: -13.8075
	--> Average Speed: 0.07s per batch
	--> Time from Last Check: 2.19s
--> Batch: 149, Loss: 0.0876, Label: 5, Survival Months: 37.92, Risk: -15.2489
	--> Average Speed: 0.07s per batch
	--> Time from Last Check: 2.19s
--> Batch: 199, Loss: 0.1021, Label: 3, Survival Months: 27.67, Risk: -10.7790
	--> Average Speed: 0.07s per batch
	--> Time from Last Check: 2.19s
--> Batch: 249, Loss: 0.1956, Label: 12, Survival Months: 83.67, Risk: -9.3157
	--> Average Speed: 0.07s per batch
	--> Time from Last Check: 2.19s
--> Batch: 299, Loss: 0.1556, Label: 17, Survival Months: 182.75, Risk: -15.8689
	--> Average Speed: 0.07s per batch
	--> Time from Last Check: 2.18s
--> Batch: 349, Loss: 0.1763, Label: 18, Survival Months: 226.50, Risk: -17.1867
	--> Average Speed: 0.07s per batch
	--> Time from Last Check: 2.19s
--> Batch: 399, Loss: 0.0857, Label: 8, Survival Months: 47.83, Risk: -16.3761
	--> Average Speed: 0.07s per batch
	--> Time from Last Check: 2.18s
--> Batch: 449, Loss: 0.1144, Label: 15, Survival Months: 123.75, Risk: -16.6750
	--> Average Speed: 0.07s per batch
	--> Time from Last Check: 2.19s
--> Batch: 499, Loss: 0.1339, Label: 16, Survival Months: 165.92, Risk: -16.0193
	--> Average Speed: 0.07s per batch
	--> Time from Last Check: 2.15s
--> Batch: 549, Loss: 0.0977, Label: 5, Survival Months: 35.17, Risk: -11.7854
	--> Average Speed: 0.07s per batch
	--> Time from Last Check: 2.14s
--> Batch: 599, Loss: 0.1031, Label: 10, Survival Months: 63.25, Risk: -14.1872
	--> Average Speed: 0.06s per batch
	--> Time from Last Check: 2.02s
--> Batch: 649, Loss: 0.1588, Label: 13, Survival Months: 96.33, Risk: -12.1708
	--> Average Speed: 0.07s per batch
	--> Time from Last Check: 2.18s
--> Batch: 699, Loss: 0.1223, Label: 11, Survival Months: 76.50, Risk: -13.1130
	--> Average Speed: 0.07s per batch
	--> Time from Last Check: 2.18s
--> Batch: 749, Loss: 2.9286, Label: 13, Survival Months: 92.00, Risk: -11.2249
	--> Average Speed: 0.07s per batch
	--> Time from Last Check: 2.18s
--> Batch: 799, Loss: 3.6755, Label: 1, Survival Months: 13.33, Risk: -11.6469
	--> Average Speed: 0.07s per batch
	--> Time from Last Check: 2.17s
[15/01/2025 - 15:59:19] - Epoch: 5, lr: 0.00009606, training_loss: 0.4034, training_c_index: 0.8690
[15/01/2025 - 15:59:21] - Epoch: 5, validation_loss: 0.5566, validation_c_index: 0.4212
--> No improvement in validation_loss or validation_c_index for 4 epoch(s)
--> Current BEST Score: 0.4761
	--> validation_loss: 0.4308
	--> best validation_c_index: 0.5192
[15/01/2025 - 15:59:21] - Time elapsed for epoch 5: 38s
[15/01/2025 - 15:59:21] - Epoch: 6
--> Batch: 49, Loss: 0.1259, Label: 16, Survival Months: 174.25, Risk: -16.6390
	--> Average Speed: 0.07s per batch
	--> Time from Last Check: 2.11s
--> Batch: 99, Loss: 0.0827, Label: 5, Survival Months: 37.33, Risk: -16.8979
	--> Average Speed: 0.07s per batch
	--> Time from Last Check: 2.20s
--> Batch: 149, Loss: 0.1702, Label: 17, Survival Months: 200.50, Risk: -16.0997
	--> Average Speed: 0.07s per batch
	--> Time from Last Check: 2.21s
--> Batch: 199, Loss: 0.0891, Label: 12, Survival Months: 85.42, Risk: -16.7159
	--> Average Speed: 0.07s per batch
	--> Time from Last Check: 2.20s
--> Batch: 249, Loss: 0.0819, Label: 6, Survival Months: 42.50, Risk: -17.5367
	--> Average Speed: 0.07s per batch
	--> Time from Last Check: 2.21s
--> Batch: 299, Loss: 0.0872, Label: 13, Survival Months: 94.83, Risk: -17.5451
	--> Average Speed: 0.07s per batch
	--> Time from Last Check: 2.20s
--> Batch: 349, Loss: 2.9564, Label: 7, Survival Months: 45.67, Risk: -2.7325
	--> Average Speed: 0.07s per batch
	--> Time from Last Check: 2.20s
--> Batch: 399, Loss: 0.0854, Label: 6, Survival Months: 39.58, Risk: -15.6083
	--> Average Speed: 0.07s per batch
	--> Time from Last Check: 2.19s
--> Batch: 449, Loss: 0.0883, Label: 10, Survival Months: 58.58, Risk: -15.8031
	--> Average Speed: 0.07s per batch
	--> Time from Last Check: 2.19s
--> Batch: 499, Loss: 0.0852, Label: 2, Survival Months: 25.25, Risk: -14.0004
	--> Average Speed: 0.07s per batch
	--> Time from Last Check: 2.18s
--> Batch: 549, Loss: 0.0836, Label: 3, Survival Months: 31.25, Risk: -16.0396
	--> Average Speed: 0.07s per batch
	--> Time from Last Check: 2.22s
--> Batch: 599, Loss: 0.1096, Label: 16, Survival Months: 157.25, Risk: -17.2246
	--> Average Speed: 0.06s per batch
	--> Time from Last Check: 1.76s
--> Batch: 649, Loss: 2.0185, Label: 14, Survival Months: 119.92, Risk: -14.0623
	--> Average Speed: 0.07s per batch
	--> Time from Last Check: 2.11s
--> Batch: 699, Loss: 0.0977, Label: 14, Survival Months: 113.25, Risk: -16.8615
	--> Average Speed: 0.05s per batch
	--> Time from Last Check: 1.58s
--> Batch: 749, Loss: 0.0868, Label: 11, Survival Months: 75.42, Risk: -16.7520
	--> Average Speed: 0.06s per batch
	--> Time from Last Check: 1.99s
--> Batch: 799, Loss: 0.1281, Label: 9, Survival Months: 55.33, Risk: -10.1335
	--> Average Speed: 0.06s per batch
	--> Time from Last Check: 2.03s
[15/01/2025 - 15:59:56] - Epoch: 6, lr: 0.00009510, training_loss: 0.3815, training_c_index: 0.8888
[15/01/2025 - 15:59:58] - Epoch: 6, validation_loss: 0.5295, validation_c_index: 0.4411
--> No improvement in validation_loss or validation_c_index for 5 epoch(s)
--> Current BEST Score: 0.4761
	--> validation_loss: 0.4308
	--> best validation_c_index: 0.5192
[15/01/2025 - 15:59:58] - Time elapsed for epoch 6: 37s
[15/01/2025 - 15:59:58] - Epoch: 7
--> Batch: 49, Loss: 0.0982, Label: 6, Survival Months: 42.17, Risk: -11.1277
	--> Average Speed: 0.07s per batch
	--> Time from Last Check: 2.25s
--> Batch: 99, Loss: 0.0833, Label: 3, Survival Months: 30.17, Risk: -15.2372
	--> Average Speed: 0.07s per batch
	--> Time from Last Check: 2.20s
--> Batch: 149, Loss: 0.1013, Label: 14, Survival Months: 107.33, Risk: -16.6319
	--> Average Speed: 0.07s per batch
	--> Time from Last Check: 2.20s
--> Batch: 199, Loss: 0.0816, Label: 10, Survival Months: 60.58, Risk: -17.5200
	--> Average Speed: 0.07s per batch
	--> Time from Last Check: 2.22s
--> Batch: 249, Loss: 0.0811, Label: 4, Survival Months: 33.50, Risk: -16.9393
	--> Average Speed: 0.07s per batch
	--> Time from Last Check: 2.19s
--> Batch: 299, Loss: 5.3865, Label: 7, Survival Months: 46.50, Risk: -17.1873
	--> Average Speed: 0.07s per batch
	--> Time from Last Check: 2.19s
--> Batch: 349, Loss: 0.0805, Label: 2, Survival Months: 19.25, Risk: -16.4847
	--> Average Speed: 0.07s per batch
	--> Time from Last Check: 2.19s
--> Batch: 399, Loss: 0.1155, Label: 6, Survival Months: 38.42, Risk: -9.0282
	--> Average Speed: 0.07s per batch
	--> Time from Last Check: 2.18s
--> Batch: 449, Loss: 0.0869, Label: 10, Survival Months: 60.50, Risk: -16.0255
	--> Average Speed: 0.07s per batch
	--> Time from Last Check: 2.18s
--> Batch: 499, Loss: 0.0964, Label: 14, Survival Months: 118.08, Risk: -17.1878
	--> Average Speed: 0.07s per batch
	--> Time from Last Check: 2.17s
--> Batch: 549, Loss: 2.3868, Label: 15, Survival Months: 137.42, Risk: -11.4261
	--> Average Speed: 0.07s per batch
	--> Time from Last Check: 2.18s
--> Batch: 599, Loss: 0.0820, Label: 1, Survival Months: 6.33, Risk: -14.0605
	--> Average Speed: 0.07s per batch
	--> Time from Last Check: 2.17s
--> Batch: 649, Loss: 0.0890, Label: 3, Survival Months: 30.42, Risk: -12.2235
	--> Average Speed: 0.07s per batch
	--> Time from Last Check: 2.17s
--> Batch: 699, Loss: 2.2855, Label: 18, Survival Months: 260.50, Risk: -13.3206
	--> Average Speed: 0.07s per batch
	--> Time from Last Check: 2.18s
--> Batch: 749, Loss: 0.0802, Label: 0, Survival Months: 2.50, Risk: -16.2204
	--> Average Speed: 0.07s per batch
	--> Time from Last Check: 2.17s
--> Batch: 799, Loss: 0.0808, Label: 7, Survival Months: 47.25, Risk: -17.3372
	--> Average Speed: 0.07s per batch
	--> Time from Last Check: 2.19s
[15/01/2025 - 16:00:35] - Epoch: 7, lr: 0.00009415, training_loss: 0.3755, training_c_index: 0.8988
[15/01/2025 - 16:00:37] - Epoch: 7, validation_loss: 0.5118, validation_c_index: 0.4425
--> No improvement in validation_loss or validation_c_index for 6 epoch(s)
--> Current BEST Score: 0.4761
	--> validation_loss: 0.4308
	--> best validation_c_index: 0.5192
[15/01/2025 - 16:00:37] - Time elapsed for epoch 7: 39s
[15/01/2025 - 16:00:37] - Epoch: 8
--> Batch: 49, Loss: 0.0803, Label: 1, Survival Months: 14.17, Risk: -15.9030
	--> Average Speed: 0.04s per batch
	--> Time from Last Check: 1.18s
--> Batch: 99, Loss: 0.3172, Label: 19, Survival Months: 273.92, Risk: -17.3947
	--> Average Speed: 0.06s per batch
	--> Time from Last Check: 1.77s
--> Batch: 149, Loss: 0.0802, Label: 5, Survival Months: 38.00, Risk: -17.4215
	--> Average Speed: 0.07s per batch
	--> Time from Last Check: 2.20s
--> Batch: 199, Loss: 0.0816, Label: 0, Survival Months: 0.83, Risk: -10.8705
	--> Average Speed: 0.07s per batch
	--> Time from Last Check: 2.19s
--> Batch: 249, Loss: 0.0802, Label: 2, Survival Months: 25.75, Risk: -16.6050
	--> Average Speed: 0.07s per batch
	--> Time from Last Check: 2.19s
--> Batch: 299, Loss: 0.3072, Label: 14, Survival Months: 107.33, Risk: -9.1216
	--> Average Speed: 0.07s per batch
	--> Time from Last Check: 2.18s
--> Batch: 349, Loss: 0.0797, Label: 0, Survival Months: 0.42, Risk: -16.8164
	--> Average Speed: 0.07s per batch
	--> Time from Last Check: 2.19s
--> Batch: 399, Loss: 0.1076, Label: 16, Survival Months: 165.92, Risk: -17.2031
	--> Average Speed: 0.07s per batch
	--> Time from Last Check: 2.19s
--> Batch: 449, Loss: 0.6057, Label: 19, Survival Months: 478.25, Risk: -9.3550
	--> Average Speed: 0.07s per batch
	--> Time from Last Check: 2.18s
--> Batch: 499, Loss: 0.1019, Label: 13, Survival Months: 96.83, Risk: -15.6828
	--> Average Speed: 0.07s per batch
	--> Time from Last Check: 2.19s
--> Batch: 549, Loss: 0.1294, Label: 16, Survival Months: 155.42, Risk: -16.4627
	--> Average Speed: 0.07s per batch
	--> Time from Last Check: 2.24s
--> Batch: 599, Loss: 0.0909, Label: 4, Survival Months: 32.08, Risk: -11.8829
	--> Average Speed: 0.06s per batch
	--> Time from Last Check: 2.05s
--> Batch: 649, Loss: 0.3773, Label: 19, Survival Months: 281.17, Risk: -16.0572
	--> Average Speed: 0.04s per batch
	--> Time from Last Check: 1.29s
--> Batch: 699, Loss: 0.0793, Label: 1, Survival Months: 16.67, Risk: -17.0977
	--> Average Speed: 0.04s per batch
	--> Time from Last Check: 1.34s
--> Batch: 749, Loss: 0.0855, Label: 11, Survival Months: 76.00, Risk: -16.2850
	--> Average Speed: 0.07s per batch
	--> Time from Last Check: 2.14s
--> Batch: 799, Loss: 0.0795, Label: 0, Survival Months: 1.58, Risk: -16.0819
	--> Average Speed: 0.07s per batch
	--> Time from Last Check: 2.16s
[15/01/2025 - 16:01:10] - Epoch: 8, lr: 0.00009321, training_loss: 0.3553, training_c_index: 0.9199
[15/01/2025 - 16:01:12] - Epoch: 8, validation_loss: 0.5263, validation_c_index: 0.5014
--> No improvement in validation_loss or validation_c_index for 7 epoch(s)
--> Current BEST Score: 0.4761
	--> validation_loss: 0.4308
	--> best validation_c_index: 0.5192
--> Early stopping triggered after 7 epochs without improvement
[15/01/2025 - 16:01:13] - Restoring best model from epoch 1
--> Model discarded due to low validation C-Index.

########### [15/01/2025 - 16:01:13] - Training completed (Fold n°1) ############

########### [15/01/2025 - 16:01:13] - Validation started (Fold n°1) ############
[15/01/2025 - 16:01:15] - Testing, testing_loss: 0.4308, testing_c_index: 0.5192
[15/01/2025 - 16:01:15] - Time elapsed for Validation: 2s

########## [15/01/2025 - 16:01:15] - Validation completed (Fold n°1) ###########

###################### [15/01/2025 - 16:01:15] - Fold n°2 ######################

MODEL: MCAT
--> Trainable parameters of MCAT: 9362966
--> Loss function: CrossEntropySurvivalLoss
--> Optimizer: adam

############ [15/01/2025 - 16:01:15] - Training started (Fold n°2) #############
[15/01/2025 - 16:01:15] - Epoch: 1
--> Batch: 49, Loss: 0.4322, Label: 4, Survival Months: 32.08, Risk: -1.1877
	--> Average Speed: 0.07s per batch
	--> Time from Last Check: 2.18s
--> Batch: 99, Loss: 1.0722, Label: 15, Survival Months: 128.50, Risk: -1.3913
	--> Average Speed: 0.07s per batch
	--> Time from Last Check: 2.16s
--> Batch: 149, Loss: 0.5456, Label: 8, Survival Months: 48.67, Risk: -1.7490
	--> Average Speed: 0.07s per batch
	--> Time from Last Check: 2.21s
--> Batch: 199, Loss: 0.2464, Label: 4, Survival Months: 34.33, Risk: -3.4073
	--> Average Speed: 0.07s per batch
	--> Time from Last Check: 2.25s
--> Batch: 249, Loss: 0.2142, Label: 7, Survival Months: 43.50, Risk: -6.4496
	--> Average Speed: 0.07s per batch
	--> Time from Last Check: 2.25s
--> Batch: 299, Loss: 0.1749, Label: 11, Survival Months: 76.50, Risk: -11.3250
	--> Average Speed: 0.07s per batch
	--> Time from Last Check: 2.26s
--> Batch: 349, Loss: 0.1175, Label: 1, Survival Months: 5.67, Risk: -14.2755
	--> Average Speed: 0.07s per batch
	--> Time from Last Check: 2.22s
--> Batch: 399, Loss: 0.1197, Label: 5, Survival Months: 37.83, Risk: -15.0594
	--> Average Speed: 0.07s per batch
	--> Time from Last Check: 2.19s
--> Batch: 449, Loss: 0.1572, Label: 15, Survival Months: 128.92, Risk: -15.4323
	--> Average Speed: 0.07s per batch
	--> Time from Last Check: 2.19s
--> Batch: 499, Loss: 0.1168, Label: 4, Survival Months: 33.08, Risk: -15.2850
	--> Average Speed: 0.07s per batch
	--> Time from Last Check: 2.19s
--> Batch: 549, Loss: 0.1927, Label: 17, Survival Months: 193.00, Risk: -15.2993
	--> Average Speed: 0.07s per batch
	--> Time from Last Check: 2.19s
--> Batch: 599, Loss: 1.6448, Label: 18, Survival Months: 214.42, Risk: -14.5785
	--> Average Speed: 0.07s per batch
	--> Time from Last Check: 2.16s
--> Batch: 649, Loss: 0.1788, Label: 14, Survival Months: 114.50, Risk: -13.1437
	--> Average Speed: 0.07s per batch
	--> Time from Last Check: 2.14s
--> Batch: 699, Loss: 0.1280, Label: 7, Survival Months: 46.67, Risk: -12.8670
	--> Average Speed: 0.06s per batch
	--> Time from Last Check: 2.04s
--> Batch: 749, Loss: 0.1223, Label: 2, Survival Months: 24.42, Risk: -10.8500
	--> Average Speed: 0.07s per batch
	--> Time from Last Check: 2.11s
--> Batch: 799, Loss: 0.1650, Label: 13, Survival Months: 89.92, Risk: -12.7061
	--> Average Speed: 0.07s per batch
	--> Time from Last Check: 2.10s
[15/01/2025 - 16:01:51] - Epoch: 1, lr: 0.00010000, training_loss: 0.7291, training_c_index: 0.4661
[15/01/2025 - 16:01:53] - Epoch: 1, validation_loss: 0.5888, validation_c_index: 0.5674
--> New BEST Validation Score: 0.5085, validation_loss: 0.5888, validation_c_index: 0.5674
--> Current BEST Score: 0.5085
	--> validation_loss: 0.5888
	--> best validation_c_index: 0.5674
[15/01/2025 - 16:01:53] - Time elapsed for epoch 1: 39s
[15/01/2025 - 16:01:53] - Epoch: 2
--> Batch: 49, Loss: 0.2644, Label: 18, Survival Months: 246.08, Risk: -13.8644
	--> Average Speed: 0.06s per batch
	--> Time from Last Check: 2.00s
--> Batch: 99, Loss: 0.1937, Label: 13, Survival Months: 90.42, Risk: -10.6756
	--> Average Speed: 0.07s per batch
	--> Time from Last Check: 2.20s
--> Batch: 149, Loss: 0.1192, Label: 9, Survival Months: 52.92, Risk: -14.9675
	--> Average Speed: 0.07s per batch
	--> Time from Last Check: 2.20s
--> Batch: 199, Loss: 0.1537, Label: 11, Survival Months: 78.58, Risk: -11.8412
	--> Average Speed: 0.07s per batch
	--> Time from Last Check: 2.19s
--> Batch: 249, Loss: 0.1498, Label: 16, Survival Months: 166.50, Risk: -15.2633
	--> Average Speed: 0.07s per batch
	--> Time from Last Check: 2.20s
--> Batch: 299, Loss: 2.0326, Label: 19, Survival Months: 284.08, Risk: -14.1955
	--> Average Speed: 0.07s per batch
	--> Time from Last Check: 2.20s
--> Batch: 349, Loss: 3.1019, Label: 15, Survival Months: 140.67, Risk: -8.5143
	--> Average Speed: 0.07s per batch
	--> Time from Last Check: 2.18s
--> Batch: 399, Loss: 0.1183, Label: 11, Survival Months: 74.17, Risk: -15.4517
	--> Average Speed: 0.07s per batch
	--> Time from Last Check: 2.21s
--> Batch: 449, Loss: 0.1426, Label: 11, Survival Months: 75.58, Risk: -12.7501
	--> Average Speed: 0.07s per batch
	--> Time from Last Check: 2.20s
--> Batch: 499, Loss: 0.1571, Label: 14, Survival Months: 102.83, Risk: -13.7320
	--> Average Speed: 0.07s per batch
	--> Time from Last Check: 2.20s
--> Batch: 549, Loss: 0.1141, Label: 8, Survival Months: 48.67, Risk: -14.6901
	--> Average Speed: 0.07s per batch
	--> Time from Last Check: 2.17s
--> Batch: 599, Loss: 0.1140, Label: 11, Survival Months: 71.33, Risk: -15.5936
	--> Average Speed: 0.07s per batch
	--> Time from Last Check: 2.17s
--> Batch: 649, Loss: 0.1290, Label: 14, Survival Months: 110.83, Risk: -15.7515
	--> Average Speed: 0.07s per batch
	--> Time from Last Check: 2.14s
--> Batch: 699, Loss: 0.1617, Label: 10, Survival Months: 63.33, Risk: -10.1992
	--> Average Speed: 0.07s per batch
	--> Time from Last Check: 2.18s
--> Batch: 749, Loss: 0.1161, Label: 3, Survival Months: 29.00, Risk: -10.9033
	--> Average Speed: 0.07s per batch
	--> Time from Last Check: 2.19s
--> Batch: 799, Loss: 0.1532, Label: 15, Survival Months: 124.33, Risk: -14.4505
	--> Average Speed: 0.07s per batch
	--> Time from Last Check: 2.15s
[15/01/2025 - 16:02:30] - Epoch: 2, lr: 0.00009900, training_loss: 0.4373, training_c_index: 0.6618
[15/01/2025 - 16:02:32] - Epoch: 2, validation_loss: 0.5996, validation_c_index: 0.5511
--> No improvement in validation_loss or validation_c_index for 1 epoch(s)
--> Current BEST Score: 0.5085
	--> validation_loss: 0.5888
	--> best validation_c_index: 0.5674
[15/01/2025 - 16:02:32] - Time elapsed for epoch 2: 39s
[15/01/2025 - 16:02:32] - Epoch: 3
--> Batch: 49, Loss: 0.3622, Label: 19, Survival Months: 280.08, Risk: -15.2274
	--> Average Speed: 0.06s per batch
	--> Time from Last Check: 1.89s
--> Batch: 99, Loss: 0.1021, Label: 7, Survival Months: 43.25, Risk: -15.2429
	--> Average Speed: 0.07s per batch
	--> Time from Last Check: 2.18s
--> Batch: 149, Loss: 2.8693, Label: 0, Survival Months: 0.08, Risk: -9.5048
	--> Average Speed: 0.07s per batch
	--> Time from Last Check: 2.21s
--> Batch: 199, Loss: 0.0920, Label: 0, Survival Months: 0.83, Risk: -15.4076
	--> Average Speed: 0.07s per batch
	--> Time from Last Check: 2.18s
--> Batch: 249, Loss: 0.1002, Label: 7, Survival Months: 47.08, Risk: -15.2357
	--> Average Speed: 0.07s per batch
	--> Time from Last Check: 2.20s
--> Batch: 299, Loss: 0.0934, Label: 6, Survival Months: 39.83, Risk: -16.5177
	--> Average Speed: 0.07s per batch
	--> Time from Last Check: 2.19s
--> Batch: 349, Loss: 0.1378, Label: 15, Survival Months: 137.33, Risk: -15.4408
	--> Average Speed: 0.07s per batch
	--> Time from Last Check: 2.18s
--> Batch: 399, Loss: 0.0899, Label: 0, Survival Months: 2.50, Risk: -17.1568
	--> Average Speed: 0.07s per batch
	--> Time from Last Check: 2.17s
--> Batch: 449, Loss: 2.8122, Label: 10, Survival Months: 62.83, Risk: -9.9563
	--> Average Speed: 0.07s per batch
	--> Time from Last Check: 2.18s
--> Batch: 499, Loss: 0.1026, Label: 12, Survival Months: 83.00, Risk: -16.5005
	--> Average Speed: 0.07s per batch
	--> Time from Last Check: 2.18s
--> Batch: 549, Loss: 0.0970, Label: 2, Survival Months: 22.17, Risk: -13.6564
	--> Average Speed: 0.07s per batch
	--> Time from Last Check: 2.19s
--> Batch: 599, Loss: 0.3649, Label: 19, Survival Months: 281.17, Risk: -14.9317
	--> Average Speed: 0.07s per batch
	--> Time from Last Check: 2.18s
--> Batch: 649, Loss: 0.1016, Label: 13, Survival Months: 101.75, Risk: -16.3963
	--> Average Speed: 0.07s per batch
	--> Time from Last Check: 2.18s
--> Batch: 699, Loss: 0.1045, Label: 13, Survival Months: 96.92, Risk: -16.1634
	--> Average Speed: 0.07s per batch
	--> Time from Last Check: 2.18s
--> Batch: 749, Loss: 0.3129, Label: 18, Survival Months: 262.67, Risk: -11.8320
	--> Average Speed: 0.07s per batch
	--> Time from Last Check: 2.18s
--> Batch: 799, Loss: 0.1067, Label: 3, Survival Months: 30.92, Risk: -11.0833
	--> Average Speed: 0.07s per batch
	--> Time from Last Check: 2.18s
[15/01/2025 - 16:03:08] - Epoch: 3, lr: 0.00009801, training_loss: 0.4062, training_c_index: 0.8255
[15/01/2025 - 16:03:10] - Epoch: 3, validation_loss: 0.6877, validation_c_index: 0.3984
--> No improvement in validation_loss or validation_c_index for 2 epoch(s)
--> Current BEST Score: 0.5085
	--> validation_loss: 0.5888
	--> best validation_c_index: 0.5674
[15/01/2025 - 16:03:10] - Time elapsed for epoch 3: 38s
[15/01/2025 - 16:03:10] - Epoch: 4
--> Batch: 49, Loss: 0.0923, Label: 7, Survival Months: 46.17, Risk: -15.6342
	--> Average Speed: 0.06s per batch
	--> Time from Last Check: 2.06s
--> Batch: 99, Loss: 0.0875, Label: 1, Survival Months: 14.17, Risk: -16.2243
	--> Average Speed: 0.07s per batch
	--> Time from Last Check: 2.17s
--> Batch: 149, Loss: 0.1032, Label: 14, Survival Months: 119.75, Risk: -16.8147
	--> Average Speed: 0.07s per batch
	--> Time from Last Check: 2.18s
--> Batch: 199, Loss: 1.6060, Label: 18, Survival Months: 210.00, Risk: -17.1302
	--> Average Speed: 0.07s per batch
	--> Time from Last Check: 2.18s
--> Batch: 249, Loss: 0.2772, Label: 18, Survival Months: 226.50, Risk: -13.1831
	--> Average Speed: 0.07s per batch
	--> Time from Last Check: 2.09s
--> Batch: 299, Loss: 0.0982, Label: 10, Survival Months: 63.33, Risk: -15.7955
	--> Average Speed: 0.07s per batch
	--> Time from Last Check: 2.17s
--> Batch: 349, Loss: 0.1078, Label: 13, Survival Months: 88.83, Risk: -15.6035
	--> Average Speed: 0.07s per batch
	--> Time from Last Check: 2.18s
--> Batch: 399, Loss: 0.0967, Label: 13, Survival Months: 100.67, Risk: -16.6551
	--> Average Speed: 0.07s per batch
	--> Time from Last Check: 2.20s
--> Batch: 449, Loss: 0.0864, Label: 2, Survival Months: 23.75, Risk: -16.3052
	--> Average Speed: 0.07s per batch
	--> Time from Last Check: 2.18s
--> Batch: 499, Loss: 2.4962, Label: 14, Survival Months: 113.75, Risk: -10.5019
	--> Average Speed: 0.07s per batch
	--> Time from Last Check: 2.17s
--> Batch: 549, Loss: 0.0877, Label: 8, Survival Months: 51.33, Risk: -16.8325
	--> Average Speed: 0.07s per batch
	--> Time from Last Check: 2.18s
--> Batch: 599, Loss: 0.0859, Label: 9, Survival Months: 57.83, Risk: -17.2684
	--> Average Speed: 0.07s per batch
	--> Time from Last Check: 2.17s
--> Batch: 649, Loss: 1.7906, Label: 0, Survival Months: 0.00, Risk: -3.9237
	--> Average Speed: 0.07s per batch
	--> Time from Last Check: 2.16s
--> Batch: 699, Loss: 2.6109, Label: 15, Survival Months: 136.83, Risk: -10.6288
	--> Average Speed: 0.07s per batch
	--> Time from Last Check: 2.17s
--> Batch: 749, Loss: 0.1051, Label: 14, Survival Months: 103.92, Risk: -16.6940
	--> Average Speed: 0.07s per batch
	--> Time from Last Check: 2.18s
--> Batch: 799, Loss: 0.1018, Label: 14, Survival Months: 113.25, Risk: -17.1931
	--> Average Speed: 0.07s per batch
	--> Time from Last Check: 2.19s
[15/01/2025 - 16:03:47] - Epoch: 4, lr: 0.00009703, training_loss: 0.3741, training_c_index: 0.8706
[15/01/2025 - 16:03:49] - Epoch: 4, validation_loss: 0.6976, validation_c_index: 0.5878
--> New BEST Validation Score: 0.5181, validation_loss: 0.6976, validation_c_index: 0.5878
--> Current BEST Score: 0.5181
	--> validation_loss: 0.6976
	--> best validation_c_index: 0.5878
[15/01/2025 - 16:03:49] - Time elapsed for epoch 4: 39s
[15/01/2025 - 16:03:49] - Epoch: 5
--> Batch: 49, Loss: 0.0859, Label: 10, Survival Months: 66.50, Risk: -17.5713
	--> Average Speed: 0.07s per batch
	--> Time from Last Check: 2.18s
--> Batch: 99, Loss: 0.3236, Label: 18, Survival Months: 206.92, Risk: -11.6201
	--> Average Speed: 0.07s per batch
	--> Time from Last Check: 2.18s
--> Batch: 149, Loss: 0.0907, Label: 13, Survival Months: 96.92, Risk: -17.2042
	--> Average Speed: 0.07s per batch
	--> Time from Last Check: 2.18s
--> Batch: 199, Loss: 0.1190, Label: 15, Survival Months: 134.50, Risk: -16.3060
	--> Average Speed: 0.07s per batch
	--> Time from Last Check: 2.18s
--> Batch: 249, Loss: 0.0879, Label: 9, Survival Months: 51.83, Risk: -16.3044
	--> Average Speed: 0.07s per batch
	--> Time from Last Check: 2.18s
--> Batch: 299, Loss: 0.0983, Label: 14, Survival Months: 114.50, Risk: -17.3396
	--> Average Speed: 0.07s per batch
	--> Time from Last Check: 2.17s
--> Batch: 349, Loss: 0.1117, Label: 14, Survival Months: 108.42, Risk: -16.3575
	--> Average Speed: 0.07s per batch
	--> Time from Last Check: 2.18s
--> Batch: 399, Loss: 0.0850, Label: 10, Survival Months: 58.92, Risk: -17.3668
	--> Average Speed: 0.07s per batch
	--> Time from Last Check: 2.18s
--> Batch: 449, Loss: 0.0897, Label: 12, Survival Months: 88.25, Risk: -17.2408
	--> Average Speed: 0.07s per batch
	--> Time from Last Check: 2.18s
--> Batch: 499, Loss: 0.3398, Label: 19, Survival Months: 559.92, Risk: -16.4733
	--> Average Speed: 0.07s per batch
	--> Time from Last Check: 2.17s
--> Batch: 549, Loss: 0.0918, Label: 13, Survival Months: 95.83, Risk: -16.9835
	--> Average Speed: 0.07s per batch
	--> Time from Last Check: 2.18s
--> Batch: 599, Loss: 3.1726, Label: 13, Survival Months: 97.83, Risk: -8.1831
	--> Average Speed: 0.07s per batch
	--> Time from Last Check: 2.17s
--> Batch: 649, Loss: 0.0834, Label: 0, Survival Months: 0.83, Risk: -14.8170
	--> Average Speed: 0.07s per batch
	--> Time from Last Check: 2.18s
--> Batch: 699, Loss: 0.0831, Label: 0, Survival Months: 1.75, Risk: -15.6277
	--> Average Speed: 0.07s per batch
	--> Time from Last Check: 2.17s
--> Batch: 749, Loss: 0.0830, Label: 2, Survival Months: 24.17, Risk: -17.4341
	--> Average Speed: 0.07s per batch
	--> Time from Last Check: 2.18s
--> Batch: 799, Loss: 0.3120, Label: 19, Survival Months: 327.33, Risk: -17.4584
	--> Average Speed: 0.07s per batch
	--> Time from Last Check: 2.17s
[15/01/2025 - 16:04:25] - Epoch: 5, lr: 0.00009606, training_loss: 0.3569, training_c_index: 0.9055
[15/01/2025 - 16:04:27] - Epoch: 5, validation_loss: 0.6976, validation_c_index: 0.6466
--> New BEST Validation Score: 0.5769, validation_loss: 0.6976, validation_c_index: 0.6466
--> Current BEST Score: 0.5769
	--> validation_loss: 0.6976
	--> best validation_c_index: 0.6466
[15/01/2025 - 16:04:28] - Time elapsed for epoch 5: 39s
[15/01/2025 - 16:04:28] - Epoch: 6
--> Batch: 49, Loss: 0.0832, Label: 5, Survival Months: 35.67, Risk: -16.8631
	--> Average Speed: 0.07s per batch
	--> Time from Last Check: 2.14s
--> Batch: 99, Loss: 0.0914, Label: 3, Survival Months: 30.42, Risk: -12.4895
	--> Average Speed: 0.07s per batch
	--> Time from Last Check: 2.17s
--> Batch: 149, Loss: 0.3508, Label: 19, Survival Months: 357.08, Risk: -15.2571
	--> Average Speed: 0.07s per batch
	--> Time from Last Check: 2.19s
--> Batch: 199, Loss: 0.0945, Label: 4, Survival Months: 34.33, Risk: -11.6194
	--> Average Speed: 0.07s per batch
	--> Time from Last Check: 2.18s
--> Batch: 249, Loss: 0.0835, Label: 7, Survival Months: 45.00, Risk: -16.3719
	--> Average Speed: 0.07s per batch
	--> Time from Last Check: 2.18s
--> Batch: 299, Loss: 0.0832, Label: 7, Survival Months: 43.83, Risk: -16.5381
	--> Average Speed: 0.07s per batch
	--> Time from Last Check: 2.19s
--> Batch: 349, Loss: 0.0830, Label: 1, Survival Months: 4.75, Risk: -14.7448
	--> Average Speed: 0.07s per batch
	--> Time from Last Check: 2.18s
--> Batch: 399, Loss: 0.1080, Label: 15, Survival Months: 130.08, Risk: -17.1346
	--> Average Speed: 0.07s per batch
	--> Time from Last Check: 2.18s
--> Batch: 449, Loss: 0.0821, Label: 0, Survival Months: 0.08, Risk: -16.7682
	--> Average Speed: 0.07s per batch
	--> Time from Last Check: 2.19s
--> Batch: 499, Loss: 0.0822, Label: 5, Survival Months: 37.33, Risk: -17.9715
	--> Average Speed: 0.07s per batch
	--> Time from Last Check: 2.18s
--> Batch: 549, Loss: 0.1282, Label: 17, Survival Months: 175.67, Risk: -16.8358
	--> Average Speed: 0.07s per batch
	--> Time from Last Check: 2.18s
--> Batch: 599, Loss: 0.0827, Label: 3, Survival Months: 26.83, Risk: -16.7540
	--> Average Speed: 0.07s per batch
	--> Time from Last Check: 2.18s
--> Batch: 649, Loss: 2.5434, Label: 16, Survival Months: 148.42, Risk: -16.9869
	--> Average Speed: 0.07s per batch
	--> Time from Last Check: 2.19s
--> Batch: 699, Loss: 0.0886, Label: 12, Survival Months: 84.42, Risk: -17.1690
	--> Average Speed: 0.07s per batch
	--> Time from Last Check: 2.18s
--> Batch: 749, Loss: 0.0831, Label: 7, Survival Months: 43.00, Risk: -16.6245
	--> Average Speed: 0.07s per batch
	--> Time from Last Check: 2.19s
--> Batch: 799, Loss: 2.5771, Label: 10, Survival Months: 62.83, Risk: -7.1015
	--> Average Speed: 0.07s per batch
	--> Time from Last Check: 2.19s
[15/01/2025 - 16:05:04] - Epoch: 6, lr: 0.00009510, training_loss: 0.3484, training_c_index: 0.9037
[15/01/2025 - 16:05:06] - Epoch: 6, validation_loss: 0.7753, validation_c_index: 0.5761
--> No improvement in validation_loss or validation_c_index for 1 epoch(s)
--> Current BEST Score: 0.5769
	--> validation_loss: 0.6976
	--> best validation_c_index: 0.6466
[15/01/2025 - 16:05:06] - Time elapsed for epoch 6: 39s
[15/01/2025 - 16:05:06] - Epoch: 7
--> Batch: 49, Loss: 0.0998, Label: 12, Survival Months: 83.08, Risk: -15.7674
	--> Average Speed: 0.07s per batch
	--> Time from Last Check: 2.09s
--> Batch: 99, Loss: 0.0814, Label: 1, Survival Months: 14.17, Risk: -16.9436
	--> Average Speed: 0.07s per batch
	--> Time from Last Check: 2.19s
--> Batch: 149, Loss: 2.0738, Label: 17, Survival Months: 182.67, Risk: -16.9731
	--> Average Speed: 0.07s per batch
	--> Time from Last Check: 2.20s
--> Batch: 199, Loss: 0.0813, Label: 0, Survival Months: 0.08, Risk: -17.2400
	--> Average Speed: 0.07s per batch
	--> Time from Last Check: 2.20s
--> Batch: 249, Loss: 2.1154, Label: 3, Survival Months: 28.00, Risk: -2.7806
	--> Average Speed: 0.07s per batch
	--> Time from Last Check: 2.20s
--> Batch: 299, Loss: 0.0904, Label: 13, Survival Months: 101.00, Risk: -16.8754
	--> Average Speed: 0.07s per batch
	--> Time from Last Check: 2.19s
--> Batch: 349, Loss: 0.3248, Label: 19, Survival Months: 278.50, Risk: -17.3333
	--> Average Speed: 0.07s per batch
	--> Time from Last Check: 2.20s
--> Batch: 399, Loss: 2.4335, Label: 15, Survival Months: 141.17, Risk: -17.6400
	--> Average Speed: 0.07s per batch
	--> Time from Last Check: 2.19s
--> Batch: 449, Loss: 0.3522, Label: 19, Survival Months: 536.25, Risk: -17.8961
	--> Average Speed: 0.07s per batch
	--> Time from Last Check: 2.19s
--> Batch: 499, Loss: 0.0817, Label: 4, Survival Months: 31.75, Risk: -16.5674
	--> Average Speed: 0.07s per batch
	--> Time from Last Check: 2.19s
--> Batch: 549, Loss: 0.1760, Label: 15, Survival Months: 125.42, Risk: -14.2046
	--> Average Speed: 0.07s per batch
	--> Time from Last Check: 2.19s
--> Batch: 599, Loss: 2.1250, Label: 17, Survival Months: 189.42, Risk: -17.4684
	--> Average Speed: 0.07s per batch
	--> Time from Last Check: 2.19s
--> Batch: 649, Loss: 0.0863, Label: 3, Survival Months: 26.42, Risk: -13.4677
	--> Average Speed: 0.07s per batch
	--> Time from Last Check: 2.20s
--> Batch: 699, Loss: 0.1376, Label: 14, Survival Months: 119.75, Risk: -14.6769
	--> Average Speed: 0.07s per batch
	--> Time from Last Check: 2.20s
--> Batch: 749, Loss: 0.1318, Label: 13, Survival Months: 100.83, Risk: -13.6424
	--> Average Speed: 0.07s per batch
	--> Time from Last Check: 2.19s
--> Batch: 799, Loss: 0.0812, Label: 1, Survival Months: 5.83, Risk: -17.3713
	--> Average Speed: 0.07s per batch
	--> Time from Last Check: 2.19s
[15/01/2025 - 16:05:43] - Epoch: 7, lr: 0.00009415, training_loss: 0.3435, training_c_index: 0.8987
[15/01/2025 - 16:05:45] - Epoch: 7, validation_loss: 0.7051, validation_c_index: 0.5912
--> No improvement in validation_loss or validation_c_index for 2 epoch(s)
--> Current BEST Score: 0.5769
	--> validation_loss: 0.6976
	--> best validation_c_index: 0.6466
[15/01/2025 - 16:05:45] - Time elapsed for epoch 7: 39s
[15/01/2025 - 16:05:45] - Epoch: 8
--> Batch: 49, Loss: 0.2163, Label: 18, Survival Months: 220.42, Risk: -17.6424
	--> Average Speed: 0.06s per batch
	--> Time from Last Check: 1.83s
--> Batch: 99, Loss: 0.0860, Label: 12, Survival Months: 81.17, Risk: -17.5610
	--> Average Speed: 0.07s per batch
	--> Time from Last Check: 2.18s
--> Batch: 149, Loss: 0.2140, Label: 18, Survival Months: 206.92, Risk: -16.9468
	--> Average Speed: 0.07s per batch
	--> Time from Last Check: 2.18s
--> Batch: 199, Loss: 0.1064, Label: 17, Survival Months: 200.25, Risk: -17.6824
	--> Average Speed: 0.07s per batch
	--> Time from Last Check: 2.18s
--> Batch: 249, Loss: 0.0811, Label: 10, Survival Months: 63.42, Risk: -17.9183
	--> Average Speed: 0.07s per batch
	--> Time from Last Check: 2.17s
--> Batch: 299, Loss: 0.1060, Label: 12, Survival Months: 83.83, Risk: -15.5015
	--> Average Speed: 0.07s per batch
	--> Time from Last Check: 2.17s
--> Batch: 349, Loss: 0.0818, Label: 5, Survival Months: 35.67, Risk: -15.2414
	--> Average Speed: 0.07s per batch
	--> Time from Last Check: 2.18s
--> Batch: 399, Loss: 0.4128, Label: 19, Survival Months: 352.75, Risk: -12.9249
	--> Average Speed: 0.07s per batch
	--> Time from Last Check: 2.17s
--> Batch: 449, Loss: 0.0809, Label: 10, Survival Months: 60.50, Risk: -17.7216
	--> Average Speed: 0.07s per batch
	--> Time from Last Check: 2.17s
--> Batch: 499, Loss: 0.0804, Label: 6, Survival Months: 38.92, Risk: -17.2226
	--> Average Speed: 0.07s per batch
	--> Time from Last Check: 2.18s
--> Batch: 549, Loss: 0.0846, Label: 11, Survival Months: 69.75, Risk: -16.6739
	--> Average Speed: 0.07s per batch
	--> Time from Last Check: 2.17s
--> Batch: 599, Loss: 0.0804, Label: 3, Survival Months: 26.83, Risk: -16.7594
	--> Average Speed: 0.07s per batch
	--> Time from Last Check: 2.17s
--> Batch: 649, Loss: 0.0896, Label: 2, Survival Months: 22.83, Risk: -11.0225
	--> Average Speed: 0.07s per batch
	--> Time from Last Check: 2.18s
--> Batch: 699, Loss: 0.0803, Label: 5, Survival Months: 37.33, Risk: -17.0872
	--> Average Speed: 0.07s per batch
	--> Time from Last Check: 2.15s
--> Batch: 749, Loss: 0.1542, Label: 16, Survival Months: 162.33, Risk: -15.6835
	--> Average Speed: 0.07s per batch
	--> Time from Last Check: 2.18s
--> Batch: 799, Loss: 0.1413, Label: 13, Survival Months: 94.92, Risk: -13.4996
	--> Average Speed: 0.07s per batch
	--> Time from Last Check: 2.17s
[15/01/2025 - 16:06:21] - Epoch: 8, lr: 0.00009321, training_loss: 0.3205, training_c_index: 0.9239
[15/01/2025 - 16:06:23] - Epoch: 8, validation_loss: 0.8272, validation_c_index: 0.5682
--> No improvement in validation_loss or validation_c_index for 3 epoch(s)
--> Current BEST Score: 0.5769
	--> validation_loss: 0.6976
	--> best validation_c_index: 0.6466
[15/01/2025 - 16:06:23] - Time elapsed for epoch 8: 38s
[15/01/2025 - 16:06:23] - Epoch: 9
--> Batch: 49, Loss: 0.0798, Label: 2, Survival Months: 23.92, Risk: -17.8992
	--> Average Speed: 0.07s per batch
	--> Time from Last Check: 2.11s
--> Batch: 99, Loss: 0.2051, Label: 18, Survival Months: 234.42, Risk: -17.6140
	--> Average Speed: 0.07s per batch
	--> Time from Last Check: 2.19s
--> Batch: 149, Loss: 0.0967, Label: 11, Survival Months: 76.00, Risk: -14.1387
	--> Average Speed: 0.07s per batch
	--> Time from Last Check: 2.18s
--> Batch: 199, Loss: 0.0798, Label: 0, Survival Months: 0.00, Risk: -15.9713
	--> Average Speed: 0.07s per batch
	--> Time from Last Check: 2.18s
--> Batch: 249, Loss: 0.0812, Label: 9, Survival Months: 55.33, Risk: -16.5655
	--> Average Speed: 0.07s per batch
	--> Time from Last Check: 2.18s
--> Batch: 299, Loss: 2.8805, Label: 12, Survival Months: 79.92, Risk: -6.3580
	--> Average Speed: 0.07s per batch
	--> Time from Last Check: 2.18s
--> Batch: 349, Loss: 0.0798, Label: 5, Survival Months: 35.50, Risk: -17.4237
	--> Average Speed: 0.07s per batch
	--> Time from Last Check: 2.18s
--> Batch: 399, Loss: 0.0796, Label: 1, Survival Months: 2.58, Risk: -17.8392
	--> Average Speed: 0.07s per batch
	--> Time from Last Check: 2.18s
--> Batch: 449, Loss: 0.0798, Label: 4, Survival Months: 32.00, Risk: -16.2677
	--> Average Speed: 0.07s per batch
	--> Time from Last Check: 2.20s
--> Batch: 499, Loss: 0.0796, Label: 4, Survival Months: 32.25, Risk: -17.5440
	--> Average Speed: 0.07s per batch
	--> Time from Last Check: 2.19s
--> Batch: 549, Loss: 0.1003, Label: 16, Survival Months: 166.33, Risk: -17.7885
	--> Average Speed: 0.07s per batch
	--> Time from Last Check: 2.18s
--> Batch: 599, Loss: 0.0794, Label: 3, Survival Months: 29.33, Risk: -18.2518
	--> Average Speed: 0.07s per batch
	--> Time from Last Check: 2.18s
--> Batch: 649, Loss: 0.0796, Label: 5, Survival Months: 37.50, Risk: -17.7649
	--> Average Speed: 0.07s per batch
	--> Time from Last Check: 2.19s
--> Batch: 699, Loss: 0.0825, Label: 11, Survival Months: 73.42, Risk: -17.0849
	--> Average Speed: 0.07s per batch
	--> Time from Last Check: 2.18s
--> Batch: 749, Loss: 0.0794, Label: 1, Survival Months: 6.58, Risk: -16.7103
	--> Average Speed: 0.07s per batch
	--> Time from Last Check: 2.19s
--> Batch: 799, Loss: 0.0798, Label: 10, Survival Months: 63.42, Risk: -17.9897
	--> Average Speed: 0.07s per batch
	--> Time from Last Check: 2.18s
[15/01/2025 - 16:06:59] - Epoch: 9, lr: 0.00009227, training_loss: 0.3177, training_c_index: 0.9213
[15/01/2025 - 16:07:01] - Epoch: 9, validation_loss: 0.9149, validation_c_index: 0.4176
--> No improvement in validation_loss or validation_c_index for 4 epoch(s)
--> Current BEST Score: 0.5769
	--> validation_loss: 0.6976
	--> best validation_c_index: 0.6466
[15/01/2025 - 16:07:01] - Time elapsed for epoch 9: 38s
[15/01/2025 - 16:07:01] - Epoch: 10
