Environment conda activated
Job 2505638 started

#################### [11/01/2025 - 00:28:40] - MCAT started ####################
HOSTNAME: nico

WANDB: setting up for report

CUDA: available
--> Device count: 1
--> Using device: NVIDIA A40
--> Running on CUDA

DATASET: Loading data
--> Remaining samples after removing incomplete: 1039
--> Class intervals: [
	0: [0.00 - 2.57]
	1: [2.57 - 17.70]
	2: [17.70 - 26.37]
	3: [26.37 - 31.25]
	4: [31.25 - 34.71]
	5: [34.71 - 38.03]
	6: [38.03 - 42.94]
	7: [42.94 - 47.45]
	8: [47.45 - 51.69]
	9: [51.69 - 58.17]
	10: [58.17 - 67.10]
	11: [67.10 - 79.80]
	12: [79.80 - 88.56]
	13: [88.56 - 102.25]
	14: [102.25 - 120.62]
	15: [120.62 - 141.88]
	16: [141.88 - 174.40]
	17: [174.40 - 205.88]
	18: [205.88 - 263.29]
	19: [263.29 - 593.83]
    ]
--> Standardizing RNA-seq data
--> Standardizing Methylation Islands beta values
--> Gene Expression Signatures size: [19938]
--> Methylation Signatures size: [4522]
--> Using 80% training, 20% validation
--> Training Set: [831], Testing Set: [208]

MODEL: MCAT
--> Trainable parameters of MCAT: 9362966
--> Loss function: CrossEntropySurvivalLoss
--> Optimizer: adam

################## [11/01/2025 - 00:29:05] - Training started ##################
[11/01/2025 - 00:29:05] - Epoch: 1
--> Batch: 49, Loss: 1.9549, Label: 6, Survival Months: 42.92, Risk: -1.1283
	--> Average Speed: 0.08s per batch
	--> Time from Last Check: 2.46s
--> Batch: 99, Loss: 2.5293, Label: 16, Survival Months: 156.83, Risk: -1.2244
	--> Average Speed: 0.03s per batch
	--> Time from Last Check: 0.89s
--> Batch: 149, Loss: 3.0985, Label: 2, Survival Months: 24.58, Risk: -1.4834
	--> Average Speed: 0.03s per batch
	--> Time from Last Check: 0.89s
--> Batch: 199, Loss: 1.5741, Label: 4, Survival Months: 32.25, Risk: -1.9868
	--> Average Speed: 0.03s per batch
	--> Time from Last Check: 0.88s
--> Batch: 249, Loss: 2.1056, Label: 17, Survival Months: 185.17, Risk: -2.4980
	--> Average Speed: 0.03s per batch
	--> Time from Last Check: 0.89s
--> Batch: 299, Loss: 1.5704, Label: 17, Survival Months: 182.75, Risk: -8.0827
	--> Average Speed: 0.03s per batch
	--> Time from Last Check: 0.88s
--> Batch: 349, Loss: 1.2756, Label: 0, Survival Months: 0.00, Risk: -13.8144
	--> Average Speed: 0.03s per batch
	--> Time from Last Check: 0.90s
--> Batch: 399, Loss: 1.3446, Label: 17, Survival Months: 203.50, Risk: -14.0294
	--> Average Speed: 0.03s per batch
	--> Time from Last Check: 0.92s
--> Batch: 449, Loss: 2.7143, Label: 19, Survival Months: 549.42, Risk: -13.9319
	--> Average Speed: 0.03s per batch
	--> Time from Last Check: 1.02s
--> Batch: 499, Loss: 1.3005, Label: 17, Survival Months: 191.50, Risk: -13.1115
	--> Average Speed: 0.04s per batch
	--> Time from Last Check: 1.25s
--> Batch: 549, Loss: 1.4768, Label: 19, Survival Months: 270.67, Risk: -13.3479
	--> Average Speed: 0.04s per batch
	--> Time from Last Check: 1.25s
--> Batch: 599, Loss: 1.3395, Label: 18, Survival Months: 251.42, Risk: -11.3348
	--> Average Speed: 0.04s per batch
	--> Time from Last Check: 1.25s
--> Batch: 649, Loss: 1.3508, Label: 18, Survival Months: 210.08, Risk: -10.0498
	--> Average Speed: 0.04s per batch
	--> Time from Last Check: 1.25s
--> Batch: 699, Loss: 1.1939, Label: 17, Survival Months: 186.33, Risk: -14.2986
	--> Average Speed: 0.04s per batch
	--> Time from Last Check: 1.25s
--> Batch: 749, Loss: 1.1991, Label: 16, Survival Months: 169.42, Risk: -12.1707
	--> Average Speed: 0.03s per batch
	--> Time from Last Check: 1.09s
--> Batch: 799, Loss: 1.1215, Label: 8, Survival Months: 48.67, Risk: -11.3059
	--> Average Speed: 0.04s per batch
	--> Time from Last Check: 1.44s
[11/01/2025 - 00:29:25] - Epoch: 1, lr: 0.00010000, training_loss: 1.9530, training_c_index: 0.4747
[11/01/2025 - 00:29:28] - Epoch: 1, validation_loss: 1.4361, validation_c_index: 0.4521
--> New BEST Validation Score: 0.3085, validation_loss: 1.4361, validation_c_index: 0.4521
--> Current BEST Score: 0.3085
	--> validation_loss: 1.4361
	--> best validation_c_index: 0.4521
[11/01/2025 - 00:29:28] - Time elapsed for epoch 1: 23s
[11/01/2025 - 00:29:28] - Epoch: 2
--> Batch: 49, Loss: 1.0604, Label: 6, Survival Months: 41.92, Risk: -13.5092
	--> Average Speed: 0.05s per batch
	--> Time from Last Check: 1.74s
--> Batch: 99, Loss: 1.0610, Label: 10, Survival Months: 62.25, Risk: -13.7144
	--> Average Speed: 0.04s per batch
	--> Time from Last Check: 1.30s
--> Batch: 149, Loss: 1.0664, Label: 13, Survival Months: 101.67, Risk: -13.4446
	--> Average Speed: 0.04s per batch
	--> Time from Last Check: 1.34s
--> Batch: 199, Loss: 1.0352, Label: 11, Survival Months: 76.25, Risk: -13.6746
	--> Average Speed: 0.04s per batch
	--> Time from Last Check: 1.33s
--> Batch: 249, Loss: 3.2253, Label: 8, Survival Months: 51.17, Risk: -9.5744
	--> Average Speed: 0.04s per batch
	--> Time from Last Check: 1.33s
--> Batch: 299, Loss: 1.1644, Label: 18, Survival Months: 221.17, Risk: -12.0987
	--> Average Speed: 0.04s per batch
	--> Time from Last Check: 1.34s
--> Batch: 349, Loss: 0.9642, Label: 4, Survival Months: 33.58, Risk: -14.8112
	--> Average Speed: 0.04s per batch
	--> Time from Last Check: 1.33s
--> Batch: 399, Loss: 3.1687, Label: 17, Survival Months: 205.75, Risk: -12.1787
	--> Average Speed: 0.04s per batch
	--> Time from Last Check: 1.33s
--> Batch: 449, Loss: 3.3357, Label: 15, Survival Months: 141.17, Risk: -11.9922
	--> Average Speed: 0.04s per batch
	--> Time from Last Check: 1.33s
--> Batch: 499, Loss: 0.9397, Label: 3, Survival Months: 30.42, Risk: -11.4012
	--> Average Speed: 0.04s per batch
	--> Time from Last Check: 1.34s
--> Batch: 549, Loss: 1.2007, Label: 19, Survival Months: 438.42, Risk: -13.8937
	--> Average Speed: 0.04s per batch
	--> Time from Last Check: 1.35s
--> Batch: 599, Loss: 1.0757, Label: 17, Survival Months: 188.58, Risk: -10.4549
	--> Average Speed: 0.04s per batch
	--> Time from Last Check: 1.34s
--> Batch: 649, Loss: 0.9575, Label: 16, Survival Months: 142.33, Risk: -13.8521
	--> Average Speed: 0.04s per batch
	--> Time from Last Check: 1.34s
--> Batch: 699, Loss: 0.9244, Label: 11, Survival Months: 75.67, Risk: -12.0525
	--> Average Speed: 0.04s per batch
	--> Time from Last Check: 1.35s
--> Batch: 749, Loss: 0.8842, Label: 12, Survival Months: 84.42, Risk: -15.6879
	--> Average Speed: 0.04s per batch
	--> Time from Last Check: 1.36s
--> Batch: 799, Loss: 0.8527, Label: 2, Survival Months: 18.75, Risk: -16.8504
	--> Average Speed: 0.04s per batch
	--> Time from Last Check: 1.35s
[11/01/2025 - 00:29:51] - Epoch: 2, lr: 0.00009000, training_loss: 1.3290, training_c_index: 0.5452
[11/01/2025 - 00:29:53] - Epoch: 2, validation_loss: 1.2498, validation_c_index: 0.5049
--> New BEST Validation Score: 0.3800, validation_loss: 1.2498, validation_c_index: 0.5049
--> Current BEST Score: 0.3800
	--> validation_loss: 1.2498
	--> best validation_c_index: 0.5049
[11/01/2025 - 00:29:54] - Time elapsed for epoch 2: 26s
[11/01/2025 - 00:29:54] - Epoch: 3
--> Batch: 49, Loss: 0.9456, Label: 15, Survival Months: 121.33, Risk: -11.3553
	--> Average Speed: 0.06s per batch
	--> Time from Last Check: 1.96s
--> Batch: 99, Loss: 0.8954, Label: 12, Survival Months: 83.00, Risk: -11.4476
	--> Average Speed: 0.05s per batch
	--> Time from Last Check: 1.50s
--> Batch: 149, Loss: 0.8348, Label: 4, Survival Months: 34.00, Risk: -12.0495
	--> Average Speed: 0.05s per batch
	--> Time from Last Check: 1.50s
--> Batch: 199, Loss: 0.8143, Label: 1, Survival Months: 2.67, Risk: -12.7209
	--> Average Speed: 0.06s per batch
	--> Time from Last Check: 1.79s
--> Batch: 249, Loss: 0.8079, Label: 2, Survival Months: 18.67, Risk: -14.1047
	--> Average Speed: 0.04s per batch
	--> Time from Last Check: 1.42s
--> Batch: 299, Loss: 0.8018, Label: 7, Survival Months: 43.33, Risk: -15.8666
	--> Average Speed: 0.04s per batch
	--> Time from Last Check: 1.43s
--> Batch: 349, Loss: 0.8251, Label: 13, Survival Months: 97.08, Risk: -14.5815
	--> Average Speed: 0.04s per batch
	--> Time from Last Check: 1.42s
--> Batch: 399, Loss: 3.8923, Label: 1, Survival Months: 13.33, Risk: -10.8143
	--> Average Speed: 0.04s per batch
	--> Time from Last Check: 1.44s
--> Batch: 449, Loss: 0.7726, Label: 0, Survival Months: 0.00, Risk: -13.6829
	--> Average Speed: 0.04s per batch
	--> Time from Last Check: 1.42s
--> Batch: 499, Loss: 0.7875, Label: 8, Survival Months: 47.92, Risk: -13.1271
	--> Average Speed: 0.04s per batch
	--> Time from Last Check: 1.43s
--> Batch: 549, Loss: 0.7948, Label: 10, Survival Months: 58.92, Risk: -12.4064
	--> Average Speed: 0.04s per batch
	--> Time from Last Check: 1.42s
--> Batch: 599, Loss: 0.7704, Label: 3, Survival Months: 31.25, Risk: -12.4689
	--> Average Speed: 0.04s per batch
	--> Time from Last Check: 1.42s
--> Batch: 649, Loss: 0.7533, Label: 1, Survival Months: 5.67, Risk: -16.5504
	--> Average Speed: 0.04s per batch
	--> Time from Last Check: 1.44s
--> Batch: 699, Loss: 0.7617, Label: 6, Survival Months: 39.25, Risk: -13.4125
	--> Average Speed: 0.05s per batch
	--> Time from Last Check: 1.45s
--> Batch: 749, Loss: 0.7798, Label: 8, Survival Months: 49.00, Risk: -11.7261
	--> Average Speed: 0.06s per batch
	--> Time from Last Check: 1.91s
--> Batch: 799, Loss: 0.7938, Label: 17, Survival Months: 198.75, Risk: -16.1350
	--> Average Speed: 0.06s per batch
	--> Time from Last Check: 2.00s
[11/01/2025 - 00:30:20] - Epoch: 3, lr: 0.00008100, training_loss: 1.1477, training_c_index: 0.6551
[11/01/2025 - 00:30:22] - Epoch: 3, validation_loss: 1.1587, validation_c_index: 0.4434
--> No improvement in validation_loss or validation_c_index for 1 epoch(s)
--> Current BEST Score: 0.3800
	--> validation_loss: 1.2498
	--> best validation_c_index: 0.5049
[11/01/2025 - 00:30:22] - Time elapsed for epoch 3: 29s
[11/01/2025 - 00:30:22] - Epoch: 4
--> Batch: 49, Loss: 0.7561, Label: 10, Survival Months: 59.58, Risk: -13.6526
	--> Average Speed: 0.07s per batch
	--> Time from Last Check: 2.10s
--> Batch: 99, Loss: 0.7437, Label: 11, Survival Months: 77.58, Risk: -15.5880
	--> Average Speed: 0.05s per batch
	--> Time from Last Check: 1.61s
--> Batch: 149, Loss: 0.7913, Label: 12, Survival Months: 81.17, Risk: -11.5104
	--> Average Speed: 0.05s per batch
	--> Time from Last Check: 1.72s
--> Batch: 199, Loss: 0.7172, Label: 0, Survival Months: 0.83, Risk: -11.3915
	--> Average Speed: 0.05s per batch
	--> Time from Last Check: 1.63s
--> Batch: 249, Loss: 0.8089, Label: 16, Survival Months: 160.67, Risk: -12.7214
	--> Average Speed: 0.05s per batch
	--> Time from Last Check: 1.71s
--> Batch: 299, Loss: 0.7282, Label: 12, Survival Months: 84.17, Risk: -15.7123
	--> Average Speed: 0.06s per batch
	--> Time from Last Check: 1.83s
--> Batch: 349, Loss: 3.8162, Label: 16, Survival Months: 160.58, Risk: -16.3393
	--> Average Speed: 0.06s per batch
	--> Time from Last Check: 1.84s
--> Batch: 399, Loss: 0.7072, Label: 9, Survival Months: 51.83, Risk: -15.2211
	--> Average Speed: 0.06s per batch
	--> Time from Last Check: 1.85s
--> Batch: 449, Loss: 0.8138, Label: 15, Survival Months: 128.50, Risk: -10.9223
	--> Average Speed: 0.06s per batch
	--> Time from Last Check: 1.85s
--> Batch: 499, Loss: 0.6915, Label: 5, Survival Months: 35.83, Risk: -15.9892
	--> Average Speed: 0.06s per batch
	--> Time from Last Check: 1.85s
--> Batch: 549, Loss: 2.7507, Label: 17, Survival Months: 182.67, Risk: -14.3973
	--> Average Speed: 0.06s per batch
	--> Time from Last Check: 1.83s
--> Batch: 599, Loss: 0.7033, Label: 8, Survival Months: 50.92, Risk: -12.9950
	--> Average Speed: 0.06s per batch
	--> Time from Last Check: 1.79s
--> Batch: 649, Loss: 0.6910, Label: 9, Survival Months: 54.25, Risk: -14.1629
	--> Average Speed: 0.05s per batch
	--> Time from Last Check: 1.58s
--> Batch: 699, Loss: 0.6867, Label: 10, Survival Months: 65.75, Risk: -14.7658
	--> Average Speed: 0.06s per batch
	--> Time from Last Check: 1.85s
--> Batch: 749, Loss: 0.6943, Label: 11, Survival Months: 72.25, Risk: -14.5703
	--> Average Speed: 0.06s per batch
	--> Time from Last Check: 1.87s
--> Batch: 799, Loss: 0.8191, Label: 18, Survival Months: 221.17, Risk: -14.0283
	--> Average Speed: 0.06s per batch
	--> Time from Last Check: 1.86s
[11/01/2025 - 00:30:52] - Epoch: 4, lr: 0.00007290, training_loss: 1.0617, training_c_index: 0.6674
[11/01/2025 - 00:30:54] - Epoch: 4, validation_loss: 1.0900, validation_c_index: 0.5485
--> New BEST Validation Score: 0.4395, validation_loss: 1.0900, validation_c_index: 0.5485
--> Current BEST Score: 0.4395
	--> validation_loss: 1.0900
	--> best validation_c_index: 0.5485
[11/01/2025 - 00:30:55] - Time elapsed for epoch 4: 32s
[11/01/2025 - 00:30:55] - Epoch: 5
--> Batch: 49, Loss: 2.8739, Label: 17, Survival Months: 174.75, Risk: -14.3660
	--> Average Speed: 0.05s per batch
	--> Time from Last Check: 1.59s
--> Batch: 99, Loss: 0.6776, Label: 10, Survival Months: 62.83, Risk: -14.7353
	--> Average Speed: 0.03s per batch
	--> Time from Last Check: 0.98s
--> Batch: 149, Loss: 0.7986, Label: 17, Survival Months: 193.00, Risk: -12.3557
	--> Average Speed: 0.04s per batch
	--> Time from Last Check: 1.42s
--> Batch: 199, Loss: 0.6580, Label: 10, Survival Months: 61.17, Risk: -16.6605
	--> Average Speed: 0.06s per batch
	--> Time from Last Check: 1.77s
--> Batch: 249, Loss: 0.7815, Label: 18, Survival Months: 257.33, Risk: -15.2365
	--> Average Speed: 0.05s per batch
	--> Time from Last Check: 1.74s
--> Batch: 299, Loss: 0.6475, Label: 0, Survival Months: 0.83, Risk: -14.4929
	--> Average Speed: 0.06s per batch
	--> Time from Last Check: 1.77s
--> Batch: 349, Loss: 0.6980, Label: 12, Survival Months: 81.17, Risk: -13.0014
	--> Average Speed: 0.05s per batch
	--> Time from Last Check: 1.58s
--> Batch: 399, Loss: 0.6573, Label: 4, Survival Months: 34.17, Risk: -13.7578
	--> Average Speed: 0.05s per batch
	--> Time from Last Check: 1.49s
--> Batch: 449, Loss: 0.6830, Label: 15, Survival Months: 135.00, Risk: -15.9691
	--> Average Speed: 0.05s per batch
	--> Time from Last Check: 1.45s
--> Batch: 499, Loss: 0.6925, Label: 15, Survival Months: 137.33, Risk: -15.0864
	--> Average Speed: 0.05s per batch
	--> Time from Last Check: 1.49s
--> Batch: 549, Loss: 0.6423, Label: 5, Survival Months: 35.33, Risk: -16.5779
	--> Average Speed: 0.05s per batch
	--> Time from Last Check: 1.58s
--> Batch: 599, Loss: 0.9129, Label: 19, Survival Months: 478.25, Risk: -15.2982
	--> Average Speed: 0.05s per batch
	--> Time from Last Check: 1.46s
--> Batch: 649, Loss: 0.6644, Label: 13, Survival Months: 91.92, Risk: -15.3081
	--> Average Speed: 0.05s per batch
	--> Time from Last Check: 1.57s
--> Batch: 699, Loss: 0.7046, Label: 12, Survival Months: 83.42, Risk: -11.8797
	--> Average Speed: 0.05s per batch
	--> Time from Last Check: 1.52s
--> Batch: 749, Loss: 0.8471, Label: 17, Survival Months: 182.58, Risk: -9.7754
	--> Average Speed: 0.06s per batch
	--> Time from Last Check: 1.88s
--> Batch: 799, Loss: 0.6530, Label: 9, Survival Months: 52.17, Risk: -13.7219
	--> Average Speed: 0.06s per batch
	--> Time from Last Check: 1.95s
[11/01/2025 - 00:31:21] - Epoch: 5, lr: 0.00006561, training_loss: 1.0001, training_c_index: 0.7013
[11/01/2025 - 00:31:24] - Epoch: 5, validation_loss: 1.0935, validation_c_index: 0.4515
--> No improvement in validation_loss or validation_c_index for 1 epoch(s)
--> Current BEST Score: 0.4395
	--> validation_loss: 1.0900
	--> best validation_c_index: 0.5485
[11/01/2025 - 00:31:24] - Time elapsed for epoch 5: 29s
[11/01/2025 - 00:31:24] - Epoch: 6
--> Batch: 49, Loss: 0.6366, Label: 5, Survival Months: 38.00, Risk: -15.0880
	--> Average Speed: 0.07s per batch
	--> Time from Last Check: 2.21s
--> Batch: 99, Loss: 0.6342, Label: 7, Survival Months: 46.17, Risk: -15.9283
	--> Average Speed: 0.05s per batch
	--> Time from Last Check: 1.48s
--> Batch: 149, Loss: 0.6449, Label: 6, Survival Months: 42.33, Risk: -11.9406
	--> Average Speed: 0.05s per batch
	--> Time from Last Check: 1.76s
--> Batch: 199, Loss: 0.6233, Label: 6, Survival Months: 41.75, Risk: -16.1865
	--> Average Speed: 0.06s per batch
	--> Time from Last Check: 1.76s
--> Batch: 249, Loss: 0.7182, Label: 10, Survival Months: 58.58, Risk: -7.9916
	--> Average Speed: 0.05s per batch
	--> Time from Last Check: 1.70s
--> Batch: 299, Loss: 0.6254, Label: 10, Survival Months: 62.25, Risk: -15.9161
	--> Average Speed: 0.05s per batch
	--> Time from Last Check: 1.74s
--> Batch: 349, Loss: 0.6674, Label: 12, Survival Months: 83.67, Risk: -12.9547
	--> Average Speed: 0.06s per batch
	--> Time from Last Check: 1.92s
--> Batch: 399, Loss: 0.6124, Label: 5, Survival Months: 35.33, Risk: -16.1665
	--> Average Speed: 0.06s per batch
	--> Time from Last Check: 1.94s
--> Batch: 449, Loss: 0.6093, Label: 0, Survival Months: 0.83, Risk: -14.8753
	--> Average Speed: 0.06s per batch
	--> Time from Last Check: 1.93s
--> Batch: 499, Loss: 0.6231, Label: 3, Survival Months: 27.33, Risk: -12.0953
	--> Average Speed: 0.05s per batch
	--> Time from Last Check: 1.59s
--> Batch: 549, Loss: 0.6047, Label: 0, Survival Months: 0.83, Risk: -14.8284
	--> Average Speed: 0.04s per batch
	--> Time from Last Check: 1.35s
--> Batch: 599, Loss: 0.6050, Label: 0, Survival Months: 0.00, Risk: -12.1494
	--> Average Speed: 0.04s per batch
	--> Time from Last Check: 1.35s
--> Batch: 649, Loss: 0.7063, Label: 16, Survival Months: 162.75, Risk: -12.8240
	--> Average Speed: 0.05s per batch
	--> Time from Last Check: 1.45s
--> Batch: 699, Loss: 3.0427, Label: 0, Survival Months: 0.00, Risk: -6.8794
	--> Average Speed: 0.04s per batch
	--> Time from Last Check: 1.33s
--> Batch: 749, Loss: 0.6731, Label: 15, Survival Months: 134.25, Risk: -14.1496
	--> Average Speed: 0.04s per batch
	--> Time from Last Check: 1.33s
--> Batch: 799, Loss: 0.6085, Label: 9, Survival Months: 56.58, Risk: -14.7280
	--> Average Speed: 0.04s per batch
	--> Time from Last Check: 1.32s
[11/01/2025 - 00:31:51] - Epoch: 6, lr: 0.00005905, training_loss: 0.9396, training_c_index: 0.7914
[11/01/2025 - 00:31:53] - Epoch: 6, validation_loss: 1.0357, validation_c_index: 0.5461
--> New BEST Validation Score: 0.4426, validation_loss: 1.0357, validation_c_index: 0.5461
--> Current BEST Score: 0.4426
	--> validation_loss: 1.0357
	--> best validation_c_index: 0.5461
[11/01/2025 - 00:31:54] - Time elapsed for epoch 6: 30s
[11/01/2025 - 00:31:54] - Epoch: 7
--> Batch: 49, Loss: 0.5961, Label: 5, Survival Months: 36.58, Risk: -16.2441
	--> Average Speed: 0.06s per batch
	--> Time from Last Check: 1.92s
--> Batch: 99, Loss: 3.8392, Label: 3, Survival Months: 30.42, Risk: -12.8049
	--> Average Speed: 0.06s per batch
	--> Time from Last Check: 2.02s
--> Batch: 149, Loss: 0.5950, Label: 0, Survival Months: 0.83, Risk: -13.5907
	--> Average Speed: 0.07s per batch
	--> Time from Last Check: 2.11s
--> Batch: 199, Loss: 0.5977, Label: 5, Survival Months: 37.50, Risk: -15.2621
	--> Average Speed: 0.07s per batch
	--> Time from Last Check: 2.15s
--> Batch: 249, Loss: 0.6892, Label: 14, Survival Months: 107.92, Risk: -11.6239
	--> Average Speed: 0.07s per batch
	--> Time from Last Check: 2.11s
--> Batch: 299, Loss: 0.5905, Label: 4, Survival Months: 31.33, Risk: -15.8932
	--> Average Speed: 0.06s per batch
	--> Time from Last Check: 1.87s
--> Batch: 349, Loss: 0.5902, Label: 3, Survival Months: 28.92, Risk: -15.7085
	--> Average Speed: 0.06s per batch
	--> Time from Last Check: 1.87s
--> Batch: 399, Loss: 0.6741, Label: 17, Survival Months: 202.17, Risk: -15.4549
	--> Average Speed: 0.06s per batch
	--> Time from Last Check: 1.87s
--> Batch: 449, Loss: 0.6047, Label: 14, Survival Months: 109.83, Risk: -16.7076
	--> Average Speed: 0.06s per batch
	--> Time from Last Check: 1.76s
--> Batch: 499, Loss: 0.5879, Label: 0, Survival Months: 0.00, Risk: -12.5089
	--> Average Speed: 0.05s per batch
	--> Time from Last Check: 1.73s
--> Batch: 549, Loss: 0.5874, Label: 0, Survival Months: 0.00, Risk: -14.6277
	--> Average Speed: 0.05s per batch
	--> Time from Last Check: 1.74s
--> Batch: 599, Loss: 0.7080, Label: 18, Survival Months: 251.42, Risk: -16.6986
	--> Average Speed: 0.06s per batch
	--> Time from Last Check: 1.76s
--> Batch: 649, Loss: 2.7545, Label: 1, Survival Months: 8.17, Risk: -6.0261
	--> Average Speed: 0.06s per batch
	--> Time from Last Check: 1.77s
--> Batch: 699, Loss: 0.6825, Label: 16, Survival Months: 154.42, Risk: -13.7348
	--> Average Speed: 0.06s per batch
	--> Time from Last Check: 1.77s
--> Batch: 749, Loss: 0.6609, Label: 15, Survival Months: 140.33, Risk: -13.7798
	--> Average Speed: 0.06s per batch
	--> Time from Last Check: 1.77s
--> Batch: 799, Loss: 0.5919, Label: 3, Survival Months: 28.25, Risk: -12.7437
	--> Average Speed: 0.06s per batch
	--> Time from Last Check: 1.81s
[11/01/2025 - 00:32:25] - Epoch: 7, lr: 0.00005314, training_loss: 0.9115, training_c_index: 0.8184
[11/01/2025 - 00:32:28] - Epoch: 7, validation_loss: 1.0346, validation_c_index: 0.5305
--> No improvement in validation_loss or validation_c_index for 1 epoch(s)
--> Current BEST Score: 0.4426
	--> validation_loss: 1.0357
	--> best validation_c_index: 0.5461
[11/01/2025 - 00:32:28] - Time elapsed for epoch 7: 34s
[11/01/2025 - 00:32:28] - Epoch: 8
--> Batch: 49, Loss: 0.5905, Label: 7, Survival Months: 44.00, Risk: -13.2185
	--> Average Speed: 0.05s per batch
	--> Time from Last Check: 1.69s
--> Batch: 99, Loss: 0.6060, Label: 15, Survival Months: 134.42, Risk: -16.6283
	--> Average Speed: 0.04s per batch
	--> Time from Last Check: 1.19s
--> Batch: 149, Loss: 0.5729, Label: 6, Survival Months: 42.58, Risk: -16.3645
	--> Average Speed: 0.04s per batch
	--> Time from Last Check: 1.21s
--> Batch: 199, Loss: 3.1437, Label: 12, Survival Months: 79.92, Risk: -8.5535
	--> Average Speed: 0.04s per batch
	--> Time from Last Check: 1.13s
--> Batch: 249, Loss: 0.5785, Label: 5, Survival Months: 36.17, Risk: -13.4864
	--> Average Speed: 0.03s per batch
	--> Time from Last Check: 0.93s
--> Batch: 299, Loss: 0.6059, Label: 4, Survival Months: 33.00, Risk: -8.6732
	--> Average Speed: 0.03s per batch
	--> Time from Last Check: 0.87s
--> Batch: 349, Loss: 0.5809, Label: 11, Survival Months: 70.75, Risk: -15.6813
	--> Average Speed: 0.03s per batch
	--> Time from Last Check: 0.85s
--> Batch: 399, Loss: 0.6413, Label: 17, Survival Months: 201.67, Risk: -15.9798
	--> Average Speed: 0.03s per batch
	--> Time from Last Check: 0.95s
--> Batch: 449, Loss: 0.5839, Label: 8, Survival Months: 50.58, Risk: -13.9395
	--> Average Speed: 0.04s per batch
	--> Time from Last Check: 1.26s
--> Batch: 499, Loss: 0.5685, Label: 4, Survival Months: 33.50, Risk: -15.7718
	--> Average Speed: 0.04s per batch
	--> Time from Last Check: 1.27s
--> Batch: 549, Loss: 0.6907, Label: 18, Survival Months: 257.58, Risk: -16.3056
	--> Average Speed: 0.04s per batch
	--> Time from Last Check: 1.27s
--> Batch: 599, Loss: 3.5333, Label: 12, Survival Months: 83.67, Risk: -15.6673
	--> Average Speed: 0.04s per batch
	--> Time from Last Check: 1.29s
--> Batch: 649, Loss: 0.5729, Label: 12, Survival Months: 83.42, Risk: -16.3846
	--> Average Speed: 0.04s per batch
	--> Time from Last Check: 1.25s
--> Batch: 699, Loss: 0.5747, Label: 16, Survival Months: 145.50, Risk: -17.4050
	--> Average Speed: 0.04s per batch
	--> Time from Last Check: 1.28s
--> Batch: 749, Loss: 0.5622, Label: 13, Survival Months: 90.42, Risk: -17.2676
	--> Average Speed: 0.04s per batch
	--> Time from Last Check: 1.29s
--> Batch: 799, Loss: 0.5535, Label: 7, Survival Months: 43.00, Risk: -17.1871
	--> Average Speed: 0.04s per batch
	--> Time from Last Check: 1.30s
[11/01/2025 - 00:32:48] - Epoch: 8, lr: 0.00004783, training_loss: 0.8855, training_c_index: 0.8295
[11/01/2025 - 00:32:50] - Epoch: 8, validation_loss: 1.0661, validation_c_index: 0.5032
--> No improvement in validation_loss or validation_c_index for 2 epoch(s)
--> Current BEST Score: 0.4426
	--> validation_loss: 1.0357
	--> best validation_c_index: 0.5461
[11/01/2025 - 00:32:50] - Time elapsed for epoch 8: 23s
[11/01/2025 - 00:32:50] - Epoch: 9
--> Batch: 49, Loss: 0.5807, Label: 3, Survival Months: 26.42, Risk: -8.6879
	--> Average Speed: 0.06s per batch
	--> Time from Last Check: 2.08s
--> Batch: 99, Loss: 0.5537, Label: 11, Survival Months: 67.33, Risk: -16.9963
	--> Average Speed: 0.05s per batch
	--> Time from Last Check: 1.49s
--> Batch: 149, Loss: 0.5820, Label: 15, Survival Months: 140.25, Risk: -16.2828
	--> Average Speed: 0.06s per batch
	--> Time from Last Check: 1.77s
--> Batch: 199, Loss: 0.5449, Label: 0, Survival Months: 2.50, Risk: -14.1880
	--> Average Speed: 0.06s per batch
	--> Time from Last Check: 2.04s
--> Batch: 249, Loss: 0.7771, Label: 17, Survival Months: 178.00, Risk: -9.8594
	--> Average Speed: 0.06s per batch
	--> Time from Last Check: 2.05s
--> Batch: 299, Loss: 0.5588, Label: 9, Survival Months: 54.25, Risk: -13.7912
	--> Average Speed: 0.06s per batch
	--> Time from Last Check: 1.88s
--> Batch: 349, Loss: 0.5445, Label: 5, Survival Months: 35.92, Risk: -16.9295
	--> Average Speed: 0.05s per batch
	--> Time from Last Check: 1.76s
--> Batch: 399, Loss: 2.8396, Label: 14, Survival Months: 119.92, Risk: -13.0838
	--> Average Speed: 0.06s per batch
	--> Time from Last Check: 2.08s
--> Batch: 449, Loss: 0.5630, Label: 11, Survival Months: 72.25, Risk: -14.3673
	--> Average Speed: 0.06s per batch
	--> Time from Last Check: 1.97s
--> Batch: 499, Loss: 0.5709, Label: 8, Survival Months: 50.50, Risk: -11.5884
	--> Average Speed: 0.06s per batch
	--> Time from Last Check: 1.91s
--> Batch: 549, Loss: 0.5384, Label: 8, Survival Months: 50.67, Risk: -17.0262
	--> Average Speed: 0.06s per batch
	--> Time from Last Check: 1.88s
--> Batch: 599, Loss: 0.5831, Label: 13, Survival Months: 100.42, Risk: -14.1223
	--> Average Speed: 0.06s per batch
	--> Time from Last Check: 1.87s
--> Batch: 649, Loss: 0.6675, Label: 17, Survival Months: 203.50, Risk: -13.2716
	--> Average Speed: 0.06s per batch
	--> Time from Last Check: 1.84s
--> Batch: 699, Loss: 0.5333, Label: 3, Survival Months: 30.00, Risk: -17.3070
	--> Average Speed: 0.06s per batch
	--> Time from Last Check: 1.92s
--> Batch: 749, Loss: 0.5318, Label: 1, Survival Months: 11.17, Risk: -17.3106
	--> Average Speed: 0.06s per batch
	--> Time from Last Check: 1.83s
--> Batch: 799, Loss: 0.5344, Label: 4, Survival Months: 32.25, Risk: -15.2985
	--> Average Speed: 0.06s per batch
	--> Time from Last Check: 1.83s
[11/01/2025 - 00:33:22] - Epoch: 9, lr: 0.00004305, training_loss: 0.8498, training_c_index: 0.8356
[11/01/2025 - 00:33:25] - Epoch: 9, validation_loss: 1.0346, validation_c_index: 0.4620
--> No improvement in validation_loss or validation_c_index for 3 epoch(s)
--> Current BEST Score: 0.4426
	--> validation_loss: 1.0357
	--> best validation_c_index: 0.5461
[11/01/2025 - 00:33:25] - Time elapsed for epoch 9: 34s
[11/01/2025 - 00:33:25] - Epoch: 10
--> Batch: 49, Loss: 0.5370, Label: 12, Survival Months: 85.50, Risk: -17.0681
	--> Average Speed: 0.07s per batch
	--> Time from Last Check: 2.28s
--> Batch: 99, Loss: 0.5582, Label: 15, Survival Months: 133.75, Risk: -16.6217
	--> Average Speed: 0.06s per batch
	--> Time from Last Check: 1.90s
--> Batch: 149, Loss: 0.5478, Label: 12, Survival Months: 83.83, Risk: -15.4738
	--> Average Speed: 0.06s per batch
	--> Time from Last Check: 1.90s
--> Batch: 199, Loss: 0.6645, Label: 15, Survival Months: 140.33, Risk: -11.0294
	--> Average Speed: 0.06s per batch
	--> Time from Last Check: 1.85s
--> Batch: 249, Loss: 0.5246, Label: 3, Survival Months: 30.42, Risk: -16.8462
	--> Average Speed: 0.06s per batch
	--> Time from Last Check: 1.83s
--> Batch: 299, Loss: 0.5343, Label: 10, Survival Months: 63.92, Risk: -15.3429
	--> Average Speed: 0.06s per batch
	--> Time from Last Check: 1.83s
--> Batch: 349, Loss: 0.5287, Label: 4, Survival Months: 31.33, Risk: -14.3397
	--> Average Speed: 0.06s per batch
	--> Time from Last Check: 1.83s
--> Batch: 399, Loss: 0.6143, Label: 18, Survival Months: 226.50, Risk: -16.8879
	--> Average Speed: 0.06s per batch
	--> Time from Last Check: 1.85s
--> Batch: 449, Loss: 0.5236, Label: 7, Survival Months: 47.42, Risk: -17.3041
	--> Average Speed: 0.03s per batch
	--> Time from Last Check: 0.93s
--> Batch: 499, Loss: 0.5315, Label: 10, Survival Months: 58.92, Risk: -15.1975
	--> Average Speed: 0.03s per batch
	--> Time from Last Check: 0.95s
--> Batch: 549, Loss: 0.7905, Label: 19, Survival Months: 272.75, Risk: -14.8953
	--> Average Speed: 0.03s per batch
	--> Time from Last Check: 1.09s
--> Batch: 599, Loss: 0.5414, Label: 14, Survival Months: 103.00, Risk: -16.6828
	--> Average Speed: 0.04s per batch
	--> Time from Last Check: 1.27s
--> Batch: 649, Loss: 2.5438, Label: 2, Survival Months: 18.92, Risk: -7.5433
	--> Average Speed: 0.04s per batch
	--> Time from Last Check: 1.31s
--> Batch: 699, Loss: 3.0048, Label: 10, Survival Months: 62.83, Risk: -11.7076
	--> Average Speed: 0.04s per batch
	--> Time from Last Check: 1.32s
--> Batch: 749, Loss: 0.5312, Label: 12, Survival Months: 82.25, Risk: -16.6624
	--> Average Speed: 0.04s per batch
	--> Time from Last Check: 1.32s
--> Batch: 799, Loss: 0.5847, Label: 13, Survival Months: 101.75, Risk: -12.5686
	--> Average Speed: 0.04s per batch
	--> Time from Last Check: 1.31s
[11/01/2025 - 00:33:50] - Epoch: 10, lr: 0.00003874, training_loss: 0.8199, training_c_index: 0.8531
[11/01/2025 - 00:33:53] - Epoch: 10, validation_loss: 1.0144, validation_c_index: 0.4550
--> No improvement in validation_loss or validation_c_index for 4 epoch(s)
--> Current BEST Score: 0.4426
	--> validation_loss: 1.0357
	--> best validation_c_index: 0.5461
[11/01/2025 - 00:33:53] - Time elapsed for epoch 10: 28s
[11/01/2025 - 00:33:53] - Epoch: 11
--> Batch: 49, Loss: 0.5142, Label: 6, Survival Months: 41.75, Risk: -15.4714
	--> Average Speed: 0.05s per batch
	--> Time from Last Check: 1.71s
--> Batch: 99, Loss: 0.5109, Label: 8, Survival Months: 48.08, Risk: -17.0958
	--> Average Speed: 0.04s per batch
	--> Time from Last Check: 1.26s
--> Batch: 149, Loss: 0.5252, Label: 2, Survival Months: 24.42, Risk: -9.9530
	--> Average Speed: 0.04s per batch
	--> Time from Last Check: 1.26s
--> Batch: 199, Loss: 0.5873, Label: 17, Survival Months: 182.75, Risk: -16.1648
	--> Average Speed: 0.04s per batch
	--> Time from Last Check: 1.26s
--> Batch: 249, Loss: 0.7521, Label: 17, Survival Months: 186.67, Risk: -10.0543
	--> Average Speed: 0.05s per batch
	--> Time from Last Check: 1.56s
--> Batch: 299, Loss: 0.5056, Label: 4, Survival Months: 32.75, Risk: -17.4647
	--> Average Speed: 0.05s per batch
	--> Time from Last Check: 1.52s
--> Batch: 349, Loss: 0.5053, Label: 6, Survival Months: 41.92, Risk: -16.7256
	--> Average Speed: 0.05s per batch
	--> Time from Last Check: 1.62s
--> Batch: 399, Loss: 2.3099, Label: 17, Survival Months: 197.75, Risk: -16.9818
	--> Average Speed: 0.05s per batch
	--> Time from Last Check: 1.49s
--> Batch: 449, Loss: 0.5248, Label: 16, Survival Months: 162.33, Risk: -17.6008
	--> Average Speed: 0.05s per batch
	--> Time from Last Check: 1.52s
--> Batch: 499, Loss: 0.5073, Label: 6, Survival Months: 41.58, Risk: -15.4273
	--> Average Speed: 0.06s per batch
	--> Time from Last Check: 1.97s
--> Batch: 549, Loss: 0.5819, Label: 16, Survival Months: 148.58, Risk: -14.9112
	--> Average Speed: 0.06s per batch
	--> Time from Last Check: 2.03s
--> Batch: 599, Loss: 0.5246, Label: 14, Survival Months: 109.00, Risk: -16.3405
	--> Average Speed: 0.06s per batch
	--> Time from Last Check: 1.93s
--> Batch: 649, Loss: 3.3476, Label: 11, Survival Months: 71.67, Risk: -15.5907
	--> Average Speed: 0.06s per batch
	--> Time from Last Check: 1.89s
--> Batch: 699, Loss: 2.5078, Label: 2, Survival Months: 21.25, Risk: -6.4741
	--> Average Speed: 0.06s per batch
	--> Time from Last Check: 1.90s
--> Batch: 749, Loss: 0.5456, Label: 15, Survival Months: 123.08, Risk: -15.9546
	--> Average Speed: 0.06s per batch
	--> Time from Last Check: 1.91s
--> Batch: 799, Loss: 0.5045, Label: 8, Survival Months: 49.00, Risk: -15.4061
	--> Average Speed: 0.06s per batch
	--> Time from Last Check: 1.91s
[11/01/2025 - 00:34:21] - Epoch: 11, lr: 0.00003487, training_loss: 0.8006, training_c_index: 0.8528
[11/01/2025 - 00:34:24] - Epoch: 11, validation_loss: 1.0061, validation_c_index: 0.5009
--> No improvement in validation_loss or validation_c_index for 5 epoch(s)
--> Current BEST Score: 0.4426
	--> validation_loss: 1.0357
	--> best validation_c_index: 0.5461
[11/01/2025 - 00:34:24] - Time elapsed for epoch 11: 31s
[11/01/2025 - 00:34:24] - Epoch: 12
--> Batch: 49, Loss: 0.5345, Label: 12, Survival Months: 83.00, Risk: -14.3361
	--> Average Speed: 0.07s per batch
	--> Time from Last Check: 2.20s
--> Batch: 99, Loss: 0.5122, Label: 13, Survival Months: 93.25, Risk: -16.5667
	--> Average Speed: 0.05s per batch
	--> Time from Last Check: 1.64s
--> Batch: 149, Loss: 0.5082, Label: 11, Survival Months: 78.50, Risk: -16.2849
	--> Average Speed: 0.05s per batch
	--> Time from Last Check: 1.63s
--> Batch: 199, Loss: 0.5199, Label: 8, Survival Months: 49.83, Risk: -12.5912
	--> Average Speed: 0.05s per batch
	--> Time from Last Check: 1.55s
--> Batch: 249, Loss: 0.4978, Label: 9, Survival Months: 54.67, Risk: -16.4618
	--> Average Speed: 0.05s per batch
	--> Time from Last Check: 1.56s
--> Batch: 299, Loss: 0.5577, Label: 15, Survival Months: 123.00, Risk: -15.1407
	--> Average Speed: 0.04s per batch
	--> Time from Last Check: 1.41s
--> Batch: 349, Loss: 0.5884, Label: 14, Survival Months: 108.50, Risk: -12.2238
	--> Average Speed: 0.04s per batch
	--> Time from Last Check: 1.38s
--> Batch: 399, Loss: 3.5092, Label: 6, Survival Months: 39.00, Risk: -5.4166
	--> Average Speed: 0.04s per batch
	--> Time from Last Check: 1.34s
--> Batch: 449, Loss: 0.4892, Label: 2, Survival Months: 26.25, Risk: -17.2714
	--> Average Speed: 0.04s per batch
	--> Time from Last Check: 1.34s
--> Batch: 499, Loss: 0.4879, Label: 0, Survival Months: 0.00, Risk: -16.2709
	--> Average Speed: 0.04s per batch
	--> Time from Last Check: 1.35s
--> Batch: 549, Loss: 0.5023, Label: 11, Survival Months: 78.58, Risk: -15.9479
	--> Average Speed: 0.04s per batch
	--> Time from Last Check: 1.12s
--> Batch: 599, Loss: 0.5117, Label: 7, Survival Months: 46.00, Risk: -11.8184
	--> Average Speed: 0.04s per batch
	--> Time from Last Check: 1.19s
--> Batch: 649, Loss: 0.5583, Label: 17, Survival Months: 187.33, Risk: -15.9233
	--> Average Speed: 0.05s per batch
	--> Time from Last Check: 1.63s
--> Batch: 699, Loss: 0.4851, Label: 1, Survival Months: 2.58, Risk: -16.7214
	--> Average Speed: 0.07s per batch
	--> Time from Last Check: 2.10s
--> Batch: 749, Loss: 1.8059, Label: 18, Survival Months: 247.08, Risk: -17.5567
	--> Average Speed: 0.07s per batch
	--> Time from Last Check: 2.11s
--> Batch: 799, Loss: 2.5796, Label: 12, Survival Months: 86.00, Risk: -14.3473
	--> Average Speed: 0.07s per batch
	--> Time from Last Check: 2.09s
[11/01/2025 - 00:34:51] - Epoch: 12, lr: 0.00003138, training_loss: 0.7758, training_c_index: 0.8718
[11/01/2025 - 00:34:54] - Epoch: 12, validation_loss: 0.9752, validation_c_index: 0.4927
--> No improvement in validation_loss or validation_c_index for 6 epoch(s)
--> Current BEST Score: 0.4426
	--> validation_loss: 1.0357
	--> best validation_c_index: 0.5461
[11/01/2025 - 00:34:54] - Time elapsed for epoch 12: 30s
[11/01/2025 - 00:34:54] - Epoch: 13
--> Batch: 49, Loss: 0.4840, Label: 1, Survival Months: 4.50, Risk: -16.9137
	--> Average Speed: 0.07s per batch
	--> Time from Last Check: 2.23s
--> Batch: 99, Loss: 0.5217, Label: 15, Survival Months: 134.50, Risk: -16.3461
	--> Average Speed: 0.05s per batch
	--> Time from Last Check: 1.68s
--> Batch: 149, Loss: 0.5478, Label: 13, Survival Months: 92.17, Risk: -13.4220
	--> Average Speed: 0.05s per batch
	--> Time from Last Check: 1.69s
--> Batch: 199, Loss: 0.4834, Label: 9, Survival Months: 52.00, Risk: -17.1738
	--> Average Speed: 0.06s per batch
	--> Time from Last Check: 1.93s
--> Batch: 249, Loss: 0.5935, Label: 18, Survival Months: 216.33, Risk: -17.0769
	--> Average Speed: 0.04s per batch
	--> Time from Last Check: 1.24s
--> Batch: 299, Loss: 0.6345, Label: 12, Survival Months: 86.25, Risk: -8.1888
	--> Average Speed: 0.05s per batch
	--> Time from Last Check: 1.45s
--> Batch: 349, Loss: 0.6067, Label: 17, Survival Months: 194.58, Risk: -14.0528
	--> Average Speed: 0.05s per batch
	--> Time from Last Check: 1.45s
--> Batch: 399, Loss: 0.5033, Label: 16, Survival Months: 162.50, Risk: -17.3241
	--> Average Speed: 0.04s per batch
	--> Time from Last Check: 1.43s
--> Batch: 449, Loss: 0.5786, Label: 17, Survival Months: 191.50, Risk: -14.8945
	--> Average Speed: 0.05s per batch
	--> Time from Last Check: 1.46s
--> Batch: 499, Loss: 0.4787, Label: 3, Survival Months: 30.50, Risk: -15.9485
	--> Average Speed: 0.05s per batch
	--> Time from Last Check: 1.45s
--> Batch: 549, Loss: 0.4788, Label: 0, Survival Months: 2.50, Risk: -12.7249
	--> Average Speed: 0.05s per batch
	--> Time from Last Check: 1.46s
--> Batch: 599, Loss: 0.5027, Label: 9, Survival Months: 54.25, Risk: -12.3633
	--> Average Speed: 0.05s per batch
	--> Time from Last Check: 1.55s
--> Batch: 649, Loss: 2.5289, Label: 3, Survival Months: 26.67, Risk: -2.6984
	--> Average Speed: 0.05s per batch
	--> Time from Last Check: 1.58s
--> Batch: 699, Loss: 0.5030, Label: 9, Survival Months: 52.17, Risk: -11.7261
	--> Average Speed: 0.05s per batch
	--> Time from Last Check: 1.57s
--> Batch: 749, Loss: 0.4747, Label: 2, Survival Months: 24.75, Risk: -16.4428
	--> Average Speed: 0.04s per batch
	--> Time from Last Check: 1.22s
--> Batch: 799, Loss: 0.4744, Label: 7, Survival Months: 43.58, Risk: -16.8119
	--> Average Speed: 0.04s per batch
	--> Time from Last Check: 1.28s
[11/01/2025 - 00:35:19] - Epoch: 13, lr: 0.00002824, training_loss: 0.7712, training_c_index: 0.8771
[11/01/2025 - 00:35:22] - Epoch: 13, validation_loss: 0.9814, validation_c_index: 0.5514
--> New BEST Validation Score: 0.4532, validation_loss: 0.9814, validation_c_index: 0.5514
--> Current BEST Score: 0.4532
	--> validation_loss: 0.9814
	--> best validation_c_index: 0.5514
[11/01/2025 - 00:35:22] - Time elapsed for epoch 13: 29s
[11/01/2025 - 00:35:22] - Epoch: 14
--> Batch: 49, Loss: 0.5007, Label: 15, Survival Months: 134.50, Risk: -16.9754
	--> Average Speed: 0.07s per batch
	--> Time from Last Check: 2.40s
--> Batch: 99, Loss: 0.7197, Label: 19, Survival Months: 438.42, Risk: -17.2378
	--> Average Speed: 0.06s per batch
	--> Time from Last Check: 2.00s
--> Batch: 149, Loss: 0.4723, Label: 2, Survival Months: 23.75, Risk: -15.5556
	--> Average Speed: 0.07s per batch
	--> Time from Last Check: 2.08s
--> Batch: 199, Loss: 0.4707, Label: 0, Survival Months: 0.00, Risk: -15.3211
	--> Average Speed: 0.07s per batch
	--> Time from Last Check: 2.11s
--> Batch: 249, Loss: 0.4702, Label: 3, Survival Months: 30.50, Risk: -17.5340
	--> Average Speed: 0.07s per batch
	--> Time from Last Check: 2.11s
--> Batch: 299, Loss: 0.6093, Label: 18, Survival Months: 207.17, Risk: -15.6967
	--> Average Speed: 0.06s per batch
	--> Time from Last Check: 1.87s
--> Batch: 349, Loss: 0.5122, Label: 17, Survival Months: 188.58, Risk: -17.2621
	--> Average Speed: 0.06s per batch
	--> Time from Last Check: 1.84s
--> Batch: 399, Loss: 0.4679, Label: 2, Survival Months: 22.83, Risk: -16.0733
	--> Average Speed: 0.06s per batch
	--> Time from Last Check: 1.82s
--> Batch: 449, Loss: 0.4668, Label: 1, Survival Months: 8.25, Risk: -16.5726
	--> Average Speed: 0.06s per batch
	--> Time from Last Check: 1.83s
--> Batch: 499, Loss: 0.4774, Label: 4, Survival Months: 33.75, Risk: -12.4524
	--> Average Speed: 0.05s per batch
	--> Time from Last Check: 1.73s
--> Batch: 549, Loss: 0.4767, Label: 5, Survival Months: 36.58, Risk: -12.5310
	--> Average Speed: 0.05s per batch
	--> Time from Last Check: 1.63s
--> Batch: 599, Loss: 0.4688, Label: 7, Survival Months: 43.42, Risk: -16.5509
	--> Average Speed: 0.05s per batch
	--> Time from Last Check: 1.71s
--> Batch: 649, Loss: 0.4665, Label: 0, Survival Months: 0.00, Risk: -17.3592
	--> Average Speed: 0.05s per batch
	--> Time from Last Check: 1.71s
--> Batch: 699, Loss: 0.4680, Label: 7, Survival Months: 43.17, Risk: -15.8412
	--> Average Speed: 0.05s per batch
	--> Time from Last Check: 1.70s
--> Batch: 749, Loss: 0.4897, Label: 16, Survival Months: 165.92, Risk: -17.3105
	--> Average Speed: 0.05s per batch
	--> Time from Last Check: 1.70s
--> Batch: 799, Loss: 0.4864, Label: 15, Survival Months: 135.00, Risk: -17.1882
	--> Average Speed: 0.05s per batch
	--> Time from Last Check: 1.67s
[11/01/2025 - 00:35:54] - Epoch: 14, lr: 0.00002542, training_loss: 0.7500, training_c_index: 0.8841
[11/01/2025 - 00:35:56] - Epoch: 14, validation_loss: 1.0061, validation_c_index: 0.5194
--> No improvement in validation_loss or validation_c_index for 1 epoch(s)
--> Current BEST Score: 0.4532
	--> validation_loss: 0.9814
	--> best validation_c_index: 0.5514
[11/01/2025 - 00:35:56] - Time elapsed for epoch 14: 34s
[11/01/2025 - 00:35:56] - Epoch: 15
--> Batch: 49, Loss: 0.4634, Label: 5, Survival Months: 35.67, Risk: -15.0908
	--> Average Speed: 0.06s per batch
	--> Time from Last Check: 2.04s
--> Batch: 99, Loss: 0.4610, Label: 1, Survival Months: 17.50, Risk: -17.4391
	--> Average Speed: 0.05s per batch
	--> Time from Last Check: 1.56s
--> Batch: 149, Loss: 0.4610, Label: 6, Survival Months: 39.25, Risk: -17.7146
	--> Average Speed: 0.05s per batch
	--> Time from Last Check: 1.56s
--> Batch: 199, Loss: 0.4996, Label: 17, Survival Months: 185.08, Risk: -17.4122
	--> Average Speed: 0.05s per batch
	--> Time from Last Check: 1.60s
--> Batch: 249, Loss: 0.5119, Label: 16, Survival Months: 156.33, Risk: -16.1817
	--> Average Speed: 0.05s per batch
	--> Time from Last Check: 1.64s
--> Batch: 299, Loss: 0.4703, Label: 13, Survival Months: 89.50, Risk: -17.0615
	--> Average Speed: 0.05s per batch
	--> Time from Last Check: 1.63s
--> Batch: 349, Loss: 0.4641, Label: 5, Survival Months: 36.17, Risk: -14.0629
	--> Average Speed: 0.05s per batch
	--> Time from Last Check: 1.64s
--> Batch: 399, Loss: 0.4788, Label: 3, Survival Months: 31.25, Risk: -10.3694
	--> Average Speed: 0.05s per batch
	--> Time from Last Check: 1.59s
--> Batch: 449, Loss: 0.4628, Label: 2, Survival Months: 25.75, Risk: -12.7678
	--> Average Speed: 0.05s per batch
	--> Time from Last Check: 1.64s
--> Batch: 499, Loss: 0.4575, Label: 0, Survival Months: 0.83, Risk: -17.6817
	--> Average Speed: 0.04s per batch
	--> Time from Last Check: 1.27s
--> Batch: 549, Loss: 0.4601, Label: 11, Survival Months: 75.50, Risk: -17.4823
	--> Average Speed: 0.04s per batch
	--> Time from Last Check: 1.36s
--> Batch: 599, Loss: 0.4565, Label: 4, Survival Months: 32.08, Risk: -16.9910
	--> Average Speed: 0.04s per batch
	--> Time from Last Check: 1.36s
--> Batch: 649, Loss: 0.4657, Label: 13, Survival Months: 95.00, Risk: -17.1241
	--> Average Speed: 0.04s per batch
	--> Time from Last Check: 1.36s
--> Batch: 699, Loss: 0.4559, Label: 6, Survival Months: 38.92, Risk: -16.5480
	--> Average Speed: 0.05s per batch
	--> Time from Last Check: 1.46s
--> Batch: 749, Loss: 0.5994, Label: 14, Survival Months: 105.83, Risk: -9.9872
	--> Average Speed: 0.05s per batch
	--> Time from Last Check: 1.45s
--> Batch: 799, Loss: 2.6558, Label: 14, Survival Months: 106.00, Risk: -13.2918
	--> Average Speed: 0.05s per batch
	--> Time from Last Check: 1.45s
[11/01/2025 - 00:36:22] - Epoch: 15, lr: 0.00002288, training_loss: 0.7368, training_c_index: 0.9045
[11/01/2025 - 00:36:25] - Epoch: 15, validation_loss: 0.9777, validation_c_index: 0.5676
--> New BEST Validation Score: 0.4698, validation_loss: 0.9777, validation_c_index: 0.5676
--> Current BEST Score: 0.4698
	--> validation_loss: 0.9777
	--> best validation_c_index: 0.5676
[11/01/2025 - 00:36:25] - Time elapsed for epoch 15: 29s
[11/01/2025 - 00:36:25] - Epoch: 16
--> Batch: 49, Loss: 0.4911, Label: 17, Survival Months: 197.08, Risk: -17.5368
	--> Average Speed: 0.06s per batch
	--> Time from Last Check: 1.85s
--> Batch: 99, Loss: 0.4771, Label: 12, Survival Months: 83.83, Risk: -15.7016
	--> Average Speed: 0.04s per batch
	--> Time from Last Check: 1.27s
--> Batch: 149, Loss: 0.4558, Label: 3, Survival Months: 28.42, Risk: -15.6720
	--> Average Speed: 0.04s per batch
	--> Time from Last Check: 1.29s
--> Batch: 199, Loss: 0.4551, Label: 10, Survival Months: 64.08, Risk: -17.0290
	--> Average Speed: 0.03s per batch
	--> Time from Last Check: 1.08s
--> Batch: 249, Loss: 0.4514, Label: 0, Survival Months: 0.83, Risk: -17.2340
	--> Average Speed: 0.03s per batch
	--> Time from Last Check: 0.99s
--> Batch: 299, Loss: 0.4693, Label: 7, Survival Months: 47.25, Risk: -11.7918
	--> Average Speed: 0.04s per batch
	--> Time from Last Check: 1.14s
--> Batch: 349, Loss: 0.4502, Label: 6, Survival Months: 41.58, Risk: -17.3443
	--> Average Speed: 0.04s per batch
	--> Time from Last Check: 1.15s
--> Batch: 399, Loss: 0.4732, Label: 16, Survival Months: 165.67, Risk: -17.3952
	--> Average Speed: 0.04s per batch
	--> Time from Last Check: 1.13s
--> Batch: 449, Loss: 0.4847, Label: 15, Survival Months: 129.17, Risk: -16.6000
	--> Average Speed: 0.04s per batch
	--> Time from Last Check: 1.14s
--> Batch: 499, Loss: 0.4507, Label: 8, Survival Months: 49.00, Risk: -16.6550
	--> Average Speed: 0.04s per batch
	--> Time from Last Check: 1.14s
--> Batch: 549, Loss: 3.5956, Label: 13, Survival Months: 95.17, Risk: -7.0701
	--> Average Speed: 0.04s per batch
	--> Time from Last Check: 1.14s
--> Batch: 599, Loss: 2.0794, Label: 19, Survival Months: 284.08, Risk: -15.9517
	--> Average Speed: 0.04s per batch
	--> Time from Last Check: 1.14s
--> Batch: 649, Loss: 0.8085, Label: 19, Survival Months: 536.25, Risk: -11.2470
	--> Average Speed: 0.04s per batch
	--> Time from Last Check: 1.14s
--> Batch: 699, Loss: 0.4483, Label: 5, Survival Months: 37.25, Risk: -17.3346
	--> Average Speed: 0.04s per batch
	--> Time from Last Check: 1.14s
--> Batch: 749, Loss: 0.4511, Label: 7, Survival Months: 46.17, Risk: -15.6210
	--> Average Speed: 0.04s per batch
	--> Time from Last Check: 1.18s
--> Batch: 799, Loss: 0.4809, Label: 17, Survival Months: 197.67, Risk: -17.6466
	--> Average Speed: 0.04s per batch
	--> Time from Last Check: 1.20s
[11/01/2025 - 00:36:45] - Epoch: 16, lr: 0.00002059, training_loss: 0.7287, training_c_index: 0.9049
[11/01/2025 - 00:36:48] - Epoch: 16, validation_loss: 0.9954, validation_c_index: 0.5467
--> No improvement in validation_loss or validation_c_index for 1 epoch(s)
--> Current BEST Score: 0.4698
	--> validation_loss: 0.9777
	--> best validation_c_index: 0.5676
[11/01/2025 - 00:36:48] - Time elapsed for epoch 16: 23s
[11/01/2025 - 00:36:48] - Epoch: 17
--> Batch: 49, Loss: 0.4442, Label: 7, Survival Months: 43.58, Risk: -17.5909
	--> Average Speed: 0.05s per batch
	--> Time from Last Check: 1.52s
--> Batch: 99, Loss: 0.4605, Label: 14, Survival Months: 110.83, Risk: -16.9258
	--> Average Speed: 0.03s per batch
	--> Time from Last Check: 0.97s
--> Batch: 149, Loss: 0.4486, Label: 10, Survival Months: 65.75, Risk: -16.0107
	--> Average Speed: 0.03s per batch
	--> Time from Last Check: 0.98s
--> Batch: 199, Loss: 0.4426, Label: 4, Survival Months: 34.50, Risk: -17.2956
	--> Average Speed: 0.03s per batch
	--> Time from Last Check: 1.10s
--> Batch: 249, Loss: 0.4419, Label: 1, Survival Months: 7.67, Risk: -14.8234
	--> Average Speed: 0.04s per batch
	--> Time from Last Check: 1.25s
--> Batch: 299, Loss: 0.4425, Label: 10, Survival Months: 65.25, Risk: -17.1440
	--> Average Speed: 0.04s per batch
	--> Time from Last Check: 1.40s
--> Batch: 349, Loss: 1.9781, Label: 2, Survival Months: 25.17, Risk: -3.1671
	--> Average Speed: 0.06s per batch
	--> Time from Last Check: 1.89s
--> Batch: 399, Loss: 0.4491, Label: 13, Survival Months: 101.58, Risk: -17.1491
	--> Average Speed: 0.06s per batch
	--> Time from Last Check: 1.86s
--> Batch: 449, Loss: 2.1197, Label: 11, Survival Months: 71.67, Risk: -9.2841
	--> Average Speed: 0.06s per batch
	--> Time from Last Check: 1.84s
--> Batch: 499, Loss: 0.4439, Label: 8, Survival Months: 49.25, Risk: -15.4516
	--> Average Speed: 0.06s per batch
	--> Time from Last Check: 1.85s
--> Batch: 549, Loss: 0.4454, Label: 5, Survival Months: 34.83, Risk: -13.9332
	--> Average Speed: 0.06s per batch
	--> Time from Last Check: 1.84s
--> Batch: 599, Loss: 0.4445, Label: 11, Survival Months: 76.25, Risk: -16.7031
	--> Average Speed: 0.06s per batch
	--> Time from Last Check: 1.82s
--> Batch: 649, Loss: 0.4434, Label: 10, Survival Months: 63.67, Risk: -16.2134
	--> Average Speed: 0.06s per batch
	--> Time from Last Check: 1.81s
--> Batch: 699, Loss: 1.7796, Label: 0, Survival Months: 0.00, Risk: -2.4865
	--> Average Speed: 0.06s per batch
	--> Time from Last Check: 1.86s
--> Batch: 749, Loss: 0.4407, Label: 4, Survival Months: 33.25, Risk: -14.8374
	--> Average Speed: 0.05s per batch
	--> Time from Last Check: 1.75s
--> Batch: 799, Loss: 0.4386, Label: 2, Survival Months: 18.08, Risk: -14.9811
	--> Average Speed: 0.03s per batch
	--> Time from Last Check: 0.96s
[11/01/2025 - 00:37:14] - Epoch: 17, lr: 0.00001853, training_loss: 0.7043, training_c_index: 0.9160
[11/01/2025 - 00:37:16] - Epoch: 17, validation_loss: 0.9771, validation_c_index: 0.5479
--> No improvement in validation_loss or validation_c_index for 2 epoch(s)
--> Current BEST Score: 0.4698
	--> validation_loss: 0.9777
	--> best validation_c_index: 0.5676
[11/01/2025 - 00:37:16] - Time elapsed for epoch 17: 28s
[11/01/2025 - 00:37:16] - Epoch: 18
--> Batch: 49, Loss: 0.4385, Label: 9, Survival Months: 52.92, Risk: -16.3108
	--> Average Speed: 0.05s per batch
	--> Time from Last Check: 1.66s
--> Batch: 99, Loss: 0.4359, Label: 2, Survival Months: 24.17, Risk: -16.3440
	--> Average Speed: 0.04s per batch
	--> Time from Last Check: 1.31s
--> Batch: 149, Loss: 0.4363, Label: 0, Survival Months: 0.58, Risk: -17.2697
	--> Average Speed: 0.04s per batch
	--> Time from Last Check: 1.28s
--> Batch: 199, Loss: 0.4368, Label: 1, Survival Months: 13.58, Risk: -14.9695
	--> Average Speed: 0.04s per batch
	--> Time from Last Check: 1.27s
--> Batch: 249, Loss: 4.2597, Label: 3, Survival Months: 30.42, Risk: -14.2588
	--> Average Speed: 0.05s per batch
	--> Time from Last Check: 1.49s
--> Batch: 299, Loss: 0.4509, Label: 15, Survival Months: 131.00, Risk: -17.6888
	--> Average Speed: 0.06s per batch
	--> Time from Last Check: 2.00s
--> Batch: 349, Loss: 0.4788, Label: 17, Survival Months: 198.75, Risk: -17.2895
	--> Average Speed: 0.06s per batch
	--> Time from Last Check: 1.88s
--> Batch: 399, Loss: 0.4351, Label: 9, Survival Months: 55.00, Risk: -17.4757
	--> Average Speed: 0.06s per batch
	--> Time from Last Check: 1.86s
--> Batch: 449, Loss: 0.4876, Label: 17, Survival Months: 194.08, Risk: -17.0741
	--> Average Speed: 0.06s per batch
	--> Time from Last Check: 1.88s
--> Batch: 499, Loss: 0.4342, Label: 5, Survival Months: 35.33, Risk: -17.5569
	--> Average Speed: 0.04s per batch
	--> Time from Last Check: 1.14s
--> Batch: 549, Loss: 0.4386, Label: 10, Survival Months: 59.58, Risk: -16.2466
	--> Average Speed: 0.06s per batch
	--> Time from Last Check: 1.83s
--> Batch: 599, Loss: 0.4496, Label: 3, Survival Months: 28.58, Risk: -11.2361
	--> Average Speed: 0.06s per batch
	--> Time from Last Check: 1.91s
--> Batch: 649, Loss: 2.6453, Label: 15, Survival Months: 141.17, Risk: -16.2508
	--> Average Speed: 0.06s per batch
	--> Time from Last Check: 1.89s
--> Batch: 699, Loss: 0.4381, Label: 13, Survival Months: 90.42, Risk: -17.6934
	--> Average Speed: 0.04s per batch
	--> Time from Last Check: 1.26s
--> Batch: 749, Loss: 0.5628, Label: 18, Survival Months: 234.42, Risk: -16.5055
	--> Average Speed: 0.04s per batch
	--> Time from Last Check: 1.26s
--> Batch: 799, Loss: 0.4599, Label: 16, Survival Months: 156.92, Risk: -17.3675
	--> Average Speed: 0.05s per batch
	--> Time from Last Check: 1.62s
[11/01/2025 - 00:37:43] - Epoch: 18, lr: 0.00001668, training_loss: 0.7131, training_c_index: 0.8954
[11/01/2025 - 00:37:46] - Epoch: 18, validation_loss: 0.9718, validation_c_index: 0.5473
--> No improvement in validation_loss or validation_c_index for 3 epoch(s)
--> Current BEST Score: 0.4698
	--> validation_loss: 0.9777
	--> best validation_c_index: 0.5676
[11/01/2025 - 00:37:46] - Time elapsed for epoch 18: 29s
[11/01/2025 - 00:37:46] - Epoch: 19
--> Batch: 49, Loss: 0.6796, Label: 19, Survival Months: 536.25, Risk: -16.4019
	--> Average Speed: 0.06s per batch
	--> Time from Last Check: 1.82s
--> Batch: 99, Loss: 0.4306, Label: 7, Survival Months: 44.33, Risk: -17.1013
	--> Average Speed: 0.04s per batch
	--> Time from Last Check: 1.38s
--> Batch: 149, Loss: 0.4335, Label: 8, Survival Months: 49.17, Risk: -15.3297
	--> Average Speed: 0.04s per batch
	--> Time from Last Check: 1.39s
--> Batch: 199, Loss: 0.4285, Label: 4, Survival Months: 33.25, Risk: -17.4108
	--> Average Speed: 0.04s per batch
	--> Time from Last Check: 1.39s
--> Batch: 249, Loss: 0.4287, Label: 4, Survival Months: 31.75, Risk: -16.1227
	--> Average Speed: 0.05s per batch
	--> Time from Last Check: 1.45s
--> Batch: 299, Loss: 0.4558, Label: 16, Survival Months: 155.50, Risk: -17.4240
	--> Average Speed: 0.05s per batch
	--> Time from Last Check: 1.48s
--> Batch: 349, Loss: 0.4277, Label: 3, Survival Months: 30.42, Risk: -17.6448
	--> Average Speed: 0.05s per batch
	--> Time from Last Check: 1.46s
--> Batch: 399, Loss: 0.4278, Label: 5, Survival Months: 35.33, Risk: -16.2250
	--> Average Speed: 0.05s per batch
	--> Time from Last Check: 1.44s
--> Batch: 449, Loss: 0.4270, Label: 6, Survival Months: 38.83, Risk: -16.2843
	--> Average Speed: 0.05s per batch
	--> Time from Last Check: 1.45s
--> Batch: 499, Loss: 0.5254, Label: 18, Survival Months: 257.33, Risk: -17.2420
	--> Average Speed: 0.05s per batch
	--> Time from Last Check: 1.47s
--> Batch: 549, Loss: 0.4261, Label: 10, Survival Months: 58.92, Risk: -17.7626
	--> Average Speed: 0.05s per batch
	--> Time from Last Check: 1.49s
--> Batch: 599, Loss: 0.4263, Label: 7, Survival Months: 44.33, Risk: -17.1178
	--> Average Speed: 0.04s per batch
	--> Time from Last Check: 1.27s
--> Batch: 649, Loss: 0.4299, Label: 13, Survival Months: 100.25, Risk: -17.7403
	--> Average Speed: 0.04s per batch
	--> Time from Last Check: 1.27s
--> Batch: 699, Loss: 0.4258, Label: 6, Survival Months: 38.92, Risk: -16.9877
	--> Average Speed: 0.04s per batch
	--> Time from Last Check: 1.26s
--> Batch: 749, Loss: 0.6733, Label: 18, Survival Months: 218.50, Risk: -12.4326
	--> Average Speed: 0.04s per batch
	--> Time from Last Check: 1.27s
--> Batch: 799, Loss: 2.0755, Label: 2, Survival Months: 25.17, Risk: -2.3989
	--> Average Speed: 0.05s per batch
	--> Time from Last Check: 1.54s
[11/01/2025 - 00:38:10] - Epoch: 19, lr: 0.00001501, training_loss: 0.6892, training_c_index: 0.9255
[11/01/2025 - 00:38:12] - Epoch: 19, validation_loss: 1.0032, validation_c_index: 0.5165
--> No improvement in validation_loss or validation_c_index for 4 epoch(s)
--> Current BEST Score: 0.4698
	--> validation_loss: 0.9777
	--> best validation_c_index: 0.5676
[11/01/2025 - 00:38:12] - Time elapsed for epoch 19: 27s
[11/01/2025 - 00:38:12] - Epoch: 20
--> Batch: 49, Loss: 1.9114, Label: 11, Survival Months: 68.75, Risk: -11.0809
	--> Average Speed: 0.05s per batch
	--> Time from Last Check: 1.73s
--> Batch: 99, Loss: 0.4243, Label: 0, Survival Months: 0.00, Risk: -17.4130
	--> Average Speed: 0.04s per batch
	--> Time from Last Check: 1.25s
--> Batch: 149, Loss: 0.4507, Label: 15, Survival Months: 139.42, Risk: -17.1406
	--> Average Speed: 0.04s per batch
	--> Time from Last Check: 1.26s
--> Batch: 199, Loss: 0.4501, Label: 13, Survival Months: 100.67, Risk: -15.4246
	--> Average Speed: 0.04s per batch
	--> Time from Last Check: 1.25s
--> Batch: 249, Loss: 0.4270, Label: 11, Survival Months: 74.17, Risk: -17.4625
	--> Average Speed: 0.04s per batch
	--> Time from Last Check: 1.24s
--> Batch: 299, Loss: 0.5255, Label: 18, Survival Months: 209.42, Risk: -17.1281
	--> Average Speed: 0.04s per batch
	--> Time from Last Check: 1.23s
--> Batch: 349, Loss: 0.4258, Label: 11, Survival Months: 78.58, Risk: -17.1383
	--> Average Speed: 0.04s per batch
	--> Time from Last Check: 1.23s
--> Batch: 399, Loss: 0.4281, Label: 12, Survival Months: 83.67, Risk: -17.5572
	--> Average Speed: 0.04s per batch
	--> Time from Last Check: 1.20s
--> Batch: 449, Loss: 0.4283, Label: 1, Survival Months: 17.50, Risk: -9.5076
	--> Average Speed: 0.04s per batch
	--> Time from Last Check: 1.20s
--> Batch: 499, Loss: 0.4212, Label: 1, Survival Months: 7.00, Risk: -16.8458
	--> Average Speed: 0.04s per batch
	--> Time from Last Check: 1.21s
--> Batch: 549, Loss: 0.4208, Label: 7, Survival Months: 43.25, Risk: -17.5711
	--> Average Speed: 0.04s per batch
	--> Time from Last Check: 1.20s
--> Batch: 599, Loss: 0.4239, Label: 6, Survival Months: 39.67, Risk: -14.5574
	--> Average Speed: 0.04s per batch
	--> Time from Last Check: 1.20s
--> Batch: 649, Loss: 0.4201, Label: 1, Survival Months: 15.50, Risk: -15.4503
	--> Average Speed: 0.04s per batch
	--> Time from Last Check: 1.19s
--> Batch: 699, Loss: 0.4201, Label: 9, Survival Months: 56.25, Risk: -18.0308
	--> Average Speed: 0.04s per batch
	--> Time from Last Check: 1.19s
--> Batch: 749, Loss: 0.4196, Label: 1, Survival Months: 2.58, Risk: -17.3357
	--> Average Speed: 0.04s per batch
	--> Time from Last Check: 1.23s
--> Batch: 799, Loss: 2.3052, Label: 3, Survival Months: 28.00, Risk: -5.0906
	--> Average Speed: 0.04s per batch
	--> Time from Last Check: 1.24s
[11/01/2025 - 00:38:33] - Epoch: 20, lr: 0.00001351, training_loss: 0.6840, training_c_index: 0.9154
[11/01/2025 - 00:38:36] - Epoch: 20, validation_loss: 0.9891, validation_c_index: 0.5049
--> No improvement in validation_loss or validation_c_index for 5 epoch(s)
--> Current BEST Score: 0.4698
	--> validation_loss: 0.9777
	--> best validation_c_index: 0.5676
[11/01/2025 - 00:38:36] - Time elapsed for epoch 20: 24s
[11/01/2025 - 00:38:36] - Epoch: 21
--> Batch: 49, Loss: 0.4395, Label: 16, Survival Months: 145.50, Risk: -17.5539
	--> Average Speed: 0.05s per batch
	--> Time from Last Check: 1.73s
--> Batch: 99, Loss: 0.4259, Label: 12, Survival Months: 88.50, Risk: -17.4151
	--> Average Speed: 0.04s per batch
	--> Time from Last Check: 1.39s
--> Batch: 149, Loss: 0.4186, Label: 8, Survival Months: 48.08, Risk: -17.0918
	--> Average Speed: 0.04s per batch
	--> Time from Last Check: 1.34s
--> Batch: 199, Loss: 0.4217, Label: 11, Survival Months: 78.58, Risk: -16.7420
	--> Average Speed: 0.04s per batch
	--> Time from Last Check: 1.36s
--> Batch: 249, Loss: 0.4287, Label: 12, Survival Months: 83.08, Risk: -16.8041
	--> Average Speed: 0.04s per batch
	--> Time from Last Check: 1.42s
--> Batch: 299, Loss: 0.4370, Label: 15, Survival Months: 121.92, Risk: -17.3513
	--> Average Speed: 0.04s per batch
	--> Time from Last Check: 1.40s
--> Batch: 349, Loss: 0.4491, Label: 13, Survival Months: 96.33, Risk: -15.5761
	--> Average Speed: 0.05s per batch
	--> Time from Last Check: 1.45s
--> Batch: 399, Loss: 0.4168, Label: 10, Survival Months: 63.50, Risk: -17.8746
	--> Average Speed: 0.04s per batch
	--> Time from Last Check: 1.42s
--> Batch: 449, Loss: 0.4180, Label: 4, Survival Months: 33.33, Risk: -15.5374
	--> Average Speed: 0.04s per batch
	--> Time from Last Check: 1.42s
--> Batch: 499, Loss: 0.4184, Label: 3, Survival Months: 29.17, Risk: -14.9899
	--> Average Speed: 0.04s per batch
	--> Time from Last Check: 1.40s
--> Batch: 549, Loss: 3.2550, Label: 2, Survival Months: 24.58, Risk: -10.1080
	--> Average Speed: 0.04s per batch
	--> Time from Last Check: 1.40s
--> Batch: 599, Loss: 0.4178, Label: 11, Survival Months: 75.92, Risk: -17.5769
	--> Average Speed: 0.04s per batch
	--> Time from Last Check: 1.28s
--> Batch: 649, Loss: 0.4235, Label: 10, Survival Months: 59.00, Risk: -15.2949
	--> Average Speed: 0.04s per batch
	--> Time from Last Check: 1.25s
--> Batch: 699, Loss: 0.4152, Label: 8, Survival Months: 51.17, Risk: -17.6607
	--> Average Speed: 0.04s per batch
	--> Time from Last Check: 1.25s
--> Batch: 749, Loss: 0.4168, Label: 6, Survival Months: 41.58, Risk: -15.3478
	--> Average Speed: 0.04s per batch
	--> Time from Last Check: 1.26s
--> Batch: 799, Loss: 0.4322, Label: 6, Survival Months: 39.83, Risk: -11.1334
	--> Average Speed: 0.04s per batch
	--> Time from Last Check: 1.26s
[11/01/2025 - 00:38:59] - Epoch: 21, lr: 0.00001216, training_loss: 0.6792, training_c_index: 0.9038
[11/01/2025 - 00:39:02] - Epoch: 21, validation_loss: 0.9878, validation_c_index: 0.4904
--> No improvement in validation_loss or validation_c_index for 6 epoch(s)
--> Current BEST Score: 0.4698
	--> validation_loss: 0.9777
	--> best validation_c_index: 0.5676
[11/01/2025 - 00:39:02] - Time elapsed for epoch 21: 26s
[11/01/2025 - 00:39:02] - Epoch: 22
--> Batch: 49, Loss: 0.4138, Label: 6, Survival Months: 38.42, Risk: -17.4469
	--> Average Speed: 0.08s per batch
	--> Time from Last Check: 2.50s
--> Batch: 99, Loss: 0.4177, Label: 5, Survival Months: 36.25, Risk: -13.3073
	--> Average Speed: 0.06s per batch
	--> Time from Last Check: 2.01s
--> Batch: 149, Loss: 2.4414, Label: 15, Survival Months: 139.42, Risk: -15.2981
	--> Average Speed: 0.06s per batch
	--> Time from Last Check: 1.85s
--> Batch: 199, Loss: 0.4133, Label: 4, Survival Months: 31.75, Risk: -16.4602
	--> Average Speed: 0.06s per batch
	--> Time from Last Check: 1.76s
--> Batch: 249, Loss: 0.4336, Label: 13, Survival Months: 93.25, Risk: -15.8869
	--> Average Speed: 0.05s per batch
	--> Time from Last Check: 1.60s
--> Batch: 299, Loss: 0.4119, Label: 7, Survival Months: 47.08, Risk: -17.5640
	--> Average Speed: 0.05s per batch
	--> Time from Last Check: 1.60s
--> Batch: 349, Loss: 0.4566, Label: 15, Survival Months: 121.92, Risk: -15.8048
	--> Average Speed: 0.05s per batch
	--> Time from Last Check: 1.61s
--> Batch: 399, Loss: 0.4976, Label: 18, Survival Months: 216.33, Risk: -17.3855
	--> Average Speed: 0.05s per batch
	--> Time from Last Check: 1.60s
--> Batch: 449, Loss: 0.4120, Label: 3, Survival Months: 30.25, Risk: -16.4500
	--> Average Speed: 0.05s per batch
	--> Time from Last Check: 1.61s
--> Batch: 499, Loss: 2.2526, Label: 12, Survival Months: 82.58, Risk: -10.8695
	--> Average Speed: 0.05s per batch
	--> Time from Last Check: 1.60s
--> Batch: 549, Loss: 0.4506, Label: 17, Survival Months: 197.58, Risk: -17.4298
	--> Average Speed: 0.05s per batch
	--> Time from Last Check: 1.61s
--> Batch: 599, Loss: 0.4108, Label: 7, Survival Months: 43.00, Risk: -17.5843
	--> Average Speed: 0.05s per batch
	--> Time from Last Check: 1.49s
--> Batch: 649, Loss: 1.2211, Label: 19, Survival Months: 289.33, Risk: -18.0137
	--> Average Speed: 0.05s per batch
	--> Time from Last Check: 1.60s
--> Batch: 699, Loss: 3.6683, Label: 13, Survival Months: 92.00, Risk: -15.0279
	--> Average Speed: 0.05s per batch
	--> Time from Last Check: 1.60s
--> Batch: 749, Loss: 0.4149, Label: 14, Survival Months: 118.50, Risk: -18.0134
	--> Average Speed: 0.05s per batch
	--> Time from Last Check: 1.44s
--> Batch: 799, Loss: 0.4103, Label: 6, Survival Months: 40.17, Risk: -17.8536
	--> Average Speed: 0.04s per batch
	--> Time from Last Check: 1.24s
[11/01/2025 - 00:39:29] - Epoch: 22, lr: 0.00001094, training_loss: 0.6699, training_c_index: 0.9233
[11/01/2025 - 00:39:32] - Epoch: 22, validation_loss: 0.9858, validation_c_index: 0.5485
--> No improvement in validation_loss or validation_c_index for 7 epoch(s)
--> Current BEST Score: 0.4698
	--> validation_loss: 0.9777
	--> best validation_c_index: 0.5676
--> Early stopping triggered after 7 epochs without improvement
[11/01/2025 - 00:39:32] - Restoring best model from epoch 15
--> Model discarded due to low validation C-Index.

################# [11/01/2025 - 00:39:32] - Training completed #################

################# [11/01/2025 - 00:39:32] - Validation started #################
[11/01/2025 - 00:39:35] - Testing, testing_loss: 0.9777, testing_c_index: 0.5676
[11/01/2025 - 00:39:35] - Time elapsed for Validation: 3s

################ [11/01/2025 - 00:39:35] - Validation completed ################

################## [11/01/2025 - 00:39:37] - MCAT terminated ###################
