Environment conda activated
Job 2503943 started

#################### [07/01/2025 - 04:11:25] - MCAT started ####################
HOSTNAME: germano

WANDB: setting up for report

CUDA: available
--> Device count: 1
--> Using device: NVIDIA GeForce RTX 2080 Ti
--> Running on CUDA

DATASET: Loading data
--> Remaining samples after removing incomplete: 1039
--> Class intervals: [
	0: [0.00 - 2.57]
	1: [2.57 - 17.70]
	2: [17.70 - 26.37]
	3: [26.37 - 31.25]
	4: [31.25 - 34.71]
	5: [34.71 - 38.03]
	6: [38.03 - 42.94]
	7: [42.94 - 47.45]
	8: [47.45 - 51.69]
	9: [51.69 - 58.17]
	10: [58.17 - 67.10]
	11: [67.10 - 79.80]
	12: [79.80 - 88.56]
	13: [88.56 - 102.25]
	14: [102.25 - 120.62]
	15: [120.62 - 141.88]
	16: [141.88 - 174.40]
	17: [174.40 - 205.88]
	18: [205.88 - 263.29]
	19: [263.29 - 593.83]
    ]
--> Standardizing RNA-seq data
--> Standardizing Methylation Islands beta values
--> Gene Expression Signatures size: [19938]
--> Methylation Signatures size: [4522]
--> Using 80% training, 20% validation
--> Training Set: [831], Validation Set: [208]

MODEL: MCAT
--> Trainable parameters of MCAT: 9362966
--> Loss function: CrossEntropySurvivalLoss
--> Optimizer: adam

################## [07/01/2025 - 04:11:54] - Training started ##################
[07/01/2025 - 04:11:54] - Epoch: 1
--> Batch: 49, Loss: 1.8954, Label: 4, Survival Months: 32.08, Risk: -1.0335
	--> Average Speed: 0.08s per batch
	--> Time from Last Check: 2.49s
--> Batch: 99, Loss: 1.9745, Label: 5, Survival Months: 36.67, Risk: -1.0897
	--> Average Speed: 0.06s per batch
	--> Time from Last Check: 2.02s
--> Batch: 149, Loss: 3.7059, Label: 19, Survival Months: 559.92, Risk: -1.2190
	--> Average Speed: 0.06s per batch
	--> Time from Last Check: 1.97s
--> Batch: 199, Loss: 9.8899, Label: 17, Survival Months: 197.75, Risk: -1.2895
	--> Average Speed: 0.06s per batch
	--> Time from Last Check: 1.93s
--> Batch: 249, Loss: 1.8136, Label: 6, Survival Months: 40.17, Risk: -1.5147
	--> Average Speed: 0.06s per batch
	--> Time from Last Check: 1.90s
--> Batch: 299, Loss: 2.5373, Label: 14, Survival Months: 112.58, Risk: -1.8006
	--> Average Speed: 0.07s per batch
	--> Time from Last Check: 2.36s
--> Batch: 349, Loss: 1.4400, Label: 5, Survival Months: 34.75, Risk: -2.7196
	--> Average Speed: 0.06s per batch
	--> Time from Last Check: 1.97s
--> Batch: 399, Loss: 1.8018, Label: 14, Survival Months: 113.58, Risk: -4.4372
	--> Average Speed: 0.06s per batch
	--> Time from Last Check: 1.98s
--> Batch: 449, Loss: 1.1006, Label: 3, Survival Months: 29.83, Risk: -8.4904
	--> Average Speed: 0.06s per batch
	--> Time from Last Check: 2.01s
--> Batch: 499, Loss: 1.1205, Label: 13, Survival Months: 88.67, Risk: -13.7515
	--> Average Speed: 0.06s per batch
	--> Time from Last Check: 1.96s
--> Batch: 549, Loss: 1.0289, Label: 6, Survival Months: 39.08, Risk: -14.9366
	--> Average Speed: 0.06s per batch
	--> Time from Last Check: 1.93s
--> Batch: 599, Loss: 1.1715, Label: 17, Survival Months: 178.50, Risk: -15.1347
	--> Average Speed: 0.06s per batch
	--> Time from Last Check: 1.97s
--> Batch: 649, Loss: 5.3383, Label: 9, Survival Months: 53.25, Risk: -16.8845
	--> Average Speed: 0.06s per batch
	--> Time from Last Check: 2.00s
--> Batch: 699, Loss: 0.9987, Label: 7, Survival Months: 43.00, Risk: -14.5838
	--> Average Speed: 0.06s per batch
	--> Time from Last Check: 1.98s
--> Batch: 749, Loss: 0.9684, Label: 3, Survival Months: 29.00, Risk: -15.0613
	--> Average Speed: 0.06s per batch
	--> Time from Last Check: 1.98s
--> Batch: 799, Loss: 0.9743, Label: 12, Survival Months: 88.25, Risk: -16.2786
	--> Average Speed: 0.06s per batch
	--> Time from Last Check: 1.97s
[07/01/2025 - 04:12:27] - Epoch: 1, lr: 0.00010000, train_loss: 2.1001, train_c_index: 0.5401
[07/01/2025 - 04:12:30] - Epoch: 1, val_loss: 1.2882, val_c_index: 0.5939
[07/01/2025 - 04:12:30] - Time elapsed for epoch 1: 36s
[07/01/2025 - 04:12:30] - Epoch: 2
--> Batch: 49, Loss: 0.9425, Label: 3, Survival Months: 31.25, Risk: -13.2962
	--> Average Speed: 0.07s per batch
	--> Time from Last Check: 2.11s
--> Batch: 99, Loss: 0.9080, Label: 0, Survival Months: 0.83, Risk: -15.3940
	--> Average Speed: 0.06s per batch
	--> Time from Last Check: 1.97s
--> Batch: 149, Loss: 4.8116, Label: 4, Survival Months: 32.08, Risk: -12.5091
	--> Average Speed: 0.06s per batch
	--> Time from Last Check: 2.02s
--> Batch: 199, Loss: 0.9170, Label: 3, Survival Months: 29.00, Risk: -13.1513
	--> Average Speed: 0.06s per batch
	--> Time from Last Check: 1.98s
--> Batch: 249, Loss: 0.9237, Label: 6, Survival Months: 41.83, Risk: -12.1906
	--> Average Speed: 0.06s per batch
	--> Time from Last Check: 2.02s
--> Batch: 299, Loss: 0.9918, Label: 17, Survival Months: 188.58, Risk: -15.0637
	--> Average Speed: 0.06s per batch
	--> Time from Last Check: 1.96s
--> Batch: 349, Loss: 0.9473, Label: 12, Survival Months: 83.67, Risk: -13.3263
	--> Average Speed: 0.06s per batch
	--> Time from Last Check: 2.00s
--> Batch: 399, Loss: 0.9371, Label: 13, Survival Months: 97.08, Risk: -13.8387
	--> Average Speed: 0.06s per batch
	--> Time from Last Check: 2.01s
--> Batch: 449, Loss: 0.8551, Label: 1, Survival Months: 6.67, Risk: -11.5348
	--> Average Speed: 0.06s per batch
	--> Time from Last Check: 2.00s
--> Batch: 499, Loss: 0.8737, Label: 12, Survival Months: 86.17, Risk: -15.5720
	--> Average Speed: 0.06s per batch
	--> Time from Last Check: 1.98s
--> Batch: 549, Loss: 0.8295, Label: 4, Survival Months: 32.25, Risk: -15.6926
	--> Average Speed: 0.06s per batch
	--> Time from Last Check: 1.90s
--> Batch: 599, Loss: 2.9275, Label: 17, Survival Months: 196.75, Risk: -11.6178
	--> Average Speed: 0.06s per batch
	--> Time from Last Check: 2.00s
--> Batch: 649, Loss: 2.3312, Label: 18, Survival Months: 212.58, Risk: -15.1953
	--> Average Speed: 0.06s per batch
	--> Time from Last Check: 2.02s
--> Batch: 699, Loss: 0.8557, Label: 11, Survival Months: 68.50, Risk: -13.9011
	--> Average Speed: 0.06s per batch
	--> Time from Last Check: 1.97s
--> Batch: 749, Loss: 0.8172, Label: 9, Survival Months: 52.75, Risk: -14.8450
	--> Average Speed: 0.06s per batch
	--> Time from Last Check: 1.97s
--> Batch: 799, Loss: 0.8529, Label: 10, Survival Months: 60.58, Risk: -12.6946
	--> Average Speed: 0.06s per batch
	--> Time from Last Check: 2.00s
[07/01/2025 - 04:13:03] - Epoch: 2, lr: 0.00009900, train_loss: 1.2505, train_c_index: 0.5303
[07/01/2025 - 04:13:05] - Epoch: 2, val_loss: 1.1333, val_c_index: 0.5304
[07/01/2025 - 04:13:05] - Time elapsed for epoch 2: 35s
[07/01/2025 - 04:13:05] - Epoch: 3
--> Batch: 49, Loss: 0.7795, Label: 7, Survival Months: 44.17, Risk: -15.6227
	--> Average Speed: 0.07s per batch
	--> Time from Last Check: 2.17s
--> Batch: 99, Loss: 0.8587, Label: 17, Survival Months: 187.92, Risk: -16.2417
	--> Average Speed: 0.06s per batch
	--> Time from Last Check: 2.02s
--> Batch: 149, Loss: 0.8795, Label: 17, Survival Months: 183.08, Risk: -15.4054
	--> Average Speed: 0.06s per batch
	--> Time from Last Check: 1.96s
--> Batch: 199, Loss: 0.7715, Label: 4, Survival Months: 31.75, Risk: -13.0588
	--> Average Speed: 0.07s per batch
	--> Time from Last Check: 2.08s
--> Batch: 249, Loss: 0.7665, Label: 10, Survival Months: 60.58, Risk: -15.5720
	--> Average Speed: 0.06s per batch
	--> Time from Last Check: 1.99s
--> Batch: 299, Loss: 0.8319, Label: 12, Survival Months: 86.83, Risk: -12.8797
	--> Average Speed: 0.06s per batch
	--> Time from Last Check: 2.00s
--> Batch: 349, Loss: 0.7778, Label: 12, Survival Months: 84.58, Risk: -15.0396
	--> Average Speed: 0.06s per batch
	--> Time from Last Check: 2.00s
--> Batch: 399, Loss: 0.7932, Label: 13, Survival Months: 94.33, Risk: -14.1887
	--> Average Speed: 0.06s per batch
	--> Time from Last Check: 1.99s
--> Batch: 449, Loss: 0.9194, Label: 18, Survival Months: 210.08, Risk: -14.7314
	--> Average Speed: 0.06s per batch
	--> Time from Last Check: 2.00s
--> Batch: 499, Loss: 1.0719, Label: 19, Survival Months: 275.58, Risk: -15.2971
	--> Average Speed: 0.06s per batch
	--> Time from Last Check: 1.92s
--> Batch: 549, Loss: 3.0289, Label: 14, Survival Months: 119.92, Risk: -11.7028
	--> Average Speed: 0.06s per batch
	--> Time from Last Check: 1.97s
--> Batch: 599, Loss: 0.7267, Label: 9, Survival Months: 52.17, Risk: -14.4175
	--> Average Speed: 0.06s per batch
	--> Time from Last Check: 2.01s
--> Batch: 649, Loss: 0.6850, Label: 2, Survival Months: 18.08, Risk: -15.4923
	--> Average Speed: 0.06s per batch
	--> Time from Last Check: 1.87s
--> Batch: 699, Loss: 0.7831, Label: 11, Survival Months: 74.58, Risk: -11.8158
	--> Average Speed: 0.06s per batch
	--> Time from Last Check: 1.98s
--> Batch: 749, Loss: 0.7277, Label: 13, Survival Months: 97.08, Risk: -15.0521
	--> Average Speed: 0.06s per batch
	--> Time from Last Check: 1.94s
--> Batch: 799, Loss: 0.6870, Label: 2, Survival Months: 23.92, Risk: -12.3019
	--> Average Speed: 0.06s per batch
	--> Time from Last Check: 1.98s
[07/01/2025 - 04:13:38] - Epoch: 3, lr: 0.00009801, train_loss: 1.1185, train_c_index: 0.5156
[07/01/2025 - 04:13:40] - Epoch: 3, val_loss: 1.0235, val_c_index: 0.6065
[07/01/2025 - 04:13:40] - Time elapsed for epoch 3: 35s
[07/01/2025 - 04:13:40] - Epoch: 4
--> Batch: 49, Loss: 0.6951, Label: 8, Survival Months: 51.50, Risk: -13.7774
	--> Average Speed: 0.07s per batch
	--> Time from Last Check: 2.18s
--> Batch: 99, Loss: 0.6567, Label: 5, Survival Months: 36.67, Risk: -15.6165
	--> Average Speed: 0.06s per batch
	--> Time from Last Check: 1.96s
--> Batch: 149, Loss: 0.6785, Label: 5, Survival Months: 34.83, Risk: -11.8692
	--> Average Speed: 0.07s per batch
	--> Time from Last Check: 2.12s
--> Batch: 199, Loss: 0.7547, Label: 15, Survival Months: 123.75, Risk: -14.2150
	--> Average Speed: 0.06s per batch
	--> Time from Last Check: 2.02s
--> Batch: 249, Loss: 2.3208, Label: 18, Survival Months: 210.00, Risk: -15.3006
	--> Average Speed: 0.06s per batch
	--> Time from Last Check: 2.02s
--> Batch: 299, Loss: 0.9723, Label: 15, Survival Months: 126.58, Risk: -8.8763
	--> Average Speed: 0.06s per batch
	--> Time from Last Check: 1.95s
--> Batch: 349, Loss: 0.9652, Label: 16, Survival Months: 144.17, Risk: -9.4565
	--> Average Speed: 0.06s per batch
	--> Time from Last Check: 2.02s
--> Batch: 399, Loss: 5.5267, Label: 9, Survival Months: 53.25, Risk: -15.9269
	--> Average Speed: 0.06s per batch
	--> Time from Last Check: 2.02s
--> Batch: 449, Loss: 2.7308, Label: 17, Survival Months: 174.75, Risk: -16.3092
	--> Average Speed: 0.06s per batch
	--> Time from Last Check: 2.03s
--> Batch: 499, Loss: 0.6076, Label: 4, Survival Months: 31.33, Risk: -16.5664
	--> Average Speed: 0.06s per batch
	--> Time from Last Check: 1.91s
--> Batch: 549, Loss: 3.4776, Label: 7, Survival Months: 46.50, Risk: -12.7454
	--> Average Speed: 0.06s per batch
	--> Time from Last Check: 2.00s
--> Batch: 599, Loss: 0.6268, Label: 9, Survival Months: 55.17, Risk: -14.9896
	--> Average Speed: 0.06s per batch
	--> Time from Last Check: 2.01s
--> Batch: 649, Loss: 0.6265, Label: 12, Survival Months: 80.42, Risk: -15.9801
	--> Average Speed: 0.06s per batch
	--> Time from Last Check: 1.98s
--> Batch: 699, Loss: 0.6572, Label: 12, Survival Months: 81.25, Risk: -14.0251
	--> Average Speed: 0.06s per batch
	--> Time from Last Check: 2.03s
--> Batch: 749, Loss: 0.5851, Label: 1, Survival Months: 4.33, Risk: -15.1077
	--> Average Speed: 0.06s per batch
	--> Time from Last Check: 1.95s
--> Batch: 799, Loss: 0.5837, Label: 2, Survival Months: 26.08, Risk: -14.9568
	--> Average Speed: 0.06s per batch
	--> Time from Last Check: 1.96s
[07/01/2025 - 04:14:14] - Epoch: 4, lr: 0.00009703, train_loss: 1.0079, train_c_index: 0.6183
[07/01/2025 - 04:14:16] - Epoch: 4, val_loss: 0.9769, val_c_index: 0.5210
[07/01/2025 - 04:14:16] - Time elapsed for epoch 4: 36s
[07/01/2025 - 04:14:16] - Epoch: 5
--> Batch: 49, Loss: 0.5667, Label: 0, Survival Months: 1.58, Risk: -14.4566
	--> Average Speed: 0.07s per batch
	--> Time from Last Check: 2.30s
--> Batch: 99, Loss: 0.5604, Label: 0, Survival Months: 0.83, Risk: -15.7146
	--> Average Speed: 0.06s per batch
	--> Time from Last Check: 2.00s
--> Batch: 149, Loss: 0.5555, Label: 0, Survival Months: 0.83, Risk: -15.4878
	--> Average Speed: 0.06s per batch
	--> Time from Last Check: 2.03s
--> Batch: 199, Loss: 0.5609, Label: 2, Survival Months: 22.75, Risk: -14.5676
	--> Average Speed: 0.06s per batch
	--> Time from Last Check: 2.00s
--> Batch: 249, Loss: 0.5657, Label: 8, Survival Months: 49.50, Risk: -15.6421
	--> Average Speed: 0.06s per batch
	--> Time from Last Check: 1.98s
--> Batch: 299, Loss: 4.9163, Label: 9, Survival Months: 53.25, Risk: -14.9364
	--> Average Speed: 0.06s per batch
	--> Time from Last Check: 2.00s
--> Batch: 349, Loss: 2.6486, Label: 2, Survival Months: 19.92, Risk: -7.0522
	--> Average Speed: 0.06s per batch
	--> Time from Last Check: 1.92s
--> Batch: 399, Loss: 0.5756, Label: 8, Survival Months: 50.92, Risk: -13.7061
	--> Average Speed: 0.06s per batch
	--> Time from Last Check: 1.99s
--> Batch: 449, Loss: 0.5267, Label: 0, Survival Months: 0.83, Risk: -16.9670
	--> Average Speed: 0.06s per batch
	--> Time from Last Check: 1.95s
--> Batch: 499, Loss: 0.5849, Label: 14, Survival Months: 104.25, Risk: -15.8327
	--> Average Speed: 0.06s per batch
	--> Time from Last Check: 1.89s
--> Batch: 549, Loss: 0.6431, Label: 17, Survival Months: 197.67, Risk: -15.7992
	--> Average Speed: 0.06s per batch
	--> Time from Last Check: 1.94s
--> Batch: 599, Loss: 0.5307, Label: 6, Survival Months: 38.58, Risk: -15.1825
	--> Average Speed: 0.06s per batch
	--> Time from Last Check: 2.02s
--> Batch: 649, Loss: 0.5643, Label: 10, Survival Months: 64.75, Risk: -13.9795
	--> Average Speed: 0.06s per batch
	--> Time from Last Check: 1.95s
--> Batch: 699, Loss: 0.5963, Label: 15, Survival Months: 138.75, Risk: -15.5268
	--> Average Speed: 0.06s per batch
	--> Time from Last Check: 2.02s
--> Batch: 749, Loss: 0.5565, Label: 14, Survival Months: 107.33, Risk: -16.2058
	--> Average Speed: 0.06s per batch
	--> Time from Last Check: 1.99s
--> Batch: 799, Loss: 0.5128, Label: 1, Survival Months: 4.50, Risk: -13.9373
	--> Average Speed: 0.06s per batch
	--> Time from Last Check: 2.04s
[07/01/2025 - 04:14:50] - Epoch: 5, lr: 0.00009606, train_loss: 0.9225, train_c_index: 0.6324
[07/01/2025 - 04:14:52] - Epoch: 5, val_loss: 0.9321, val_c_index: 0.5925
[07/01/2025 - 04:14:52] - Time elapsed for epoch 5: 36s
[07/01/2025 - 04:14:52] - Epoch: 6
--> Batch: 49, Loss: 0.6830, Label: 16, Survival Months: 172.67, Risk: -12.7799
	--> Average Speed: 0.07s per batch
	--> Time from Last Check: 2.20s
--> Batch: 99, Loss: 0.5165, Label: 9, Survival Months: 53.58, Risk: -15.7431
	--> Average Speed: 0.06s per batch
	--> Time from Last Check: 2.02s
--> Batch: 149, Loss: 0.5149, Label: 10, Survival Months: 61.67, Risk: -15.9712
	--> Average Speed: 0.06s per batch
	--> Time from Last Check: 2.02s
--> Batch: 199, Loss: 0.5167, Label: 11, Survival Months: 67.33, Risk: -15.7791
	--> Average Speed: 0.06s per batch
	--> Time from Last Check: 1.97s
--> Batch: 249, Loss: 0.5256, Label: 16, Survival Months: 143.25, Risk: -17.2599
	--> Average Speed: 0.06s per batch
	--> Time from Last Check: 1.98s
--> Batch: 299, Loss: 0.4790, Label: 1, Survival Months: 9.83, Risk: -17.0203
	--> Average Speed: 0.06s per batch
	--> Time from Last Check: 1.97s
--> Batch: 349, Loss: 0.5221, Label: 6, Survival Months: 41.25, Risk: -11.6112
	--> Average Speed: 0.06s per batch
	--> Time from Last Check: 2.01s
--> Batch: 399, Loss: 0.5015, Label: 9, Survival Months: 52.58, Risk: -15.2941
	--> Average Speed: 0.06s per batch
	--> Time from Last Check: 1.98s
--> Batch: 449, Loss: 3.4645, Label: 15, Survival Months: 140.67, Risk: -15.6574
	--> Average Speed: 0.06s per batch
	--> Time from Last Check: 1.98s
--> Batch: 499, Loss: 2.3352, Label: 1, Survival Months: 14.33, Risk: -5.6251
	--> Average Speed: 0.06s per batch
	--> Time from Last Check: 1.86s
--> Batch: 549, Loss: 0.4734, Label: 3, Survival Months: 28.92, Risk: -15.3731
	--> Average Speed: 0.06s per batch
	--> Time from Last Check: 1.94s
--> Batch: 599, Loss: 0.8265, Label: 19, Survival Months: 438.42, Risk: -16.8412
	--> Average Speed: 0.06s per batch
	--> Time from Last Check: 1.95s
--> Batch: 649, Loss: 0.5905, Label: 14, Survival Months: 106.42, Risk: -12.8867
	--> Average Speed: 0.06s per batch
	--> Time from Last Check: 1.98s
--> Batch: 699, Loss: 0.4914, Label: 14, Survival Months: 103.00, Risk: -16.6690
	--> Average Speed: 0.06s per batch
	--> Time from Last Check: 2.01s
--> Batch: 749, Loss: 1.7579, Label: 19, Survival Months: 355.58, Risk: -16.6033
	--> Average Speed: 0.06s per batch
	--> Time from Last Check: 2.01s
--> Batch: 799, Loss: 3.6216, Label: 10, Survival Months: 66.00, Risk: -14.9593
	--> Average Speed: 0.06s per batch
	--> Time from Last Check: 2.01s
[07/01/2025 - 04:15:25] - Epoch: 6, lr: 0.00009510, train_loss: 0.8351, train_c_index: 0.7790
[07/01/2025 - 04:15:27] - Epoch: 6, val_loss: 0.9064, val_c_index: 0.6159
[07/01/2025 - 04:15:27] - Time elapsed for epoch 6: 36s
[07/01/2025 - 04:15:27] - Epoch: 7
--> Batch: 49, Loss: 0.4881, Label: 10, Survival Months: 65.92, Risk: -14.2932
	--> Average Speed: 0.07s per batch
	--> Time from Last Check: 2.17s
--> Batch: 99, Loss: 0.4666, Label: 12, Survival Months: 83.08, Risk: -16.5634
	--> Average Speed: 0.06s per batch
	--> Time from Last Check: 1.93s
--> Batch: 149, Loss: 0.4767, Label: 10, Survival Months: 60.58, Risk: -14.8663
	--> Average Speed: 0.06s per batch
	--> Time from Last Check: 1.99s
--> Batch: 199, Loss: 0.4426, Label: 3, Survival Months: 30.25, Risk: -15.9208
	--> Average Speed: 0.06s per batch
	--> Time from Last Check: 2.02s
--> Batch: 249, Loss: 0.4356, Label: 4, Survival Months: 34.67, Risk: -16.7808
	--> Average Speed: 0.06s per batch
	--> Time from Last Check: 2.02s
--> Batch: 299, Loss: 0.5627, Label: 18, Survival Months: 217.67, Risk: -17.4322
	--> Average Speed: 0.06s per batch
	--> Time from Last Check: 1.99s
--> Batch: 349, Loss: 0.4380, Label: 1, Survival Months: 7.50, Risk: -13.4270
	--> Average Speed: 0.06s per batch
	--> Time from Last Check: 2.01s
--> Batch: 399, Loss: 0.4466, Label: 7, Survival Months: 47.08, Risk: -14.7663
	--> Average Speed: 0.06s per batch
	--> Time from Last Check: 2.01s
--> Batch: 449, Loss: 0.4446, Label: 1, Survival Months: 5.33, Risk: -10.9351
	--> Average Speed: 0.06s per batch
	--> Time from Last Check: 1.98s
--> Batch: 499, Loss: 0.4524, Label: 3, Survival Months: 28.00, Risk: -12.6884
	--> Average Speed: 0.06s per batch
	--> Time from Last Check: 1.92s
--> Batch: 549, Loss: 0.4900, Label: 17, Survival Months: 179.58, Risk: -17.5732
	--> Average Speed: 0.06s per batch
	--> Time from Last Check: 2.00s
--> Batch: 599, Loss: 0.4853, Label: 14, Survival Months: 119.50, Risk: -15.5564
	--> Average Speed: 0.06s per batch
	--> Time from Last Check: 2.03s
--> Batch: 649, Loss: 0.4173, Label: 2, Survival Months: 22.92, Risk: -17.2053
	--> Average Speed: 0.06s per batch
	--> Time from Last Check: 2.00s
--> Batch: 699, Loss: 0.4661, Label: 14, Survival Months: 102.42, Risk: -16.2228
	--> Average Speed: 0.06s per batch
	--> Time from Last Check: 2.02s
--> Batch: 749, Loss: 0.4113, Label: 0, Survival Months: 0.00, Risk: -15.9634
	--> Average Speed: 0.06s per batch
	--> Time from Last Check: 2.01s
--> Batch: 799, Loss: 0.9313, Label: 16, Survival Months: 162.33, Risk: -7.3277
	--> Average Speed: 0.06s per batch
	--> Time from Last Check: 2.07s
[07/01/2025 - 04:16:01] - Epoch: 7, lr: 0.00009415, train_loss: 0.7918, train_c_index: 0.7505
[07/01/2025 - 04:16:03] - Epoch: 7, val_loss: 0.8738, val_c_index: 0.5404
[07/01/2025 - 04:16:03] - Time elapsed for epoch 7: 36s
[07/01/2025 - 04:16:03] - Epoch: 8
--> Batch: 49, Loss: 0.4259, Label: 7, Survival Months: 44.33, Risk: -15.2158
	--> Average Speed: 0.07s per batch
	--> Time from Last Check: 2.17s
--> Batch: 99, Loss: 0.4298, Label: 13, Survival Months: 97.08, Risk: -16.9786
	--> Average Speed: 0.06s per batch
	--> Time from Last Check: 2.00s
--> Batch: 149, Loss: 0.4026, Label: 0, Survival Months: 0.00, Risk: -16.6101
	--> Average Speed: 0.06s per batch
	--> Time from Last Check: 1.95s
--> Batch: 199, Loss: 0.4089, Label: 10, Survival Months: 62.83, Risk: -17.4016
	--> Average Speed: 0.06s per batch
	--> Time from Last Check: 1.95s
--> Batch: 249, Loss: 0.4332, Label: 12, Survival Months: 88.50, Risk: -16.1166
	--> Average Speed: 0.06s per batch
	--> Time from Last Check: 2.01s
--> Batch: 299, Loss: 0.4086, Label: 3, Survival Months: 27.83, Risk: -14.4913
	--> Average Speed: 0.06s per batch
	--> Time from Last Check: 2.01s
--> Batch: 349, Loss: 0.4211, Label: 8, Survival Months: 48.08, Risk: -14.9413
	--> Average Speed: 0.06s per batch
	--> Time from Last Check: 2.02s
--> Batch: 399, Loss: 0.3962, Label: 13, Survival Months: 93.33, Risk: -18.4375
	--> Average Speed: 0.06s per batch
	--> Time from Last Check: 2.02s
--> Batch: 449, Loss: 0.3944, Label: 9, Survival Months: 54.92, Risk: -17.7630
	--> Average Speed: 0.06s per batch
	--> Time from Last Check: 2.04s
--> Batch: 499, Loss: 3.5477, Label: 7, Survival Months: 46.92, Risk: -15.1155
	--> Average Speed: 0.06s per batch
	--> Time from Last Check: 1.97s
--> Batch: 549, Loss: 0.3967, Label: 0, Survival Months: 0.00, Risk: -10.6950
	--> Average Speed: 0.06s per batch
	--> Time from Last Check: 2.00s
--> Batch: 599, Loss: 0.3878, Label: 3, Survival Months: 27.50, Risk: -18.0264
	--> Average Speed: 0.06s per batch
	--> Time from Last Check: 2.02s
--> Batch: 649, Loss: 0.3998, Label: 9, Survival Months: 56.42, Risk: -16.4836
	--> Average Speed: 0.06s per batch
	--> Time from Last Check: 1.83s
--> Batch: 699, Loss: 0.4357, Label: 11, Survival Months: 75.92, Risk: -14.6545
	--> Average Speed: 0.07s per batch
	--> Time from Last Check: 2.10s
--> Batch: 749, Loss: 0.6171, Label: 18, Survival Months: 251.83, Risk: -15.4499
	--> Average Speed: 0.06s per batch
	--> Time from Last Check: 2.03s
--> Batch: 799, Loss: 3.1999, Label: 11, Survival Months: 67.58, Risk: -4.7267
	--> Average Speed: 0.06s per batch
	--> Time from Last Check: 2.00s
[07/01/2025 - 04:16:37] - Epoch: 8, lr: 0.00009321, train_loss: 0.7482, train_c_index: 0.8203
[07/01/2025 - 04:16:39] - Epoch: 8, val_loss: 0.8525, val_c_index: 0.5097
[07/01/2025 - 04:16:39] - Time elapsed for epoch 8: 36s
[07/01/2025 - 04:16:39] - Epoch: 9
--> Batch: 49, Loss: 2.9392, Label: 16, Survival Months: 166.08, Risk: -12.3363
	--> Average Speed: 0.06s per batch
	--> Time from Last Check: 2.01s
--> Batch: 99, Loss: 0.4178, Label: 12, Survival Months: 84.17, Risk: -15.9794
	--> Average Speed: 0.06s per batch
	--> Time from Last Check: 2.00s
--> Batch: 149, Loss: 0.3899, Label: 13, Survival Months: 93.25, Risk: -17.7574
	--> Average Speed: 0.06s per batch
	--> Time from Last Check: 1.99s
--> Batch: 199, Loss: 0.5501, Label: 18, Survival Months: 251.83, Risk: -17.0237
	--> Average Speed: 0.06s per batch
	--> Time from Last Check: 1.96s
--> Batch: 249, Loss: 0.4152, Label: 15, Survival Months: 122.08, Risk: -17.2973
	--> Average Speed: 0.06s per batch
	--> Time from Last Check: 2.00s
--> Batch: 299, Loss: 0.3759, Label: 2, Survival Months: 25.00, Risk: -17.3594
	--> Average Speed: 0.06s per batch
	--> Time from Last Check: 2.00s
--> Batch: 349, Loss: 0.3730, Label: 0, Survival Months: 0.42, Risk: -17.1433
	--> Average Speed: 0.06s per batch
	--> Time from Last Check: 2.00s
--> Batch: 399, Loss: 0.4141, Label: 11, Survival Months: 78.58, Risk: -15.0016
	--> Average Speed: 0.06s per batch
	--> Time from Last Check: 2.00s
--> Batch: 449, Loss: 0.5081, Label: 16, Survival Months: 153.50, Risk: -14.5069
	--> Average Speed: 0.06s per batch
	--> Time from Last Check: 1.94s
--> Batch: 499, Loss: 0.3855, Label: 8, Survival Months: 49.17, Risk: -15.7858
	--> Average Speed: 0.06s per batch
	--> Time from Last Check: 1.87s
--> Batch: 549, Loss: 0.7447, Label: 19, Survival Months: 309.08, Risk: -16.9997
	--> Average Speed: 0.06s per batch
	--> Time from Last Check: 1.99s
--> Batch: 599, Loss: 0.3723, Label: 4, Survival Months: 31.75, Risk: -15.7806
	--> Average Speed: 0.06s per batch
	--> Time from Last Check: 2.05s
--> Batch: 649, Loss: 0.3901, Label: 12, Survival Months: 83.08, Risk: -16.4592
	--> Average Speed: 0.06s per batch
	--> Time from Last Check: 2.08s
--> Batch: 699, Loss: 0.4290, Label: 6, Survival Months: 39.67, Risk: -9.6111
	--> Average Speed: 0.06s per batch
	--> Time from Last Check: 2.01s
--> Batch: 749, Loss: 0.4501, Label: 16, Survival Months: 162.33, Risk: -16.0823
	--> Average Speed: 0.06s per batch
	--> Time from Last Check: 1.99s
--> Batch: 799, Loss: 0.3897, Label: 6, Survival Months: 39.83, Risk: -12.5256
	--> Average Speed: 0.06s per batch
	--> Time from Last Check: 2.02s
[07/01/2025 - 04:17:12] - Epoch: 9, lr: 0.00009227, train_loss: 0.7142, train_c_index: 0.8330
[07/01/2025 - 04:17:14] - Epoch: 9, val_loss: 0.8290, val_c_index: 0.6092
[07/01/2025 - 04:17:14] - Time elapsed for epoch 9: 35s
[07/01/2025 - 04:17:14] - Epoch: 10
--> Batch: 49, Loss: 0.3547, Label: 0, Survival Months: 2.50, Risk: -18.0827
	--> Average Speed: 0.07s per batch
	--> Time from Last Check: 2.21s
--> Batch: 99, Loss: 0.3676, Label: 11, Survival Months: 73.58, Risk: -16.8113
	--> Average Speed: 0.06s per batch
	--> Time from Last Check: 2.01s
--> Batch: 149, Loss: 0.3536, Label: 1, Survival Months: 15.50, Risk: -16.4932
	--> Average Speed: 0.06s per batch
	--> Time from Last Check: 1.98s
--> Batch: 199, Loss: 0.3522, Label: 4, Survival Months: 31.75, Risk: -17.6383
	--> Average Speed: 0.06s per batch
	--> Time from Last Check: 2.00s
--> Batch: 249, Loss: 0.3546, Label: 3, Survival Months: 30.42, Risk: -16.3484
	--> Average Speed: 0.06s per batch
	--> Time from Last Check: 1.95s
--> Batch: 299, Loss: 0.3508, Label: 11, Survival Months: 78.50, Risk: -18.1812
	--> Average Speed: 0.06s per batch
	--> Time from Last Check: 1.95s
--> Batch: 349, Loss: 0.3472, Label: 0, Survival Months: 0.00, Risk: -18.3081
	--> Average Speed: 0.06s per batch
	--> Time from Last Check: 2.00s
--> Batch: 399, Loss: 1.0448, Label: 12, Survival Months: 84.17, Risk: -3.5057
	--> Average Speed: 0.06s per batch
	--> Time from Last Check: 2.03s
--> Batch: 449, Loss: 0.4047, Label: 14, Survival Months: 113.58, Risk: -15.9357
	--> Average Speed: 0.06s per batch
	--> Time from Last Check: 2.02s
--> Batch: 499, Loss: 0.5252, Label: 17, Survival Months: 187.92, Risk: -15.1996
	--> Average Speed: 0.06s per batch
	--> Time from Last Check: 1.97s
--> Batch: 549, Loss: 0.3983, Label: 16, Survival Months: 159.50, Risk: -17.2055
	--> Average Speed: 0.07s per batch
	--> Time from Last Check: 2.10s
--> Batch: 599, Loss: 0.3443, Label: 4, Survival Months: 33.58, Risk: -17.1266
	--> Average Speed: 0.06s per batch
	--> Time from Last Check: 2.02s
--> Batch: 649, Loss: 0.3514, Label: 7, Survival Months: 47.17, Risk: -16.1143
	--> Average Speed: 0.06s per batch
	--> Time from Last Check: 1.82s
--> Batch: 699, Loss: 0.4142, Label: 14, Survival Months: 110.83, Risk: -15.6172
	--> Average Speed: 0.06s per batch
	--> Time from Last Check: 1.95s
--> Batch: 749, Loss: 0.3405, Label: 1, Survival Months: 11.17, Risk: -17.0440
	--> Average Speed: 0.06s per batch
	--> Time from Last Check: 1.79s
--> Batch: 799, Loss: 0.3554, Label: 12, Survival Months: 88.50, Risk: -17.0710
	--> Average Speed: 0.06s per batch
	--> Time from Last Check: 1.92s
[07/01/2025 - 04:17:47] - Epoch: 10, lr: 0.00009135, train_loss: 0.6729, train_c_index: 0.8707
[07/01/2025 - 04:17:50] - Epoch: 10, val_loss: 0.8724, val_c_index: 0.5544
[07/01/2025 - 04:17:50] - Time elapsed for epoch 10: 35s
[07/01/2025 - 04:17:50] - Epoch: 11
--> Batch: 49, Loss: 0.3787, Label: 6, Survival Months: 41.33, Risk: -11.0158
	--> Average Speed: 0.07s per batch
	--> Time from Last Check: 2.24s
--> Batch: 99, Loss: 3.0240, Label: 8, Survival Months: 51.33, Risk: -11.9249
	--> Average Speed: 0.06s per batch
	--> Time from Last Check: 1.86s
--> Batch: 149, Loss: 0.3342, Label: 4, Survival Months: 33.50, Risk: -16.5204
	--> Average Speed: 0.06s per batch
	--> Time from Last Check: 1.85s
--> Batch: 199, Loss: 0.6160, Label: 19, Survival Months: 536.25, Risk: -17.4625
	--> Average Speed: 0.06s per batch
	--> Time from Last Check: 1.82s
--> Batch: 249, Loss: 0.3290, Label: 5, Survival Months: 35.08, Risk: -16.9245
	--> Average Speed: 0.06s per batch
	--> Time from Last Check: 1.92s
--> Batch: 299, Loss: 0.4217, Label: 7, Survival Months: 47.08, Risk: -9.1098
	--> Average Speed: 0.06s per batch
	--> Time from Last Check: 1.86s
--> Batch: 349, Loss: 0.3297, Label: 13, Survival Months: 97.25, Risk: -18.0739
	--> Average Speed: 0.06s per batch
	--> Time from Last Check: 1.82s
--> Batch: 399, Loss: 2.5623, Label: 19, Survival Months: 329.92, Risk: -13.3870
	--> Average Speed: 0.06s per batch
	--> Time from Last Check: 1.89s
--> Batch: 449, Loss: 0.3437, Label: 8, Survival Months: 48.08, Risk: -15.0658
	--> Average Speed: 0.06s per batch
	--> Time from Last Check: 1.88s
--> Batch: 499, Loss: 0.3350, Label: 12, Survival Months: 81.25, Risk: -17.3620
	--> Average Speed: 0.06s per batch
	--> Time from Last Check: 1.79s
--> Batch: 549, Loss: 0.3312, Label: 2, Survival Months: 17.83, Risk: -13.4119
	--> Average Speed: 0.07s per batch
	--> Time from Last Check: 2.28s
--> Batch: 599, Loss: 0.3235, Label: 4, Survival Months: 34.50, Risk: -15.9667
	--> Average Speed: 0.06s per batch
	--> Time from Last Check: 1.90s
--> Batch: 649, Loss: 0.3341, Label: 11, Survival Months: 68.50, Risk: -16.6300
	--> Average Speed: 0.06s per batch
	--> Time from Last Check: 1.89s
--> Batch: 699, Loss: 0.3220, Label: 7, Survival Months: 43.25, Risk: -16.7519
	--> Average Speed: 0.06s per batch
	--> Time from Last Check: 1.86s
--> Batch: 749, Loss: 0.3728, Label: 13, Survival Months: 101.58, Risk: -15.3464
	--> Average Speed: 0.06s per batch
	--> Time from Last Check: 1.88s
--> Batch: 799, Loss: 0.4828, Label: 18, Survival Months: 257.33, Risk: -17.2845
	--> Average Speed: 0.06s per batch
	--> Time from Last Check: 1.86s
[07/01/2025 - 04:18:22] - Epoch: 11, lr: 0.00009044, train_loss: 0.6394, train_c_index: 0.8882
[07/01/2025 - 04:18:24] - Epoch: 11, val_loss: 0.9001, val_c_index: 0.5104
[07/01/2025 - 04:18:24] - Time elapsed for epoch 11: 34s
[07/01/2025 - 04:18:24] - Epoch: 12
--> Batch: 49, Loss: 0.3185, Label: 3, Survival Months: 27.33, Risk: -17.8517
	--> Average Speed: 0.06s per batch
	--> Time from Last Check: 2.04s
--> Batch: 99, Loss: 0.3240, Label: 13, Survival Months: 99.67, Risk: -18.1770
	--> Average Speed: 0.06s per batch
	--> Time from Last Check: 1.93s
--> Batch: 149, Loss: 0.3164, Label: 1, Survival Months: 9.83, Risk: -16.9921
	--> Average Speed: 0.06s per batch
	--> Time from Last Check: 1.91s
--> Batch: 199, Loss: 0.4122, Label: 15, Survival Months: 135.00, Risk: -15.4343
	--> Average Speed: 0.06s per batch
	--> Time from Last Check: 1.88s
--> Batch: 249, Loss: 0.3157, Label: 4, Survival Months: 33.75, Risk: -16.7413
	--> Average Speed: 0.05s per batch
	--> Time from Last Check: 1.76s
--> Batch: 299, Loss: 0.3263, Label: 12, Survival Months: 83.67, Risk: -17.4539
	--> Average Speed: 0.06s per batch
	--> Time from Last Check: 1.82s
--> Batch: 349, Loss: 0.3130, Label: 9, Survival Months: 52.33, Risk: -17.7669
	--> Average Speed: 0.06s per batch
	--> Time from Last Check: 1.87s
--> Batch: 399, Loss: 0.3108, Label: 8, Survival Months: 51.67, Risk: -18.1987
	--> Average Speed: 0.06s per batch
	--> Time from Last Check: 2.00s
--> Batch: 449, Loss: 0.3666, Label: 11, Survival Months: 75.92, Risk: -14.0595
	--> Average Speed: 0.06s per batch
	--> Time from Last Check: 1.83s
--> Batch: 499, Loss: 0.3466, Label: 5, Survival Months: 36.50, Risk: -11.1386
	--> Average Speed: 0.06s per batch
	--> Time from Last Check: 1.96s
--> Batch: 549, Loss: 0.6945, Label: 19, Survival Months: 329.75, Risk: -16.7814
	--> Average Speed: 0.06s per batch
	--> Time from Last Check: 1.92s
--> Batch: 599, Loss: 0.3179, Label: 1, Survival Months: 5.33, Risk: -11.9067
	--> Average Speed: 0.06s per batch
	--> Time from Last Check: 1.81s
--> Batch: 649, Loss: 0.3239, Label: 12, Survival Months: 83.00, Risk: -17.0511
	--> Average Speed: 0.06s per batch
	--> Time from Last Check: 1.76s
--> Batch: 699, Loss: 0.3208, Label: 2, Survival Months: 26.08, Risk: -12.1551
	--> Average Speed: 0.06s per batch
	--> Time from Last Check: 1.77s
--> Batch: 749, Loss: 0.3018, Label: 6, Survival Months: 39.08, Risk: -17.8728
	--> Average Speed: 0.06s per batch
	--> Time from Last Check: 1.77s
--> Batch: 799, Loss: 0.3170, Label: 11, Survival Months: 78.58, Risk: -16.7762
	--> Average Speed: 0.05s per batch
	--> Time from Last Check: 1.75s
[07/01/2025 - 04:18:55] - Epoch: 12, lr: 0.00008953, train_loss: 0.6485, train_c_index: 0.8623
[07/01/2025 - 04:18:58] - Epoch: 12, val_loss: 0.8309, val_c_index: 0.5812
[07/01/2025 - 04:18:58] - Time elapsed for epoch 12: 34s
[07/01/2025 - 04:18:58] - Epoch: 13
--> Batch: 49, Loss: 0.3042, Label: 13, Survival Months: 97.08, Risk: -18.1512
	--> Average Speed: 0.06s per batch
	--> Time from Last Check: 1.99s
--> Batch: 99, Loss: 0.3119, Label: 11, Survival Months: 72.08, Risk: -16.9176
	--> Average Speed: 0.06s per batch
	--> Time from Last Check: 1.96s
--> Batch: 149, Loss: 0.2977, Label: 9, Survival Months: 51.83, Risk: -17.7885
	--> Average Speed: 0.06s per batch
	--> Time from Last Check: 1.99s
--> Batch: 199, Loss: 0.3765, Label: 13, Survival Months: 97.25, Risk: -14.4486
	--> Average Speed: 0.06s per batch
	--> Time from Last Check: 1.99s
--> Batch: 249, Loss: 1.3061, Label: 18, Survival Months: 260.50, Risk: -17.6774
	--> Average Speed: 0.06s per batch
	--> Time from Last Check: 1.97s
--> Batch: 299, Loss: 1.2903, Label: 19, Survival Months: 329.92, Risk: -17.8869
	--> Average Speed: 0.06s per batch
	--> Time from Last Check: 2.03s
--> Batch: 349, Loss: 0.2927, Label: 4, Survival Months: 32.58, Risk: -18.4258
	--> Average Speed: 0.06s per batch
	--> Time from Last Check: 2.02s
--> Batch: 399, Loss: 0.3293, Label: 13, Survival Months: 99.67, Risk: -16.4452
	--> Average Speed: 0.06s per batch
	--> Time from Last Check: 2.01s
--> Batch: 449, Loss: 0.2892, Label: 1, Survival Months: 6.58, Risk: -16.9137
	--> Average Speed: 0.06s per batch
	--> Time from Last Check: 2.00s
--> Batch: 499, Loss: 0.2980, Label: 9, Survival Months: 56.75, Risk: -16.5629
	--> Average Speed: 0.07s per batch
	--> Time from Last Check: 2.16s
--> Batch: 549, Loss: 0.3217, Label: 10, Survival Months: 65.75, Risk: -15.2883
	--> Average Speed: 0.06s per batch
	--> Time from Last Check: 1.97s
--> Batch: 599, Loss: 0.2944, Label: 2, Survival Months: 25.33, Risk: -14.1727
	--> Average Speed: 0.06s per batch
	--> Time from Last Check: 1.92s
--> Batch: 649, Loss: 0.2861, Label: 3, Survival Months: 27.50, Risk: -17.3313
	--> Average Speed: 0.06s per batch
	--> Time from Last Check: 1.97s
--> Batch: 699, Loss: 0.2842, Label: 0, Survival Months: 0.00, Risk: -16.7885
	--> Average Speed: 0.06s per batch
	--> Time from Last Check: 1.97s
--> Batch: 749, Loss: 0.2860, Label: 3, Survival Months: 30.50, Risk: -16.8627
	--> Average Speed: 0.06s per batch
	--> Time from Last Check: 2.03s
--> Batch: 799, Loss: 0.2851, Label: 4, Survival Months: 34.17, Risk: -16.7058
	--> Average Speed: 0.06s per batch
	--> Time from Last Check: 1.92s
[07/01/2025 - 04:19:31] - Epoch: 13, lr: 0.00008864, train_loss: 0.6059, train_c_index: 0.8858
[07/01/2025 - 04:19:33] - Epoch: 13, val_loss: 0.8101, val_c_index: 0.5845
[07/01/2025 - 04:19:33] - Time elapsed for epoch 13: 35s
[07/01/2025 - 04:19:33] - Epoch: 14
--> Batch: 49, Loss: 2.7946, Label: 16, Survival Months: 151.00, Risk: -15.5753
	--> Average Speed: 0.07s per batch
	--> Time from Last Check: 2.15s
--> Batch: 99, Loss: 0.4974, Label: 16, Survival Months: 162.50, Risk: -13.3003
	--> Average Speed: 0.06s per batch
	--> Time from Last Check: 2.03s
--> Batch: 149, Loss: 0.2956, Label: 9, Survival Months: 52.17, Risk: -15.9068
	--> Average Speed: 0.06s per batch
	--> Time from Last Check: 2.02s
--> Batch: 199, Loss: 0.2809, Label: 5, Survival Months: 35.67, Risk: -16.3534
	--> Average Speed: 0.06s per batch
	--> Time from Last Check: 2.00s
--> Batch: 249, Loss: 1.4440, Label: 0, Survival Months: 0.08, Risk: -2.0707
	--> Average Speed: 0.06s per batch
	--> Time from Last Check: 2.01s
--> Batch: 299, Loss: 0.3799, Label: 17, Survival Months: 185.17, Risk: -17.0152
	--> Average Speed: 0.06s per batch
	--> Time from Last Check: 2.02s
--> Batch: 349, Loss: 0.3863, Label: 17, Survival Months: 182.58, Risk: -16.9117
	--> Average Speed: 0.06s per batch
	--> Time from Last Check: 1.94s
--> Batch: 399, Loss: 0.2745, Label: 0, Survival Months: 0.00, Risk: -16.8533
	--> Average Speed: 0.06s per batch
	--> Time from Last Check: 1.99s
--> Batch: 449, Loss: 0.2725, Label: 6, Survival Months: 41.58, Risk: -17.7108
	--> Average Speed: 0.06s per batch
	--> Time from Last Check: 2.01s
--> Batch: 499, Loss: 0.2864, Label: 7, Survival Months: 46.92, Risk: -14.5346
	--> Average Speed: 0.06s per batch
	--> Time from Last Check: 2.05s
--> Batch: 549, Loss: 0.4239, Label: 18, Survival Months: 251.42, Risk: -17.9282
	--> Average Speed: 0.06s per batch
	--> Time from Last Check: 2.02s
--> Batch: 599, Loss: 4.0192, Label: 12, Survival Months: 86.17, Risk: -17.0748
	--> Average Speed: 0.06s per batch
	--> Time from Last Check: 2.01s
--> Batch: 649, Loss: 0.3030, Label: 15, Survival Months: 122.08, Risk: -17.5766
	--> Average Speed: 0.06s per batch
	--> Time from Last Check: 2.01s
--> Batch: 699, Loss: 0.2791, Label: 14, Survival Months: 109.83, Risk: -18.0500
	--> Average Speed: 0.06s per batch
	--> Time from Last Check: 2.02s
--> Batch: 749, Loss: 0.5041, Label: 15, Survival Months: 130.75, Risk: -12.4040
	--> Average Speed: 0.06s per batch
	--> Time from Last Check: 1.97s
--> Batch: 799, Loss: 0.5902, Label: 19, Survival Months: 353.25, Risk: -17.8664
	--> Average Speed: 0.06s per batch
	--> Time from Last Check: 2.01s
[07/01/2025 - 04:20:07] - Epoch: 14, lr: 0.00008775, train_loss: 0.5751, train_c_index: 0.9086
[07/01/2025 - 04:20:09] - Epoch: 14, val_loss: 0.8045, val_c_index: 0.5898
[07/01/2025 - 04:20:09] - Time elapsed for epoch 14: 36s
[07/01/2025 - 04:20:09] - Epoch: 15
--> Batch: 49, Loss: 0.2678, Label: 0, Survival Months: 0.00, Risk: -14.2705
	--> Average Speed: 0.07s per batch
	--> Time from Last Check: 2.13s
--> Batch: 99, Loss: 0.5688, Label: 19, Survival Months: 478.25, Risk: -17.8550
	--> Average Speed: 0.06s per batch
	--> Time from Last Check: 1.98s
--> Batch: 149, Loss: 0.2670, Label: 6, Survival Months: 41.83, Risk: -16.8795
	--> Average Speed: 0.06s per batch
	--> Time from Last Check: 1.98s
--> Batch: 199, Loss: 0.2784, Label: 10, Survival Months: 66.00, Risk: -16.5940
	--> Average Speed: 0.06s per batch
	--> Time from Last Check: 2.02s
--> Batch: 249, Loss: 0.2781, Label: 6, Survival Months: 42.58, Risk: -13.4014
	--> Average Speed: 0.06s per batch
	--> Time from Last Check: 1.98s
--> Batch: 299, Loss: 0.2620, Label: 0, Survival Months: 2.50, Risk: -17.9060
	--> Average Speed: 0.06s per batch
	--> Time from Last Check: 2.02s
--> Batch: 349, Loss: 0.3250, Label: 15, Survival Months: 135.00, Risk: -17.1359
	--> Average Speed: 0.06s per batch
	--> Time from Last Check: 2.01s
--> Batch: 399, Loss: 0.2650, Label: 5, Survival Months: 35.33, Risk: -15.7064
	--> Average Speed: 0.07s per batch
	--> Time from Last Check: 2.10s
--> Batch: 449, Loss: 1.6120, Label: 1, Survival Months: 14.33, Risk: -2.3812
	--> Average Speed: 0.06s per batch
	--> Time from Last Check: 2.02s
--> Batch: 499, Loss: 0.2969, Label: 16, Survival Months: 148.58, Risk: -17.8600
	--> Average Speed: 0.06s per batch
	--> Time from Last Check: 1.99s
--> Batch: 549, Loss: 0.2578, Label: 7, Survival Months: 44.83, Risk: -17.6567
	--> Average Speed: 0.06s per batch
	--> Time from Last Check: 2.00s
--> Batch: 599, Loss: 0.2602, Label: 14, Survival Months: 106.42, Risk: -18.5000
	--> Average Speed: 0.06s per batch
	--> Time from Last Check: 2.02s
--> Batch: 649, Loss: 0.2676, Label: 0, Survival Months: 0.42, Risk: -8.4500
	--> Average Speed: 0.06s per batch
	--> Time from Last Check: 1.99s
--> Batch: 699, Loss: 0.2849, Label: 11, Survival Months: 77.58, Risk: -15.9011
	--> Average Speed: 0.06s per batch
	--> Time from Last Check: 2.04s
--> Batch: 749, Loss: 2.8453, Label: 13, Survival Months: 95.17, Risk: -7.7415
	--> Average Speed: 0.06s per batch
	--> Time from Last Check: 2.06s
--> Batch: 799, Loss: 0.2625, Label: 6, Survival Months: 41.25, Risk: -16.7767
	--> Average Speed: 0.06s per batch
	--> Time from Last Check: 2.00s
[07/01/2025 - 04:20:43] - Epoch: 15, lr: 0.00008687, train_loss: 0.5629, train_c_index: 0.9072
[07/01/2025 - 04:20:45] - Epoch: 15, val_loss: 0.8246, val_c_index: 0.5184
[07/01/2025 - 04:20:45] - Time elapsed for epoch 15: 36s
[07/01/2025 - 04:20:45] - Epoch: 16
--> Batch: 49, Loss: 0.4712, Label: 17, Survival Months: 185.17, Risk: -15.3382
	--> Average Speed: 0.07s per batch
	--> Time from Last Check: 2.13s
--> Batch: 99, Loss: 0.2819, Label: 9, Survival Months: 53.58, Risk: -14.5462
	--> Average Speed: 0.06s per batch
	--> Time from Last Check: 2.00s
--> Batch: 149, Loss: 0.2619, Label: 13, Survival Months: 97.08, Risk: -18.0022
	--> Average Speed: 0.06s per batch
	--> Time from Last Check: 2.01s
--> Batch: 199, Loss: 0.2552, Label: 4, Survival Months: 31.33, Risk: -17.8577
	--> Average Speed: 0.06s per batch
	--> Time from Last Check: 2.01s
--> Batch: 249, Loss: 0.3254, Label: 10, Survival Months: 60.58, Risk: -12.8674
	--> Average Speed: 0.06s per batch
	--> Time from Last Check: 1.96s
--> Batch: 299, Loss: 0.2578, Label: 3, Survival Months: 31.25, Risk: -16.3055
	--> Average Speed: 0.06s per batch
	--> Time from Last Check: 2.01s
--> Batch: 349, Loss: 0.2929, Label: 13, Survival Months: 89.92, Risk: -16.1880
	--> Average Speed: 0.06s per batch
	--> Time from Last Check: 2.03s
--> Batch: 399, Loss: 0.3466, Label: 16, Survival Months: 144.17, Risk: -16.4435
	--> Average Speed: 0.06s per batch
	--> Time from Last Check: 1.84s
--> Batch: 449, Loss: 0.2530, Label: 8, Survival Months: 50.67, Risk: -18.1666
	--> Average Speed: 0.06s per batch
	--> Time from Last Check: 1.99s
--> Batch: 499, Loss: 2.1727, Label: 2, Survival Months: 22.17, Risk: -6.1883
	--> Average Speed: 0.06s per batch
	--> Time from Last Check: 2.01s
--> Batch: 549, Loss: 0.2521, Label: 9, Survival Months: 52.17, Risk: -17.6845
	--> Average Speed: 0.06s per batch
	--> Time from Last Check: 1.98s
--> Batch: 599, Loss: 0.2500, Label: 7, Survival Months: 44.33, Risk: -17.3101
	--> Average Speed: 0.06s per batch
	--> Time from Last Check: 1.95s
--> Batch: 649, Loss: 0.2694, Label: 16, Survival Months: 162.50, Risk: -18.1985
	--> Average Speed: 0.06s per batch
	--> Time from Last Check: 1.98s
--> Batch: 699, Loss: 0.2542, Label: 8, Survival Months: 49.67, Risk: -16.2717
	--> Average Speed: 0.06s per batch
	--> Time from Last Check: 2.02s
--> Batch: 749, Loss: 0.2723, Label: 9, Survival Months: 56.75, Risk: -14.1076
	--> Average Speed: 0.06s per batch
	--> Time from Last Check: 1.96s
--> Batch: 799, Loss: 0.2617, Label: 15, Survival Months: 138.50, Risk: -17.8831
	--> Average Speed: 0.06s per batch
	--> Time from Last Check: 1.92s
[07/01/2025 - 04:21:18] - Epoch: 16, lr: 0.00008601, train_loss: 0.5438, train_c_index: 0.9298
[07/01/2025 - 04:21:20] - Epoch: 16, val_loss: 0.8496, val_c_index: 0.5778
[07/01/2025 - 04:21:20] - Time elapsed for epoch 16: 35s
[07/01/2025 - 04:21:20] - Epoch: 17
--> Batch: 49, Loss: 0.2468, Label: 14, Survival Months: 109.17, Risk: -18.3181
	--> Average Speed: 0.07s per batch
	--> Time from Last Check: 2.25s
--> Batch: 99, Loss: 0.2409, Label: 1, Survival Months: 6.50, Risk: -18.2052
	--> Average Speed: 0.06s per batch
	--> Time from Last Check: 2.01s
--> Batch: 149, Loss: 0.2403, Label: 2, Survival Months: 20.17, Risk: -17.4595
	--> Average Speed: 0.06s per batch
	--> Time from Last Check: 1.99s
--> Batch: 199, Loss: 0.2524, Label: 11, Survival Months: 78.58, Risk: -16.7689
	--> Average Speed: 0.06s per batch
	--> Time from Last Check: 2.03s
--> Batch: 249, Loss: 0.2408, Label: 1, Survival Months: 2.83, Risk: -14.6234
	--> Average Speed: 0.06s per batch
	--> Time from Last Check: 1.98s
--> Batch: 299, Loss: 0.2530, Label: 12, Survival Months: 86.83, Risk: -16.9422
	--> Average Speed: 0.06s per batch
	--> Time from Last Check: 2.00s
--> Batch: 349, Loss: 0.2399, Label: 10, Survival Months: 64.75, Risk: -17.7704
	--> Average Speed: 0.07s per batch
	--> Time from Last Check: 2.12s
--> Batch: 399, Loss: 0.2360, Label: 3, Survival Months: 30.00, Risk: -17.8990
	--> Average Speed: 0.06s per batch
	--> Time from Last Check: 1.98s
--> Batch: 449, Loss: 0.3663, Label: 15, Survival Months: 138.50, Risk: -15.2455
	--> Average Speed: 0.06s per batch
	--> Time from Last Check: 1.99s
--> Batch: 499, Loss: 0.4219, Label: 12, Survival Months: 80.42, Risk: -10.4891
	--> Average Speed: 0.06s per batch
	--> Time from Last Check: 2.00s
--> Batch: 549, Loss: 0.3634, Label: 16, Survival Months: 148.58, Risk: -15.7136
	--> Average Speed: 0.06s per batch
	--> Time from Last Check: 2.03s
--> Batch: 599, Loss: 0.2356, Label: 3, Survival Months: 27.83, Risk: -16.3398
	--> Average Speed: 0.06s per batch
	--> Time from Last Check: 1.98s
--> Batch: 649, Loss: 0.2415, Label: 9, Survival Months: 54.25, Risk: -16.4794
	--> Average Speed: 0.06s per batch
	--> Time from Last Check: 2.00s
--> Batch: 699, Loss: 1.5809, Label: 1, Survival Months: 8.17, Risk: -2.3864
	--> Average Speed: 0.06s per batch
	--> Time from Last Check: 1.95s
--> Batch: 749, Loss: 3.9179, Label: 2, Survival Months: 18.67, Risk: -13.2108
	--> Average Speed: 0.06s per batch
	--> Time from Last Check: 1.97s
--> Batch: 799, Loss: 0.2551, Label: 13, Survival Months: 101.00, Risk: -17.2334
	--> Average Speed: 0.06s per batch
	--> Time from Last Check: 1.99s
[07/01/2025 - 04:21:54] - Epoch: 17, lr: 0.00008515, train_loss: 0.5378, train_c_index: 0.9044
[07/01/2025 - 04:21:56] - Epoch: 17, val_loss: 0.6964, val_c_index: 0.6967
[07/01/2025 - 04:21:56] - Time elapsed for epoch 17: 36s
[07/01/2025 - 04:21:56] - Epoch: 18
--> Batch: 49, Loss: 0.2379, Label: 3, Survival Months: 30.42, Risk: -16.3324
	--> Average Speed: 0.07s per batch
	--> Time from Last Check: 2.15s
--> Batch: 99, Loss: 2.5076, Label: 12, Survival Months: 82.58, Risk: -15.3228
	--> Average Speed: 0.06s per batch
	--> Time from Last Check: 1.95s
--> Batch: 149, Loss: 0.2391, Label: 8, Survival Months: 48.25, Risk: -17.0854
	--> Average Speed: 0.06s per batch
	--> Time from Last Check: 1.97s
--> Batch: 199, Loss: 1.3661, Label: 19, Survival Months: 305.75, Risk: -17.7315
	--> Average Speed: 0.06s per batch
	--> Time from Last Check: 1.99s
--> Batch: 249, Loss: 0.2376, Label: 6, Survival Months: 42.58, Risk: -15.1187
	--> Average Speed: 0.06s per batch
	--> Time from Last Check: 1.95s
--> Batch: 299, Loss: 2.7184, Label: 10, Survival Months: 65.42, Risk: -4.6893
	--> Average Speed: 0.06s per batch
	--> Time from Last Check: 2.01s
--> Batch: 349, Loss: 0.2449, Label: 16, Survival Months: 148.33, Risk: -18.2620
	--> Average Speed: 0.06s per batch
	--> Time from Last Check: 2.03s
--> Batch: 399, Loss: 0.2583, Label: 12, Survival Months: 84.42, Risk: -16.5004
	--> Average Speed: 0.06s per batch
	--> Time from Last Check: 1.99s
--> Batch: 449, Loss: 3.4346, Label: 7, Survival Months: 45.67, Risk: -13.6973
	--> Average Speed: 0.06s per batch
	--> Time from Last Check: 1.96s
--> Batch: 499, Loss: 0.2433, Label: 14, Survival Months: 110.08, Risk: -17.9386
	--> Average Speed: 0.06s per batch
	--> Time from Last Check: 2.01s
--> Batch: 549, Loss: 0.2397, Label: 8, Survival Months: 49.67, Risk: -15.7751
	--> Average Speed: 0.06s per batch
	--> Time from Last Check: 1.97s
--> Batch: 599, Loss: 0.3186, Label: 17, Survival Months: 182.75, Risk: -17.6044
	--> Average Speed: 0.06s per batch
	--> Time from Last Check: 1.99s
--> Batch: 649, Loss: 0.2271, Label: 2, Survival Months: 17.83, Risk: -17.3218
	--> Average Speed: 0.06s per batch
	--> Time from Last Check: 1.96s
--> Batch: 699, Loss: 0.3612, Label: 18, Survival Months: 207.17, Risk: -18.2681
	--> Average Speed: 0.06s per batch
	--> Time from Last Check: 1.98s
--> Batch: 749, Loss: 0.3959, Label: 18, Survival Months: 233.00, Risk: -17.7867
	--> Average Speed: 0.06s per batch
	--> Time from Last Check: 1.97s
--> Batch: 799, Loss: 0.2496, Label: 15, Survival Months: 130.75, Risk: -18.0492
	--> Average Speed: 0.06s per batch
	--> Time from Last Check: 1.95s
[07/01/2025 - 04:22:29] - Epoch: 18, lr: 0.00008429, train_loss: 0.5274, train_c_index: 0.9267
[07/01/2025 - 04:22:31] - Epoch: 18, val_loss: 0.7340, val_c_index: 0.6566
[07/01/2025 - 04:22:31] - Time elapsed for epoch 18: 35s
[07/01/2025 - 04:22:31] - Epoch: 19
--> Batch: 49, Loss: 2.0102, Label: 14, Survival Months: 106.00, Risk: -13.4546
	--> Average Speed: 0.07s per batch
	--> Time from Last Check: 2.22s
--> Batch: 99, Loss: 0.2234, Label: 1, Survival Months: 15.58, Risk: -17.8172
	--> Average Speed: 0.06s per batch
	--> Time from Last Check: 2.01s
--> Batch: 149, Loss: 0.2480, Label: 12, Survival Months: 81.25, Risk: -16.6370
	--> Average Speed: 0.06s per batch
	--> Time from Last Check: 2.01s
--> Batch: 199, Loss: 4.7186, Label: 3, Survival Months: 26.67, Risk: -15.0728
	--> Average Speed: 0.06s per batch
	--> Time from Last Check: 2.00s
--> Batch: 249, Loss: 0.2222, Label: 7, Survival Months: 45.92, Risk: -17.2927
	--> Average Speed: 0.06s per batch
	--> Time from Last Check: 2.03s
--> Batch: 299, Loss: 0.2273, Label: 6, Survival Months: 41.33, Risk: -14.6895
	--> Average Speed: 0.06s per batch
	--> Time from Last Check: 2.00s
--> Batch: 349, Loss: 0.2222, Label: 8, Survival Months: 50.92, Risk: -17.6223
	--> Average Speed: 0.06s per batch
	--> Time from Last Check: 2.02s
--> Batch: 399, Loss: 0.7282, Label: 16, Survival Months: 173.50, Risk: -8.8529
	--> Average Speed: 0.06s per batch
	--> Time from Last Check: 2.01s
--> Batch: 449, Loss: 0.3411, Label: 18, Survival Months: 206.42, Risk: -18.4564
	--> Average Speed: 0.06s per batch
	--> Time from Last Check: 2.02s
--> Batch: 499, Loss: 0.2600, Label: 15, Survival Months: 127.33, Risk: -17.4465
	--> Average Speed: 0.06s per batch
	--> Time from Last Check: 2.02s
--> Batch: 549, Loss: 0.2161, Label: 6, Survival Months: 38.17, Risk: -17.6063
	--> Average Speed: 0.06s per batch
	--> Time from Last Check: 2.01s
--> Batch: 599, Loss: 0.2156, Label: 8, Survival Months: 49.17, Risk: -18.4307
	--> Average Speed: 0.06s per batch
	--> Time from Last Check: 2.02s
--> Batch: 649, Loss: 0.2139, Label: 1, Survival Months: 2.58, Risk: -17.6685
	--> Average Speed: 0.06s per batch
	--> Time from Last Check: 1.96s
--> Batch: 699, Loss: 0.6177, Label: 11, Survival Months: 79.33, Risk: -5.7499
	--> Average Speed: 0.06s per batch
	--> Time from Last Check: 1.99s
--> Batch: 749, Loss: 0.2182, Label: 12, Survival Months: 81.00, Risk: -17.9971
	--> Average Speed: 0.06s per batch
	--> Time from Last Check: 2.04s
--> Batch: 799, Loss: 0.2137, Label: 9, Survival Months: 54.00, Risk: -17.4770
	--> Average Speed: 0.06s per batch
	--> Time from Last Check: 2.02s
[07/01/2025 - 04:23:05] - Epoch: 19, lr: 0.00008345, train_loss: 0.5082, train_c_index: 0.9234
[07/01/2025 - 04:23:07] - Epoch: 19, val_loss: 0.7334, val_c_index: 0.6720
[07/01/2025 - 04:23:07] - Time elapsed for epoch 19: 36s
[07/01/2025 - 04:23:07] - Epoch: 20
--> Batch: 49, Loss: 0.2094, Label: 4, Survival Months: 32.08, Risk: -18.1964
	--> Average Speed: 0.07s per batch
	--> Time from Last Check: 2.15s
--> Batch: 99, Loss: 0.2398, Label: 15, Survival Months: 131.17, Risk: -17.7316
	--> Average Speed: 0.06s per batch
	--> Time from Last Check: 2.03s
--> Batch: 149, Loss: 0.2429, Label: 14, Survival Months: 114.25, Risk: -17.0722
	--> Average Speed: 0.06s per batch
	--> Time from Last Check: 2.03s
--> Batch: 199, Loss: 0.2107, Label: 7, Survival Months: 46.92, Risk: -16.9288
	--> Average Speed: 0.06s per batch
	--> Time from Last Check: 2.01s
--> Batch: 249, Loss: 0.2112, Label: 8, Survival Months: 50.00, Risk: -17.5899
	--> Average Speed: 0.07s per batch
	--> Time from Last Check: 2.15s
--> Batch: 299, Loss: 0.2233, Label: 15, Survival Months: 137.00, Risk: -18.3582
	--> Average Speed: 0.06s per batch
	--> Time from Last Check: 1.96s
--> Batch: 349, Loss: 0.2110, Label: 11, Survival Months: 78.58, Risk: -18.2040
	--> Average Speed: 0.06s per batch
	--> Time from Last Check: 2.00s
--> Batch: 399, Loss: 0.3130, Label: 13, Survival Months: 92.17, Risk: -13.6934
	--> Average Speed: 0.06s per batch
	--> Time from Last Check: 2.02s
--> Batch: 449, Loss: 1.6759, Label: 17, Survival Months: 201.42, Risk: -15.2178
	--> Average Speed: 0.06s per batch
	--> Time from Last Check: 2.01s
--> Batch: 499, Loss: 0.2186, Label: 9, Survival Months: 56.75, Risk: -15.6656
	--> Average Speed: 0.06s per batch
	--> Time from Last Check: 2.03s
--> Batch: 549, Loss: 0.2458, Label: 16, Survival Months: 154.42, Risk: -17.5085
	--> Average Speed: 0.06s per batch
	--> Time from Last Check: 1.98s
--> Batch: 599, Loss: 0.7304, Label: 19, Survival Months: 328.42, Risk: -14.5645
	--> Average Speed: 0.06s per batch
	--> Time from Last Check: 2.00s
--> Batch: 649, Loss: 0.2234, Label: 15, Survival Months: 130.75, Risk: -18.1386
	--> Average Speed: 0.06s per batch
	--> Time from Last Check: 1.97s
--> Batch: 699, Loss: 0.2530, Label: 13, Survival Months: 96.42, Risk: -15.8767
	--> Average Speed: 0.06s per batch
	--> Time from Last Check: 1.99s
--> Batch: 749, Loss: 0.2073, Label: 2, Survival Months: 24.08, Risk: -18.2116
	--> Average Speed: 0.06s per batch
	--> Time from Last Check: 2.00s
--> Batch: 799, Loss: 0.2268, Label: 9, Survival Months: 53.33, Risk: -14.7704
	--> Average Speed: 0.06s per batch
	--> Time from Last Check: 1.97s
[07/01/2025 - 04:23:41] - Epoch: 20, lr: 0.00008262, train_loss: 0.4966, train_c_index: 0.9230
--> Saving model into checkpoints/MCAT_TCGA-BRCA-GE-ME_E20_202501070423.pt
[07/01/2025 - 04:23:43] - Epoch: 20, val_loss: 0.7563, val_c_index: 0.6413
[07/01/2025 - 04:23:43] - Time elapsed for epoch 20: 36s

################# [07/01/2025 - 04:23:43] - Training completed #################

################# [07/01/2025 - 04:23:43] - Validation started #################
[07/01/2025 - 04:23:45] - Final Validation, val_loss: 0.7563, val_c_index: 0.6413
[07/01/2025 - 04:23:45] - Time elapsed for Validation: 2s

################ [07/01/2025 - 04:23:45] - Validation completed ################

################## [07/01/2025 - 04:23:50] - MCAT terminated ###################
