Environment conda activated
Job 2519461 started

#################### [26/01/2025 - 23:01:09] - MCAT started ####################
HOSTNAME: rezzonico

WANDB: setting up for report

CUDA: available
--> Device count: 1
--> Using device: Quadro RTX 5000
--> Running on CUDA

DATASET: Loading data
--> Gene Expression loaded
--> Methylation loaded
--> Remaining samples after removing incomplete: 746
--> Class intervals: [
	0: [0.00 - 9.71]
	1: [9.71 - 24.66]
	2: [24.66 - 30.40]
	3: [30.40 - 33.58]
	4: [33.58 - 36.69]
	5: [36.69 - 39.79]
	6: [39.79 - 43.48]
	7: [43.48 - 47.83]
	8: [47.83 - 51.67]
	9: [51.67 - 56.84]
	10: [56.84 - 66.00]
	11: [66.00 - 77.92]
	12: [77.92 - 88.84]
	13: [88.84 - 102.70]
	14: [102.70 - 122.04]
	15: [122.04 - 142.33]
	16: [142.33 - 173.00]
	17: [173.00 - 206.33]
	18: [206.33 - 267.29]
	19: [267.29 - 593.83]
    ]
--> Standardizing RNA-seq data
--> Standardizing Methylation Islands columns from 0 to 10000
--> Standardizing Methylation Islands columns from 10000 to 20000
--> Standardizing Methylation Islands columns from 20000 to 30000
--> Standardizing Methylation Islands columns from 30000 to 40000
--> Standardizing Methylation Islands columns from 40000 to 50000
--> Standardizing Methylation Islands columns from 50000 to 60000
--> Standardizing Methylation Islands columns from 60000 to 70000
--> Standardizing Methylation Islands columns from 70000 to 80000
--> Standardizing Methylation Islands columns from 80000 to 90000
--> Standardizing Methylation Islands columns from 90000 to 100000
--> Standardizing Methylation Islands columns from 100000 to 110000
--> Standardizing Methylation Islands columns from 110000 to 120000
--> Standardizing Methylation Islands columns from 120000 to 130000
--> Standardizing Methylation Islands columns from 130000 to 140000
--> Standardizing Methylation Islands columns from 140000 to 150000
--> Standardizing Methylation Islands columns from 150000 to 160000
--> Standardizing Methylation Islands columns from 160000 to 170000
--> Standardizing Methylation Islands columns from 170000 to 180000
--> Standardizing Methylation Islands columns from 180000 to 190000
--> Standardizing Methylation Islands columns from 190000 to 200000
--> Standardizing Methylation Islands columns from 200000 to 210000
--> Standardizing Methylation Islands columns from 210000 to 220000
--> Standardizing Methylation Islands columns from 220000 to 230000
--> Standardizing Methylation Islands columns from 230000 to 240000
--> Standardizing Methylation Islands columns from 240000 to 250000
--> Standardizing Methylation Islands columns from 250000 to 260000
--> Standardizing Methylation Islands columns from 260000 to 270000
--> Standardizing Methylation Islands columns from 270000 to 280000
--> Standardizing Methylation Islands columns from 280000 to 290000
--> Standardizing Methylation Islands columns from 290000 to 300000
--> Standardizing Methylation Islands columns from 300000 to 310000
--> Standardizing Methylation Islands columns from 310000 to 320000
--> Standardizing Methylation Islands columns from 320000 to 330000
--> Standardizing Methylation Islands columns from 330000 to 340000
--> Standardizing Methylation Islands columns from 340000 to 350000
--> Standardizing Methylation Islands columns from 350000 to 360000
--> Standardizing Methylation Islands columns from 360000 to 370000
--> Standardizing Methylation Islands columns from 370000 to 380000
--> Standardizing Methylation Islands columns from 380000 to 390000
--> Standardizing Methylation Islands columns from 390000 to 400000
--> Standardizing Methylation Islands columns from 400000 to 410000
--> Standardizing Methylation Islands columns from 410000 to 420000
--> Standardizing Methylation Islands columns from 420000 to 430000
--> Standardizing Methylation Islands columns from 430000 to 440000
--> Standardizing Methylation Islands columns from 440000 to 450000
--> Standardizing Methylation Islands columns from 450000 to 460000
--> Standardizing Methylation Islands columns from 460000 to 470000
--> Standardizing Methylation Islands columns from 470000 to 480000
--> Standardizing Methylation Islands columns from 480000 to 482421
--> Processing Methylation Islands columns from 0 to 10000
--> Processing Methylation Islands columns from 10000 to 20000
--> Processing Methylation Islands columns from 20000 to 30000
--> Processing Methylation Islands columns from 30000 to 40000
--> Processing Methylation Islands columns from 40000 to 50000
--> Processing Methylation Islands columns from 50000 to 60000
--> Processing Methylation Islands columns from 60000 to 70000
--> Processing Methylation Islands columns from 70000 to 80000
--> Processing Methylation Islands columns from 80000 to 90000
--> Processing Methylation Islands columns from 90000 to 100000
--> Processing Methylation Islands columns from 100000 to 110000
--> Processing Methylation Islands columns from 110000 to 120000
--> Processing Methylation Islands columns from 120000 to 130000
--> Processing Methylation Islands columns from 130000 to 140000
--> Processing Methylation Islands columns from 140000 to 150000
--> Processing Methylation Islands columns from 150000 to 160000
--> Processing Methylation Islands columns from 160000 to 170000
--> Processing Methylation Islands columns from 170000 to 180000
--> Processing Methylation Islands columns from 180000 to 190000
--> Processing Methylation Islands columns from 190000 to 200000
--> Processing Methylation Islands columns from 200000 to 210000
--> Processing Methylation Islands columns from 210000 to 220000
--> Processing Methylation Islands columns from 220000 to 230000
--> Processing Methylation Islands columns from 230000 to 240000
--> Processing Methylation Islands columns from 240000 to 250000
--> Processing Methylation Islands columns from 250000 to 260000
--> Processing Methylation Islands columns from 260000 to 270000
--> Processing Methylation Islands columns from 270000 to 280000
--> Processing Methylation Islands columns from 280000 to 290000
--> Processing Methylation Islands columns from 290000 to 300000
--> Processing Methylation Islands columns from 300000 to 310000
--> Processing Methylation Islands columns from 310000 to 320000
--> Processing Methylation Islands columns from 320000 to 330000
--> Processing Methylation Islands columns from 330000 to 340000
--> Processing Methylation Islands columns from 340000 to 350000
--> Processing Methylation Islands columns from 350000 to 360000
--> Processing Methylation Islands columns from 360000 to 370000
--> Processing Methylation Islands columns from 370000 to 380000
--> Processing Methylation Islands columns from 380000 to 390000
--> Processing Methylation Islands columns from 390000 to 400000
--> Processing Methylation Islands columns from 400000 to 410000
--> Processing Methylation Islands columns from 410000 to 420000
--> Processing Methylation Islands columns from 420000 to 430000
--> Processing Methylation Islands columns from 430000 to 440000
--> Processing Methylation Islands columns from 440000 to 450000
--> Processing Methylation Islands columns from 450000 to 460000
--> Processing Methylation Islands columns from 460000 to 470000
--> Processing Methylation Islands columns from 470000 to 480000
--> Processing Methylation Islands columns from 480000 to 482421
--> RNA-seq loaded
--> Methylation loaded
--> Gene Expression Signatures size: [19938]
--> Methylation Signatures size: [482421]
--> Using 80% training, 20% validation

#################### [27/01/2025 - 01:01:09] - Grid Search #####################

############# Cross Validation with Current Configuration started ##############
--> alpha: 0.75, dropout: 0.0, gamma: 0.75, lambda: 0.001, lr: 1e-4, weight_decay: 1e-4

###################### [27/01/2025 - 01:06:30] - Fold n°1 ######################

MODEL: MCAT with Gene Expression & Methylation
--> Trainable parameters of MCAT with Gene Expression & Methylation: 131705110
--> Loss function: CrossEntropySurvivalLoss
--> Optimizer: adamax

############ [27/01/2025 - 01:06:31] - Training started (Fold n°1) #############
[27/01/2025 - 01:06:31] - Epoch: 1
[1;34mwandb[0m: 🚀 View run [33mlucas_job_2519461[0m at: [34mhttps://wandb.ai/luca_inghilterra-unimore/TCGA-BRCA-GE-ME-Cross-Validation/runs/ubgu4d8l[0m
[1;34mwandb[0m: Find logs at: [1;35mwandb/run-20250126_230110-ubgu4d8l/logs[0m
