Environment conda activated
Job 2503922 started

#################### [07/01/2025 - 03:15:10] - MCAT started ####################
HOSTNAME: germano

WANDB: setting up for report

CUDA: available
--> Device count: 1
--> Using device: NVIDIA GeForce RTX 2080 Ti
--> Running on CUDA

DATASET: Loading data
--> Remaining samples after removing incomplete: 742
--> Class intervals: [
	0: [0.00 - 24.60]
	1: [24.60 - 33.52]
	2: [33.52 - 39.75]
	3: [39.75 - 47.78]
	4: [47.78 - 56.66]
	5: [56.66 - 78.32]
	6: [78.32 - 102.75]
	7: [102.75 - 143.07]
	8: [143.07 - 206.80]
	9: [206.80 - 593.83]
    ]
--> Standardizing RNA-seq data
--> Standardizing Methylation Islands beta values
--> Gene Expression Signatures size: [19938]
--> Methylation Signatures size: [33161]
--> Using 80% training, 20% validation
--> Training Set: [593], Validation Set: [149]

MODEL: MCAT
--> Trainable parameters of MCAT: 16691980
--> Loss function: CrossEntropySurvivalLoss
--> Optimizer: adam

################## [07/01/2025 - 03:16:23] - Training started ##################
[07/01/2025 - 03:16:23] - Epoch: 1
--> Batch: 49, Loss: 1.3021, Label: 8, Survival Months: 194.08, Risk: -1.0864
	--> Average Speed: 0.08s per batch
	--> Time from Last Check: 2.51s
--> Batch: 99, Loss: 0.6199, Label: 3, Survival Months: 45.42, Risk: -1.1541
	--> Average Speed: 0.06s per batch
	--> Time from Last Check: 1.89s
--> Batch: 149, Loss: 0.9124, Label: 6, Survival Months: 88.25, Risk: -1.3546
	--> Average Speed: 0.06s per batch
	--> Time from Last Check: 1.84s
--> Batch: 199, Loss: 0.2360, Label: 0, Survival Months: 0.67, Risk: -1.5841
	--> Average Speed: 0.06s per batch
	--> Time from Last Check: 1.85s
--> Batch: 249, Loss: 0.6694, Label: 6, Survival Months: 79.33, Risk: -2.1388
	--> Average Speed: 0.06s per batch
	--> Time from Last Check: 1.80s
--> Batch: 299, Loss: 0.3424, Label: 3, Survival Months: 44.25, Risk: -2.8231
	--> Average Speed: 0.06s per batch
	--> Time from Last Check: 2.07s
--> Batch: 349, Loss: 0.4103, Label: 6, Survival Months: 83.92, Risk: -4.0428
	--> Average Speed: 0.06s per batch
	--> Time from Last Check: 2.04s
--> Batch: 399, Loss: 0.2638, Label: 5, Survival Months: 76.00, Risk: -5.4913
	--> Average Speed: 0.06s per batch
	--> Time from Last Check: 1.80s
--> Batch: 449, Loss: 0.4366, Label: 9, Survival Months: 273.83, Risk: -7.1982
	--> Average Speed: 0.06s per batch
	--> Time from Last Check: 1.78s
--> Batch: 499, Loss: 0.1353, Label: 2, Survival Months: 33.58, Risk: -7.9955
	--> Average Speed: 0.06s per batch
	--> Time from Last Check: 1.79s
--> Batch: 549, Loss: 0.1490, Label: 6, Survival Months: 100.42, Risk: -8.4313
	--> Average Speed: 0.06s per batch
	--> Time from Last Check: 1.77s
[07/01/2025 - 03:16:46] - Epoch: 1, lr: 0.00010000, train_loss: 0.7422, train_c_index: 0.5392
[07/01/2025 - 03:16:48] - Epoch: 1, val_loss: 0.4637, val_c_index: 0.4591
[07/01/2025 - 03:16:48] - Time elapsed for epoch 1: 25s
[07/01/2025 - 03:16:48] - Epoch: 2
--> Batch: 49, Loss: 0.1448, Label: 4, Survival Months: 56.25, Risk: -7.8575
	--> Average Speed: 0.08s per batch
	--> Time from Last Check: 2.46s
--> Batch: 99, Loss: 0.1636, Label: 5, Survival Months: 76.00, Risk: -7.7287
	--> Average Speed: 0.06s per batch
	--> Time from Last Check: 1.90s
--> Batch: 149, Loss: 0.1789, Label: 6, Survival Months: 101.67, Risk: -7.5694
	--> Average Speed: 0.06s per batch
	--> Time from Last Check: 1.79s
--> Batch: 199, Loss: 2.7298, Label: 5, Survival Months: 66.00, Risk: -7.6981
	--> Average Speed: 0.06s per batch
	--> Time from Last Check: 1.90s
--> Batch: 249, Loss: 0.2652, Label: 8, Survival Months: 165.67, Risk: -7.4494
	--> Average Speed: 0.06s per batch
	--> Time from Last Check: 1.84s
--> Batch: 299, Loss: 1.9255, Label: 8, Survival Months: 174.75, Risk: -7.9779
	--> Average Speed: 0.06s per batch
	--> Time from Last Check: 1.85s
--> Batch: 349, Loss: 0.1367, Label: 4, Survival Months: 50.67, Risk: -7.7046
	--> Average Speed: 0.06s per batch
	--> Time from Last Check: 1.81s
--> Batch: 399, Loss: 1.6794, Label: 8, Survival Months: 151.00, Risk: -8.1066
	--> Average Speed: 0.06s per batch
	--> Time from Last Check: 1.90s
--> Batch: 449, Loss: 3.5050, Label: 0, Survival Months: 0.08, Risk: -7.5040
	--> Average Speed: 0.06s per batch
	--> Time from Last Check: 1.80s
--> Batch: 499, Loss: 0.3384, Label: 8, Survival Months: 148.58, Risk: -6.5479
	--> Average Speed: 0.06s per batch
	--> Time from Last Check: 1.86s
--> Batch: 549, Loss: 0.1758, Label: 4, Survival Months: 55.17, Risk: -6.2647
	--> Average Speed: 0.06s per batch
	--> Time from Last Check: 1.81s
[07/01/2025 - 03:17:11] - Epoch: 2, lr: 0.00009000, train_loss: 0.4300, train_c_index: 0.6469
[07/01/2025 - 03:17:12] - Epoch: 2, val_loss: 0.4573, val_c_index: 0.4224
[07/01/2025 - 03:17:12] - Time elapsed for epoch 2: 25s
[07/01/2025 - 03:17:12] - Epoch: 3
--> Batch: 49, Loss: 0.1761, Label: 6, Survival Months: 87.25, Risk: -7.1936
	--> Average Speed: 0.07s per batch
	--> Time from Last Check: 2.09s
--> Batch: 99, Loss: 0.1218, Label: 1, Survival Months: 26.83, Risk: -7.4956
	--> Average Speed: 0.06s per batch
	--> Time from Last Check: 1.89s
--> Batch: 149, Loss: 0.1191, Label: 3, Survival Months: 41.58, Risk: -8.1115
	--> Average Speed: 0.06s per batch
	--> Time from Last Check: 1.86s
--> Batch: 199, Loss: 0.2123, Label: 8, Survival Months: 154.42, Risk: -7.9943
	--> Average Speed: 0.06s per batch
	--> Time from Last Check: 1.86s
--> Batch: 249, Loss: 0.1225, Label: 3, Survival Months: 45.42, Risk: -7.7236
	--> Average Speed: 0.06s per batch
	--> Time from Last Check: 1.86s
--> Batch: 299, Loss: 2.2568, Label: 4, Survival Months: 51.17, Risk: -5.6760
	--> Average Speed: 0.06s per batch
	--> Time from Last Check: 1.90s
--> Batch: 349, Loss: 0.1290, Label: 5, Survival Months: 63.50, Risk: -8.1340
	--> Average Speed: 0.06s per batch
	--> Time from Last Check: 1.82s
--> Batch: 399, Loss: 2.9927, Label: 6, Survival Months: 86.17, Risk: -7.6497
	--> Average Speed: 0.06s per batch
	--> Time from Last Check: 1.78s
--> Batch: 449, Loss: 0.1159, Label: 2, Survival Months: 33.75, Risk: -7.5056
	--> Average Speed: 0.06s per batch
	--> Time from Last Check: 1.99s
--> Batch: 499, Loss: 0.1985, Label: 8, Survival Months: 157.25, Risk: -8.1577
	--> Average Speed: 0.06s per batch
	--> Time from Last Check: 1.90s
--> Batch: 549, Loss: 0.1836, Label: 7, Survival Months: 121.92, Risk: -7.8426
	--> Average Speed: 0.06s per batch
	--> Time from Last Check: 1.87s
[07/01/2025 - 03:17:35] - Epoch: 3, lr: 0.00008100, train_loss: 0.4048, train_c_index: 0.7081
[07/01/2025 - 03:17:37] - Epoch: 3, val_loss: 0.4657, val_c_index: 0.3197
[07/01/2025 - 03:17:37] - Time elapsed for epoch 3: 25s
[07/01/2025 - 03:17:37] - Epoch: 4
--> Batch: 49, Loss: 0.1328, Label: 4, Survival Months: 52.92, Risk: -7.3409
	--> Average Speed: 0.06s per batch
	--> Time from Last Check: 1.97s
--> Batch: 99, Loss: 0.1103, Label: 3, Survival Months: 43.25, Risk: -8.0784
	--> Average Speed: 0.06s per batch
	--> Time from Last Check: 1.84s
--> Batch: 149, Loss: 2.1477, Label: 6, Survival Months: 86.17, Risk: -6.7791
	--> Average Speed: 0.06s per batch
	--> Time from Last Check: 2.06s
--> Batch: 199, Loss: 0.2699, Label: 8, Survival Months: 148.58, Risk: -7.3643
	--> Average Speed: 0.06s per batch
	--> Time from Last Check: 1.86s
--> Batch: 249, Loss: 0.1006, Label: 2, Survival Months: 35.33, Risk: -8.7773
	--> Average Speed: 0.06s per batch
	--> Time from Last Check: 1.80s
--> Batch: 299, Loss: 0.1093, Label: 4, Survival Months: 52.75, Risk: -8.3602
	--> Average Speed: 0.06s per batch
	--> Time from Last Check: 1.85s
--> Batch: 349, Loss: 0.1024, Label: 2, Survival Months: 36.25, Risk: -8.2495
	--> Average Speed: 0.06s per batch
	--> Time from Last Check: 1.83s
--> Batch: 399, Loss: 0.0997, Label: 1, Survival Months: 28.58, Risk: -8.4869
	--> Average Speed: 0.06s per batch
	--> Time from Last Check: 1.83s
--> Batch: 449, Loss: 0.1251, Label: 6, Survival Months: 84.00, Risk: -8.2682
	--> Average Speed: 0.06s per batch
	--> Time from Last Check: 1.82s
--> Batch: 499, Loss: 0.1258, Label: 6, Survival Months: 88.50, Risk: -8.2208
	--> Average Speed: 0.06s per batch
	--> Time from Last Check: 1.87s
--> Batch: 549, Loss: 0.1117, Label: 5, Survival Months: 72.25, Risk: -8.2340
	--> Average Speed: 0.06s per batch
	--> Time from Last Check: 1.78s
[07/01/2025 - 03:17:59] - Epoch: 4, lr: 0.00007290, train_loss: 0.3663, train_c_index: 0.8223
[07/01/2025 - 03:18:01] - Epoch: 4, val_loss: 0.4801, val_c_index: 0.3616
[07/01/2025 - 03:18:01] - Time elapsed for epoch 4: 24s
[07/01/2025 - 03:18:01] - Epoch: 5
--> Batch: 49, Loss: 0.1039, Label: 1, Survival Months: 29.33, Risk: -7.5414
	--> Average Speed: 0.06s per batch
	--> Time from Last Check: 1.84s
--> Batch: 99, Loss: 0.0999, Label: 1, Survival Months: 33.50, Risk: -7.8006
	--> Average Speed: 0.06s per batch
	--> Time from Last Check: 1.80s
--> Batch: 149, Loss: 1.5621, Label: 9, Survival Months: 289.33, Risk: -6.8291
	--> Average Speed: 0.06s per batch
	--> Time from Last Check: 1.82s
--> Batch: 199, Loss: 0.1007, Label: 2, Survival Months: 35.08, Risk: -7.6545
	--> Average Speed: 0.06s per batch
	--> Time from Last Check: 1.91s
--> Batch: 249, Loss: 0.0987, Label: 3, Survival Months: 43.58, Risk: -8.0932
	--> Average Speed: 0.06s per batch
	--> Time from Last Check: 1.91s
--> Batch: 299, Loss: 0.0969, Label: 2, Survival Months: 35.67, Risk: -8.1277
	--> Average Speed: 0.06s per batch
	--> Time from Last Check: 1.84s
--> Batch: 349, Loss: 0.0939, Label: 2, Survival Months: 39.00, Risk: -8.5059
	--> Average Speed: 0.06s per batch
	--> Time from Last Check: 1.82s
--> Batch: 399, Loss: 0.1413, Label: 7, Survival Months: 107.92, Risk: -8.5910
	--> Average Speed: 0.06s per batch
	--> Time from Last Check: 1.97s
--> Batch: 449, Loss: 0.0923, Label: 2, Survival Months: 35.33, Risk: -8.7710
	--> Average Speed: 0.06s per batch
	--> Time from Last Check: 1.91s
--> Batch: 499, Loss: 0.0933, Label: 3, Survival Months: 41.83, Risk: -8.6987
	--> Average Speed: 0.06s per batch
	--> Time from Last Check: 1.93s
--> Batch: 549, Loss: 0.0940, Label: 2, Survival Months: 38.92, Risk: -8.3676
	--> Average Speed: 0.06s per batch
	--> Time from Last Check: 1.89s
[07/01/2025 - 03:18:24] - Epoch: 5, lr: 0.00006561, train_loss: 0.3411, train_c_index: 0.8888
[07/01/2025 - 03:18:25] - Epoch: 5, val_loss: 0.5235, val_c_index: 0.3218
[07/01/2025 - 03:18:25] - Time elapsed for epoch 5: 24s
[07/01/2025 - 03:18:25] - Epoch: 6
--> Batch: 49, Loss: 0.0908, Label: 0, Survival Months: 9.83, Risk: -8.7847
	--> Average Speed: 0.07s per batch
	--> Time from Last Check: 2.08s
--> Batch: 99, Loss: 0.0913, Label: 0, Survival Months: 23.75, Risk: -8.5158
	--> Average Speed: 0.06s per batch
	--> Time from Last Check: 1.78s
--> Batch: 149, Loss: 0.0903, Label: 0, Survival Months: 24.17, Risk: -8.6466
	--> Average Speed: 0.06s per batch
	--> Time from Last Check: 1.86s
--> Batch: 199, Loss: 0.0909, Label: 4, Survival Months: 49.83, Risk: -8.8643
	--> Average Speed: 0.06s per batch
	--> Time from Last Check: 1.92s
--> Batch: 249, Loss: 0.1083, Label: 4, Survival Months: 52.75, Risk: -7.7042
	--> Average Speed: 0.06s per batch
	--> Time from Last Check: 1.83s
--> Batch: 299, Loss: 2.3553, Label: 6, Survival Months: 86.00, Risk: -7.3757
	--> Average Speed: 0.06s per batch
	--> Time from Last Check: 1.83s
--> Batch: 349, Loss: 0.1273, Label: 1, Survival Months: 26.83, Risk: -5.4082
	--> Average Speed: 0.06s per batch
	--> Time from Last Check: 1.93s
--> Batch: 399, Loss: 0.1081, Label: 6, Survival Months: 81.08, Risk: -8.3906
	--> Average Speed: 0.06s per batch
	--> Time from Last Check: 1.84s
--> Batch: 449, Loss: 2.3437, Label: 0, Survival Months: 9.67, Risk: -6.2488
	--> Average Speed: 0.06s per batch
	--> Time from Last Check: 1.90s
--> Batch: 499, Loss: 0.3106, Label: 8, Survival Months: 187.92, Risk: -7.0680
	--> Average Speed: 0.06s per batch
	--> Time from Last Check: 1.84s
--> Batch: 549, Loss: 0.0917, Label: 4, Survival Months: 49.00, Risk: -8.5498
	--> Average Speed: 0.06s per batch
	--> Time from Last Check: 1.87s
[07/01/2025 - 03:18:48] - Epoch: 6, lr: 0.00005905, train_loss: 0.3123, train_c_index: 0.9435
[07/01/2025 - 03:18:50] - Epoch: 6, val_loss: 0.5598, val_c_index: 0.3417
[07/01/2025 - 03:18:50] - Time elapsed for epoch 6: 24s
[07/01/2025 - 03:18:50] - Epoch: 7
--> Batch: 49, Loss: 0.0866, Label: 0, Survival Months: 17.92, Risk: -8.8657
	--> Average Speed: 0.06s per batch
	--> Time from Last Check: 1.98s
--> Batch: 99, Loss: 0.0955, Label: 4, Survival Months: 49.17, Risk: -8.2482
	--> Average Speed: 0.05s per batch
	--> Time from Last Check: 1.76s
--> Batch: 149, Loss: 0.0946, Label: 5, Survival Months: 75.58, Risk: -8.6154
	--> Average Speed: 0.06s per batch
	--> Time from Last Check: 1.83s
--> Batch: 199, Loss: 0.1206, Label: 7, Survival Months: 125.42, Risk: -8.7105
	--> Average Speed: 0.06s per batch
	--> Time from Last Check: 1.85s
--> Batch: 249, Loss: 0.1864, Label: 8, Survival Months: 197.67, Risk: -8.5618
	--> Average Speed: 0.06s per batch
	--> Time from Last Check: 1.91s
--> Batch: 299, Loss: 0.2433, Label: 9, Survival Months: 251.83, Risk: -8.9140
	--> Average Speed: 0.06s per batch
	--> Time from Last Check: 1.86s
--> Batch: 349, Loss: 0.0894, Label: 5, Survival Months: 59.50, Risk: -8.8057
	--> Average Speed: 0.06s per batch
	--> Time from Last Check: 1.88s
--> Batch: 399, Loss: 1.8006, Label: 7, Survival Months: 119.92, Risk: -6.3633
	--> Average Speed: 0.06s per batch
	--> Time from Last Check: 1.84s
--> Batch: 449, Loss: 0.1273, Label: 7, Survival Months: 109.08, Risk: -8.4678
	--> Average Speed: 0.06s per batch
	--> Time from Last Check: 1.91s
--> Batch: 499, Loss: 0.1602, Label: 8, Survival Months: 187.92, Risk: -8.8205
	--> Average Speed: 0.06s per batch
	--> Time from Last Check: 1.78s
--> Batch: 549, Loss: 0.1017, Label: 4, Survival Months: 55.50, Risk: -7.5904
	--> Average Speed: 0.06s per batch
	--> Time from Last Check: 1.90s
[07/01/2025 - 03:19:12] - Epoch: 7, lr: 0.00005314, train_loss: 0.2992, train_c_index: 0.9417
[07/01/2025 - 03:19:14] - Epoch: 7, val_loss: 0.5941, val_c_index: 0.3428
[07/01/2025 - 03:19:14] - Time elapsed for epoch 7: 24s
[07/01/2025 - 03:19:14] - Epoch: 8
--> Batch: 49, Loss: 0.0852, Label: 0, Survival Months: 15.50, Risk: -8.3901
	--> Average Speed: 0.06s per batch
	--> Time from Last Check: 2.07s
--> Batch: 99, Loss: 0.1022, Label: 7, Survival Months: 103.92, Risk: -9.1608
	--> Average Speed: 0.06s per batch
	--> Time from Last Check: 1.91s
--> Batch: 149, Loss: 0.0824, Label: 1, Survival Months: 33.25, Risk: -9.1805
	--> Average Speed: 0.06s per batch
	--> Time from Last Check: 1.87s
--> Batch: 199, Loss: 0.0827, Label: 3, Survival Months: 44.83, Risk: -9.0513
	--> Average Speed: 0.06s per batch
	--> Time from Last Check: 2.02s
--> Batch: 249, Loss: 2.3529, Label: 8, Survival Months: 174.75, Risk: -9.1618
	--> Average Speed: 0.06s per batch
	--> Time from Last Check: 1.86s
--> Batch: 299, Loss: 0.0832, Label: 2, Survival Months: 35.25, Risk: -8.6688
	--> Average Speed: 0.06s per batch
	--> Time from Last Check: 1.88s
--> Batch: 349, Loss: 0.0829, Label: 0, Survival Months: 0.67, Risk: -8.5541
	--> Average Speed: 0.06s per batch
	--> Time from Last Check: 1.94s
--> Batch: 399, Loss: 0.0844, Label: 5, Survival Months: 69.50, Risk: -8.9473
	--> Average Speed: 0.06s per batch
	--> Time from Last Check: 1.89s
--> Batch: 449, Loss: 0.0861, Label: 1, Survival Months: 26.83, Risk: -8.0104
	--> Average Speed: 0.06s per batch
	--> Time from Last Check: 1.89s
--> Batch: 499, Loss: 0.0815, Label: 2, Survival Months: 36.75, Risk: -9.0721
	--> Average Speed: 0.06s per batch
	--> Time from Last Check: 1.94s
--> Batch: 549, Loss: 0.0820, Label: 4, Survival Months: 47.92, Risk: -9.0153
	--> Average Speed: 0.06s per batch
	--> Time from Last Check: 1.87s
[07/01/2025 - 03:19:37] - Epoch: 8, lr: 0.00004783, train_loss: 0.2921, train_c_index: 0.9387
[07/01/2025 - 03:19:39] - Epoch: 8, val_loss: 0.5805, val_c_index: 0.3711
[07/01/2025 - 03:19:39] - Time elapsed for epoch 8: 25s
[07/01/2025 - 03:19:39] - Epoch: 9
--> Batch: 49, Loss: 0.0845, Label: 4, Survival Months: 54.58, Risk: -8.6844
	--> Average Speed: 0.07s per batch
	--> Time from Last Check: 2.15s
--> Batch: 99, Loss: 0.0807, Label: 0, Survival Months: 7.67, Risk: -9.0338
	--> Average Speed: 0.06s per batch
	--> Time from Last Check: 1.84s
--> Batch: 149, Loss: 0.0885, Label: 4, Survival Months: 50.92, Risk: -8.1316
	--> Average Speed: 0.06s per batch
	--> Time from Last Check: 1.92s
--> Batch: 199, Loss: 0.0816, Label: 3, Survival Months: 42.33, Risk: -8.6366
	--> Average Speed: 0.06s per batch
	--> Time from Last Check: 1.84s
--> Batch: 249, Loss: 0.0838, Label: 4, Survival Months: 52.17, Risk: -8.5369
	--> Average Speed: 0.06s per batch
	--> Time from Last Check: 1.87s
--> Batch: 299, Loss: 0.0863, Label: 6, Survival Months: 78.58, Risk: -8.8996
	--> Average Speed: 0.06s per batch
	--> Time from Last Check: 1.79s
--> Batch: 349, Loss: 0.0805, Label: 2, Survival Months: 36.75, Risk: -8.7384
	--> Average Speed: 0.06s per batch
	--> Time from Last Check: 1.85s
--> Batch: 399, Loss: 0.0804, Label: 4, Survival Months: 56.58, Risk: -9.1064
	--> Average Speed: 0.06s per batch
	--> Time from Last Check: 2.05s
--> Batch: 449, Loss: 0.0797, Label: 1, Survival Months: 31.08, Risk: -9.0001
	--> Average Speed: 0.06s per batch
	--> Time from Last Check: 1.79s
--> Batch: 499, Loss: 0.0794, Label: 1, Survival Months: 32.67, Risk: -9.0042
	--> Average Speed: 0.06s per batch
	--> Time from Last Check: 1.88s
--> Batch: 549, Loss: 0.0850, Label: 6, Survival Months: 81.25, Risk: -9.0015
	--> Average Speed: 0.05s per batch
	--> Time from Last Check: 1.71s
[07/01/2025 - 03:20:01] - Epoch: 9, lr: 0.00004305, train_loss: 0.2822, train_c_index: 0.9553
[07/01/2025 - 03:20:03] - Epoch: 9, val_loss: 0.6028, val_c_index: 0.3564
[07/01/2025 - 03:20:03] - Time elapsed for epoch 9: 24s
[07/01/2025 - 03:20:03] - Epoch: 10
--> Batch: 49, Loss: 0.0822, Label: 5, Survival Months: 62.83, Risk: -8.9224
	--> Average Speed: 0.06s per batch
	--> Time from Last Check: 2.01s
--> Batch: 99, Loss: 0.1240, Label: 8, Survival Months: 145.50, Risk: -9.0559
	--> Average Speed: 0.06s per batch
	--> Time from Last Check: 1.92s
--> Batch: 149, Loss: 1.2954, Label: 1, Survival Months: 26.67, Risk: -1.4603
	--> Average Speed: 0.06s per batch
	--> Time from Last Check: 1.85s
--> Batch: 199, Loss: 0.0805, Label: 5, Survival Months: 63.50, Risk: -9.1171
	--> Average Speed: 0.06s per batch
	--> Time from Last Check: 1.87s
--> Batch: 249, Loss: 0.0817, Label: 4, Survival Months: 54.50, Risk: -8.4912
	--> Average Speed: 0.06s per batch
	--> Time from Last Check: 1.81s
--> Batch: 299, Loss: 0.0810, Label: 4, Survival Months: 52.92, Risk: -8.5376
	--> Average Speed: 0.06s per batch
	--> Time from Last Check: 1.92s
--> Batch: 349, Loss: 0.0787, Label: 4, Survival Months: 49.50, Risk: -8.9908
	--> Average Speed: 0.06s per batch
	--> Time from Last Check: 1.86s
--> Batch: 399, Loss: 0.0776, Label: 0, Survival Months: 7.67, Risk: -8.9540
	--> Average Speed: 0.06s per batch
	--> Time from Last Check: 1.87s
--> Batch: 449, Loss: 0.0837, Label: 6, Survival Months: 101.58, Risk: -9.0571
	--> Average Speed: 0.06s per batch
	--> Time from Last Check: 1.86s
--> Batch: 499, Loss: 0.0778, Label: 4, Survival Months: 55.17, Risk: -9.0526
	--> Average Speed: 0.06s per batch
	--> Time from Last Check: 1.90s
--> Batch: 549, Loss: 0.0770, Label: 2, Survival Months: 36.50, Risk: -9.0380
	--> Average Speed: 0.06s per batch
	--> Time from Last Check: 1.88s
[07/01/2025 - 03:20:25] - Epoch: 10, lr: 0.00003874, train_loss: 0.2674, train_c_index: 0.9568
[07/01/2025 - 03:20:27] - Epoch: 10, val_loss: 0.6444, val_c_index: 0.3396
[07/01/2025 - 03:20:27] - Time elapsed for epoch 10: 25s
[07/01/2025 - 03:20:27] - Epoch: 11
--> Batch: 49, Loss: 0.1394, Label: 8, Survival Months: 194.08, Risk: -9.0517
	--> Average Speed: 0.06s per batch
	--> Time from Last Check: 2.04s
--> Batch: 99, Loss: 0.0810, Label: 5, Survival Months: 59.42, Risk: -8.8621
	--> Average Speed: 0.06s per batch
	--> Time from Last Check: 1.86s
--> Batch: 149, Loss: 0.0770, Label: 2, Survival Months: 36.58, Risk: -8.6741
	--> Average Speed: 0.05s per batch
	--> Time from Last Check: 1.74s
--> Batch: 199, Loss: 0.0766, Label: 4, Survival Months: 50.67, Risk: -8.9893
	--> Average Speed: 0.06s per batch
	--> Time from Last Check: 1.88s
--> Batch: 249, Loss: 0.0760, Label: 2, Survival Months: 35.08, Risk: -9.0911
	--> Average Speed: 0.06s per batch
	--> Time from Last Check: 1.85s
--> Batch: 299, Loss: 0.0783, Label: 3, Survival Months: 41.75, Risk: -8.1616
	--> Average Speed: 0.06s per batch
	--> Time from Last Check: 1.88s
--> Batch: 349, Loss: 0.0758, Label: 3, Survival Months: 40.67, Risk: -9.1960
	--> Average Speed: 0.06s per batch
	--> Time from Last Check: 1.82s
--> Batch: 399, Loss: 0.0759, Label: 2, Survival Months: 34.00, Risk: -8.9241
	--> Average Speed: 0.06s per batch
	--> Time from Last Check: 1.79s
--> Batch: 449, Loss: 0.0808, Label: 6, Survival Months: 86.92, Risk: -9.0136
	--> Average Speed: 0.06s per batch
	--> Time from Last Check: 1.82s
--> Batch: 499, Loss: 0.1170, Label: 8, Survival Months: 193.00, Risk: -9.2616
	--> Average Speed: 0.06s per batch
	--> Time from Last Check: 1.81s
--> Batch: 549, Loss: 0.0767, Label: 5, Survival Months: 62.25, Risk: -9.1349
	--> Average Speed: 0.06s per batch
	--> Time from Last Check: 1.89s
[07/01/2025 - 03:20:49] - Epoch: 11, lr: 0.00003487, train_loss: 0.2571, train_c_index: 0.9607
[07/01/2025 - 03:20:51] - Epoch: 11, val_loss: 0.6876, val_c_index: 0.3092
[07/01/2025 - 03:20:51] - Time elapsed for epoch 11: 24s
[07/01/2025 - 03:20:51] - Epoch: 12
--> Batch: 49, Loss: 0.0754, Label: 4, Survival Months: 53.58, Risk: -9.1823
	--> Average Speed: 0.06s per batch
	--> Time from Last Check: 2.02s
--> Batch: 99, Loss: 0.0765, Label: 0, Survival Months: 6.50, Risk: -8.0975
	--> Average Speed: 0.06s per batch
	--> Time from Last Check: 1.91s
--> Batch: 149, Loss: 0.0764, Label: 5, Survival Months: 69.50, Risk: -9.0582
	--> Average Speed: 0.06s per batch
	--> Time from Last Check: 1.81s
--> Batch: 199, Loss: 0.0775, Label: 5, Survival Months: 60.67, Risk: -8.8851
	--> Average Speed: 0.06s per batch
	--> Time from Last Check: 1.89s
--> Batch: 249, Loss: 0.0805, Label: 6, Survival Months: 87.58, Risk: -8.8548
	--> Average Speed: 0.06s per batch
	--> Time from Last Check: 1.77s
--> Batch: 299, Loss: 0.0757, Label: 1, Survival Months: 31.92, Risk: -8.3788
	--> Average Speed: 0.06s per batch
	--> Time from Last Check: 1.82s
--> Batch: 349, Loss: 0.0746, Label: 1, Survival Months: 26.08, Risk: -9.1182
	--> Average Speed: 0.06s per batch
	--> Time from Last Check: 1.87s
--> Batch: 399, Loss: 0.1160, Label: 8, Survival Months: 162.75, Risk: -9.2194
	--> Average Speed: 0.06s per batch
	--> Time from Last Check: 1.84s
--> Batch: 449, Loss: 0.0746, Label: 3, Survival Months: 45.08, Risk: -8.8118
	--> Average Speed: 0.06s per batch
	--> Time from Last Check: 1.88s
--> Batch: 499, Loss: 0.0742, Label: 1, Survival Months: 29.00, Risk: -9.1491
	--> Average Speed: 0.06s per batch
	--> Time from Last Check: 1.77s
--> Batch: 549, Loss: 0.0759, Label: 5, Survival Months: 59.58, Risk: -9.0381
	--> Average Speed: 0.06s per batch
	--> Time from Last Check: 1.89s
[07/01/2025 - 03:21:13] - Epoch: 12, lr: 0.00003138, train_loss: 0.2486, train_c_index: 0.9658
[07/01/2025 - 03:21:15] - Epoch: 12, val_loss: 0.6871, val_c_index: 0.3291
[07/01/2025 - 03:21:15] - Time elapsed for epoch 12: 24s
[07/01/2025 - 03:21:15] - Epoch: 13
--> Batch: 49, Loss: 0.0817, Label: 7, Survival Months: 123.75, Risk: -9.1727
	--> Average Speed: 0.06s per batch
	--> Time from Last Check: 1.97s
--> Batch: 99, Loss: 0.1579, Label: 6, Survival Months: 102.00, Risk: -6.9904
	--> Average Speed: 0.05s per batch
	--> Time from Last Check: 1.69s
--> Batch: 149, Loss: 1.5518, Label: 5, Survival Months: 71.67, Risk: -4.4750
	--> Average Speed: 0.06s per batch
	--> Time from Last Check: 1.85s
--> Batch: 199, Loss: 0.0750, Label: 6, Survival Months: 83.42, Risk: -9.3397
	--> Average Speed: 0.06s per batch
	--> Time from Last Check: 1.82s
--> Batch: 249, Loss: 0.0737, Label: 2, Survival Months: 36.50, Risk: -8.9788
	--> Average Speed: 0.06s per batch
	--> Time from Last Check: 1.79s
--> Batch: 299, Loss: 0.0734, Label: 1, Survival Months: 27.33, Risk: -9.2160
	--> Average Speed: 0.06s per batch
	--> Time from Last Check: 1.77s
--> Batch: 349, Loss: 0.0740, Label: 4, Survival Months: 52.92, Risk: -8.9048
	--> Average Speed: 0.06s per batch
	--> Time from Last Check: 1.86s
--> Batch: 399, Loss: 0.1408, Label: 8, Survival Months: 166.50, Risk: -8.9942
	--> Average Speed: 0.06s per batch
	--> Time from Last Check: 1.91s
--> Batch: 449, Loss: 0.0743, Label: 5, Survival Months: 59.50, Risk: -9.2022
	--> Average Speed: 0.06s per batch
	--> Time from Last Check: 1.94s
--> Batch: 499, Loss: 0.0740, Label: 4, Survival Months: 55.50, Risk: -8.8811
	--> Average Speed: 0.06s per batch
	--> Time from Last Check: 1.88s
--> Batch: 549, Loss: 0.0733, Label: 3, Survival Months: 40.00, Risk: -9.1885
	--> Average Speed: 0.06s per batch
	--> Time from Last Check: 1.90s
[07/01/2025 - 03:21:38] - Epoch: 13, lr: 0.00002824, train_loss: 0.2412, train_c_index: 0.9700
[07/01/2025 - 03:21:39] - Epoch: 13, val_loss: 0.7157, val_c_index: 0.3501
[07/01/2025 - 03:21:39] - Time elapsed for epoch 13: 24s
[07/01/2025 - 03:21:39] - Epoch: 14
--> Batch: 49, Loss: 0.0753, Label: 6, Survival Months: 99.67, Risk: -9.1568
	--> Average Speed: 0.07s per batch
	--> Time from Last Check: 2.09s
--> Batch: 99, Loss: 0.0740, Label: 4, Survival Months: 51.00, Risk: -9.1087
	--> Average Speed: 0.06s per batch
	--> Time from Last Check: 1.93s
--> Batch: 149, Loss: 0.0730, Label: 1, Survival Months: 32.25, Risk: -9.2472
	--> Average Speed: 0.05s per batch
	--> Time from Last Check: 1.73s
--> Batch: 199, Loss: 1.1300, Label: 6, Survival Months: 96.00, Risk: -6.5566
	--> Average Speed: 0.06s per batch
	--> Time from Last Check: 1.82s
--> Batch: 249, Loss: 0.1242, Label: 8, Survival Months: 187.92, Risk: -9.1073
	--> Average Speed: 0.05s per batch
	--> Time from Last Check: 1.73s
--> Batch: 299, Loss: 0.0726, Label: 3, Survival Months: 43.17, Risk: -9.1622
	--> Average Speed: 0.06s per batch
	--> Time from Last Check: 1.83s
--> Batch: 349, Loss: 0.2613, Label: 9, Survival Months: 218.50, Risk: -9.0729
	--> Average Speed: 0.06s per batch
	--> Time from Last Check: 1.92s
--> Batch: 399, Loss: 0.0759, Label: 6, Survival Months: 101.67, Risk: -9.1452
	--> Average Speed: 0.06s per batch
	--> Time from Last Check: 1.87s
--> Batch: 449, Loss: 0.0904, Label: 5, Survival Months: 70.75, Risk: -7.3651
	--> Average Speed: 0.06s per batch
	--> Time from Last Check: 1.92s
--> Batch: 499, Loss: 1.0582, Label: 7, Survival Months: 113.75, Risk: -6.2466
	--> Average Speed: 0.06s per batch
	--> Time from Last Check: 1.87s
--> Batch: 549, Loss: 0.0724, Label: 1, Survival Months: 25.17, Risk: -8.8197
	--> Average Speed: 0.06s per batch
	--> Time from Last Check: 1.90s
[07/01/2025 - 03:22:02] - Epoch: 14, lr: 0.00002542, train_loss: 0.2377, train_c_index: 0.9653
[07/01/2025 - 03:22:03] - Epoch: 14, val_loss: 0.7339, val_c_index: 0.3407
[07/01/2025 - 03:22:03] - Time elapsed for epoch 14: 24s
[07/01/2025 - 03:22:03] - Epoch: 15
--> Batch: 49, Loss: 0.0723, Label: 2, Survival Months: 34.33, Risk: -8.6675
	--> Average Speed: 0.07s per batch
	--> Time from Last Check: 2.24s
--> Batch: 99, Loss: 0.0730, Label: 5, Survival Months: 59.50, Risk: -9.0559
	--> Average Speed: 0.06s per batch
	--> Time from Last Check: 1.90s
--> Batch: 149, Loss: 0.0763, Label: 6, Survival Months: 93.25, Risk: -9.0670
	--> Average Speed: 0.06s per batch
	--> Time from Last Check: 1.92s
--> Batch: 199, Loss: 0.0721, Label: 1, Survival Months: 28.00, Risk: -8.7316
	--> Average Speed: 0.06s per batch
	--> Time from Last Check: 1.78s
--> Batch: 249, Loss: 0.0720, Label: 4, Survival Months: 49.00, Risk: -9.1039
	--> Average Speed: 0.06s per batch
	--> Time from Last Check: 1.88s
--> Batch: 299, Loss: 0.0720, Label: 4, Survival Months: 50.92, Risk: -9.0932
	--> Average Speed: 0.06s per batch
	--> Time from Last Check: 1.78s
--> Batch: 349, Loss: 0.1365, Label: 8, Survival Months: 163.83, Risk: -9.1690
	--> Average Speed: 0.06s per batch
	--> Time from Last Check: 1.91s
--> Batch: 399, Loss: 0.0746, Label: 4, Survival Months: 49.58, Risk: -7.9547
	--> Average Speed: 0.06s per batch
	--> Time from Last Check: 1.85s
--> Batch: 449, Loss: 0.9575, Label: 9, Survival Months: 329.92, Risk: -9.0128
	--> Average Speed: 0.06s per batch
	--> Time from Last Check: 1.92s
--> Batch: 499, Loss: 0.1173, Label: 8, Survival Months: 185.08, Risk: -9.2477
	--> Average Speed: 0.06s per batch
	--> Time from Last Check: 1.90s
--> Batch: 549, Loss: 0.1164, Label: 8, Survival Months: 143.25, Risk: -9.2148
	--> Average Speed: 0.06s per batch
	--> Time from Last Check: 1.89s
[07/01/2025 - 03:22:26] - Epoch: 15, lr: 0.00002288, train_loss: 0.2250, train_c_index: 0.9711
[07/01/2025 - 03:22:28] - Epoch: 15, val_loss: 0.7615, val_c_index: 0.3312
[07/01/2025 - 03:22:28] - Time elapsed for epoch 15: 24s
[07/01/2025 - 03:22:28] - Epoch: 16
--> Batch: 49, Loss: 1.0402, Label: 0, Survival Months: 19.92, Risk: -1.7422
	--> Average Speed: 0.06s per batch
	--> Time from Last Check: 1.97s
--> Batch: 99, Loss: 0.0713, Label: 1, Survival Months: 31.75, Risk: -9.2222
	--> Average Speed: 0.06s per batch
	--> Time from Last Check: 1.78s
--> Batch: 149, Loss: 0.0730, Label: 4, Survival Months: 47.92, Risk: -9.1039
	--> Average Speed: 0.06s per batch
	--> Time from Last Check: 1.81s
--> Batch: 199, Loss: 0.2083, Label: 9, Survival Months: 251.83, Risk: -9.3298
	--> Average Speed: 0.06s per batch
	--> Time from Last Check: 1.82s
--> Batch: 249, Loss: 0.0762, Label: 7, Survival Months: 110.42, Risk: -9.3223
	--> Average Speed: 0.06s per batch
	--> Time from Last Check: 1.87s
--> Batch: 299, Loss: 0.0711, Label: 2, Survival Months: 36.75, Risk: -9.0519
	--> Average Speed: 0.06s per batch
	--> Time from Last Check: 1.89s
--> Batch: 349, Loss: 0.0715, Label: 0, Survival Months: 1.75, Risk: -8.2393
	--> Average Speed: 0.05s per batch
	--> Time from Last Check: 1.67s
--> Batch: 399, Loss: 1.2074, Label: 8, Survival Months: 201.42, Risk: -8.7994
	--> Average Speed: 0.06s per batch
	--> Time from Last Check: 1.80s
--> Batch: 449, Loss: 0.0711, Label: 4, Survival Months: 52.17, Risk: -9.2542
	--> Average Speed: 0.06s per batch
	--> Time from Last Check: 1.79s
--> Batch: 499, Loss: 0.0721, Label: 5, Survival Months: 71.33, Risk: -9.3975
	--> Average Speed: 0.06s per batch
	--> Time from Last Check: 1.78s
--> Batch: 549, Loss: 0.8337, Label: 6, Survival Months: 79.92, Risk: -5.7940
	--> Average Speed: 0.05s per batch
	--> Time from Last Check: 1.68s
[07/01/2025 - 03:22:49] - Epoch: 16, lr: 0.00002059, train_loss: 0.2152, train_c_index: 0.9782
[07/01/2025 - 03:22:51] - Epoch: 16, val_loss: 0.7960, val_c_index: 0.3417
[07/01/2025 - 03:22:51] - Time elapsed for epoch 16: 23s
[07/01/2025 - 03:22:51] - Epoch: 17
--> Batch: 49, Loss: 0.0709, Label: 4, Survival Months: 48.67, Risk: -9.3603
	--> Average Speed: 0.06s per batch
	--> Time from Last Check: 2.02s
--> Batch: 99, Loss: 0.0787, Label: 7, Survival Months: 103.00, Risk: -9.1580
	--> Average Speed: 0.06s per batch
	--> Time from Last Check: 1.84s
--> Batch: 149, Loss: 0.0711, Label: 5, Survival Months: 71.33, Risk: -9.2745
	--> Average Speed: 0.06s per batch
	--> Time from Last Check: 1.80s
--> Batch: 199, Loss: 0.0711, Label: 4, Survival Months: 55.50, Risk: -8.8494
	--> Average Speed: 0.06s per batch
	--> Time from Last Check: 1.76s
--> Batch: 249, Loss: 0.0706, Label: 4, Survival Months: 54.67, Risk: -9.1504
	--> Average Speed: 0.06s per batch
	--> Time from Last Check: 1.83s
--> Batch: 299, Loss: 0.0705, Label: 2, Survival Months: 34.75, Risk: -9.1667
	--> Average Speed: 0.06s per batch
	--> Time from Last Check: 1.87s
--> Batch: 349, Loss: 0.0707, Label: 4, Survival Months: 50.92, Risk: -9.1163
	--> Average Speed: 0.06s per batch
	--> Time from Last Check: 1.81s
--> Batch: 399, Loss: 0.0704, Label: 1, Survival Months: 29.00, Risk: -9.2414
	--> Average Speed: 0.06s per batch
	--> Time from Last Check: 1.87s
--> Batch: 449, Loss: 0.0771, Label: 7, Survival Months: 122.58, Risk: -9.2302
	--> Average Speed: 0.06s per batch
	--> Time from Last Check: 1.85s
--> Batch: 499, Loss: 0.0708, Label: 4, Survival Months: 47.92, Risk: -9.2352
	--> Average Speed: 0.06s per batch
	--> Time from Last Check: 1.83s
--> Batch: 549, Loss: 0.0702, Label: 1, Survival Months: 32.25, Risk: -9.3742
	--> Average Speed: 0.06s per batch
	--> Time from Last Check: 1.82s
[07/01/2025 - 03:23:13] - Epoch: 17, lr: 0.00001853, train_loss: 0.2115, train_c_index: 0.9766
[07/01/2025 - 03:23:15] - Epoch: 17, val_loss: 0.8053, val_c_index: 0.3438
[07/01/2025 - 03:23:15] - Time elapsed for epoch 17: 24s
[07/01/2025 - 03:23:15] - Epoch: 18
--> Batch: 49, Loss: 0.0717, Label: 3, Survival Months: 46.92, Risk: -7.4357
	--> Average Speed: 0.07s per batch
	--> Time from Last Check: 2.16s
--> Batch: 99, Loss: 0.0744, Label: 7, Survival Months: 137.33, Risk: -9.3767
	--> Average Speed: 0.06s per batch
	--> Time from Last Check: 1.98s
--> Batch: 149, Loss: 0.0704, Label: 4, Survival Months: 47.92, Risk: -9.3277
	--> Average Speed: 0.06s per batch
	--> Time from Last Check: 1.99s
--> Batch: 199, Loss: 0.1064, Label: 8, Survival Months: 182.00, Risk: -9.3081
	--> Average Speed: 0.06s per batch
	--> Time from Last Check: 2.02s
--> Batch: 249, Loss: 0.0701, Label: 3, Survival Months: 43.25, Risk: -9.4391
	--> Average Speed: 0.06s per batch
	--> Time from Last Check: 1.98s
--> Batch: 299, Loss: 0.0700, Label: 2, Survival Months: 39.75, Risk: -9.3125
	--> Average Speed: 0.06s per batch
	--> Time from Last Check: 1.98s
--> Batch: 349, Loss: 0.0700, Label: 4, Survival Months: 49.67, Risk: -9.3903
	--> Average Speed: 0.06s per batch
	--> Time from Last Check: 2.01s
--> Batch: 399, Loss: 0.0710, Label: 6, Survival Months: 101.58, Risk: -9.3040
	--> Average Speed: 0.06s per batch
	--> Time from Last Check: 1.89s
--> Batch: 449, Loss: 0.8519, Label: 6, Survival Months: 97.83, Risk: -5.5704
	--> Average Speed: 0.06s per batch
	--> Time from Last Check: 1.99s
--> Batch: 499, Loss: 0.0699, Label: 3, Survival Months: 43.33, Risk: -9.0557
	--> Average Speed: 0.06s per batch
	--> Time from Last Check: 1.96s
--> Batch: 549, Loss: 0.1291, Label: 8, Survival Months: 187.92, Risk: -9.0059
	--> Average Speed: 0.06s per batch
	--> Time from Last Check: 1.97s
[07/01/2025 - 03:23:39] - Epoch: 18, lr: 0.00001668, train_loss: 0.2074, train_c_index: 0.9761
[07/01/2025 - 03:23:40] - Epoch: 18, val_loss: 0.8272, val_c_index: 0.3176
[07/01/2025 - 03:23:40] - Time elapsed for epoch 18: 25s
[07/01/2025 - 03:23:40] - Epoch: 19
--> Batch: 49, Loss: 0.1879, Label: 9, Survival Months: 210.08, Risk: -9.4086
	--> Average Speed: 0.07s per batch
	--> Time from Last Check: 2.26s
--> Batch: 99, Loss: 0.0697, Label: 2, Survival Months: 36.75, Risk: -9.4082
	--> Average Speed: 0.06s per batch
	--> Time from Last Check: 2.00s
--> Batch: 149, Loss: 0.0705, Label: 4, Survival Months: 52.92, Risk: -9.1681
	--> Average Speed: 0.06s per batch
	--> Time from Last Check: 1.98s
--> Batch: 199, Loss: 0.0990, Label: 8, Survival Months: 143.25, Risk: -9.3362
	--> Average Speed: 0.06s per batch
	--> Time from Last Check: 2.05s
--> Batch: 249, Loss: 0.0695, Label: 2, Survival Months: 39.42, Risk: -9.4021
	--> Average Speed: 0.06s per batch
	--> Time from Last Check: 2.03s
--> Batch: 299, Loss: 0.0695, Label: 1, Survival Months: 27.50, Risk: -9.2419
	--> Average Speed: 0.06s per batch
	--> Time from Last Check: 1.98s
--> Batch: 349, Loss: 0.0695, Label: 1, Survival Months: 27.17, Risk: -9.3953
	--> Average Speed: 0.06s per batch
	--> Time from Last Check: 1.99s
--> Batch: 399, Loss: 0.0741, Label: 6, Survival Months: 102.42, Risk: -9.3612
	--> Average Speed: 0.06s per batch
	--> Time from Last Check: 1.97s
--> Batch: 449, Loss: 0.0694, Label: 2, Survival Months: 37.17, Risk: -9.3336
	--> Average Speed: 0.06s per batch
	--> Time from Last Check: 1.91s
--> Batch: 499, Loss: 0.0694, Label: 4, Survival Months: 48.00, Risk: -9.3827
	--> Average Speed: 0.06s per batch
	--> Time from Last Check: 2.02s
--> Batch: 549, Loss: 0.0720, Label: 5, Survival Months: 60.58, Risk: -8.5410
	--> Average Speed: 0.06s per batch
	--> Time from Last Check: 1.96s
[07/01/2025 - 03:24:04] - Epoch: 19, lr: 0.00001501, train_loss: 0.2014, train_c_index: 0.9772
[07/01/2025 - 03:24:06] - Epoch: 19, val_loss: 0.8400, val_c_index: 0.3208
[07/01/2025 - 03:24:06] - Time elapsed for epoch 19: 26s
[07/01/2025 - 03:24:06] - Epoch: 20
--> Batch: 49, Loss: 0.7162, Label: 7, Survival Months: 122.33, Risk: -6.9359
	--> Average Speed: 0.07s per batch
	--> Time from Last Check: 2.22s
--> Batch: 99, Loss: 0.0701, Label: 5, Survival Months: 71.33, Risk: -9.3364
	--> Average Speed: 0.06s per batch
	--> Time from Last Check: 1.98s
--> Batch: 149, Loss: 0.0696, Label: 6, Survival Months: 88.50, Risk: -9.4119
	--> Average Speed: 0.06s per batch
	--> Time from Last Check: 1.95s
--> Batch: 199, Loss: 0.2007, Label: 9, Survival Months: 257.33, Risk: -9.3634
	--> Average Speed: 0.06s per batch
	--> Time from Last Check: 1.97s
--> Batch: 249, Loss: 0.1978, Label: 9, Survival Months: 257.58, Risk: -9.3613
	--> Average Speed: 0.06s per batch
	--> Time from Last Check: 1.98s
--> Batch: 299, Loss: 0.0692, Label: 4, Survival Months: 49.83, Risk: -9.4001
	--> Average Speed: 0.06s per batch
	--> Time from Last Check: 1.93s
--> Batch: 349, Loss: 1.0650, Label: 7, Survival Months: 119.92, Risk: -7.9352
	--> Average Speed: 0.06s per batch
	--> Time from Last Check: 1.95s
--> Batch: 399, Loss: 0.0692, Label: 4, Survival Months: 50.00, Risk: -9.3311
	--> Average Speed: 0.06s per batch
	--> Time from Last Check: 2.03s
--> Batch: 449, Loss: 0.0729, Label: 2, Survival Months: 37.25, Risk: -7.4727
	--> Average Speed: 0.06s per batch
	--> Time from Last Check: 1.99s
--> Batch: 499, Loss: 1.9338, Label: 7, Survival Months: 119.17, Risk: -3.6341
	--> Average Speed: 0.06s per batch
	--> Time from Last Check: 1.93s
--> Batch: 549, Loss: 0.9950, Label: 7, Survival Months: 141.17, Risk: -7.4968
	--> Average Speed: 0.06s per batch
	--> Time from Last Check: 1.89s
[07/01/2025 - 03:24:30] - Epoch: 20, lr: 0.00001351, train_loss: 0.1992, train_c_index: 0.9814
--> Saving model into checkpoints/MCAT_TCGA-BRCA-GE-ME_E20_202501070324.pt
[07/01/2025 - 03:24:32] - Epoch: 20, val_loss: 0.8595, val_c_index: 0.3229
[07/01/2025 - 03:24:32] - Time elapsed for epoch 20: 26s

################# [07/01/2025 - 03:24:32] - Training completed #################

################# [07/01/2025 - 03:24:32] - Validation started #################
[07/01/2025 - 03:24:34] - Final Validation, val_loss: 0.8595, val_c_index: 0.3229
[07/01/2025 - 03:24:34] - Time elapsed for Validation: 2s

################ [07/01/2025 - 03:24:34] - Validation completed ################

################## [07/01/2025 - 03:24:37] - MCAT terminated ###################
