Environment conda activated
Job 2505408 started

#################### [10/01/2025 - 00:37:37] - MCAT started ####################
HOSTNAME: gervasoni

WANDB: setting up for report

CUDA: available
--> Device count: 1
--> Using device: Quadro RTX 5000
--> Running on CUDA

DATASET: Loading data
--> Remaining samples after removing incomplete: 1039
--> Class intervals: [
	0: [0.00 - 2.57]
	1: [2.57 - 17.70]
	2: [17.70 - 26.37]
	3: [26.37 - 31.25]
	4: [31.25 - 34.71]
	5: [34.71 - 38.03]
	6: [38.03 - 42.94]
	7: [42.94 - 47.45]
	8: [47.45 - 51.69]
	9: [51.69 - 58.17]
	10: [58.17 - 67.10]
	11: [67.10 - 79.80]
	12: [79.80 - 88.56]
	13: [88.56 - 102.25]
	14: [102.25 - 120.62]
	15: [120.62 - 141.88]
	16: [141.88 - 174.40]
	17: [174.40 - 205.88]
	18: [205.88 - 263.29]
	19: [263.29 - 593.83]
    ]
--> Standardizing RNA-seq data
--> Standardizing Methylation Islands beta values
--> Gene Expression Signatures size: [19938]
--> Methylation Signatures size: [4522]
--> Using 80% training, 20% validation
--> Training Set: [831], Testing Set: [208]

MODEL: MCAT
--> Trainable parameters of MCAT: 9362966
--> Loss function: CrossEntropySurvivalLoss
--> Optimizer: adam

################## [10/01/2025 - 00:38:10] - Training started ##################
[10/01/2025 - 00:38:10] - Epoch: 1
--> Batch: 49, Loss: 2.4628, Label: 6, Survival Months: 40.67, Risk: -1.1208
	--> Average Speed: 0.08s per batch
	--> Time from Last Check: 2.68s
--> Batch: 99, Loss: 3.7692, Label: 16, Survival Months: 150.58, Risk: -1.1432
	--> Average Speed: 0.07s per batch
	--> Time from Last Check: 2.21s
--> Batch: 149, Loss: 1.7762, Label: 2, Survival Months: 24.08, Risk: -1.2527
	--> Average Speed: 0.07s per batch
	--> Time from Last Check: 2.20s
--> Batch: 199, Loss: 2.3475, Label: 7, Survival Months: 46.17, Risk: -1.3164
	--> Average Speed: 0.07s per batch
	--> Time from Last Check: 2.18s
--> Batch: 249, Loss: 1.6595, Label: 2, Survival Months: 18.17, Risk: -1.4172
	--> Average Speed: 0.07s per batch
	--> Time from Last Check: 2.21s
--> Batch: 299, Loss: 1.5001, Label: 1, Survival Months: 2.58, Risk: -1.7148
	--> Average Speed: 0.07s per batch
	--> Time from Last Check: 2.13s
--> Batch: 349, Loss: 1.9173, Label: 7, Survival Months: 43.17, Risk: -2.2380
	--> Average Speed: 0.07s per batch
	--> Time from Last Check: 2.21s
--> Batch: 399, Loss: 1.8207, Label: 9, Survival Months: 52.75, Risk: -3.6256
	--> Average Speed: 0.07s per batch
	--> Time from Last Check: 2.25s
--> Batch: 449, Loss: 1.3557, Label: 3, Survival Months: 30.42, Risk: -5.0461
	--> Average Speed: 0.07s per batch
	--> Time from Last Check: 2.26s
--> Batch: 499, Loss: 1.3164, Label: 5, Survival Months: 35.17, Risk: -9.3690
	--> Average Speed: 0.07s per batch
	--> Time from Last Check: 2.18s
--> Batch: 549, Loss: 1.3034, Label: 13, Survival Months: 93.42, Risk: -13.5238
	--> Average Speed: 0.06s per batch
	--> Time from Last Check: 1.99s
--> Batch: 599, Loss: 6.3998, Label: 2, Survival Months: 18.67, Risk: -15.1190
	--> Average Speed: 0.04s per batch
	--> Time from Last Check: 1.33s
--> Batch: 649, Loss: 1.2138, Label: 10, Survival Months: 62.25, Risk: -14.4350
	--> Average Speed: 0.04s per batch
	--> Time from Last Check: 1.28s
--> Batch: 699, Loss: 1.1536, Label: 0, Survival Months: 0.83, Risk: -12.8962
	--> Average Speed: 0.05s per batch
	--> Time from Last Check: 1.69s
--> Batch: 749, Loss: 1.1951, Label: 12, Survival Months: 86.25, Risk: -14.8391
	--> Average Speed: 0.06s per batch
	--> Time from Last Check: 1.97s
--> Batch: 799, Loss: 1.1244, Label: 0, Survival Months: 1.58, Risk: -13.1165
	--> Average Speed: 0.07s per batch
	--> Time from Last Check: 2.17s
[10/01/2025 - 00:38:44] - Epoch: 1, lr: 0.00010000, training_loss: 2.3711, training_c_index: 0.3999
[10/01/2025 - 00:38:47] - Epoch: 1, validation_loss: 1.5512, validation_c_index: 0.4222
--> New BEST Validation Score: 0.2671, validation_loss: 1.5512, validation_c_index: 0.4222
--> Current BEST Score: 0.2671
	--> validation_loss: 1.5512
	--> best validation_c_index: 0.4222
[10/01/2025 - 00:38:47] - Time elapsed for epoch 1: 37s
[10/01/2025 - 00:38:47] - Epoch: 2
--> Batch: 49, Loss: 1.2246, Label: 16, Survival Months: 156.75, Risk: -14.1596
	--> Average Speed: 0.04s per batch
	--> Time from Last Check: 1.31s
--> Batch: 99, Loss: 1.0982, Label: 3, Survival Months: 30.42, Risk: -13.9516
	--> Average Speed: 0.06s per batch
	--> Time from Last Check: 1.88s
--> Batch: 149, Loss: 1.1401, Label: 12, Survival Months: 83.42, Risk: -14.3184
	--> Average Speed: 0.07s per batch
	--> Time from Last Check: 2.19s
--> Batch: 199, Loss: 1.0990, Label: 10, Survival Months: 63.42, Risk: -14.9865
	--> Average Speed: 0.07s per batch
	--> Time from Last Check: 2.19s
--> Batch: 249, Loss: 1.4061, Label: 19, Survival Months: 268.83, Risk: -15.2271
	--> Average Speed: 0.07s per batch
	--> Time from Last Check: 2.20s
--> Batch: 299, Loss: 1.2375, Label: 18, Survival Months: 220.83, Risk: -13.7291
	--> Average Speed: 0.06s per batch
	--> Time from Last Check: 2.06s
--> Batch: 349, Loss: 4.7623, Label: 12, Survival Months: 83.67, Risk: -15.3494
	--> Average Speed: 0.07s per batch
	--> Time from Last Check: 2.19s
--> Batch: 399, Loss: 1.0304, Label: 5, Survival Months: 35.83, Risk: -14.5782
	--> Average Speed: 0.07s per batch
	--> Time from Last Check: 2.11s
--> Batch: 449, Loss: 1.0051, Label: 2, Survival Months: 20.25, Risk: -14.6722
	--> Average Speed: 0.07s per batch
	--> Time from Last Check: 2.19s
--> Batch: 499, Loss: 0.9971, Label: 6, Survival Months: 42.17, Risk: -15.7175
	--> Average Speed: 0.07s per batch
	--> Time from Last Check: 2.16s
--> Batch: 549, Loss: 0.9806, Label: 2, Survival Months: 18.50, Risk: -15.0535
	--> Average Speed: 0.07s per batch
	--> Time from Last Check: 2.18s
--> Batch: 599, Loss: 1.0363, Label: 16, Survival Months: 155.92, Risk: -15.8113
	--> Average Speed: 0.07s per batch
	--> Time from Last Check: 2.19s
--> Batch: 649, Loss: 0.9780, Label: 9, Survival Months: 56.67, Risk: -15.9335
	--> Average Speed: 0.07s per batch
	--> Time from Last Check: 2.20s
--> Batch: 699, Loss: 0.9693, Label: 7, Survival Months: 43.17, Risk: -14.4257
	--> Average Speed: 0.07s per batch
	--> Time from Last Check: 2.22s
--> Batch: 749, Loss: 0.9653, Label: 7, Survival Months: 46.83, Risk: -13.9720
	--> Average Speed: 0.07s per batch
	--> Time from Last Check: 2.23s
--> Batch: 799, Loss: 0.9427, Label: 2, Survival Months: 18.75, Risk: -12.8412
	--> Average Speed: 0.07s per batch
	--> Time from Last Check: 2.23s
[10/01/2025 - 00:39:23] - Epoch: 2, lr: 0.00009900, training_loss: 1.4079, training_c_index: 0.4996
[10/01/2025 - 00:39:25] - Epoch: 2, validation_loss: 1.3393, validation_c_index: 0.4234
--> New BEST Validation Score: 0.2895, validation_loss: 1.3393, validation_c_index: 0.4234
--> Current BEST Score: 0.2895
	--> validation_loss: 1.3393
	--> best validation_c_index: 0.4234
[10/01/2025 - 00:39:25] - Time elapsed for epoch 2: 38s
[10/01/2025 - 00:39:25] - Epoch: 3
--> Batch: 49, Loss: 3.8249, Label: 11, Survival Months: 73.58, Risk: -13.9231
	--> Average Speed: 0.07s per batch
	--> Time from Last Check: 2.25s
--> Batch: 99, Loss: 0.9410, Label: 11, Survival Months: 77.92, Risk: -15.3083
	--> Average Speed: 0.06s per batch
	--> Time from Last Check: 2.03s
--> Batch: 149, Loss: 1.0695, Label: 18, Survival Months: 232.00, Risk: -15.2178
	--> Average Speed: 0.07s per batch
	--> Time from Last Check: 2.19s
--> Batch: 199, Loss: 0.8912, Label: 6, Survival Months: 39.83, Risk: -15.5198
	--> Average Speed: 0.07s per batch
	--> Time from Last Check: 2.13s
--> Batch: 249, Loss: 1.0610, Label: 17, Survival Months: 191.50, Risk: -13.2702
	--> Average Speed: 0.07s per batch
	--> Time from Last Check: 2.22s
--> Batch: 299, Loss: 0.8613, Label: 1, Survival Months: 5.67, Risk: -15.3634
	--> Average Speed: 0.07s per batch
	--> Time from Last Check: 2.22s
--> Batch: 349, Loss: 1.0592, Label: 17, Survival Months: 187.33, Risk: -12.9186
	--> Average Speed: 0.07s per batch
	--> Time from Last Check: 2.25s
--> Batch: 399, Loss: 0.8510, Label: 6, Survival Months: 38.42, Risk: -16.1376
	--> Average Speed: 0.07s per batch
	--> Time from Last Check: 2.17s
--> Batch: 449, Loss: 0.8421, Label: 5, Survival Months: 36.75, Risk: -15.5425
	--> Average Speed: 0.07s per batch
	--> Time from Last Check: 2.17s
--> Batch: 499, Loss: 0.8907, Label: 11, Survival Months: 71.50, Risk: -14.0278
	--> Average Speed: 0.07s per batch
	--> Time from Last Check: 2.23s
--> Batch: 549, Loss: 0.8631, Label: 12, Survival Months: 88.25, Risk: -15.2595
	--> Average Speed: 0.07s per batch
	--> Time from Last Check: 2.22s
--> Batch: 599, Loss: 0.8434, Label: 7, Survival Months: 43.17, Risk: -13.3553
	--> Average Speed: 0.07s per batch
	--> Time from Last Check: 2.22s
--> Batch: 649, Loss: 0.8459, Label: 9, Survival Months: 58.17, Risk: -14.1803
	--> Average Speed: 0.07s per batch
	--> Time from Last Check: 2.20s
--> Batch: 699, Loss: 0.8132, Label: 3, Survival Months: 28.42, Risk: -13.7561
	--> Average Speed: 0.07s per batch
	--> Time from Last Check: 2.25s
--> Batch: 749, Loss: 3.4796, Label: 7, Survival Months: 46.50, Risk: -10.8433
	--> Average Speed: 0.07s per batch
	--> Time from Last Check: 2.19s
--> Batch: 799, Loss: 1.0450, Label: 18, Survival Months: 260.08, Risk: -13.1420
	--> Average Speed: 0.07s per batch
	--> Time from Last Check: 2.20s
[10/01/2025 - 00:40:02] - Epoch: 3, lr: 0.00009801, training_loss: 1.2305, training_c_index: 0.5565
[10/01/2025 - 00:40:04] - Epoch: 3, validation_loss: 1.2817, validation_c_index: 0.5570
--> New BEST Validation Score: 0.4289, validation_loss: 1.2817, validation_c_index: 0.5570
--> Current BEST Score: 0.4289
	--> validation_loss: 1.2817
	--> best validation_c_index: 0.5570
[10/01/2025 - 00:40:04] - Time elapsed for epoch 3: 39s
[10/01/2025 - 00:40:04] - Epoch: 4
--> Batch: 49, Loss: 0.7691, Label: 2, Survival Months: 21.00, Risk: -15.5280
	--> Average Speed: 0.07s per batch
	--> Time from Last Check: 2.31s
--> Batch: 99, Loss: 0.7938, Label: 11, Survival Months: 78.50, Risk: -15.3895
	--> Average Speed: 0.07s per batch
	--> Time from Last Check: 2.22s
--> Batch: 149, Loss: 0.8188, Label: 13, Survival Months: 101.58, Risk: -14.3156
	--> Average Speed: 0.07s per batch
	--> Time from Last Check: 2.22s
--> Batch: 199, Loss: 0.7511, Label: 5, Survival Months: 36.58, Risk: -15.4555
	--> Average Speed: 0.07s per batch
	--> Time from Last Check: 2.18s
--> Batch: 249, Loss: 0.7533, Label: 10, Survival Months: 60.58, Risk: -16.1731
	--> Average Speed: 0.07s per batch
	--> Time from Last Check: 2.19s
--> Batch: 299, Loss: 3.3509, Label: 2, Survival Months: 21.25, Risk: -10.4223
	--> Average Speed: 0.07s per batch
	--> Time from Last Check: 2.17s
--> Batch: 349, Loss: 0.7371, Label: 9, Survival Months: 56.67, Risk: -16.1909
	--> Average Speed: 0.07s per batch
	--> Time from Last Check: 2.08s
--> Batch: 399, Loss: 0.7618, Label: 8, Survival Months: 49.50, Risk: -13.5988
	--> Average Speed: 0.07s per batch
	--> Time from Last Check: 2.18s
--> Batch: 449, Loss: 0.7042, Label: 0, Survival Months: 0.00, Risk: -15.5525
	--> Average Speed: 0.07s per batch
	--> Time from Last Check: 2.15s
--> Batch: 499, Loss: 0.7090, Label: 1, Survival Months: 10.42, Risk: -13.0449
	--> Average Speed: 0.07s per batch
	--> Time from Last Check: 2.19s
--> Batch: 549, Loss: 0.8394, Label: 9, Survival Months: 57.83, Risk: -8.7892
	--> Average Speed: 0.07s per batch
	--> Time from Last Check: 2.22s
--> Batch: 599, Loss: 0.6995, Label: 8, Survival Months: 50.92, Risk: -16.2921
	--> Average Speed: 0.07s per batch
	--> Time from Last Check: 2.22s
--> Batch: 649, Loss: 0.6890, Label: 1, Survival Months: 6.50, Risk: -13.6579
	--> Average Speed: 0.07s per batch
	--> Time from Last Check: 2.21s
--> Batch: 699, Loss: 0.6841, Label: 3, Survival Months: 31.08, Risk: -15.7930
	--> Average Speed: 0.07s per batch
	--> Time from Last Check: 2.20s
--> Batch: 749, Loss: 0.7573, Label: 16, Survival Months: 144.17, Risk: -15.5019
	--> Average Speed: 0.07s per batch
	--> Time from Last Check: 2.22s
--> Batch: 799, Loss: 0.7811, Label: 14, Survival Months: 112.58, Risk: -13.3839
	--> Average Speed: 0.07s per batch
	--> Time from Last Check: 2.12s
[10/01/2025 - 00:40:41] - Epoch: 4, lr: 0.00009703, training_loss: 1.0957, training_c_index: 0.5990
[10/01/2025 - 00:40:43] - Epoch: 4, validation_loss: 1.1582, validation_c_index: 0.5375
--> No improvement in validation_loss or validation_c_index for 1 epoch(s)
--> Current BEST Score: 0.4289
	--> validation_loss: 1.2817
	--> best validation_c_index: 0.5570
[10/01/2025 - 00:40:43] - Time elapsed for epoch 4: 39s
[10/01/2025 - 00:40:43] - Epoch: 5
--> Batch: 49, Loss: 0.7415, Label: 10, Survival Months: 62.67, Risk: -11.9341
	--> Average Speed: 0.07s per batch
	--> Time from Last Check: 2.19s
--> Batch: 99, Loss: 0.7860, Label: 16, Survival Months: 160.50, Risk: -13.6713
	--> Average Speed: 0.07s per batch
	--> Time from Last Check: 2.25s
--> Batch: 149, Loss: 0.8429, Label: 18, Survival Months: 257.83, Risk: -15.3295
	--> Average Speed: 0.06s per batch
	--> Time from Last Check: 2.04s
--> Batch: 199, Loss: 0.9695, Label: 19, Survival Months: 278.50, Risk: -15.1969
	--> Average Speed: 0.07s per batch
	--> Time from Last Check: 2.21s
--> Batch: 249, Loss: 0.7198, Label: 8, Survival Months: 51.33, Risk: -10.9163
	--> Average Speed: 0.07s per batch
	--> Time from Last Check: 2.21s
--> Batch: 299, Loss: 0.8122, Label: 16, Survival Months: 145.50, Risk: -12.1835
	--> Average Speed: 0.07s per batch
	--> Time from Last Check: 2.26s
--> Batch: 349, Loss: 0.6181, Label: 0, Survival Months: 0.75, Risk: -12.2534
	--> Average Speed: 0.06s per batch
	--> Time from Last Check: 1.94s
--> Batch: 399, Loss: 0.6237, Label: 6, Survival Months: 38.58, Risk: -15.3115
	--> Average Speed: 0.07s per batch
	--> Time from Last Check: 2.24s
--> Batch: 449, Loss: 0.7008, Label: 15, Survival Months: 137.00, Risk: -14.7167
	--> Average Speed: 0.07s per batch
	--> Time from Last Check: 2.22s
--> Batch: 499, Loss: 5.8616, Label: 9, Survival Months: 53.25, Risk: -16.2899
	--> Average Speed: 0.07s per batch
	--> Time from Last Check: 2.19s
--> Batch: 549, Loss: 0.5907, Label: 0, Survival Months: 2.50, Risk: -16.6353
	--> Average Speed: 0.07s per batch
	--> Time from Last Check: 2.14s
--> Batch: 599, Loss: 0.6091, Label: 9, Survival Months: 53.58, Risk: -16.2325
	--> Average Speed: 0.07s per batch
	--> Time from Last Check: 2.22s
--> Batch: 649, Loss: 0.6233, Label: 9, Survival Months: 58.17, Risk: -14.6208
	--> Average Speed: 0.07s per batch
	--> Time from Last Check: 2.23s
--> Batch: 699, Loss: 0.5902, Label: 6, Survival Months: 40.17, Risk: -16.0313
	--> Average Speed: 0.07s per batch
	--> Time from Last Check: 2.18s
--> Batch: 749, Loss: 0.5885, Label: 2, Survival Months: 25.25, Risk: -13.7424
	--> Average Speed: 0.07s per batch
	--> Time from Last Check: 2.23s
--> Batch: 799, Loss: 0.6007, Label: 11, Survival Months: 75.50, Risk: -15.6979
	--> Average Speed: 0.07s per batch
	--> Time from Last Check: 2.18s
[10/01/2025 - 00:41:20] - Epoch: 5, lr: 0.00009606, training_loss: 0.9978, training_c_index: 0.5767
[10/01/2025 - 00:41:22] - Epoch: 5, validation_loss: 1.0316, validation_c_index: 0.5369
--> New BEST Validation Score: 0.4338, validation_loss: 1.0316, validation_c_index: 0.5369
--> Current BEST Score: 0.4338
	--> validation_loss: 1.0316
	--> best validation_c_index: 0.5369
[10/01/2025 - 00:41:22] - Time elapsed for epoch 5: 39s
[10/01/2025 - 00:41:22] - Epoch: 6
--> Batch: 49, Loss: 0.6443, Label: 8, Survival Months: 49.50, Risk: -11.4879
	--> Average Speed: 0.07s per batch
	--> Time from Last Check: 2.11s
--> Batch: 99, Loss: 0.5728, Label: 4, Survival Months: 32.67, Risk: -14.9431
	--> Average Speed: 0.07s per batch
	--> Time from Last Check: 2.21s
--> Batch: 149, Loss: 0.6072, Label: 11, Survival Months: 77.92, Risk: -14.3317
	--> Average Speed: 0.07s per batch
	--> Time from Last Check: 2.19s
--> Batch: 199, Loss: 0.5681, Label: 9, Survival Months: 58.17, Risk: -15.9910
	--> Average Speed: 0.07s per batch
	--> Time from Last Check: 2.20s
--> Batch: 249, Loss: 0.5660, Label: 2, Survival Months: 22.17, Risk: -12.3343
	--> Average Speed: 0.07s per batch
	--> Time from Last Check: 2.19s
--> Batch: 299, Loss: 0.5333, Label: 0, Survival Months: 0.83, Risk: -17.0742
	--> Average Speed: 0.07s per batch
	--> Time from Last Check: 2.22s
--> Batch: 349, Loss: 0.5878, Label: 10, Survival Months: 62.83, Risk: -13.7170
	--> Average Speed: 0.07s per batch
	--> Time from Last Check: 2.24s
--> Batch: 399, Loss: 0.5679, Label: 10, Survival Months: 62.67, Risk: -14.9349
	--> Average Speed: 0.07s per batch
	--> Time from Last Check: 2.23s
--> Batch: 449, Loss: 0.5797, Label: 11, Survival Months: 78.58, Risk: -14.5526
	--> Average Speed: 0.07s per batch
	--> Time from Last Check: 2.22s
--> Batch: 499, Loss: 0.5223, Label: 0, Survival Months: 0.83, Risk: -13.2443
	--> Average Speed: 0.07s per batch
	--> Time from Last Check: 2.21s
--> Batch: 549, Loss: 0.5306, Label: 4, Survival Months: 33.25, Risk: -14.5986
	--> Average Speed: 0.07s per batch
	--> Time from Last Check: 2.23s
--> Batch: 599, Loss: 3.6062, Label: 10, Survival Months: 62.42, Risk: -14.7020
	--> Average Speed: 0.07s per batch
	--> Time from Last Check: 2.22s
--> Batch: 649, Loss: 0.6185, Label: 17, Survival Months: 186.67, Risk: -15.7827
	--> Average Speed: 0.07s per batch
	--> Time from Last Check: 2.24s
--> Batch: 699, Loss: 0.7355, Label: 17, Survival Months: 178.50, Risk: -12.6694
	--> Average Speed: 0.06s per batch
	--> Time from Last Check: 1.76s
--> Batch: 749, Loss: 0.5243, Label: 2, Survival Months: 18.00, Risk: -12.9566
	--> Average Speed: 0.06s per batch
	--> Time from Last Check: 1.87s
--> Batch: 799, Loss: 0.5373, Label: 16, Survival Months: 162.50, Risk: -17.5128
	--> Average Speed: 0.06s per batch
	--> Time from Last Check: 2.07s
[10/01/2025 - 00:41:58] - Epoch: 6, lr: 0.00009510, training_loss: 0.9151, training_c_index: 0.5920
[10/01/2025 - 00:42:00] - Epoch: 6, validation_loss: 1.0516, validation_c_index: 0.4381
--> No improvement in validation_loss or validation_c_index for 1 epoch(s)
--> Current BEST Score: 0.4338
	--> validation_loss: 1.0316
	--> best validation_c_index: 0.5369
[10/01/2025 - 00:42:00] - Time elapsed for epoch 6: 38s
[10/01/2025 - 00:42:00] - Epoch: 7
--> Batch: 49, Loss: 0.8461, Label: 19, Survival Months: 273.83, Risk: -15.8603
	--> Average Speed: 0.07s per batch
	--> Time from Last Check: 2.31s
--> Batch: 99, Loss: 0.7495, Label: 16, Survival Months: 144.17, Risk: -10.9247
	--> Average Speed: 0.07s per batch
	--> Time from Last Check: 2.12s
--> Batch: 149, Loss: 0.6888, Label: 18, Survival Months: 217.67, Risk: -15.3730
	--> Average Speed: 0.07s per batch
	--> Time from Last Check: 2.30s
--> Batch: 199, Loss: 0.6144, Label: 17, Survival Months: 201.67, Risk: -15.7865
	--> Average Speed: 0.07s per batch
	--> Time from Last Check: 2.21s
--> Batch: 249, Loss: 0.9275, Label: 19, Survival Months: 593.83, Risk: -12.9500
	--> Average Speed: 0.07s per batch
	--> Time from Last Check: 2.23s
--> Batch: 299, Loss: 2.7359, Label: 8, Survival Months: 48.67, Risk: -8.8627
	--> Average Speed: 0.07s per batch
	--> Time from Last Check: 2.19s
--> Batch: 349, Loss: 0.4967, Label: 6, Survival Months: 42.33, Risk: -14.5951
	--> Average Speed: 0.07s per batch
	--> Time from Last Check: 2.23s
--> Batch: 399, Loss: 0.5412, Label: 14, Survival Months: 114.25, Risk: -15.5949
	--> Average Speed: 0.07s per batch
	--> Time from Last Check: 2.24s
--> Batch: 449, Loss: 0.4668, Label: 0, Survival Months: 0.83, Risk: -15.4765
	--> Average Speed: 0.07s per batch
	--> Time from Last Check: 2.23s
--> Batch: 499, Loss: 0.5264, Label: 14, Survival Months: 102.42, Risk: -16.1507
	--> Average Speed: 0.07s per batch
	--> Time from Last Check: 2.17s
--> Batch: 549, Loss: 0.4764, Label: 4, Survival Months: 31.33, Risk: -15.0674
	--> Average Speed: 0.07s per batch
	--> Time from Last Check: 2.18s
--> Batch: 599, Loss: 0.4759, Label: 4, Survival Months: 32.25, Risk: -14.4294
	--> Average Speed: 0.07s per batch
	--> Time from Last Check: 2.20s
--> Batch: 649, Loss: 0.4765, Label: 9, Survival Months: 54.17, Risk: -15.9413
	--> Average Speed: 0.07s per batch
	--> Time from Last Check: 2.17s
--> Batch: 699, Loss: 0.4634, Label: 10, Survival Months: 59.00, Risk: -17.3289
	--> Average Speed: 0.07s per batch
	--> Time from Last Check: 2.15s
--> Batch: 749, Loss: 0.4623, Label: 5, Survival Months: 35.08, Risk: -15.9840
	--> Average Speed: 0.07s per batch
	--> Time from Last Check: 2.11s
--> Batch: 799, Loss: 0.4886, Label: 13, Survival Months: 96.33, Risk: -16.0860
	--> Average Speed: 0.07s per batch
	--> Time from Last Check: 2.19s
[10/01/2025 - 00:42:37] - Epoch: 7, lr: 0.00009415, training_loss: 0.8494, training_c_index: 0.6621
[10/01/2025 - 00:42:39] - Epoch: 7, validation_loss: 0.9946, validation_c_index: 0.5796
--> New BEST Validation Score: 0.4802, validation_loss: 0.9946, validation_c_index: 0.5796
--> Current BEST Score: 0.4802
	--> validation_loss: 0.9946
	--> best validation_c_index: 0.5796
[10/01/2025 - 00:42:39] - Time elapsed for epoch 7: 39s
[10/01/2025 - 00:42:39] - Epoch: 8
--> Batch: 49, Loss: 0.5325, Label: 7, Survival Months: 43.17, Risk: -10.2534
	--> Average Speed: 0.07s per batch
	--> Time from Last Check: 2.34s
--> Batch: 99, Loss: 0.5165, Label: 14, Survival Months: 110.83, Risk: -15.1636
	--> Average Speed: 0.07s per batch
	--> Time from Last Check: 2.18s
--> Batch: 149, Loss: 0.6725, Label: 18, Survival Months: 206.42, Risk: -15.0765
	--> Average Speed: 0.06s per batch
	--> Time from Last Check: 2.06s
--> Batch: 199, Loss: 0.4393, Label: 2, Survival Months: 21.00, Risk: -17.7889
	--> Average Speed: 0.07s per batch
	--> Time from Last Check: 2.22s
--> Batch: 249, Loss: 0.5596, Label: 14, Survival Months: 108.42, Risk: -13.5058
	--> Average Speed: 0.07s per batch
	--> Time from Last Check: 2.23s
--> Batch: 299, Loss: 0.4715, Label: 15, Survival Months: 126.83, Risk: -17.2952
	--> Average Speed: 0.07s per batch
	--> Time from Last Check: 2.21s
--> Batch: 349, Loss: 0.4407, Label: 1, Survival Months: 14.33, Risk: -14.3371
	--> Average Speed: 0.07s per batch
	--> Time from Last Check: 2.20s
--> Batch: 399, Loss: 2.3957, Label: 17, Survival Months: 189.42, Risk: -15.3187
	--> Average Speed: 0.07s per batch
	--> Time from Last Check: 2.24s
--> Batch: 449, Loss: 0.5651, Label: 17, Survival Months: 188.58, Risk: -15.1918
	--> Average Speed: 0.07s per batch
	--> Time from Last Check: 2.16s
--> Batch: 499, Loss: 0.4341, Label: 3, Survival Months: 29.83, Risk: -16.0373
	--> Average Speed: 0.07s per batch
	--> Time from Last Check: 2.11s
--> Batch: 549, Loss: 0.5160, Label: 10, Survival Months: 59.00, Risk: -11.9487
	--> Average Speed: 0.07s per batch
	--> Time from Last Check: 2.17s
--> Batch: 599, Loss: 0.4775, Label: 14, Survival Months: 118.08, Risk: -16.1161
	--> Average Speed: 0.06s per batch
	--> Time from Last Check: 2.05s
--> Batch: 649, Loss: 0.4214, Label: 6, Survival Months: 41.00, Risk: -17.8319
	--> Average Speed: 0.07s per batch
	--> Time from Last Check: 2.10s
--> Batch: 699, Loss: 0.4380, Label: 11, Survival Months: 77.58, Risk: -16.9423
	--> Average Speed: 0.07s per batch
	--> Time from Last Check: 2.17s
--> Batch: 749, Loss: 0.7820, Label: 19, Survival Months: 280.33, Risk: -16.3661
	--> Average Speed: 0.07s per batch
	--> Time from Last Check: 2.13s
--> Batch: 799, Loss: 0.8363, Label: 19, Survival Months: 328.42, Risk: -14.4393
	--> Average Speed: 0.07s per batch
	--> Time from Last Check: 2.16s
[10/01/2025 - 00:43:16] - Epoch: 8, lr: 0.00009321, training_loss: 0.7982, training_c_index: 0.7193
[10/01/2025 - 00:43:18] - Epoch: 8, validation_loss: 1.0253, validation_c_index: 0.4308
--> No improvement in validation_loss or validation_c_index for 1 epoch(s)
--> Current BEST Score: 0.4802
	--> validation_loss: 0.9946
	--> best validation_c_index: 0.5796
[10/01/2025 - 00:43:18] - Time elapsed for epoch 8: 39s
[10/01/2025 - 00:43:18] - Epoch: 9
--> Batch: 49, Loss: 2.7466, Label: 15, Survival Months: 137.42, Risk: -12.3970
	--> Average Speed: 0.06s per batch
	--> Time from Last Check: 2.08s
--> Batch: 99, Loss: 0.4625, Label: 8, Survival Months: 50.67, Risk: -13.3555
	--> Average Speed: 0.07s per batch
	--> Time from Last Check: 2.21s
--> Batch: 149, Loss: 0.4254, Label: 12, Survival Months: 85.42, Risk: -17.2203
	--> Average Speed: 0.06s per batch
	--> Time from Last Check: 2.06s
--> Batch: 199, Loss: 0.4169, Label: 5, Survival Months: 35.92, Risk: -16.0100
	--> Average Speed: 0.07s per batch
	--> Time from Last Check: 2.22s
--> Batch: 249, Loss: 0.4051, Label: 0, Survival Months: 0.00, Risk: -17.2845
	--> Average Speed: 0.07s per batch
	--> Time from Last Check: 2.23s
--> Batch: 299, Loss: 0.4137, Label: 3, Survival Months: 26.42, Risk: -15.8726
	--> Average Speed: 0.07s per batch
	--> Time from Last Check: 2.28s
--> Batch: 349, Loss: 0.4007, Label: 1, Survival Months: 9.83, Risk: -17.6939
	--> Average Speed: 0.06s per batch
	--> Time from Last Check: 2.06s
--> Batch: 399, Loss: 0.4276, Label: 8, Survival Months: 51.67, Risk: -15.3637
	--> Average Speed: 0.07s per batch
	--> Time from Last Check: 2.17s
--> Batch: 449, Loss: 0.5672, Label: 11, Survival Months: 77.58, Risk: -9.7815
	--> Average Speed: 0.07s per batch
	--> Time from Last Check: 2.19s
--> Batch: 499, Loss: 0.6892, Label: 17, Survival Months: 182.50, Risk: -11.7973
	--> Average Speed: 0.07s per batch
	--> Time from Last Check: 2.24s
--> Batch: 549, Loss: 0.5239, Label: 18, Survival Months: 210.42, Risk: -17.4147
	--> Average Speed: 0.07s per batch
	--> Time from Last Check: 2.20s
--> Batch: 599, Loss: 0.4516, Label: 17, Survival Months: 190.08, Risk: -17.7083
	--> Average Speed: 0.07s per batch
	--> Time from Last Check: 2.18s
--> Batch: 649, Loss: 0.4025, Label: 6, Survival Months: 42.33, Risk: -15.7201
	--> Average Speed: 0.07s per batch
	--> Time from Last Check: 2.25s
--> Batch: 699, Loss: 2.9638, Label: 11, Survival Months: 68.75, Risk: -6.0063
	--> Average Speed: 0.07s per batch
	--> Time from Last Check: 2.26s
--> Batch: 749, Loss: 0.5838, Label: 18, Survival Months: 220.42, Risk: -16.3787
	--> Average Speed: 0.07s per batch
	--> Time from Last Check: 2.25s
--> Batch: 799, Loss: 2.6933, Label: 14, Survival Months: 106.25, Risk: -14.9444
	--> Average Speed: 0.07s per batch
	--> Time from Last Check: 2.17s
[10/01/2025 - 00:43:55] - Epoch: 9, lr: 0.00009227, training_loss: 0.7553, training_c_index: 0.7849
[10/01/2025 - 00:43:57] - Epoch: 9, validation_loss: 0.9510, validation_c_index: 0.4704
--> No improvement in validation_loss or validation_c_index for 2 epoch(s)
--> Current BEST Score: 0.4802
	--> validation_loss: 0.9946
	--> best validation_c_index: 0.5796
[10/01/2025 - 00:43:57] - Time elapsed for epoch 9: 39s
[10/01/2025 - 00:43:57] - Epoch: 10
--> Batch: 49, Loss: 0.5122, Label: 18, Survival Months: 251.83, Risk: -17.9080
	--> Average Speed: 0.06s per batch
	--> Time from Last Check: 2.02s
--> Batch: 99, Loss: 0.3819, Label: 2, Survival Months: 22.17, Risk: -16.8171
	--> Average Speed: 0.07s per batch
	--> Time from Last Check: 2.24s
--> Batch: 149, Loss: 0.3936, Label: 3, Survival Months: 27.83, Risk: -14.3940
	--> Average Speed: 0.07s per batch
	--> Time from Last Check: 2.20s
--> Batch: 199, Loss: 0.3978, Label: 9, Survival Months: 56.67, Risk: -15.8542
	--> Average Speed: 0.07s per batch
	--> Time from Last Check: 2.14s
--> Batch: 249, Loss: 0.3968, Label: 11, Survival Months: 73.17, Risk: -16.7003
	--> Average Speed: 0.07s per batch
	--> Time from Last Check: 2.21s
--> Batch: 299, Loss: 0.5345, Label: 17, Survival Months: 187.33, Risk: -14.8969
	--> Average Speed: 0.07s per batch
	--> Time from Last Check: 2.21s
--> Batch: 349, Loss: 0.4307, Label: 15, Survival Months: 137.00, Risk: -16.6834
	--> Average Speed: 0.07s per batch
	--> Time from Last Check: 2.19s
--> Batch: 399, Loss: 0.3805, Label: 1, Survival Months: 6.58, Risk: -13.4500
	--> Average Speed: 0.07s per batch
	--> Time from Last Check: 2.16s
--> Batch: 449, Loss: 3.3553, Label: 16, Survival Months: 151.00, Risk: -15.5351
	--> Average Speed: 0.07s per batch
	--> Time from Last Check: 2.23s
--> Batch: 499, Loss: 0.3732, Label: 6, Survival Months: 39.75, Risk: -17.5750
	--> Average Speed: 0.07s per batch
	--> Time from Last Check: 2.23s
--> Batch: 549, Loss: 0.6744, Label: 15, Survival Months: 127.83, Risk: -9.7834
	--> Average Speed: 0.07s per batch
	--> Time from Last Check: 2.26s
--> Batch: 599, Loss: 0.7298, Label: 19, Survival Months: 559.92, Risk: -15.7621
	--> Average Speed: 0.07s per batch
	--> Time from Last Check: 2.20s
--> Batch: 649, Loss: 0.4084, Label: 16, Survival Months: 156.83, Risk: -17.5247
	--> Average Speed: 0.07s per batch
	--> Time from Last Check: 2.12s
--> Batch: 699, Loss: 2.4858, Label: 17, Survival Months: 189.42, Risk: -11.9591
	--> Average Speed: 0.07s per batch
	--> Time from Last Check: 2.19s
--> Batch: 749, Loss: 0.3999, Label: 14, Survival Months: 109.00, Risk: -17.1054
	--> Average Speed: 0.07s per batch
	--> Time from Last Check: 2.16s
--> Batch: 799, Loss: 0.3786, Label: 14, Survival Months: 110.08, Risk: -18.1439
	--> Average Speed: 0.06s per batch
	--> Time from Last Check: 2.06s
[10/01/2025 - 00:44:33] - Epoch: 10, lr: 0.00009135, training_loss: 0.7265, training_c_index: 0.7866
[10/01/2025 - 00:44:36] - Epoch: 10, validation_loss: 0.9238, validation_c_index: 0.5784
--> New BEST Validation Score: 0.4860, validation_loss: 0.9238, validation_c_index: 0.5784
--> Current BEST Score: 0.4860
	--> validation_loss: 0.9238
	--> best validation_c_index: 0.5784
[10/01/2025 - 00:44:36] - Time elapsed for epoch 10: 39s
[10/01/2025 - 00:44:36] - Epoch: 11
--> Batch: 49, Loss: 0.4738, Label: 18, Survival Months: 225.75, Risk: -17.8915
	--> Average Speed: 0.07s per batch
	--> Time from Last Check: 2.09s
--> Batch: 99, Loss: 0.3749, Label: 13, Survival Months: 93.67, Risk: -17.4876
	--> Average Speed: 0.07s per batch
	--> Time from Last Check: 2.23s
--> Batch: 149, Loss: 0.3644, Label: 2, Survival Months: 21.00, Risk: -15.4194
	--> Average Speed: 0.07s per batch
	--> Time from Last Check: 2.23s
--> Batch: 199, Loss: 0.3611, Label: 16, Survival Months: 157.25, Risk: -18.5602
	--> Average Speed: 0.07s per batch
	--> Time from Last Check: 2.19s
--> Batch: 249, Loss: 0.4950, Label: 17, Survival Months: 183.08, Risk: -15.8292
	--> Average Speed: 0.07s per batch
	--> Time from Last Check: 2.22s
--> Batch: 299, Loss: 0.3505, Label: 6, Survival Months: 41.75, Risk: -17.8724
	--> Average Speed: 0.07s per batch
	--> Time from Last Check: 2.22s
--> Batch: 349, Loss: 0.3540, Label: 10, Survival Months: 59.17, Risk: -17.7658
	--> Average Speed: 0.07s per batch
	--> Time from Last Check: 2.21s
--> Batch: 399, Loss: 1.8013, Label: 18, Survival Months: 247.08, Risk: -15.8983
	--> Average Speed: 0.07s per batch
	--> Time from Last Check: 2.20s
--> Batch: 449, Loss: 0.3527, Label: 11, Survival Months: 75.50, Risk: -18.2017
	--> Average Speed: 0.07s per batch
	--> Time from Last Check: 2.28s
--> Batch: 499, Loss: 0.3646, Label: 4, Survival Months: 32.67, Risk: -14.2859
	--> Average Speed: 0.07s per batch
	--> Time from Last Check: 2.30s
--> Batch: 549, Loss: 0.3657, Label: 9, Survival Months: 52.92, Risk: -15.7861
	--> Average Speed: 0.07s per batch
	--> Time from Last Check: 2.25s
--> Batch: 599, Loss: 2.9002, Label: 15, Survival Months: 136.83, Risk: -16.1885
	--> Average Speed: 0.07s per batch
	--> Time from Last Check: 2.24s
--> Batch: 649, Loss: 0.3501, Label: 7, Survival Months: 45.42, Risk: -16.8558
	--> Average Speed: 0.07s per batch
	--> Time from Last Check: 2.20s
--> Batch: 699, Loss: 0.7172, Label: 17, Survival Months: 185.17, Risk: -10.7933
	--> Average Speed: 0.07s per batch
	--> Time from Last Check: 2.26s
--> Batch: 749, Loss: 4.8374, Label: 3, Survival Months: 29.00, Risk: -16.1079
	--> Average Speed: 0.07s per batch
	--> Time from Last Check: 2.18s
--> Batch: 799, Loss: 0.3584, Label: 7, Survival Months: 46.00, Risk: -15.1430
	--> Average Speed: 0.06s per batch
	--> Time from Last Check: 2.03s
[10/01/2025 - 00:45:13] - Epoch: 11, lr: 0.00009044, training_loss: 0.6851, training_c_index: 0.8135
[10/01/2025 - 00:45:15] - Epoch: 11, validation_loss: 0.9768, validation_c_index: 0.4796
--> No improvement in validation_loss or validation_c_index for 1 epoch(s)
--> Current BEST Score: 0.4860
	--> validation_loss: 0.9238
	--> best validation_c_index: 0.5784
[10/01/2025 - 00:45:15] - Time elapsed for epoch 11: 39s
[10/01/2025 - 00:45:15] - Epoch: 12
--> Batch: 49, Loss: 0.3434, Label: 6, Survival Months: 38.58, Risk: -16.5055
	--> Average Speed: 0.07s per batch
	--> Time from Last Check: 2.37s
--> Batch: 99, Loss: 1.7676, Label: 18, Survival Months: 233.17, Risk: -16.4958
	--> Average Speed: 0.07s per batch
	--> Time from Last Check: 2.23s
--> Batch: 149, Loss: 0.3420, Label: 10, Survival Months: 59.42, Risk: -17.5017
	--> Average Speed: 0.07s per batch
	--> Time from Last Check: 2.19s
--> Batch: 199, Loss: 0.3346, Label: 9, Survival Months: 54.00, Risk: -18.1677
	--> Average Speed: 0.07s per batch
	--> Time from Last Check: 2.17s
--> Batch: 249, Loss: 0.3351, Label: 10, Survival Months: 64.42, Risk: -17.7923
	--> Average Speed: 0.07s per batch
	--> Time from Last Check: 2.19s
--> Batch: 299, Loss: 0.3397, Label: 14, Survival Months: 106.42, Risk: -18.4863
	--> Average Speed: 0.07s per batch
	--> Time from Last Check: 2.19s
--> Batch: 349, Loss: 0.3604, Label: 4, Survival Months: 33.00, Risk: -11.7610
	--> Average Speed: 0.07s per batch
	--> Time from Last Check: 2.22s
--> Batch: 399, Loss: 1.2642, Label: 19, Survival Months: 549.42, Risk: -18.2062
	--> Average Speed: 0.07s per batch
	--> Time from Last Check: 2.13s
--> Batch: 449, Loss: 0.3536, Label: 7, Survival Months: 44.00, Risk: -14.1544
	--> Average Speed: 0.07s per batch
	--> Time from Last Check: 2.16s
--> Batch: 499, Loss: 2.9083, Label: 11, Survival Months: 67.58, Risk: -11.6778
	--> Average Speed: 0.07s per batch
	--> Time from Last Check: 2.19s
--> Batch: 549, Loss: 2.4553, Label: 0, Survival Months: 0.00, Risk: -6.0262
	--> Average Speed: 0.07s per batch
	--> Time from Last Check: 2.19s
--> Batch: 599, Loss: 0.4534, Label: 17, Survival Months: 187.92, Risk: -15.6975
	--> Average Speed: 0.07s per batch
	--> Time from Last Check: 2.22s
--> Batch: 649, Loss: 0.3231, Label: 2, Survival Months: 17.92, Risk: -17.7312
	--> Average Speed: 0.07s per batch
	--> Time from Last Check: 2.21s
--> Batch: 699, Loss: 0.3487, Label: 4, Survival Months: 33.50, Risk: -12.9298
	--> Average Speed: 0.07s per batch
	--> Time from Last Check: 2.22s
--> Batch: 749, Loss: 0.3361, Label: 13, Survival Months: 93.33, Risk: -17.5145
	--> Average Speed: 0.07s per batch
	--> Time from Last Check: 2.24s
--> Batch: 799, Loss: 0.3655, Label: 16, Survival Months: 155.50, Risk: -17.3197
	--> Average Speed: 0.07s per batch
	--> Time from Last Check: 2.25s
[10/01/2025 - 00:45:52] - Epoch: 12, lr: 0.00008953, training_loss: 0.6639, training_c_index: 0.8434
[10/01/2025 - 00:45:54] - Epoch: 12, validation_loss: 0.9192, validation_c_index: 0.5692
--> No improvement in validation_loss or validation_c_index for 2 epoch(s)
--> Current BEST Score: 0.4860
	--> validation_loss: 0.9238
	--> best validation_c_index: 0.5784
[10/01/2025 - 00:45:54] - Time elapsed for epoch 12: 39s
[10/01/2025 - 00:45:54] - Epoch: 13
--> Batch: 49, Loss: 0.3346, Label: 10, Survival Months: 63.50, Risk: -16.4913
	--> Average Speed: 0.07s per batch
	--> Time from Last Check: 2.39s
--> Batch: 99, Loss: 0.3158, Label: 0, Survival Months: 2.50, Risk: -18.1091
	--> Average Speed: 0.07s per batch
	--> Time from Last Check: 2.20s
--> Batch: 149, Loss: 0.5883, Label: 19, Survival Months: 479.08, Risk: -18.1858
	--> Average Speed: 0.07s per batch
	--> Time from Last Check: 2.19s
--> Batch: 199, Loss: 0.3478, Label: 10, Survival Months: 58.58, Risk: -15.3968
	--> Average Speed: 0.07s per batch
	--> Time from Last Check: 2.20s
--> Batch: 249, Loss: 0.7065, Label: 11, Survival Months: 72.50, Risk: -5.5481
	--> Average Speed: 0.07s per batch
	--> Time from Last Check: 2.10s
--> Batch: 299, Loss: 0.3338, Label: 12, Survival Months: 84.58, Risk: -17.0228
	--> Average Speed: 0.07s per batch
	--> Time from Last Check: 2.10s
--> Batch: 349, Loss: 0.6087, Label: 19, Survival Months: 352.75, Risk: -18.3739
	--> Average Speed: 0.07s per batch
	--> Time from Last Check: 2.16s
--> Batch: 399, Loss: 0.5924, Label: 19, Survival Months: 357.08, Risk: -18.1138
	--> Average Speed: 0.07s per batch
	--> Time from Last Check: 2.24s
--> Batch: 449, Loss: 0.3153, Label: 10, Survival Months: 59.42, Risk: -17.5829
	--> Average Speed: 0.07s per batch
	--> Time from Last Check: 2.18s
--> Batch: 499, Loss: 2.1041, Label: 17, Survival Months: 191.33, Risk: -16.5819
	--> Average Speed: 0.07s per batch
	--> Time from Last Check: 2.18s
--> Batch: 549, Loss: 0.3355, Label: 15, Survival Months: 131.17, Risk: -17.8622
	--> Average Speed: 0.07s per batch
	--> Time from Last Check: 2.24s
--> Batch: 599, Loss: 0.3046, Label: 0, Survival Months: 0.83, Risk: -15.9101
	--> Average Speed: 0.07s per batch
	--> Time from Last Check: 2.25s
--> Batch: 649, Loss: 0.3034, Label: 6, Survival Months: 41.92, Risk: -17.6898
	--> Average Speed: 0.07s per batch
	--> Time from Last Check: 2.20s
--> Batch: 699, Loss: 0.3072, Label: 13, Survival Months: 97.83, Risk: -18.1159
	--> Average Speed: 0.07s per batch
	--> Time from Last Check: 2.21s
--> Batch: 749, Loss: 0.3580, Label: 17, Survival Months: 200.25, Risk: -17.8859
	--> Average Speed: 0.07s per batch
	--> Time from Last Check: 2.18s
--> Batch: 799, Loss: 0.3058, Label: 7, Survival Months: 44.00, Risk: -17.2320
	--> Average Speed: 0.07s per batch
	--> Time from Last Check: 2.24s
[10/01/2025 - 00:46:31] - Epoch: 13, lr: 0.00008864, training_loss: 0.6377, training_c_index: 0.8580
[10/01/2025 - 00:46:33] - Epoch: 13, validation_loss: 1.0184, validation_c_index: 0.5308
--> No improvement in validation_loss or validation_c_index for 3 epoch(s)
--> Current BEST Score: 0.4860
	--> validation_loss: 0.9238
	--> best validation_c_index: 0.5784
[10/01/2025 - 00:46:33] - Time elapsed for epoch 13: 39s
[10/01/2025 - 00:46:33] - Epoch: 14
--> Batch: 49, Loss: 0.4075, Label: 9, Survival Months: 54.83, Risk: -10.3421
	--> Average Speed: 0.07s per batch
	--> Time from Last Check: 2.19s
--> Batch: 99, Loss: 0.3035, Label: 12, Survival Months: 84.00, Risk: -18.0303
	--> Average Speed: 0.07s per batch
	--> Time from Last Check: 2.18s
--> Batch: 149, Loss: 2.7758, Label: 3, Survival Months: 30.42, Risk: -9.4164
	--> Average Speed: 0.07s per batch
	--> Time from Last Check: 2.19s
--> Batch: 199, Loss: 0.3093, Label: 8, Survival Months: 51.67, Risk: -16.2146
	--> Average Speed: 0.06s per batch
	--> Time from Last Check: 2.08s
--> Batch: 249, Loss: 0.2969, Label: 12, Survival Months: 85.42, Risk: -18.2365
	--> Average Speed: 0.06s per batch
	--> Time from Last Check: 1.95s
--> Batch: 299, Loss: 2.8944, Label: 15, Survival Months: 139.42, Risk: -17.5497
	--> Average Speed: 0.07s per batch
	--> Time from Last Check: 2.11s
--> Batch: 349, Loss: 0.3322, Label: 12, Survival Months: 86.25, Risk: -15.4905
	--> Average Speed: 0.07s per batch
	--> Time from Last Check: 2.21s
--> Batch: 399, Loss: 0.3484, Label: 16, Survival Months: 160.83, Risk: -17.1687
	--> Average Speed: 0.06s per batch
	--> Time from Last Check: 2.00s
--> Batch: 449, Loss: 0.3011, Label: 15, Survival Months: 123.75, Risk: -18.5992
	--> Average Speed: 0.07s per batch
	--> Time from Last Check: 2.22s
--> Batch: 499, Loss: 0.2918, Label: 0, Survival Months: 0.00, Risk: -12.3453
	--> Average Speed: 0.07s per batch
	--> Time from Last Check: 2.17s
--> Batch: 549, Loss: 0.2870, Label: 2, Survival Months: 17.92, Risk: -17.8699
	--> Average Speed: 0.07s per batch
	--> Time from Last Check: 2.20s
--> Batch: 599, Loss: 0.2865, Label: 1, Survival Months: 6.67, Risk: -17.8622
	--> Average Speed: 0.05s per batch
	--> Time from Last Check: 1.73s
--> Batch: 649, Loss: 1.4986, Label: 19, Survival Months: 371.33, Risk: -16.9860
	--> Average Speed: 0.07s per batch
	--> Time from Last Check: 2.10s
--> Batch: 699, Loss: 0.2880, Label: 6, Survival Months: 38.42, Risk: -18.0684
	--> Average Speed: 0.07s per batch
	--> Time from Last Check: 2.27s
--> Batch: 749, Loss: 0.2925, Label: 9, Survival Months: 53.67, Risk: -17.2501
	--> Average Speed: 0.06s per batch
	--> Time from Last Check: 2.06s
--> Batch: 799, Loss: 2.2005, Label: 14, Survival Months: 119.92, Risk: -11.5759
	--> Average Speed: 0.05s per batch
	--> Time from Last Check: 1.61s
[10/01/2025 - 00:47:08] - Epoch: 14, lr: 0.00008775, training_loss: 0.5921, training_c_index: 0.9088
[10/01/2025 - 00:47:10] - Epoch: 14, validation_loss: 0.8958, validation_c_index: 0.5644
--> No improvement in validation_loss or validation_c_index for 4 epoch(s)
--> Current BEST Score: 0.4860
	--> validation_loss: 0.9238
	--> best validation_c_index: 0.5784
[10/01/2025 - 00:47:10] - Time elapsed for epoch 14: 37s
[10/01/2025 - 00:47:10] - Epoch: 15
--> Batch: 49, Loss: 0.2842, Label: 13, Survival Months: 88.67, Risk: -18.6555
	--> Average Speed: 0.07s per batch
	--> Time from Last Check: 2.34s
--> Batch: 99, Loss: 0.3345, Label: 16, Survival Months: 163.67, Risk: -17.2707
	--> Average Speed: 0.07s per batch
	--> Time from Last Check: 2.13s
--> Batch: 149, Loss: 0.2817, Label: 1, Survival Months: 17.50, Risk: -16.2781
	--> Average Speed: 0.07s per batch
	--> Time from Last Check: 2.21s
--> Batch: 199, Loss: 0.2854, Label: 6, Survival Months: 39.75, Risk: -16.0385
	--> Average Speed: 0.07s per batch
	--> Time from Last Check: 2.28s
--> Batch: 249, Loss: 0.2797, Label: 3, Survival Months: 27.83, Risk: -17.3407
	--> Average Speed: 0.07s per batch
	--> Time from Last Check: 2.24s
--> Batch: 299, Loss: 0.3439, Label: 17, Survival Months: 193.08, Risk: -18.0125
	--> Average Speed: 0.07s per batch
	--> Time from Last Check: 2.26s
--> Batch: 349, Loss: 0.7800, Label: 15, Survival Months: 130.75, Risk: -7.2530
	--> Average Speed: 0.07s per batch
	--> Time from Last Check: 2.13s
--> Batch: 399, Loss: 0.2940, Label: 2, Survival Months: 23.92, Risk: -13.2432
	--> Average Speed: 0.07s per batch
	--> Time from Last Check: 2.18s
--> Batch: 449, Loss: 0.2858, Label: 3, Survival Months: 28.25, Risk: -15.7018
	--> Average Speed: 0.07s per batch
	--> Time from Last Check: 2.17s
--> Batch: 499, Loss: 0.2847, Label: 1, Survival Months: 14.33, Risk: -14.0828
	--> Average Speed: 0.07s per batch
	--> Time from Last Check: 2.20s
--> Batch: 549, Loss: 0.2807, Label: 9, Survival Months: 53.92, Risk: -17.8227
	--> Average Speed: 0.07s per batch
	--> Time from Last Check: 2.15s
--> Batch: 599, Loss: 0.2995, Label: 13, Survival Months: 89.92, Risk: -16.7746
	--> Average Speed: 0.07s per batch
	--> Time from Last Check: 2.22s
--> Batch: 649, Loss: 0.3153, Label: 13, Survival Months: 97.08, Risk: -15.8123
	--> Average Speed: 0.07s per batch
	--> Time from Last Check: 2.23s
--> Batch: 699, Loss: 0.2758, Label: 13, Survival Months: 97.08, Risk: -18.3069
	--> Average Speed: 0.07s per batch
	--> Time from Last Check: 2.23s
--> Batch: 749, Loss: 0.3452, Label: 18, Survival Months: 207.17, Risk: -18.7427
	--> Average Speed: 0.07s per batch
	--> Time from Last Check: 2.23s
--> Batch: 799, Loss: 0.3478, Label: 12, Survival Months: 85.50, Risk: -13.5971
	--> Average Speed: 0.07s per batch
	--> Time from Last Check: 2.20s
[10/01/2025 - 00:47:47] - Epoch: 15, lr: 0.00008687, training_loss: 0.6000, training_c_index: 0.8751
[10/01/2025 - 00:47:50] - Epoch: 15, validation_loss: 0.9673, validation_c_index: 0.4893
--> No improvement in validation_loss or validation_c_index for 5 epoch(s)
--> Current BEST Score: 0.4860
	--> validation_loss: 0.9238
	--> best validation_c_index: 0.5784
[10/01/2025 - 00:47:50] - Time elapsed for epoch 15: 39s
[10/01/2025 - 00:47:50] - Epoch: 16
--> Batch: 49, Loss: 2.3294, Label: 2, Survival Months: 18.67, Risk: -7.2969
	--> Average Speed: 0.06s per batch
	--> Time from Last Check: 1.91s
--> Batch: 99, Loss: 0.2728, Label: 12, Survival Months: 83.08, Risk: -18.1293
	--> Average Speed: 0.06s per batch
	--> Time from Last Check: 2.05s
--> Batch: 149, Loss: 0.2733, Label: 6, Survival Months: 39.83, Risk: -16.6152
	--> Average Speed: 0.05s per batch
	--> Time from Last Check: 1.47s
--> Batch: 199, Loss: 0.2745, Label: 13, Survival Months: 101.67, Risk: -18.1305
	--> Average Speed: 0.05s per batch
	--> Time from Last Check: 1.67s
--> Batch: 249, Loss: 0.2711, Label: 3, Survival Months: 27.83, Risk: -16.2372
	--> Average Speed: 0.07s per batch
	--> Time from Last Check: 2.30s
--> Batch: 299, Loss: 0.2802, Label: 3, Survival Months: 27.17, Risk: -13.8710
	--> Average Speed: 0.07s per batch
	--> Time from Last Check: 2.21s
--> Batch: 349, Loss: 0.2643, Label: 2, Survival Months: 18.75, Risk: -17.1738
	--> Average Speed: 0.07s per batch
	--> Time from Last Check: 2.19s
--> Batch: 399, Loss: 0.2765, Label: 11, Survival Months: 73.58, Risk: -16.8744
	--> Average Speed: 0.06s per batch
	--> Time from Last Check: 2.07s
--> Batch: 449, Loss: 0.3590, Label: 16, Survival Months: 172.67, Risk: -15.8769
	--> Average Speed: 0.07s per batch
	--> Time from Last Check: 2.25s
--> Batch: 499, Loss: 2.6613, Label: 4, Survival Months: 32.08, Risk: -3.9531
	--> Average Speed: 0.07s per batch
	--> Time from Last Check: 2.24s
--> Batch: 549, Loss: 0.2653, Label: 9, Survival Months: 52.00, Risk: -17.7877
	--> Average Speed: 0.07s per batch
	--> Time from Last Check: 2.24s
--> Batch: 599, Loss: 0.2760, Label: 14, Survival Months: 110.42, Risk: -18.0116
	--> Average Speed: 0.07s per batch
	--> Time from Last Check: 2.24s
--> Batch: 649, Loss: 0.3169, Label: 15, Survival Months: 131.00, Risk: -17.0318
	--> Average Speed: 0.07s per batch
	--> Time from Last Check: 2.22s
--> Batch: 699, Loss: 0.2607, Label: 9, Survival Months: 53.58, Risk: -18.1153
	--> Average Speed: 0.07s per batch
	--> Time from Last Check: 2.17s
--> Batch: 749, Loss: 0.2726, Label: 11, Survival Months: 73.17, Risk: -16.9301
	--> Average Speed: 0.07s per batch
	--> Time from Last Check: 2.21s
--> Batch: 799, Loss: 0.3695, Label: 13, Survival Months: 97.08, Risk: -13.1006
	--> Average Speed: 0.07s per batch
	--> Time from Last Check: 2.26s
[10/01/2025 - 00:48:25] - Epoch: 16, lr: 0.00008601, training_loss: 0.5868, training_c_index: 0.8683
[10/01/2025 - 00:48:27] - Epoch: 16, validation_loss: 0.8810, validation_c_index: 0.5253
--> No improvement in validation_loss or validation_c_index for 6 epoch(s)
--> Current BEST Score: 0.4860
	--> validation_loss: 0.9238
	--> best validation_c_index: 0.5784
[10/01/2025 - 00:48:27] - Time elapsed for epoch 16: 38s
[10/01/2025 - 00:48:27] - Epoch: 17
--> Batch: 49, Loss: 0.2614, Label: 1, Survival Months: 10.33, Risk: -18.3159
	--> Average Speed: 0.06s per batch
	--> Time from Last Check: 1.99s
--> Batch: 99, Loss: 0.2871, Label: 0, Survival Months: 0.00, Risk: -5.5820
	--> Average Speed: 0.07s per batch
	--> Time from Last Check: 2.16s
--> Batch: 149, Loss: 0.2649, Label: 7, Survival Months: 44.00, Risk: -16.6549
	--> Average Speed: 0.07s per batch
	--> Time from Last Check: 2.15s
--> Batch: 199, Loss: 0.2681, Label: 11, Survival Months: 69.50, Risk: -17.4124
	--> Average Speed: 0.07s per batch
	--> Time from Last Check: 2.12s
--> Batch: 249, Loss: 0.2549, Label: 6, Survival Months: 39.08, Risk: -17.9179
	--> Average Speed: 0.07s per batch
	--> Time from Last Check: 2.16s
--> Batch: 299, Loss: 0.2524, Label: 9, Survival Months: 52.92, Risk: -18.4561
	--> Average Speed: 0.07s per batch
	--> Time from Last Check: 2.13s
--> Batch: 349, Loss: 2.4124, Label: 3, Survival Months: 30.17, Risk: -6.8251
	--> Average Speed: 0.07s per batch
	--> Time from Last Check: 2.23s
--> Batch: 399, Loss: 0.2725, Label: 13, Survival Months: 101.75, Risk: -16.9539
	--> Average Speed: 0.07s per batch
	--> Time from Last Check: 2.09s
--> Batch: 449, Loss: 0.2583, Label: 14, Survival Months: 109.08, Risk: -18.6825
	--> Average Speed: 0.07s per batch
	--> Time from Last Check: 2.16s
--> Batch: 499, Loss: 0.5049, Label: 19, Survival Months: 478.25, Risk: -18.3106
	--> Average Speed: 0.07s per batch
	--> Time from Last Check: 2.25s
--> Batch: 549, Loss: 0.2505, Label: 5, Survival Months: 38.00, Risk: -18.6801
	--> Average Speed: 0.07s per batch
	--> Time from Last Check: 2.21s
--> Batch: 599, Loss: 0.2559, Label: 0, Survival Months: 0.42, Risk: -10.7995
	--> Average Speed: 0.07s per batch
	--> Time from Last Check: 2.18s
--> Batch: 649, Loss: 2.6288, Label: 11, Survival Months: 67.58, Risk: -12.0176
	--> Average Speed: 0.07s per batch
	--> Time from Last Check: 2.18s
--> Batch: 699, Loss: 0.2453, Label: 1, Survival Months: 13.50, Risk: -18.3217
	--> Average Speed: 0.07s per batch
	--> Time from Last Check: 2.19s
--> Batch: 749, Loss: 0.2643, Label: 8, Survival Months: 50.50, Risk: -15.4785
	--> Average Speed: 0.07s per batch
	--> Time from Last Check: 2.20s
--> Batch: 799, Loss: 0.2419, Label: 6, Survival Months: 38.17, Risk: -18.1561
	--> Average Speed: 0.07s per batch
	--> Time from Last Check: 2.14s
[10/01/2025 - 00:49:04] - Epoch: 17, lr: 0.00008515, training_loss: 0.5511, training_c_index: 0.9160
[10/01/2025 - 00:49:06] - Epoch: 17, validation_loss: 0.9283, validation_c_index: 0.4918
--> No improvement in validation_loss or validation_c_index for 7 epoch(s)
--> Current BEST Score: 0.4860
	--> validation_loss: 0.9238
	--> best validation_c_index: 0.5784
--> Early stopping triggered after 7 epochs without improvement
[10/01/2025 - 00:49:06] - Restoring best model from epoch 10

################# [10/01/2025 - 00:49:06] - Training completed #################

################# [10/01/2025 - 00:49:06] - Validation started #################
[10/01/2025 - 00:49:08] - Final Validation, validation_loss: 0.9238, validation_c_index: 0.5784
[10/01/2025 - 00:49:08] - Time elapsed for Validation: 2s

################ [10/01/2025 - 00:49:08] - Validation completed ################

################## [10/01/2025 - 00:49:11] - MCAT terminated ###################
