Environment conda activated
Job 2504623 started

#################### [08/01/2025 - 18:02:12] - MCAT started ####################
HOSTNAME: ajeje

WANDB: setting up for report

CUDA: available
--> Device count: 1
--> Using device: NVIDIA GeForce RTX 2080 Ti
--> Running on CUDA

DATASET: Loading data
--> Remaining samples after removing incomplete: 1039
--> Class intervals: [
	0: [0.00 - 2.57]
	1: [2.57 - 17.70]
	2: [17.70 - 26.37]
	3: [26.37 - 31.25]
	4: [31.25 - 34.71]
	5: [34.71 - 38.03]
	6: [38.03 - 42.94]
	7: [42.94 - 47.45]
	8: [47.45 - 51.69]
	9: [51.69 - 58.17]
	10: [58.17 - 67.10]
	11: [67.10 - 79.80]
	12: [79.80 - 88.56]
	13: [88.56 - 102.25]
	14: [102.25 - 120.62]
	15: [120.62 - 141.88]
	16: [141.88 - 174.40]
	17: [174.40 - 205.88]
	18: [205.88 - 263.29]
	19: [263.29 - 593.83]
    ]
--> Standardizing RNA-seq data
--> Standardizing Methylation Islands beta values
--> Gene Expression Signatures size: [19938]
--> Methylation Signatures size: [4522]
--> Using 80% training, 20% validation
--> Training Set: [831], Validation Set: [208]

MODEL: MCAT
--> Trainable parameters of MCAT: 9362966
--> Loss function: CrossEntropySurvivalLoss
--> Optimizer: adam

################## [08/01/2025 - 18:02:37] - Training started ##################
[08/01/2025 - 18:02:37] - Epoch: 1
--> Batch: 49, Loss: 3.2266, Label: 14, Survival Months: 105.00, Risk: -1.0309
	--> Average Speed: 0.07s per batch
	--> Time from Last Check: 2.34s
--> Batch: 99, Loss: 3.0110, Label: 13, Survival Months: 97.08, Risk: -1.1199
	--> Average Speed: 0.05s per batch
	--> Time from Last Check: 1.71s
--> Batch: 149, Loss: 1.6355, Label: 3, Survival Months: 30.50, Risk: -1.2517
	--> Average Speed: 0.06s per batch
	--> Time from Last Check: 1.83s
--> Batch: 199, Loss: 1.6705, Label: 4, Survival Months: 34.42, Risk: -1.4490
	--> Average Speed: 0.06s per batch
	--> Time from Last Check: 1.79s
--> Batch: 249, Loss: 1.9906, Label: 8, Survival Months: 49.17, Risk: -1.7675
	--> Average Speed: 0.06s per batch
	--> Time from Last Check: 1.80s
--> Batch: 299, Loss: 1.7545, Label: 8, Survival Months: 47.92, Risk: -2.5457
	--> Average Speed: 0.05s per batch
	--> Time from Last Check: 1.74s
--> Batch: 349, Loss: 1.2891, Label: 4, Survival Months: 34.67, Risk: -3.7191
	--> Average Speed: 0.06s per batch
	--> Time from Last Check: 1.82s
--> Batch: 399, Loss: 1.1470, Label: 4, Survival Months: 32.67, Risk: -7.0932
	--> Average Speed: 0.06s per batch
	--> Time from Last Check: 1.78s
--> Batch: 449, Loss: 1.0506, Label: 0, Survival Months: 0.00, Risk: -11.4287
	--> Average Speed: 0.06s per batch
	--> Time from Last Check: 1.83s
--> Batch: 499, Loss: 3.1172, Label: 19, Survival Months: 288.42, Risk: -13.1316
	--> Average Speed: 0.06s per batch
	--> Time from Last Check: 1.84s
--> Batch: 549, Loss: 1.0199, Label: 6, Survival Months: 42.50, Risk: -16.6309
	--> Average Speed: 0.06s per batch
	--> Time from Last Check: 1.84s
--> Batch: 599, Loss: 1.0285, Label: 11, Survival Months: 71.33, Risk: -15.9660
	--> Average Speed: 0.06s per batch
	--> Time from Last Check: 1.79s
--> Batch: 649, Loss: 0.9802, Label: 0, Survival Months: 0.00, Risk: -17.1184
	--> Average Speed: 0.06s per batch
	--> Time from Last Check: 1.78s
--> Batch: 699, Loss: 1.0733, Label: 17, Survival Months: 190.17, Risk: -16.7159
	--> Average Speed: 0.05s per batch
	--> Time from Last Check: 1.70s
--> Batch: 749, Loss: 3.8543, Label: 14, Survival Months: 113.75, Risk: -16.4600
	--> Average Speed: 0.05s per batch
	--> Time from Last Check: 1.72s
--> Batch: 799, Loss: 0.9485, Label: 3, Survival Months: 30.42, Risk: -15.0037
	--> Average Speed: 0.05s per batch
	--> Time from Last Check: 1.66s
[08/01/2025 - 18:03:08] - Epoch: 1, lr: 0.00010000, train_loss: 2.1040, train_c_index: 0.5246
[08/01/2025 - 18:03:10] - Epoch: 1, val_loss: 1.2340, val_c_index: 0.4102
[08/01/2025 - 18:03:10] - Time elapsed for epoch 1: 33s
[08/01/2025 - 18:03:10] - Epoch: 2
--> Batch: 49, Loss: 0.9639, Label: 7, Survival Months: 43.58, Risk: -12.9127
	--> Average Speed: 0.06s per batch
	--> Time from Last Check: 2.00s
--> Batch: 99, Loss: 0.9174, Label: 1, Survival Months: 2.58, Risk: -12.0390
	--> Average Speed: 0.06s per batch
	--> Time from Last Check: 1.79s
--> Batch: 149, Loss: 2.7261, Label: 18, Survival Months: 206.92, Risk: -13.1472
	--> Average Speed: 0.06s per batch
	--> Time from Last Check: 1.79s
--> Batch: 199, Loss: 0.9795, Label: 13, Survival Months: 89.50, Risk: -13.7571
	--> Average Speed: 0.06s per batch
	--> Time from Last Check: 1.80s
--> Batch: 249, Loss: 1.0422, Label: 17, Survival Months: 182.50, Risk: -14.5327
	--> Average Speed: 0.05s per batch
	--> Time from Last Check: 1.75s
--> Batch: 299, Loss: 1.1165, Label: 18, Survival Months: 209.42, Risk: -14.3577
	--> Average Speed: 0.06s per batch
	--> Time from Last Check: 1.85s
--> Batch: 349, Loss: 0.9747, Label: 15, Survival Months: 134.67, Risk: -14.4047
	--> Average Speed: 0.06s per batch
	--> Time from Last Check: 1.82s
--> Batch: 399, Loss: 3.3206, Label: 14, Survival Months: 119.17, Risk: -14.8739
	--> Average Speed: 0.06s per batch
	--> Time from Last Check: 1.77s
--> Batch: 449, Loss: 0.8978, Label: 12, Survival Months: 85.58, Risk: -14.3571
	--> Average Speed: 0.05s per batch
	--> Time from Last Check: 1.71s
--> Batch: 499, Loss: 0.8414, Label: 3, Survival Months: 29.00, Risk: -13.8918
	--> Average Speed: 0.06s per batch
	--> Time from Last Check: 1.89s
--> Batch: 549, Loss: 1.2956, Label: 19, Survival Months: 357.08, Risk: -13.4182
	--> Average Speed: 0.05s per batch
	--> Time from Last Check: 1.70s
--> Batch: 599, Loss: 0.9467, Label: 15, Survival Months: 138.75, Risk: -13.7419
	--> Average Speed: 0.06s per batch
	--> Time from Last Check: 1.81s
--> Batch: 649, Loss: 0.7964, Label: 0, Survival Months: 2.50, Risk: -15.1452
	--> Average Speed: 0.05s per batch
	--> Time from Last Check: 1.75s
--> Batch: 699, Loss: 0.8377, Label: 12, Survival Months: 83.08, Risk: -15.3201
	--> Average Speed: 0.05s per batch
	--> Time from Last Check: 1.68s
--> Batch: 749, Loss: 0.8156, Label: 10, Survival Months: 60.67, Risk: -15.2302
	--> Average Speed: 0.06s per batch
	--> Time from Last Check: 1.76s
--> Batch: 799, Loss: 0.7969, Label: 3, Survival Months: 28.92, Risk: -13.0903
	--> Average Speed: 0.05s per batch
	--> Time from Last Check: 1.73s
[08/01/2025 - 18:03:40] - Epoch: 2, lr: 0.00009900, train_loss: 1.2652, train_c_index: 0.5358
[08/01/2025 - 18:03:43] - Epoch: 2, val_loss: 1.0773, val_c_index: 0.3584
[08/01/2025 - 18:03:43] - Time elapsed for epoch 2: 32s
[08/01/2025 - 18:03:43] - Epoch: 3
--> Batch: 49, Loss: 0.9065, Label: 16, Survival Months: 172.67, Risk: -14.0352
	--> Average Speed: 0.06s per batch
	--> Time from Last Check: 2.00s
--> Batch: 99, Loss: 2.5491, Label: 17, Survival Months: 182.67, Risk: -15.1608
	--> Average Speed: 0.05s per batch
	--> Time from Last Check: 1.71s
--> Batch: 149, Loss: 0.7523, Label: 2, Survival Months: 25.25, Risk: -15.1773
	--> Average Speed: 0.05s per batch
	--> Time from Last Check: 1.69s
--> Batch: 199, Loss: 0.9749, Label: 14, Survival Months: 114.50, Risk: -10.0934
	--> Average Speed: 0.05s per batch
	--> Time from Last Check: 1.67s
--> Batch: 249, Loss: 0.7797, Label: 13, Survival Months: 93.25, Risk: -15.4247
	--> Average Speed: 0.05s per batch
	--> Time from Last Check: 1.75s
--> Batch: 299, Loss: 0.7384, Label: 2, Survival Months: 25.58, Risk: -13.2039
	--> Average Speed: 0.06s per batch
	--> Time from Last Check: 1.83s
--> Batch: 349, Loss: 0.7327, Label: 3, Survival Months: 28.08, Risk: -14.0658
	--> Average Speed: 0.05s per batch
	--> Time from Last Check: 1.70s
--> Batch: 399, Loss: 4.3423, Label: 0, Survival Months: 0.00, Risk: -12.9845
	--> Average Speed: 0.06s per batch
	--> Time from Last Check: 1.77s
--> Batch: 449, Loss: 0.7149, Label: 1, Survival Months: 5.83, Risk: -11.8179
	--> Average Speed: 0.06s per batch
	--> Time from Last Check: 1.86s
--> Batch: 499, Loss: 0.9455, Label: 17, Survival Months: 191.50, Risk: -12.7154
	--> Average Speed: 0.06s per batch
	--> Time from Last Check: 1.81s
--> Batch: 549, Loss: 0.7092, Label: 3, Survival Months: 30.50, Risk: -13.5611
	--> Average Speed: 0.05s per batch
	--> Time from Last Check: 1.69s
--> Batch: 599, Loss: 0.7453, Label: 16, Survival Months: 156.33, Risk: -16.6887
	--> Average Speed: 0.06s per batch
	--> Time from Last Check: 1.82s
--> Batch: 649, Loss: 4.4593, Label: 2, Survival Months: 25.17, Risk: -15.5756
	--> Average Speed: 0.06s per batch
	--> Time from Last Check: 1.82s
--> Batch: 699, Loss: 0.7015, Label: 3, Survival Months: 29.83, Risk: -12.1825
	--> Average Speed: 0.06s per batch
	--> Time from Last Check: 1.82s
--> Batch: 749, Loss: 0.6747, Label: 7, Survival Months: 44.42, Risk: -16.3263
	--> Average Speed: 0.06s per batch
	--> Time from Last Check: 1.80s
--> Batch: 799, Loss: 0.6689, Label: 5, Survival Months: 35.08, Risk: -15.5988
	--> Average Speed: 0.06s per batch
	--> Time from Last Check: 1.85s
[08/01/2025 - 18:04:13] - Epoch: 3, lr: 0.00009801, train_loss: 1.1253, train_c_index: 0.5413
[08/01/2025 - 18:04:15] - Epoch: 3, val_loss: 0.9556, val_c_index: 0.5255
[08/01/2025 - 18:04:15] - Time elapsed for epoch 3: 33s
[08/01/2025 - 18:04:15] - Epoch: 4
--> Batch: 49, Loss: 2.0363, Label: 19, Survival Months: 329.92, Risk: -15.0942
	--> Average Speed: 0.06s per batch
	--> Time from Last Check: 1.94s
--> Batch: 99, Loss: 0.6408, Label: 0, Survival Months: 0.00, Risk: -15.5818
	--> Average Speed: 0.06s per batch
	--> Time from Last Check: 1.85s
--> Batch: 149, Loss: 0.6449, Label: 9, Survival Months: 54.92, Risk: -16.6399
	--> Average Speed: 0.05s per batch
	--> Time from Last Check: 1.70s
--> Batch: 199, Loss: 1.7975, Label: 19, Survival Months: 355.58, Risk: -16.3529
	--> Average Speed: 0.05s per batch
	--> Time from Last Check: 1.75s
--> Batch: 249, Loss: 0.6407, Label: 7, Survival Months: 44.33, Risk: -15.2266
	--> Average Speed: 0.06s per batch
	--> Time from Last Check: 1.81s
--> Batch: 299, Loss: 0.8137, Label: 10, Survival Months: 64.08, Risk: -7.9751
	--> Average Speed: 0.06s per batch
	--> Time from Last Check: 1.78s
--> Batch: 349, Loss: 0.6202, Label: 1, Survival Months: 5.33, Risk: -13.3509
	--> Average Speed: 0.05s per batch
	--> Time from Last Check: 1.71s
--> Batch: 399, Loss: 0.7420, Label: 14, Survival Months: 109.08, Risk: -12.8755
	--> Average Speed: 0.05s per batch
	--> Time from Last Check: 1.71s
--> Batch: 449, Loss: 0.6301, Label: 11, Survival Months: 71.33, Risk: -15.5464
	--> Average Speed: 0.06s per batch
	--> Time from Last Check: 1.84s
--> Batch: 499, Loss: 0.6008, Label: 3, Survival Months: 29.83, Risk: -15.7565
	--> Average Speed: 0.06s per batch
	--> Time from Last Check: 1.84s
--> Batch: 549, Loss: 0.6021, Label: 3, Survival Months: 29.33, Risk: -14.9288
	--> Average Speed: 0.05s per batch
	--> Time from Last Check: 1.69s
--> Batch: 599, Loss: 3.2014, Label: 11, Survival Months: 68.75, Risk: -13.6814
	--> Average Speed: 0.06s per batch
	--> Time from Last Check: 1.86s
--> Batch: 649, Loss: 0.6054, Label: 4, Survival Months: 31.75, Risk: -13.6157
	--> Average Speed: 0.06s per batch
	--> Time from Last Check: 1.83s
--> Batch: 699, Loss: 3.0573, Label: 17, Survival Months: 182.67, Risk: -10.0967
	--> Average Speed: 0.06s per batch
	--> Time from Last Check: 1.80s
--> Batch: 749, Loss: 0.6320, Label: 14, Survival Months: 109.00, Risk: -15.8089
	--> Average Speed: 0.06s per batch
	--> Time from Last Check: 1.80s
--> Batch: 799, Loss: 0.6268, Label: 14, Survival Months: 102.83, Risk: -15.8400
	--> Average Speed: 0.06s per batch
	--> Time from Last Check: 1.76s
[08/01/2025 - 18:04:45] - Epoch: 4, lr: 0.00009703, train_loss: 1.0151, train_c_index: 0.6144
[08/01/2025 - 18:04:47] - Epoch: 4, val_loss: 0.8833, val_c_index: 0.5049
[08/01/2025 - 18:04:47] - Time elapsed for epoch 4: 32s
[08/01/2025 - 18:04:47] - Epoch: 5
--> Batch: 49, Loss: 0.6256, Label: 15, Survival Months: 130.08, Risk: -16.2008
	--> Average Speed: 0.06s per batch
	--> Time from Last Check: 2.06s
--> Batch: 99, Loss: 0.5769, Label: 7, Survival Months: 44.42, Risk: -14.7896
	--> Average Speed: 0.05s per batch
	--> Time from Last Check: 1.75s
--> Batch: 149, Loss: 0.5732, Label: 2, Survival Months: 18.17, Risk: -12.7438
	--> Average Speed: 0.06s per batch
	--> Time from Last Check: 1.81s
--> Batch: 199, Loss: 0.5762, Label: 5, Survival Months: 35.67, Risk: -13.1947
	--> Average Speed: 0.05s per batch
	--> Time from Last Check: 1.71s
--> Batch: 249, Loss: 0.5623, Label: 3, Survival Months: 30.42, Risk: -13.9141
	--> Average Speed: 0.05s per batch
	--> Time from Last Check: 1.76s
--> Batch: 299, Loss: 0.6622, Label: 17, Survival Months: 197.67, Risk: -15.5730
	--> Average Speed: 0.06s per batch
	--> Time from Last Check: 1.81s
--> Batch: 349, Loss: 0.5800, Label: 11, Survival Months: 71.33, Risk: -14.7777
	--> Average Speed: 0.06s per batch
	--> Time from Last Check: 1.78s
--> Batch: 399, Loss: 0.6444, Label: 13, Survival Months: 101.67, Risk: -12.9685
	--> Average Speed: 0.05s per batch
	--> Time from Last Check: 1.70s
--> Batch: 449, Loss: 0.5624, Label: 13, Survival Months: 93.25, Risk: -16.3978
	--> Average Speed: 0.06s per batch
	--> Time from Last Check: 1.80s
--> Batch: 499, Loss: 0.6110, Label: 13, Survival Months: 91.92, Risk: -13.8112
	--> Average Speed: 0.06s per batch
	--> Time from Last Check: 1.77s
--> Batch: 549, Loss: 0.5236, Label: 8, Survival Months: 51.00, Risk: -17.2333
	--> Average Speed: 0.06s per batch
	--> Time from Last Check: 1.83s
--> Batch: 599, Loss: 0.6487, Label: 17, Survival Months: 187.92, Risk: -15.4858
	--> Average Speed: 0.05s per batch
	--> Time from Last Check: 1.73s
--> Batch: 649, Loss: 3.1807, Label: 14, Survival Months: 115.67, Risk: -16.5406
	--> Average Speed: 0.05s per batch
	--> Time from Last Check: 1.71s
--> Batch: 699, Loss: 0.5123, Label: 9, Survival Months: 54.33, Risk: -16.6985
	--> Average Speed: 0.06s per batch
	--> Time from Last Check: 1.76s
--> Batch: 749, Loss: 0.8946, Label: 19, Survival Months: 277.75, Risk: -15.0810
	--> Average Speed: 0.06s per batch
	--> Time from Last Check: 1.80s
--> Batch: 799, Loss: 0.5173, Label: 2, Survival Months: 23.92, Risk: -12.7325
	--> Average Speed: 0.05s per batch
	--> Time from Last Check: 1.75s
[08/01/2025 - 18:05:17] - Epoch: 5, lr: 0.00009606, train_loss: 0.9350, train_c_index: 0.6389
[08/01/2025 - 18:05:20] - Epoch: 5, val_loss: 0.8074, val_c_index: 0.4817
[08/01/2025 - 18:05:20] - Time elapsed for epoch 5: 32s
[08/01/2025 - 18:05:20] - Epoch: 6
--> Batch: 49, Loss: 0.4898, Label: 1, Survival Months: 17.50, Risk: -16.0625
	--> Average Speed: 0.06s per batch
	--> Time from Last Check: 2.00s
--> Batch: 99, Loss: 0.7291, Label: 17, Survival Months: 193.00, Risk: -12.9513
	--> Average Speed: 0.06s per batch
	--> Time from Last Check: 1.85s
--> Batch: 149, Loss: 0.5544, Label: 8, Survival Months: 50.83, Risk: -11.6607
	--> Average Speed: 0.06s per batch
	--> Time from Last Check: 1.88s
--> Batch: 199, Loss: 0.7102, Label: 18, Survival Months: 224.58, Risk: -15.9191
	--> Average Speed: 0.05s per batch
	--> Time from Last Check: 1.72s
--> Batch: 249, Loss: 0.5404, Label: 14, Survival Months: 109.00, Risk: -15.1509
	--> Average Speed: 0.05s per batch
	--> Time from Last Check: 1.75s
--> Batch: 299, Loss: 5.2509, Label: 0, Survival Months: 2.50, Risk: -16.4226
	--> Average Speed: 0.05s per batch
	--> Time from Last Check: 1.59s
--> Batch: 349, Loss: 0.4719, Label: 2, Survival Months: 26.08, Risk: -15.6829
	--> Average Speed: 0.05s per batch
	--> Time from Last Check: 1.60s
--> Batch: 399, Loss: 0.4743, Label: 3, Survival Months: 30.42, Risk: -15.0535
	--> Average Speed: 0.05s per batch
	--> Time from Last Check: 1.70s
--> Batch: 449, Loss: 0.5167, Label: 11, Survival Months: 77.58, Risk: -13.8925
	--> Average Speed: 0.05s per batch
	--> Time from Last Check: 1.75s
--> Batch: 499, Loss: 0.4591, Label: 5, Survival Months: 37.92, Risk: -17.0965
	--> Average Speed: 0.05s per batch
	--> Time from Last Check: 1.60s
--> Batch: 549, Loss: 4.0767, Label: 6, Survival Months: 39.00, Risk: -10.9161
	--> Average Speed: 0.05s per batch
	--> Time from Last Check: 1.71s
--> Batch: 599, Loss: 1.7830, Label: 18, Survival Months: 255.25, Risk: -16.4826
	--> Average Speed: 0.05s per batch
	--> Time from Last Check: 1.76s
--> Batch: 649, Loss: 0.4818, Label: 13, Survival Months: 101.00, Risk: -16.4569
	--> Average Speed: 0.05s per batch
	--> Time from Last Check: 1.71s
--> Batch: 699, Loss: 0.4675, Label: 11, Survival Months: 78.50, Risk: -16.3422
	--> Average Speed: 0.05s per batch
	--> Time from Last Check: 1.63s
--> Batch: 749, Loss: 0.4869, Label: 7, Survival Months: 45.08, Risk: -12.5523
	--> Average Speed: 0.06s per batch
	--> Time from Last Check: 1.81s
--> Batch: 799, Loss: 0.5592, Label: 14, Survival Months: 114.25, Risk: -13.6166
	--> Average Speed: 0.05s per batch
	--> Time from Last Check: 1.75s
[08/01/2025 - 18:05:49] - Epoch: 6, lr: 0.00009510, train_loss: 0.8637, train_c_index: 0.6470
[08/01/2025 - 18:05:51] - Epoch: 6, val_loss: 0.7699, val_c_index: 0.5398
[08/01/2025 - 18:05:51] - Time elapsed for epoch 6: 32s
[08/01/2025 - 18:05:51] - Epoch: 7
--> Batch: 49, Loss: 0.4738, Label: 11, Survival Months: 72.25, Risk: -15.0970
	--> Average Speed: 0.06s per batch
	--> Time from Last Check: 1.93s
--> Batch: 99, Loss: 3.7316, Label: 7, Survival Months: 44.83, Risk: -14.0114
	--> Average Speed: 0.06s per batch
	--> Time from Last Check: 1.76s
--> Batch: 149, Loss: 2.4193, Label: 18, Survival Months: 210.00, Risk: -13.7256
	--> Average Speed: 0.06s per batch
	--> Time from Last Check: 1.77s
--> Batch: 199, Loss: 0.5033, Label: 11, Survival Months: 70.75, Risk: -13.0524
	--> Average Speed: 0.06s per batch
	--> Time from Last Check: 1.81s
--> Batch: 249, Loss: 0.4710, Label: 12, Survival Months: 83.08, Risk: -15.3032
	--> Average Speed: 0.06s per batch
	--> Time from Last Check: 1.83s
--> Batch: 299, Loss: 0.4520, Label: 12, Survival Months: 83.08, Risk: -16.1408
	--> Average Speed: 0.06s per batch
	--> Time from Last Check: 1.79s
--> Batch: 349, Loss: 0.4433, Label: 11, Survival Months: 71.50, Risk: -16.0136
	--> Average Speed: 0.06s per batch
	--> Time from Last Check: 1.85s
--> Batch: 399, Loss: 0.4280, Label: 3, Survival Months: 28.08, Risk: -14.8882
	--> Average Speed: 0.05s per batch
	--> Time from Last Check: 1.72s
--> Batch: 449, Loss: 0.4326, Label: 2, Survival Months: 25.33, Risk: -13.1088
	--> Average Speed: 0.05s per batch
	--> Time from Last Check: 1.67s
--> Batch: 499, Loss: 0.4266, Label: 8, Survival Months: 49.58, Risk: -15.8545
	--> Average Speed: 0.06s per batch
	--> Time from Last Check: 1.78s
--> Batch: 549, Loss: 0.4080, Label: 0, Survival Months: 2.50, Risk: -15.0218
	--> Average Speed: 0.06s per batch
	--> Time from Last Check: 1.89s
--> Batch: 599, Loss: 0.4113, Label: 2, Survival Months: 18.67, Risk: -16.4155
	--> Average Speed: 0.05s per batch
	--> Time from Last Check: 1.71s
--> Batch: 649, Loss: 0.5701, Label: 17, Survival Months: 194.17, Risk: -14.9692
	--> Average Speed: 0.06s per batch
	--> Time from Last Check: 1.78s
--> Batch: 699, Loss: 0.4511, Label: 13, Survival Months: 101.67, Risk: -15.5248
	--> Average Speed: 0.05s per batch
	--> Time from Last Check: 1.72s
--> Batch: 749, Loss: 0.4285, Label: 14, Survival Months: 102.83, Risk: -17.4465
	--> Average Speed: 0.05s per batch
	--> Time from Last Check: 1.73s
--> Batch: 799, Loss: 0.4650, Label: 17, Survival Months: 180.33, Risk: -17.5267
	--> Average Speed: 0.06s per batch
	--> Time from Last Check: 1.85s
[08/01/2025 - 18:06:21] - Epoch: 7, lr: 0.00009415, train_loss: 0.7953, train_c_index: 0.7637
[08/01/2025 - 18:06:24] - Epoch: 7, val_loss: 0.7662, val_c_index: 0.4826
[08/01/2025 - 18:06:24] - Time elapsed for epoch 7: 32s
[08/01/2025 - 18:06:24] - Epoch: 8
--> Batch: 49, Loss: 0.4080, Label: 11, Survival Months: 75.58, Risk: -17.2822
	--> Average Speed: 0.06s per batch
	--> Time from Last Check: 1.99s
--> Batch: 99, Loss: 0.5588, Label: 18, Survival Months: 260.08, Risk: -16.7035
	--> Average Speed: 0.06s per batch
	--> Time from Last Check: 1.84s
--> Batch: 149, Loss: 0.4197, Label: 13, Survival Months: 93.25, Risk: -16.9480
	--> Average Speed: 0.06s per batch
	--> Time from Last Check: 1.88s
--> Batch: 199, Loss: 0.4016, Label: 6, Survival Months: 39.33, Risk: -15.7666
	--> Average Speed: 0.06s per batch
	--> Time from Last Check: 1.82s
--> Batch: 249, Loss: 0.5331, Label: 17, Survival Months: 175.67, Risk: -15.9201
	--> Average Speed: 0.06s per batch
	--> Time from Last Check: 1.84s
--> Batch: 299, Loss: 0.4086, Label: 5, Survival Months: 34.83, Risk: -13.6672
	--> Average Speed: 0.06s per batch
	--> Time from Last Check: 1.81s
--> Batch: 349, Loss: 0.4092, Label: 10, Survival Months: 58.92, Risk: -15.2006
	--> Average Speed: 0.05s per batch
	--> Time from Last Check: 1.76s
--> Batch: 399, Loss: 0.4650, Label: 16, Survival Months: 144.17, Risk: -16.4296
	--> Average Speed: 0.06s per batch
	--> Time from Last Check: 1.78s
--> Batch: 449, Loss: 0.3848, Label: 7, Survival Months: 44.17, Risk: -17.1318
	--> Average Speed: 0.06s per batch
	--> Time from Last Check: 1.84s
--> Batch: 499, Loss: 0.3813, Label: 0, Survival Months: 0.00, Risk: -14.5677
	--> Average Speed: 0.06s per batch
	--> Time from Last Check: 1.82s
--> Batch: 549, Loss: 0.8555, Label: 19, Survival Months: 273.92, Risk: -13.6583
	--> Average Speed: 0.06s per batch
	--> Time from Last Check: 1.87s
--> Batch: 599, Loss: 0.3856, Label: 11, Survival Months: 75.67, Risk: -17.6846
	--> Average Speed: 0.06s per batch
	--> Time from Last Check: 1.77s
--> Batch: 649, Loss: 0.4653, Label: 16, Survival Months: 163.83, Risk: -16.2271
	--> Average Speed: 0.05s per batch
	--> Time from Last Check: 1.73s
--> Batch: 699, Loss: 0.4369, Label: 10, Survival Months: 58.58, Risk: -12.9428
	--> Average Speed: 0.06s per batch
	--> Time from Last Check: 1.87s
--> Batch: 749, Loss: 0.3951, Label: 9, Survival Months: 54.67, Risk: -15.6096
	--> Average Speed: 0.05s per batch
	--> Time from Last Check: 1.73s
--> Batch: 799, Loss: 0.3980, Label: 13, Survival Months: 96.42, Risk: -16.8128
	--> Average Speed: 0.05s per batch
	--> Time from Last Check: 1.67s
[08/01/2025 - 18:06:54] - Epoch: 8, lr: 0.00009321, train_loss: 0.7660, train_c_index: 0.7380
[08/01/2025 - 18:06:57] - Epoch: 8, val_loss: 0.8136, val_c_index: 0.4826
[08/01/2025 - 18:06:57] - Time elapsed for epoch 8: 33s
[08/01/2025 - 18:06:57] - Epoch: 9
--> Batch: 49, Loss: 0.3699, Label: 2, Survival Months: 17.92, Risk: -17.2731
	--> Average Speed: 0.06s per batch
	--> Time from Last Check: 1.93s
--> Batch: 99, Loss: 0.3801, Label: 8, Survival Months: 47.92, Risk: -16.2155
	--> Average Speed: 0.06s per batch
	--> Time from Last Check: 1.77s
--> Batch: 149, Loss: 0.4186, Label: 14, Survival Months: 118.50, Risk: -16.1510
	--> Average Speed: 0.05s per batch
	--> Time from Last Check: 1.72s
--> Batch: 199, Loss: 0.3745, Label: 5, Survival Months: 37.33, Risk: -15.6227
	--> Average Speed: 0.06s per batch
	--> Time from Last Check: 1.78s
--> Batch: 249, Loss: 0.3726, Label: 7, Survival Months: 44.33, Risk: -16.2210
	--> Average Speed: 0.05s per batch
	--> Time from Last Check: 1.63s
--> Batch: 299, Loss: 0.4415, Label: 11, Survival Months: 71.33, Risk: -12.8412
	--> Average Speed: 0.05s per batch
	--> Time from Last Check: 1.74s
--> Batch: 349, Loss: 0.3835, Label: 5, Survival Months: 35.25, Risk: -13.5171
	--> Average Speed: 0.05s per batch
	--> Time from Last Check: 1.68s
--> Batch: 399, Loss: 0.4943, Label: 15, Survival Months: 128.50, Risk: -13.8449
	--> Average Speed: 0.05s per batch
	--> Time from Last Check: 1.61s
--> Batch: 449, Loss: 0.3675, Label: 11, Survival Months: 75.58, Risk: -17.2081
	--> Average Speed: 0.06s per batch
	--> Time from Last Check: 1.88s
--> Batch: 499, Loss: 0.4374, Label: 8, Survival Months: 48.25, Risk: -11.2025
	--> Average Speed: 0.05s per batch
	--> Time from Last Check: 1.69s
--> Batch: 549, Loss: 0.3548, Label: 3, Survival Months: 27.33, Risk: -17.9534
	--> Average Speed: 0.06s per batch
	--> Time from Last Check: 1.83s
--> Batch: 599, Loss: 1.8786, Label: 18, Survival Months: 210.00, Risk: -16.5437
	--> Average Speed: 0.05s per batch
	--> Time from Last Check: 1.72s
--> Batch: 649, Loss: 0.3796, Label: 11, Survival Months: 72.08, Risk: -15.8099
	--> Average Speed: 0.05s per batch
	--> Time from Last Check: 1.75s
--> Batch: 699, Loss: 0.4671, Label: 14, Survival Months: 103.92, Risk: -13.7529
	--> Average Speed: 0.06s per batch
	--> Time from Last Check: 1.81s
--> Batch: 749, Loss: 0.3570, Label: 9, Survival Months: 52.92, Risk: -16.7434
	--> Average Speed: 0.05s per batch
	--> Time from Last Check: 1.76s
--> Batch: 799, Loss: 0.4964, Label: 18, Survival Months: 217.67, Risk: -17.8281
	--> Average Speed: 0.06s per batch
	--> Time from Last Check: 1.77s
[08/01/2025 - 18:07:26] - Epoch: 9, lr: 0.00009227, train_loss: 0.7298, train_c_index: 0.7844
[08/01/2025 - 18:07:29] - Epoch: 9, val_loss: 0.7501, val_c_index: 0.5013
[08/01/2025 - 18:07:29] - Time elapsed for epoch 9: 32s
[08/01/2025 - 18:07:29] - Epoch: 10
--> Batch: 49, Loss: 0.3625, Label: 11, Survival Months: 72.08, Risk: -16.2870
	--> Average Speed: 0.06s per batch
	--> Time from Last Check: 2.04s
--> Batch: 99, Loss: 0.3593, Label: 7, Survival Months: 46.17, Risk: -14.7583
	--> Average Speed: 0.06s per batch
	--> Time from Last Check: 1.78s
--> Batch: 149, Loss: 0.3383, Label: 1, Survival Months: 7.00, Risk: -17.6265
	--> Average Speed: 0.06s per batch
	--> Time from Last Check: 1.80s
--> Batch: 199, Loss: 0.3955, Label: 12, Survival Months: 86.92, Risk: -14.6962
	--> Average Speed: 0.06s per batch
	--> Time from Last Check: 1.76s
--> Batch: 249, Loss: 0.3411, Label: 4, Survival Months: 34.17, Risk: -17.1042
	--> Average Speed: 0.06s per batch
	--> Time from Last Check: 1.80s
--> Batch: 299, Loss: 0.3446, Label: 1, Survival Months: 5.33, Risk: -13.8129
	--> Average Speed: 0.05s per batch
	--> Time from Last Check: 1.66s
--> Batch: 349, Loss: 0.4953, Label: 11, Survival Months: 74.17, Risk: -9.9154
	--> Average Speed: 0.05s per batch
	--> Time from Last Check: 1.71s
--> Batch: 399, Loss: 3.7359, Label: 11, Survival Months: 71.67, Risk: -2.9068
	--> Average Speed: 0.06s per batch
	--> Time from Last Check: 1.76s
--> Batch: 449, Loss: 0.4684, Label: 8, Survival Months: 48.25, Risk: -8.9813
	--> Average Speed: 0.05s per batch
	--> Time from Last Check: 1.75s
--> Batch: 499, Loss: 0.3703, Label: 12, Survival Months: 83.67, Risk: -15.9656
	--> Average Speed: 0.05s per batch
	--> Time from Last Check: 1.76s
--> Batch: 549, Loss: 2.3740, Label: 15, Survival Months: 137.42, Risk: -14.3459
	--> Average Speed: 0.05s per batch
	--> Time from Last Check: 1.62s
--> Batch: 599, Loss: 0.4869, Label: 5, Survival Months: 37.33, Risk: -5.8715
	--> Average Speed: 0.05s per batch
	--> Time from Last Check: 1.54s
--> Batch: 649, Loss: 1.5032, Label: 18, Survival Months: 226.00, Risk: -17.2223
	--> Average Speed: 0.05s per batch
	--> Time from Last Check: 1.67s
--> Batch: 699, Loss: 0.3640, Label: 11, Survival Months: 74.58, Risk: -15.2073
	--> Average Speed: 0.05s per batch
	--> Time from Last Check: 1.67s
--> Batch: 749, Loss: 0.3467, Label: 15, Survival Months: 132.08, Risk: -17.9991
	--> Average Speed: 0.05s per batch
	--> Time from Last Check: 1.72s
--> Batch: 799, Loss: 0.3491, Label: 5, Survival Months: 34.83, Risk: -13.4276
	--> Average Speed: 0.05s per batch
	--> Time from Last Check: 1.69s
[08/01/2025 - 18:07:58] - Epoch: 10, lr: 0.00009135, train_loss: 0.7056, train_c_index: 0.7934
[08/01/2025 - 18:08:00] - Epoch: 10, val_loss: 0.7332, val_c_index: 0.5299
[08/01/2025 - 18:08:00] - Time elapsed for epoch 10: 31s
[08/01/2025 - 18:08:00] - Epoch: 11
--> Batch: 49, Loss: 0.6757, Label: 17, Survival Months: 197.67, Risk: -11.1718
	--> Average Speed: 0.06s per batch
	--> Time from Last Check: 1.92s
--> Batch: 99, Loss: 0.3373, Label: 9, Survival Months: 56.25, Risk: -15.6821
	--> Average Speed: 0.05s per batch
	--> Time from Last Check: 1.73s
--> Batch: 149, Loss: 0.3556, Label: 12, Survival Months: 81.08, Risk: -15.6313
	--> Average Speed: 0.05s per batch
	--> Time from Last Check: 1.72s
--> Batch: 199, Loss: 0.3183, Label: 9, Survival Months: 53.25, Risk: -17.8016
	--> Average Speed: 0.06s per batch
	--> Time from Last Check: 1.80s
--> Batch: 249, Loss: 0.3155, Label: 8, Survival Months: 51.00, Risk: -17.9133
	--> Average Speed: 0.06s per batch
	--> Time from Last Check: 1.85s
--> Batch: 299, Loss: 0.3206, Label: 12, Survival Months: 85.50, Risk: -17.3585
	--> Average Speed: 0.06s per batch
	--> Time from Last Check: 1.83s
--> Batch: 349, Loss: 0.7377, Label: 19, Survival Months: 328.42, Risk: -16.4412
	--> Average Speed: 0.06s per batch
	--> Time from Last Check: 1.79s
--> Batch: 399, Loss: 0.3139, Label: 1, Survival Months: 15.50, Risk: -14.6753
	--> Average Speed: 0.06s per batch
	--> Time from Last Check: 1.88s
--> Batch: 449, Loss: 0.3256, Label: 12, Survival Months: 82.25, Risk: -16.6646
	--> Average Speed: 0.06s per batch
	--> Time from Last Check: 1.82s
--> Batch: 499, Loss: 0.5404, Label: 18, Survival Months: 206.42, Risk: -16.5617
	--> Average Speed: 0.06s per batch
	--> Time from Last Check: 1.80s
--> Batch: 549, Loss: 0.3069, Label: 1, Survival Months: 11.17, Risk: -17.3875
	--> Average Speed: 0.06s per batch
	--> Time from Last Check: 1.77s
--> Batch: 599, Loss: 0.3083, Label: 2, Survival Months: 20.25, Risk: -17.1305
	--> Average Speed: 0.06s per batch
	--> Time from Last Check: 1.79s
--> Batch: 649, Loss: 1.4656, Label: 18, Survival Months: 247.08, Risk: -17.9178
	--> Average Speed: 0.06s per batch
	--> Time from Last Check: 1.79s
--> Batch: 699, Loss: 0.3044, Label: 9, Survival Months: 54.92, Risk: -18.4382
	--> Average Speed: 0.05s per batch
	--> Time from Last Check: 1.66s
--> Batch: 749, Loss: 3.2853, Label: 6, Survival Months: 39.00, Risk: -1.8375
	--> Average Speed: 0.06s per batch
	--> Time from Last Check: 1.79s
--> Batch: 799, Loss: 0.3043, Label: 2, Survival Months: 25.25, Risk: -17.1695
	--> Average Speed: 0.05s per batch
	--> Time from Last Check: 1.71s
[08/01/2025 - 18:08:30] - Epoch: 11, lr: 0.00009044, train_loss: 0.6508, train_c_index: 0.8761
[08/01/2025 - 18:08:33] - Epoch: 11, val_loss: 0.7711, val_c_index: 0.4870
[08/01/2025 - 18:08:33] - Time elapsed for epoch 11: 33s
[08/01/2025 - 18:08:33] - Epoch: 12
--> Batch: 49, Loss: 0.3049, Label: 11, Survival Months: 75.92, Risk: -18.3043
	--> Average Speed: 0.06s per batch
	--> Time from Last Check: 1.91s
--> Batch: 99, Loss: 0.3025, Label: 7, Survival Months: 46.17, Risk: -18.1227
	--> Average Speed: 0.06s per batch
	--> Time from Last Check: 1.82s
--> Batch: 149, Loss: 0.5774, Label: 19, Survival Months: 536.25, Risk: -18.1399
	--> Average Speed: 0.05s per batch
	--> Time from Last Check: 1.68s
--> Batch: 199, Loss: 0.3069, Label: 9, Survival Months: 54.17, Risk: -17.4973
	--> Average Speed: 0.06s per batch
	--> Time from Last Check: 1.83s
--> Batch: 249, Loss: 0.3063, Label: 5, Survival Months: 34.75, Risk: -16.5598
	--> Average Speed: 0.05s per batch
	--> Time from Last Check: 1.76s
--> Batch: 299, Loss: 0.3934, Label: 9, Survival Months: 52.17, Risk: -10.7292
	--> Average Speed: 0.05s per batch
	--> Time from Last Check: 1.74s
--> Batch: 349, Loss: 0.3155, Label: 13, Survival Months: 102.00, Risk: -17.4877
	--> Average Speed: 0.05s per batch
	--> Time from Last Check: 1.74s
--> Batch: 399, Loss: 2.8401, Label: 11, Survival Months: 78.58, Risk: -14.9124
	--> Average Speed: 0.06s per batch
	--> Time from Last Check: 1.76s
--> Batch: 449, Loss: 0.8193, Label: 19, Survival Months: 363.42, Risk: -13.1321
	--> Average Speed: 0.06s per batch
	--> Time from Last Check: 1.82s
--> Batch: 499, Loss: 0.3296, Label: 7, Survival Months: 43.17, Risk: -13.1244
	--> Average Speed: 0.05s per batch
	--> Time from Last Check: 1.74s
--> Batch: 549, Loss: 2.6573, Label: 14, Survival Months: 106.25, Risk: -16.2238
	--> Average Speed: 0.05s per batch
	--> Time from Last Check: 1.73s
--> Batch: 599, Loss: 6.2139, Label: 0, Survival Months: 0.00, Risk: -16.5242
	--> Average Speed: 0.06s per batch
	--> Time from Last Check: 1.82s
--> Batch: 649, Loss: 0.5254, Label: 17, Survival Months: 203.50, Risk: -14.6463
	--> Average Speed: 0.05s per batch
	--> Time from Last Check: 1.75s
--> Batch: 699, Loss: 0.3266, Label: 5, Survival Months: 37.17, Risk: -11.9137
	--> Average Speed: 0.06s per batch
	--> Time from Last Check: 1.82s
--> Batch: 749, Loss: 0.2947, Label: 12, Survival Months: 81.00, Risk: -17.9650
	--> Average Speed: 0.06s per batch
	--> Time from Last Check: 1.88s
--> Batch: 799, Loss: 0.3737, Label: 14, Survival Months: 118.08, Risk: -15.0760
	--> Average Speed: 0.06s per batch
	--> Time from Last Check: 1.81s
[08/01/2025 - 18:09:02] - Epoch: 12, lr: 0.00008953, train_loss: 0.6608, train_c_index: 0.8270
[08/01/2025 - 18:09:05] - Epoch: 12, val_loss: 0.6762, val_c_index: 0.5264
[08/01/2025 - 18:09:05] - Time elapsed for epoch 12: 32s
[08/01/2025 - 18:09:05] - Epoch: 13
--> Batch: 49, Loss: 2.3375, Label: 15, Survival Months: 140.67, Risk: -12.2826
	--> Average Speed: 0.06s per batch
	--> Time from Last Check: 1.89s
--> Batch: 99, Loss: 0.2913, Label: 4, Survival Months: 34.17, Risk: -15.7883
	--> Average Speed: 0.06s per batch
	--> Time from Last Check: 1.84s
--> Batch: 149, Loss: 0.2837, Label: 5, Survival Months: 36.50, Risk: -17.4792
	--> Average Speed: 0.06s per batch
	--> Time from Last Check: 1.79s
--> Batch: 199, Loss: 0.2863, Label: 1, Survival Months: 6.50, Risk: -14.6483
	--> Average Speed: 0.06s per batch
	--> Time from Last Check: 1.86s
--> Batch: 249, Loss: 0.3451, Label: 8, Survival Months: 50.83, Risk: -11.8874
	--> Average Speed: 0.06s per batch
	--> Time from Last Check: 1.87s
--> Batch: 299, Loss: 0.6118, Label: 19, Survival Months: 559.92, Risk: -17.6904
	--> Average Speed: 0.06s per batch
	--> Time from Last Check: 1.87s
--> Batch: 349, Loss: 0.2847, Label: 7, Survival Months: 44.00, Risk: -16.4119
	--> Average Speed: 0.06s per batch
	--> Time from Last Check: 1.84s
--> Batch: 399, Loss: 0.4974, Label: 18, Survival Months: 234.42, Risk: -16.7644
	--> Average Speed: 0.05s per batch
	--> Time from Last Check: 1.72s
--> Batch: 449, Loss: 0.3407, Label: 11, Survival Months: 77.92, Risk: -13.6322
	--> Average Speed: 0.05s per batch
	--> Time from Last Check: 1.71s
--> Batch: 499, Loss: 0.2794, Label: 7, Survival Months: 43.33, Risk: -17.0157
	--> Average Speed: 0.05s per batch
	--> Time from Last Check: 1.75s
--> Batch: 549, Loss: 0.2817, Label: 5, Survival Months: 37.50, Risk: -15.9909
	--> Average Speed: 0.05s per batch
	--> Time from Last Check: 1.63s
--> Batch: 599, Loss: 0.2733, Label: 0, Survival Months: 0.00, Risk: -18.1799
	--> Average Speed: 0.06s per batch
	--> Time from Last Check: 1.80s
--> Batch: 649, Loss: 1.9404, Label: 18, Survival Months: 237.83, Risk: -17.6709
	--> Average Speed: 0.05s per batch
	--> Time from Last Check: 1.73s
--> Batch: 699, Loss: 0.2744, Label: 9, Survival Months: 53.33, Risk: -17.7699
	--> Average Speed: 0.05s per batch
	--> Time from Last Check: 1.75s
--> Batch: 749, Loss: 0.2713, Label: 3, Survival Months: 30.42, Risk: -18.5217
	--> Average Speed: 0.06s per batch
	--> Time from Last Check: 1.87s
--> Batch: 799, Loss: 0.2796, Label: 12, Survival Months: 83.42, Risk: -17.7939
	--> Average Speed: 0.05s per batch
	--> Time from Last Check: 1.64s
[08/01/2025 - 18:09:35] - Epoch: 13, lr: 0.00008864, train_loss: 0.6220, train_c_index: 0.8795
[08/01/2025 - 18:09:37] - Epoch: 13, val_loss: 0.6835, val_c_index: 0.5085
[08/01/2025 - 18:09:38] - Time elapsed for epoch 13: 32s
[08/01/2025 - 18:09:38] - Epoch: 14
--> Batch: 49, Loss: 0.2755, Label: 9, Survival Months: 52.17, Risk: -17.2325
	--> Average Speed: 0.06s per batch
	--> Time from Last Check: 2.00s
--> Batch: 99, Loss: 0.2796, Label: 6, Survival Months: 38.58, Risk: -15.3642
	--> Average Speed: 0.05s per batch
	--> Time from Last Check: 1.73s
--> Batch: 149, Loss: 0.3640, Label: 8, Survival Months: 50.92, Risk: -10.1746
	--> Average Speed: 0.05s per batch
	--> Time from Last Check: 1.63s
--> Batch: 199, Loss: 0.2711, Label: 5, Survival Months: 36.08, Risk: -17.0293
	--> Average Speed: 0.06s per batch
	--> Time from Last Check: 1.86s
--> Batch: 249, Loss: 2.8101, Label: 8, Survival Months: 51.33, Risk: -10.6924
	--> Average Speed: 0.05s per batch
	--> Time from Last Check: 1.72s
--> Batch: 299, Loss: 0.2708, Label: 4, Survival Months: 34.17, Risk: -16.1627
	--> Average Speed: 0.06s per batch
	--> Time from Last Check: 1.80s
--> Batch: 349, Loss: 0.2649, Label: 0, Survival Months: 0.00, Risk: -17.4884
	--> Average Speed: 0.06s per batch
	--> Time from Last Check: 1.80s
--> Batch: 399, Loss: 0.2641, Label: 0, Survival Months: 0.00, Risk: -18.1014
	--> Average Speed: 0.05s per batch
	--> Time from Last Check: 1.72s
--> Batch: 449, Loss: 0.2793, Label: 6, Survival Months: 42.58, Risk: -14.7148
	--> Average Speed: 0.05s per batch
	--> Time from Last Check: 1.72s
--> Batch: 499, Loss: 0.3248, Label: 16, Survival Months: 156.75, Risk: -17.1729
	--> Average Speed: 0.06s per batch
	--> Time from Last Check: 1.77s
--> Batch: 549, Loss: 0.5671, Label: 19, Survival Months: 353.25, Risk: -17.4686
	--> Average Speed: 0.05s per batch
	--> Time from Last Check: 1.70s
--> Batch: 599, Loss: 0.2975, Label: 16, Survival Months: 174.25, Risk: -17.8501
	--> Average Speed: 0.05s per batch
	--> Time from Last Check: 1.75s
--> Batch: 649, Loss: 0.2653, Label: 8, Survival Months: 48.67, Risk: -18.2192
	--> Average Speed: 0.05s per batch
	--> Time from Last Check: 1.69s
--> Batch: 699, Loss: 0.2730, Label: 1, Survival Months: 6.67, Risk: -12.4532
	--> Average Speed: 0.05s per batch
	--> Time from Last Check: 1.70s
--> Batch: 749, Loss: 0.5320, Label: 19, Survival Months: 357.08, Risk: -18.2915
	--> Average Speed: 0.06s per batch
	--> Time from Last Check: 1.80s
--> Batch: 799, Loss: 0.2600, Label: 5, Survival Months: 36.67, Risk: -18.4487
	--> Average Speed: 0.06s per batch
	--> Time from Last Check: 1.86s
[08/01/2025 - 18:10:07] - Epoch: 14, lr: 0.00008775, train_loss: 0.6074, train_c_index: 0.8847
[08/01/2025 - 18:10:10] - Epoch: 14, val_loss: 0.7162, val_c_index: 0.5058
[08/01/2025 - 18:10:10] - Time elapsed for epoch 14: 32s
[08/01/2025 - 18:10:10] - Epoch: 15
--> Batch: 49, Loss: 0.2600, Label: 9, Survival Months: 56.75, Risk: -17.9519
	--> Average Speed: 0.06s per batch
	--> Time from Last Check: 1.99s
--> Batch: 99, Loss: 0.3704, Label: 12, Survival Months: 85.58, Risk: -12.3668
	--> Average Speed: 0.06s per batch
	--> Time from Last Check: 1.79s
--> Batch: 149, Loss: 0.2579, Label: 0, Survival Months: 0.00, Risk: -15.4655
	--> Average Speed: 0.06s per batch
	--> Time from Last Check: 1.78s
--> Batch: 199, Loss: 0.2554, Label: 10, Survival Months: 65.92, Risk: -18.2455
	--> Average Speed: 0.06s per batch
	--> Time from Last Check: 1.84s
--> Batch: 249, Loss: 0.2591, Label: 13, Survival Months: 93.42, Risk: -18.0486
	--> Average Speed: 0.06s per batch
	--> Time from Last Check: 1.76s
--> Batch: 299, Loss: 0.2531, Label: 4, Survival Months: 32.00, Risk: -17.3002
	--> Average Speed: 0.06s per batch
	--> Time from Last Check: 1.76s
--> Batch: 349, Loss: 0.2550, Label: 11, Survival Months: 79.33, Risk: -17.8875
	--> Average Speed: 0.06s per batch
	--> Time from Last Check: 1.80s
--> Batch: 399, Loss: 0.2537, Label: 11, Survival Months: 68.75, Risk: -18.1117
	--> Average Speed: 0.05s per batch
	--> Time from Last Check: 1.72s
--> Batch: 449, Loss: 0.2520, Label: 9, Survival Months: 53.92, Risk: -18.2694
	--> Average Speed: 0.06s per batch
	--> Time from Last Check: 1.80s
--> Batch: 499, Loss: 0.3224, Label: 17, Survival Months: 179.25, Risk: -17.6519
	--> Average Speed: 0.05s per batch
	--> Time from Last Check: 1.59s
--> Batch: 549, Loss: 0.2491, Label: 3, Survival Months: 30.42, Risk: -17.4101
	--> Average Speed: 0.05s per batch
	--> Time from Last Check: 1.74s
--> Batch: 599, Loss: 2.5753, Label: 11, Survival Months: 78.58, Risk: -12.0797
	--> Average Speed: 0.05s per batch
	--> Time from Last Check: 1.74s
--> Batch: 649, Loss: 0.2468, Label: 11, Survival Months: 74.08, Risk: -18.4135
	--> Average Speed: 0.05s per batch
	--> Time from Last Check: 1.63s
--> Batch: 699, Loss: 2.2399, Label: 15, Survival Months: 141.58, Risk: -14.8982
	--> Average Speed: 0.06s per batch
	--> Time from Last Check: 1.79s
--> Batch: 749, Loss: 0.5636, Label: 19, Survival Months: 353.25, Risk: -17.6623
	--> Average Speed: 0.06s per batch
	--> Time from Last Check: 1.83s
--> Batch: 799, Loss: 0.2442, Label: 2, Survival Months: 24.50, Risk: -17.7373
	--> Average Speed: 0.06s per batch
	--> Time from Last Check: 1.77s
[08/01/2025 - 18:10:39] - Epoch: 15, lr: 0.00008687, train_loss: 0.5773, train_c_index: 0.8968
[08/01/2025 - 18:10:42] - Epoch: 15, val_loss: 0.6668, val_c_index: 0.5174
[08/01/2025 - 18:10:42] - Time elapsed for epoch 15: 32s
[08/01/2025 - 18:10:42] - Epoch: 16
--> Batch: 49, Loss: 0.2874, Label: 15, Survival Months: 127.83, Risk: -17.3995
	--> Average Speed: 0.06s per batch
	--> Time from Last Check: 1.92s
--> Batch: 99, Loss: 0.2846, Label: 8, Survival Months: 48.67, Risk: -13.1561
	--> Average Speed: 0.05s per batch
	--> Time from Last Check: 1.69s
--> Batch: 149, Loss: 0.2428, Label: 5, Survival Months: 36.25, Risk: -16.3091
	--> Average Speed: 0.06s per batch
	--> Time from Last Check: 1.79s
--> Batch: 199, Loss: 0.2869, Label: 17, Survival Months: 197.67, Risk: -18.0931
	--> Average Speed: 0.05s per batch
	--> Time from Last Check: 1.76s
--> Batch: 249, Loss: 0.2372, Label: 1, Survival Months: 4.25, Risk: -17.1374
	--> Average Speed: 0.05s per batch
	--> Time from Last Check: 1.76s
--> Batch: 299, Loss: 0.2377, Label: 10, Survival Months: 60.58, Risk: -18.4325
	--> Average Speed: 0.05s per batch
	--> Time from Last Check: 1.73s
--> Batch: 349, Loss: 0.2400, Label: 13, Survival Months: 88.67, Risk: -18.5123
	--> Average Speed: 0.05s per batch
	--> Time from Last Check: 1.70s
--> Batch: 399, Loss: 0.2413, Label: 14, Survival Months: 105.00, Risk: -18.4302
	--> Average Speed: 0.06s per batch
	--> Time from Last Check: 1.77s
--> Batch: 449, Loss: 0.2908, Label: 5, Survival Months: 37.25, Risk: -10.2183
	--> Average Speed: 0.06s per batch
	--> Time from Last Check: 1.88s
--> Batch: 499, Loss: 0.2409, Label: 7, Survival Months: 47.25, Risk: -17.2522
	--> Average Speed: 0.05s per batch
	--> Time from Last Check: 1.76s
--> Batch: 549, Loss: 0.3449, Label: 8, Survival Months: 51.17, Risk: -9.8085
	--> Average Speed: 0.05s per batch
	--> Time from Last Check: 1.68s
--> Batch: 599, Loss: 0.5493, Label: 19, Survival Months: 273.83, Risk: -18.4428
	--> Average Speed: 0.05s per batch
	--> Time from Last Check: 1.72s
--> Batch: 649, Loss: 0.2360, Label: 9, Survival Months: 56.75, Risk: -18.2788
	--> Average Speed: 0.06s per batch
	--> Time from Last Check: 1.77s
--> Batch: 699, Loss: 0.3182, Label: 13, Survival Months: 92.17, Risk: -14.0698
	--> Average Speed: 0.05s per batch
	--> Time from Last Check: 1.76s
--> Batch: 749, Loss: 0.2415, Label: 4, Survival Months: 31.75, Risk: -16.0609
	--> Average Speed: 0.05s per batch
	--> Time from Last Check: 1.73s
--> Batch: 799, Loss: 0.3077, Label: 15, Survival Months: 127.33, Risk: -16.4378
	--> Average Speed: 0.06s per batch
	--> Time from Last Check: 1.76s
[08/01/2025 - 18:11:11] - Epoch: 16, lr: 0.00008601, train_loss: 0.5634, train_c_index: 0.8985
[08/01/2025 - 18:11:14] - Epoch: 16, val_loss: 0.7202, val_c_index: 0.4710
[08/01/2025 - 18:11:14] - Time elapsed for epoch 16: 32s
[08/01/2025 - 18:11:14] - Epoch: 17
--> Batch: 49, Loss: 0.2384, Label: 7, Survival Months: 46.00, Risk: -16.5641
	--> Average Speed: 0.06s per batch
	--> Time from Last Check: 2.02s
--> Batch: 99, Loss: 0.2350, Label: 2, Survival Months: 18.67, Risk: -16.4200
	--> Average Speed: 0.05s per batch
	--> Time from Last Check: 1.74s
--> Batch: 149, Loss: 2.4473, Label: 2, Survival Months: 24.58, Risk: -9.0807
	--> Average Speed: 0.05s per batch
	--> Time from Last Check: 1.60s
--> Batch: 199, Loss: 0.6400, Label: 19, Survival Months: 353.25, Risk: -16.9122
	--> Average Speed: 0.05s per batch
	--> Time from Last Check: 1.66s
--> Batch: 249, Loss: 0.2692, Label: 12, Survival Months: 81.08, Risk: -15.4143
	--> Average Speed: 0.05s per batch
	--> Time from Last Check: 1.70s
--> Batch: 299, Loss: 0.5989, Label: 18, Survival Months: 233.00, Risk: -14.2151
	--> Average Speed: 0.05s per batch
	--> Time from Last Check: 1.71s
--> Batch: 349, Loss: 0.2414, Label: 2, Survival Months: 17.75, Risk: -13.0874
	--> Average Speed: 0.05s per batch
	--> Time from Last Check: 1.68s
--> Batch: 399, Loss: 0.2747, Label: 16, Survival Months: 150.58, Risk: -17.5458
	--> Average Speed: 0.06s per batch
	--> Time from Last Check: 1.78s
--> Batch: 449, Loss: 0.2277, Label: 11, Survival Months: 73.42, Risk: -17.9576
	--> Average Speed: 0.06s per batch
	--> Time from Last Check: 1.78s
--> Batch: 499, Loss: 0.2245, Label: 1, Survival Months: 5.83, Risk: -17.5826
	--> Average Speed: 0.06s per batch
	--> Time from Last Check: 1.79s
--> Batch: 549, Loss: 0.3660, Label: 18, Survival Months: 215.83, Risk: -18.2192
	--> Average Speed: 0.06s per batch
	--> Time from Last Check: 1.83s
--> Batch: 599, Loss: 0.2611, Label: 14, Survival Months: 109.00, Risk: -17.1325
	--> Average Speed: 0.06s per batch
	--> Time from Last Check: 1.81s
--> Batch: 649, Loss: 0.2254, Label: 10, Survival Months: 62.67, Risk: -18.4404
	--> Average Speed: 0.05s per batch
	--> Time from Last Check: 1.75s
--> Batch: 699, Loss: 0.2243, Label: 11, Survival Months: 72.08, Risk: -18.5925
	--> Average Speed: 0.06s per batch
	--> Time from Last Check: 1.84s
--> Batch: 749, Loss: 0.2358, Label: 5, Survival Months: 37.83, Risk: -14.5341
	--> Average Speed: 0.06s per batch
	--> Time from Last Check: 1.80s
--> Batch: 799, Loss: 0.2292, Label: 15, Survival Months: 132.08, Risk: -18.6038
	--> Average Speed: 0.06s per batch
	--> Time from Last Check: 1.81s
[08/01/2025 - 18:11:43] - Epoch: 17, lr: 0.00008515, train_loss: 0.5529, train_c_index: 0.8981
[08/01/2025 - 18:11:46] - Epoch: 17, val_loss: 0.6948, val_c_index: 0.5728
[08/01/2025 - 18:11:46] - Time elapsed for epoch 17: 32s
[08/01/2025 - 18:11:46] - Epoch: 18
--> Batch: 49, Loss: 0.2316, Label: 9, Survival Months: 53.58, Risk: -16.0767
	--> Average Speed: 0.06s per batch
	--> Time from Last Check: 2.06s
--> Batch: 99, Loss: 0.2497, Label: 14, Survival Months: 110.08, Risk: -17.1455
	--> Average Speed: 0.06s per batch
	--> Time from Last Check: 1.80s
--> Batch: 149, Loss: 0.2777, Label: 17, Survival Months: 190.75, Risk: -18.1938
	--> Average Speed: 0.06s per batch
	--> Time from Last Check: 1.81s
--> Batch: 199, Loss: 0.2163, Label: 10, Survival Months: 62.67, Risk: -18.1510
	--> Average Speed: 0.05s per batch
	--> Time from Last Check: 1.76s
--> Batch: 249, Loss: 0.2140, Label: 7, Survival Months: 45.92, Risk: -18.6133
	--> Average Speed: 0.05s per batch
	--> Time from Last Check: 1.73s
--> Batch: 299, Loss: 0.2144, Label: 10, Survival Months: 63.33, Risk: -18.3087
	--> Average Speed: 0.05s per batch
	--> Time from Last Check: 1.70s
--> Batch: 349, Loss: 0.2309, Label: 15, Survival Months: 140.33, Risk: -18.1365
	--> Average Speed: 0.06s per batch
	--> Time from Last Check: 1.81s
--> Batch: 399, Loss: 0.2142, Label: 5, Survival Months: 35.67, Risk: -18.0198
	--> Average Speed: 0.05s per batch
	--> Time from Last Check: 1.73s
--> Batch: 449, Loss: 0.2142, Label: 1, Survival Months: 7.00, Risk: -18.6213
	--> Average Speed: 0.06s per batch
	--> Time from Last Check: 1.87s
--> Batch: 499, Loss: 0.2165, Label: 1, Survival Months: 2.67, Risk: -15.0623
	--> Average Speed: 0.05s per batch
	--> Time from Last Check: 1.73s
--> Batch: 549, Loss: 0.2147, Label: 4, Survival Months: 33.17, Risk: -17.8543
	--> Average Speed: 0.05s per batch
	--> Time from Last Check: 1.72s
--> Batch: 599, Loss: 2.5285, Label: 16, Survival Months: 160.00, Risk: -14.5197
	--> Average Speed: 0.06s per batch
	--> Time from Last Check: 1.86s
--> Batch: 649, Loss: 0.2239, Label: 1, Survival Months: 13.58, Risk: -11.3140
	--> Average Speed: 0.05s per batch
	--> Time from Last Check: 1.66s
--> Batch: 699, Loss: 0.2153, Label: 5, Survival Months: 35.83, Risk: -17.8295
	--> Average Speed: 0.05s per batch
	--> Time from Last Check: 1.63s
--> Batch: 749, Loss: 0.2438, Label: 14, Survival Months: 107.33, Risk: -17.1571
	--> Average Speed: 0.05s per batch
	--> Time from Last Check: 1.69s
--> Batch: 799, Loss: 0.5271, Label: 17, Survival Months: 202.17, Risk: -13.0837
	--> Average Speed: 0.05s per batch
	--> Time from Last Check: 1.69s
[08/01/2025 - 18:12:16] - Epoch: 18, lr: 0.00008429, train_loss: 0.5293, train_c_index: 0.9166
[08/01/2025 - 18:12:18] - Epoch: 18, val_loss: 0.7384, val_c_index: 0.4897
[08/01/2025 - 18:12:18] - Time elapsed for epoch 18: 32s
[08/01/2025 - 18:12:18] - Epoch: 19
--> Batch: 49, Loss: 0.2173, Label: 15, Survival Months: 137.33, Risk: -18.5183
	--> Average Speed: 0.06s per batch
	--> Time from Last Check: 2.06s
--> Batch: 99, Loss: 0.2127, Label: 5, Survival Months: 35.08, Risk: -18.0770
	--> Average Speed: 0.05s per batch
	--> Time from Last Check: 1.75s
--> Batch: 149, Loss: 1.0538, Label: 18, Survival Months: 210.00, Risk: -18.1339
	--> Average Speed: 0.06s per batch
	--> Time from Last Check: 1.76s
--> Batch: 199, Loss: 0.7625, Label: 19, Survival Months: 272.75, Risk: -13.3687
	--> Average Speed: 0.06s per batch
	--> Time from Last Check: 1.84s
--> Batch: 249, Loss: 0.4389, Label: 18, Survival Months: 257.58, Risk: -17.6232
	--> Average Speed: 0.06s per batch
	--> Time from Last Check: 1.86s
--> Batch: 299, Loss: 0.2560, Label: 15, Survival Months: 127.33, Risk: -17.1903
	--> Average Speed: 0.05s per batch
	--> Time from Last Check: 1.74s
--> Batch: 349, Loss: 2.1619, Label: 11, Survival Months: 78.58, Risk: -9.1994
	--> Average Speed: 0.05s per batch
	--> Time from Last Check: 1.70s
--> Batch: 399, Loss: 0.2100, Label: 11, Survival Months: 72.08, Risk: -18.3165
	--> Average Speed: 0.06s per batch
	--> Time from Last Check: 1.84s
--> Batch: 449, Loss: 0.2080, Label: 0, Survival Months: 0.83, Risk: -15.6969
	--> Average Speed: 0.06s per batch
	--> Time from Last Check: 1.80s
--> Batch: 499, Loss: 0.2071, Label: 10, Survival Months: 62.33, Risk: -18.0638
	--> Average Speed: 0.06s per batch
	--> Time from Last Check: 1.80s
--> Batch: 549, Loss: 0.2051, Label: 0, Survival Months: 1.33, Risk: -18.1198
	--> Average Speed: 0.06s per batch
	--> Time from Last Check: 1.81s
--> Batch: 599, Loss: 0.2128, Label: 3, Survival Months: 28.08, Risk: -15.0044
	--> Average Speed: 0.06s per batch
	--> Time from Last Check: 1.78s
--> Batch: 649, Loss: 0.5582, Label: 19, Survival Months: 329.75, Risk: -17.1562
	--> Average Speed: 0.05s per batch
	--> Time from Last Check: 1.75s
--> Batch: 699, Loss: 0.4032, Label: 17, Survival Months: 189.83, Risk: -15.3712
	--> Average Speed: 0.06s per batch
	--> Time from Last Check: 1.81s
--> Batch: 749, Loss: 0.2458, Label: 10, Survival Months: 65.75, Risk: -13.5900
	--> Average Speed: 0.06s per batch
	--> Time from Last Check: 1.86s
--> Batch: 799, Loss: 1.7052, Label: 2, Survival Months: 22.17, Risk: -2.0943
	--> Average Speed: 0.06s per batch
	--> Time from Last Check: 1.76s
[08/01/2025 - 18:12:49] - Epoch: 19, lr: 0.00008345, train_loss: 0.5242, train_c_index: 0.9054
[08/01/2025 - 18:12:51] - Epoch: 19, val_loss: 0.7039, val_c_index: 0.5559
[08/01/2025 - 18:12:51] - Time elapsed for epoch 19: 33s
[08/01/2025 - 18:12:51] - Epoch: 20
--> Batch: 49, Loss: 0.2040, Label: 0, Survival Months: 0.42, Risk: -12.2253
	--> Average Speed: 0.06s per batch
	--> Time from Last Check: 2.05s
--> Batch: 99, Loss: 0.2178, Label: 4, Survival Months: 32.08, Risk: -13.2050
	--> Average Speed: 0.05s per batch
	--> Time from Last Check: 1.67s
--> Batch: 149, Loss: 0.2047, Label: 10, Survival Months: 58.58, Risk: -16.9179
	--> Average Speed: 0.05s per batch
	--> Time from Last Check: 1.72s
--> Batch: 199, Loss: 0.1973, Label: 0, Survival Months: 0.00, Risk: -16.6686
	--> Average Speed: 0.05s per batch
	--> Time from Last Check: 1.76s
--> Batch: 249, Loss: 0.4515, Label: 15, Survival Months: 136.83, Risk: -12.0527
	--> Average Speed: 0.05s per batch
	--> Time from Last Check: 1.65s
--> Batch: 299, Loss: 2.8307, Label: 8, Survival Months: 51.00, Risk: -12.9792
	--> Average Speed: 0.05s per batch
	--> Time from Last Check: 1.75s
--> Batch: 349, Loss: 0.1955, Label: 2, Survival Months: 21.00, Risk: -17.4529
	--> Average Speed: 0.05s per batch
	--> Time from Last Check: 1.76s
--> Batch: 399, Loss: 0.2348, Label: 8, Survival Months: 51.00, Risk: -13.3197
	--> Average Speed: 0.05s per batch
	--> Time from Last Check: 1.67s
--> Batch: 449, Loss: 0.3319, Label: 15, Survival Months: 138.50, Risk: -14.7767
	--> Average Speed: 0.06s per batch
	--> Time from Last Check: 1.91s
--> Batch: 499, Loss: 0.2238, Label: 13, Survival Months: 100.83, Risk: -16.5914
	--> Average Speed: 0.05s per batch
	--> Time from Last Check: 1.75s
--> Batch: 549, Loss: 0.5747, Label: 17, Survival Months: 179.58, Risk: -12.3073
	--> Average Speed: 0.05s per batch
	--> Time from Last Check: 1.74s
--> Batch: 599, Loss: 0.1954, Label: 7, Survival Months: 47.42, Risk: -18.0560
	--> Average Speed: 0.05s per batch
	--> Time from Last Check: 1.76s
--> Batch: 649, Loss: 0.2090, Label: 13, Survival Months: 100.67, Risk: -17.4022
	--> Average Speed: 0.05s per batch
	--> Time from Last Check: 1.76s
--> Batch: 699, Loss: 0.1956, Label: 2, Survival Months: 26.08, Risk: -17.6753
	--> Average Speed: 0.06s per batch
	--> Time from Last Check: 1.91s
--> Batch: 749, Loss: 3.3961, Label: 9, Survival Months: 53.25, Risk: -8.1158
	--> Average Speed: 0.06s per batch
	--> Time from Last Check: 1.78s
--> Batch: 799, Loss: 0.4627, Label: 19, Survival Months: 353.25, Risk: -18.1687
	--> Average Speed: 0.05s per batch
	--> Time from Last Check: 1.74s
[08/01/2025 - 18:13:21] - Epoch: 20, lr: 0.00008262, train_loss: 0.5052, train_c_index: 0.9183
--> Saving model into checkpoints/MCAT_TCGA-BRCA-GE-ME_E20_202501081813.pt
[08/01/2025 - 18:13:24] - Epoch: 20, val_loss: 0.6826, val_c_index: 0.5675
[08/01/2025 - 18:13:24] - Time elapsed for epoch 20: 33s

################# [08/01/2025 - 18:13:24] - Training completed #################

################# [08/01/2025 - 18:13:24] - Validation started #################
[08/01/2025 - 18:13:26] - Final Validation, val_loss: 0.6826, val_c_index: 0.5675
[08/01/2025 - 18:13:26] - Time elapsed for Validation: 2s

################ [08/01/2025 - 18:13:26] - Validation completed ################

################## [08/01/2025 - 18:13:29] - MCAT terminated ###################
