Environment conda activated
Job 2503416 started

#################### [04/01/2025 - 15:55:40] - MCAT started ####################
HOSTNAME: pippobaudo

WANDB: setting up for report

CUDA: available
--> Device count: 1
--> Using device: NVIDIA GeForce RTX 2080 Ti
--> Running on CUDA

DATASET: TCGA data only
--> Remaining samples after removing incomplete: 910
--> Class intervals: [
	0: [0.00 - 4.83]
	1: [4.83 - 20.15]
	2: [20.15 - 28.14]
	3: [28.14 - 32.06]
	4: [32.06 - 35.42]
	5: [35.42 - 39.06]
	6: [39.06 - 43.86]
	7: [43.86 - 48.08]
	8: [48.08 - 52.18]
	9: [52.18 - 58.96]
	10: [58.96 - 68.74]
	11: [68.74 - 81.17]
	12: [81.17 - 93.39]
	13: [93.39 - 105.96]
	14: [105.96 - 124.19]
	15: [124.19 - 146.93]
	16: [146.93 - 179.46]
	17: [179.46 - 207.62]
	18: [207.62 - 269.79]
	19: [269.79 - 593.83]
    ]
--> Standardizing RNA-seq data
--> Signatures size: [19938]
--> Using 80% train, 20% validation
--> Training Set: [728], Validation Set: [182]

MODEL: MCAT
--> Trainable parameters of MCAT: 8401686
--> Loss function: CrossEntropySurvivalLoss
--> Optimizer: adam

################## [04/01/2025 - 15:56:15] - Training started ##################
[04/01/2025 - 15:56:15] - Epoch: 1
--> Batch: 49, Loss: 0.3889, Label: 3, Survival Months: 28.58, Risk: -1.0938
	--> Average Speed: 0.77s per batch
	--> Time from Last Check: 24.73s
--> Batch: 99, Loss: 1.1322, Label: 11, Survival Months: 81.17, Risk: -1.2518
	--> Average Speed: 0.52s per batch
	--> Time from Last Check: 16.51s
--> Batch: 149, Loss: 0.9640, Label: 10, Survival Months: 63.25, Risk: -1.4011
	--> Average Speed: 0.48s per batch
	--> Time from Last Check: 15.30s
--> Batch: 199, Loss: 0.1261, Label: 1, Survival Months: 17.75, Risk: -1.7345
	--> Average Speed: 0.76s per batch
	--> Time from Last Check: 24.41s
--> Batch: 249, Loss: 0.8284, Label: 13, Survival Months: 105.00, Risk: -2.4301
	--> Average Speed: 1.07s per batch
	--> Time from Last Check: 34.24s
--> Batch: 299, Loss: 0.2759, Label: 6, Survival Months: 39.75, Risk: -3.4255
	--> Average Speed: 0.38s per batch
	--> Time from Last Check: 12.02s
--> Batch: 349, Loss: 0.0303, Label: 1, Survival Months: 17.83, Risk: -5.3002
	--> Average Speed: 0.51s per batch
	--> Time from Last Check: 16.17s
--> Batch: 399, Loss: 0.1635, Label: 9, Survival Months: 56.67, Risk: -7.3720
	--> Average Speed: 0.63s per batch
	--> Time from Last Check: 20.28s
--> Batch: 449, Loss: 0.3257, Label: 17, Survival Months: 197.08, Risk: -10.1355
	--> Average Speed: 0.35s per batch
	--> Time from Last Check: 11.08s
--> Batch: 499, Loss: 0.0790, Label: 15, Survival Months: 127.83, Risk: -14.8842
	--> Average Speed: 0.56s per batch
	--> Time from Last Check: 18.07s
--> Batch: 549, Loss: 0.0143, Label: 4, Survival Months: 34.00, Risk: -14.1896
	--> Average Speed: 0.59s per batch
	--> Time from Last Check: 18.79s
--> Batch: 599, Loss: 0.0098, Label: 3, Survival Months: 30.50, Risk: -14.8021
	--> Average Speed: 0.49s per batch
	--> Time from Last Check: 15.62s
--> Batch: 649, Loss: 0.0188, Label: 6, Survival Months: 41.58, Risk: -14.1557
	--> Average Speed: 0.91s per batch
	--> Time from Last Check: 29.28s
--> Batch: 699, Loss: 0.0313, Label: 9, Survival Months: 52.33, Risk: -14.4195
	--> Average Speed: 0.50s per batch
	--> Time from Last Check: 16.09s
[04/01/2025 - 16:00:57] - Epoch: 1, lr: 0.00010000, train_loss: 0.8603, train_c_index: 0.5020
[04/01/2025 - 16:02:21] - Epoch: 1, val_loss: 0.4203, val_c_index: 0.6464
[04/01/2025 - 16:02:21] - Time elapsed for epoch 1: 366s
[04/01/2025 - 16:02:21] - Epoch: 2
--> Batch: 49, Loss: 0.0202, Label: 3, Survival Months: 31.83, Risk: -13.1177
	--> Average Speed: 0.60s per batch
	--> Time from Last Check: 19.35s
--> Batch: 99, Loss: 0.0373, Label: 10, Survival Months: 68.50, Risk: -14.3234
	--> Average Speed: 1.03s per batch
	--> Time from Last Check: 32.97s
--> Batch: 149, Loss: 0.0615, Label: 13, Survival Months: 103.92, Risk: -14.2737
	--> Average Speed: 1.11s per batch
	--> Time from Last Check: 35.40s
--> Batch: 199, Loss: 0.0438, Label: 9, Survival Months: 57.25, Risk: -13.0075
	--> Average Speed: 0.62s per batch
	--> Time from Last Check: 19.91s
--> Batch: 249, Loss: 0.1362, Label: 16, Survival Months: 172.83, Risk: -12.7322
	--> Average Speed: 0.58s per batch
	--> Time from Last Check: 18.69s
--> Batch: 299, Loss: 0.0254, Label: 4, Survival Months: 33.00, Risk: -13.1700
	--> Average Speed: 0.69s per batch
	--> Time from Last Check: 22.22s
--> Batch: 349, Loss: 0.0404, Label: 11, Survival Months: 78.58, Risk: -14.3416
	--> Average Speed: 0.83s per batch
	--> Time from Last Check: 26.61s
--> Batch: 399, Loss: 0.0222, Label: 7, Survival Months: 45.08, Risk: -14.6110
	--> Average Speed: 0.62s per batch
	--> Time from Last Check: 19.81s
--> Batch: 449, Loss: 0.0019, Label: 0, Survival Months: 0.00, Risk: -13.9806
	--> Average Speed: 0.64s per batch
	--> Time from Last Check: 20.61s
--> Batch: 499, Loss: 0.0354, Label: 9, Survival Months: 53.67, Risk: -13.9707
	--> Average Speed: 0.43s per batch
	--> Time from Last Check: 13.64s
--> Batch: 549, Loss: 0.3516, Label: 19, Survival Months: 473.08, Risk: -14.5911
	--> Average Speed: 0.58s per batch
	--> Time from Last Check: 18.51s
--> Batch: 599, Loss: 0.0330, Label: 8, Survival Months: 49.25, Risk: -13.9684
	--> Average Speed: 0.46s per batch
	--> Time from Last Check: 14.74s
--> Batch: 649, Loss: 0.0213, Label: 7, Survival Months: 47.92, Risk: -14.5920
	--> Average Speed: 0.90s per batch
	--> Time from Last Check: 28.80s
--> Batch: 699, Loss: 0.0195, Label: 6, Survival Months: 42.33, Risk: -14.4170
	--> Average Speed: 0.62s per batch
	--> Time from Last Check: 19.95s
[04/01/2025 - 16:07:39] - Epoch: 2, lr: 0.00010000, train_loss: 0.3733, train_c_index: 0.5428
[04/01/2025 - 16:08:57] - Epoch: 2, val_loss: 0.4339, val_c_index: 0.5612
[04/01/2025 - 16:08:57] - Time elapsed for epoch 2: 395s
[04/01/2025 - 16:08:57] - Epoch: 3
--> Batch: 49, Loss: 0.0163, Label: 3, Survival Months: 31.08, Risk: -13.9188
	--> Average Speed: 0.43s per batch
	--> Time from Last Check: 13.63s
--> Batch: 99, Loss: 0.0155, Label: 2, Survival Months: 28.08, Risk: -13.2918
	--> Average Speed: 0.48s per batch
	--> Time from Last Check: 15.39s
--> Batch: 149, Loss: 0.2978, Label: 19, Survival Months: 281.17, Risk: -15.7303
	--> Average Speed: 0.77s per batch
	--> Time from Last Check: 24.68s
--> Batch: 199, Loss: 0.0101, Label: 7, Survival Months: 47.33, Risk: -16.2499
	--> Average Speed: 0.52s per batch
	--> Time from Last Check: 16.73s
--> Batch: 249, Loss: 0.0189, Label: 6, Survival Months: 39.75, Risk: -14.4589
	--> Average Speed: 0.68s per batch
	--> Time from Last Check: 21.80s
--> Batch: 299, Loss: 0.0011, Label: 0, Survival Months: 0.83, Risk: -16.0014
	--> Average Speed: 0.68s per batch
	--> Time from Last Check: 21.89s
--> Batch: 349, Loss: 0.0264, Label: 8, Survival Months: 52.17, Risk: -14.4837
	--> Average Speed: 0.56s per batch
	--> Time from Last Check: 17.86s
--> Batch: 399, Loss: 0.0126, Label: 3, Survival Months: 30.17, Risk: -14.2714
	--> Average Speed: 0.60s per batch
	--> Time from Last Check: 19.08s
--> Batch: 449, Loss: 0.0195, Label: 7, Survival Months: 44.00, Risk: -14.6661
	--> Average Speed: 0.71s per batch
	--> Time from Last Check: 22.68s
--> Batch: 499, Loss: 2.7948, Label: 2, Survival Months: 25.17, Risk: -12.0692
	--> Average Speed: 1.03s per batch
	--> Time from Last Check: 33.09s
--> Batch: 549, Loss: 0.1317, Label: 16, Survival Months: 169.25, Risk: -13.3322
	--> Average Speed: 0.47s per batch
	--> Time from Last Check: 14.90s
--> Batch: 599, Loss: 2.2266, Label: 14, Survival Months: 106.25, Risk: -12.9057
	--> Average Speed: 0.65s per batch
	--> Time from Last Check: 20.80s
--> Batch: 649, Loss: 0.0565, Label: 10, Survival Months: 63.42, Risk: -12.6345
	--> Average Speed: 0.72s per batch
	--> Time from Last Check: 22.98s
--> Batch: 699, Loss: 0.0240, Label: 8, Survival Months: 48.67, Risk: -15.0805
	--> Average Speed: 0.72s per batch
	--> Time from Last Check: 23.16s
[04/01/2025 - 16:13:56] - Epoch: 3, lr: 0.00010000, train_loss: 0.3535, train_c_index: 0.6943
[04/01/2025 - 16:15:23] - Epoch: 3, val_loss: 0.4751, val_c_index: 0.5273
[04/01/2025 - 16:15:23] - Time elapsed for epoch 3: 386s
[04/01/2025 - 16:15:23] - Epoch: 4
--> Batch: 49, Loss: 0.0763, Label: 14, Survival Months: 119.75, Risk: -13.9828
	--> Average Speed: 0.51s per batch
	--> Time from Last Check: 16.36s
--> Batch: 99, Loss: 0.0137, Label: 7, Survival Months: 46.17, Risk: -15.8616
	--> Average Speed: 1.31s per batch
	--> Time from Last Check: 41.96s
--> Batch: 149, Loss: 0.0248, Label: 13, Survival Months: 94.83, Risk: -16.2627
	--> Average Speed: 0.90s per batch
	--> Time from Last Check: 28.79s
--> Batch: 199, Loss: 0.5206, Label: 14, Survival Months: 114.25, Risk: -3.9993
	--> Average Speed: 0.61s per batch
	--> Time from Last Check: 19.47s
--> Batch: 249, Loss: 0.0135, Label: 7, Survival Months: 47.42, Risk: -15.7169
	--> Average Speed: 0.79s per batch
	--> Time from Last Check: 25.15s
--> Batch: 299, Loss: 0.1497, Label: 17, Survival Months: 182.75, Risk: -13.6882
	--> Average Speed: 0.79s per batch
	--> Time from Last Check: 25.15s
--> Batch: 349, Loss: 0.0034, Label: 1, Survival Months: 6.50, Risk: -16.7116
	--> Average Speed: 0.88s per batch
	--> Time from Last Check: 28.14s
--> Batch: 399, Loss: 0.0100, Label: 10, Survival Months: 67.17, Risk: -16.9135
	--> Average Speed: 0.97s per batch
	--> Time from Last Check: 30.96s
--> Batch: 449, Loss: 0.0440, Label: 6, Survival Months: 40.17, Risk: -11.2134
	--> Average Speed: 0.65s per batch
	--> Time from Last Check: 20.72s
--> Batch: 499, Loss: 2.8582, Label: 15, Survival Months: 139.42, Risk: -14.6747
	--> Average Speed: 1.06s per batch
	--> Time from Last Check: 33.81s
--> Batch: 549, Loss: 0.0055, Label: 3, Survival Months: 31.75, Risk: -16.7162
	--> Average Speed: 0.72s per batch
	--> Time from Last Check: 23.00s
--> Batch: 599, Loss: 0.0553, Label: 15, Survival Months: 126.83, Risk: -15.6843
	--> Average Speed: 1.03s per batch
	--> Time from Last Check: 32.98s
--> Batch: 649, Loss: 0.0655, Label: 16, Survival Months: 166.50, Risk: -15.8038
	--> Average Speed: 0.66s per batch
	--> Time from Last Check: 21.12s
--> Batch: 699, Loss: 0.0019, Label: 0, Survival Months: 2.50, Risk: -15.0848
	--> Average Speed: 0.73s per batch
	--> Time from Last Check: 23.21s
[04/01/2025 - 16:21:50] - Epoch: 4, lr: 0.00010000, train_loss: 0.3298, train_c_index: 0.7920
[04/01/2025 - 16:23:13] - Epoch: 4, val_loss: 0.4507, val_c_index: 0.6367
[04/01/2025 - 16:23:13] - Time elapsed for epoch 4: 471s
[04/01/2025 - 16:23:13] - Epoch: 5
--> Batch: 49, Loss: 0.0371, Label: 14, Survival Months: 122.58, Risk: -16.2347
	--> Average Speed: 0.55s per batch
	--> Time from Last Check: 17.59s
--> Batch: 99, Loss: 0.2959, Label: 19, Survival Months: 293.25, Risk: -17.1845
	--> Average Speed: 0.62s per batch
	--> Time from Last Check: 19.96s
--> Batch: 149, Loss: 0.0095, Label: 12, Survival Months: 83.67, Risk: -17.3005
	--> Average Speed: 0.70s per batch
	--> Time from Last Check: 22.43s
--> Batch: 199, Loss: 0.0055, Label: 5, Survival Months: 35.67, Risk: -16.4662
	--> Average Speed: 0.99s per batch
	--> Time from Last Check: 31.75s
--> Batch: 249, Loss: 1.1653, Label: 18, Survival Months: 237.83, Risk: -17.2753
	--> Average Speed: 0.66s per batch
	--> Time from Last Check: 21.19s
--> Batch: 299, Loss: 0.0151, Label: 13, Survival Months: 94.83, Risk: -17.0610
	--> Average Speed: 1.46s per batch
	--> Time from Last Check: 46.65s
--> Batch: 349, Loss: 0.0790, Label: 14, Survival Months: 114.25, Risk: -14.3023
	--> Average Speed: 0.98s per batch
	--> Time from Last Check: 31.45s
--> Batch: 399, Loss: 0.0077, Label: 10, Survival Months: 66.50, Risk: -17.1734
	--> Average Speed: 0.78s per batch
	--> Time from Last Check: 25.05s
--> Batch: 449, Loss: 0.0029, Label: 4, Survival Months: 35.00, Risk: -17.3570
	--> Average Speed: 0.75s per batch
	--> Time from Last Check: 24.07s
--> Batch: 499, Loss: 0.0194, Label: 4, Survival Months: 32.58, Risk: -13.4062
	--> Average Speed: 1.35s per batch
	--> Time from Last Check: 43.35s
--> Batch: 549, Loss: 0.0027, Label: 4, Survival Months: 33.58, Risk: -17.3127
	--> Average Speed: 1.08s per batch
	--> Time from Last Check: 34.68s
--> Batch: 599, Loss: 0.0159, Label: 10, Survival Months: 59.50, Risk: -16.0807
	--> Average Speed: 0.81s per batch
	--> Time from Last Check: 25.93s
--> Batch: 649, Loss: 2.7533, Label: 10, Survival Months: 62.83, Risk: -10.6603
	--> Average Speed: 1.01s per batch
	--> Time from Last Check: 32.41s
--> Batch: 699, Loss: 0.1245, Label: 18, Survival Months: 257.33, Risk: -17.4235
	--> Average Speed: 1.04s per batch
	--> Time from Last Check: 33.13s
[04/01/2025 - 16:30:16] - Epoch: 5, lr: 0.00010000, train_loss: 0.3184, train_c_index: 0.8819
[04/01/2025 - 16:32:06] - Epoch: 5, val_loss: 0.5262, val_c_index: 0.5308
[04/01/2025 - 16:32:06] - Time elapsed for epoch 5: 533s
[04/01/2025 - 16:32:06] - Epoch: 6
--> Batch: 49, Loss: 0.0137, Label: 9, Survival Months: 58.25, Risk: -16.2345
	--> Average Speed: 0.87s per batch
	--> Time from Last Check: 27.98s
--> Batch: 99, Loss: 0.0114, Label: 5, Survival Months: 36.75, Risk: -15.3950
	--> Average Speed: 0.76s per batch
	--> Time from Last Check: 24.37s
--> Batch: 149, Loss: 0.0112, Label: 2, Survival Months: 25.00, Risk: -14.6355
	--> Average Speed: 0.71s per batch
	--> Time from Last Check: 22.61s
--> Batch: 199, Loss: 0.2567, Label: 19, Survival Months: 281.17, Risk: -17.6756
	--> Average Speed: 1.17s per batch
	--> Time from Last Check: 37.39s
--> Batch: 249, Loss: 0.0240, Label: 11, Survival Months: 77.58, Risk: -15.8722
	--> Average Speed: 0.86s per batch
	--> Time from Last Check: 27.38s
--> Batch: 299, Loss: 0.0078, Label: 13, Survival Months: 94.83, Risk: -17.9385
	--> Average Speed: 0.74s per batch
	--> Time from Last Check: 23.53s
--> Batch: 349, Loss: 0.0492, Label: 17, Survival Months: 183.08, Risk: -17.2479
	--> Average Speed: 1.19s per batch
	--> Time from Last Check: 37.95s
--> Batch: 399, Loss: 0.3200, Label: 19, Survival Months: 438.42, Risk: -15.4846
	--> Average Speed: 0.64s per batch
	--> Time from Last Check: 20.40s
--> Batch: 449, Loss: 0.0117, Label: 11, Survival Months: 75.92, Risk: -16.7743
	--> Average Speed: 0.70s per batch
	--> Time from Last Check: 22.28s
--> Batch: 499, Loss: 1.8539, Label: 17, Survival Months: 189.42, Risk: -16.8371
	--> Average Speed: 1.16s per batch
	--> Time from Last Check: 37.14s
--> Batch: 549, Loss: 3.1718, Label: 5, Survival Months: 35.50, Risk: -9.2905
	--> Average Speed: 0.83s per batch
	--> Time from Last Check: 26.48s
--> Batch: 599, Loss: 0.0197, Label: 10, Survival Months: 63.33, Risk: -15.5183
	--> Average Speed: 1.17s per batch
	--> Time from Last Check: 37.52s
--> Batch: 649, Loss: 3.8539, Label: 11, Survival Months: 78.58, Risk: -2.8882
	--> Average Speed: 1.42s per batch
	--> Time from Last Check: 45.37s
--> Batch: 699, Loss: 0.0287, Label: 16, Survival Months: 151.67, Risk: -17.2999
	--> Average Speed: 0.74s per batch
	--> Time from Last Check: 23.73s
[04/01/2025 - 16:39:17] - Epoch: 6, lr: 0.00010000, train_loss: 0.2889, train_c_index: 0.9203
[04/01/2025 - 16:40:48] - Epoch: 6, val_loss: 0.5262, val_c_index: 0.5945
[04/01/2025 - 16:40:48] - Time elapsed for epoch 6: 522s
[04/01/2025 - 16:40:48] - Epoch: 7
--> Batch: 49, Loss: 0.0017, Label: 2, Survival Months: 21.75, Risk: -17.2215
	--> Average Speed: 1.01s per batch
	--> Time from Last Check: 32.41s
--> Batch: 99, Loss: 0.0012, Label: 3, Survival Months: 31.08, Risk: -17.5722
	--> Average Speed: 1.00s per batch
	--> Time from Last Check: 32.06s
--> Batch: 149, Loss: 0.2302, Label: 18, Survival Months: 246.08, Risk: -17.0233
	--> Average Speed: 1.33s per batch
	--> Time from Last Check: 42.53s
--> Batch: 199, Loss: 0.0022, Label: 10, Survival Months: 62.25, Risk: -17.6811
	--> Average Speed: 0.69s per batch
	--> Time from Last Check: 21.95s
--> Batch: 249, Loss: 0.0202, Label: 13, Survival Months: 96.33, Risk: -16.5822
	--> Average Speed: 0.62s per batch
	--> Time from Last Check: 19.99s
--> Batch: 299, Loss: 0.2813, Label: 19, Survival Months: 478.25, Risk: -17.8743
	--> Average Speed: 0.88s per batch
	--> Time from Last Check: 28.12s
--> Batch: 349, Loss: 0.0164, Label: 14, Survival Months: 107.33, Risk: -17.6320
	--> Average Speed: 0.54s per batch
	--> Time from Last Check: 17.44s
--> Batch: 399, Loss: 0.0098, Label: 7, Survival Months: 45.00, Risk: -15.9131
	--> Average Speed: 1.04s per batch
	--> Time from Last Check: 33.35s
--> Batch: 449, Loss: 0.0008, Label: 3, Survival Months: 28.75, Risk: -18.0381
	--> Average Speed: 0.90s per batch
	--> Time from Last Check: 28.94s
--> Batch: 499, Loss: 0.0008, Label: 5, Survival Months: 38.58, Risk: -18.0866
	--> Average Speed: 1.42s per batch
	--> Time from Last Check: 45.52s
--> Batch: 549, Loss: 0.0250, Label: 16, Survival Months: 166.50, Risk: -18.0653
	--> Average Speed: 0.64s per batch
	--> Time from Last Check: 20.54s
--> Batch: 599, Loss: 1.7457, Label: 18, Survival Months: 210.00, Risk: -18.3028
	--> Average Speed: 1.27s per batch
	--> Time from Last Check: 40.60s
--> Batch: 649, Loss: 0.0013, Label: 7, Survival Months: 46.83, Risk: -17.9404
	--> Average Speed: 0.75s per batch
	--> Time from Last Check: 24.09s
--> Batch: 699, Loss: 1.5094, Label: 0, Survival Months: 0.08, Risk: -2.8669
	--> Average Speed: 1.09s per batch
	--> Time from Last Check: 34.93s
[04/01/2025 - 16:47:55] - Epoch: 7, lr: 0.00010000, train_loss: 0.2732, train_c_index: 0.9359
[04/01/2025 - 16:49:23] - Epoch: 7, val_loss: 0.5846, val_c_index: 0.5315
[04/01/2025 - 16:49:23] - Time elapsed for epoch 7: 516s
[04/01/2025 - 16:49:23] - Epoch: 8
--> Batch: 49, Loss: 0.0273, Label: 16, Survival Months: 172.00, Risk: -17.3932
	--> Average Speed: 1.53s per batch
	--> Time from Last Check: 49.08s
--> Batch: 99, Loss: 0.2053, Label: 18, Survival Months: 234.42, Risk: -17.5541
	--> Average Speed: 0.90s per batch
	--> Time from Last Check: 28.95s
--> Batch: 149, Loss: 0.0702, Label: 4, Survival Months: 33.75, Risk: -7.5523
	--> Average Speed: 0.87s per batch
	--> Time from Last Check: 27.82s
--> Batch: 199, Loss: 0.3128, Label: 19, Survival Months: 270.58, Risk: -17.7046
	--> Average Speed: 0.86s per batch
	--> Time from Last Check: 27.55s
--> Batch: 249, Loss: 0.0273, Label: 14, Survival Months: 110.50, Risk: -16.7109
	--> Average Speed: 0.83s per batch
	--> Time from Last Check: 26.68s
--> Batch: 299, Loss: 0.0026, Label: 4, Survival Months: 35.33, Risk: -17.0303
	--> Average Speed: 0.77s per batch
	--> Time from Last Check: 24.52s
--> Batch: 349, Loss: 0.0047, Label: 14, Survival Months: 110.08, Risk: -18.2479
	--> Average Speed: 1.08s per batch
	--> Time from Last Check: 34.52s
--> Batch: 399, Loss: 0.0020, Label: 3, Survival Months: 29.00, Risk: -17.5021
	--> Average Speed: 0.69s per batch
	--> Time from Last Check: 22.15s
--> Batch: 449, Loss: 0.0006, Label: 9, Survival Months: 52.75, Risk: -18.6018
	--> Average Speed: 1.26s per batch
	--> Time from Last Check: 40.31s
--> Batch: 499, Loss: 0.0013, Label: 3, Survival Months: 30.17, Risk: -17.9666
	--> Average Speed: 1.05s per batch
	--> Time from Last Check: 33.68s
--> Batch: 549, Loss: 2.4126, Label: 7, Survival Months: 45.67, Risk: -5.1346
	--> Average Speed: 0.69s per batch
	--> Time from Last Check: 22.02s
--> Batch: 599, Loss: 0.0004, Label: 3, Survival Months: 32.00, Risk: -18.3749
	--> Average Speed: 1.08s per batch
	--> Time from Last Check: 34.60s
--> Batch: 649, Loss: 0.0069, Label: 2, Survival Months: 27.33, Risk: -14.6918
	--> Average Speed: 0.74s per batch
	--> Time from Last Check: 23.55s
--> Batch: 699, Loss: 2.5467, Label: 0, Survival Months: 2.50, Risk: -8.0539
	--> Average Speed: 1.32s per batch
	--> Time from Last Check: 42.23s
[04/01/2025 - 16:56:50] - Epoch: 8, lr: 0.00010000, train_loss: 0.2630, train_c_index: 0.9477
[04/01/2025 - 16:58:14] - Epoch: 8, val_loss: 0.5809, val_c_index: 0.6505
[04/01/2025 - 16:58:14] - Time elapsed for epoch 8: 531s
[04/01/2025 - 16:58:14] - Epoch: 9
--> Batch: 49, Loss: 1.6073, Label: 12, Survival Months: 83.67, Risk: -10.5633
	--> Average Speed: 0.92s per batch
	--> Time from Last Check: 29.42s
--> Batch: 99, Loss: 0.0027, Label: 9, Survival Months: 54.92, Risk: -17.6373
	--> Average Speed: 0.92s per batch
	--> Time from Last Check: 29.42s
--> Batch: 149, Loss: 0.0035, Label: 9, Survival Months: 54.92, Risk: -17.3228
	--> Average Speed: 0.72s per batch
	--> Time from Last Check: 23.03s
--> Batch: 199, Loss: 0.0700, Label: 9, Survival Months: 56.92, Risk: -10.5472
	--> Average Speed: 1.25s per batch
	--> Time from Last Check: 39.85s
--> Batch: 249, Loss: 0.0405, Label: 17, Survival Months: 187.92, Risk: -17.8664
	--> Average Speed: 0.83s per batch
	--> Time from Last Check: 26.69s
--> Batch: 299, Loss: 0.0100, Label: 14, Survival Months: 113.58, Risk: -18.0522
	--> Average Speed: 0.78s per batch
	--> Time from Last Check: 25.09s
--> Batch: 349, Loss: 0.8500, Label: 18, Survival Months: 214.42, Risk: -17.7840
	--> Average Speed: 1.08s per batch
	--> Time from Last Check: 34.51s
--> Batch: 399, Loss: 0.0077, Label: 2, Survival Months: 21.00, Risk: -13.5300
	--> Average Speed: 0.54s per batch
	--> Time from Last Check: 17.17s
--> Batch: 449, Loss: 0.0005, Label: 3, Survival Months: 29.00, Risk: -17.2109
	--> Average Speed: 0.46s per batch
	--> Time from Last Check: 14.63s
--> Batch: 499, Loss: 0.0001, Label: 1, Survival Months: 14.00, Risk: -17.9715
	--> Average Speed: 0.73s per batch
	--> Time from Last Check: 23.43s
--> Batch: 549, Loss: 0.0013, Label: 9, Survival Months: 55.00, Risk: -17.8502
	--> Average Speed: 1.33s per batch
	--> Time from Last Check: 42.48s
--> Batch: 599, Loss: 0.0006, Label: 6, Survival Months: 40.67, Risk: -17.7951
	--> Average Speed: 0.92s per batch
	--> Time from Last Check: 29.43s
--> Batch: 649, Loss: 0.0099, Label: 13, Survival Months: 103.92, Risk: -17.5543
	--> Average Speed: 0.84s per batch
	--> Time from Last Check: 26.99s
--> Batch: 699, Loss: 0.0977, Label: 16, Survival Months: 155.50, Risk: -15.8175
	--> Average Speed: 1.13s per batch
	--> Time from Last Check: 36.17s
[04/01/2025 - 17:04:57] - Epoch: 9, lr: 0.00010000, train_loss: 0.2477, train_c_index: 0.9443
[04/01/2025 - 17:06:33] - Epoch: 9, val_loss: 0.6025, val_c_index: 0.6173
[04/01/2025 - 17:06:33] - Time elapsed for epoch 9: 499s
[04/01/2025 - 17:06:33] - Epoch: 10
--> Batch: 49, Loss: 0.0004, Label: 5, Survival Months: 36.75, Risk: -18.0716
	--> Average Speed: 0.75s per batch
	--> Time from Last Check: 23.97s
--> Batch: 99, Loss: 0.0014, Label: 11, Survival Months: 72.50, Risk: -18.3382
	--> Average Speed: 1.19s per batch
	--> Time from Last Check: 38.14s
--> Batch: 149, Loss: 0.0026, Label: 8, Survival Months: 50.00, Risk: -17.3235
	--> Average Speed: 0.71s per batch
	--> Time from Last Check: 22.64s
--> Batch: 199, Loss: 0.0101, Label: 14, Survival Months: 108.50, Risk: -17.9586
	--> Average Speed: 1.00s per batch
	--> Time from Last Check: 31.85s
--> Batch: 249, Loss: 0.3342, Label: 19, Survival Months: 273.00, Risk: -18.0051
	--> Average Speed: 0.74s per batch
	--> Time from Last Check: 23.66s
--> Batch: 299, Loss: 0.0035, Label: 13, Survival Months: 93.42, Risk: -18.0609
	--> Average Speed: 1.08s per batch
	--> Time from Last Check: 34.41s
--> Batch: 349, Loss: 0.2491, Label: 19, Survival Months: 275.58, Risk: -17.9181
	--> Average Speed: 0.78s per batch
	--> Time from Last Check: 24.90s
--> Batch: 399, Loss: 0.0005, Label: 6, Survival Months: 39.83, Risk: -17.1706
	--> Average Speed: 0.79s per batch
	--> Time from Last Check: 25.30s
--> Batch: 449, Loss: 0.0018, Label: 9, Survival Months: 53.58, Risk: -17.9183
	--> Average Speed: 0.85s per batch
	--> Time from Last Check: 27.12s
--> Batch: 499, Loss: 0.2243, Label: 14, Survival Months: 107.92, Risk: -10.3654
	--> Average Speed: 0.99s per batch
	--> Time from Last Check: 31.81s
--> Batch: 549, Loss: 0.0019, Label: 12, Survival Months: 87.25, Risk: -18.3537
	--> Average Speed: 0.82s per batch
	--> Time from Last Check: 26.29s
--> Batch: 599, Loss: 0.0003, Label: 3, Survival Months: 30.50, Risk: -17.7862
	--> Average Speed: 0.76s per batch
	--> Time from Last Check: 24.33s
--> Batch: 649, Loss: 0.0003, Label: 1, Survival Months: 4.92, Risk: -17.5434
	--> Average Speed: 1.70s per batch
	--> Time from Last Check: 54.24s
--> Batch: 699, Loss: 0.0009, Label: 7, Survival Months: 48.00, Risk: -17.5279
	--> Average Speed: 0.99s per batch
	--> Time from Last Check: 31.75s
[04/01/2025 - 17:14:00] - Epoch: 10, lr: 0.00010000, train_loss: 0.2315, train_c_index: 0.9503
[04/01/2025 - 17:15:47] - Epoch: 10, val_loss: 0.6904, val_c_index: 0.5958
[04/01/2025 - 17:15:47] - Time elapsed for epoch 10: 554s
[04/01/2025 - 17:15:47] - Epoch: 11
--> Batch: 49, Loss: 0.0056, Label: 16, Survival Months: 166.33, Risk: -18.4056
	--> Average Speed: 0.87s per batch
	--> Time from Last Check: 27.86s
--> Batch: 99, Loss: 0.0009, Label: 4, Survival Months: 32.08, Risk: -17.2281
	--> Average Speed: 0.76s per batch
	--> Time from Last Check: 24.41s
--> Batch: 149, Loss: 0.0341, Label: 11, Survival Months: 76.25, Risk: -13.7738
	--> Average Speed: 0.95s per batch
	--> Time from Last Check: 30.47s
--> Batch: 199, Loss: 0.0003, Label: 5, Survival Months: 35.67, Risk: -18.0667
	--> Average Speed: 1.05s per batch
	--> Time from Last Check: 33.63s
--> Batch: 249, Loss: 0.0001, Label: 4, Survival Months: 32.67, Risk: -18.2760
	--> Average Speed: 0.96s per batch
	--> Time from Last Check: 30.60s
--> Batch: 299, Loss: 0.0001, Label: 0, Survival Months: 0.00, Risk: -17.7060
	--> Average Speed: 0.88s per batch
	--> Time from Last Check: 28.19s
--> Batch: 349, Loss: 0.0011, Label: 6, Survival Months: 41.58, Risk: -16.9334
	--> Average Speed: 1.22s per batch
	--> Time from Last Check: 39.08s
--> Batch: 399, Loss: 0.0042, Label: 12, Survival Months: 88.58, Risk: -18.1980
	--> Average Speed: 0.89s per batch
	--> Time from Last Check: 28.38s
--> Batch: 449, Loss: 0.0005, Label: 7, Survival Months: 46.17, Risk: -17.6269
	--> Average Speed: 0.74s per batch
	--> Time from Last Check: 23.84s
--> Batch: 499, Loss: 0.0000, Label: 0, Survival Months: 0.83, Risk: -17.6393
	--> Average Speed: 0.89s per batch
	--> Time from Last Check: 28.48s
--> Batch: 549, Loss: 0.0002, Label: 6, Survival Months: 42.17, Risk: -17.4860
	--> Average Speed: 0.55s per batch
	--> Time from Last Check: 17.52s
--> Batch: 599, Loss: 0.0001, Label: 5, Survival Months: 38.83, Risk: -17.9637
	--> Average Speed: 1.00s per batch
	--> Time from Last Check: 32.15s
--> Batch: 649, Loss: 0.0061, Label: 14, Survival Months: 121.33, Risk: -18.2400
	--> Average Speed: 1.15s per batch
	--> Time from Last Check: 36.77s
--> Batch: 699, Loss: 0.0012, Label: 0, Survival Months: 0.83, Risk: -13.6051
	--> Average Speed: 1.23s per batch
	--> Time from Last Check: 39.50s
[04/01/2025 - 17:23:02] - Epoch: 11, lr: 0.00010000, train_loss: 0.2185, train_c_index: 0.9579
[04/01/2025 - 17:24:44] - Epoch: 11, val_loss: 0.6605, val_c_index: 0.6623
[04/01/2025 - 17:24:44] - Time elapsed for epoch 11: 537s
[04/01/2025 - 17:24:44] - Epoch: 12
--> Batch: 49, Loss: 0.0002, Label: 10, Survival Months: 59.42, Risk: -18.5711
	--> Average Speed: 0.89s per batch
	--> Time from Last Check: 28.55s
--> Batch: 99, Loss: 0.0124, Label: 16, Survival Months: 160.83, Risk: -18.3360
	--> Average Speed: 0.95s per batch
	--> Time from Last Check: 30.45s
--> Batch: 149, Loss: 0.0000, Label: 3, Survival Months: 30.92, Risk: -18.5431
	--> Average Speed: 0.95s per batch
	--> Time from Last Check: 30.25s
--> Batch: 199, Loss: 0.7536, Label: 17, Survival Months: 196.75, Risk: -16.8305
	--> Average Speed: 0.84s per batch
	--> Time from Last Check: 26.86s
--> Batch: 249, Loss: 0.0003, Label: 7, Survival Months: 44.17, Risk: -18.1788
	--> Average Speed: 0.68s per batch
	--> Time from Last Check: 21.68s
--> Batch: 299, Loss: 0.0006, Label: 10, Survival Months: 60.58, Risk: -18.0520
	--> Average Speed: 1.46s per batch
	--> Time from Last Check: 46.68s
--> Batch: 349, Loss: 0.0005, Label: 5, Survival Months: 37.25, Risk: -16.9780
	--> Average Speed: 0.94s per batch
	--> Time from Last Check: 30.06s
--> Batch: 399, Loss: 1.6631, Label: 13, Survival Months: 95.17, Risk: -13.4333
	--> Average Speed: 0.99s per batch
	--> Time from Last Check: 31.79s
--> Batch: 449, Loss: 0.0150, Label: 16, Survival Months: 173.50, Risk: -18.3279
	--> Average Speed: 1.52s per batch
	--> Time from Last Check: 48.52s
--> Batch: 499, Loss: 0.0001, Label: 6, Survival Months: 40.67, Risk: -18.6488
	--> Average Speed: 0.71s per batch
	--> Time from Last Check: 22.82s
--> Batch: 549, Loss: 0.0061, Label: 7, Survival Months: 44.17, Risk: -13.3755
	--> Average Speed: 1.38s per batch
	--> Time from Last Check: 44.00s
--> Batch: 599, Loss: 0.0008, Label: 0, Survival Months: 0.83, Risk: -12.9559
	--> Average Speed: 0.87s per batch
	--> Time from Last Check: 27.93s
--> Batch: 649, Loss: 0.0017, Label: 1, Survival Months: 5.67, Risk: -14.4043
	--> Average Speed: 0.76s per batch
	--> Time from Last Check: 24.24s
--> Batch: 699, Loss: 0.0001, Label: 2, Survival Months: 24.17, Risk: -18.6122
	--> Average Speed: 1.25s per batch
	--> Time from Last Check: 39.97s
[04/01/2025 - 17:32:32] - Epoch: 12, lr: 0.00010000, train_loss: 0.1969, train_c_index: 0.9656
[04/01/2025 - 17:34:12] - Epoch: 12, val_loss: 0.6858, val_c_index: 0.6304
[04/01/2025 - 17:34:12] - Time elapsed for epoch 12: 568s
[04/01/2025 - 17:34:12] - Epoch: 13
--> Batch: 49, Loss: 0.0002, Label: 11, Survival Months: 71.50, Risk: -18.8399
	--> Average Speed: 0.96s per batch
	--> Time from Last Check: 30.86s
--> Batch: 99, Loss: 0.0001, Label: 6, Survival Months: 42.17, Risk: -18.5462
	--> Average Speed: 1.00s per batch
	--> Time from Last Check: 31.91s
--> Batch: 149, Loss: 0.0003, Label: 9, Survival Months: 54.92, Risk: -18.7150
	--> Average Speed: 1.59s per batch
	--> Time from Last Check: 50.99s
--> Batch: 199, Loss: 0.0049, Label: 13, Survival Months: 96.42, Risk: -18.0461
	--> Average Speed: 0.97s per batch
	--> Time from Last Check: 30.97s
--> Batch: 249, Loss: 1.5018, Label: 8, Survival Months: 48.67, Risk: -11.6519
	--> Average Speed: 0.75s per batch
	--> Time from Last Check: 23.85s
--> Batch: 299, Loss: 0.0717, Label: 18, Survival Months: 233.00, Risk: -18.5054
	--> Average Speed: 0.93s per batch
	--> Time from Last Check: 29.77s
--> Batch: 349, Loss: 0.0003, Label: 8, Survival Months: 51.67, Risk: -18.4256
	--> Average Speed: 0.80s per batch
	--> Time from Last Check: 25.75s
--> Batch: 399, Loss: 0.0009, Label: 13, Survival Months: 102.42, Risk: -18.3427
	--> Average Speed: 0.78s per batch
	--> Time from Last Check: 24.83s
--> Batch: 449, Loss: 2.6593, Label: 6, Survival Months: 43.67, Risk: -3.3693
	--> Average Speed: 0.70s per batch
	--> Time from Last Check: 22.25s
--> Batch: 499, Loss: 0.0002, Label: 2, Survival Months: 28.08, Risk: -17.7892
	--> Average Speed: 0.68s per batch
	--> Time from Last Check: 21.61s
--> Batch: 549, Loss: 0.3319, Label: 19, Survival Months: 293.25, Risk: -18.1832
	--> Average Speed: 0.93s per batch
	--> Time from Last Check: 29.82s
--> Batch: 599, Loss: 0.0001, Label: 6, Survival Months: 41.58, Risk: -18.1960
	--> Average Speed: 0.78s per batch
	--> Time from Last Check: 25.07s
--> Batch: 649, Loss: 1.1267, Label: 1, Survival Months: 9.67, Risk: -2.2280
	--> Average Speed: 1.49s per batch
	--> Time from Last Check: 47.78s
--> Batch: 699, Loss: 0.2402, Label: 19, Survival Months: 273.00, Risk: -18.6575
	--> Average Speed: 0.74s per batch
	--> Time from Last Check: 23.70s
[04/01/2025 - 17:41:25] - Epoch: 13, lr: 0.00010000, train_loss: 0.1862, train_c_index: 0.9647
[04/01/2025 - 17:43:04] - Epoch: 13, val_loss: 0.6945, val_c_index: 0.5183
[04/01/2025 - 17:43:04] - Time elapsed for epoch 13: 532s
[04/01/2025 - 17:43:04] - Epoch: 14
--> Batch: 49, Loss: 0.0000, Label: 1, Survival Months: 7.00, Risk: -18.6838
	--> Average Speed: 0.92s per batch
	--> Time from Last Check: 29.32s
--> Batch: 99, Loss: 0.0016, Label: 13, Survival Months: 99.25, Risk: -18.7200
	--> Average Speed: 0.72s per batch
	--> Time from Last Check: 22.95s
--> Batch: 149, Loss: 0.0003, Label: 9, Survival Months: 56.25, Risk: -18.6553
	--> Average Speed: 0.87s per batch
	--> Time from Last Check: 27.72s
--> Batch: 199, Loss: 0.0000, Label: 2, Survival Months: 20.17, Risk: -18.4274
	--> Average Speed: 0.90s per batch
	--> Time from Last Check: 28.86s
--> Batch: 249, Loss: 0.0003, Label: 7, Survival Months: 45.08, Risk: -17.1801
	--> Average Speed: 1.34s per batch
	--> Time from Last Check: 42.79s
--> Batch: 299, Loss: 1.5704, Label: 1, Survival Months: 13.33, Risk: -5.0917
	--> Average Speed: 0.95s per batch
	--> Time from Last Check: 30.35s
--> Batch: 349, Loss: 0.0047, Label: 16, Survival Months: 160.42, Risk: -18.0920
	--> Average Speed: 1.05s per batch
	--> Time from Last Check: 33.47s
--> Batch: 399, Loss: 1.4385, Label: 1, Survival Months: 13.17, Risk: -3.6675
	--> Average Speed: 1.15s per batch
	--> Time from Last Check: 36.64s
--> Batch: 449, Loss: 0.0004, Label: 11, Survival Months: 80.42, Risk: -18.2809
	--> Average Speed: 0.64s per batch
	--> Time from Last Check: 20.43s
--> Batch: 499, Loss: 0.0037, Label: 16, Survival Months: 160.83, Risk: -18.4744
	--> Average Speed: 1.23s per batch
	--> Time from Last Check: 39.48s
--> Batch: 549, Loss: 0.0004, Label: 8, Survival Months: 48.25, Risk: -18.3163
	--> Average Speed: 0.72s per batch
	--> Time from Last Check: 23.00s
--> Batch: 599, Loss: 0.0018, Label: 9, Survival Months: 57.42, Risk: -17.3726
	--> Average Speed: 0.93s per batch
	--> Time from Last Check: 29.83s
--> Batch: 649, Loss: 0.0078, Label: 14, Survival Months: 112.25, Risk: -18.5013
	--> Average Speed: 1.10s per batch
	--> Time from Last Check: 35.20s
--> Batch: 699, Loss: 0.0656, Label: 18, Survival Months: 210.42, Risk: -18.2903
	--> Average Speed: 0.79s per batch
	--> Time from Last Check: 25.30s
[04/01/2025 - 17:50:38] - Epoch: 14, lr: 0.00010000, train_loss: 0.1684, train_c_index: 0.9687
[04/01/2025 - 17:52:35] - Epoch: 14, val_loss: 0.7564, val_c_index: 0.5017
[04/01/2025 - 17:52:35] - Time elapsed for epoch 14: 571s
[04/01/2025 - 17:52:35] - Epoch: 15
--> Batch: 49, Loss: 0.2196, Label: 19, Survival Months: 273.58, Risk: -18.9666
	--> Average Speed: 1.03s per batch
	--> Time from Last Check: 33.07s
--> Batch: 99, Loss: 0.0000, Label: 5, Survival Months: 37.33, Risk: -18.2446
	--> Average Speed: 0.48s per batch
	--> Time from Last Check: 15.49s
--> Batch: 149, Loss: 0.0000, Label: 0, Survival Months: 0.00, Risk: -17.1751
	--> Average Speed: 1.25s per batch
	--> Time from Last Check: 39.97s
--> Batch: 199, Loss: 0.0057, Label: 0, Survival Months: 2.58, Risk: -10.3882
	--> Average Speed: 1.03s per batch
	--> Time from Last Check: 33.00s
--> Batch: 249, Loss: 0.7456, Label: 19, Survival Months: 289.33, Risk: -18.5957
	--> Average Speed: 0.76s per batch
	--> Time from Last Check: 24.23s
--> Batch: 299, Loss: 0.0009, Label: 9, Survival Months: 53.58, Risk: -17.9261
	--> Average Speed: 1.50s per batch
	--> Time from Last Check: 47.87s
--> Batch: 349, Loss: 0.0013, Label: 12, Survival Months: 82.50, Risk: -18.7517
	--> Average Speed: 0.77s per batch
	--> Time from Last Check: 24.67s
--> Batch: 399, Loss: 0.0074, Label: 13, Survival Months: 97.25, Risk: -17.6886
	--> Average Speed: 0.79s per batch
	--> Time from Last Check: 25.37s
--> Batch: 449, Loss: 0.0002, Label: 2, Survival Months: 26.92, Risk: -18.4121
	--> Average Speed: 1.56s per batch
	--> Time from Last Check: 50.07s
--> Batch: 499, Loss: 0.0001, Label: 5, Survival Months: 37.08, Risk: -18.5627
	--> Average Speed: 1.51s per batch
	--> Time from Last Check: 48.34s
--> Batch: 549, Loss: 0.0000, Label: 1, Survival Months: 8.00, Risk: -17.6889
	--> Average Speed: 1.04s per batch
	--> Time from Last Check: 33.18s
--> Batch: 599, Loss: 0.0004, Label: 12, Survival Months: 91.92, Risk: -18.3734
	--> Average Speed: 1.34s per batch
	--> Time from Last Check: 42.82s
--> Batch: 649, Loss: 0.0002, Label: 9, Survival Months: 58.92, Risk: -18.5103
	--> Average Speed: 0.94s per batch
	--> Time from Last Check: 30.10s
--> Batch: 699, Loss: 0.0861, Label: 18, Survival Months: 232.00, Risk: -18.8254
	--> Average Speed: 0.42s per batch
	--> Time from Last Check: 13.40s
[04/01/2025 - 18:00:28] - Epoch: 15, lr: 0.00010000, train_loss: 0.1523, train_c_index: 0.9676
[04/01/2025 - 18:02:16] - Epoch: 15, val_loss: 0.7498, val_c_index: 0.5280
[04/01/2025 - 18:02:16] - Time elapsed for epoch 15: 582s
[04/01/2025 - 18:02:16] - Epoch: 16
--> Batch: 49, Loss: 0.0002, Label: 10, Survival Months: 59.17, Risk: -18.7588
	--> Average Speed: 1.16s per batch
	--> Time from Last Check: 36.96s
--> Batch: 99, Loss: 0.0001, Label: 0, Survival Months: 2.67, Risk: -14.4519
	--> Average Speed: 1.05s per batch
	--> Time from Last Check: 33.56s
--> Batch: 149, Loss: 0.0013, Label: 15, Survival Months: 142.33, Risk: -18.4678
	--> Average Speed: 0.90s per batch
	--> Time from Last Check: 28.96s
--> Batch: 199, Loss: 0.2003, Label: 19, Survival Months: 362.83, Risk: -18.6298
	--> Average Speed: 0.98s per batch
	--> Time from Last Check: 31.30s
--> Batch: 249, Loss: 0.0001, Label: 1, Survival Months: 5.67, Risk: -15.6285
	--> Average Speed: 1.12s per batch
	--> Time from Last Check: 35.91s
--> Batch: 299, Loss: 0.0025, Label: 11, Survival Months: 80.42, Risk: -16.8940
	--> Average Speed: 0.79s per batch
	--> Time from Last Check: 25.18s
--> Batch: 349, Loss: 0.0000, Label: 0, Survival Months: 2.58, Risk: -17.5954
	--> Average Speed: 1.03s per batch
	--> Time from Last Check: 32.86s
--> Batch: 399, Loss: 0.0002, Label: 9, Survival Months: 58.25, Risk: -18.4260
	--> Average Speed: 1.00s per batch
	--> Time from Last Check: 31.95s
--> Batch: 449, Loss: 0.0006, Label: 4, Survival Months: 34.33, Risk: -16.7097
	--> Average Speed: 0.96s per batch
	--> Time from Last Check: 30.64s
--> Batch: 499, Loss: 0.0000, Label: 0, Survival Months: 0.83, Risk: -14.9182
	--> Average Speed: 1.54s per batch
	--> Time from Last Check: 49.39s
--> Batch: 549, Loss: 0.0005, Label: 13, Survival Months: 97.25, Risk: -17.6862
	--> Average Speed: 1.09s per batch
	--> Time from Last Check: 34.87s
--> Batch: 599, Loss: 0.0000, Label: 6, Survival Months: 40.67, Risk: -18.2953
	--> Average Speed: 0.79s per batch
	--> Time from Last Check: 25.14s
--> Batch: 649, Loss: 0.0000, Label: 2, Survival Months: 28.00, Risk: -18.6547
	--> Average Speed: 0.87s per batch
	--> Time from Last Check: 27.73s
--> Batch: 699, Loss: 0.0003, Label: 4, Survival Months: 33.75, Risk: -17.7798
	--> Average Speed: 1.00s per batch
	--> Time from Last Check: 32.09s
[04/01/2025 - 18:10:08] - Epoch: 16, lr: 0.00010000, train_loss: 0.1221, train_c_index: 0.9831
[04/01/2025 - 18:11:53] - Epoch: 16, val_loss: 0.8556, val_c_index: 0.5038
[04/01/2025 - 18:11:53] - Time elapsed for epoch 16: 576s
[04/01/2025 - 18:11:53] - Epoch: 17
--> Batch: 49, Loss: 0.0005, Label: 8, Survival Months: 49.00, Risk: -16.4655
	--> Average Speed: 1.31s per batch
	--> Time from Last Check: 41.84s
--> Batch: 99, Loss: 0.0000, Label: 3, Survival Months: 30.50, Risk: -18.8261
	--> Average Speed: 0.93s per batch
	--> Time from Last Check: 29.92s
--> Batch: 149, Loss: 0.0030, Label: 16, Survival Months: 169.25, Risk: -19.0775
	--> Average Speed: 0.98s per batch
	--> Time from Last Check: 31.44s
--> Batch: 199, Loss: 0.0005, Label: 13, Survival Months: 105.83, Risk: -18.7255
	--> Average Speed: 0.85s per batch
	--> Time from Last Check: 27.33s
--> Batch: 249, Loss: 1.0210, Label: 7, Survival Months: 47.58, Risk: -8.3144
	--> Average Speed: 1.02s per batch
	--> Time from Last Check: 32.71s
--> Batch: 299, Loss: 0.0001, Label: 12, Survival Months: 88.58, Risk: -18.9844
	--> Average Speed: 0.64s per batch
	--> Time from Last Check: 20.60s
--> Batch: 349, Loss: 0.0001, Label: 8, Survival Months: 52.17, Risk: -18.1961
	--> Average Speed: 1.08s per batch
	--> Time from Last Check: 34.60s
--> Batch: 399, Loss: 0.0002, Label: 14, Survival Months: 109.00, Risk: -18.5766
	--> Average Speed: 0.70s per batch
	--> Time from Last Check: 22.37s
--> Batch: 449, Loss: 1.2160, Label: 16, Survival Months: 160.58, Risk: -14.5892
	--> Average Speed: 1.21s per batch
	--> Time from Last Check: 38.85s
--> Batch: 499, Loss: 0.0008, Label: 14, Survival Months: 123.75, Risk: -18.4893
	--> Average Speed: 0.91s per batch
	--> Time from Last Check: 29.25s
--> Batch: 549, Loss: 0.0000, Label: 3, Survival Months: 31.75, Risk: -17.3178
	--> Average Speed: 1.09s per batch
	--> Time from Last Check: 34.82s
--> Batch: 599, Loss: 0.0001, Label: 10, Survival Months: 68.25, Risk: -18.4455
	--> Average Speed: 1.02s per batch
	--> Time from Last Check: 32.61s
--> Batch: 649, Loss: 0.0000, Label: 6, Survival Months: 41.83, Risk: -18.7003
	--> Average Speed: 1.00s per batch
	--> Time from Last Check: 31.95s
--> Batch: 699, Loss: 0.0159, Label: 18, Survival Months: 232.00, Risk: -19.4179
	--> Average Speed: 0.71s per batch
	--> Time from Last Check: 22.67s
[04/01/2025 - 18:19:25] - Epoch: 17, lr: 0.00010000, train_loss: 0.1160, train_c_index: 0.9772
[04/01/2025 - 18:21:07] - Epoch: 17, val_loss: nan, val_c_index: 0.5038
[04/01/2025 - 18:21:07] - Time elapsed for epoch 17: 555s
[04/01/2025 - 18:21:07] - Epoch: 18
--> Batch: 49, Loss: nan, Label: 0, Survival Months: 0.83, Risk: nan
	--> Average Speed: 1.05s per batch
	--> Time from Last Check: 33.57s
--> Batch: 99, Loss: nan, Label: 18, Survival Months: 247.08, Risk: nan
	--> Average Speed: 0.83s per batch
	--> Time from Last Check: 26.45s
--> Batch: 149, Loss: nan, Label: 17, Survival Months: 191.50, Risk: nan
	--> Average Speed: 0.84s per batch
	--> Time from Last Check: 26.92s
--> Batch: 199, Loss: nan, Label: 3, Survival Months: 30.75, Risk: nan
	--> Average Speed: 0.58s per batch
	--> Time from Last Check: 18.62s
--> Batch: 249, Loss: nan, Label: 0, Survival Months: 0.83, Risk: nan
	--> Average Speed: 0.83s per batch
	--> Time from Last Check: 26.71s
--> Batch: 299, Loss: nan, Label: 1, Survival Months: 11.17, Risk: nan
	--> Average Speed: 0.84s per batch
	--> Time from Last Check: 26.73s
--> Batch: 349, Loss: nan, Label: 4, Survival Months: 34.50, Risk: nan
	--> Average Speed: 0.88s per batch
	--> Time from Last Check: 28.11s
--> Batch: 399, Loss: nan, Label: 6, Survival Months: 39.83, Risk: nan
	--> Average Speed: 1.07s per batch
	--> Time from Last Check: 34.19s
--> Batch: 449, Loss: nan, Label: 10, Survival Months: 59.50, Risk: nan
	--> Average Speed: 0.65s per batch
	--> Time from Last Check: 20.74s
--> Batch: 499, Loss: nan, Label: 0, Survival Months: 2.58, Risk: nan
	--> Average Speed: 1.03s per batch
	--> Time from Last Check: 32.99s
--> Batch: 549, Loss: nan, Label: 10, Survival Months: 62.33, Risk: nan
	--> Average Speed: 0.85s per batch
	--> Time from Last Check: 27.11s
--> Batch: 599, Loss: nan, Label: 14, Survival Months: 115.67, Risk: nan
	--> Average Speed: 0.83s per batch
	--> Time from Last Check: 26.56s
--> Batch: 649, Loss: nan, Label: 10, Survival Months: 63.67, Risk: nan
	--> Average Speed: 1.14s per batch
	--> Time from Last Check: 36.48s
--> Batch: 699, Loss: nan, Label: 14, Survival Months: 117.58, Risk: nan
	--> Average Speed: 0.74s per batch
	--> Time from Last Check: 23.74s
[1;34mwandb[0m: 🚀 View run [33mlucas_job_2503416[0m at: [34mhttps://wandb.ai/luca_inghilterra-unimore/TCGA-BRCA-COMP/runs/he2wu170[0m
[1;34mwandb[0m: Find logs at: [1;35mwandb/run-20250104_155541-he2wu170/logs[0m
