Environment conda activated
Job 2503907 started

#################### [07/01/2025 - 02:23:54] - MCAT started ####################
HOSTNAME: germano

WANDB: setting up for report

CUDA: available
--> Device count: 1
--> Using device: NVIDIA GeForce RTX 2080 Ti
--> Running on CUDA

DATASET: Loading data
--> Remaining samples after removing incomplete: 742
--> Class intervals: [
	0: [0.00 - 9.68]
	1: [9.68 - 24.60]
	2: [24.60 - 30.34]
	3: [30.34 - 33.52]
	4: [33.52 - 36.60]
	5: [36.60 - 39.75]
	6: [39.75 - 43.45]
	7: [43.45 - 47.78]
	8: [47.78 - 51.67]
	9: [51.67 - 56.66]
	10: [56.66 - 66.00]
	11: [66.00 - 78.32]
	12: [78.32 - 89.10]
	13: [89.10 - 102.75]
	14: [102.75 - 122.04]
	15: [122.04 - 143.07]
	16: [143.07 - 173.40]
	17: [173.40 - 206.80]
	18: [206.80 - 268.52]
	19: [268.52 - 593.83]
    ]
--> Standardizing RNA-seq data
--> Standardizing Methylation Islands beta values
--> Gene Expression Signatures size: [19938]
--> Methylation Signatures size: [33161]
--> Using 80% training, 20% validation
--> Training Set: [593], Validation Set: [149]

MODEL: MCAT
--> Trainable parameters of MCAT: 16694550
--> Loss function: CrossEntropySurvivalLoss
--> Optimizer: adam

################## [07/01/2025 - 02:25:08] - Training started ##################
[07/01/2025 - 02:25:08] - Epoch: 1
--> Batch: 49, Loss: 0.9183, Label: 6, Survival Months: 41.92, Risk: -1.0725
	--> Average Speed: 0.06s per batch
	--> Time from Last Check: 1.93s
--> Batch: 99, Loss: 0.5060, Label: 3, Survival Months: 33.50, Risk: -1.1427
	--> Average Speed: 0.04s per batch
	--> Time from Last Check: 1.40s
--> Batch: 149, Loss: 10.0011, Label: 19, Survival Months: 329.92, Risk: -1.2884
	--> Average Speed: 0.05s per batch
	--> Time from Last Check: 1.47s
--> Batch: 199, Loss: 0.3911, Label: 3, Survival Months: 32.08, Risk: -1.6023
	--> Average Speed: 0.04s per batch
	--> Time from Last Check: 1.35s
--> Batch: 249, Loss: 1.3400, Label: 14, Survival Months: 102.83, Risk: -2.2266
	--> Average Speed: 0.04s per batch
	--> Time from Last Check: 1.43s
--> Batch: 299, Loss: 0.9119, Label: 12, Survival Months: 88.58, Risk: -2.9747
	--> Average Speed: 0.04s per batch
	--> Time from Last Check: 1.41s
--> Batch: 349, Loss: 0.9602, Label: 17, Survival Months: 186.67, Risk: -5.0596
	--> Average Speed: 0.04s per batch
	--> Time from Last Check: 1.43s
--> Batch: 399, Loss: 0.0789, Label: 7, Survival Months: 44.33, Risk: -9.5417
	--> Average Speed: 0.04s per batch
	--> Time from Last Check: 1.36s
--> Batch: 449, Loss: 0.1098, Label: 10, Survival Months: 65.25, Risk: -11.2161
	--> Average Speed: 0.06s per batch
	--> Time from Last Check: 1.97s
--> Batch: 499, Loss: 0.0149, Label: 5, Survival Months: 39.08, Risk: -14.6807
	--> Average Speed: 0.05s per batch
	--> Time from Last Check: 1.53s
--> Batch: 549, Loss: 0.0202, Label: 7, Survival Months: 46.83, Risk: -14.6658
	--> Average Speed: 0.04s per batch
	--> Time from Last Check: 1.40s
[07/01/2025 - 02:25:26] - Epoch: 1, lr: 0.00010000, train_loss: 1.1392, train_c_index: 0.4646
[07/01/2025 - 02:25:27] - Epoch: 1, val_loss: 0.2980, val_c_index: 0.4542
[07/01/2025 - 02:25:27] - Time elapsed for epoch 1: 19s
[07/01/2025 - 02:25:27] - Epoch: 2
--> Batch: 49, Loss: 0.0104, Label: 5, Survival Months: 39.25, Risk: -15.8561
	--> Average Speed: 0.05s per batch
	--> Time from Last Check: 1.63s
--> Batch: 99, Loss: 0.0963, Label: 16, Survival Months: 159.50, Risk: -15.5887
	--> Average Speed: 0.05s per batch
	--> Time from Last Check: 1.45s
--> Batch: 149, Loss: 0.0682, Label: 13, Survival Months: 102.42, Risk: -14.7725
	--> Average Speed: 0.05s per batch
	--> Time from Last Check: 1.46s
--> Batch: 199, Loss: 0.0080, Label: 0, Survival Months: 0.00, Risk: -13.3202
	--> Average Speed: 0.04s per batch
	--> Time from Last Check: 1.38s
--> Batch: 249, Loss: 0.0127, Label: 2, Survival Months: 30.00, Risk: -14.2051
	--> Average Speed: 0.04s per batch
	--> Time from Last Check: 1.41s
--> Batch: 299, Loss: 1.7457, Label: 19, Survival Months: 288.42, Risk: -13.7294
	--> Average Speed: 0.05s per batch
	--> Time from Last Check: 1.46s
--> Batch: 349, Loss: 0.0139, Label: 3, Survival Months: 31.33, Risk: -14.7197
	--> Average Speed: 0.04s per batch
	--> Time from Last Check: 1.44s
--> Batch: 399, Loss: 0.0057, Label: 0, Survival Months: 6.50, Risk: -14.4185
	--> Average Speed: 0.04s per batch
	--> Time from Last Check: 1.40s
--> Batch: 449, Loss: 0.1097, Label: 15, Survival Months: 127.33, Risk: -14.9168
	--> Average Speed: 0.05s per batch
	--> Time from Last Check: 1.49s
--> Batch: 499, Loss: 0.0105, Label: 1, Survival Months: 23.75, Risk: -14.5805
	--> Average Speed: 0.05s per batch
	--> Time from Last Check: 1.45s
--> Batch: 549, Loss: 0.0086, Label: 0, Survival Months: 6.58, Risk: -12.9956
	--> Average Speed: 0.05s per batch
	--> Time from Last Check: 1.47s
[07/01/2025 - 02:25:45] - Epoch: 2, lr: 0.00009000, train_loss: 0.3973, train_c_index: 0.5613
[07/01/2025 - 02:25:46] - Epoch: 2, val_loss: 0.3128, val_c_index: 0.6158
[07/01/2025 - 02:25:46] - Time elapsed for epoch 2: 19s
[07/01/2025 - 02:25:46] - Epoch: 3
--> Batch: 49, Loss: 0.0293, Label: 6, Survival Months: 41.33, Risk: -13.3985
	--> Average Speed: 0.05s per batch
	--> Time from Last Check: 1.66s
--> Batch: 99, Loss: 0.0202, Label: 5, Survival Months: 36.75, Risk: -14.5395
	--> Average Speed: 0.04s per batch
	--> Time from Last Check: 1.41s
--> Batch: 149, Loss: 0.0167, Label: 3, Survival Months: 32.83, Risk: -14.9052
	--> Average Speed: 0.04s per batch
	--> Time from Last Check: 1.34s
--> Batch: 199, Loss: 3.3401, Label: 1, Survival Months: 24.58, Risk: -14.6602
	--> Average Speed: 0.04s per batch
	--> Time from Last Check: 1.35s
--> Batch: 249, Loss: 0.0357, Label: 10, Survival Months: 63.25, Risk: -15.1010
	--> Average Speed: 0.04s per batch
	--> Time from Last Check: 1.43s
--> Batch: 299, Loss: 0.0224, Label: 3, Survival Months: 31.75, Risk: -14.0015
	--> Average Speed: 0.04s per batch
	--> Time from Last Check: 1.36s
--> Batch: 349, Loss: 0.1602, Label: 17, Survival Months: 203.50, Risk: -14.6309
	--> Average Speed: 0.05s per batch
	--> Time from Last Check: 1.54s
--> Batch: 399, Loss: 0.0940, Label: 15, Survival Months: 127.83, Risk: -15.1202
	--> Average Speed: 0.04s per batch
	--> Time from Last Check: 1.42s
--> Batch: 449, Loss: 3.3677, Label: 7, Survival Months: 47.75, Risk: -14.8496
	--> Average Speed: 0.04s per batch
	--> Time from Last Check: 1.44s
--> Batch: 499, Loss: 0.0094, Label: 4, Survival Months: 36.58, Risk: -16.4484
	--> Average Speed: 0.04s per batch
	--> Time from Last Check: 1.39s
--> Batch: 549, Loss: 0.0096, Label: 2, Survival Months: 26.92, Risk: -15.9163
	--> Average Speed: 0.04s per batch
	--> Time from Last Check: 1.41s
[07/01/2025 - 02:26:03] - Epoch: 3, lr: 0.00008100, train_loss: 0.3700, train_c_index: 0.7312
[07/01/2025 - 02:26:04] - Epoch: 3, val_loss: 0.3523, val_c_index: 0.6427
[07/01/2025 - 02:26:04] - Time elapsed for epoch 3: 18s
[07/01/2025 - 02:26:04] - Epoch: 4
--> Batch: 49, Loss: 0.0276, Label: 4, Survival Months: 36.50, Risk: -13.2530
	--> Average Speed: 0.05s per batch
	--> Time from Last Check: 1.61s
--> Batch: 99, Loss: 2.6816, Label: 10, Survival Months: 65.42, Risk: -11.1766
	--> Average Speed: 0.05s per batch
	--> Time from Last Check: 1.46s
--> Batch: 149, Loss: 0.0498, Label: 13, Survival Months: 93.25, Risk: -15.7479
	--> Average Speed: 0.04s per batch
	--> Time from Last Check: 1.43s
--> Batch: 199, Loss: 0.0070, Label: 1, Survival Months: 14.17, Risk: -16.3988
	--> Average Speed: 0.04s per batch
	--> Time from Last Check: 1.37s
--> Batch: 249, Loss: 0.0129, Label: 3, Survival Months: 32.83, Risk: -15.5848
	--> Average Speed: 0.04s per batch
	--> Time from Last Check: 1.30s
--> Batch: 299, Loss: 2.9361, Label: 16, Survival Months: 149.42, Risk: -16.8792
	--> Average Speed: 0.04s per batch
	--> Time from Last Check: 1.44s
--> Batch: 349, Loss: 0.0554, Label: 10, Survival Months: 60.58, Risk: -14.1717
	--> Average Speed: 0.05s per batch
	--> Time from Last Check: 1.45s
--> Batch: 399, Loss: 0.1447, Label: 17, Survival Months: 185.17, Risk: -15.3120
	--> Average Speed: 0.05s per batch
	--> Time from Last Check: 1.49s
--> Batch: 449, Loss: 0.0084, Label: 2, Survival Months: 26.42, Risk: -15.9585
	--> Average Speed: 0.05s per batch
	--> Time from Last Check: 1.45s
--> Batch: 499, Loss: 0.0822, Label: 8, Survival Months: 48.00, Risk: -11.4243
	--> Average Speed: 0.05s per batch
	--> Time from Last Check: 1.45s
--> Batch: 549, Loss: 0.1277, Label: 13, Survival Months: 99.67, Risk: -12.4060
	--> Average Speed: 0.04s per batch
	--> Time from Last Check: 1.42s
[07/01/2025 - 02:26:22] - Epoch: 4, lr: 0.00007290, train_loss: 0.3568, train_c_index: 0.7424
[07/01/2025 - 02:26:23] - Epoch: 4, val_loss: 0.3804, val_c_index: 0.6302
[07/01/2025 - 02:26:23] - Time elapsed for epoch 4: 19s
[07/01/2025 - 02:26:23] - Epoch: 5
--> Batch: 49, Loss: 0.0163, Label: 1, Survival Months: 15.58, Risk: -13.6717
	--> Average Speed: 0.05s per batch
	--> Time from Last Check: 1.60s
--> Batch: 99, Loss: 0.0390, Label: 11, Survival Months: 70.75, Risk: -15.4216
	--> Average Speed: 0.04s per batch
	--> Time from Last Check: 1.42s
--> Batch: 149, Loss: 0.0402, Label: 12, Survival Months: 81.08, Risk: -15.9055
	--> Average Speed: 0.04s per batch
	--> Time from Last Check: 1.35s
--> Batch: 199, Loss: 0.0104, Label: 5, Survival Months: 37.25, Risk: -15.9912
	--> Average Speed: 0.05s per batch
	--> Time from Last Check: 1.49s
--> Batch: 249, Loss: 2.7829, Label: 14, Survival Months: 119.17, Risk: -14.8695
	--> Average Speed: 0.04s per batch
	--> Time from Last Check: 1.44s
--> Batch: 299, Loss: 0.0155, Label: 9, Survival Months: 53.67, Risk: -16.4418
	--> Average Speed: 0.05s per batch
	--> Time from Last Check: 1.46s
--> Batch: 349, Loss: 0.0114, Label: 3, Survival Months: 33.17, Risk: -15.6349
	--> Average Speed: 0.04s per batch
	--> Time from Last Check: 1.38s
--> Batch: 399, Loss: 0.0330, Label: 14, Survival Months: 104.25, Risk: -16.9156
	--> Average Speed: 0.05s per batch
	--> Time from Last Check: 1.45s
--> Batch: 449, Loss: 0.1600, Label: 17, Survival Months: 197.67, Risk: -15.1192
	--> Average Speed: 0.05s per batch
	--> Time from Last Check: 1.45s
--> Batch: 499, Loss: 0.0083, Label: 6, Survival Months: 42.42, Risk: -16.3407
	--> Average Speed: 0.04s per batch
	--> Time from Last Check: 1.43s
--> Batch: 549, Loss: 0.1384, Label: 17, Survival Months: 200.50, Risk: -15.8059
	--> Average Speed: 0.04s per batch
	--> Time from Last Check: 1.44s
[07/01/2025 - 02:26:40] - Epoch: 5, lr: 0.00006561, train_loss: 0.3349, train_c_index: 0.8463
[07/01/2025 - 02:26:41] - Epoch: 5, val_loss: 0.3805, val_c_index: 0.6158
[07/01/2025 - 02:26:41] - Time elapsed for epoch 5: 19s
[07/01/2025 - 02:26:41] - Epoch: 6
--> Batch: 49, Loss: 2.0260, Label: 3, Survival Months: 30.42, Risk: -1.7840
	--> Average Speed: 0.05s per batch
	--> Time from Last Check: 1.60s
--> Batch: 99, Loss: 1.5209, Label: 19, Survival Months: 289.33, Risk: -16.0451
	--> Average Speed: 0.04s per batch
	--> Time from Last Check: 1.40s
--> Batch: 149, Loss: 0.0300, Label: 14, Survival Months: 118.08, Risk: -16.9060
	--> Average Speed: 0.04s per batch
	--> Time from Last Check: 1.24s
--> Batch: 199, Loss: 0.0445, Label: 13, Survival Months: 89.50, Risk: -15.6965
	--> Average Speed: 0.04s per batch
	--> Time from Last Check: 1.31s
--> Batch: 249, Loss: 0.0296, Label: 14, Survival Months: 105.83, Risk: -17.0520
	--> Average Speed: 0.04s per batch
	--> Time from Last Check: 1.34s
--> Batch: 299, Loss: 0.1905, Label: 18, Survival Months: 257.33, Risk: -16.7636
	--> Average Speed: 0.04s per batch
	--> Time from Last Check: 1.38s
--> Batch: 349, Loss: 0.0594, Label: 16, Survival Months: 166.50, Risk: -16.8242
	--> Average Speed: 0.04s per batch
	--> Time from Last Check: 1.38s
--> Batch: 399, Loss: 0.0512, Label: 15, Survival Months: 135.00, Risk: -16.6582
	--> Average Speed: 0.04s per batch
	--> Time from Last Check: 1.40s
--> Batch: 449, Loss: 0.0100, Label: 8, Survival Months: 50.00, Risk: -17.1138
	--> Average Speed: 0.04s per batch
	--> Time from Last Check: 1.36s
--> Batch: 499, Loss: 0.1002, Label: 17, Survival Months: 190.08, Risk: -17.0165
	--> Average Speed: 0.04s per batch
	--> Time from Last Check: 1.37s
--> Batch: 549, Loss: 0.0158, Label: 3, Survival Months: 30.50, Risk: -14.6108
	--> Average Speed: 0.05s per batch
	--> Time from Last Check: 1.44s
[07/01/2025 - 02:26:58] - Epoch: 6, lr: 0.00005905, train_loss: 0.3193, train_c_index: 0.8566
[07/01/2025 - 02:26:59] - Epoch: 6, val_loss: 0.3980, val_c_index: 0.5296
[07/01/2025 - 02:26:59] - Time elapsed for epoch 6: 18s
[07/01/2025 - 02:26:59] - Epoch: 7
--> Batch: 49, Loss: 0.0164, Label: 10, Survival Months: 59.50, Risk: -16.5295
	--> Average Speed: 0.05s per batch
	--> Time from Last Check: 1.73s
--> Batch: 99, Loss: 0.0062, Label: 5, Survival Months: 38.92, Risk: -16.4883
	--> Average Speed: 0.05s per batch
	--> Time from Last Check: 1.52s
--> Batch: 149, Loss: 0.0299, Label: 8, Survival Months: 49.83, Risk: -14.6344
	--> Average Speed: 0.04s per batch
	--> Time from Last Check: 1.37s
--> Batch: 199, Loss: 0.0463, Label: 14, Survival Months: 118.50, Risk: -16.2472
	--> Average Speed: 0.05s per batch
	--> Time from Last Check: 1.49s
--> Batch: 249, Loss: 0.0604, Label: 15, Survival Months: 140.25, Risk: -16.8028
	--> Average Speed: 0.05s per batch
	--> Time from Last Check: 1.49s
--> Batch: 299, Loss: 0.0220, Label: 11, Survival Months: 69.50, Risk: -16.2152
	--> Average Speed: 0.05s per batch
	--> Time from Last Check: 1.46s
--> Batch: 349, Loss: 0.0063, Label: 10, Survival Months: 62.25, Risk: -17.6397
	--> Average Speed: 0.05s per batch
	--> Time from Last Check: 1.45s
--> Batch: 399, Loss: 0.0748, Label: 17, Survival Months: 186.33, Risk: -17.7472
	--> Average Speed: 0.05s per batch
	--> Time from Last Check: 1.48s
--> Batch: 449, Loss: 0.0006, Label: 0, Survival Months: 0.83, Risk: -17.6146
	--> Average Speed: 0.05s per batch
	--> Time from Last Check: 1.46s
--> Batch: 499, Loss: 0.0027, Label: 3, Survival Months: 32.83, Risk: -17.2665
	--> Average Speed: 0.05s per batch
	--> Time from Last Check: 1.45s
--> Batch: 549, Loss: 0.0023, Label: 7, Survival Months: 44.83, Risk: -17.7090
	--> Average Speed: 0.04s per batch
	--> Time from Last Check: 1.44s
[07/01/2025 - 02:27:17] - Epoch: 7, lr: 0.00005314, train_loss: 0.2903, train_c_index: 0.9184
[07/01/2025 - 02:27:18] - Epoch: 7, val_loss: 0.4289, val_c_index: 0.4829
[07/01/2025 - 02:27:18] - Time elapsed for epoch 7: 19s
[07/01/2025 - 02:27:18] - Epoch: 8
--> Batch: 49, Loss: 0.0185, Label: 13, Survival Months: 100.25, Risk: -17.2481
	--> Average Speed: 0.05s per batch
	--> Time from Last Check: 1.65s
--> Batch: 99, Loss: 0.0274, Label: 14, Survival Months: 108.50, Risk: -17.1239
	--> Average Speed: 0.04s per batch
	--> Time from Last Check: 1.38s
--> Batch: 149, Loss: 0.0014, Label: 1, Survival Months: 18.08, Risk: -17.7034
	--> Average Speed: 0.04s per batch
	--> Time from Last Check: 1.40s
--> Batch: 199, Loss: 0.0065, Label: 10, Survival Months: 59.50, Risk: -17.7380
	--> Average Speed: 0.04s per batch
	--> Time from Last Check: 1.42s
--> Batch: 249, Loss: 0.0269, Label: 10, Survival Months: 62.67, Risk: -15.6376
	--> Average Speed: 0.04s per batch
	--> Time from Last Check: 1.42s
--> Batch: 299, Loss: 0.0041, Label: 3, Survival Months: 31.75, Risk: -16.9676
	--> Average Speed: 0.04s per batch
	--> Time from Last Check: 1.38s
--> Batch: 349, Loss: 0.0021, Label: 5, Survival Months: 36.75, Risk: -17.6301
	--> Average Speed: 0.04s per batch
	--> Time from Last Check: 1.35s
--> Batch: 399, Loss: 2.3557, Label: 7, Survival Months: 46.50, Risk: -9.2063
	--> Average Speed: 0.04s per batch
	--> Time from Last Check: 1.43s
--> Batch: 449, Loss: 0.0287, Label: 13, Survival Months: 101.58, Risk: -16.7655
	--> Average Speed: 0.04s per batch
	--> Time from Last Check: 1.42s
--> Batch: 499, Loss: 0.0016, Label: 3, Survival Months: 32.83, Risk: -17.5615
	--> Average Speed: 0.04s per batch
	--> Time from Last Check: 1.37s
--> Batch: 549, Loss: 0.0052, Label: 11, Survival Months: 70.75, Risk: -18.0040
	--> Average Speed: 0.05s per batch
	--> Time from Last Check: 1.53s
[07/01/2025 - 02:27:35] - Epoch: 8, lr: 0.00004783, train_loss: 0.2732, train_c_index: 0.9603
[07/01/2025 - 02:27:37] - Epoch: 8, val_loss: 0.4350, val_c_index: 0.4883
[07/01/2025 - 02:27:37] - Time elapsed for epoch 8: 19s
[07/01/2025 - 02:27:37] - Epoch: 9
--> Batch: 49, Loss: 0.0009, Label: 1, Survival Months: 18.08, Risk: -17.7582
	--> Average Speed: 0.05s per batch
	--> Time from Last Check: 1.60s
--> Batch: 99, Loss: 1.3491, Label: 19, Survival Months: 288.42, Risk: -17.9446
	--> Average Speed: 0.05s per batch
	--> Time from Last Check: 1.44s
--> Batch: 149, Loss: 0.0003, Label: 0, Survival Months: 2.83, Risk: -17.6956
	--> Average Speed: 0.04s per batch
	--> Time from Last Check: 1.39s
--> Batch: 199, Loss: 0.0053, Label: 10, Survival Months: 58.58, Risk: -17.6157
	--> Average Speed: 0.05s per batch
	--> Time from Last Check: 1.45s
--> Batch: 249, Loss: 0.0009, Label: 5, Survival Months: 37.25, Risk: -17.8332
	--> Average Speed: 0.04s per batch
	--> Time from Last Check: 1.43s
--> Batch: 299, Loss: 0.0576, Label: 16, Survival Months: 172.00, Risk: -16.9535
	--> Average Speed: 0.04s per batch
	--> Time from Last Check: 1.32s
--> Batch: 349, Loss: 0.0019, Label: 8, Survival Months: 49.00, Risk: -17.9091
	--> Average Speed: 0.04s per batch
	--> Time from Last Check: 1.43s
--> Batch: 399, Loss: 0.0005, Label: 6, Survival Months: 41.58, Risk: -18.0301
	--> Average Speed: 0.04s per batch
	--> Time from Last Check: 1.39s
--> Batch: 449, Loss: 1.4763, Label: 19, Survival Months: 329.92, Risk: -17.3318
	--> Average Speed: 0.04s per batch
	--> Time from Last Check: 1.41s
--> Batch: 499, Loss: 0.0082, Label: 12, Survival Months: 80.42, Risk: -17.8113
	--> Average Speed: 0.04s per batch
	--> Time from Last Check: 1.33s
--> Batch: 549, Loss: 0.0134, Label: 14, Survival Months: 109.00, Risk: -17.7640
	--> Average Speed: 0.05s per batch
	--> Time from Last Check: 1.44s
[07/01/2025 - 02:27:54] - Epoch: 9, lr: 0.00004305, train_loss: 0.2570, train_c_index: 0.9584
[07/01/2025 - 02:27:55] - Epoch: 9, val_loss: 0.4523, val_c_index: 0.4614
[07/01/2025 - 02:27:55] - Time elapsed for epoch 9: 19s
[07/01/2025 - 02:27:55] - Epoch: 10
--> Batch: 49, Loss: 0.0064, Label: 12, Survival Months: 83.00, Risk: -18.0325
	--> Average Speed: 0.05s per batch
	--> Time from Last Check: 1.55s
--> Batch: 99, Loss: 0.0057, Label: 11, Survival Months: 69.08, Risk: -17.8221
	--> Average Speed: 0.04s per batch
	--> Time from Last Check: 1.36s
--> Batch: 149, Loss: 0.0163, Label: 11, Survival Months: 71.33, Risk: -16.7274
	--> Average Speed: 0.04s per batch
	--> Time from Last Check: 1.40s
--> Batch: 199, Loss: 0.0048, Label: 11, Survival Months: 74.58, Risk: -17.9450
	--> Average Speed: 0.04s per batch
	--> Time from Last Check: 1.31s
--> Batch: 249, Loss: 0.0094, Label: 8, Survival Months: 49.50, Risk: -16.6254
	--> Average Speed: 0.04s per batch
	--> Time from Last Check: 1.41s
--> Batch: 299, Loss: 0.0116, Label: 14, Survival Months: 110.42, Risk: -17.8562
	--> Average Speed: 0.04s per batch
	--> Time from Last Check: 1.37s
--> Batch: 349, Loss: 0.0068, Label: 11, Survival Months: 76.00, Risk: -17.6920
	--> Average Speed: 0.04s per batch
	--> Time from Last Check: 1.43s
--> Batch: 399, Loss: 0.0025, Label: 9, Survival Months: 54.50, Risk: -17.9451
	--> Average Speed: 0.05s per batch
	--> Time from Last Check: 1.49s
--> Batch: 449, Loss: 0.0025, Label: 5, Survival Months: 36.67, Risk: -17.1343
	--> Average Speed: 0.04s per batch
	--> Time from Last Check: 1.44s
--> Batch: 499, Loss: 1.6007, Label: 17, Survival Months: 177.25, Risk: -17.2323
	--> Average Speed: 0.05s per batch
	--> Time from Last Check: 1.44s
--> Batch: 549, Loss: 0.0318, Label: 15, Survival Months: 130.75, Risk: -17.7184
	--> Average Speed: 0.04s per batch
	--> Time from Last Check: 1.37s
[07/01/2025 - 02:28:12] - Epoch: 10, lr: 0.00003874, train_loss: 0.2469, train_c_index: 0.9667
[07/01/2025 - 02:28:14] - Epoch: 10, val_loss: 0.4660, val_c_index: 0.4614
[07/01/2025 - 02:28:14] - Time elapsed for epoch 10: 18s
[07/01/2025 - 02:28:14] - Epoch: 11
--> Batch: 49, Loss: 0.2238, Label: 19, Survival Months: 329.75, Risk: -18.4404
	--> Average Speed: 0.05s per batch
	--> Time from Last Check: 1.64s
--> Batch: 99, Loss: 0.0022, Label: 7, Survival Months: 46.17, Risk: -17.8018
	--> Average Speed: 0.04s per batch
	--> Time from Last Check: 1.42s
--> Batch: 149, Loss: 0.1237, Label: 18, Survival Months: 218.50, Risk: -18.2122
	--> Average Speed: 0.05s per batch
	--> Time from Last Check: 1.49s
--> Batch: 199, Loss: 0.0005, Label: 4, Survival Months: 35.33, Risk: -18.1526
	--> Average Speed: 0.05s per batch
	--> Time from Last Check: 1.46s
--> Batch: 249, Loss: 0.0071, Label: 14, Survival Months: 103.00, Risk: -18.3336
	--> Average Speed: 0.05s per batch
	--> Time from Last Check: 1.48s
--> Batch: 299, Loss: 0.0020, Label: 9, Survival Months: 52.92, Risk: -18.1219
	--> Average Speed: 0.05s per batch
	--> Time from Last Check: 1.49s
--> Batch: 349, Loss: 0.1260, Label: 18, Survival Months: 220.42, Risk: -18.2557
	--> Average Speed: 0.05s per batch
	--> Time from Last Check: 1.45s
--> Batch: 399, Loss: 0.0044, Label: 12, Survival Months: 84.17, Risk: -18.2446
	--> Average Speed: 0.04s per batch
	--> Time from Last Check: 1.44s
--> Batch: 449, Loss: 0.0028, Label: 8, Survival Months: 49.83, Risk: -17.7285
	--> Average Speed: 0.04s per batch
	--> Time from Last Check: 1.39s
--> Batch: 499, Loss: 2.5343, Label: 10, Survival Months: 60.25, Risk: -11.2654
	--> Average Speed: 0.04s per batch
	--> Time from Last Check: 1.41s
--> Batch: 549, Loss: 3.7590, Label: 8, Survival Months: 48.67, Risk: -1.5362
	--> Average Speed: 0.05s per batch
	--> Time from Last Check: 1.45s
[07/01/2025 - 02:28:31] - Epoch: 11, lr: 0.00003487, train_loss: 0.2471, train_c_index: 0.9672
[07/01/2025 - 02:28:33] - Epoch: 11, val_loss: 0.4647, val_c_index: 0.4165
[07/01/2025 - 02:28:33] - Time elapsed for epoch 11: 19s
[07/01/2025 - 02:28:33] - Epoch: 12
--> Batch: 49, Loss: 0.0003, Label: 1, Survival Months: 15.58, Risk: -17.7839
	--> Average Speed: 0.05s per batch
	--> Time from Last Check: 1.64s
--> Batch: 99, Loss: 0.0067, Label: 13, Survival Months: 94.33, Risk: -18.0310
	--> Average Speed: 0.04s per batch
	--> Time from Last Check: 1.36s
--> Batch: 149, Loss: 2.0764, Label: 14, Survival Months: 119.92, Risk: -10.8370
	--> Average Speed: 0.05s per batch
	--> Time from Last Check: 1.44s
--> Batch: 199, Loss: 0.0071, Label: 8, Survival Months: 50.67, Risk: -16.9417
	--> Average Speed: 0.04s per batch
	--> Time from Last Check: 1.41s
--> Batch: 249, Loss: 0.0693, Label: 17, Survival Months: 193.00, Risk: -18.0275
	--> Average Speed: 0.05s per batch
	--> Time from Last Check: 1.51s
--> Batch: 299, Loss: 0.0071, Label: 12, Survival Months: 82.00, Risk: -17.9752
	--> Average Speed: 0.04s per batch
	--> Time from Last Check: 1.42s
--> Batch: 349, Loss: 0.0027, Label: 9, Survival Months: 53.58, Risk: -17.8202
	--> Average Speed: 0.05s per batch
	--> Time from Last Check: 1.45s
--> Batch: 399, Loss: 0.0082, Label: 14, Survival Months: 104.25, Risk: -18.0606
	--> Average Speed: 0.04s per batch
	--> Time from Last Check: 1.36s
--> Batch: 449, Loss: 0.0012, Label: 8, Survival Months: 48.67, Risk: -18.1221
	--> Average Speed: 0.04s per batch
	--> Time from Last Check: 1.41s
--> Batch: 499, Loss: 0.0190, Label: 13, Survival Months: 95.08, Risk: -17.0849
	--> Average Speed: 0.04s per batch
	--> Time from Last Check: 1.42s
--> Batch: 549, Loss: 1.9975, Label: 14, Survival Months: 113.75, Risk: -12.4848
	--> Average Speed: 0.04s per batch
	--> Time from Last Check: 1.38s
[07/01/2025 - 02:28:50] - Epoch: 12, lr: 0.00003138, train_loss: 0.2366, train_c_index: 0.9655
[07/01/2025 - 02:28:51] - Epoch: 12, val_loss: 0.4807, val_c_index: 0.4363
[07/01/2025 - 02:28:51] - Time elapsed for epoch 12: 19s
[07/01/2025 - 02:28:51] - Epoch: 13
--> Batch: 49, Loss: 1.7810, Label: 15, Survival Months: 136.83, Risk: -11.8609
	--> Average Speed: 0.05s per batch
	--> Time from Last Check: 1.58s
--> Batch: 99, Loss: 0.0002, Label: 3, Survival Months: 31.75, Risk: -18.1450
	--> Average Speed: 0.04s per batch
	--> Time from Last Check: 1.39s
--> Batch: 149, Loss: 0.1585, Label: 18, Survival Months: 206.92, Risk: -18.0464
	--> Average Speed: 0.04s per batch
	--> Time from Last Check: 1.40s
--> Batch: 199, Loss: 0.0007, Label: 7, Survival Months: 47.17, Risk: -18.2814
	--> Average Speed: 0.05s per batch
	--> Time from Last Check: 1.46s
--> Batch: 249, Loss: 0.0057, Label: 11, Survival Months: 77.92, Risk: -17.8063
	--> Average Speed: 0.05s per batch
	--> Time from Last Check: 1.50s
--> Batch: 299, Loss: 0.0053, Label: 13, Survival Months: 95.08, Risk: -18.1987
	--> Average Speed: 0.04s per batch
	--> Time from Last Check: 1.41s
--> Batch: 349, Loss: 0.2682, Label: 19, Survival Months: 280.08, Risk: -18.1515
	--> Average Speed: 0.04s per batch
	--> Time from Last Check: 1.39s
--> Batch: 399, Loss: 0.0002, Label: 5, Survival Months: 38.92, Risk: -18.1471
	--> Average Speed: 0.05s per batch
	--> Time from Last Check: 1.45s
--> Batch: 449, Loss: 0.0184, Label: 15, Survival Months: 137.33, Risk: -18.0777
	--> Average Speed: 0.04s per batch
	--> Time from Last Check: 1.38s
--> Batch: 499, Loss: 0.0018, Label: 10, Survival Months: 59.50, Risk: -18.1580
	--> Average Speed: 0.05s per batch
	--> Time from Last Check: 1.47s
--> Batch: 549, Loss: 2.4272, Label: 10, Survival Months: 66.00, Risk: -11.1217
	--> Average Speed: 0.05s per batch
	--> Time from Last Check: 1.45s
[07/01/2025 - 02:29:09] - Epoch: 13, lr: 0.00002824, train_loss: 0.2307, train_c_index: 0.9697
[07/01/2025 - 02:29:10] - Epoch: 13, val_loss: 0.4822, val_c_index: 0.4363
[07/01/2025 - 02:29:10] - Time elapsed for epoch 13: 19s
[07/01/2025 - 02:29:10] - Epoch: 14
--> Batch: 49, Loss: 0.0099, Label: 13, Survival Months: 100.25, Risk: -17.7437
	--> Average Speed: 0.05s per batch
	--> Time from Last Check: 1.69s
--> Batch: 99, Loss: 0.0009, Label: 6, Survival Months: 43.17, Risk: -17.0849
	--> Average Speed: 0.05s per batch
	--> Time from Last Check: 1.46s
--> Batch: 149, Loss: 0.0211, Label: 16, Survival Months: 157.25, Risk: -18.2474
	--> Average Speed: 0.05s per batch
	--> Time from Last Check: 1.44s
--> Batch: 199, Loss: 0.0001, Label: 6, Survival Months: 41.83, Risk: -18.2587
	--> Average Speed: 0.04s per batch
	--> Time from Last Check: 1.44s
--> Batch: 249, Loss: 0.0018, Label: 8, Survival Months: 48.75, Risk: -17.9827
	--> Average Speed: 0.05s per batch
	--> Time from Last Check: 1.46s
--> Batch: 299, Loss: 0.0016, Label: 7, Survival Months: 44.33, Risk: -17.6059
	--> Average Speed: 0.04s per batch
	--> Time from Last Check: 1.39s
--> Batch: 349, Loss: 0.2693, Label: 19, Survival Months: 292.17, Risk: -18.1039
	--> Average Speed: 0.04s per batch
	--> Time from Last Check: 1.41s
--> Batch: 399, Loss: 1.3638, Label: 19, Survival Months: 288.50, Risk: -17.9563
	--> Average Speed: 0.05s per batch
	--> Time from Last Check: 1.46s
--> Batch: 449, Loss: 1.6655, Label: 15, Survival Months: 125.67, Risk: -11.9204
	--> Average Speed: 0.05s per batch
	--> Time from Last Check: 1.45s
--> Batch: 499, Loss: 0.0056, Label: 13, Survival Months: 101.33, Risk: -18.1333
	--> Average Speed: 0.05s per batch
	--> Time from Last Check: 1.47s
--> Batch: 549, Loss: 0.0008, Label: 8, Survival Months: 51.00, Risk: -18.2590
	--> Average Speed: 0.04s per batch
	--> Time from Last Check: 1.41s
[07/01/2025 - 02:29:27] - Epoch: 14, lr: 0.00002542, train_loss: 0.2249, train_c_index: 0.9742
[07/01/2025 - 02:29:29] - Epoch: 14, val_loss: 0.4938, val_c_index: 0.4596
[07/01/2025 - 02:29:29] - Time elapsed for epoch 14: 19s
[07/01/2025 - 02:29:29] - Epoch: 15
--> Batch: 49, Loss: 0.0003, Label: 5, Survival Months: 38.92, Risk: -17.7244
	--> Average Speed: 0.05s per batch
	--> Time from Last Check: 1.64s
--> Batch: 99, Loss: 0.0001, Label: 5, Survival Months: 37.25, Risk: -18.3957
	--> Average Speed: 0.04s per batch
	--> Time from Last Check: 1.41s
--> Batch: 149, Loss: 0.0004, Label: 7, Survival Months: 46.00, Risk: -18.3110
	--> Average Speed: 0.04s per batch
	--> Time from Last Check: 1.34s
--> Batch: 199, Loss: 0.2581, Label: 19, Survival Months: 270.67, Risk: -18.3079
	--> Average Speed: 0.05s per batch
	--> Time from Last Check: 1.47s
--> Batch: 249, Loss: 0.0005, Label: 9, Survival Months: 51.83, Risk: -18.4671
	--> Average Speed: 0.04s per batch
	--> Time from Last Check: 1.44s
--> Batch: 299, Loss: 0.0000, Label: 4, Survival Months: 34.33, Risk: -18.4350
	--> Average Speed: 0.05s per batch
	--> Time from Last Check: 1.46s
--> Batch: 349, Loss: 0.0056, Label: 13, Survival Months: 89.50, Risk: -18.1629
	--> Average Speed: 0.05s per batch
	--> Time from Last Check: 1.46s
--> Batch: 399, Loss: 0.0003, Label: 5, Survival Months: 39.58, Risk: -17.7730
	--> Average Speed: 0.05s per batch
	--> Time from Last Check: 1.44s
--> Batch: 449, Loss: 0.0704, Label: 17, Survival Months: 193.00, Risk: -17.9886
	--> Average Speed: 0.04s per batch
	--> Time from Last Check: 1.40s
--> Batch: 499, Loss: 1.9487, Label: 16, Survival Months: 148.42, Risk: -15.5623
	--> Average Speed: 0.04s per batch
	--> Time from Last Check: 1.43s
--> Batch: 549, Loss: 0.0001, Label: 5, Survival Months: 38.42, Risk: -17.9958
	--> Average Speed: 0.05s per batch
	--> Time from Last Check: 1.52s
[07/01/2025 - 02:29:46] - Epoch: 15, lr: 0.00002288, train_loss: 0.2191, train_c_index: 0.9722
[07/01/2025 - 02:29:47] - Epoch: 15, val_loss: 0.4887, val_c_index: 0.4560
[07/01/2025 - 02:29:47] - Time elapsed for epoch 15: 19s
[07/01/2025 - 02:29:47] - Epoch: 16
--> Batch: 49, Loss: 0.0012, Label: 3, Survival Months: 31.33, Risk: -16.6359
	--> Average Speed: 0.05s per batch
	--> Time from Last Check: 1.64s
--> Batch: 99, Loss: 0.0012, Label: 8, Survival Months: 51.33, Risk: -18.0932
	--> Average Speed: 0.04s per batch
	--> Time from Last Check: 1.42s
--> Batch: 149, Loss: 0.2634, Label: 19, Survival Months: 270.58, Risk: -18.2723
	--> Average Speed: 0.04s per batch
	--> Time from Last Check: 1.37s
--> Batch: 199, Loss: 0.0016, Label: 11, Survival Months: 71.00, Risk: -18.1516
	--> Average Speed: 0.04s per batch
	--> Time from Last Check: 1.43s
--> Batch: 249, Loss: 0.0001, Label: 4, Survival Months: 35.67, Risk: -18.2305
	--> Average Speed: 0.04s per batch
	--> Time from Last Check: 1.31s
--> Batch: 299, Loss: 0.0045, Label: 12, Survival Months: 80.42, Risk: -18.1673
	--> Average Speed: 0.04s per batch
	--> Time from Last Check: 1.29s
--> Batch: 349, Loss: 0.0002, Label: 6, Survival Months: 42.58, Risk: -17.9198
	--> Average Speed: 0.04s per batch
	--> Time from Last Check: 1.43s
--> Batch: 399, Loss: 1.5209, Label: 15, Survival Months: 141.17, Risk: -13.1293
	--> Average Speed: 0.04s per batch
	--> Time from Last Check: 1.40s
--> Batch: 449, Loss: 0.0207, Label: 14, Survival Months: 114.50, Risk: -17.4959
	--> Average Speed: 0.04s per batch
	--> Time from Last Check: 1.38s
--> Batch: 499, Loss: 0.0005, Label: 7, Survival Months: 45.92, Risk: -18.0514
	--> Average Speed: 0.04s per batch
	--> Time from Last Check: 1.36s
--> Batch: 549, Loss: 0.0001, Label: 2, Survival Months: 28.08, Risk: -18.1206
	--> Average Speed: 0.04s per batch
	--> Time from Last Check: 1.37s
[07/01/2025 - 02:30:04] - Epoch: 16, lr: 0.00002059, train_loss: 0.2160, train_c_index: 0.9786
[07/01/2025 - 02:30:05] - Epoch: 16, val_loss: 0.4956, val_c_index: 0.4524
[07/01/2025 - 02:30:05] - Time elapsed for epoch 16: 18s
[07/01/2025 - 02:30:05] - Epoch: 17
--> Batch: 49, Loss: 2.1437, Label: 8, Survival Months: 51.17, Risk: -11.1845
	--> Average Speed: 0.05s per batch
	--> Time from Last Check: 1.59s
--> Batch: 99, Loss: 0.0012, Label: 10, Survival Months: 60.58, Risk: -18.2086
	--> Average Speed: 0.04s per batch
	--> Time from Last Check: 1.43s
--> Batch: 149, Loss: 0.0006, Label: 8, Survival Months: 51.67, Risk: -18.3220
	--> Average Speed: 0.04s per batch
	--> Time from Last Check: 1.42s
--> Batch: 199, Loss: 0.0001, Label: 3, Survival Months: 32.00, Risk: -18.1195
	--> Average Speed: 0.05s per batch
	--> Time from Last Check: 1.46s
--> Batch: 249, Loss: 0.0009, Label: 10, Survival Months: 58.50, Risk: -18.3071
	--> Average Speed: 0.05s per batch
	--> Time from Last Check: 1.45s
--> Batch: 299, Loss: 0.0056, Label: 11, Survival Months: 69.50, Risk: -17.6307
	--> Average Speed: 0.05s per batch
	--> Time from Last Check: 1.44s
--> Batch: 349, Loss: 0.0014, Label: 8, Survival Months: 51.00, Risk: -18.1169
	--> Average Speed: 0.05s per batch
	--> Time from Last Check: 1.46s
--> Batch: 399, Loss: 0.0113, Label: 14, Survival Months: 103.00, Risk: -18.0236
	--> Average Speed: 0.05s per batch
	--> Time from Last Check: 1.44s
--> Batch: 449, Loss: 0.0031, Label: 8, Survival Months: 49.50, Risk: -17.2388
	--> Average Speed: 0.05s per batch
	--> Time from Last Check: 1.58s
--> Batch: 499, Loss: 0.0001, Label: 6, Survival Months: 42.00, Risk: -18.2106
	--> Average Speed: 0.05s per batch
	--> Time from Last Check: 1.48s
--> Batch: 549, Loss: 0.0024, Label: 13, Survival Months: 97.08, Risk: -18.4471
	--> Average Speed: 0.05s per batch
	--> Time from Last Check: 1.45s
[07/01/2025 - 02:30:23] - Epoch: 17, lr: 0.00001853, train_loss: 0.2136, train_c_index: 0.9750
[07/01/2025 - 02:30:24] - Epoch: 17, val_loss: 0.4995, val_c_index: 0.4542
[07/01/2025 - 02:30:24] - Time elapsed for epoch 17: 19s
[07/01/2025 - 02:30:24] - Epoch: 18
--> Batch: 49, Loss: 0.0001, Label: 2, Survival Months: 25.58, Risk: -18.2251
	--> Average Speed: 0.07s per batch
	--> Time from Last Check: 2.14s
--> Batch: 99, Loss: 0.0005, Label: 8, Survival Months: 47.92, Risk: -18.5686
	--> Average Speed: 0.05s per batch
	--> Time from Last Check: 1.44s
--> Batch: 149, Loss: 0.0465, Label: 17, Survival Months: 193.00, Risk: -18.5431
	--> Average Speed: 0.05s per batch
	--> Time from Last Check: 1.48s
--> Batch: 199, Loss: 0.0112, Label: 15, Survival Months: 123.08, Risk: -18.3586
	--> Average Speed: 0.04s per batch
	--> Time from Last Check: 1.43s
--> Batch: 249, Loss: 0.2566, Label: 19, Survival Months: 593.83, Risk: -18.3497
	--> Average Speed: 0.04s per batch
	--> Time from Last Check: 1.41s
--> Batch: 299, Loss: 0.0008, Label: 9, Survival Months: 55.33, Risk: -18.4155
	--> Average Speed: 0.04s per batch
	--> Time from Last Check: 1.37s
--> Batch: 349, Loss: 0.0096, Label: 16, Survival Months: 172.67, Risk: -18.6714
	--> Average Speed: 0.05s per batch
	--> Time from Last Check: 1.45s
--> Batch: 399, Loss: 1.1476, Label: 19, Survival Months: 288.42, Risk: -18.5134
	--> Average Speed: 0.04s per batch
	--> Time from Last Check: 1.44s
--> Batch: 449, Loss: 0.0001, Label: 6, Survival Months: 42.33, Risk: -18.2981
	--> Average Speed: 0.05s per batch
	--> Time from Last Check: 1.45s
--> Batch: 499, Loss: 0.0566, Label: 17, Survival Months: 173.50, Risk: -18.4022
	--> Average Speed: 0.05s per batch
	--> Time from Last Check: 1.45s
--> Batch: 549, Loss: 0.0000, Label: 1, Survival Months: 23.75, Risk: -18.4678
	--> Average Speed: 0.04s per batch
	--> Time from Last Check: 1.35s
[07/01/2025 - 02:30:42] - Epoch: 18, lr: 0.00001668, train_loss: 0.2137, train_c_index: 0.9765
[07/01/2025 - 02:30:43] - Epoch: 18, val_loss: 0.5104, val_c_index: 0.4434
[07/01/2025 - 02:30:43] - Time elapsed for epoch 18: 19s
[07/01/2025 - 02:30:43] - Epoch: 19
--> Batch: 49, Loss: 0.0514, Label: 17, Survival Months: 185.08, Risk: -18.3264
	--> Average Speed: 0.05s per batch
	--> Time from Last Check: 1.57s
--> Batch: 99, Loss: 0.0013, Label: 8, Survival Months: 51.00, Risk: -17.9652
	--> Average Speed: 0.04s per batch
	--> Time from Last Check: 1.43s
--> Batch: 149, Loss: 0.1164, Label: 18, Survival Months: 233.00, Risk: -18.5163
	--> Average Speed: 0.05s per batch
	--> Time from Last Check: 1.45s
--> Batch: 199, Loss: 0.0004, Label: 9, Survival Months: 52.00, Risk: -18.4020
	--> Average Speed: 0.04s per batch
	--> Time from Last Check: 1.36s
--> Batch: 249, Loss: 0.0012, Label: 9, Survival Months: 53.67, Risk: -17.9317
	--> Average Speed: 0.05s per batch
	--> Time from Last Check: 1.59s
--> Batch: 299, Loss: 0.0256, Label: 16, Survival Months: 159.50, Risk: -18.0408
	--> Average Speed: 0.04s per batch
	--> Time from Last Check: 1.39s
--> Batch: 349, Loss: 0.1476, Label: 18, Survival Months: 215.83, Risk: -18.1674
	--> Average Speed: 0.04s per batch
	--> Time from Last Check: 1.43s
--> Batch: 399, Loss: 1.5087, Label: 2, Survival Months: 25.17, Risk: -2.0377
	--> Average Speed: 0.04s per batch
	--> Time from Last Check: 1.42s
--> Batch: 449, Loss: 0.0002, Label: 6, Survival Months: 42.00, Risk: -17.8909
	--> Average Speed: 0.04s per batch
	--> Time from Last Check: 1.42s
--> Batch: 499, Loss: 0.0004, Label: 8, Survival Months: 49.58, Risk: -18.5436
	--> Average Speed: 0.04s per batch
	--> Time from Last Check: 1.37s
--> Batch: 549, Loss: 0.0001, Label: 1, Survival Months: 23.92, Risk: -17.8436
	--> Average Speed: 0.04s per batch
	--> Time from Last Check: 1.40s
[07/01/2025 - 02:31:01] - Epoch: 19, lr: 0.00001501, train_loss: 0.2119, train_c_index: 0.9799
[07/01/2025 - 02:31:02] - Epoch: 19, val_loss: 0.5040, val_c_index: 0.4524
[07/01/2025 - 02:31:02] - Time elapsed for epoch 19: 18s
[07/01/2025 - 02:31:02] - Epoch: 20
--> Batch: 49, Loss: 0.0060, Label: 12, Survival Months: 83.08, Risk: -18.0635
	--> Average Speed: 0.06s per batch
	--> Time from Last Check: 1.90s
--> Batch: 99, Loss: 0.0010, Label: 11, Survival Months: 71.50, Risk: -18.4211
	--> Average Speed: 0.05s per batch
	--> Time from Last Check: 1.45s
--> Batch: 149, Loss: 0.0011, Label: 10, Survival Months: 62.33, Risk: -18.2704
	--> Average Speed: 0.04s per batch
	--> Time from Last Check: 1.42s
--> Batch: 199, Loss: 0.0000, Label: 2, Survival Months: 26.83, Risk: -18.2210
	--> Average Speed: 0.04s per batch
	--> Time from Last Check: 1.39s
--> Batch: 249, Loss: 0.0083, Label: 14, Survival Months: 105.83, Risk: -18.0637
	--> Average Speed: 0.04s per batch
	--> Time from Last Check: 1.34s
--> Batch: 299, Loss: 0.0029, Label: 11, Survival Months: 74.08, Risk: -18.0350
	--> Average Speed: 0.04s per batch
	--> Time from Last Check: 1.34s
--> Batch: 349, Loss: 0.0009, Label: 10, Survival Months: 61.67, Risk: -18.3633
	--> Average Speed: 0.04s per batch
	--> Time from Last Check: 1.36s
--> Batch: 399, Loss: 0.0000, Label: 1, Survival Months: 17.92, Risk: -18.0638
	--> Average Speed: 0.04s per batch
	--> Time from Last Check: 1.36s
--> Batch: 449, Loss: 0.0006, Label: 7, Survival Months: 45.92, Risk: -17.9773
	--> Average Speed: 0.04s per batch
	--> Time from Last Check: 1.37s
--> Batch: 499, Loss: 0.1095, Label: 18, Survival Months: 226.75, Risk: -18.5008
	--> Average Speed: 0.04s per batch
	--> Time from Last Check: 1.39s
--> Batch: 549, Loss: 0.1234, Label: 18, Survival Months: 226.50, Risk: -18.4099
	--> Average Speed: 0.04s per batch
	--> Time from Last Check: 1.31s
[07/01/2025 - 02:31:19] - Epoch: 20, lr: 0.00001351, train_loss: 0.2030, train_c_index: 0.9795
--> Saving model into checkpoints/MCAT_TCGA-BRCA-GE-ME_E20_202501070231.pt
[07/01/2025 - 02:31:21] - Epoch: 20, val_loss: 0.5167, val_c_index: 0.4488
[07/01/2025 - 02:31:21] - Time elapsed for epoch 20: 19s

################# [07/01/2025 - 02:31:21] - Training completed #################

################# [07/01/2025 - 02:31:21] - Validation started #################
[07/01/2025 - 02:31:22] - Final Validation, val_loss: 0.5167, val_c_index: 0.4488
[07/01/2025 - 02:31:22] - Time elapsed for Validation: 1s

################ [07/01/2025 - 02:31:22] - Validation completed ################

################## [07/01/2025 - 02:31:25] - MCAT terminated ###################
