Environment conda activated
Job 2505426 started

#################### [10/01/2025 - 03:08:36] - MCAT started ####################
HOSTNAME: lurcanio

WANDB: setting up for report

CUDA: available
--> Device count: 1
--> Using device: NVIDIA GeForce RTX 2080 Ti
--> Running on CUDA

DATASET: Loading data
--> Remaining samples after removing incomplete: 1039
--> Class intervals: [
	0: [0.00 - 2.57]
	1: [2.57 - 17.70]
	2: [17.70 - 26.37]
	3: [26.37 - 31.25]
	4: [31.25 - 34.71]
	5: [34.71 - 38.03]
	6: [38.03 - 42.94]
	7: [42.94 - 47.45]
	8: [47.45 - 51.69]
	9: [51.69 - 58.17]
	10: [58.17 - 67.10]
	11: [67.10 - 79.80]
	12: [79.80 - 88.56]
	13: [88.56 - 102.25]
	14: [102.25 - 120.62]
	15: [120.62 - 141.88]
	16: [141.88 - 174.40]
	17: [174.40 - 205.88]
	18: [205.88 - 263.29]
	19: [263.29 - 593.83]
    ]
--> Standardizing RNA-seq data
--> Standardizing Methylation Islands beta values
--> Gene Expression Signatures size: [19938]
--> Methylation Signatures size: [4522]
--> Using 80% training, 20% validation
--> Training Set: [831], Testing Set: [208]

MODEL: MCAT
--> Trainable parameters of MCAT: 9362966
--> Loss function: CrossEntropySurvivalLoss
--> Optimizer: adam

################## [10/01/2025 - 03:09:07] - Training started ##################
[10/01/2025 - 03:09:07] - Epoch: 1
--> Batch: 49, Loss: 0.0000, Label: 6, Survival Months: 40.67, Risk: -1.0338
	--> Average Speed: 0.07s per batch
	--> Time from Last Check: 2.08s
--> Batch: 99, Loss: 0.0000, Label: 16, Survival Months: 163.83, Risk: -0.9979
	--> Average Speed: 0.05s per batch
	--> Time from Last Check: 1.55s
--> Batch: 149, Loss: 0.0000, Label: 16, Survival Months: 165.67, Risk: -1.0693
	--> Average Speed: 0.05s per batch
	--> Time from Last Check: 1.55s
--> Batch: 199, Loss: 0.0000, Label: 3, Survival Months: 26.42, Risk: -1.0362
	--> Average Speed: 0.05s per batch
	--> Time from Last Check: 1.55s
--> Batch: 249, Loss: 0.0000, Label: 10, Survival Months: 63.50, Risk: -1.0542
	--> Average Speed: 0.05s per batch
	--> Time from Last Check: 1.55s
--> Batch: 299, Loss: 0.0000, Label: 15, Survival Months: 134.25, Risk: -1.1007
	--> Average Speed: 0.05s per batch
	--> Time from Last Check: 1.54s
--> Batch: 349, Loss: 0.0000, Label: 4, Survival Months: 34.33, Risk: -1.1230
	--> Average Speed: 0.05s per batch
	--> Time from Last Check: 1.53s
--> Batch: 399, Loss: 1.9644, Label: 2, Survival Months: 19.92, Risk: -1.1684
	--> Average Speed: 0.05s per batch
	--> Time from Last Check: 1.57s
--> Batch: 449, Loss: 0.0000, Label: 3, Survival Months: 30.75, Risk: -1.1794
	--> Average Speed: 0.05s per batch
	--> Time from Last Check: 1.59s
--> Batch: 499, Loss: 0.0000, Label: 13, Survival Months: 95.00, Risk: -1.2584
	--> Average Speed: 0.05s per batch
	--> Time from Last Check: 1.55s
--> Batch: 549, Loss: 0.0000, Label: 7, Survival Months: 44.42, Risk: -1.2645
	--> Average Speed: 0.05s per batch
	--> Time from Last Check: 1.52s
--> Batch: 599, Loss: 0.0000, Label: 10, Survival Months: 58.92, Risk: -1.2931
	--> Average Speed: 0.05s per batch
	--> Time from Last Check: 1.51s
--> Batch: 649, Loss: 0.0000, Label: 19, Survival Months: 559.92, Risk: -1.3372
	--> Average Speed: 0.05s per batch
	--> Time from Last Check: 1.51s
--> Batch: 699, Loss: 0.8803, Label: 0, Survival Months: 0.08, Risk: -1.4247
	--> Average Speed: 0.05s per batch
	--> Time from Last Check: 1.60s
--> Batch: 749, Loss: 0.0000, Label: 19, Survival Months: 292.17, Risk: -1.7720
	--> Average Speed: 0.05s per batch
	--> Time from Last Check: 1.63s
--> Batch: 799, Loss: 0.0000, Label: 4, Survival Months: 33.17, Risk: -1.8383
	--> Average Speed: 0.05s per batch
	--> Time from Last Check: 1.65s
[10/01/2025 - 03:09:34] - Epoch: 1, lr: 0.00010000, training_loss: 0.9195, training_c_index: 0.5459
[10/01/2025 - 03:09:36] - Epoch: 1, validation_loss: 0.8354, validation_c_index: 0.6006
--> New BEST Validation Score: 0.5170, validation_loss: 0.8354, validation_c_index: 0.6006
--> Current BEST Score: 0.5170
	--> validation_loss: 0.8354
	--> best validation_c_index: 0.6006
[10/01/2025 - 03:09:36] - Time elapsed for epoch 1: 28s
[10/01/2025 - 03:09:36] - Epoch: 2
--> Batch: 49, Loss: 8.3236, Label: 17, Survival Months: 182.67, Risk: -2.1252
	--> Average Speed: 0.06s per batch
	--> Time from Last Check: 1.86s
--> Batch: 99, Loss: 0.0000, Label: 13, Survival Months: 102.00, Risk: -2.4151
	--> Average Speed: 0.05s per batch
	--> Time from Last Check: 1.61s
--> Batch: 149, Loss: 0.0000, Label: 15, Survival Months: 130.08, Risk: -2.2315
	--> Average Speed: 0.05s per batch
	--> Time from Last Check: 1.61s
--> Batch: 199, Loss: 0.0000, Label: 6, Survival Months: 40.17, Risk: -2.4499
	--> Average Speed: 0.05s per batch
	--> Time from Last Check: 1.59s
--> Batch: 249, Loss: 0.0000, Label: 1, Survival Months: 15.58, Risk: -3.6574
	--> Average Speed: 0.05s per batch
	--> Time from Last Check: 1.60s
--> Batch: 299, Loss: 0.0000, Label: 13, Survival Months: 96.33, Risk: -4.8550
	--> Average Speed: 0.05s per batch
	--> Time from Last Check: 1.60s
--> Batch: 349, Loss: 0.0000, Label: 4, Survival Months: 32.67, Risk: -4.4605
	--> Average Speed: 0.05s per batch
	--> Time from Last Check: 1.57s
--> Batch: 399, Loss: 3.0445, Label: 14, Survival Months: 110.33, Risk: -7.0318
	--> Average Speed: 0.05s per batch
	--> Time from Last Check: 1.60s
--> Batch: 449, Loss: 0.0000, Label: 11, Survival Months: 76.00, Risk: -7.4829
	--> Average Speed: 0.05s per batch
	--> Time from Last Check: 1.57s
--> Batch: 499, Loss: 0.0000, Label: 10, Survival Months: 65.75, Risk: -9.8679
	--> Average Speed: 0.05s per batch
	--> Time from Last Check: 1.57s
--> Batch: 549, Loss: 0.0000, Label: 13, Survival Months: 101.33, Risk: -11.2274
	--> Average Speed: 0.05s per batch
	--> Time from Last Check: 1.60s
--> Batch: 599, Loss: 0.0000, Label: 12, Survival Months: 84.58, Risk: -11.7878
	--> Average Speed: 0.05s per batch
	--> Time from Last Check: 1.59s
--> Batch: 649, Loss: 0.0000, Label: 10, Survival Months: 66.50, Risk: -13.5578
	--> Average Speed: 0.05s per batch
	--> Time from Last Check: 1.51s
--> Batch: 699, Loss: 0.0000, Label: 12, Survival Months: 83.08, Risk: -14.2352
	--> Average Speed: 0.05s per batch
	--> Time from Last Check: 1.53s
--> Batch: 749, Loss: 0.0000, Label: 17, Survival Months: 190.17, Risk: -13.8249
	--> Average Speed: 0.05s per batch
	--> Time from Last Check: 1.52s
--> Batch: 799, Loss: 0.0000, Label: 4, Survival Months: 32.58, Risk: -13.8932
	--> Average Speed: 0.05s per batch
	--> Time from Last Check: 1.53s
[10/01/2025 - 03:10:03] - Epoch: 2, lr: 0.00009000, training_loss: 0.4311, training_c_index: 0.5207
[10/01/2025 - 03:10:04] - Epoch: 2, validation_loss: 0.4667, validation_c_index: 0.5934
--> New BEST Validation Score: 0.5467, validation_loss: 0.4667, validation_c_index: 0.5934
--> Current BEST Score: 0.5467
	--> validation_loss: 0.4667
	--> best validation_c_index: 0.5934
[10/01/2025 - 03:10:04] - Time elapsed for epoch 2: 28s
[10/01/2025 - 03:10:04] - Epoch: 3
--> Batch: 49, Loss: 0.0000, Label: 10, Survival Months: 63.33, Risk: -13.4761
	--> Average Speed: 0.06s per batch
	--> Time from Last Check: 1.86s
--> Batch: 99, Loss: 0.0000, Label: 7, Survival Months: 47.42, Risk: -11.5962
	--> Average Speed: 0.05s per batch
	--> Time from Last Check: 1.58s
--> Batch: 149, Loss: 0.0000, Label: 9, Survival Months: 52.17, Risk: -14.4605
	--> Average Speed: 0.05s per batch
	--> Time from Last Check: 1.57s
--> Batch: 199, Loss: 0.0000, Label: 10, Survival Months: 62.25, Risk: -13.2920
	--> Average Speed: 0.05s per batch
	--> Time from Last Check: 1.58s
--> Batch: 249, Loss: 2.0839, Label: 18, Survival Months: 226.00, Risk: -12.8330
	--> Average Speed: 0.05s per batch
	--> Time from Last Check: 1.57s
--> Batch: 299, Loss: 0.0000, Label: 3, Survival Months: 30.17, Risk: -14.3447
	--> Average Speed: 0.05s per batch
	--> Time from Last Check: 1.58s
--> Batch: 349, Loss: 0.0000, Label: 0, Survival Months: 0.00, Risk: -12.2890
	--> Average Speed: 0.05s per batch
	--> Time from Last Check: 1.57s
--> Batch: 399, Loss: 0.0000, Label: 2, Survival Months: 22.17, Risk: -13.7852
	--> Average Speed: 0.05s per batch
	--> Time from Last Check: 1.57s
--> Batch: 449, Loss: 0.0000, Label: 13, Survival Months: 102.00, Risk: -13.3695
	--> Average Speed: 0.05s per batch
	--> Time from Last Check: 1.57s
--> Batch: 499, Loss: 0.0000, Label: 2, Survival Months: 24.42, Risk: -13.1658
	--> Average Speed: 0.05s per batch
	--> Time from Last Check: 1.57s
--> Batch: 549, Loss: 0.0000, Label: 0, Survival Months: 0.00, Risk: -7.3570
	--> Average Speed: 0.05s per batch
	--> Time from Last Check: 1.58s
--> Batch: 599, Loss: 0.0000, Label: 17, Survival Months: 185.17, Risk: -11.0815
	--> Average Speed: 0.05s per batch
	--> Time from Last Check: 1.59s
--> Batch: 649, Loss: 0.0000, Label: 9, Survival Months: 56.25, Risk: -10.8954
	--> Average Speed: 0.05s per batch
	--> Time from Last Check: 1.57s
--> Batch: 699, Loss: 0.0000, Label: 17, Survival Months: 203.50, Risk: -11.0584
	--> Average Speed: 0.05s per batch
	--> Time from Last Check: 1.57s
--> Batch: 749, Loss: 0.0000, Label: 17, Survival Months: 186.67, Risk: -11.7870
	--> Average Speed: 0.05s per batch
	--> Time from Last Check: 1.57s
--> Batch: 799, Loss: 0.0000, Label: 14, Survival Months: 106.42, Risk: -9.7254
	--> Average Speed: 0.05s per batch
	--> Time from Last Check: 1.52s
[10/01/2025 - 03:10:31] - Epoch: 3, lr: 0.00008100, training_loss: 0.3145, training_c_index: 0.4778
[10/01/2025 - 03:10:32] - Epoch: 3, validation_loss: 0.4466, validation_c_index: 0.5411
--> No improvement in validation_loss or validation_c_index for 1 epoch(s)
--> Current BEST Score: 0.5467
	--> validation_loss: 0.4667
	--> best validation_c_index: 0.5934
[10/01/2025 - 03:10:32] - Time elapsed for epoch 3: 28s
[10/01/2025 - 03:10:32] - Epoch: 4
--> Batch: 49, Loss: 0.0000, Label: 1, Survival Months: 14.00, Risk: -10.7719
	--> Average Speed: 0.03s per batch
	--> Time from Last Check: 1.10s
--> Batch: 99, Loss: 0.0000, Label: 6, Survival Months: 41.58, Risk: -11.8722
	--> Average Speed: 0.04s per batch
	--> Time from Last Check: 1.37s
--> Batch: 149, Loss: 0.0000, Label: 12, Survival Months: 83.08, Risk: -12.0790
	--> Average Speed: 0.05s per batch
	--> Time from Last Check: 1.50s
--> Batch: 199, Loss: 0.0000, Label: 19, Survival Months: 346.58, Risk: -12.5146
	--> Average Speed: 0.05s per batch
	--> Time from Last Check: 1.57s
--> Batch: 249, Loss: 0.0000, Label: 14, Survival Months: 110.83, Risk: -7.8859
	--> Average Speed: 0.05s per batch
	--> Time from Last Check: 1.63s
--> Batch: 299, Loss: 0.0000, Label: 17, Survival Months: 178.50, Risk: -8.5826
	--> Average Speed: 0.05s per batch
	--> Time from Last Check: 1.57s
--> Batch: 349, Loss: 0.0000, Label: 12, Survival Months: 85.58, Risk: -7.8295
	--> Average Speed: 0.05s per batch
	--> Time from Last Check: 1.58s
--> Batch: 399, Loss: 0.0000, Label: 1, Survival Months: 5.67, Risk: -10.2019
	--> Average Speed: 0.05s per batch
	--> Time from Last Check: 1.59s
--> Batch: 449, Loss: 0.0000, Label: 19, Survival Months: 292.17, Risk: -7.5699
	--> Average Speed: 0.05s per batch
	--> Time from Last Check: 1.54s
--> Batch: 499, Loss: 0.0000, Label: 1, Survival Months: 9.83, Risk: -12.1502
	--> Average Speed: 0.05s per batch
	--> Time from Last Check: 1.52s
--> Batch: 549, Loss: 0.0000, Label: 14, Survival Months: 114.50, Risk: -13.0134
	--> Average Speed: 0.05s per batch
	--> Time from Last Check: 1.55s
--> Batch: 599, Loss: 0.0000, Label: 15, Survival Months: 137.33, Risk: -8.2567
	--> Average Speed: 0.05s per batch
	--> Time from Last Check: 1.54s
--> Batch: 649, Loss: 0.0000, Label: 11, Survival Months: 78.58, Risk: -11.0925
	--> Average Speed: 0.05s per batch
	--> Time from Last Check: 1.55s
--> Batch: 699, Loss: 0.0000, Label: 10, Survival Months: 63.42, Risk: -8.5516
	--> Average Speed: 0.05s per batch
	--> Time from Last Check: 1.54s
--> Batch: 749, Loss: 0.0000, Label: 2, Survival Months: 20.25, Risk: -13.0829
	--> Average Speed: 0.05s per batch
	--> Time from Last Check: 1.54s
--> Batch: 799, Loss: 0.0000, Label: 5, Survival Months: 36.08, Risk: -12.9084
	--> Average Speed: 0.05s per batch
	--> Time from Last Check: 1.53s
[10/01/2025 - 03:10:58] - Epoch: 4, lr: 0.00007290, training_loss: 0.3021, training_c_index: 0.5218
[10/01/2025 - 03:10:59] - Epoch: 4, validation_loss: 0.4663, validation_c_index: 0.5180
--> No improvement in validation_loss or validation_c_index for 2 epoch(s)
--> Current BEST Score: 0.5467
	--> validation_loss: 0.4667
	--> best validation_c_index: 0.5934
[10/01/2025 - 03:10:59] - Time elapsed for epoch 4: 27s
[10/01/2025 - 03:10:59] - Epoch: 5
--> Batch: 49, Loss: 0.0000, Label: 5, Survival Months: 35.50, Risk: -12.8325
	--> Average Speed: 0.06s per batch
	--> Time from Last Check: 1.78s
--> Batch: 99, Loss: 0.0000, Label: 7, Survival Months: 44.25, Risk: -3.7539
	--> Average Speed: 0.05s per batch
	--> Time from Last Check: 1.51s
--> Batch: 149, Loss: 0.0000, Label: 7, Survival Months: 43.25, Risk: -9.3200
	--> Average Speed: 0.05s per batch
	--> Time from Last Check: 1.54s
--> Batch: 199, Loss: 0.0000, Label: 14, Survival Months: 103.92, Risk: -6.6294
	--> Average Speed: 0.04s per batch
	--> Time from Last Check: 1.27s
--> Batch: 249, Loss: 3.1956, Label: 16, Survival Months: 166.08, Risk: -14.3071
	--> Average Speed: 0.03s per batch
	--> Time from Last Check: 0.84s
--> Batch: 299, Loss: 0.0000, Label: 0, Survival Months: 0.00, Risk: -13.4206
	--> Average Speed: 0.03s per batch
	--> Time from Last Check: 0.82s
--> Batch: 349, Loss: 0.0000, Label: 5, Survival Months: 36.75, Risk: -12.9434
	--> Average Speed: 0.03s per batch
	--> Time from Last Check: 0.83s
--> Batch: 399, Loss: 0.0000, Label: 1, Survival Months: 16.67, Risk: -14.0722
	--> Average Speed: 0.03s per batch
	--> Time from Last Check: 0.82s
--> Batch: 449, Loss: 0.0000, Label: 0, Survival Months: 1.33, Risk: -13.0348
	--> Average Speed: 0.05s per batch
	--> Time from Last Check: 1.50s
--> Batch: 499, Loss: 0.0000, Label: 10, Survival Months: 59.17, Risk: -11.1674
	--> Average Speed: 0.05s per batch
	--> Time from Last Check: 1.57s
--> Batch: 549, Loss: 0.0000, Label: 19, Survival Months: 309.08, Risk: -10.5757
	--> Average Speed: 0.05s per batch
	--> Time from Last Check: 1.56s
--> Batch: 599, Loss: 0.0000, Label: 13, Survival Months: 93.42, Risk: -11.2781
	--> Average Speed: 0.05s per batch
	--> Time from Last Check: 1.58s
--> Batch: 649, Loss: 0.0000, Label: 17, Survival Months: 182.00, Risk: -12.0632
	--> Average Speed: 0.05s per batch
	--> Time from Last Check: 1.58s
--> Batch: 699, Loss: 0.0000, Label: 3, Survival Months: 30.25, Risk: -11.6105
	--> Average Speed: 0.05s per batch
	--> Time from Last Check: 1.59s
--> Batch: 749, Loss: 0.0000, Label: 16, Survival Months: 154.42, Risk: -8.6510
	--> Average Speed: 0.05s per batch
	--> Time from Last Check: 1.58s
--> Batch: 799, Loss: 0.0000, Label: 2, Survival Months: 23.92, Risk: -11.3084
	--> Average Speed: 0.05s per batch
	--> Time from Last Check: 1.58s
[10/01/2025 - 03:11:22] - Epoch: 5, lr: 0.00006561, training_loss: 0.2834, training_c_index: 0.5763
[10/01/2025 - 03:11:24] - Epoch: 5, validation_loss: 0.4878, validation_c_index: 0.5339
--> No improvement in validation_loss or validation_c_index for 3 epoch(s)
--> Current BEST Score: 0.5467
	--> validation_loss: 0.4667
	--> best validation_c_index: 0.5934
[10/01/2025 - 03:11:24] - Time elapsed for epoch 5: 25s
[10/01/2025 - 03:11:24] - Epoch: 6
--> Batch: 49, Loss: 0.0000, Label: 9, Survival Months: 56.42, Risk: -13.4680
	--> Average Speed: 0.06s per batch
	--> Time from Last Check: 1.77s
--> Batch: 99, Loss: 0.0000, Label: 3, Survival Months: 28.75, Risk: -12.5176
	--> Average Speed: 0.05s per batch
	--> Time from Last Check: 1.54s
--> Batch: 149, Loss: 0.0000, Label: 6, Survival Months: 42.92, Risk: -11.9200
	--> Average Speed: 0.05s per batch
	--> Time from Last Check: 1.55s
--> Batch: 199, Loss: 0.0000, Label: 19, Survival Months: 352.75, Risk: -13.4066
	--> Average Speed: 0.05s per batch
	--> Time from Last Check: 1.56s
--> Batch: 249, Loss: 3.0369, Label: 10, Survival Months: 66.00, Risk: -11.8193
	--> Average Speed: 0.05s per batch
	--> Time from Last Check: 1.55s
--> Batch: 299, Loss: 0.0000, Label: 9, Survival Months: 54.67, Risk: -8.0267
	--> Average Speed: 0.05s per batch
	--> Time from Last Check: 1.54s
--> Batch: 349, Loss: 2.3087, Label: 12, Survival Months: 86.17, Risk: -13.6085
	--> Average Speed: 0.05s per batch
	--> Time from Last Check: 1.52s
--> Batch: 399, Loss: 0.0000, Label: 7, Survival Months: 46.83, Risk: -14.1663
	--> Average Speed: 0.05s per batch
	--> Time from Last Check: 1.53s
--> Batch: 449, Loss: 0.0000, Label: 13, Survival Months: 92.17, Risk: -13.4286
	--> Average Speed: 0.05s per batch
	--> Time from Last Check: 1.53s
--> Batch: 499, Loss: 0.0000, Label: 14, Survival Months: 102.42, Risk: -11.0489
	--> Average Speed: 0.05s per batch
	--> Time from Last Check: 1.57s
--> Batch: 549, Loss: 0.0000, Label: 6, Survival Months: 41.58, Risk: -13.6082
	--> Average Speed: 0.05s per batch
	--> Time from Last Check: 1.58s
--> Batch: 599, Loss: 0.0000, Label: 10, Survival Months: 63.50, Risk: -3.2237
	--> Average Speed: 0.05s per batch
	--> Time from Last Check: 1.56s
--> Batch: 649, Loss: 0.0000, Label: 8, Survival Months: 49.58, Risk: -13.9961
	--> Average Speed: 0.05s per batch
	--> Time from Last Check: 1.57s
--> Batch: 699, Loss: 0.0000, Label: 14, Survival Months: 103.00, Risk: -13.0692
	--> Average Speed: 0.05s per batch
	--> Time from Last Check: 1.57s
--> Batch: 749, Loss: 2.5789, Label: 8, Survival Months: 51.00, Risk: -10.3153
	--> Average Speed: 0.05s per batch
	--> Time from Last Check: 1.57s
--> Batch: 799, Loss: 0.0000, Label: 6, Survival Months: 39.83, Risk: -13.4362
	--> Average Speed: 0.05s per batch
	--> Time from Last Check: 1.57s
[10/01/2025 - 03:11:50] - Epoch: 6, lr: 0.00005905, training_loss: 0.2709, training_c_index: 0.6398
[10/01/2025 - 03:11:52] - Epoch: 6, validation_loss: 0.4821, validation_c_index: 0.5076
--> No improvement in validation_loss or validation_c_index for 4 epoch(s)
--> Current BEST Score: 0.5467
	--> validation_loss: 0.4667
	--> best validation_c_index: 0.5934
[10/01/2025 - 03:11:52] - Time elapsed for epoch 6: 28s
[10/01/2025 - 03:11:52] - Epoch: 7
--> Batch: 49, Loss: 0.0000, Label: 2, Survival Months: 26.08, Risk: -12.7862
	--> Average Speed: 0.05s per batch
	--> Time from Last Check: 1.72s
--> Batch: 99, Loss: 0.0000, Label: 8, Survival Months: 49.00, Risk: -13.5286
	--> Average Speed: 0.05s per batch
	--> Time from Last Check: 1.55s
--> Batch: 149, Loss: 0.0000, Label: 7, Survival Months: 46.17, Risk: -12.5665
	--> Average Speed: 0.05s per batch
	--> Time from Last Check: 1.58s
--> Batch: 199, Loss: 0.0000, Label: 3, Survival Months: 28.75, Risk: -13.9537
	--> Average Speed: 0.05s per batch
	--> Time from Last Check: 1.58s
--> Batch: 249, Loss: 0.0000, Label: 16, Survival Months: 165.92, Risk: -14.0723
	--> Average Speed: 0.05s per batch
	--> Time from Last Check: 1.61s
--> Batch: 299, Loss: 0.0000, Label: 10, Survival Months: 63.25, Risk: -14.5753
	--> Average Speed: 0.05s per batch
	--> Time from Last Check: 1.62s
--> Batch: 349, Loss: 0.0000, Label: 10, Survival Months: 63.50, Risk: -13.5565
	--> Average Speed: 0.05s per batch
	--> Time from Last Check: 1.62s
--> Batch: 399, Loss: 0.0000, Label: 19, Survival Months: 278.50, Risk: -4.9705
	--> Average Speed: 0.05s per batch
	--> Time from Last Check: 1.60s
--> Batch: 449, Loss: 0.0000, Label: 9, Survival Months: 53.67, Risk: -14.0033
	--> Average Speed: 0.05s per batch
	--> Time from Last Check: 1.57s
--> Batch: 499, Loss: 0.0000, Label: 6, Survival Months: 38.92, Risk: -13.3421
	--> Average Speed: 0.05s per batch
	--> Time from Last Check: 1.52s
--> Batch: 549, Loss: 0.0000, Label: 15, Survival Months: 138.50, Risk: -14.3945
	--> Average Speed: 0.05s per batch
	--> Time from Last Check: 1.51s
--> Batch: 599, Loss: 0.0000, Label: 15, Survival Months: 121.33, Risk: -11.4602
	--> Average Speed: 0.05s per batch
	--> Time from Last Check: 1.51s
--> Batch: 649, Loss: 0.0000, Label: 0, Survival Months: 0.00, Risk: -10.2627
	--> Average Speed: 0.05s per batch
	--> Time from Last Check: 1.51s
--> Batch: 699, Loss: 0.0000, Label: 17, Survival Months: 187.92, Risk: -13.0116
	--> Average Speed: 0.05s per batch
	--> Time from Last Check: 1.51s
--> Batch: 749, Loss: 0.0000, Label: 0, Survival Months: 0.83, Risk: -1.8705
	--> Average Speed: 0.05s per batch
	--> Time from Last Check: 1.51s
--> Batch: 799, Loss: 0.0000, Label: 13, Survival Months: 95.83, Risk: -12.6357
	--> Average Speed: 0.05s per batch
	--> Time from Last Check: 1.52s
[10/01/2025 - 03:12:18] - Epoch: 7, lr: 0.00005314, training_loss: 0.2572, training_c_index: 0.6751
[10/01/2025 - 03:12:20] - Epoch: 7, validation_loss: 0.4922, validation_c_index: 0.4804
--> No improvement in validation_loss or validation_c_index for 5 epoch(s)
--> Current BEST Score: 0.5467
	--> validation_loss: 0.4667
	--> best validation_c_index: 0.5934
[10/01/2025 - 03:12:20] - Time elapsed for epoch 7: 28s
[10/01/2025 - 03:12:20] - Epoch: 8
--> Batch: 49, Loss: 0.0000, Label: 7, Survival Months: 43.17, Risk: -11.0225
	--> Average Speed: 0.06s per batch
	--> Time from Last Check: 1.81s
--> Batch: 99, Loss: 0.0000, Label: 3, Survival Months: 27.33, Risk: -5.4773
	--> Average Speed: 0.05s per batch
	--> Time from Last Check: 1.56s
--> Batch: 149, Loss: 0.0000, Label: 3, Survival Months: 31.25, Risk: -5.1103
	--> Average Speed: 0.05s per batch
	--> Time from Last Check: 1.57s
--> Batch: 199, Loss: 0.0000, Label: 14, Survival Months: 103.92, Risk: -12.0311
	--> Average Speed: 0.05s per batch
	--> Time from Last Check: 1.58s
--> Batch: 249, Loss: 0.0000, Label: 5, Survival Months: 35.00, Risk: -8.7802
	--> Average Speed: 0.05s per batch
	--> Time from Last Check: 1.57s
--> Batch: 299, Loss: 0.0000, Label: 10, Survival Months: 60.58, Risk: -8.6667
	--> Average Speed: 0.05s per batch
	--> Time from Last Check: 1.58s
--> Batch: 349, Loss: 0.0000, Label: 2, Survival Months: 18.00, Risk: -14.9153
	--> Average Speed: 0.05s per batch
	--> Time from Last Check: 1.55s
--> Batch: 399, Loss: 0.0000, Label: 3, Survival Months: 26.83, Risk: -9.2869
	--> Average Speed: 0.05s per batch
	--> Time from Last Check: 1.53s
--> Batch: 449, Loss: 0.0000, Label: 4, Survival Months: 33.17, Risk: -11.1418
	--> Average Speed: 0.05s per batch
	--> Time from Last Check: 1.53s
--> Batch: 499, Loss: 0.0000, Label: 14, Survival Months: 108.50, Risk: -5.0919
	--> Average Speed: 0.05s per batch
	--> Time from Last Check: 1.56s
--> Batch: 549, Loss: 0.0000, Label: 2, Survival Months: 18.75, Risk: -11.3371
	--> Average Speed: 0.05s per batch
	--> Time from Last Check: 1.58s
--> Batch: 599, Loss: 0.0000, Label: 11, Survival Months: 73.17, Risk: -5.9588
	--> Average Speed: 0.05s per batch
	--> Time from Last Check: 1.57s
--> Batch: 649, Loss: 0.0000, Label: 18, Survival Months: 225.75, Risk: -12.2946
	--> Average Speed: 0.03s per batch
	--> Time from Last Check: 0.91s
--> Batch: 699, Loss: 0.0000, Label: 9, Survival Months: 52.92, Risk: -13.5859
	--> Average Speed: 0.04s per batch
	--> Time from Last Check: 1.30s
--> Batch: 749, Loss: 0.0000, Label: 15, Survival Months: 137.33, Risk: -6.8668
	--> Average Speed: 0.05s per batch
	--> Time from Last Check: 1.52s
--> Batch: 799, Loss: 0.0000, Label: 10, Survival Months: 64.75, Risk: -7.7504
	--> Average Speed: 0.05s per batch
	--> Time from Last Check: 1.53s
[10/01/2025 - 03:12:45] - Epoch: 8, lr: 0.00004783, training_loss: 0.2549, training_c_index: 0.7074
[10/01/2025 - 03:12:47] - Epoch: 8, validation_loss: 0.5098, validation_c_index: 0.4549
--> No improvement in validation_loss or validation_c_index for 6 epoch(s)
--> Current BEST Score: 0.5467
	--> validation_loss: 0.4667
	--> best validation_c_index: 0.5934
[10/01/2025 - 03:12:47] - Time elapsed for epoch 8: 27s
[10/01/2025 - 03:12:47] - Epoch: 9
--> Batch: 49, Loss: 0.0000, Label: 12, Survival Months: 81.17, Risk: -15.0339
	--> Average Speed: 0.03s per batch
	--> Time from Last Check: 1.07s
--> Batch: 99, Loss: 0.0000, Label: 14, Survival Months: 103.92, Risk: -9.7810
	--> Average Speed: 0.03s per batch
	--> Time from Last Check: 0.82s
--> Batch: 149, Loss: 0.0000, Label: 9, Survival Months: 52.00, Risk: -13.4523
	--> Average Speed: 0.03s per batch
	--> Time from Last Check: 0.84s
--> Batch: 199, Loss: 0.0000, Label: 15, Survival Months: 129.17, Risk: -13.1366
	--> Average Speed: 0.03s per batch
	--> Time from Last Check: 0.82s
--> Batch: 249, Loss: 0.0000, Label: 19, Survival Months: 333.75, Risk: -9.3930
	--> Average Speed: 0.03s per batch
	--> Time from Last Check: 0.83s
--> Batch: 299, Loss: 1.4247, Label: 18, Survival Months: 247.08, Risk: -15.4376
	--> Average Speed: 0.03s per batch
	--> Time from Last Check: 0.84s
--> Batch: 349, Loss: 0.0000, Label: 7, Survival Months: 47.33, Risk: -11.4932
	--> Average Speed: 0.03s per batch
	--> Time from Last Check: 0.84s
--> Batch: 399, Loss: 0.0000, Label: 19, Survival Months: 273.83, Risk: -3.9312
	--> Average Speed: 0.03s per batch
	--> Time from Last Check: 0.84s
--> Batch: 449, Loss: 0.0000, Label: 5, Survival Months: 36.75, Risk: -10.5077
	--> Average Speed: 0.03s per batch
	--> Time from Last Check: 0.87s
--> Batch: 499, Loss: 0.0000, Label: 3, Survival Months: 30.75, Risk: -14.0903
	--> Average Speed: 0.03s per batch
	--> Time from Last Check: 0.86s
--> Batch: 549, Loss: 0.0000, Label: 2, Survival Months: 23.75, Risk: -13.0363
	--> Average Speed: 0.04s per batch
	--> Time from Last Check: 1.26s
--> Batch: 599, Loss: 0.0000, Label: 19, Survival Months: 536.25, Risk: -3.4214
	--> Average Speed: 0.03s per batch
	--> Time from Last Check: 0.85s
--> Batch: 649, Loss: 0.0000, Label: 3, Survival Months: 26.67, Risk: -14.6500
	--> Average Speed: 0.03s per batch
	--> Time from Last Check: 0.84s
--> Batch: 699, Loss: 0.0000, Label: 17, Survival Months: 179.25, Risk: -13.0836
	--> Average Speed: 0.03s per batch
	--> Time from Last Check: 0.82s
--> Batch: 749, Loss: 0.0000, Label: 5, Survival Months: 37.25, Risk: -14.8304
	--> Average Speed: 0.03s per batch
	--> Time from Last Check: 0.83s
--> Batch: 799, Loss: 0.0000, Label: 7, Survival Months: 45.08, Risk: -15.3205
	--> Average Speed: 0.03s per batch
	--> Time from Last Check: 0.86s
[10/01/2025 - 03:13:02] - Epoch: 9, lr: 0.00004305, training_loss: 0.2413, training_c_index: 0.7308
[10/01/2025 - 03:13:03] - Epoch: 9, validation_loss: 0.5343, validation_c_index: 0.4374
--> No improvement in validation_loss or validation_c_index for 7 epoch(s)
--> Current BEST Score: 0.5467
	--> validation_loss: 0.4667
	--> best validation_c_index: 0.5934
--> Early stopping triggered after 7 epochs without improvement
[10/01/2025 - 03:13:04] - Restoring best model from epoch 2

################# [10/01/2025 - 03:13:04] - Training completed #################

################# [10/01/2025 - 03:13:04] - Validation started #################
[10/01/2025 - 03:13:05] - Final Validation, validation_loss: 0.4667, validation_c_index: 0.5934
[10/01/2025 - 03:13:05] - Time elapsed for Validation: 2s

################ [10/01/2025 - 03:13:05] - Validation completed ################

################## [10/01/2025 - 03:13:08] - MCAT terminated ###################
