Environment conda activated
Job 2503916 started

#################### [07/01/2025 - 02:58:42] - MCAT started ####################
HOSTNAME: germano

WANDB: setting up for report

CUDA: available
--> Device count: 1
--> Using device: NVIDIA GeForce RTX 2080 Ti
--> Running on CUDA

DATASET: Loading data
--> Remaining samples after removing incomplete: 742
--> Class intervals: [
	0: [0.00 - 9.68]
	1: [9.68 - 24.60]
	2: [24.60 - 30.34]
	3: [30.34 - 33.52]
	4: [33.52 - 36.60]
	5: [36.60 - 39.75]
	6: [39.75 - 43.45]
	7: [43.45 - 47.78]
	8: [47.78 - 51.67]
	9: [51.67 - 56.66]
	10: [56.66 - 66.00]
	11: [66.00 - 78.32]
	12: [78.32 - 89.10]
	13: [89.10 - 102.75]
	14: [102.75 - 122.04]
	15: [122.04 - 143.07]
	16: [143.07 - 173.40]
	17: [173.40 - 206.80]
	18: [206.80 - 268.52]
	19: [268.52 - 593.83]
    ]
--> Standardizing RNA-seq data
--> Standardizing Methylation Islands beta values
--> Gene Expression Signatures size: [19938]
--> Methylation Signatures size: [33161]
--> Using 80% training, 20% validation
--> Training Set: [593], Validation Set: [149]

MODEL: MCAT
--> Trainable parameters of MCAT: 16694550
--> Loss function: CrossEntropySurvivalLoss
--> Optimizer: adam

################## [07/01/2025 - 03:00:00] - Training started ##################
[07/01/2025 - 03:00:00] - Epoch: 1
--> Batch: 49, Loss: 0.6746, Label: 4, Survival Months: 36.17, Risk: -1.0533
	--> Average Speed: 0.09s per batch
	--> Time from Last Check: 2.78s
--> Batch: 99, Loss: 0.5098, Label: 3, Survival Months: 33.25, Risk: -1.1136
	--> Average Speed: 0.05s per batch
	--> Time from Last Check: 1.44s
--> Batch: 149, Loss: 1.3660, Label: 10, Survival Months: 63.25, Risk: -1.2621
	--> Average Speed: 0.06s per batch
	--> Time from Last Check: 1.93s
--> Batch: 199, Loss: 1.4023, Label: 11, Survival Months: 73.17, Risk: -1.4182
	--> Average Speed: 0.04s per batch
	--> Time from Last Check: 1.42s
--> Batch: 249, Loss: 1.0490, Label: 9, Survival Months: 52.92, Risk: -1.6549
	--> Average Speed: 0.05s per batch
	--> Time from Last Check: 1.46s
--> Batch: 299, Loss: 0.3483, Label: 4, Survival Months: 35.08, Risk: -2.4801
	--> Average Speed: 0.04s per batch
	--> Time from Last Check: 1.42s
--> Batch: 349, Loss: 0.2802, Label: 5, Survival Months: 39.25, Risk: -3.6550
	--> Average Speed: 0.04s per batch
	--> Time from Last Check: 1.41s
--> Batch: 399, Loss: 0.0800, Label: 3, Survival Months: 30.92, Risk: -6.0654
	--> Average Speed: 0.04s per batch
	--> Time from Last Check: 1.40s
--> Batch: 449, Loss: 0.2690, Label: 13, Survival Months: 95.83, Risk: -9.3684
	--> Average Speed: 0.04s per batch
	--> Time from Last Check: 1.41s
--> Batch: 499, Loss: 3.2432, Label: 18, Survival Months: 237.83, Risk: -14.4280
	--> Average Speed: 0.04s per batch
	--> Time from Last Check: 1.43s
--> Batch: 549, Loss: 0.0537, Label: 10, Survival Months: 58.25, Risk: -14.3455
	--> Average Speed: 0.04s per batch
	--> Time from Last Check: 1.42s
[07/01/2025 - 03:00:20] - Epoch: 1, lr: 0.00010000, train_loss: 1.1993, train_c_index: 0.4421
[07/01/2025 - 03:00:21] - Epoch: 1, val_loss: 0.4735, val_c_index: 0.5023
[07/01/2025 - 03:00:21] - Time elapsed for epoch 1: 21s
[07/01/2025 - 03:00:21] - Epoch: 2
--> Batch: 49, Loss: 0.0311, Label: 10, Survival Months: 63.33, Risk: -15.8323
	--> Average Speed: 0.05s per batch
	--> Time from Last Check: 1.66s
--> Batch: 99, Loss: 0.2217, Label: 18, Survival Months: 207.17, Risk: -15.6944
	--> Average Speed: 0.05s per batch
	--> Time from Last Check: 1.46s
--> Batch: 149, Loss: 0.0337, Label: 11, Survival Months: 69.50, Risk: -15.8157
	--> Average Speed: 0.04s per batch
	--> Time from Last Check: 1.35s
--> Batch: 199, Loss: 0.2589, Label: 18, Survival Months: 226.50, Risk: -15.3472
	--> Average Speed: 0.04s per batch
	--> Time from Last Check: 1.43s
--> Batch: 249, Loss: 0.0141, Label: 7, Survival Months: 44.33, Risk: -15.6388
	--> Average Speed: 0.04s per batch
	--> Time from Last Check: 1.37s
--> Batch: 299, Loss: 0.0465, Label: 8, Survival Months: 49.17, Risk: -13.5051
	--> Average Speed: 0.04s per batch
	--> Time from Last Check: 1.37s
--> Batch: 349, Loss: 0.0077, Label: 2, Survival Months: 24.75, Risk: -14.3694
	--> Average Speed: 0.04s per batch
	--> Time from Last Check: 1.37s
--> Batch: 399, Loss: 0.0338, Label: 10, Survival Months: 60.58, Risk: -15.4055
	--> Average Speed: 0.04s per batch
	--> Time from Last Check: 1.39s
--> Batch: 449, Loss: 0.0895, Label: 15, Survival Months: 133.00, Risk: -15.3972
	--> Average Speed: 0.04s per batch
	--> Time from Last Check: 1.42s
--> Batch: 499, Loss: 0.0232, Label: 6, Survival Months: 42.00, Risk: -14.1708
	--> Average Speed: 0.04s per batch
	--> Time from Last Check: 1.39s
--> Batch: 549, Loss: 0.0201, Label: 5, Survival Months: 37.33, Risk: -14.4332
	--> Average Speed: 0.05s per batch
	--> Time from Last Check: 1.48s
[07/01/2025 - 03:00:38] - Epoch: 2, lr: 0.00008600, train_loss: 0.3805, train_c_index: 0.4687
[07/01/2025 - 03:00:40] - Epoch: 2, val_loss: 0.4264, val_c_index: 0.4228
[07/01/2025 - 03:00:40] - Time elapsed for epoch 2: 18s
[07/01/2025 - 03:00:40] - Epoch: 3
--> Batch: 49, Loss: 0.0847, Label: 14, Survival Months: 110.42, Risk: -14.6993
	--> Average Speed: 0.06s per batch
	--> Time from Last Check: 1.79s
--> Batch: 99, Loss: 0.0368, Label: 3, Survival Months: 31.25, Risk: -11.5369
	--> Average Speed: 0.04s per batch
	--> Time from Last Check: 1.44s
--> Batch: 149, Loss: 2.6328, Label: 12, Survival Months: 86.17, Risk: -14.1338
	--> Average Speed: 0.04s per batch
	--> Time from Last Check: 1.41s
--> Batch: 199, Loss: 0.0224, Label: 3, Survival Months: 30.42, Risk: -13.6927
	--> Average Speed: 0.04s per batch
	--> Time from Last Check: 1.43s
--> Batch: 249, Loss: 0.0605, Label: 9, Survival Months: 56.25, Risk: -13.0585
	--> Average Speed: 0.04s per batch
	--> Time from Last Check: 1.36s
--> Batch: 299, Loss: 0.3950, Label: 19, Survival Months: 277.75, Risk: -13.5436
	--> Average Speed: 0.04s per batch
	--> Time from Last Check: 1.41s
--> Batch: 349, Loss: 0.0426, Label: 9, Survival Months: 54.58, Risk: -14.3660
	--> Average Speed: 0.05s per batch
	--> Time from Last Check: 1.45s
--> Batch: 399, Loss: 0.0222, Label: 3, Survival Months: 31.33, Risk: -13.6629
	--> Average Speed: 0.04s per batch
	--> Time from Last Check: 1.43s
--> Batch: 449, Loss: 0.0565, Label: 13, Survival Months: 101.67, Risk: -15.7221
	--> Average Speed: 0.04s per batch
	--> Time from Last Check: 1.42s
--> Batch: 499, Loss: 0.0113, Label: 3, Survival Months: 30.75, Risk: -15.6292
	--> Average Speed: 0.04s per batch
	--> Time from Last Check: 1.38s
--> Batch: 549, Loss: 0.0081, Label: 5, Survival Months: 39.42, Risk: -16.4923
	--> Average Speed: 0.04s per batch
	--> Time from Last Check: 1.37s
[07/01/2025 - 03:00:57] - Epoch: 3, lr: 0.00007396, train_loss: 0.3585, train_c_index: 0.5834
[07/01/2025 - 03:00:58] - Epoch: 3, val_loss: 0.4435, val_c_index: 0.2692
[07/01/2025 - 03:00:58] - Time elapsed for epoch 3: 18s
[07/01/2025 - 03:00:58] - Epoch: 4
--> Batch: 49, Loss: 3.8881, Label: 0, Survival Months: 0.00, Risk: -15.8409
	--> Average Speed: 0.05s per batch
	--> Time from Last Check: 1.51s
--> Batch: 99, Loss: 0.0073, Label: 5, Survival Months: 38.92, Risk: -16.6509
	--> Average Speed: 0.04s per batch
	--> Time from Last Check: 1.28s
--> Batch: 149, Loss: 0.2006, Label: 18, Survival Months: 226.50, Risk: -16.0330
	--> Average Speed: 0.04s per batch
	--> Time from Last Check: 1.33s
--> Batch: 199, Loss: 3.0042, Label: 12, Survival Months: 79.92, Risk: -16.0093
	--> Average Speed: 0.04s per batch
	--> Time from Last Check: 1.24s
--> Batch: 249, Loss: 0.0131, Label: 2, Survival Months: 25.00, Risk: -15.1957
	--> Average Speed: 0.04s per batch
	--> Time from Last Check: 1.36s
--> Batch: 299, Loss: 0.0173, Label: 5, Survival Months: 39.75, Risk: -14.8722
	--> Average Speed: 0.04s per batch
	--> Time from Last Check: 1.28s
--> Batch: 349, Loss: 0.0190, Label: 6, Survival Months: 42.33, Risk: -14.6429
	--> Average Speed: 0.04s per batch
	--> Time from Last Check: 1.35s
--> Batch: 399, Loss: 0.0372, Label: 3, Survival Months: 32.58, Risk: -11.7053
	--> Average Speed: 0.04s per batch
	--> Time from Last Check: 1.29s
--> Batch: 449, Loss: 0.0507, Label: 9, Survival Months: 52.00, Risk: -13.4420
	--> Average Speed: 0.04s per batch
	--> Time from Last Check: 1.33s
--> Batch: 499, Loss: 0.0158, Label: 3, Survival Months: 31.25, Risk: -14.9870
	--> Average Speed: 0.04s per batch
	--> Time from Last Check: 1.30s
--> Batch: 549, Loss: 0.0641, Label: 14, Survival Months: 108.42, Risk: -15.8353
	--> Average Speed: 0.04s per batch
	--> Time from Last Check: 1.33s
[07/01/2025 - 03:01:14] - Epoch: 4, lr: 0.00006361, train_loss: 0.3479, train_c_index: 0.7099
[07/01/2025 - 03:01:15] - Epoch: 4, val_loss: 0.4398, val_c_index: 0.2757
[07/01/2025 - 03:01:15] - Time elapsed for epoch 4: 17s
[07/01/2025 - 03:01:15] - Epoch: 5
--> Batch: 49, Loss: 0.2906, Label: 19, Survival Months: 478.25, Risk: -15.8971
	--> Average Speed: 0.05s per batch
	--> Time from Last Check: 1.58s
--> Batch: 99, Loss: 0.0081, Label: 3, Survival Months: 30.92, Risk: -16.2238
	--> Average Speed: 0.04s per batch
	--> Time from Last Check: 1.35s
--> Batch: 149, Loss: 0.0198, Label: 10, Survival Months: 58.17, Risk: -16.4990
	--> Average Speed: 0.04s per batch
	--> Time from Last Check: 1.37s
--> Batch: 199, Loss: 0.0782, Label: 15, Survival Months: 138.75, Risk: -16.0265
	--> Average Speed: 0.04s per batch
	--> Time from Last Check: 1.37s
--> Batch: 249, Loss: 0.0086, Label: 3, Survival Months: 32.58, Risk: -16.0730
	--> Average Speed: 0.04s per batch
	--> Time from Last Check: 1.37s
--> Batch: 299, Loss: 0.1149, Label: 17, Survival Months: 185.08, Risk: -16.7134
	--> Average Speed: 0.04s per batch
	--> Time from Last Check: 1.36s
--> Batch: 349, Loss: 0.0097, Label: 4, Survival Months: 33.58, Risk: -15.7612
	--> Average Speed: 0.04s per batch
	--> Time from Last Check: 1.38s
--> Batch: 399, Loss: 0.0147, Label: 7, Survival Months: 47.42, Risk: -16.1732
	--> Average Speed: 0.04s per batch
	--> Time from Last Check: 1.36s
--> Batch: 449, Loss: 0.0120, Label: 3, Survival Months: 33.33, Risk: -15.1939
	--> Average Speed: 0.04s per batch
	--> Time from Last Check: 1.37s
--> Batch: 499, Loss: 0.0146, Label: 9, Survival Months: 52.92, Risk: -16.8693
	--> Average Speed: 0.04s per batch
	--> Time from Last Check: 1.38s
--> Batch: 549, Loss: 0.0188, Label: 10, Survival Months: 65.25, Risk: -16.5446
	--> Average Speed: 0.04s per batch
	--> Time from Last Check: 1.35s
[07/01/2025 - 03:01:32] - Epoch: 5, lr: 0.00005470, train_loss: 0.3270, train_c_index: 0.8215
[07/01/2025 - 03:01:33] - Epoch: 5, val_loss: 0.4787, val_c_index: 0.2590
[07/01/2025 - 03:01:33] - Time elapsed for epoch 5: 18s
[07/01/2025 - 03:01:33] - Epoch: 6
--> Batch: 49, Loss: 0.0076, Label: 6, Survival Months: 41.58, Risk: -16.4630
	--> Average Speed: 0.05s per batch
	--> Time from Last Check: 1.57s
--> Batch: 99, Loss: 0.0696, Label: 15, Survival Months: 128.92, Risk: -16.2874
	--> Average Speed: 0.04s per batch
	--> Time from Last Check: 1.36s
--> Batch: 149, Loss: 0.0065, Label: 2, Survival Months: 28.08, Risk: -16.4723
	--> Average Speed: 0.04s per batch
	--> Time from Last Check: 1.36s
--> Batch: 199, Loss: 0.0113, Label: 5, Survival Months: 38.42, Risk: -15.6417
	--> Average Speed: 0.04s per batch
	--> Time from Last Check: 1.33s
--> Batch: 249, Loss: 0.2255, Label: 18, Survival Months: 232.00, Risk: -15.9533
	--> Average Speed: 0.04s per batch
	--> Time from Last Check: 1.37s
--> Batch: 299, Loss: 0.0906, Label: 17, Survival Months: 190.75, Risk: -17.1286
	--> Average Speed: 0.05s per batch
	--> Time from Last Check: 1.48s
--> Batch: 349, Loss: 0.0111, Label: 9, Survival Months: 54.67, Risk: -16.8716
	--> Average Speed: 0.04s per batch
	--> Time from Last Check: 1.42s
--> Batch: 399, Loss: 0.0331, Label: 14, Survival Months: 110.50, Risk: -17.4092
	--> Average Speed: 0.05s per batch
	--> Time from Last Check: 1.54s
--> Batch: 449, Loss: 2.1907, Label: 15, Survival Months: 125.67, Risk: -14.3087
	--> Average Speed: 0.05s per batch
	--> Time from Last Check: 1.53s
--> Batch: 499, Loss: 0.0136, Label: 8, Survival Months: 48.08, Risk: -16.5061
	--> Average Speed: 0.05s per batch
	--> Time from Last Check: 1.51s
--> Batch: 549, Loss: 0.0243, Label: 12, Survival Months: 81.17, Risk: -16.9437
	--> Average Speed: 0.05s per batch
	--> Time from Last Check: 1.52s
[07/01/2025 - 03:01:51] - Epoch: 6, lr: 0.00004704, train_loss: 0.3138, train_c_index: 0.8617
[07/01/2025 - 03:01:52] - Epoch: 6, val_loss: 0.5278, val_c_index: 0.2340
[07/01/2025 - 03:01:52] - Time elapsed for epoch 6: 19s
[07/01/2025 - 03:01:52] - Epoch: 7
--> Batch: 49, Loss: 0.2475, Label: 19, Survival Months: 275.58, Risk: -17.0261
	--> Average Speed: 0.05s per batch
	--> Time from Last Check: 1.70s
--> Batch: 99, Loss: 0.0303, Label: 13, Survival Months: 100.42, Risk: -16.7451
	--> Average Speed: 0.05s per batch
	--> Time from Last Check: 1.49s
--> Batch: 149, Loss: 0.0054, Label: 1, Survival Months: 17.92, Risk: -16.1023
	--> Average Speed: 0.05s per batch
	--> Time from Last Check: 1.52s
--> Batch: 199, Loss: 0.0204, Label: 7, Survival Months: 46.17, Risk: -14.9606
	--> Average Speed: 0.05s per batch
	--> Time from Last Check: 1.49s
--> Batch: 249, Loss: 0.0131, Label: 9, Survival Months: 56.58, Risk: -16.7833
	--> Average Speed: 0.05s per batch
	--> Time from Last Check: 1.53s
--> Batch: 299, Loss: 0.0628, Label: 14, Survival Months: 107.92, Risk: -15.9828
	--> Average Speed: 0.05s per batch
	--> Time from Last Check: 1.46s
--> Batch: 349, Loss: 0.2694, Label: 19, Survival Months: 588.92, Risk: -16.4757
	--> Average Speed: 0.04s per batch
	--> Time from Last Check: 1.36s
--> Batch: 399, Loss: 0.0027, Label: 5, Survival Months: 39.00, Risk: -17.5081
	--> Average Speed: 0.05s per batch
	--> Time from Last Check: 1.50s
--> Batch: 449, Loss: 0.3370, Label: 19, Survival Months: 273.83, Risk: -15.5827
	--> Average Speed: 0.05s per batch
	--> Time from Last Check: 1.50s
--> Batch: 499, Loss: 1.7869, Label: 17, Survival Months: 177.25, Risk: -17.0080
	--> Average Speed: 0.05s per batch
	--> Time from Last Check: 1.46s
--> Batch: 549, Loss: 0.0028, Label: 1, Survival Months: 20.83, Risk: -16.9890
	--> Average Speed: 0.05s per batch
	--> Time from Last Check: 1.48s
[07/01/2025 - 03:02:10] - Epoch: 7, lr: 0.00004046, train_loss: 0.2849, train_c_index: 0.9124
[07/01/2025 - 03:02:11] - Epoch: 7, val_loss: 0.5268, val_c_index: 0.3117
[07/01/2025 - 03:02:11] - Time elapsed for epoch 7: 19s
[07/01/2025 - 03:02:11] - Epoch: 8
--> Batch: 49, Loss: 0.0672, Label: 16, Survival Months: 148.33, Risk: -16.9944
	--> Average Speed: 0.05s per batch
	--> Time from Last Check: 1.71s
--> Batch: 99, Loss: 0.0382, Label: 15, Survival Months: 127.83, Risk: -17.6578
	--> Average Speed: 0.05s per batch
	--> Time from Last Check: 1.49s
--> Batch: 149, Loss: 0.0291, Label: 13, Survival Months: 101.67, Risk: -16.7299
	--> Average Speed: 0.05s per batch
	--> Time from Last Check: 1.49s
--> Batch: 199, Loss: 0.0012, Label: 0, Survival Months: 5.83, Risk: -17.5677
	--> Average Speed: 0.05s per batch
	--> Time from Last Check: 1.51s
--> Batch: 249, Loss: 0.0473, Label: 15, Survival Months: 129.17, Risk: -17.2617
	--> Average Speed: 0.05s per batch
	--> Time from Last Check: 1.52s
--> Batch: 299, Loss: 0.0011, Label: 0, Survival Months: 0.83, Risk: -17.3763
	--> Average Speed: 0.05s per batch
	--> Time from Last Check: 1.51s
--> Batch: 349, Loss: 0.0117, Label: 13, Survival Months: 89.50, Risk: -17.8551
	--> Average Speed: 0.05s per batch
	--> Time from Last Check: 1.51s
--> Batch: 399, Loss: 0.0039, Label: 2, Survival Months: 25.58, Risk: -16.7035
	--> Average Speed: 0.05s per batch
	--> Time from Last Check: 1.52s
--> Batch: 449, Loss: 0.0076, Label: 9, Survival Months: 51.83, Risk: -17.1840
	--> Average Speed: 0.05s per batch
	--> Time from Last Check: 1.48s
--> Batch: 499, Loss: 0.0012, Label: 0, Survival Months: 2.83, Risk: -17.3831
	--> Average Speed: 0.05s per batch
	--> Time from Last Check: 1.50s
--> Batch: 549, Loss: 0.0052, Label: 5, Survival Months: 37.25, Risk: -16.4186
	--> Average Speed: 0.05s per batch
	--> Time from Last Check: 1.50s
[07/01/2025 - 03:02:29] - Epoch: 8, lr: 0.00003479, train_loss: 0.2760, train_c_index: 0.9363
[07/01/2025 - 03:02:30] - Epoch: 8, val_loss: 0.5625, val_c_index: 0.3451
[07/01/2025 - 03:02:30] - Time elapsed for epoch 8: 19s
[07/01/2025 - 03:02:30] - Epoch: 9
--> Batch: 49, Loss: 0.0181, Label: 13, Survival Months: 89.50, Risk: -17.4674
	--> Average Speed: 0.05s per batch
	--> Time from Last Check: 1.70s
--> Batch: 99, Loss: 0.0074, Label: 8, Survival Months: 51.33, Risk: -17.0995
	--> Average Speed: 0.05s per batch
	--> Time from Last Check: 1.51s
--> Batch: 149, Loss: 0.0057, Label: 11, Survival Months: 76.42, Risk: -17.8602
	--> Average Speed: 0.05s per batch
	--> Time from Last Check: 1.53s
--> Batch: 199, Loss: 0.0073, Label: 8, Survival Months: 50.92, Risk: -17.1519
	--> Average Speed: 0.05s per batch
	--> Time from Last Check: 1.51s
--> Batch: 249, Loss: 0.0052, Label: 8, Survival Months: 49.83, Risk: -17.6579
	--> Average Speed: 0.05s per batch
	--> Time from Last Check: 1.52s
--> Batch: 299, Loss: 0.1797, Label: 19, Survival Months: 352.75, Risk: -18.0745
	--> Average Speed: 0.05s per batch
	--> Time from Last Check: 1.49s
--> Batch: 349, Loss: 0.0562, Label: 14, Survival Months: 104.25, Risk: -16.2483
	--> Average Speed: 0.04s per batch
	--> Time from Last Check: 1.42s
--> Batch: 399, Loss: 0.0411, Label: 10, Survival Months: 60.67, Risk: -14.5542
	--> Average Speed: 0.05s per batch
	--> Time from Last Check: 1.49s
--> Batch: 449, Loss: 0.2134, Label: 19, Survival Months: 536.25, Risk: -17.5954
	--> Average Speed: 0.05s per batch
	--> Time from Last Check: 1.52s
--> Batch: 499, Loss: 0.1890, Label: 19, Survival Months: 593.83, Risk: -17.9158
	--> Average Speed: 0.05s per batch
	--> Time from Last Check: 1.51s
--> Batch: 549, Loss: 1.8362, Label: 19, Survival Months: 305.75, Risk: -16.1834
	--> Average Speed: 0.05s per batch
	--> Time from Last Check: 1.48s
[07/01/2025 - 03:02:48] - Epoch: 9, lr: 0.00002992, train_loss: 0.2578, train_c_index: 0.9534
[07/01/2025 - 03:02:50] - Epoch: 9, val_loss: 0.5960, val_c_index: 0.3154
[07/01/2025 - 03:02:50] - Time elapsed for epoch 9: 19s
[07/01/2025 - 03:02:50] - Epoch: 10
--> Batch: 49, Loss: 0.2052, Label: 18, Survival Months: 210.42, Risk: -16.4639
	--> Average Speed: 0.05s per batch
	--> Time from Last Check: 1.72s
--> Batch: 99, Loss: 0.0016, Label: 5, Survival Months: 39.75, Risk: -17.5979
	--> Average Speed: 0.05s per batch
	--> Time from Last Check: 1.51s
--> Batch: 149, Loss: 0.0034, Label: 7, Survival Months: 44.00, Risk: -17.6260
	--> Average Speed: 0.05s per batch
	--> Time from Last Check: 1.57s
--> Batch: 199, Loss: 0.0463, Label: 14, Survival Months: 105.83, Risk: -16.5781
	--> Average Speed: 0.05s per batch
	--> Time from Last Check: 1.53s
--> Batch: 249, Loss: 0.0283, Label: 16, Survival Months: 165.67, Risk: -18.1653
	--> Average Speed: 0.05s per batch
	--> Time from Last Check: 1.47s
--> Batch: 299, Loss: 0.0035, Label: 7, Survival Months: 43.58, Risk: -17.5252
	--> Average Speed: 0.04s per batch
	--> Time from Last Check: 1.44s
--> Batch: 349, Loss: 0.0013, Label: 4, Survival Months: 36.25, Risk: -17.7516
	--> Average Speed: 0.04s per batch
	--> Time from Last Check: 1.40s
--> Batch: 399, Loss: 0.0066, Label: 10, Survival Months: 62.83, Risk: -17.6357
	--> Average Speed: 0.05s per batch
	--> Time from Last Check: 1.46s
--> Batch: 449, Loss: 0.2327, Label: 19, Survival Months: 333.75, Risk: -17.9849
	--> Average Speed: 0.05s per batch
	--> Time from Last Check: 1.53s
--> Batch: 499, Loss: 0.0026, Label: 8, Survival Months: 49.67, Risk: -18.1038
	--> Average Speed: 0.05s per batch
	--> Time from Last Check: 1.50s
--> Batch: 549, Loss: 0.0083, Label: 13, Survival Months: 102.00, Risk: -18.0627
	--> Average Speed: 0.05s per batch
	--> Time from Last Check: 1.52s
[07/01/2025 - 03:03:08] - Epoch: 10, lr: 0.00002573, train_loss: 0.2451, train_c_index: 0.9541
[07/01/2025 - 03:03:09] - Epoch: 10, val_loss: 0.6284, val_c_index: 0.3099
[07/01/2025 - 03:03:09] - Time elapsed for epoch 10: 19s
[07/01/2025 - 03:03:09] - Epoch: 11
--> Batch: 49, Loss: 0.1363, Label: 18, Survival Months: 226.75, Risk: -18.0673
	--> Average Speed: 0.05s per batch
	--> Time from Last Check: 1.72s
--> Batch: 99, Loss: 2.3022, Label: 12, Survival Months: 79.92, Risk: -7.5477
	--> Average Speed: 0.05s per batch
	--> Time from Last Check: 1.51s
--> Batch: 149, Loss: 0.0034, Label: 3, Survival Months: 32.58, Risk: -16.7723
	--> Average Speed: 0.05s per batch
	--> Time from Last Check: 1.47s
--> Batch: 199, Loss: 0.0015, Label: 6, Survival Months: 40.75, Risk: -17.5255
	--> Average Speed: 0.05s per batch
	--> Time from Last Check: 1.48s
--> Batch: 249, Loss: 0.2660, Label: 19, Survival Months: 280.33, Risk: -17.7549
	--> Average Speed: 0.05s per batch
	--> Time from Last Check: 1.50s
--> Batch: 299, Loss: 0.0036, Label: 7, Survival Months: 46.67, Risk: -17.2937
	--> Average Speed: 0.05s per batch
	--> Time from Last Check: 1.48s
--> Batch: 349, Loss: 0.0067, Label: 9, Survival Months: 52.33, Risk: -17.1571
	--> Average Speed: 0.04s per batch
	--> Time from Last Check: 1.37s
--> Batch: 399, Loss: 0.0004, Label: 6, Survival Months: 39.83, Risk: -18.1939
	--> Average Speed: 0.05s per batch
	--> Time from Last Check: 1.48s
--> Batch: 449, Loss: 0.0095, Label: 13, Survival Months: 101.75, Risk: -17.9764
	--> Average Speed: 0.05s per batch
	--> Time from Last Check: 1.46s
--> Batch: 499, Loss: 0.0763, Label: 13, Survival Months: 100.25, Risk: -14.3531
	--> Average Speed: 0.05s per batch
	--> Time from Last Check: 1.49s
--> Batch: 549, Loss: 0.2183, Label: 19, Survival Months: 473.08, Risk: -18.0684
	--> Average Speed: 0.05s per batch
	--> Time from Last Check: 1.50s
[07/01/2025 - 03:03:27] - Epoch: 11, lr: 0.00002213, train_loss: 0.2408, train_c_index: 0.9609
[07/01/2025 - 03:03:28] - Epoch: 11, val_loss: 0.6526, val_c_index: 0.2997
[07/01/2025 - 03:03:28] - Time elapsed for epoch 11: 19s
[07/01/2025 - 03:03:28] - Epoch: 12
--> Batch: 49, Loss: 0.0034, Label: 7, Survival Months: 47.08, Risk: -17.2217
	--> Average Speed: 0.05s per batch
	--> Time from Last Check: 1.71s
--> Batch: 99, Loss: 0.0031, Label: 9, Survival Months: 52.17, Risk: -17.9314
	--> Average Speed: 0.05s per batch
	--> Time from Last Check: 1.53s
--> Batch: 149, Loss: 1.2840, Label: 1, Survival Months: 13.33, Risk: -1.4364
	--> Average Speed: 0.05s per batch
	--> Time from Last Check: 1.48s
--> Batch: 199, Loss: 0.0089, Label: 13, Survival Months: 92.17, Risk: -17.9766
	--> Average Speed: 0.05s per batch
	--> Time from Last Check: 1.47s
--> Batch: 249, Loss: 0.0538, Label: 15, Survival Months: 142.33, Risk: -17.0860
	--> Average Speed: 0.05s per batch
	--> Time from Last Check: 1.45s
--> Batch: 299, Loss: 0.0022, Label: 9, Survival Months: 56.25, Risk: -18.0865
	--> Average Speed: 0.04s per batch
	--> Time from Last Check: 1.41s
--> Batch: 349, Loss: 0.0040, Label: 9, Survival Months: 55.17, Risk: -17.6002
	--> Average Speed: 0.04s per batch
	--> Time from Last Check: 1.40s
--> Batch: 399, Loss: 1.7495, Label: 15, Survival Months: 141.17, Risk: -14.1648
	--> Average Speed: 0.05s per batch
	--> Time from Last Check: 1.47s
--> Batch: 449, Loss: 0.0015, Label: 8, Survival Months: 51.17, Risk: -18.2681
	--> Average Speed: 0.05s per batch
	--> Time from Last Check: 1.48s
--> Batch: 499, Loss: 0.0021, Label: 10, Survival Months: 66.00, Risk: -18.1454
	--> Average Speed: 0.05s per batch
	--> Time from Last Check: 1.49s
--> Batch: 549, Loss: 0.0002, Label: 0, Survival Months: 7.67, Risk: -18.0402
	--> Average Speed: 0.05s per batch
	--> Time from Last Check: 1.50s
[07/01/2025 - 03:03:46] - Epoch: 12, lr: 0.00001903, train_loss: 0.2303, train_c_index: 0.9680
[07/01/2025 - 03:03:47] - Epoch: 12, val_loss: 0.6694, val_c_index: 0.3682
[07/01/2025 - 03:03:47] - Time elapsed for epoch 12: 19s
[07/01/2025 - 03:03:47] - Epoch: 13
--> Batch: 49, Loss: 0.0091, Label: 9, Survival Months: 52.00, Risk: -16.7680
	--> Average Speed: 0.05s per batch
	--> Time from Last Check: 1.72s
--> Batch: 99, Loss: 0.0002, Label: 1, Survival Months: 15.58, Risk: -18.2092
	--> Average Speed: 0.05s per batch
	--> Time from Last Check: 1.52s
--> Batch: 149, Loss: 0.0024, Label: 10, Survival Months: 59.58, Risk: -18.0222
	--> Average Speed: 0.05s per batch
	--> Time from Last Check: 1.49s
--> Batch: 199, Loss: 0.0003, Label: 3, Survival Months: 31.25, Risk: -18.1725
	--> Average Speed: 0.05s per batch
	--> Time from Last Check: 1.53s
--> Batch: 249, Loss: 2.0609, Label: 12, Survival Months: 79.92, Risk: -10.9557
	--> Average Speed: 0.05s per batch
	--> Time from Last Check: 1.49s
--> Batch: 299, Loss: 0.0037, Label: 1, Survival Months: 14.00, Risk: -15.7999
	--> Average Speed: 0.05s per batch
	--> Time from Last Check: 1.49s
--> Batch: 349, Loss: 0.0004, Label: 4, Survival Months: 34.83, Risk: -18.1966
	--> Average Speed: 0.05s per batch
	--> Time from Last Check: 1.47s
--> Batch: 399, Loss: 0.0378, Label: 16, Survival Months: 148.33, Risk: -17.9292
	--> Average Speed: 0.05s per batch
	--> Time from Last Check: 1.66s
--> Batch: 449, Loss: 0.0880, Label: 17, Survival Months: 179.58, Risk: -17.6490
	--> Average Speed: 0.05s per batch
	--> Time from Last Check: 1.55s
--> Batch: 499, Loss: 0.0002, Label: 0, Survival Months: 6.50, Risk: -18.0296
	--> Average Speed: 0.05s per batch
	--> Time from Last Check: 1.53s
--> Batch: 549, Loss: 0.0002, Label: 2, Survival Months: 25.25, Risk: -18.2582
	--> Average Speed: 0.05s per batch
	--> Time from Last Check: 1.52s
[07/01/2025 - 03:04:06] - Epoch: 13, lr: 0.00001637, train_loss: 0.2330, train_c_index: 0.9730
[07/01/2025 - 03:04:07] - Epoch: 13, val_loss: 0.6865, val_c_index: 0.2905
[07/01/2025 - 03:04:07] - Time elapsed for epoch 13: 20s
[07/01/2025 - 03:04:07] - Epoch: 14
--> Batch: 49, Loss: 0.0013, Label: 7, Survival Months: 44.83, Risk: -18.0434
	--> Average Speed: 0.05s per batch
	--> Time from Last Check: 1.72s
--> Batch: 99, Loss: 0.0022, Label: 9, Survival Months: 52.75, Risk: -18.0500
	--> Average Speed: 0.05s per batch
	--> Time from Last Check: 1.52s
--> Batch: 149, Loss: 0.0693, Label: 17, Survival Months: 178.50, Risk: -17.9859
	--> Average Speed: 0.05s per batch
	--> Time from Last Check: 1.52s
--> Batch: 199, Loss: 0.0036, Label: 7, Survival Months: 47.08, Risk: -17.2622
	--> Average Speed: 0.05s per batch
	--> Time from Last Check: 1.52s
--> Batch: 249, Loss: 0.0009, Label: 7, Survival Months: 46.83, Risk: -18.2477
	--> Average Speed: 0.05s per batch
	--> Time from Last Check: 1.51s
--> Batch: 299, Loss: 0.0034, Label: 8, Survival Months: 48.75, Risk: -17.6833
	--> Average Speed: 0.05s per batch
	--> Time from Last Check: 1.48s
--> Batch: 349, Loss: 0.0015, Label: 8, Survival Months: 49.00, Risk: -18.2592
	--> Average Speed: 0.04s per batch
	--> Time from Last Check: 1.42s
--> Batch: 399, Loss: 0.0001, Label: 0, Survival Months: 0.83, Risk: -18.3718
	--> Average Speed: 0.05s per batch
	--> Time from Last Check: 1.48s
--> Batch: 449, Loss: 0.1223, Label: 18, Survival Months: 226.50, Risk: -18.3092
	--> Average Speed: 0.05s per batch
	--> Time from Last Check: 1.60s
--> Batch: 499, Loss: 0.0019, Label: 3, Survival Months: 32.08, Risk: -17.1169
	--> Average Speed: 0.05s per batch
	--> Time from Last Check: 1.52s
--> Batch: 549, Loss: 0.0362, Label: 8, Survival Months: 50.00, Risk: -13.3253
	--> Average Speed: 0.05s per batch
	--> Time from Last Check: 1.52s
[07/01/2025 - 03:04:25] - Epoch: 14, lr: 0.00001408, train_loss: 0.2256, train_c_index: 0.9719
[07/01/2025 - 03:04:26] - Epoch: 14, val_loss: 0.6878, val_c_index: 0.3228
[07/01/2025 - 03:04:26] - Time elapsed for epoch 14: 20s
[07/01/2025 - 03:04:26] - Epoch: 15
--> Batch: 49, Loss: 0.0003, Label: 3, Survival Months: 33.25, Risk: -18.0868
	--> Average Speed: 0.05s per batch
	--> Time from Last Check: 1.75s
--> Batch: 99, Loss: 0.0035, Label: 7, Survival Months: 45.08, Risk: -17.1362
	--> Average Speed: 0.05s per batch
	--> Time from Last Check: 1.49s
--> Batch: 149, Loss: 0.0164, Label: 14, Survival Months: 108.50, Risk: -17.9433
	--> Average Speed: 0.05s per batch
	--> Time from Last Check: 1.49s
--> Batch: 199, Loss: 0.0033, Label: 11, Survival Months: 73.17, Risk: -18.0589
	--> Average Speed: 0.05s per batch
	--> Time from Last Check: 1.52s
--> Batch: 249, Loss: 0.0123, Label: 12, Survival Months: 83.00, Risk: -17.5769
	--> Average Speed: 0.04s per batch
	--> Time from Last Check: 1.40s
--> Batch: 299, Loss: 0.0002, Label: 6, Survival Months: 40.75, Risk: -18.2290
	--> Average Speed: 0.04s per batch
	--> Time from Last Check: 1.37s
--> Batch: 349, Loss: 0.9161, Label: 0, Survival Months: 0.00, Risk: -1.6939
	--> Average Speed: 0.04s per batch
	--> Time from Last Check: 1.33s
--> Batch: 399, Loss: 0.0002, Label: 0, Survival Months: 5.83, Risk: -17.9221
	--> Average Speed: 0.04s per batch
	--> Time from Last Check: 1.37s
--> Batch: 449, Loss: 0.2068, Label: 19, Survival Months: 410.75, Risk: -18.3457
	--> Average Speed: 0.05s per batch
	--> Time from Last Check: 1.48s
--> Batch: 499, Loss: 0.0003, Label: 2, Survival Months: 27.67, Risk: -18.1922
	--> Average Speed: 0.05s per batch
	--> Time from Last Check: 1.48s
--> Batch: 549, Loss: 0.0004, Label: 5, Survival Months: 39.75, Risk: -17.9574
	--> Average Speed: 0.05s per batch
	--> Time from Last Check: 1.44s
[07/01/2025 - 03:04:44] - Epoch: 15, lr: 0.00001211, train_loss: 0.2223, train_c_index: 0.9720
[07/01/2025 - 03:04:45] - Epoch: 15, val_loss: 0.7001, val_c_index: 0.3340
[07/01/2025 - 03:04:45] - Time elapsed for epoch 15: 19s
[07/01/2025 - 03:04:45] - Epoch: 16
--> Batch: 49, Loss: 0.2095, Label: 19, Survival Months: 280.33, Risk: -18.2415
	--> Average Speed: 0.05s per batch
	--> Time from Last Check: 1.68s
--> Batch: 99, Loss: 0.0011, Label: 9, Survival Months: 52.92, Risk: -18.2032
	--> Average Speed: 0.05s per batch
	--> Time from Last Check: 1.50s
--> Batch: 149, Loss: 0.0005, Label: 5, Survival Months: 39.75, Risk: -17.8658
	--> Average Speed: 0.05s per batch
	--> Time from Last Check: 1.51s
--> Batch: 199, Loss: 0.1576, Label: 18, Survival Months: 262.67, Risk: -17.8480
	--> Average Speed: 0.05s per batch
	--> Time from Last Check: 1.46s
--> Batch: 249, Loss: 0.0264, Label: 16, Survival Months: 143.25, Risk: -18.2728
	--> Average Speed: 0.05s per batch
	--> Time from Last Check: 1.47s
--> Batch: 299, Loss: 0.0001, Label: 1, Survival Months: 15.58, Risk: -18.3180
	--> Average Speed: 0.05s per batch
	--> Time from Last Check: 1.50s
--> Batch: 349, Loss: 0.0011, Label: 8, Survival Months: 49.00, Risk: -18.2549
	--> Average Speed: 0.04s per batch
	--> Time from Last Check: 1.39s
--> Batch: 399, Loss: 0.0130, Label: 12, Survival Months: 84.58, Risk: -17.4683
	--> Average Speed: 0.04s per batch
	--> Time from Last Check: 1.41s
--> Batch: 449, Loss: 0.0009, Label: 4, Survival Months: 35.67, Risk: -17.4759
	--> Average Speed: 0.05s per batch
	--> Time from Last Check: 1.50s
--> Batch: 499, Loss: 0.0003, Label: 5, Survival Months: 37.83, Risk: -17.9314
	--> Average Speed: 0.05s per batch
	--> Time from Last Check: 1.51s
--> Batch: 549, Loss: 0.0001, Label: 3, Survival Months: 32.92, Risk: -18.3573
	--> Average Speed: 0.05s per batch
	--> Time from Last Check: 1.52s
[07/01/2025 - 03:05:03] - Epoch: 16, lr: 0.00001041, train_loss: 0.2213, train_c_index: 0.9728
[07/01/2025 - 03:05:04] - Epoch: 16, val_loss: 0.7173, val_c_index: 0.3256
[07/01/2025 - 03:05:04] - Time elapsed for epoch 16: 19s
[07/01/2025 - 03:05:04] - Epoch: 17
--> Batch: 49, Loss: 0.0195, Label: 15, Survival Months: 134.42, Risk: -18.2336
	--> Average Speed: 0.06s per batch
	--> Time from Last Check: 1.82s
--> Batch: 99, Loss: 0.0030, Label: 8, Survival Months: 49.00, Risk: -17.6650
	--> Average Speed: 0.05s per batch
	--> Time from Last Check: 1.54s
--> Batch: 149, Loss: 0.0003, Label: 1, Survival Months: 22.92, Risk: -17.9081
	--> Average Speed: 0.05s per batch
	--> Time from Last Check: 1.50s
--> Batch: 199, Loss: 0.0184, Label: 15, Survival Months: 125.42, Risk: -18.3257
	--> Average Speed: 0.05s per batch
	--> Time from Last Check: 1.46s
--> Batch: 249, Loss: 0.0134, Label: 15, Survival Months: 132.08, Risk: -18.5436
	--> Average Speed: 0.05s per batch
	--> Time from Last Check: 1.52s
--> Batch: 299, Loss: 0.0017, Label: 11, Survival Months: 75.58, Risk: -18.3815
	--> Average Speed: 0.05s per batch
	--> Time from Last Check: 1.52s
--> Batch: 349, Loss: 0.0004, Label: 5, Survival Months: 37.08, Risk: -17.8663
	--> Average Speed: 0.04s per batch
	--> Time from Last Check: 1.36s
--> Batch: 399, Loss: 0.2154, Label: 19, Survival Months: 280.08, Risk: -18.3366
	--> Average Speed: 0.05s per batch
	--> Time from Last Check: 1.45s
--> Batch: 449, Loss: 0.0012, Label: 8, Survival Months: 49.00, Risk: -18.2155
	--> Average Speed: 0.05s per batch
	--> Time from Last Check: 1.50s
--> Batch: 499, Loss: 1.4644, Label: 17, Survival Months: 205.75, Risk: -16.1115
	--> Average Speed: 0.05s per batch
	--> Time from Last Check: 1.53s
--> Batch: 549, Loss: 0.1190, Label: 18, Survival Months: 217.67, Risk: -18.3585
	--> Average Speed: 0.05s per batch
	--> Time from Last Check: 1.52s
[07/01/2025 - 03:05:22] - Epoch: 17, lr: 0.00000895, train_loss: 0.2207, train_c_index: 0.9724
[07/01/2025 - 03:05:24] - Epoch: 17, val_loss: 0.7226, val_c_index: 0.3330
[07/01/2025 - 03:05:24] - Time elapsed for epoch 17: 19s
[07/01/2025 - 03:05:24] - Epoch: 18
--> Batch: 49, Loss: 0.0228, Label: 15, Survival Months: 133.00, Risk: -18.2289
	--> Average Speed: 0.05s per batch
	--> Time from Last Check: 1.63s
--> Batch: 99, Loss: 0.0167, Label: 14, Survival Months: 110.42, Risk: -18.0227
	--> Average Speed: 0.05s per batch
	--> Time from Last Check: 1.49s
--> Batch: 149, Loss: 1.2802, Label: 18, Survival Months: 237.83, Risk: -18.0319
	--> Average Speed: 0.05s per batch
	--> Time from Last Check: 1.51s
--> Batch: 199, Loss: 0.0027, Label: 7, Survival Months: 46.83, Risk: -17.2114
	--> Average Speed: 0.05s per batch
	--> Time from Last Check: 1.54s
--> Batch: 249, Loss: 0.2346, Label: 19, Survival Months: 273.00, Risk: -18.1285
	--> Average Speed: 0.05s per batch
	--> Time from Last Check: 1.51s
--> Batch: 299, Loss: 0.0010, Label: 7, Survival Months: 43.58, Risk: -17.9814
	--> Average Speed: 0.05s per batch
	--> Time from Last Check: 1.49s
--> Batch: 349, Loss: 0.0315, Label: 16, Survival Months: 165.67, Risk: -17.9405
	--> Average Speed: 0.04s per batch
	--> Time from Last Check: 1.38s
--> Batch: 399, Loss: 2.0819, Label: 14, Survival Months: 119.92, Risk: -14.4441
	--> Average Speed: 0.04s per batch
	--> Time from Last Check: 1.43s
--> Batch: 449, Loss: 0.0002, Label: 3, Survival Months: 32.92, Risk: -18.2361
	--> Average Speed: 0.05s per batch
	--> Time from Last Check: 1.55s
--> Batch: 499, Loss: 0.0003, Label: 5, Survival Months: 39.00, Risk: -18.1475
	--> Average Speed: 0.05s per batch
	--> Time from Last Check: 1.52s
--> Batch: 549, Loss: 0.0002, Label: 2, Survival Months: 28.92, Risk: -18.1514
	--> Average Speed: 0.05s per batch
	--> Time from Last Check: 1.46s
[07/01/2025 - 03:05:42] - Epoch: 18, lr: 0.00000770, train_loss: 0.2184, train_c_index: 0.9755
[07/01/2025 - 03:05:43] - Epoch: 18, val_loss: 0.7278, val_c_index: 0.3293
[07/01/2025 - 03:05:43] - Time elapsed for epoch 18: 19s
[07/01/2025 - 03:05:43] - Epoch: 19
--> Batch: 49, Loss: 0.0043, Label: 13, Survival Months: 94.83, Risk: -18.3749
	--> Average Speed: 0.05s per batch
	--> Time from Last Check: 1.66s
--> Batch: 99, Loss: 1.4043, Label: 17, Survival Months: 197.75, Risk: -15.5749
	--> Average Speed: 0.05s per batch
	--> Time from Last Check: 1.48s
--> Batch: 149, Loss: 0.1872, Label: 19, Survival Months: 270.58, Risk: -18.4338
	--> Average Speed: 0.05s per batch
	--> Time from Last Check: 1.48s
--> Batch: 199, Loss: 0.0026, Label: 8, Survival Months: 48.00, Risk: -17.9122
	--> Average Speed: 0.05s per batch
	--> Time from Last Check: 1.47s
--> Batch: 249, Loss: 0.0008, Label: 7, Survival Months: 47.08, Risk: -18.2327
	--> Average Speed: 0.05s per batch
	--> Time from Last Check: 1.51s
--> Batch: 299, Loss: 0.0010, Label: 9, Survival Months: 56.25, Risk: -18.4454
	--> Average Speed: 0.05s per batch
	--> Time from Last Check: 1.45s
--> Batch: 349, Loss: 0.0215, Label: 7, Survival Months: 46.17, Risk: -13.5064
	--> Average Speed: 0.04s per batch
	--> Time from Last Check: 1.38s
--> Batch: 399, Loss: 0.0003, Label: 2, Survival Months: 28.08, Risk: -17.9964
	--> Average Speed: 0.05s per batch
	--> Time from Last Check: 1.55s
--> Batch: 449, Loss: 0.2011, Label: 19, Survival Months: 593.83, Risk: -18.4381
	--> Average Speed: 0.05s per batch
	--> Time from Last Check: 1.52s
--> Batch: 499, Loss: 0.2023, Label: 19, Survival Months: 410.75, Risk: -18.3713
	--> Average Speed: 0.05s per batch
	--> Time from Last Check: 1.52s
--> Batch: 549, Loss: 0.0048, Label: 12, Survival Months: 84.17, Risk: -18.2897
	--> Average Speed: 0.05s per batch
	--> Time from Last Check: 1.50s
[07/01/2025 - 03:06:01] - Epoch: 19, lr: 0.00000662, train_loss: 0.2163, train_c_index: 0.9765
[07/01/2025 - 03:06:02] - Epoch: 19, val_loss: 0.7347, val_c_index: 0.3386
[07/01/2025 - 03:06:02] - Time elapsed for epoch 19: 19s
[07/01/2025 - 03:06:02] - Epoch: 20
--> Batch: 49, Loss: 0.0006, Label: 4, Survival Months: 35.67, Risk: -17.6143
	--> Average Speed: 0.05s per batch
	--> Time from Last Check: 1.67s
--> Batch: 99, Loss: 0.0187, Label: 16, Survival Months: 155.42, Risk: -18.4802
	--> Average Speed: 0.05s per batch
	--> Time from Last Check: 1.49s
--> Batch: 149, Loss: 0.0124, Label: 12, Survival Months: 84.58, Risk: -17.4541
	--> Average Speed: 0.05s per batch
	--> Time from Last Check: 1.51s
--> Batch: 199, Loss: 0.0085, Label: 12, Survival Months: 87.58, Risk: -17.8351
	--> Average Speed: 0.05s per batch
	--> Time from Last Check: 1.50s
--> Batch: 249, Loss: 0.0295, Label: 16, Survival Months: 148.33, Risk: -18.2175
	--> Average Speed: 0.05s per batch
	--> Time from Last Check: 1.57s
--> Batch: 299, Loss: 0.2023, Label: 19, Survival Months: 353.25, Risk: -18.3833
	--> Average Speed: 0.05s per batch
	--> Time from Last Check: 1.51s
--> Batch: 349, Loss: 1.7029, Label: 14, Survival Months: 113.75, Risk: -12.8132
	--> Average Speed: 0.05s per batch
	--> Time from Last Check: 1.47s
--> Batch: 399, Loss: 2.0056, Label: 11, Survival Months: 76.00, Risk: -11.9153
	--> Average Speed: 0.05s per batch
	--> Time from Last Check: 1.53s
--> Batch: 449, Loss: 0.0005, Label: 7, Survival Months: 44.33, Risk: -18.3157
	--> Average Speed: 0.05s per batch
	--> Time from Last Check: 1.52s
--> Batch: 499, Loss: 0.0230, Label: 15, Survival Months: 122.08, Risk: -18.1338
	--> Average Speed: 0.05s per batch
	--> Time from Last Check: 1.51s
--> Batch: 549, Loss: 0.0098, Label: 13, Survival Months: 100.25, Risk: -17.7829
	--> Average Speed: 0.05s per batch
	--> Time from Last Check: 1.51s
[07/01/2025 - 03:06:20] - Epoch: 20, lr: 0.00000569, train_loss: 0.2148, train_c_index: 0.9712
--> Saving model into checkpoints/MCAT_TCGA-BRCA-GE-ME_E20_202501070306.pt
[07/01/2025 - 03:06:22] - Epoch: 20, val_loss: 0.7394, val_c_index: 0.3451
[07/01/2025 - 03:06:22] - Time elapsed for epoch 20: 20s

################# [07/01/2025 - 03:06:22] - Training completed #################

################# [07/01/2025 - 03:06:22] - Validation started #################
[07/01/2025 - 03:06:23] - Final Validation, val_loss: 0.7394, val_c_index: 0.3451
[07/01/2025 - 03:06:23] - Time elapsed for Validation: 1s

################ [07/01/2025 - 03:06:23] - Validation completed ################

################## [07/01/2025 - 03:06:26] - MCAT terminated ###################
