Environment conda activated
Job 2503901 started

#################### [07/01/2025 - 02:07:04] - MCAT started ####################
HOSTNAME: germano

WANDB: setting up for report

CUDA: available
--> Device count: 1
--> Using device: NVIDIA GeForce RTX 2080 Ti
--> Running on CUDA

DATASET: Loading data
--> Remaining samples after removing incomplete: 742
--> Class intervals: [
	0: [0.00 - 9.68]
	1: [9.68 - 24.60]
	2: [24.60 - 30.34]
	3: [30.34 - 33.52]
	4: [33.52 - 36.60]
	5: [36.60 - 39.75]
	6: [39.75 - 43.45]
	7: [43.45 - 47.78]
	8: [47.78 - 51.67]
	9: [51.67 - 56.66]
	10: [56.66 - 66.00]
	11: [66.00 - 78.32]
	12: [78.32 - 89.10]
	13: [89.10 - 102.75]
	14: [102.75 - 122.04]
	15: [122.04 - 143.07]
	16: [143.07 - 173.40]
	17: [173.40 - 206.80]
	18: [206.80 - 268.52]
	19: [268.52 - 593.83]
    ]
--> Standardizing RNA-seq data
--> Standardizing Methylation Islands beta values
--> Gene Expression Signatures size: [19938]
--> Methylation Signatures size: [33161]
--> Using 80% training, 20% validation
--> Training Set: [593], Validation Set: [149]

MODEL: MCAT
--> Trainable parameters of MCAT: 16694550
--> Loss function: CrossEntropySurvivalLoss
--> Optimizer: adam

################## [07/01/2025 - 02:08:19] - Training started ##################
[07/01/2025 - 02:08:19] - Epoch: 1
--> Batch: 49, Loss: 0.1018, Label: 0, Survival Months: 6.50, Risk: -1.0685
	--> Average Speed: 0.08s per batch
	--> Time from Last Check: 2.42s
--> Batch: 99, Loss: 0.5451, Label: 5, Survival Months: 39.75, Risk: -1.2099
	--> Average Speed: 0.04s per batch
	--> Time from Last Check: 1.40s
--> Batch: 149, Loss: 0.9706, Label: 10, Survival Months: 63.25, Risk: -1.3336
	--> Average Speed: 0.05s per batch
	--> Time from Last Check: 1.52s
--> Batch: 199, Loss: 0.9433, Label: 11, Survival Months: 74.17, Risk: -1.5720
	--> Average Speed: 0.05s per batch
	--> Time from Last Check: 1.48s
--> Batch: 249, Loss: 0.2827, Label: 4, Survival Months: 34.33, Risk: -2.1954
	--> Average Speed: 0.05s per batch
	--> Time from Last Check: 1.45s
--> Batch: 299, Loss: 0.3138, Label: 8, Survival Months: 49.50, Risk: -3.8943
	--> Average Speed: 0.05s per batch
	--> Time from Last Check: 1.45s
--> Batch: 349, Loss: 0.0188, Label: 0, Survival Months: 0.08, Risk: -5.5848
	--> Average Speed: 0.04s per batch
	--> Time from Last Check: 1.41s
--> Batch: 399, Loss: 0.2492, Label: 14, Survival Months: 107.33, Risk: -9.3304
	--> Average Speed: 0.05s per batch
	--> Time from Last Check: 1.46s
--> Batch: 449, Loss: 0.0026, Label: 0, Survival Months: 2.83, Risk: -13.1588
	--> Average Speed: 0.05s per batch
	--> Time from Last Check: 1.44s
--> Batch: 499, Loss: 0.1558, Label: 16, Survival Months: 162.75, Risk: -13.7572
	--> Average Speed: 0.05s per batch
	--> Time from Last Check: 1.47s
--> Batch: 549, Loss: 3.7524, Label: 1, Survival Months: 14.33, Risk: -14.2607
	--> Average Speed: 0.04s per batch
	--> Time from Last Check: 1.40s
[07/01/2025 - 02:08:37] - Epoch: 1, lr: 0.00010000, train_loss: 0.9801, train_c_index: 0.4403
[07/01/2025 - 02:08:38] - Epoch: 1, val_loss: 0.4528, val_c_index: 0.3205
[07/01/2025 - 02:08:38] - Time elapsed for epoch 1: 20s
[07/01/2025 - 02:08:38] - Epoch: 2
--> Batch: 49, Loss: 0.1436, Label: 17, Survival Months: 182.50, Risk: -14.6022
	--> Average Speed: 0.05s per batch
	--> Time from Last Check: 1.67s
--> Batch: 99, Loss: 0.0241, Label: 10, Survival Months: 63.25, Risk: -14.8919
	--> Average Speed: 0.04s per batch
	--> Time from Last Check: 1.38s
--> Batch: 149, Loss: 0.0102, Label: 5, Survival Months: 38.42, Risk: -14.8443
	--> Average Speed: 0.05s per batch
	--> Time from Last Check: 1.45s
--> Batch: 199, Loss: 0.0240, Label: 9, Survival Months: 53.67, Risk: -14.7378
	--> Average Speed: 0.05s per batch
	--> Time from Last Check: 1.52s
--> Batch: 249, Loss: 2.2988, Label: 14, Survival Months: 119.92, Risk: -12.7872
	--> Average Speed: 0.05s per batch
	--> Time from Last Check: 1.53s
--> Batch: 299, Loss: 0.0315, Label: 10, Survival Months: 59.58, Risk: -14.4509
	--> Average Speed: 0.04s per batch
	--> Time from Last Check: 1.43s
--> Batch: 349, Loss: 1.5700, Label: 18, Survival Months: 211.17, Risk: -14.1253
	--> Average Speed: 0.04s per batch
	--> Time from Last Check: 1.44s
--> Batch: 399, Loss: 0.1134, Label: 17, Survival Months: 179.58, Risk: -14.8793
	--> Average Speed: 0.04s per batch
	--> Time from Last Check: 1.40s
--> Batch: 449, Loss: 0.1213, Label: 15, Survival Months: 142.33, Risk: -12.7336
	--> Average Speed: 0.05s per batch
	--> Time from Last Check: 1.44s
--> Batch: 499, Loss: 0.0209, Label: 7, Survival Months: 46.00, Risk: -14.3845
	--> Average Speed: 0.04s per batch
	--> Time from Last Check: 1.39s
--> Batch: 549, Loss: 3.2278, Label: 13, Survival Months: 97.83, Risk: -12.9057
	--> Average Speed: 0.04s per batch
	--> Time from Last Check: 1.37s
[07/01/2025 - 02:08:56] - Epoch: 2, lr: 0.00010000, train_loss: 0.3672, train_c_index: 0.5649
[07/01/2025 - 02:08:57] - Epoch: 2, val_loss: 0.4266, val_c_index: 0.3635
[07/01/2025 - 02:08:57] - Time elapsed for epoch 2: 19s
[07/01/2025 - 02:08:57] - Epoch: 3
--> Batch: 49, Loss: 0.0881, Label: 16, Survival Months: 155.50, Risk: -15.3219
	--> Average Speed: 0.05s per batch
	--> Time from Last Check: 1.64s
--> Batch: 99, Loss: 0.0345, Label: 12, Survival Months: 88.50, Risk: -15.5444
	--> Average Speed: 0.05s per batch
	--> Time from Last Check: 1.46s
--> Batch: 149, Loss: 0.1669, Label: 18, Survival Months: 257.58, Risk: -14.9813
	--> Average Speed: 0.04s per batch
	--> Time from Last Check: 1.40s
--> Batch: 199, Loss: 0.0089, Label: 3, Survival Months: 31.25, Risk: -15.0562
	--> Average Speed: 0.04s per batch
	--> Time from Last Check: 1.34s
--> Batch: 249, Loss: 0.0562, Label: 13, Survival Months: 101.75, Risk: -14.4487
	--> Average Speed: 0.04s per batch
	--> Time from Last Check: 1.42s
--> Batch: 299, Loss: 1.3398, Label: 18, Survival Months: 237.83, Risk: -15.4463
	--> Average Speed: 0.04s per batch
	--> Time from Last Check: 1.33s
--> Batch: 349, Loss: 0.0487, Label: 11, Survival Months: 76.50, Risk: -13.7709
	--> Average Speed: 0.04s per batch
	--> Time from Last Check: 1.42s
--> Batch: 399, Loss: 0.0454, Label: 10, Survival Months: 60.58, Risk: -13.4096
	--> Average Speed: 0.05s per batch
	--> Time from Last Check: 1.47s
--> Batch: 449, Loss: 0.1132, Label: 15, Survival Months: 134.42, Risk: -13.5708
	--> Average Speed: 0.05s per batch
	--> Time from Last Check: 1.44s
--> Batch: 499, Loss: 0.1030, Label: 17, Survival Months: 182.00, Risk: -15.2501
	--> Average Speed: 0.04s per batch
	--> Time from Last Check: 1.43s
--> Batch: 549, Loss: 0.0050, Label: 3, Survival Months: 30.75, Risk: -15.8188
	--> Average Speed: 0.04s per batch
	--> Time from Last Check: 1.33s
[07/01/2025 - 02:09:14] - Epoch: 3, lr: 0.00010000, train_loss: 0.3418, train_c_index: 0.6972
[07/01/2025 - 02:09:16] - Epoch: 3, val_loss: 0.4572, val_c_index: 0.3241
[07/01/2025 - 02:09:16] - Time elapsed for epoch 3: 18s
[07/01/2025 - 02:09:16] - Epoch: 4
--> Batch: 49, Loss: 0.0531, Label: 14, Survival Months: 109.08, Risk: -15.8380
	--> Average Speed: 0.05s per batch
	--> Time from Last Check: 1.70s
--> Batch: 99, Loss: 1.3524, Label: 19, Survival Months: 288.50, Risk: -15.4662
	--> Average Speed: 0.05s per batch
	--> Time from Last Check: 1.44s
--> Batch: 149, Loss: 0.0342, Label: 12, Survival Months: 83.00, Risk: -15.7661
	--> Average Speed: 0.04s per batch
	--> Time from Last Check: 1.41s
--> Batch: 199, Loss: 0.0046, Label: 2, Survival Months: 28.08, Risk: -15.6871
	--> Average Speed: 0.04s per batch
	--> Time from Last Check: 1.39s
--> Batch: 249, Loss: 0.0275, Label: 11, Survival Months: 73.58, Risk: -15.4151
	--> Average Speed: 0.05s per batch
	--> Time from Last Check: 1.45s
--> Batch: 299, Loss: 0.0053, Label: 6, Survival Months: 40.67, Risk: -15.5413
	--> Average Speed: 0.04s per batch
	--> Time from Last Check: 1.42s
--> Batch: 349, Loss: 0.3176, Label: 19, Survival Months: 327.33, Risk: -15.3420
	--> Average Speed: 0.04s per batch
	--> Time from Last Check: 1.43s
--> Batch: 399, Loss: 0.0731, Label: 15, Survival Months: 131.00, Risk: -15.5190
	--> Average Speed: 0.04s per batch
	--> Time from Last Check: 1.42s
--> Batch: 449, Loss: 0.0528, Label: 13, Survival Months: 97.08, Risk: -14.4810
	--> Average Speed: 0.06s per batch
	--> Time from Last Check: 1.87s
--> Batch: 499, Loss: 0.0127, Label: 10, Survival Months: 59.50, Risk: -16.1767
	--> Average Speed: 0.05s per batch
	--> Time from Last Check: 1.74s
--> Batch: 549, Loss: 0.0173, Label: 12, Survival Months: 86.92, Risk: -16.7151
	--> Average Speed: 0.05s per batch
	--> Time from Last Check: 1.44s
[07/01/2025 - 02:09:34] - Epoch: 4, lr: 0.00010000, train_loss: 0.3173, train_c_index: 0.8322
[07/01/2025 - 02:09:35] - Epoch: 4, val_loss: 0.4818, val_c_index: 0.3948
[07/01/2025 - 02:09:35] - Time elapsed for epoch 4: 20s
[07/01/2025 - 02:09:35] - Epoch: 5
--> Batch: 49, Loss: 0.0116, Label: 11, Survival Months: 74.17, Risk: -16.7637
	--> Average Speed: 0.05s per batch
	--> Time from Last Check: 1.69s
--> Batch: 99, Loss: 0.0049, Label: 4, Survival Months: 35.50, Risk: -16.0197
	--> Average Speed: 0.04s per batch
	--> Time from Last Check: 1.42s
--> Batch: 149, Loss: 0.0071, Label: 7, Survival Months: 44.83, Risk: -16.5360
	--> Average Speed: 0.04s per batch
	--> Time from Last Check: 1.43s
--> Batch: 199, Loss: 0.0086, Label: 10, Survival Months: 59.58, Risk: -17.0197
	--> Average Speed: 0.04s per batch
	--> Time from Last Check: 1.43s
--> Batch: 249, Loss: 4.1051, Label: 11, Survival Months: 71.67, Risk: -16.7045
	--> Average Speed: 0.04s per batch
	--> Time from Last Check: 1.44s
--> Batch: 299, Loss: 0.0235, Label: 14, Survival Months: 110.42, Risk: -17.4242
	--> Average Speed: 0.04s per batch
	--> Time from Last Check: 1.44s
--> Batch: 349, Loss: 0.0287, Label: 15, Survival Months: 125.42, Risk: -17.2966
	--> Average Speed: 0.05s per batch
	--> Time from Last Check: 1.45s
--> Batch: 399, Loss: 0.0052, Label: 10, Survival Months: 59.42, Risk: -17.5878
	--> Average Speed: 0.04s per batch
	--> Time from Last Check: 1.41s
--> Batch: 449, Loss: 0.0193, Label: 11, Survival Months: 72.08, Risk: -16.0664
	--> Average Speed: 0.05s per batch
	--> Time from Last Check: 1.44s
--> Batch: 499, Loss: 0.0021, Label: 6, Survival Months: 41.58, Risk: -17.0278
	--> Average Speed: 0.05s per batch
	--> Time from Last Check: 1.46s
--> Batch: 549, Loss: 0.0086, Label: 9, Survival Months: 52.92, Risk: -16.4305
	--> Average Speed: 0.04s per batch
	--> Time from Last Check: 1.42s
[07/01/2025 - 02:09:52] - Epoch: 5, lr: 0.00010000, train_loss: 0.2975, train_c_index: 0.8702
[07/01/2025 - 02:09:54] - Epoch: 5, val_loss: 0.4929, val_c_index: 0.2784
[07/01/2025 - 02:09:54] - Time elapsed for epoch 5: 19s
[07/01/2025 - 02:09:54] - Epoch: 6
--> Batch: 49, Loss: 0.0021, Label: 0, Survival Months: 4.92, Risk: -15.0557
	--> Average Speed: 0.05s per batch
	--> Time from Last Check: 1.67s
--> Batch: 99, Loss: 0.0101, Label: 1, Survival Months: 14.17, Risk: -12.9516
	--> Average Speed: 0.05s per batch
	--> Time from Last Check: 1.45s
--> Batch: 149, Loss: 0.0067, Label: 9, Survival Months: 56.25, Risk: -16.4898
	--> Average Speed: 0.05s per batch
	--> Time from Last Check: 1.46s
--> Batch: 199, Loss: 0.0035, Label: 6, Survival Months: 42.17, Risk: -15.5832
	--> Average Speed: 0.04s per batch
	--> Time from Last Check: 1.41s
--> Batch: 249, Loss: 0.0028, Label: 7, Survival Months: 47.25, Risk: -16.7816
	--> Average Speed: 0.04s per batch
	--> Time from Last Check: 1.42s
--> Batch: 299, Loss: 2.2854, Label: 14, Survival Months: 106.25, Risk: -15.8967
	--> Average Speed: 0.05s per batch
	--> Time from Last Check: 1.45s
--> Batch: 349, Loss: 0.0104, Label: 12, Survival Months: 78.58, Risk: -17.2262
	--> Average Speed: 0.05s per batch
	--> Time from Last Check: 1.49s
--> Batch: 399, Loss: 0.0120, Label: 11, Survival Months: 66.25, Risk: -16.7447
	--> Average Speed: 0.04s per batch
	--> Time from Last Check: 1.43s
--> Batch: 449, Loss: 0.0011, Label: 5, Survival Months: 37.83, Risk: -16.7823
	--> Average Speed: 0.05s per batch
	--> Time from Last Check: 1.44s
--> Batch: 499, Loss: 0.0545, Label: 16, Survival Months: 169.42, Risk: -17.1404
	--> Average Speed: 0.04s per batch
	--> Time from Last Check: 1.38s
--> Batch: 549, Loss: 0.0027, Label: 9, Survival Months: 52.75, Risk: -17.5191
	--> Average Speed: 0.05s per batch
	--> Time from Last Check: 1.47s
[07/01/2025 - 02:10:11] - Epoch: 6, lr: 0.00010000, train_loss: 0.2828, train_c_index: 0.9226
[07/01/2025 - 02:10:13] - Epoch: 6, val_loss: 0.5972, val_c_index: 0.4396
[07/01/2025 - 02:10:13] - Time elapsed for epoch 6: 19s
[07/01/2025 - 02:10:13] - Epoch: 7
--> Batch: 49, Loss: 0.0031, Label: 2, Survival Months: 24.75, Risk: -15.5354
	--> Average Speed: 0.05s per batch
	--> Time from Last Check: 1.72s
--> Batch: 99, Loss: 0.0004, Label: 1, Survival Months: 14.00, Risk: -17.4088
	--> Average Speed: 0.05s per batch
	--> Time from Last Check: 1.44s
--> Batch: 149, Loss: 0.0115, Label: 13, Survival Months: 100.67, Risk: -17.2581
	--> Average Speed: 0.04s per batch
	--> Time from Last Check: 1.36s
--> Batch: 199, Loss: 2.4661, Label: 16, Survival Months: 146.58, Risk: -16.6508
	--> Average Speed: 0.04s per batch
	--> Time from Last Check: 1.36s
--> Batch: 249, Loss: 0.0045, Label: 11, Survival Months: 67.33, Risk: -17.2529
	--> Average Speed: 0.05s per batch
	--> Time from Last Check: 1.45s
--> Batch: 299, Loss: 0.0077, Label: 12, Survival Months: 85.42, Risk: -17.4594
	--> Average Speed: 0.04s per batch
	--> Time from Last Check: 1.43s
--> Batch: 349, Loss: 0.0004, Label: 6, Survival Months: 42.00, Risk: -17.3623
	--> Average Speed: 0.05s per batch
	--> Time from Last Check: 1.44s
--> Batch: 399, Loss: 0.0023, Label: 4, Survival Months: 35.33, Risk: -15.6869
	--> Average Speed: 0.05s per batch
	--> Time from Last Check: 1.44s
--> Batch: 449, Loss: 0.0078, Label: 10, Survival Months: 62.33, Risk: -16.2292
	--> Average Speed: 0.04s per batch
	--> Time from Last Check: 1.40s
--> Batch: 499, Loss: 1.2551, Label: 1, Survival Months: 18.92, Risk: -2.0747
	--> Average Speed: 0.05s per batch
	--> Time from Last Check: 1.45s
--> Batch: 549, Loss: 0.2498, Label: 19, Survival Months: 277.75, Risk: -17.7451
	--> Average Speed: 0.04s per batch
	--> Time from Last Check: 1.41s
[07/01/2025 - 02:10:30] - Epoch: 7, lr: 0.00010000, train_loss: 0.2700, train_c_index: 0.9217
[07/01/2025 - 02:10:31] - Epoch: 7, val_loss: 0.5303, val_c_index: 0.5192
[07/01/2025 - 02:10:31] - Time elapsed for epoch 7: 19s
[07/01/2025 - 02:10:31] - Epoch: 8
--> Batch: 49, Loss: 0.1252, Label: 17, Survival Months: 200.50, Risk: -15.9761
	--> Average Speed: 0.05s per batch
	--> Time from Last Check: 1.67s
--> Batch: 99, Loss: 0.0033, Label: 7, Survival Months: 44.83, Risk: -16.7078
	--> Average Speed: 0.04s per batch
	--> Time from Last Check: 1.43s
--> Batch: 149, Loss: 0.0378, Label: 14, Survival Months: 110.50, Risk: -16.9318
	--> Average Speed: 0.05s per batch
	--> Time from Last Check: 1.60s
--> Batch: 199, Loss: 0.1775, Label: 18, Survival Months: 209.42, Risk: -15.6615
	--> Average Speed: 0.05s per batch
	--> Time from Last Check: 1.46s
--> Batch: 249, Loss: 0.0026, Label: 10, Survival Months: 61.17, Risk: -17.7316
	--> Average Speed: 0.04s per batch
	--> Time from Last Check: 1.43s
--> Batch: 299, Loss: 0.0024, Label: 8, Survival Months: 47.92, Risk: -17.6555
	--> Average Speed: 0.05s per batch
	--> Time from Last Check: 1.45s
--> Batch: 349, Loss: 1.7495, Label: 2, Survival Months: 26.67, Risk: -2.9829
	--> Average Speed: 0.05s per batch
	--> Time from Last Check: 1.50s
--> Batch: 399, Loss: 0.0002, Label: 1, Survival Months: 20.17, Risk: -17.7043
	--> Average Speed: 0.05s per batch
	--> Time from Last Check: 1.47s
--> Batch: 449, Loss: 0.0176, Label: 13, Survival Months: 102.42, Risk: -16.9442
	--> Average Speed: 0.05s per batch
	--> Time from Last Check: 1.44s
--> Batch: 499, Loss: 0.0087, Label: 12, Survival Months: 88.50, Risk: -17.3347
	--> Average Speed: 0.05s per batch
	--> Time from Last Check: 1.45s
--> Batch: 549, Loss: 0.0047, Label: 9, Survival Months: 53.25, Risk: -16.8390
	--> Average Speed: 0.05s per batch
	--> Time from Last Check: 1.46s
[07/01/2025 - 02:10:49] - Epoch: 8, lr: 0.00010000, train_loss: 0.2708, train_c_index: 0.9202
[07/01/2025 - 02:10:50] - Epoch: 8, val_loss: 0.6038, val_c_index: 0.4432
[07/01/2025 - 02:10:50] - Time elapsed for epoch 8: 19s
[07/01/2025 - 02:10:50] - Epoch: 9
--> Batch: 49, Loss: 0.0001, Label: 4, Survival Months: 35.92, Risk: -17.8118
	--> Average Speed: 0.05s per batch
	--> Time from Last Check: 1.71s
--> Batch: 99, Loss: 0.0002, Label: 2, Survival Months: 28.25, Risk: -17.6042
	--> Average Speed: 0.04s per batch
	--> Time from Last Check: 1.44s
--> Batch: 149, Loss: 0.0002, Label: 3, Survival Months: 32.25, Risk: -17.5480
	--> Average Speed: 0.04s per batch
	--> Time from Last Check: 1.41s
--> Batch: 199, Loss: 0.0008, Label: 6, Survival Months: 41.83, Risk: -16.5589
	--> Average Speed: 0.04s per batch
	--> Time from Last Check: 1.42s
--> Batch: 249, Loss: 0.0024, Label: 7, Survival Months: 44.25, Risk: -17.0597
	--> Average Speed: 0.05s per batch
	--> Time from Last Check: 1.45s
--> Batch: 299, Loss: 0.0037, Label: 7, Survival Months: 45.92, Risk: -16.7362
	--> Average Speed: 0.04s per batch
	--> Time from Last Check: 1.44s
--> Batch: 349, Loss: 0.1338, Label: 18, Survival Months: 210.42, Risk: -17.3898
	--> Average Speed: 0.05s per batch
	--> Time from Last Check: 1.46s
--> Batch: 399, Loss: 2.6989, Label: 14, Survival Months: 106.00, Risk: -17.5511
	--> Average Speed: 0.04s per batch
	--> Time from Last Check: 1.43s
--> Batch: 449, Loss: 0.0030, Label: 7, Survival Months: 44.33, Risk: -16.1525
	--> Average Speed: 0.04s per batch
	--> Time from Last Check: 1.38s
--> Batch: 499, Loss: 1.9276, Label: 0, Survival Months: 9.67, Risk: -5.1167
	--> Average Speed: 0.04s per batch
	--> Time from Last Check: 1.37s
--> Batch: 549, Loss: 0.0146, Label: 12, Survival Months: 83.08, Risk: -16.7889
	--> Average Speed: 0.04s per batch
	--> Time from Last Check: 1.42s
[07/01/2025 - 02:11:08] - Epoch: 9, lr: 0.00010000, train_loss: 0.2460, train_c_index: 0.9285
[07/01/2025 - 02:11:09] - Epoch: 9, val_loss: 0.5773, val_c_index: 0.4279
[07/01/2025 - 02:11:09] - Time elapsed for epoch 9: 19s
[07/01/2025 - 02:11:09] - Epoch: 10
--> Batch: 49, Loss: 0.0097, Label: 4, Survival Months: 35.67, Risk: -12.1464
	--> Average Speed: 0.05s per batch
	--> Time from Last Check: 1.69s
--> Batch: 99, Loss: 0.0022, Label: 10, Survival Months: 59.58, Risk: -17.4607
	--> Average Speed: 0.05s per batch
	--> Time from Last Check: 1.49s
--> Batch: 149, Loss: 0.0002, Label: 3, Survival Months: 30.75, Risk: -17.4656
	--> Average Speed: 0.05s per batch
	--> Time from Last Check: 1.46s
--> Batch: 199, Loss: 0.0241, Label: 15, Survival Months: 123.08, Risk: -17.9239
	--> Average Speed: 0.04s per batch
	--> Time from Last Check: 1.43s
--> Batch: 249, Loss: 0.0001, Label: 4, Survival Months: 34.33, Risk: -17.7681
	--> Average Speed: 0.04s per batch
	--> Time from Last Check: 1.41s
--> Batch: 299, Loss: 0.0023, Label: 8, Survival Months: 48.67, Risk: -17.3591
	--> Average Speed: 0.04s per batch
	--> Time from Last Check: 1.39s
--> Batch: 349, Loss: 0.0001, Label: 2, Survival Months: 28.75, Risk: -17.3535
	--> Average Speed: 0.05s per batch
	--> Time from Last Check: 1.44s
--> Batch: 399, Loss: 0.0177, Label: 14, Survival Months: 110.08, Risk: -17.5691
	--> Average Speed: 0.05s per batch
	--> Time from Last Check: 1.45s
--> Batch: 449, Loss: 0.0080, Label: 13, Survival Months: 101.58, Risk: -17.5447
	--> Average Speed: 0.05s per batch
	--> Time from Last Check: 1.45s
--> Batch: 499, Loss: 0.0659, Label: 17, Survival Months: 186.67, Risk: -17.3414
	--> Average Speed: 0.05s per batch
	--> Time from Last Check: 1.44s
--> Batch: 549, Loss: 0.0220, Label: 14, Survival Months: 118.08, Risk: -17.3373
	--> Average Speed: 0.04s per batch
	--> Time from Last Check: 1.43s
[07/01/2025 - 02:11:27] - Epoch: 10, lr: 0.00010000, train_loss: 0.2453, train_c_index: 0.9333
[07/01/2025 - 02:11:28] - Epoch: 10, val_loss: 0.6455, val_c_index: 0.3912
[07/01/2025 - 02:11:28] - Time elapsed for epoch 10: 19s
[07/01/2025 - 02:11:28] - Epoch: 11
--> Batch: 49, Loss: 0.0036, Label: 10, Survival Months: 60.58, Risk: -17.1491
	--> Average Speed: 0.05s per batch
	--> Time from Last Check: 1.70s
--> Batch: 99, Loss: 0.0001, Label: 1, Survival Months: 14.17, Risk: -17.0746
	--> Average Speed: 0.05s per batch
	--> Time from Last Check: 1.49s
--> Batch: 149, Loss: 0.0264, Label: 14, Survival Months: 119.50, Risk: -16.9513
	--> Average Speed: 0.05s per batch
	--> Time from Last Check: 1.45s
--> Batch: 199, Loss: 0.0001, Label: 4, Survival Months: 33.58, Risk: -17.6050
	--> Average Speed: 0.05s per batch
	--> Time from Last Check: 1.44s
--> Batch: 249, Loss: 0.0039, Label: 11, Survival Months: 76.50, Risk: -17.4411
	--> Average Speed: 0.04s per batch
	--> Time from Last Check: 1.40s
--> Batch: 299, Loss: 0.0060, Label: 13, Survival Months: 102.58, Risk: -17.6984
	--> Average Speed: 0.05s per batch
	--> Time from Last Check: 1.44s
--> Batch: 349, Loss: 0.0027, Label: 11, Survival Months: 69.08, Risk: -17.7017
	--> Average Speed: 0.05s per batch
	--> Time from Last Check: 1.49s
--> Batch: 399, Loss: 0.3182, Label: 19, Survival Months: 292.17, Risk: -17.8302
	--> Average Speed: 0.04s per batch
	--> Time from Last Check: 1.43s
--> Batch: 449, Loss: 1.3965, Label: 8, Survival Months: 51.33, Risk: -10.3102
	--> Average Speed: 0.05s per batch
	--> Time from Last Check: 1.51s
--> Batch: 499, Loss: 0.0001, Label: 6, Survival Months: 43.00, Risk: -17.7447
	--> Average Speed: 0.04s per batch
	--> Time from Last Check: 1.42s
--> Batch: 549, Loss: 0.0046, Label: 11, Survival Months: 66.50, Risk: -17.3193
	--> Average Speed: 0.05s per batch
	--> Time from Last Check: 1.44s
[07/01/2025 - 02:11:46] - Epoch: 11, lr: 0.00010000, train_loss: 0.2335, train_c_index: 0.9391
[07/01/2025 - 02:11:47] - Epoch: 11, val_loss: 0.6379, val_c_index: 0.4360
[07/01/2025 - 02:11:47] - Time elapsed for epoch 11: 19s
[07/01/2025 - 02:11:47] - Epoch: 12
--> Batch: 49, Loss: 0.0044, Label: 1, Survival Months: 23.75, Risk: -13.0015
	--> Average Speed: 0.05s per batch
	--> Time from Last Check: 1.66s
--> Batch: 99, Loss: 0.0057, Label: 13, Survival Months: 92.17, Risk: -17.2205
	--> Average Speed: 0.04s per batch
	--> Time from Last Check: 1.42s
--> Batch: 149, Loss: 0.0001, Label: 4, Survival Months: 34.75, Risk: -17.1995
	--> Average Speed: 0.04s per batch
	--> Time from Last Check: 1.40s
--> Batch: 199, Loss: 0.0029, Label: 11, Survival Months: 69.08, Risk: -17.4075
	--> Average Speed: 0.04s per batch
	--> Time from Last Check: 1.36s
--> Batch: 249, Loss: 0.0377, Label: 16, Survival Months: 145.50, Risk: -17.5621
	--> Average Speed: 0.04s per batch
	--> Time from Last Check: 1.40s
--> Batch: 299, Loss: 2.2995, Label: 12, Survival Months: 86.00, Risk: -13.4244
	--> Average Speed: 0.04s per batch
	--> Time from Last Check: 1.37s
--> Batch: 349, Loss: 0.0040, Label: 12, Survival Months: 78.58, Risk: -17.6680
	--> Average Speed: 0.04s per batch
	--> Time from Last Check: 1.39s
--> Batch: 399, Loss: 2.0611, Label: 17, Survival Months: 174.75, Risk: -14.9783
	--> Average Speed: 0.05s per batch
	--> Time from Last Check: 1.44s
--> Batch: 449, Loss: 0.0891, Label: 18, Survival Months: 251.42, Risk: -17.9788
	--> Average Speed: 0.05s per batch
	--> Time from Last Check: 1.45s
--> Batch: 499, Loss: 0.0000, Label: 4, Survival Months: 35.17, Risk: -18.0449
	--> Average Speed: 0.04s per batch
	--> Time from Last Check: 1.40s
--> Batch: 549, Loss: 0.0001, Label: 3, Survival Months: 33.25, Risk: -17.9226
	--> Average Speed: 0.04s per batch
	--> Time from Last Check: 1.40s
[07/01/2025 - 02:12:04] - Epoch: 12, lr: 0.00010000, train_loss: 0.2182, train_c_index: 0.9553
[07/01/2025 - 02:12:05] - Epoch: 12, val_loss: 0.7216, val_c_index: 0.4333
[07/01/2025 - 02:12:05] - Time elapsed for epoch 12: 18s
[07/01/2025 - 02:12:05] - Epoch: 13
--> Batch: 49, Loss: 0.0000, Label: 0, Survival Months: 0.08, Risk: -17.4029
	--> Average Speed: 0.05s per batch
	--> Time from Last Check: 1.68s
--> Batch: 99, Loss: 1.1140, Label: 18, Survival Months: 211.17, Risk: -18.1219
	--> Average Speed: 0.04s per batch
	--> Time from Last Check: 1.42s
--> Batch: 149, Loss: 1.3176, Label: 12, Survival Months: 86.17, Risk: -11.2215
	--> Average Speed: 0.04s per batch
	--> Time from Last Check: 1.32s
--> Batch: 199, Loss: 0.0019, Label: 11, Survival Months: 71.50, Risk: -18.0105
	--> Average Speed: 0.04s per batch
	--> Time from Last Check: 1.36s
--> Batch: 249, Loss: 1.0671, Label: 18, Survival Months: 255.25, Risk: -17.9554
	--> Average Speed: 0.04s per batch
	--> Time from Last Check: 1.39s
--> Batch: 299, Loss: 0.0001, Label: 0, Survival Months: 2.83, Risk: -16.9696
	--> Average Speed: 0.05s per batch
	--> Time from Last Check: 1.50s
--> Batch: 349, Loss: 0.0032, Label: 13, Survival Months: 102.00, Risk: -17.8879
	--> Average Speed: 0.04s per batch
	--> Time from Last Check: 1.30s
--> Batch: 399, Loss: 0.0000, Label: 5, Survival Months: 37.25, Risk: -17.7681
	--> Average Speed: 0.04s per batch
	--> Time from Last Check: 1.44s
--> Batch: 449, Loss: 0.0000, Label: 6, Survival Months: 42.50, Risk: -18.1930
	--> Average Speed: 0.05s per batch
	--> Time from Last Check: 1.47s
--> Batch: 499, Loss: 0.0016, Label: 8, Survival Months: 47.83, Risk: -17.5041
	--> Average Speed: 0.05s per batch
	--> Time from Last Check: 1.44s
--> Batch: 549, Loss: 0.0027, Label: 10, Survival Months: 59.50, Risk: -17.2341
	--> Average Speed: 0.05s per batch
	--> Time from Last Check: 1.49s
[07/01/2025 - 02:12:23] - Epoch: 13, lr: 0.00010000, train_loss: 0.1993, train_c_index: 0.9607
[07/01/2025 - 02:12:24] - Epoch: 13, val_loss: 0.7537, val_c_index: 0.4002
[07/01/2025 - 02:12:24] - Time elapsed for epoch 13: 19s
[07/01/2025 - 02:12:24] - Epoch: 14
--> Batch: 49, Loss: 0.2698, Label: 19, Survival Months: 309.08, Risk: -16.8342
	--> Average Speed: 0.05s per batch
	--> Time from Last Check: 1.64s
--> Batch: 99, Loss: 0.0189, Label: 14, Survival Months: 121.92, Risk: -17.4460
	--> Average Speed: 0.05s per batch
	--> Time from Last Check: 1.48s
--> Batch: 149, Loss: 0.0000, Label: 0, Survival Months: 5.83, Risk: -17.2034
	--> Average Speed: 0.04s per batch
	--> Time from Last Check: 1.38s
--> Batch: 199, Loss: 0.0000, Label: 1, Survival Months: 17.92, Risk: -17.6344
	--> Average Speed: 0.05s per batch
	--> Time from Last Check: 1.44s
--> Batch: 249, Loss: 0.0026, Label: 11, Survival Months: 72.08, Risk: -17.2889
	--> Average Speed: 0.05s per batch
	--> Time from Last Check: 1.45s
--> Batch: 299, Loss: 0.2964, Label: 19, Survival Months: 431.33, Risk: -17.8791
	--> Average Speed: 0.04s per batch
	--> Time from Last Check: 1.40s
--> Batch: 349, Loss: 0.0000, Label: 4, Survival Months: 34.17, Risk: -17.9118
	--> Average Speed: 0.04s per batch
	--> Time from Last Check: 1.39s
--> Batch: 399, Loss: 0.0000, Label: 2, Survival Months: 26.25, Risk: -17.9122
	--> Average Speed: 0.04s per batch
	--> Time from Last Check: 1.44s
--> Batch: 449, Loss: 0.0000, Label: 1, Survival Months: 21.75, Risk: -18.1064
	--> Average Speed: 0.05s per batch
	--> Time from Last Check: 1.44s
--> Batch: 499, Loss: 0.2548, Label: 19, Survival Months: 410.75, Risk: -18.3236
	--> Average Speed: 0.04s per batch
	--> Time from Last Check: 1.43s
--> Batch: 549, Loss: 1.3075, Label: 10, Survival Months: 60.25, Risk: -8.3319
	--> Average Speed: 0.05s per batch
	--> Time from Last Check: 1.45s
[07/01/2025 - 02:12:41] - Epoch: 14, lr: 0.00010000, train_loss: 0.1986, train_c_index: 0.9487
[07/01/2025 - 02:12:43] - Epoch: 14, val_loss: 0.7440, val_c_index: 0.5031
[07/01/2025 - 02:12:43] - Time elapsed for epoch 14: 19s
[07/01/2025 - 02:12:43] - Epoch: 15
--> Batch: 49, Loss: 0.0025, Label: 13, Survival Months: 101.58, Risk: -18.5049
	--> Average Speed: 0.05s per batch
	--> Time from Last Check: 1.69s
--> Batch: 99, Loss: 2.1178, Label: 16, Survival Months: 149.42, Risk: -17.3653
	--> Average Speed: 0.05s per batch
	--> Time from Last Check: 1.46s
--> Batch: 149, Loss: 0.0000, Label: 5, Survival Months: 38.58, Risk: -17.5551
	--> Average Speed: 0.05s per batch
	--> Time from Last Check: 1.47s
--> Batch: 199, Loss: 0.0041, Label: 13, Survival Months: 102.00, Risk: -17.3980
	--> Average Speed: 0.04s per batch
	--> Time from Last Check: 1.41s
--> Batch: 249, Loss: 0.0000, Label: 4, Survival Months: 35.83, Risk: -17.5172
	--> Average Speed: 0.05s per batch
	--> Time from Last Check: 1.46s
--> Batch: 299, Loss: 0.0029, Label: 12, Survival Months: 85.42, Risk: -17.8728
	--> Average Speed: 0.04s per batch
	--> Time from Last Check: 1.40s
--> Batch: 349, Loss: 0.0321, Label: 16, Survival Months: 156.83, Risk: -17.8357
	--> Average Speed: 0.04s per batch
	--> Time from Last Check: 1.42s
--> Batch: 399, Loss: 0.0002, Label: 8, Survival Months: 49.17, Risk: -18.0509
	--> Average Speed: 0.04s per batch
	--> Time from Last Check: 1.37s
--> Batch: 449, Loss: 0.0319, Label: 17, Survival Months: 200.50, Risk: -17.9847
	--> Average Speed: 0.04s per batch
	--> Time from Last Check: 1.38s
--> Batch: 499, Loss: 0.0000, Label: 6, Survival Months: 41.33, Risk: -16.3805
	--> Average Speed: 0.04s per batch
	--> Time from Last Check: 1.39s
--> Batch: 549, Loss: 1.0874, Label: 18, Survival Months: 226.00, Risk: -18.3606
	--> Average Speed: 0.04s per batch
	--> Time from Last Check: 1.42s
[07/01/2025 - 02:13:00] - Epoch: 15, lr: 0.00010000, train_loss: 0.1762, train_c_index: 0.9673
[07/01/2025 - 02:13:01] - Epoch: 15, val_loss: 0.7742, val_c_index: 0.5121
[07/01/2025 - 02:13:01] - Time elapsed for epoch 15: 19s
[07/01/2025 - 02:13:01] - Epoch: 16
--> Batch: 49, Loss: 0.0002, Label: 4, Survival Months: 34.50, Risk: -16.5491
	--> Average Speed: 0.05s per batch
	--> Time from Last Check: 1.71s
--> Batch: 99, Loss: 0.0000, Label: 3, Survival Months: 32.92, Risk: -18.3882
	--> Average Speed: 0.05s per batch
	--> Time from Last Check: 1.46s
--> Batch: 149, Loss: 0.0001, Label: 8, Survival Months: 47.92, Risk: -18.3022
	--> Average Speed: 0.04s per batch
	--> Time from Last Check: 1.43s
--> Batch: 199, Loss: 0.8151, Label: 17, Survival Months: 205.75, Risk: -16.5217
	--> Average Speed: 0.05s per batch
	--> Time from Last Check: 1.44s
--> Batch: 249, Loss: 0.0001, Label: 2, Survival Months: 26.42, Risk: -15.7778
	--> Average Speed: 0.04s per batch
	--> Time from Last Check: 1.41s
--> Batch: 299, Loss: 0.0007, Label: 12, Survival Months: 85.50, Risk: -18.3062
	--> Average Speed: 0.04s per batch
	--> Time from Last Check: 1.38s
--> Batch: 349, Loss: 0.2921, Label: 19, Survival Months: 273.83, Risk: -17.1057
	--> Average Speed: 0.04s per batch
	--> Time from Last Check: 1.30s
--> Batch: 399, Loss: 0.0009, Label: 13, Survival Months: 95.08, Risk: -18.1832
	--> Average Speed: 0.04s per batch
	--> Time from Last Check: 1.44s
--> Batch: 449, Loss: 0.0004, Label: 11, Survival Months: 75.67, Risk: -18.6020
	--> Average Speed: 0.04s per batch
	--> Time from Last Check: 1.42s
--> Batch: 499, Loss: 0.1797, Label: 19, Survival Months: 346.58, Risk: -18.5473
	--> Average Speed: 0.04s per batch
	--> Time from Last Check: 1.39s
--> Batch: 549, Loss: 0.0000, Label: 4, Survival Months: 34.00, Risk: -18.6777
	--> Average Speed: 0.04s per batch
	--> Time from Last Check: 1.41s
[07/01/2025 - 02:13:19] - Epoch: 16, lr: 0.00010000, train_loss: 0.1752, train_c_index: 0.9577
[07/01/2025 - 02:13:20] - Epoch: 16, val_loss: 0.8451, val_c_index: 0.3429
[07/01/2025 - 02:13:20] - Time elapsed for epoch 16: 19s
[07/01/2025 - 02:13:20] - Epoch: 17
--> Batch: 49, Loss: 0.0014, Label: 13, Survival Months: 94.92, Risk: -18.0956
	--> Average Speed: 0.05s per batch
	--> Time from Last Check: 1.68s
--> Batch: 99, Loss: 0.0013, Label: 11, Survival Months: 77.58, Risk: -17.4360
	--> Average Speed: 0.04s per batch
	--> Time from Last Check: 1.39s
--> Batch: 149, Loss: 0.0173, Label: 14, Survival Months: 117.42, Risk: -17.6036
	--> Average Speed: 0.05s per batch
	--> Time from Last Check: 1.47s
--> Batch: 199, Loss: 0.0002, Label: 10, Survival Months: 59.42, Risk: -18.3996
	--> Average Speed: 0.05s per batch
	--> Time from Last Check: 1.45s
--> Batch: 249, Loss: 0.0001, Label: 9, Survival Months: 54.92, Risk: -18.2360
	--> Average Speed: 0.04s per batch
	--> Time from Last Check: 1.43s
--> Batch: 299, Loss: 0.0001, Label: 1, Survival Months: 14.83, Risk: -16.1173
	--> Average Speed: 0.05s per batch
	--> Time from Last Check: 1.47s
--> Batch: 349, Loss: 0.0002, Label: 9, Survival Months: 54.58, Risk: -18.0559
	--> Average Speed: 0.05s per batch
	--> Time from Last Check: 1.44s
--> Batch: 399, Loss: 0.1384, Label: 18, Survival Months: 207.17, Risk: -16.8021
	--> Average Speed: 0.04s per batch
	--> Time from Last Check: 1.41s
--> Batch: 449, Loss: 0.0000, Label: 0, Survival Months: 4.25, Risk: -18.3912
	--> Average Speed: 0.04s per batch
	--> Time from Last Check: 1.41s
--> Batch: 499, Loss: 0.0004, Label: 9, Survival Months: 51.83, Risk: -17.9292
	--> Average Speed: 0.04s per batch
	--> Time from Last Check: 1.42s
--> Batch: 549, Loss: 0.0532, Label: 18, Survival Months: 211.25, Risk: -18.5762
	--> Average Speed: 0.04s per batch
	--> Time from Last Check: 1.35s
[07/01/2025 - 02:13:38] - Epoch: 17, lr: 0.00010000, train_loss: 0.1474, train_c_index: 0.9696
[07/01/2025 - 02:13:39] - Epoch: 17, val_loss: 0.9040, val_c_index: 0.4360
[07/01/2025 - 02:13:39] - Time elapsed for epoch 17: 19s
[07/01/2025 - 02:13:39] - Epoch: 18
--> Batch: 49, Loss: 0.0004, Label: 10, Survival Months: 57.25, Risk: -17.9983
	--> Average Speed: 0.05s per batch
	--> Time from Last Check: 1.70s
--> Batch: 99, Loss: 0.0000, Label: 6, Survival Months: 40.67, Risk: -18.4832
	--> Average Speed: 0.04s per batch
	--> Time from Last Check: 1.40s
--> Batch: 149, Loss: 1.2956, Label: 16, Survival Months: 160.58, Risk: -16.4587
	--> Average Speed: 0.04s per batch
	--> Time from Last Check: 1.41s
--> Batch: 199, Loss: 0.0000, Label: 7, Survival Months: 47.08, Risk: -18.3226
	--> Average Speed: 0.04s per batch
	--> Time from Last Check: 1.44s
--> Batch: 249, Loss: 0.0001, Label: 8, Survival Months: 49.67, Risk: -18.2743
	--> Average Speed: 0.05s per batch
	--> Time from Last Check: 1.46s
--> Batch: 299, Loss: 0.0000, Label: 0, Survival Months: 0.83, Risk: -17.5777
	--> Average Speed: 0.05s per batch
	--> Time from Last Check: 1.51s
--> Batch: 349, Loss: 0.7022, Label: 10, Survival Months: 60.25, Risk: -9.3647
	--> Average Speed: 0.05s per batch
	--> Time from Last Check: 1.50s
--> Batch: 399, Loss: 0.0003, Label: 11, Survival Months: 73.17, Risk: -18.9081
	--> Average Speed: 0.04s per batch
	--> Time from Last Check: 1.40s
--> Batch: 449, Loss: 0.0003, Label: 13, Survival Months: 101.67, Risk: -18.6041
	--> Average Speed: 0.05s per batch
	--> Time from Last Check: 1.56s
--> Batch: 499, Loss: 0.0000, Label: 5, Survival Months: 38.58, Risk: -18.6609
	--> Average Speed: 0.04s per batch
	--> Time from Last Check: 1.37s
--> Batch: 549, Loss: 0.0014, Label: 11, Survival Months: 76.50, Risk: -17.8392
	--> Average Speed: 0.05s per batch
	--> Time from Last Check: 1.48s
[07/01/2025 - 02:13:57] - Epoch: 18, lr: 0.00010000, train_loss: 0.1256, train_c_index: 0.9772
[07/01/2025 - 02:13:58] - Epoch: 18, val_loss: 0.9871, val_c_index: 0.3805
[07/01/2025 - 02:13:58] - Time elapsed for epoch 18: 19s
[07/01/2025 - 02:13:58] - Epoch: 19
--> Batch: 49, Loss: 0.0009, Label: 14, Survival Months: 109.00, Risk: -18.0470
	--> Average Speed: 0.05s per batch
	--> Time from Last Check: 1.71s
--> Batch: 99, Loss: 0.0016, Label: 10, Survival Months: 59.50, Risk: -16.4262
	--> Average Speed: 0.05s per batch
	--> Time from Last Check: 1.48s
--> Batch: 149, Loss: 0.0000, Label: 2, Survival Months: 24.75, Risk: -15.9314
	--> Average Speed: 0.05s per batch
	--> Time from Last Check: 1.46s
--> Batch: 199, Loss: 0.7030, Label: 19, Survival Months: 288.42, Risk: -17.7338
	--> Average Speed: 0.05s per batch
	--> Time from Last Check: 1.44s
--> Batch: 249, Loss: 0.0000, Label: 8, Survival Months: 49.17, Risk: -18.3072
	--> Average Speed: 0.04s per batch
	--> Time from Last Check: 1.41s
--> Batch: 299, Loss: 0.0000, Label: 7, Survival Months: 45.08, Risk: -18.6602
	--> Average Speed: 0.05s per batch
	--> Time from Last Check: 1.45s
--> Batch: 349, Loss: 0.0000, Label: 4, Survival Months: 34.75, Risk: -18.8696
	--> Average Speed: 0.05s per batch
	--> Time from Last Check: 1.49s
--> Batch: 399, Loss: 0.0000, Label: 6, Survival Months: 40.67, Risk: -18.9774
	--> Average Speed: 0.05s per batch
	--> Time from Last Check: 1.45s
--> Batch: 449, Loss: 0.0049, Label: 16, Survival Months: 169.42, Risk: -19.0740
	--> Average Speed: 0.05s per batch
	--> Time from Last Check: 1.52s
--> Batch: 499, Loss: 0.0000, Label: 8, Survival Months: 51.67, Risk: -18.6683
	--> Average Speed: 0.05s per batch
	--> Time from Last Check: 1.47s
--> Batch: 549, Loss: 0.0000, Label: 5, Survival Months: 39.75, Risk: -19.2835
	--> Average Speed: 0.05s per batch
	--> Time from Last Check: 1.45s
[07/01/2025 - 02:14:16] - Epoch: 19, lr: 0.00010000, train_loss: 0.1067, train_c_index: 0.9802
[07/01/2025 - 02:14:17] - Epoch: 19, val_loss: 1.0056, val_c_index: 0.3375
[07/01/2025 - 02:14:17] - Time elapsed for epoch 19: 19s
[07/01/2025 - 02:14:17] - Epoch: 20
--> Batch: 49, Loss: 0.0000, Label: 1, Survival Months: 18.75, Risk: -18.8722
	--> Average Speed: 0.05s per batch
	--> Time from Last Check: 1.73s
--> Batch: 99, Loss: 0.0820, Label: 18, Survival Months: 215.83, Risk: -18.5099
	--> Average Speed: 0.04s per batch
	--> Time from Last Check: 1.42s
--> Batch: 149, Loss: 0.0000, Label: 0, Survival Months: 7.67, Risk: -17.0644
	--> Average Speed: 0.04s per batch
	--> Time from Last Check: 1.42s
--> Batch: 199, Loss: 2.6231, Label: 16, Survival Months: 160.58, Risk: -18.1091
	--> Average Speed: 0.05s per batch
	--> Time from Last Check: 1.47s
--> Batch: 249, Loss: 0.4351, Label: 17, Survival Months: 174.75, Risk: -15.8403
	--> Average Speed: 0.04s per batch
	--> Time from Last Check: 1.41s
--> Batch: 299, Loss: 0.0000, Label: 2, Survival Months: 28.92, Risk: -15.2952
	--> Average Speed: 0.05s per batch
	--> Time from Last Check: 1.51s
--> Batch: 349, Loss: 0.0000, Label: 5, Survival Months: 38.58, Risk: -18.3039
	--> Average Speed: 0.04s per batch
	--> Time from Last Check: 1.42s
--> Batch: 399, Loss: 0.0124, Label: 15, Survival Months: 134.25, Risk: -18.8044
	--> Average Speed: 0.04s per batch
	--> Time from Last Check: 1.44s
--> Batch: 449, Loss: 1.9666, Label: 14, Survival Months: 110.33, Risk: -16.0242
	--> Average Speed: 0.04s per batch
	--> Time from Last Check: 1.43s
--> Batch: 499, Loss: 0.3837, Label: 14, Survival Months: 119.92, Risk: -13.9342
	--> Average Speed: 0.04s per batch
	--> Time from Last Check: 1.42s
--> Batch: 549, Loss: 0.1674, Label: 19, Survival Months: 329.75, Risk: -18.7286
	--> Average Speed: 0.04s per batch
	--> Time from Last Check: 1.36s
[07/01/2025 - 02:14:35] - Epoch: 20, lr: 0.00010000, train_loss: 0.1190, train_c_index: 0.9649
--> Saving model into checkpoints/MCAT_TCGA-BRCA-GE-ME_E20_202501070214.pt
[07/01/2025 - 02:14:36] - Epoch: 20, val_loss: 1.0517, val_c_index: 0.3259
[07/01/2025 - 02:14:36] - Time elapsed for epoch 20: 19s

################# [07/01/2025 - 02:14:36] - Training completed #################

################# [07/01/2025 - 02:14:36] - Validation started #################
[07/01/2025 - 02:14:38] - Final Validation, val_loss: 1.0517, val_c_index: 0.3259
[07/01/2025 - 02:14:38] - Time elapsed for Validation: 1s

################ [07/01/2025 - 02:14:38] - Validation completed ################

################## [07/01/2025 - 02:14:41] - MCAT terminated ###################
