Environment conda activated
Job 2545302 started

################## [22/03/2025 - 11:02:35] - SurvPath started ##################
HOSTNAME: rezzonico

WANDB: setting up for report

CUDA: available
--> Device count: 1
--> Using device: Quadro RTX 5000
--> Running on CUDA

DATASET: Loading data
--> Gene Expression loaded
--> Methylation loaded
--> Remaining samples after removing incomplete: 588
--> Class intervals:  survival_months
[0, 12) --> High Risk       252
[12, 36) --> Medium Risk    150
[36, 60) --> Low Risk        94
[60, inf) --> No Risk        92
Name: count, dtype: int64
--> Standardizing RNA-seq data
--> Standardizing Methylation Islands columns from 0 to 10000
--> Standardizing Methylation Islands columns from 10000 to 20000
--> Standardizing Methylation Islands columns from 20000 to 30000
--> Standardizing Methylation Islands columns from 30000 to 40000
--> Standardizing Methylation Islands columns from 40000 to 49918
--> Processing Methylation Islands columns from 0 to 10000
--> Processing Methylation Islands columns from 10000 to 20000
--> Processing Methylation Islands columns from 20000 to 30000
--> Processing Methylation Islands columns from 30000 to 40000
--> Processing Methylation Islands columns from 40000 to 49918
--> RNA-seq loaded
--> Methylation loaded
--> 281 Gene Expression Signatures with sizes: [2, 5, 8, 3, 3, 1, 4, 4, 4, 3, 4, 9, 3, 2, 13, 1, 27, 11, 13, 17, 32, 4, 4, 5, 9, 14, 50, 6, 2, 2, 2, 2, 11, 29, 18, 10, 17, 11, 18, 63, 4, 6, 14, 10, 10, 12, 2, 9, 4, 3, 2, 9, 5, 2, 11, 20, 7, 2, 3, 3, 1, 17, 19, 12, 2, 4, 14, 1, 1, 13, 5, 4, 5, 2, 20, 4, 6, 10, 25, 1, 4, 25, 4, 14, 14, 4, 7, 10, 10, 10, 49, 1, 28, 1, 2, 9, 2, 10, 3, 44, 1, 1, 2, 2, 17, 17, 4, 2, 8, 8, 4, 64, 8, 17, 9, 9, 2, 3, 15, 3, 2, 9, 11, 14, 1, 4, 6, 19, 4, 1, 5, 3, 14, 2, 11, 2, 2, 10, 8, 10, 10, 13, 11, 6, 2, 2, 2, 3, 3, 3, 5, 5, 5, 5, 6, 3, 18, 10, 5, 2, 9, 1, 12, 14, 2, 1, 32, 8, 8, 16, 69, 2, 6, 5, 23, 23, 4, 2, 5, 3, 3, 3, 2, 4, 2, 3, 3, 7, 3, 19, 4, 1, 20, 3, 7, 6, 3, 9, 9, 11, 2, 5, 38, 21, 1, 4, 1, 15, 8, 6, 5, 2, 10, 14, 10, 6, 4, 4, 4, 3, 17, 3, 3, 4, 4, 5, 2, 10, 1, 10, 5, 5, 54, 5, 6, 6, 9, 13, 5, 4, 6, 6, 8, 2, 15, 7, 3, 8, 2, 3, 2, 7, 7, 6, 6, 7, 7, 6, 4, 8, 15, 10, 6, 18, 11, 4, 25, 25, 5, 2, 7, 15, 10, 6, 16, 24, 1, 28, 18, 5, 34]
--> 280 Methylation Signatures with sizes: [5, 5, 5, 5, 5, 5, 5, 5, 5, 5, 5, 5, 5, 5, 5, 5, 5, 5, 5, 5, 5, 5, 5, 5, 5, 5, 5, 5, 5, 5, 5, 5, 5, 5, 5, 5, 5, 5, 5, 5, 5, 5, 5, 5, 5, 5, 5, 5, 5, 5, 5, 5, 5, 5, 5, 5, 5, 5, 5, 5, 5, 5, 5, 5, 5, 5, 5, 5, 5, 5, 5, 5, 5, 5, 5, 5, 5, 5, 5, 5, 5, 5, 5, 5, 5, 5, 5, 5, 5, 5, 5, 5, 5, 5, 5, 5, 5, 5, 5, 5, 5, 5, 5, 5, 5, 5, 5, 5, 5, 5, 5, 5, 5, 5, 5, 5, 5, 5, 5, 5, 5, 5, 5, 5, 5, 5, 5, 5, 5, 5, 5, 5, 5, 5, 5, 5, 5, 5, 5, 5, 5, 5, 5, 5, 5, 5, 5, 5, 5, 5, 5, 5, 5, 5, 5, 5, 5, 5, 5, 5, 5, 5, 5, 5, 5, 5, 5, 5, 5, 5, 5, 5, 5, 5, 5, 5, 5, 5, 5, 5, 5, 5, 5, 5, 5, 5, 5, 5, 5, 5, 5, 5, 5, 5, 5, 5, 5, 5, 5, 5, 5, 5, 5, 5, 5, 5, 5, 5, 5, 5, 5, 5, 5, 5, 5, 5, 5, 5, 5, 5, 5, 5, 5, 5, 5, 5, 5, 5, 5, 5, 5, 5, 5, 5, 5, 5, 5, 5, 5, 5, 5, 5, 5, 5, 5, 5, 5, 5, 5, 5, 5, 5, 5, 5, 5, 5, 5, 5, 5, 5, 5, 5, 5, 5, 5, 5, 5, 5, 5, 5, 5, 5, 5, 5, 5, 5, 5, 5, 5, 5]
--> Using 80% training, 20% validation

#################### [22/03/2025 - 11:03:44] - Grid Search #####################

############# Cross Validation with Current Configuration started ##############
--> alpha: 0.215, dropout: 0.0, gamma: 0.95, lambda: 1e-06, lr: 1e-3, weight_decay: 0.0

###################### [22/03/2025 - 11:04:11] - Fold n°1 ######################

MODEL: SurvPath with Gene Expression & Methylation
--> Trainable parameters of SurvPath with Gene Expression & Methylation: 19431236
--> Loss function: CrossEntropySurvivalLoss
--> Optimizer: adamax

############ [22/03/2025 - 11:04:12] - Training started (Fold n°1) #############
[22/03/2025 - 11:04:12] - Epoch: 1
--> Batch: 49, Loss: 0.7386, Label: 2, Survival Months: 48.47, Risk: -2.0024
	--> Average Speed: 0.88s per batch
	--> Time from Last Check: 28.10s
--> Batch: 99, Loss: 2.0357, Label: 0, Survival Months: 5.53, Risk: -2.5768
	--> Average Speed: 0.80s per batch
	--> Time from Last Check: 25.49s
--> Batch: 149, Loss: 0.3513, Label: 2, Survival Months: 49.73, Risk: -2.7701
	--> Average Speed: 0.79s per batch
	--> Time from Last Check: 25.40s
--> Batch: 199, Loss: 0.1963, Label: 0, Survival Months: 8.60, Risk: -2.7431
	--> Average Speed: 0.80s per batch
	--> Time from Last Check: 25.71s
--> Batch: 249, Loss: 0.5290, Label: 3, Survival Months: 98.27, Risk: -2.7338
	--> Average Speed: 0.80s per batch
	--> Time from Last Check: 25.65s
--> Batch: 299, Loss: 2.3357, Label: 0, Survival Months: 10.23, Risk: -3.0409
	--> Average Speed: 0.82s per batch
	--> Time from Last Check: 26.08s
--> Batch: 349, Loss: 0.2654, Label: 2, Survival Months: 45.23, Risk: -3.1670
	--> Average Speed: 0.81s per batch
	--> Time from Last Check: 25.85s
--> Batch: 399, Loss: 0.1695, Label: 0, Survival Months: 3.60, Risk: -2.9113
	--> Average Speed: 0.80s per batch
	--> Time from Last Check: 25.70s
--> Batch: 449, Loss: 1.5487, Label: 1, Survival Months: 26.43, Risk: -2.8735
	--> Average Speed: 0.80s per batch
	--> Time from Last Check: 25.48s
[22/03/2025 - 11:08:16] - Epoch: 1, lr: 0.00100000, training_loss: 0.6018, training_c_index: 0.5579
[22/03/2025 - 11:08:46] - Epoch: 1, validation_loss: 0.6063, validation_c_index: 0.4536
--> New BEST Validation Score: 0.4276, validation_loss: 0.6063, validation_c_index: 0.4536, training_loss: 0.6018, training_c_index: 0.5579
--> Current BEST Score: 0.4276
	--> validation_loss: 0.6063
	--> validation_c_index: 0.4536
	--> training_loss: 0.6018
	--> training_c_index: 0.5579
[22/03/2025 - 11:08:46] - Time elapsed for epoch 1: 274s
[22/03/2025 - 11:08:46] - Epoch: 2
--> Batch: 49, Loss: 1.2449, Label: 1, Survival Months: 24.23, Risk: -2.5364
	--> Average Speed: 0.88s per batch
	--> Time from Last Check: 28.30s
--> Batch: 99, Loss: 0.1545, Label: 0, Survival Months: 8.60, Risk: -2.9164
	--> Average Speed: 0.83s per batch
	--> Time from Last Check: 26.55s
--> Batch: 149, Loss: 0.4040, Label: 3, Survival Months: 82.97, Risk: -2.9884
	--> Average Speed: 0.81s per batch
	--> Time from Last Check: 26.02s
--> Batch: 199, Loss: 0.4527, Label: 3, Survival Months: 85.10, Risk: -2.8265
	--> Average Speed: 0.84s per batch
	--> Time from Last Check: 27.04s
--> Batch: 249, Loss: 0.2897, Label: 2, Survival Months: 50.67, Risk: -3.0649
	--> Average Speed: 0.85s per batch
	--> Time from Last Check: 27.18s
--> Batch: 299, Loss: 0.3575, Label: 3, Survival Months: 80.97, Risk: -3.1735
	--> Average Speed: 0.82s per batch
	--> Time from Last Check: 26.22s
--> Batch: 349, Loss: 0.2543, Label: 1, Survival Months: 19.27, Risk: -3.0309
	--> Average Speed: 0.84s per batch
	--> Time from Last Check: 26.82s
--> Batch: 399, Loss: 0.3469, Label: 1, Survival Months: 28.17, Risk: -2.7561
	--> Average Speed: 0.80s per batch
	--> Time from Last Check: 25.54s
--> Batch: 449, Loss: 0.4002, Label: 3, Survival Months: 66.93, Risk: -3.0119
	--> Average Speed: 0.81s per batch
	--> Time from Last Check: 25.81s
[22/03/2025 - 11:12:56] - Epoch: 2, lr: 0.00095000, training_loss: 0.5678, training_c_index: 0.5730
[22/03/2025 - 11:13:27] - Epoch: 2, validation_loss: 0.6425, validation_c_index: 0.4352
--> Score: 0.4008. No improvement in validation_loss or validation_c_index for 1 epoch(s)
--> Current BEST Score: 0.4276
	--> validation_loss: 0.6063
	--> validation_c_index: 0.4536
	--> training_loss: 0.6018
	--> training_c_index: 0.5579
[22/03/2025 - 11:13:27] - Time elapsed for epoch 2: 280s
[22/03/2025 - 11:13:27] - Epoch: 3
--> Batch: 49, Loss: 0.1524, Label: 0, Survival Months: 0.77, Risk: -3.1257
	--> Average Speed: 0.93s per batch
	--> Time from Last Check: 29.92s
--> Batch: 99, Loss: 0.3135, Label: 2, Survival Months: 52.83, Risk: -3.0217
	--> Average Speed: 0.81s per batch
	--> Time from Last Check: 26.07s
--> Batch: 149, Loss: 0.4130, Label: 1, Survival Months: 35.33, Risk: -2.5392
	--> Average Speed: 0.83s per batch
	--> Time from Last Check: 26.41s
--> Batch: 199, Loss: 0.2890, Label: 2, Survival Months: 50.67, Risk: -3.1018
	--> Average Speed: 0.82s per batch
	--> Time from Last Check: 26.12s
--> Batch: 249, Loss: 0.1781, Label: 0, Survival Months: 0.10, Risk: -2.9520
	--> Average Speed: 0.82s per batch
	--> Time from Last Check: 26.29s
--> Batch: 299, Loss: 0.1578, Label: 0, Survival Months: 2.20, Risk: -3.0702
	--> Average Speed: 0.82s per batch
	--> Time from Last Check: 26.32s
--> Batch: 349, Loss: 0.1389, Label: 0, Survival Months: 4.93, Risk: -3.1528
	--> Average Speed: 0.83s per batch
	--> Time from Last Check: 26.55s
--> Batch: 399, Loss: 0.2071, Label: 1, Survival Months: 14.83, Risk: -3.1873
	--> Average Speed: 0.82s per batch
	--> Time from Last Check: 26.26s
--> Batch: 449, Loss: 2.0037, Label: 0, Survival Months: 7.47, Risk: -3.0107
	--> Average Speed: 0.82s per batch
	--> Time from Last Check: 26.12s
[22/03/2025 - 11:17:38] - Epoch: 3, lr: 0.00090250, training_loss: 0.5500, training_c_index: 0.5981
[22/03/2025 - 11:18:13] - Epoch: 3, validation_loss: 0.6555, validation_c_index: 0.4227
--> Score: 0.3789. No improvement in validation_loss or validation_c_index for 2 epoch(s)
--> Current BEST Score: 0.4276
	--> validation_loss: 0.6063
	--> validation_c_index: 0.4536
	--> training_loss: 0.6018
	--> training_c_index: 0.5579
[22/03/2025 - 11:18:13] - Time elapsed for epoch 3: 287s
[22/03/2025 - 11:18:13] - Epoch: 4
--> Batch: 49, Loss: 0.2341, Label: 2, Survival Months: 49.83, Risk: -3.2886
	--> Average Speed: 0.93s per batch
	--> Time from Last Check: 29.82s
--> Batch: 99, Loss: 0.1251, Label: 0, Survival Months: 0.00, Risk: -3.3205
	--> Average Speed: 0.84s per batch
	--> Time from Last Check: 26.84s
--> Batch: 149, Loss: 0.5921, Label: 1, Survival Months: 15.93, Risk: -1.3078
	--> Average Speed: 0.84s per batch
	--> Time from Last Check: 26.87s
--> Batch: 199, Loss: 0.2101, Label: 1, Survival Months: 35.13, Risk: -3.2485
	--> Average Speed: 0.87s per batch
	--> Time from Last Check: 27.79s
--> Batch: 249, Loss: 0.1232, Label: 0, Survival Months: 11.77, Risk: -3.2979
	--> Average Speed: 0.83s per batch
	--> Time from Last Check: 26.41s
--> Batch: 299, Loss: 0.1687, Label: 0, Survival Months: 0.07, Risk: -2.8347
	--> Average Speed: 0.81s per batch
	--> Time from Last Check: 25.79s
--> Batch: 349, Loss: 0.2265, Label: 2, Survival Months: 50.50, Risk: -3.3330
	--> Average Speed: 0.81s per batch
	--> Time from Last Check: 26.04s
--> Batch: 399, Loss: 0.1381, Label: 0, Survival Months: 0.00, Risk: -3.1330
	--> Average Speed: 0.80s per batch
	--> Time from Last Check: 25.70s
--> Batch: 449, Loss: 1.1473, Label: 2, Survival Months: 51.90, Risk: -2.3874
	--> Average Speed: 0.84s per batch
	--> Time from Last Check: 26.89s
[22/03/2025 - 11:22:27] - Epoch: 4, lr: 0.00085737, training_loss: 0.5463, training_c_index: 0.6279
[22/03/2025 - 11:22:59] - Epoch: 4, validation_loss: 0.6646, validation_c_index: 0.3984
--> Score: 0.3410. No improvement in validation_loss or validation_c_index for 3 epoch(s)
--> Current BEST Score: 0.4276
	--> validation_loss: 0.6063
	--> validation_c_index: 0.4536
	--> training_loss: 0.6018
	--> training_c_index: 0.5579
[22/03/2025 - 11:23:00] - Time elapsed for epoch 4: 286s
[22/03/2025 - 11:23:00] - Epoch: 5
--> Batch: 49, Loss: 0.2885, Label: 0, Survival Months: 6.90, Risk: -2.3476
	--> Average Speed: 0.95s per batch
	--> Time from Last Check: 30.41s
--> Batch: 99, Loss: 0.3650, Label: 3, Survival Months: 74.27, Risk: -2.9808
	--> Average Speed: 0.84s per batch
	--> Time from Last Check: 26.90s
--> Batch: 149, Loss: 0.1381, Label: 0, Survival Months: 1.20, Risk: -3.2685
	--> Average Speed: 0.87s per batch
	--> Time from Last Check: 27.79s
--> Batch: 199, Loss: 0.1276, Label: 0, Survival Months: 0.00, Risk: -3.3350
	--> Average Speed: 0.85s per batch
	--> Time from Last Check: 27.33s
--> Batch: 249, Loss: 0.1621, Label: 1, Survival Months: 35.67, Risk: -3.3933
	--> Average Speed: 0.88s per batch
	--> Time from Last Check: 28.15s
--> Batch: 299, Loss: 0.1962, Label: 2, Survival Months: 37.77, Risk: -3.4417
	--> Average Speed: 0.84s per batch
	--> Time from Last Check: 26.89s
--> Batch: 349, Loss: 0.5657, Label: 0, Survival Months: 0.00, Risk: -1.2734
	--> Average Speed: 0.85s per batch
	--> Time from Last Check: 27.33s
--> Batch: 399, Loss: 0.1708, Label: 1, Survival Months: 12.90, Risk: -3.3545
	--> Average Speed: 0.83s per batch
	--> Time from Last Check: 26.56s
--> Batch: 449, Loss: 0.1637, Label: 0, Survival Months: 0.87, Risk: -3.0151
	--> Average Speed: 0.83s per batch
	--> Time from Last Check: 26.71s
[22/03/2025 - 11:27:19] - Epoch: 5, lr: 0.00081451, training_loss: 0.5305, training_c_index: 0.6480
[22/03/2025 - 11:27:51] - Epoch: 5, validation_loss: 0.6769, validation_c_index: 0.3853
--> Score: 0.3196. No improvement in validation_loss or validation_c_index for 4 epoch(s)
--> Current BEST Score: 0.4276
	--> validation_loss: 0.6063
	--> validation_c_index: 0.4536
	--> training_loss: 0.6018
	--> training_c_index: 0.5579
[22/03/2025 - 11:27:52] - Time elapsed for epoch 5: 292s
[22/03/2025 - 11:27:52] - Epoch: 6
--> Batch: 49, Loss: 0.3453, Label: 3, Survival Months: 111.17, Risk: -3.0799
	--> Average Speed: 0.98s per batch
	--> Time from Last Check: 31.45s
--> Batch: 99, Loss: 1.9325, Label: 2, Survival Months: 41.00, Risk: -3.3311
	--> Average Speed: 0.87s per batch
	--> Time from Last Check: 27.91s
--> Batch: 149, Loss: 1.2384, Label: 2, Survival Months: 52.80, Risk: -2.6071
	--> Average Speed: 0.83s per batch
	--> Time from Last Check: 26.42s
--> Batch: 199, Loss: 0.3010, Label: 3, Survival Months: 93.30, Risk: -3.2124
	--> Average Speed: 0.84s per batch
	--> Time from Last Check: 26.90s
--> Batch: 249, Loss: 1.4561, Label: 1, Survival Months: 15.13, Risk: -2.8127
	--> Average Speed: 0.83s per batch
	--> Time from Last Check: 26.70s
--> Batch: 299, Loss: 0.2565, Label: 1, Survival Months: 13.97, Risk: -3.0357
	--> Average Speed: 0.83s per batch
	--> Time from Last Check: 26.69s
--> Batch: 349, Loss: 0.3009, Label: 3, Survival Months: 81.03, Risk: -3.1816
	--> Average Speed: 0.82s per batch
	--> Time from Last Check: 26.27s
--> Batch: 399, Loss: 0.1530, Label: 0, Survival Months: 0.00, Risk: -3.1912
	--> Average Speed: 0.83s per batch
	--> Time from Last Check: 26.47s
--> Batch: 449, Loss: 0.1307, Label: 0, Survival Months: 10.17, Risk: -3.3357
	--> Average Speed: 0.81s per batch
	--> Time from Last Check: 25.85s
[22/03/2025 - 11:32:09] - Epoch: 6, lr: 0.00077378, training_loss: 0.5112, training_c_index: 0.7005
[22/03/2025 - 11:32:40] - Epoch: 6, validation_loss: 0.6869, validation_c_index: 0.3504
--> Score: 0.2629. No improvement in validation_loss or validation_c_index for 5 epoch(s)
--> Current BEST Score: 0.4276
	--> validation_loss: 0.6063
	--> validation_c_index: 0.4536
	--> training_loss: 0.6018
	--> training_c_index: 0.5579
[22/03/2025 - 11:32:40] - Time elapsed for epoch 6: 289s
[22/03/2025 - 11:32:40] - Epoch: 7
--> Batch: 49, Loss: 0.2235, Label: 3, Survival Months: 62.17, Risk: -3.4162
	--> Average Speed: 0.97s per batch
	--> Time from Last Check: 30.92s
--> Batch: 99, Loss: 2.3188, Label: 0, Survival Months: 10.37, Risk: -3.3285
	--> Average Speed: 0.85s per batch
	--> Time from Last Check: 27.24s
--> Batch: 149, Loss: 0.1928, Label: 3, Survival Months: 77.50, Risk: -3.5236
	--> Average Speed: 0.82s per batch
	--> Time from Last Check: 26.26s
--> Batch: 199, Loss: 0.1325, Label: 0, Survival Months: 6.87, Risk: -3.3528
	--> Average Speed: 0.78s per batch
	--> Time from Last Check: 25.05s
--> Batch: 249, Loss: 0.1150, Label: 0, Survival Months: 0.10, Risk: -3.3999
	--> Average Speed: 0.83s per batch
	--> Time from Last Check: 26.69s
--> Batch: 299, Loss: 0.3393, Label: 2, Survival Months: 45.90, Risk: -2.9830
	--> Average Speed: 0.86s per batch
	--> Time from Last Check: 27.39s
--> Batch: 349, Loss: 0.1025, Label: 0, Survival Months: 10.17, Risk: -3.5047
	--> Average Speed: 0.84s per batch
	--> Time from Last Check: 26.87s
--> Batch: 399, Loss: 0.3369, Label: 0, Survival Months: 7.87, Risk: -1.8702
	--> Average Speed: 0.85s per batch
	--> Time from Last Check: 27.35s
--> Batch: 449, Loss: 0.2580, Label: 2, Survival Months: 50.67, Risk: -3.2333
	--> Average Speed: 0.82s per batch
	--> Time from Last Check: 26.26s
[22/03/2025 - 11:36:56] - Epoch: 7, lr: 0.00073509, training_loss: 0.4898, training_c_index: 0.7031
[22/03/2025 - 11:37:28] - Epoch: 7, validation_loss: 0.6867, validation_c_index: 0.3780
--> Score: 0.2968. No improvement in validation_loss or validation_c_index for 6 epoch(s)
--> Current BEST Score: 0.4276
	--> validation_loss: 0.6063
	--> validation_c_index: 0.4536
	--> training_loss: 0.6018
	--> training_c_index: 0.5579
[22/03/2025 - 11:37:28] - Time elapsed for epoch 7: 287s
[22/03/2025 - 11:37:28] - Epoch: 8
